Cloning into 'repo'...
Installing packages into '/cache/r-lib-0'
(as 'lib' is unspecified)
also installing the dependencies 'pkgbuild', 'diffobj', 'later', 'brio', 'desc', 'pkgload', 'praise', 'waldo'

trying URL 'https://packagemanager.posit.co/cran/latest/src/contrib/pkgbuild_1.4.8.tar.gz'
trying URL 'https://packagemanager.posit.co/cran/latest/src/contrib/diffobj_0.3.6.tar.gz'
trying URL 'https://packagemanager.posit.co/cran/latest/src/contrib/later_1.4.8.tar.gz'
trying URL 'https://packagemanager.posit.co/cran/latest/src/contrib/brio_1.1.5.tar.gz'
trying URL 'https://packagemanager.posit.co/cran/latest/src/contrib/desc_1.4.3.tar.gz'
trying URL 'https://packagemanager.posit.co/cran/latest/src/contrib/pkgload_1.5.3.tar.gz'
trying URL 'https://packagemanager.posit.co/cran/latest/src/contrib/praise_1.0.0.tar.gz'
trying URL 'https://packagemanager.posit.co/cran/latest/src/contrib/waldo_0.6.2.tar.gz'
trying URL 'https://packagemanager.posit.co/cran/latest/src/contrib/quarto_1.5.1.tar.gz'
trying URL 'https://packagemanager.posit.co/cran/latest/src/contrib/testthat_3.3.2.tar.gz'
* installing *source* package 'diffobj' ...
** this is package 'diffobj' version '0.3.6'
** package 'diffobj' successfully unpacked and MD5 sums checked
** using staged installation
** libs
using C compiler: 'gcc (Ubuntu 13.3.0-6ubuntu2~24.04.1) 13.3.0'
installing to /cache/r-lib-0/00LOCK-diffobj/00new/diffobj/libs
** R
** inst
** byte-compile and prepare package for lazy loading
** help
*** installing help indices
** building package indices
** installing vignettes
** testing if installed package can be loaded from temporary location
** checking absolute paths in shared objects and dynamic libraries
** testing if installed package can be loaded from final location
** testing if installed package keeps a record of temporary installation path
* DONE (diffobj)
* installing *source* package 'later' ...
** this is package 'later' version '1.4.8'
** package 'later' successfully unpacked and MD5 sums checked
** using staged installation
** libs
using C compiler: 'gcc (Ubuntu 13.3.0-6ubuntu2~24.04.1) 13.3.0'
using C++ compiler: 'g++ (Ubuntu 13.3.0-6ubuntu2~24.04.1) 13.3.0'
installing to /cache/r-lib-0/00LOCK-later/00new/later/libs
** R
** inst
** byte-compile and prepare package for lazy loading
** help
*** installing help indices
** building package indices
** installing vignettes
** testing if installed package can be loaded from temporary location
** checking absolute paths in shared objects and dynamic libraries
** testing if installed package can be loaded from final location
** testing if installed package keeps a record of temporary installation path
* DONE (later)
* installing *source* package 'brio' ...
** this is package 'brio' version '1.1.5'
** package 'brio' successfully unpacked and MD5 sums checked
** using staged installation
** libs
using C compiler: 'gcc (Ubuntu 13.3.0-6ubuntu2~24.04.1) 13.3.0'
installing to /cache/r-lib-0/00LOCK-brio/00new/brio/libs
** R
** byte-compile and prepare package for lazy loading
** help
*** installing help indices
** building package indices
** testing if installed package can be loaded from temporary location
** checking absolute paths in shared objects and dynamic libraries
** testing if installed package can be loaded from final location
** testing if installed package keeps a record of temporary installation path
* DONE (brio)
* installing *source* package 'desc' ...
** this is package 'desc' version '1.4.3'
** package 'desc' successfully unpacked and MD5 sums checked
** using staged installation
** R
** inst
** byte-compile and prepare package for lazy loading
** help
*** installing help indices
** building package indices
** testing if installed package can be loaded from temporary location
** testing if installed package can be loaded from final location
** testing if installed package keeps a record of temporary installation path
* DONE (desc)
* installing *source* package 'praise' ...
** this is package 'praise' version '1.0.0'
** package 'praise' successfully unpacked and MD5 sums checked
** using staged installation
** R
** inst
** byte-compile and prepare package for lazy loading
** help
*** installing help indices
** building package indices
** testing if installed package can be loaded from temporary location
** testing if installed package can be loaded from final location
** testing if installed package keeps a record of temporary installation path
* DONE (praise)
* installing *source* package 'pkgbuild' ...
** this is package 'pkgbuild' version '1.4.8'
** package 'pkgbuild' successfully unpacked and MD5 sums checked
** using staged installation
** R
** byte-compile and prepare package for lazy loading
** help
*** installing help indices
** building package indices
** testing if installed package can be loaded from temporary location
** testing if installed package can be loaded from final location
** testing if installed package keeps a record of temporary installation path
* DONE (pkgbuild)
* installing *source* package 'waldo' ...
** this is package 'waldo' version '0.6.2'
** package 'waldo' successfully unpacked and MD5 sums checked
** using staged installation
** R
** byte-compile and prepare package for lazy loading
** help
*** installing help indices
*** copying figures
** building package indices
** testing if installed package can be loaded from temporary location
** testing if installed package can be loaded from final location
** testing if installed package keeps a record of temporary installation path
* DONE (waldo)
* installing *source* package 'quarto' ...
** this is package 'quarto' version '1.5.1'
** package 'quarto' successfully unpacked and MD5 sums checked
** using staged installation
** R
** inst
** byte-compile and prepare package for lazy loading
** help
*** installing help indices
*** copying figures
** building package indices
** installing vignettes
** testing if installed package can be loaded from temporary location
** testing if installed package can be loaded from final location
** testing if installed package keeps a record of temporary installation path
* DONE (quarto)
* installing *source* package 'pkgload' ...
** this is package 'pkgload' version '1.5.3'
** package 'pkgload' successfully unpacked and MD5 sums checked
** using staged installation
** R
** inst
** byte-compile and prepare package for lazy loading
** help
*** installing help indices
** building package indices
** testing if installed package can be loaded from temporary location
** testing if installed package can be loaded from final location
** testing if installed package keeps a record of temporary installation path
* DONE (pkgload)
* installing *source* package 'testthat' ...
** this is package 'testthat' version '3.3.2'
** package 'testthat' successfully unpacked and MD5 sums checked
** using staged installation
** libs
using C compiler: 'gcc (Ubuntu 13.3.0-6ubuntu2~24.04.1) 13.3.0'
using C++ compiler: 'g++ (Ubuntu 13.3.0-6ubuntu2~24.04.1) 13.3.0'
installing to /cache/r-lib-0/00LOCK-testthat/00new/testthat/libs
** R
** inst
** byte-compile and prepare package for lazy loading
** help
*** installing help indices
*** copying figures
** building package indices
** installing vignettes
** testing if installed package can be loaded from temporary location
** checking absolute paths in shared objects and dynamic libraries
** testing if installed package can be loaded from final location
** testing if installed package keeps a record of temporary installation path
* DONE (testthat)

The downloaded source packages are in
	'/tmp/RtmpeJiSqi/downloaded_packages'
ERROR: Unable to read the extension 'wordcount'.
Please ensure that you provided the correct id and that the extension is installed.

Stack trace:
    at loadExtension (file:///opt/quarto/bin/quarto.js:79412:15)
    at Object.extension (file:///opt/quarto/bin/quarto.js:78618:30)
    at readExtensionFormat (file:///opt/quarto/bin/quarto.js:91414:50)
    at resolveFormats (file:///opt/quarto/bin/quarto.js:91273:37)
    at async renderContexts (file:///opt/quarto/bin/quarto.js:91063:20)
    at async renderFileInternal (file:///opt/quarto/bin/quarto.js:136916:16)
    at async renderFiles (file:///opt/quarto/bin/quarto.js:136833:9)
    at async render (file:///opt/quarto/bin/quarto.js:142487:19)
    at async _Command.actionHandler (file:///opt/quarto/bin/quarto.js:142732:24)
    at async _Command.execute (file:///opt/quarto/bin/quarto.js:102143:7)
    at async _Command.parseCommand (file:///opt/quarto/bin/quarto.js:102020:14)
    at async quarto4 (file:///opt/quarto/bin/quarto.js:188102:5)
    at async file:///opt/quarto/bin/quarto.js:188131:5
    at async file:///opt/quarto/bin/quarto.js:187985:14
    at async mainRunner (file:///opt/quarto/bin/quarto.js:187987:5)
    at async file:///opt/quarto/bin/quarto.js:188124:3
Render failed, retrying once...
ERROR: Unable to read the extension 'wordcount'.
Please ensure that you provided the correct id and that the extension is installed.

Stack trace:
    at loadExtension (file:///opt/quarto/bin/quarto.js:79412:15)
    at Object.extension (file:///opt/quarto/bin/quarto.js:78618:30)
    at readExtensionFormat (file:///opt/quarto/bin/quarto.js:91414:50)
    at resolveFormats (file:///opt/quarto/bin/quarto.js:91273:37)
    at async renderContexts (file:///opt/quarto/bin/quarto.js:91063:20)
    at async renderFileInternal (file:///opt/quarto/bin/quarto.js:136916:16)
    at async renderFiles (file:///opt/quarto/bin/quarto.js:136833:9)
    at async render (file:///opt/quarto/bin/quarto.js:142487:19)
    at async _Command.actionHandler (file:///opt/quarto/bin/quarto.js:142732:24)
    at async _Command.execute (file:///opt/quarto/bin/quarto.js:102143:7)
    at async _Command.parseCommand (file:///opt/quarto/bin/quarto.js:102020:14)
    at async quarto4 (file:///opt/quarto/bin/quarto.js:188102:5)
    at async file:///opt/quarto/bin/quarto.js:188131:5
    at async file:///opt/quarto/bin/quarto.js:187985:14
    at async mainRunner (file:///opt/quarto/bin/quarto.js:187987:5)
    at async file:///opt/quarto/bin/quarto.js:188124:3
