pandoc 

  to: html
  output-file: example.html
  standalone: true
  embed-resources: true
  self-contained: true
  section-divs: true
  html-math-method: mathjax
  wrap: none
  default-image-extension: png
  toc: true
  syntax-definitions:
    - _extensions/sebastiandelbano/musify/resources/syntax/abc2.xml
  variables: {}
  

metadata

  document-css: false
  link-citations: true
  date-format: long
  lang: en
  engines:
    - path: /opt/quarto/share/extension-subtrees/julia-engine/_extensions/julia-engine/julia-engine.js
  title: '{{< musify icon >}} Musify'
  toc-location: left
  favicon: resources/images/favicon.png
  copyright:
    text: © 2026, Sebastian del Bano Rollin
  theme:
    dark: darkly
    light: flatly
  


============================================================
MUSIFY EXTENSION: MISSING DEPENDENCIES
============================================================

The following required tools were not found in your PATH:
  - abc2svg (path: abcnode)
  - abc2midi (path: abc2midi)
  - fluidsynth (path: fluidsynth)
  - ffmpeg (path: ffmpeg)

Please install them using your package manager (brew, apt, npm, etc.).
  Note: abc2svg can be installed via 'npm install -g abc2svg'

The required SoundFont file was not found:
  Path: /home/runner/work/quarto-extensions/quarto-extensions/test-11/.local/share/soundfonts/timbresOfHeaven4.00.sf2

Please download 'Timbres of Heaven 4.00' and place it at this location.
============================================================


2026-07-15 14:54:33,340 - INFO - Logging initialized. Log file: output/log/abc.log

2026-07-15 14:54:33,340 - INFO - [run_abc.py:77]: Resolving image directory. arg_value=cache/images
2026-07-15 14:54:33,340 - INFO - [run_abc.py:78]: Resolving audio directory. arg_value=cache/audio
2026-07-15 14:54:33,340 - INFO - [run_abc.py:84]: Target file name base: CMajorScale
2026-07-15 14:54:33,340 - INFO - --- IMAGE GENERATION START (Renderer: abc2svg) ---

2026-07-15 14:54:33,340 - INFO - File cache/images/CMajorScale.svg missing. Generation needed.

2026-07-15 14:54:33,341 - INFO - Executing abc2svg: abcnode tosvg.js --pagewidth 25.2cm --vocalfont "sans-serif 11" --stretchlast 1 --scale 1.0 --leftmargin 0 --rightmargin 0 --topmargin 0 --botmargin 0 --musicfont Bravura cache/images/CMajorScale.abc

2026-07-15 14:54:33,342 - ERROR - abc2svg failed: Command 'abcnode tosvg.js --pagewidth 25.2cm --vocalfont "sans-serif 11" --stretchlast 1 --scale 1.0 --leftmargin 0 --rightmargin 0 --topmargin 0 --botmargin 0 --musicfont Bravura cache/images/CMajorScale.abc' returned non-zero exit status 127.

2026-07-15 14:54:33,343 - INFO - SVGO not found; skipping optional optimization.

2026-07-15 14:54:33,343 - INFO - Preparing SVG for seamless HTML embedding

2026-07-15 14:54:33,343 - INFO - --- AUDIO GENERATION START ---

2026-07-15 14:54:33,343 - INFO - File cache/audio/CMajorScale.webm missing. Generation needed.

2026-07-15 14:54:33,343 - INFO - [run_abc.py:240]: Executing abc2midi: abc2midi cache/audio/CMajorScale.abc -o cache/audio/CMajorScale.mid

2026-07-15 14:54:33,344 - ERROR - Executable for 'abc2midi' (abc2midi) not found. Is it installed?

2026-07-15 14:54:33,344 - INFO - Using SoundFont: /home/runner/work/quarto-extensions/quarto-extensions/test-11/.local/share/soundfonts/timbresOfHeaven4.00.sf2

2026-07-15 14:54:33,344 - INFO - [run_abc.py:251]: Executing fluidsynth: fluidsynth -n -i -F cache/audio/CMajorScale.wav /home/runner/work/quarto-extensions/quarto-extensions/test-11/.local/share/soundfonts/timbresOfHeaven4.00.sf2 cache/audio/CMajorScale.mid

2026-07-15 14:54:33,345 - ERROR - Executable for 'fluidsynth' (fluidsynth) not found. Is it installed?

2026-07-15 14:54:33,345 - INFO - [run_abc.py:256]: Executing ffmpeg: ffmpeg -y -i cache/audio/CMajorScale.wav -c:a libopus -b:a 64k cache/audio/CMajorScale.webm

2026-07-15 14:54:33,345 - ERROR - Executable for 'ffmpeg' (ffmpeg) not found. Is it installed?

2026-07-15 14:54:33,420 - INFO - Logging initialized. Log file: output/log/abc.log

2026-07-15 14:54:33,421 - INFO - [run_abc.py:77]: Resolving image directory. arg_value=cache/images
2026-07-15 14:54:33,421 - INFO - [run_abc.py:78]: Resolving audio directory. arg_value=cache/audio

2026-07-15 14:54:33,421 - INFO - [run_abc.py:84]: Target file name base: breton
2026-07-15 14:54:33,421 - INFO - --- IMAGE GENERATION START (Renderer: abc2svg) ---

2026-07-15 14:54:33,421 - INFO - File cache/images/breton.svg missing. Generation needed.

2026-07-15 14:54:33,421 - INFO - Executing abc2svg: abcnode tosvg.js --pagewidth 25.2cm --vocalfont "sans-serif 11" --stretchlast 1 --scale 1.0 --leftmargin 0 --rightmargin 0 --topmargin 0 --botmargin 0 --musicfont Bravura cache/images/breton.abc

2026-07-15 14:54:33,423 - ERROR - abc2svg failed: Command 'abcnode tosvg.js --pagewidth 25.2cm --vocalfont "sans-serif 11" --stretchlast 1 --scale 1.0 --leftmargin 0 --rightmargin 0 --topmargin 0 --botmargin 0 --musicfont Bravura cache/images/breton.abc' returned non-zero exit status 127.

2026-07-15 14:54:33,423 - INFO - SVGO not found; skipping optional optimization.

2026-07-15 14:54:33,423 - INFO - Preparing SVG for seamless HTML embedding

2026-07-15 14:54:33,423 - INFO - --- AUDIO GENERATION START ---

2026-07-15 14:54:33,423 - INFO - File cache/audio/breton.webm missing. Generation needed.

2026-07-15 14:54:33,423 - INFO - [run_abc.py:240]: Executing abc2midi: abc2midi cache/audio/breton.abc -o cache/audio/breton.mid

2026-07-15 14:54:33,424 - ERROR - Executable for 'abc2midi' (abc2midi) not found. Is it installed?

2026-07-15 14:54:33,424 - INFO - Using SoundFont: /home/runner/work/quarto-extensions/quarto-extensions/test-11/.local/share/soundfonts/timbresOfHeaven4.00.sf2

2026-07-15 14:54:33,424 - INFO - [run_abc.py:251]: Executing fluidsynth: fluidsynth -n -i -F cache/audio/breton.wav /home/runner/work/quarto-extensions/quarto-extensions/test-11/.local/share/soundfonts/timbresOfHeaven4.00.sf2 cache/audio/breton.mid

2026-07-15 14:54:33,425 - ERROR - Executable for 'fluidsynth' (fluidsynth) not found. Is it installed?

2026-07-15 14:54:33,425 - INFO - [run_abc.py:256]: Executing ffmpeg: ffmpeg -y -i cache/audio/breton.wav -c:a libopus -b:a 64k cache/audio/breton.webm

2026-07-15 14:54:33,425 - ERROR - Executable for 'ffmpeg' (ffmpeg) not found. Is it installed?

2026-07-15 14:54:33,500 - INFO - Logging initialized. Log file: output/log/abc.log

2026-07-15 14:54:33,501 - INFO - [run_abc.py:77]: Resolving image directory. arg_value=cache/images
2026-07-15 14:54:33,501 - INFO - [run_abc.py:78]: Resolving audio directory. arg_value=cache/audio

2026-07-15 14:54:33,501 - INFO - [run_abc.py:84]: Target file name base: boarsHead

2026-07-15 14:54:33,501 - INFO - --- IMAGE GENERATION START (Renderer: abc2svg) ---
2026-07-15 14:54:33,501 - INFO - File cache/images/boarsHead.svg missing. Generation needed.

2026-07-15 14:54:33,502 - INFO - Executing abc2svg: abcnode tosvg.js --pagewidth 25.2cm --vocalfont "sans-serif 11" --stretchlast 1 --scale 1.0 --leftmargin 0 --rightmargin 0 --topmargin 0 --botmargin 0 --musicfont Bravura cache/images/boarsHead.abc

2026-07-15 14:54:33,503 - ERROR - abc2svg failed: Command 'abcnode tosvg.js --pagewidth 25.2cm --vocalfont "sans-serif 11" --stretchlast 1 --scale 1.0 --leftmargin 0 --rightmargin 0 --topmargin 0 --botmargin 0 --musicfont Bravura cache/images/boarsHead.abc' returned non-zero exit status 127.

2026-07-15 14:54:33,503 - INFO - SVGO not found; skipping optional optimization.

2026-07-15 14:54:33,503 - INFO - Preparing SVG for seamless HTML embedding

2026-07-15 14:54:33,503 - INFO - --- AUDIO GENERATION START ---

2026-07-15 14:54:33,504 - INFO - File cache/audio/boarsHead.webm missing. Generation needed.

2026-07-15 14:54:33,504 - INFO - [run_abc.py:240]: Executing abc2midi: abc2midi cache/audio/boarsHead.abc -o cache/audio/boarsHead.mid

2026-07-15 14:54:33,504 - ERROR - Executable for 'abc2midi' (abc2midi) not found. Is it installed?

2026-07-15 14:54:33,504 - INFO - Using SoundFont: /home/runner/work/quarto-extensions/quarto-extensions/test-11/.local/share/soundfonts/timbresOfHeaven4.00.sf2

2026-07-15 14:54:33,505 - INFO - [run_abc.py:251]: Executing fluidsynth: fluidsynth -n -i -F cache/audio/boarsHead.wav /home/runner/work/quarto-extensions/quarto-extensions/test-11/.local/share/soundfonts/timbresOfHeaven4.00.sf2 cache/audio/boarsHead.mid

2026-07-15 14:54:33,505 - ERROR - Executable for 'fluidsynth' (fluidsynth) not found. Is it installed?

2026-07-15 14:54:33,505 - INFO - [run_abc.py:256]: Executing ffmpeg: ffmpeg -y -i cache/audio/boarsHead.wav -c:a libopus -b:a 64k cache/audio/boarsHead.webm

2026-07-15 14:54:33,506 - ERROR - Executable for 'ffmpeg' (ffmpeg) not found. Is it installed?

2026-07-15 14:54:33,580 - INFO - Logging initialized. Log file: output/log/abc.log

2026-07-15 14:54:33,581 - INFO - [run_abc.py:77]: Resolving image directory. arg_value=cache/images
2026-07-15 14:54:33,581 - INFO - [run_abc.py:78]: Resolving audio directory. arg_value=cache/audio

2026-07-15 14:54:33,581 - INFO - [run_abc.py:84]: Target file name base: shaveAndHaircut
2026-07-15 14:54:33,581 - INFO - --- IMAGE GENERATION START (Renderer: abc2svg) ---

2026-07-15 14:54:33,581 - INFO - File cache/images/shaveAndHaircut.svg missing. Generation needed.

2026-07-15 14:54:33,581 - INFO - Executing abc2svg: abcnode tosvg.js --pagewidth 25.2cm --vocalfont "sans-serif 11" --stretchlast 1 --scale 1.0 --leftmargin 0 --rightmargin 0 --topmargin 0 --botmargin 0 --musicfont Bravura cache/images/shaveAndHaircut.abc

2026-07-15 14:54:33,583 - ERROR - abc2svg failed: Command 'abcnode tosvg.js --pagewidth 25.2cm --vocalfont "sans-serif 11" --stretchlast 1 --scale 1.0 --leftmargin 0 --rightmargin 0 --topmargin 0 --botmargin 0 --musicfont Bravura cache/images/shaveAndHaircut.abc' returned non-zero exit status 127.

2026-07-15 14:54:33,583 - INFO - SVGO not found; skipping optional optimization.

2026-07-15 14:54:33,583 - INFO - Preparing SVG for seamless HTML embedding

2026-07-15 14:54:33,583 - INFO - --- AUDIO GENERATION START ---

2026-07-15 14:54:33,583 - INFO - File cache/audio/shaveAndHaircut.webm missing. Generation needed.

2026-07-15 14:54:33,584 - INFO - [run_abc.py:240]: Executing abc2midi: abc2midi cache/audio/shaveAndHaircut.abc -o cache/audio/shaveAndHaircut.mid

2026-07-15 14:54:33,584 - ERROR - Executable for 'abc2midi' (abc2midi) not found. Is it installed?

2026-07-15 14:54:33,584 - INFO - Using SoundFont: /home/runner/work/quarto-extensions/quarto-extensions/test-11/.local/share/soundfonts/timbresOfHeaven4.00.sf2

2026-07-15 14:54:33,584 - INFO - [run_abc.py:251]: Executing fluidsynth: fluidsynth -n -i -F cache/audio/shaveAndHaircut.wav /home/runner/work/quarto-extensions/quarto-extensions/test-11/.local/share/soundfonts/timbresOfHeaven4.00.sf2 cache/audio/shaveAndHaircut.mid

2026-07-15 14:54:33,585 - ERROR - Executable for 'fluidsynth' (fluidsynth) not found. Is it installed?

2026-07-15 14:54:33,585 - INFO - [run_abc.py:256]: Executing ffmpeg: ffmpeg -y -i cache/audio/shaveAndHaircut.wav -c:a libopus -b:a 64k cache/audio/shaveAndHaircut.webm

2026-07-15 14:54:33,586 - ERROR - Executable for 'ffmpeg' (ffmpeg) not found. Is it installed?

2026-07-15 14:54:33,660 - INFO - Logging initialized. Log file: output/log/abc.log

2026-07-15 14:54:33,661 - INFO - [run_abc.py:77]: Resolving image directory. arg_value=cache/images
2026-07-15 14:54:33,661 - INFO - [run_abc.py:78]: Resolving audio directory. arg_value=cache/audio

2026-07-15 14:54:33,661 - INFO - [run_abc.py:84]: Target file name base: theElephantTuba
2026-07-15 14:54:33,661 - INFO - --- IMAGE GENERATION START (Renderer: abc2svg) ---

2026-07-15 14:54:33,661 - INFO - File cache/images/theElephantTuba.svg missing. Generation needed.

2026-07-15 14:54:33,662 - INFO - Executing abc2svg: abcnode tosvg.js --pagewidth 25.2cm --vocalfont "sans-serif 11" --stretchlast 1 --scale 1.0 --leftmargin 0 --rightmargin 0 --topmargin 0 --botmargin 0 --musicfont Bravura cache/images/theElephantTuba.abc

2026-07-15 14:54:33,663 - ERROR - abc2svg failed: Command 'abcnode tosvg.js --pagewidth 25.2cm --vocalfont "sans-serif 11" --stretchlast 1 --scale 1.0 --leftmargin 0 --rightmargin 0 --topmargin 0 --botmargin 0 --musicfont Bravura cache/images/theElephantTuba.abc' returned non-zero exit status 127.

2026-07-15 14:54:33,663 - INFO - SVGO not found; skipping optional optimization.

2026-07-15 14:54:33,663 - INFO - Preparing SVG for seamless HTML embedding

2026-07-15 14:54:33,663 - INFO - --- AUDIO GENERATION START ---

2026-07-15 14:54:33,663 - INFO - File cache/audio/theElephantTuba.webm missing. Generation needed.

2026-07-15 14:54:33,664 - INFO - [run_abc.py:240]: Executing abc2midi: abc2midi cache/audio/theElephantTuba.abc -o cache/audio/theElephantTuba.mid

2026-07-15 14:54:33,664 - ERROR - Executable for 'abc2midi' (abc2midi) not found. Is it installed?

2026-07-15 14:54:33,664 - INFO - Using SoundFont: /home/runner/work/quarto-extensions/quarto-extensions/test-11/.local/share/soundfonts/timbresOfHeaven4.00.sf2

2026-07-15 14:54:33,665 - INFO - [run_abc.py:251]: Executing fluidsynth: fluidsynth -n -i -F cache/audio/theElephantTuba.wav /home/runner/work/quarto-extensions/quarto-extensions/test-11/.local/share/soundfonts/timbresOfHeaven4.00.sf2 cache/audio/theElephantTuba.mid

2026-07-15 14:54:33,665 - ERROR - Executable for 'fluidsynth' (fluidsynth) not found. Is it installed?

2026-07-15 14:54:33,665 - INFO - [run_abc.py:256]: Executing ffmpeg: ffmpeg -y -i cache/audio/theElephantTuba.wav -c:a libopus -b:a 64k cache/audio/theElephantTuba.webm

2026-07-15 14:54:33,666 - ERROR - Executable for 'ffmpeg' (ffmpeg) not found. Is it installed?

2026-07-15 14:54:33,740 - INFO - Logging initialized. Log file: output/log/abc.log

2026-07-15 14:54:33,741 - INFO - [run_abc.py:77]: Resolving image directory. arg_value=cache/images

2026-07-15 14:54:33,741 - INFO - [run_abc.py:78]: Resolving audio directory. arg_value=cache/audio

2026-07-15 14:54:33,741 - INFO - [run_abc.py:84]: Target file name base: morningMood

2026-07-15 14:54:33,741 - INFO - --- IMAGE GENERATION START (Renderer: abc2svg) ---

2026-07-15 14:54:33,741 - INFO - File cache/images/morningMood.svg missing. Generation needed.

2026-07-15 14:54:33,742 - INFO - Executing abc2svg: abcnode tosvg.js --pagewidth 25.2cm --vocalfont "sans-serif 11" --stretchlast 1 --scale 1.0 --leftmargin 0 --rightmargin 0 --topmargin 0 --botmargin 0 --musicfont Bravura cache/images/morningMood.abc

2026-07-15 14:54:33,743 - ERROR - abc2svg failed: Command 'abcnode tosvg.js --pagewidth 25.2cm --vocalfont "sans-serif 11" --stretchlast 1 --scale 1.0 --leftmargin 0 --rightmargin 0 --topmargin 0 --botmargin 0 --musicfont Bravura cache/images/morningMood.abc' returned non-zero exit status 127.

2026-07-15 14:54:33,743 - INFO - SVGO not found; skipping optional optimization.

2026-07-15 14:54:33,743 - INFO - Preparing SVG for seamless HTML embedding

2026-07-15 14:54:33,743 - INFO - --- AUDIO GENERATION START ---

2026-07-15 14:54:33,744 - INFO - File cache/audio/morningMood.webm missing. Generation needed.

2026-07-15 14:54:33,744 - INFO - [run_abc.py:240]: Executing abc2midi: abc2midi cache/audio/morningMood.abc -o cache/audio/morningMood.mid

2026-07-15 14:54:33,744 - ERROR - Executable for 'abc2midi' (abc2midi) not found. Is it installed?

2026-07-15 14:54:33,744 - INFO - Using SoundFont: /home/runner/work/quarto-extensions/quarto-extensions/test-11/.local/share/soundfonts/timbresOfHeaven4.00.sf2

2026-07-15 14:54:33,745 - INFO - [run_abc.py:251]: Executing fluidsynth: fluidsynth -n -i -F cache/audio/morningMood.wav /home/runner/work/quarto-extensions/quarto-extensions/test-11/.local/share/soundfonts/timbresOfHeaven4.00.sf2 cache/audio/morningMood.mid

2026-07-15 14:54:33,745 - ERROR - Executable for 'fluidsynth' (fluidsynth) not found. Is it installed?

2026-07-15 14:54:33,745 - INFO - [run_abc.py:256]: Executing ffmpeg: ffmpeg -y -i cache/audio/morningMood.wav -c:a libopus -b:a 64k cache/audio/morningMood.webm

2026-07-15 14:54:33,746 - ERROR - Executable for 'ffmpeg' (ffmpeg) not found. Is it installed?

2026-07-15 14:54:33,820 - INFO - Logging initialized. Log file: output/log/abc.log

2026-07-15 14:54:33,821 - INFO - [run_abc.py:77]: Resolving image directory. arg_value=cache/images
2026-07-15 14:54:33,821 - INFO - [run_abc.py:78]: Resolving audio directory. arg_value=cache/audio

2026-07-15 14:54:33,821 - INFO - [run_abc.py:84]: Target file name base: mozartK545
2026-07-15 14:54:33,821 - INFO - --- IMAGE GENERATION START (Renderer: abc2svg) ---

2026-07-15 14:54:33,821 - INFO - File cache/images/mozartK545.svg missing. Generation needed.

2026-07-15 14:54:33,821 - INFO - Executing abc2svg: abcnode tosvg.js --pagewidth 25.2cm --vocalfont "sans-serif 11" --stretchlast 1 --scale 1.0 --leftmargin 0 --rightmargin 0 --topmargin 0 --botmargin 0 --musicfont Bravura cache/images/mozartK545.abc

2026-07-15 14:54:33,823 - ERROR - abc2svg failed: Command 'abcnode tosvg.js --pagewidth 25.2cm --vocalfont "sans-serif 11" --stretchlast 1 --scale 1.0 --leftmargin 0 --rightmargin 0 --topmargin 0 --botmargin 0 --musicfont Bravura cache/images/mozartK545.abc' returned non-zero exit status 127.

2026-07-15 14:54:33,823 - INFO - SVGO not found; skipping optional optimization.

2026-07-15 14:54:33,823 - INFO - Preparing SVG for seamless HTML embedding

2026-07-15 14:54:33,823 - INFO - --- AUDIO GENERATION START ---

2026-07-15 14:54:33,823 - INFO - File cache/audio/mozartK545.webm missing. Generation needed.

2026-07-15 14:54:33,824 - INFO - [run_abc.py:240]: Executing abc2midi: abc2midi cache/audio/mozartK545.abc -o cache/audio/mozartK545.mid

2026-07-15 14:54:33,824 - ERROR - Executable for 'abc2midi' (abc2midi) not found. Is it installed?

2026-07-15 14:54:33,824 - INFO - Using SoundFont: /home/runner/work/quarto-extensions/quarto-extensions/test-11/.local/share/soundfonts/timbresOfHeaven4.00.sf2

2026-07-15 14:54:33,824 - INFO - [run_abc.py:251]: Executing fluidsynth: fluidsynth -n -i -F cache/audio/mozartK545.wav /home/runner/work/quarto-extensions/quarto-extensions/test-11/.local/share/soundfonts/timbresOfHeaven4.00.sf2 cache/audio/mozartK545.mid

2026-07-15 14:54:33,825 - ERROR - Executable for 'fluidsynth' (fluidsynth) not found. Is it installed?
2026-07-15 14:54:33,825 - INFO - [run_abc.py:256]: Executing ffmpeg: ffmpeg -y -i cache/audio/mozartK545.wav -c:a libopus -b:a 64k cache/audio/mozartK545.webm
2026-07-15 14:54:33,826 - ERROR - Executable for 'ffmpeg' (ffmpeg) not found. Is it installed?

2026-07-15 14:54:33,915 - INFO - Logging initialized. Log file: output/log/abc.log

2026-07-15 14:54:33,916 - INFO - [run_abc.py:77]: Resolving image directory. arg_value=cache/images
2026-07-15 14:54:33,916 - INFO - [run_abc.py:78]: Resolving audio directory. arg_value=cache/audio
2026-07-15 14:54:33,916 - INFO - [run_abc.py:84]: Target file name base: bachViola
2026-07-15 14:54:33,916 - INFO - --- IMAGE GENERATION START (Renderer: abc2svg) ---

2026-07-15 14:54:33,916 - INFO - File cache/images/bachViola.svg missing. Generation needed.

2026-07-15 14:54:33,916 - INFO - Executing abc2svg: abcnode tosvg.js --pagewidth 25.2cm --vocalfont "sans-serif 11" --stretchlast 1 --scale 1.0 --leftmargin 0 --rightmargin 0 --topmargin 0 --botmargin 0 --musicfont Bravura cache/images/bachViola.abc

2026-07-15 14:54:33,918 - ERROR - abc2svg failed: Command 'abcnode tosvg.js --pagewidth 25.2cm --vocalfont "sans-serif 11" --stretchlast 1 --scale 1.0 --leftmargin 0 --rightmargin 0 --topmargin 0 --botmargin 0 --musicfont Bravura cache/images/bachViola.abc' returned non-zero exit status 127.

2026-07-15 14:54:33,918 - INFO - SVGO not found; skipping optional optimization.

2026-07-15 14:54:33,918 - INFO - Preparing SVG for seamless HTML embedding
2026-07-15 14:54:33,918 - INFO - --- AUDIO GENERATION START ---

2026-07-15 14:54:33,918 - INFO - File cache/audio/bachViola.webm missing. Generation needed.

2026-07-15 14:54:33,918 - INFO - [run_abc.py:240]: Executing abc2midi: abc2midi cache/audio/bachViola.abc -o cache/audio/bachViola.mid

2026-07-15 14:54:33,919 - ERROR - Executable for 'abc2midi' (abc2midi) not found. Is it installed?

2026-07-15 14:54:33,919 - INFO - Using SoundFont: /home/runner/work/quarto-extensions/quarto-extensions/test-11/.local/share/soundfonts/timbresOfHeaven4.00.sf2

2026-07-15 14:54:33,919 - INFO - [run_abc.py:251]: Executing fluidsynth: fluidsynth -n -i -F cache/audio/bachViola.wav /home/runner/work/quarto-extensions/quarto-extensions/test-11/.local/share/soundfonts/timbresOfHeaven4.00.sf2 cache/audio/bachViola.mid

2026-07-15 14:54:33,919 - ERROR - Executable for 'fluidsynth' (fluidsynth) not found. Is it installed?

2026-07-15 14:54:33,920 - INFO - [run_abc.py:256]: Executing ffmpeg: ffmpeg -y -i cache/audio/bachViola.wav -c:a libopus -b:a 64k cache/audio/bachViola.webm

2026-07-15 14:54:33,920 - ERROR - Executable for 'ffmpeg' (ffmpeg) not found. Is it installed?

Output created: output/example.html


