Cloning into 'repo'...
pandoc 
  to: html
  output-file: example.html
  standalone: true
  embed-resources: true
  self-contained: true
  section-divs: true
  html-math-method: mathjax
  wrap: none
  default-image-extension: png
  toc: true
  syntax-definitions:
    - _extensions/sebastiandelbano/musify/resources/syntax/abc2.xml
  variables: {}
  
metadata
  document-css: false
  link-citations: true
  date-format: long
  lang: en
  engines:
    - path: /opt/quarto/share/extension-subtrees/julia-engine/_extensions/julia-engine/julia-engine.js
  title: '{{< musify icon >}} Musify'
  toc-location: left
  favicon: resources/images/favicon.png
  copyright:
    text: © 2026, Sebastian del Bano Rollin
  theme:
    dark: darkly
    light: flatly
  

============================================================
MUSIFY EXTENSION: MISSING DEPENDENCIES
============================================================

The following required tools were not found in your PATH:
  - abc2svg (path: abcnode)
  - abc2midi (path: abc2midi)
  - fluidsynth (path: fluidsynth)
  - ffmpeg (path: ffmpeg)

Please install them using your package manager (brew, apt, npm, etc.).
  Note: abc2svg can be installed via 'npm install -g abc2svg'

The required SoundFont file was not found:
  Path: /home/runner/work/quarto-extensions/quarto-extensions/test-11/.local/share/soundfonts/timbresOfHeaven4.00.sf2

Please download 'Timbres of Heaven 4.00' and place it at this location.
============================================================

2026-07-11 14:29:18,505 - INFO - Logging initialized. Log file: output/log/abc.log
2026-07-11 14:29:18,505 - INFO - [run_abc.py:77]: Resolving image directory. arg_value=cache/images
2026-07-11 14:29:18,505 - INFO - [run_abc.py:78]: Resolving audio directory. arg_value=cache/audio
2026-07-11 14:29:18,505 - INFO - [run_abc.py:84]: Target file name base: CMajorScale
2026-07-11 14:29:18,506 - INFO - --- IMAGE GENERATION START (Renderer: abc2svg) ---
2026-07-11 14:29:18,506 - INFO - File cache/images/CMajorScale.svg missing. Generation needed.
2026-07-11 14:29:18,506 - INFO - Executing abc2svg: abcnode tosvg.js --pagewidth 25.2cm --vocalfont "sans-serif 11" --stretchlast 1 --scale 1.0 --leftmargin 0 --rightmargin 0 --topmargin 0 --botmargin 0 --musicfont Bravura cache/images/CMajorScale.abc
2026-07-11 14:29:18,507 - ERROR - abc2svg failed: Command 'abcnode tosvg.js --pagewidth 25.2cm --vocalfont "sans-serif 11" --stretchlast 1 --scale 1.0 --leftmargin 0 --rightmargin 0 --topmargin 0 --botmargin 0 --musicfont Bravura cache/images/CMajorScale.abc' returned non-zero exit status 127.
2026-07-11 14:29:18,508 - INFO - SVGO not found; skipping optional optimization.
2026-07-11 14:29:18,508 - INFO - Preparing SVG for seamless HTML embedding
2026-07-11 14:29:18,508 - INFO - --- AUDIO GENERATION START ---
2026-07-11 14:29:18,508 - INFO - File cache/audio/CMajorScale.webm missing. Generation needed.
2026-07-11 14:29:18,508 - INFO - [run_abc.py:240]: Executing abc2midi: abc2midi cache/audio/CMajorScale.abc -o cache/audio/CMajorScale.mid
2026-07-11 14:29:18,509 - ERROR - Executable for 'abc2midi' (abc2midi) not found. Is it installed?
2026-07-11 14:29:18,509 - INFO - Using SoundFont: /home/runner/work/quarto-extensions/quarto-extensions/test-11/.local/share/soundfonts/timbresOfHeaven4.00.sf2
2026-07-11 14:29:18,509 - INFO - [run_abc.py:251]: Executing fluidsynth: fluidsynth -n -i -F cache/audio/CMajorScale.wav /home/runner/work/quarto-extensions/quarto-extensions/test-11/.local/share/soundfonts/timbresOfHeaven4.00.sf2 cache/audio/CMajorScale.mid
2026-07-11 14:29:18,509 - ERROR - Executable for 'fluidsynth' (fluidsynth) not found. Is it installed?
2026-07-11 14:29:18,509 - INFO - [run_abc.py:256]: Executing ffmpeg: ffmpeg -y -i cache/audio/CMajorScale.wav -c:a libopus -b:a 64k cache/audio/CMajorScale.webm
2026-07-11 14:29:18,510 - ERROR - Executable for 'ffmpeg' (ffmpeg) not found. Is it installed?
2026-07-11 14:29:18,580 - INFO - Logging initialized. Log file: output/log/abc.log
2026-07-11 14:29:18,581 - INFO - [run_abc.py:77]: Resolving image directory. arg_value=cache/images
2026-07-11 14:29:18,581 - INFO - [run_abc.py:78]: Resolving audio directory. arg_value=cache/audio
2026-07-11 14:29:18,581 - INFO - [run_abc.py:84]: Target file name base: breton
2026-07-11 14:29:18,581 - INFO - --- IMAGE GENERATION START (Renderer: abc2svg) ---
2026-07-11 14:29:18,581 - INFO - File cache/images/breton.svg missing. Generation needed.
2026-07-11 14:29:18,581 - INFO - Executing abc2svg: abcnode tosvg.js --pagewidth 25.2cm --vocalfont "sans-serif 11" --stretchlast 1 --scale 1.0 --leftmargin 0 --rightmargin 0 --topmargin 0 --botmargin 0 --musicfont Bravura cache/images/breton.abc
2026-07-11 14:29:18,582 - ERROR - abc2svg failed: Command 'abcnode tosvg.js --pagewidth 25.2cm --vocalfont "sans-serif 11" --stretchlast 1 --scale 1.0 --leftmargin 0 --rightmargin 0 --topmargin 0 --botmargin 0 --musicfont Bravura cache/images/breton.abc' returned non-zero exit status 127.
2026-07-11 14:29:18,583 - INFO - SVGO not found; skipping optional optimization.
2026-07-11 14:29:18,583 - INFO - Preparing SVG for seamless HTML embedding
2026-07-11 14:29:18,583 - INFO - --- AUDIO GENERATION START ---
2026-07-11 14:29:18,583 - INFO - File cache/audio/breton.webm missing. Generation needed.
2026-07-11 14:29:18,583 - INFO - [run_abc.py:240]: Executing abc2midi: abc2midi cache/audio/breton.abc -o cache/audio/breton.mid
2026-07-11 14:29:18,584 - ERROR - Executable for 'abc2midi' (abc2midi) not found. Is it installed?
2026-07-11 14:29:18,584 - INFO - Using SoundFont: /home/runner/work/quarto-extensions/quarto-extensions/test-11/.local/share/soundfonts/timbresOfHeaven4.00.sf2
2026-07-11 14:29:18,584 - INFO - [run_abc.py:251]: Executing fluidsynth: fluidsynth -n -i -F cache/audio/breton.wav /home/runner/work/quarto-extensions/quarto-extensions/test-11/.local/share/soundfonts/timbresOfHeaven4.00.sf2 cache/audio/breton.mid
2026-07-11 14:29:18,584 - ERROR - Executable for 'fluidsynth' (fluidsynth) not found. Is it installed?
2026-07-11 14:29:18,585 - INFO - [run_abc.py:256]: Executing ffmpeg: ffmpeg -y -i cache/audio/breton.wav -c:a libopus -b:a 64k cache/audio/breton.webm
2026-07-11 14:29:18,585 - ERROR - Executable for 'ffmpeg' (ffmpeg) not found. Is it installed?
2026-07-11 14:29:18,654 - INFO - Logging initialized. Log file: output/log/abc.log
2026-07-11 14:29:18,654 - INFO - [run_abc.py:77]: Resolving image directory. arg_value=cache/images
2026-07-11 14:29:18,654 - INFO - [run_abc.py:78]: Resolving audio directory. arg_value=cache/audio
2026-07-11 14:29:18,654 - INFO - [run_abc.py:84]: Target file name base: boarsHead
2026-07-11 14:29:18,654 - INFO - --- IMAGE GENERATION START (Renderer: abc2svg) ---
2026-07-11 14:29:18,654 - INFO - File cache/images/boarsHead.svg missing. Generation needed.
2026-07-11 14:29:18,655 - INFO - Executing abc2svg: abcnode tosvg.js --pagewidth 25.2cm --vocalfont "sans-serif 11" --stretchlast 1 --scale 1.0 --leftmargin 0 --rightmargin 0 --topmargin 0 --botmargin 0 --musicfont Bravura cache/images/boarsHead.abc
2026-07-11 14:29:18,656 - ERROR - abc2svg failed: Command 'abcnode tosvg.js --pagewidth 25.2cm --vocalfont "sans-serif 11" --stretchlast 1 --scale 1.0 --leftmargin 0 --rightmargin 0 --topmargin 0 --botmargin 0 --musicfont Bravura cache/images/boarsHead.abc' returned non-zero exit status 127.
2026-07-11 14:29:18,656 - INFO - SVGO not found; skipping optional optimization.
2026-07-11 14:29:18,656 - INFO - Preparing SVG for seamless HTML embedding
2026-07-11 14:29:18,656 - INFO - --- AUDIO GENERATION START ---
2026-07-11 14:29:18,656 - INFO - File cache/audio/boarsHead.webm missing. Generation needed.
2026-07-11 14:29:18,657 - INFO - [run_abc.py:240]: Executing abc2midi: abc2midi cache/audio/boarsHead.abc -o cache/audio/boarsHead.mid
2026-07-11 14:29:18,657 - ERROR - Executable for 'abc2midi' (abc2midi) not found. Is it installed?
2026-07-11 14:29:18,657 - INFO - Using SoundFont: /home/runner/work/quarto-extensions/quarto-extensions/test-11/.local/share/soundfonts/timbresOfHeaven4.00.sf2
2026-07-11 14:29:18,657 - INFO - [run_abc.py:251]: Executing fluidsynth: fluidsynth -n -i -F cache/audio/boarsHead.wav /home/runner/work/quarto-extensions/quarto-extensions/test-11/.local/share/soundfonts/timbresOfHeaven4.00.sf2 cache/audio/boarsHead.mid
2026-07-11 14:29:18,658 - ERROR - Executable for 'fluidsynth' (fluidsynth) not found. Is it installed?
2026-07-11 14:29:18,658 - INFO - [run_abc.py:256]: Executing ffmpeg: ffmpeg -y -i cache/audio/boarsHead.wav -c:a libopus -b:a 64k cache/audio/boarsHead.webm
2026-07-11 14:29:18,658 - ERROR - Executable for 'ffmpeg' (ffmpeg) not found. Is it installed?
2026-07-11 14:29:18,727 - INFO - Logging initialized. Log file: output/log/abc.log
2026-07-11 14:29:18,727 - INFO - [run_abc.py:77]: Resolving image directory. arg_value=cache/images
2026-07-11 14:29:18,728 - INFO - [run_abc.py:78]: Resolving audio directory. arg_value=cache/audio
2026-07-11 14:29:18,728 - INFO - [run_abc.py:84]: Target file name base: shaveAndHaircut
2026-07-11 14:29:18,728 - INFO - --- IMAGE GENERATION START (Renderer: abc2svg) ---
2026-07-11 14:29:18,728 - INFO - File cache/images/shaveAndHaircut.svg missing. Generation needed.
2026-07-11 14:29:18,728 - INFO - Executing abc2svg: abcnode tosvg.js --pagewidth 25.2cm --vocalfont "sans-serif 11" --stretchlast 1 --scale 1.0 --leftmargin 0 --rightmargin 0 --topmargin 0 --botmargin 0 --musicfont Bravura cache/images/shaveAndHaircut.abc
2026-07-11 14:29:18,729 - ERROR - abc2svg failed: Command 'abcnode tosvg.js --pagewidth 25.2cm --vocalfont "sans-serif 11" --stretchlast 1 --scale 1.0 --leftmargin 0 --rightmargin 0 --topmargin 0 --botmargin 0 --musicfont Bravura cache/images/shaveAndHaircut.abc' returned non-zero exit status 127.
2026-07-11 14:29:18,730 - INFO - SVGO not found; skipping optional optimization.
2026-07-11 14:29:18,730 - INFO - Preparing SVG for seamless HTML embedding
2026-07-11 14:29:18,730 - INFO - --- AUDIO GENERATION START ---
2026-07-11 14:29:18,730 - INFO - File cache/audio/shaveAndHaircut.webm missing. Generation needed.
2026-07-11 14:29:18,730 - INFO - [run_abc.py:240]: Executing abc2midi: abc2midi cache/audio/shaveAndHaircut.abc -o cache/audio/shaveAndHaircut.mid
2026-07-11 14:29:18,731 - ERROR - Executable for 'abc2midi' (abc2midi) not found. Is it installed?
2026-07-11 14:29:18,731 - INFO - Using SoundFont: /home/runner/work/quarto-extensions/quarto-extensions/test-11/.local/share/soundfonts/timbresOfHeaven4.00.sf2
2026-07-11 14:29:18,731 - INFO - [run_abc.py:251]: Executing fluidsynth: fluidsynth -n -i -F cache/audio/shaveAndHaircut.wav /home/runner/work/quarto-extensions/quarto-extensions/test-11/.local/share/soundfonts/timbresOfHeaven4.00.sf2 cache/audio/shaveAndHaircut.mid
2026-07-11 14:29:18,731 - ERROR - Executable for 'fluidsynth' (fluidsynth) not found. Is it installed?
2026-07-11 14:29:18,732 - INFO - [run_abc.py:256]: Executing ffmpeg: ffmpeg -y -i cache/audio/shaveAndHaircut.wav -c:a libopus -b:a 64k cache/audio/shaveAndHaircut.webm
2026-07-11 14:29:18,732 - ERROR - Executable for 'ffmpeg' (ffmpeg) not found. Is it installed?
2026-07-11 14:29:18,811 - INFO - Logging initialized. Log file: output/log/abc.log
2026-07-11 14:29:18,811 - INFO - [run_abc.py:77]: Resolving image directory. arg_value=cache/images
2026-07-11 14:29:18,811 - INFO - [run_abc.py:78]: Resolving audio directory. arg_value=cache/audio
2026-07-11 14:29:18,812 - INFO - [run_abc.py:84]: Target file name base: theElephantTuba
2026-07-11 14:29:18,812 - INFO - --- IMAGE GENERATION START (Renderer: abc2svg) ---
2026-07-11 14:29:18,812 - INFO - File cache/images/theElephantTuba.svg missing. Generation needed.
2026-07-11 14:29:18,812 - INFO - Executing abc2svg: abcnode tosvg.js --pagewidth 25.2cm --vocalfont "sans-serif 11" --stretchlast 1 --scale 1.0 --leftmargin 0 --rightmargin 0 --topmargin 0 --botmargin 0 --musicfont Bravura cache/images/theElephantTuba.abc
2026-07-11 14:29:18,813 - ERROR - abc2svg failed: Command 'abcnode tosvg.js --pagewidth 25.2cm --vocalfont "sans-serif 11" --stretchlast 1 --scale 1.0 --leftmargin 0 --rightmargin 0 --topmargin 0 --botmargin 0 --musicfont Bravura cache/images/theElephantTuba.abc' returned non-zero exit status 127.
2026-07-11 14:29:18,813 - INFO - SVGO not found; skipping optional optimization.
2026-07-11 14:29:18,813 - INFO - Preparing SVG for seamless HTML embedding
2026-07-11 14:29:18,813 - INFO - --- AUDIO GENERATION START ---
2026-07-11 14:29:18,813 - INFO - File cache/audio/theElephantTuba.webm missing. Generation needed.
2026-07-11 14:29:18,813 - INFO - [run_abc.py:240]: Executing abc2midi: abc2midi cache/audio/theElephantTuba.abc -o cache/audio/theElephantTuba.mid
2026-07-11 14:29:18,814 - ERROR - Executable for 'abc2midi' (abc2midi) not found. Is it installed?
2026-07-11 14:29:18,814 - INFO - Using SoundFont: /home/runner/work/quarto-extensions/quarto-extensions/test-11/.local/share/soundfonts/timbresOfHeaven4.00.sf2
2026-07-11 14:29:18,814 - INFO - [run_abc.py:251]: Executing fluidsynth: fluidsynth -n -i -F cache/audio/theElephantTuba.wav /home/runner/work/quarto-extensions/quarto-extensions/test-11/.local/share/soundfonts/timbresOfHeaven4.00.sf2 cache/audio/theElephantTuba.mid
2026-07-11 14:29:18,814 - ERROR - Executable for 'fluidsynth' (fluidsynth) not found. Is it installed?
2026-07-11 14:29:18,815 - INFO - [run_abc.py:256]: Executing ffmpeg: ffmpeg -y -i cache/audio/theElephantTuba.wav -c:a libopus -b:a 64k cache/audio/theElephantTuba.webm
2026-07-11 14:29:18,815 - ERROR - Executable for 'ffmpeg' (ffmpeg) not found. Is it installed?
2026-07-11 14:29:18,895 - INFO - Logging initialized. Log file: output/log/abc.log
2026-07-11 14:29:18,895 - INFO - [run_abc.py:77]: Resolving image directory. arg_value=cache/images
2026-07-11 14:29:18,895 - INFO - [run_abc.py:78]: Resolving audio directory. arg_value=cache/audio
2026-07-11 14:29:18,895 - INFO - [run_abc.py:84]: Target file name base: morningMood
2026-07-11 14:29:18,895 - INFO - --- IMAGE GENERATION START (Renderer: abc2svg) ---
2026-07-11 14:29:18,896 - INFO - File cache/images/morningMood.svg missing. Generation needed.
2026-07-11 14:29:18,896 - INFO - Executing abc2svg: abcnode tosvg.js --pagewidth 25.2cm --vocalfont "sans-serif 11" --stretchlast 1 --scale 1.0 --leftmargin 0 --rightmargin 0 --topmargin 0 --botmargin 0 --musicfont Bravura cache/images/morningMood.abc
2026-07-11 14:29:18,897 - ERROR - abc2svg failed: Command 'abcnode tosvg.js --pagewidth 25.2cm --vocalfont "sans-serif 11" --stretchlast 1 --scale 1.0 --leftmargin 0 --rightmargin 0 --topmargin 0 --botmargin 0 --musicfont Bravura cache/images/morningMood.abc' returned non-zero exit status 127.
2026-07-11 14:29:18,897 - INFO - SVGO not found; skipping optional optimization.
2026-07-11 14:29:18,897 - INFO - Preparing SVG for seamless HTML embedding
2026-07-11 14:29:18,897 - INFO - --- AUDIO GENERATION START ---
2026-07-11 14:29:18,897 - INFO - File cache/audio/morningMood.webm missing. Generation needed.
2026-07-11 14:29:18,897 - INFO - [run_abc.py:240]: Executing abc2midi: abc2midi cache/audio/morningMood.abc -o cache/audio/morningMood.mid
2026-07-11 14:29:18,898 - ERROR - Executable for 'abc2midi' (abc2midi) not found. Is it installed?
2026-07-11 14:29:18,898 - INFO - Using SoundFont: /home/runner/work/quarto-extensions/quarto-extensions/test-11/.local/share/soundfonts/timbresOfHeaven4.00.sf2
2026-07-11 14:29:18,898 - INFO - [run_abc.py:251]: Executing fluidsynth: fluidsynth -n -i -F cache/audio/morningMood.wav /home/runner/work/quarto-extensions/quarto-extensions/test-11/.local/share/soundfonts/timbresOfHeaven4.00.sf2 cache/audio/morningMood.mid
2026-07-11 14:29:18,898 - ERROR - Executable for 'fluidsynth' (fluidsynth) not found. Is it installed?
2026-07-11 14:29:18,899 - INFO - [run_abc.py:256]: Executing ffmpeg: ffmpeg -y -i cache/audio/morningMood.wav -c:a libopus -b:a 64k cache/audio/morningMood.webm
2026-07-11 14:29:18,899 - ERROR - Executable for 'ffmpeg' (ffmpeg) not found. Is it installed?
2026-07-11 14:29:18,968 - INFO - Logging initialized. Log file: output/log/abc.log
2026-07-11 14:29:18,968 - INFO - [run_abc.py:77]: Resolving image directory. arg_value=cache/images
2026-07-11 14:29:18,968 - INFO - [run_abc.py:78]: Resolving audio directory. arg_value=cache/audio
2026-07-11 14:29:18,968 - INFO - [run_abc.py:84]: Target file name base: mozartK545
2026-07-11 14:29:18,968 - INFO - --- IMAGE GENERATION START (Renderer: abc2svg) ---
2026-07-11 14:29:18,968 - INFO - File cache/images/mozartK545.svg missing. Generation needed.
2026-07-11 14:29:18,968 - INFO - Executing abc2svg: abcnode tosvg.js --pagewidth 25.2cm --vocalfont "sans-serif 11" --stretchlast 1 --scale 1.0 --leftmargin 0 --rightmargin 0 --topmargin 0 --botmargin 0 --musicfont Bravura cache/images/mozartK545.abc
2026-07-11 14:29:18,970 - ERROR - abc2svg failed: Command 'abcnode tosvg.js --pagewidth 25.2cm --vocalfont "sans-serif 11" --stretchlast 1 --scale 1.0 --leftmargin 0 --rightmargin 0 --topmargin 0 --botmargin 0 --musicfont Bravura cache/images/mozartK545.abc' returned non-zero exit status 127.
2026-07-11 14:29:18,970 - INFO - SVGO not found; skipping optional optimization.
2026-07-11 14:29:18,970 - INFO - Preparing SVG for seamless HTML embedding
2026-07-11 14:29:18,970 - INFO - --- AUDIO GENERATION START ---
2026-07-11 14:29:18,970 - INFO - File cache/audio/mozartK545.webm missing. Generation needed.
2026-07-11 14:29:18,970 - INFO - [run_abc.py:240]: Executing abc2midi: abc2midi cache/audio/mozartK545.abc -o cache/audio/mozartK545.mid
2026-07-11 14:29:18,971 - ERROR - Executable for 'abc2midi' (abc2midi) not found. Is it installed?
2026-07-11 14:29:18,971 - INFO - Using SoundFont: /home/runner/work/quarto-extensions/quarto-extensions/test-11/.local/share/soundfonts/timbresOfHeaven4.00.sf2
2026-07-11 14:29:18,971 - INFO - [run_abc.py:251]: Executing fluidsynth: fluidsynth -n -i -F cache/audio/mozartK545.wav /home/runner/work/quarto-extensions/quarto-extensions/test-11/.local/share/soundfonts/timbresOfHeaven4.00.sf2 cache/audio/mozartK545.mid
2026-07-11 14:29:18,972 - ERROR - Executable for 'fluidsynth' (fluidsynth) not found. Is it installed?
2026-07-11 14:29:18,972 - INFO - [run_abc.py:256]: Executing ffmpeg: ffmpeg -y -i cache/audio/mozartK545.wav -c:a libopus -b:a 64k cache/audio/mozartK545.webm
2026-07-11 14:29:18,972 - ERROR - Executable for 'ffmpeg' (ffmpeg) not found. Is it installed?
2026-07-11 14:29:19,043 - INFO - Logging initialized. Log file: output/log/abc.log
2026-07-11 14:29:19,043 - INFO - [run_abc.py:77]: Resolving image directory. arg_value=cache/images
2026-07-11 14:29:19,043 - INFO - [run_abc.py:78]: Resolving audio directory. arg_value=cache/audio
2026-07-11 14:29:19,043 - INFO - [run_abc.py:84]: Target file name base: bachViola
2026-07-11 14:29:19,043 - INFO - --- IMAGE GENERATION START (Renderer: abc2svg) ---
2026-07-11 14:29:19,044 - INFO - File cache/images/bachViola.svg missing. Generation needed.
2026-07-11 14:29:19,044 - INFO - Executing abc2svg: abcnode tosvg.js --pagewidth 25.2cm --vocalfont "sans-serif 11" --stretchlast 1 --scale 1.0 --leftmargin 0 --rightmargin 0 --topmargin 0 --botmargin 0 --musicfont Bravura cache/images/bachViola.abc
2026-07-11 14:29:19,045 - ERROR - abc2svg failed: Command 'abcnode tosvg.js --pagewidth 25.2cm --vocalfont "sans-serif 11" --stretchlast 1 --scale 1.0 --leftmargin 0 --rightmargin 0 --topmargin 0 --botmargin 0 --musicfont Bravura cache/images/bachViola.abc' returned non-zero exit status 127.
2026-07-11 14:29:19,045 - INFO - SVGO not found; skipping optional optimization.
2026-07-11 14:29:19,045 - INFO - Preparing SVG for seamless HTML embedding
2026-07-11 14:29:19,045 - INFO - --- AUDIO GENERATION START ---
2026-07-11 14:29:19,046 - INFO - File cache/audio/bachViola.webm missing. Generation needed.
2026-07-11 14:29:19,046 - INFO - [run_abc.py:240]: Executing abc2midi: abc2midi cache/audio/bachViola.abc -o cache/audio/bachViola.mid
2026-07-11 14:29:19,046 - ERROR - Executable for 'abc2midi' (abc2midi) not found. Is it installed?
2026-07-11 14:29:19,046 - INFO - Using SoundFont: /home/runner/work/quarto-extensions/quarto-extensions/test-11/.local/share/soundfonts/timbresOfHeaven4.00.sf2
2026-07-11 14:29:19,047 - INFO - [run_abc.py:251]: Executing fluidsynth: fluidsynth -n -i -F cache/audio/bachViola.wav /home/runner/work/quarto-extensions/quarto-extensions/test-11/.local/share/soundfonts/timbresOfHeaven4.00.sf2 cache/audio/bachViola.mid
2026-07-11 14:29:19,047 - ERROR - Executable for 'fluidsynth' (fluidsynth) not found. Is it installed?
2026-07-11 14:29:19,047 - INFO - [run_abc.py:256]: Executing ffmpeg: ffmpeg -y -i cache/audio/bachViola.wav -c:a libopus -b:a 64k cache/audio/bachViola.webm
2026-07-11 14:29:19,048 - ERROR - Executable for 'ffmpeg' (ffmpeg) not found. Is it installed?
Output created: output/example.html

