pandoc 

  to: html
  output-file: article.html
  standalone: true
  section-divs: true
  html-math-method: mathjax
  wrap: none
  default-image-extension: png
  toc: true
  number-sections: true
  variables: {}
  

metadata

  document-css: false
  link-citations: true
  date-format: long
  lang: en
  engines:
    - path: /opt/quarto/share/extension-subtrees/julia-engine/_extensions/julia-engine/julia-engine.js
  title: Test Article for Custom AmSThm Environments
  author: Test Author
  date: today
  custom-amsthm:
    - key: prm
      name: Problem
      numbering-style: section
    - key: tsk
      name: Task
      numbering-style: global
    - key: usecase
      name: Use Case
      numbered: false
  

Output created: _output/article.html


