Cloning into 'repo'...
CTAN mirror https://ctan.math.utah.edu/ctan/tex-archive/systems/texlive/tlnet failed, trying next...
pandoc 
  to: latex
  output-file: example.tex
  standalone: true
  pdf-engine: lualatex
  variables:
    graphics: true
    tables: true
  default-image-extension: pdf
  number-sections: true
  
metadata
  documentclass: scrartcl
  classoption:
    - DIV=11
    - numbers=noendperiod
  papersize: letter
  header-includes:
    - \KOMAoption{captions}{tableheading}
  block-headings: true
  engines:
    - path: /opt/quarto/share/extension-subtrees/julia-engine/_extensions/julia-engine/julia-engine.js
  title: Custom AmSTHm Environments
  custom-amsthm:
    - key: prm
      name: Problem
    - key: clm
      name: Claim
      numbering-style: global
    - key: obs
      name: Observation
    - key: nota
      name: Notation
      numbered: false
  

Rendering PDF
running lualatex - 1
  This is LuaHBTeX, Version 1.24.0 (TeX Live 2026) 
   restricted system commands enabled.
  
updating tlmgr

updating existing packages
finding package for scrartcl.cls
> 1 package to install
> installing koma-script (1 of 1)
  This is LuaHBTeX, Version 1.24.0 (TeX Live 2026) 
   restricted system commands enabled.
  
  luaotfload | db : Font names database not found, generating new one.
  luaotfload | db : This can take several minutes; please be patient.
running lualatex - 2
  This is LuaHBTeX, Version 1.24.0 (TeX Live 2026) 
   restricted system commands enabled.
  

Output created: example.pdf

pandoc 
  to: html
  output-file: article.html
  standalone: true
  section-divs: true
  html-math-method: mathjax
  wrap: none
  default-image-extension: png
  toc: true
  number-sections: true
  variables: {}
  
metadata
  document-css: false
  link-citations: true
  date-format: long
  lang: en
  engines:
    - path: /opt/quarto/share/extension-subtrees/julia-engine/_extensions/julia-engine/julia-engine.js
  title: Test Article for Custom AmSThm Environments
  author: Test Author
  date: today
  custom-amsthm:
    - key: prm
      name: Problem
      numbering-style: section
    - key: tsk
      name: Task
      numbering-style: global
    - key: usecase
      name: Use Case
      numbered: false
  
[31mFATAL (/opt/quarto/share/filters/main.lua:3760) An error occurred:
Could not run /home/runner/work/quarto-extensions/quarto-extensions/test-11/repo/tests/article/custom-amsthm-environments as a JSON filter.
Please make sure the file exists and is executable.

Did you intend 'custom-amsthm-environments' as a Lua filter in an extension?
If so, make sure you've spelled the name of the extension correctly.

The original Pandoc error follows below.
Error running filter /home/runner/work/quarto-extensions/quarto-extensions/test-11/repo/tests/article/custom-amsthm-environments:
Could not find executable /home/runner/work/quarto-extensions/quarto-extensions/test-11/repo/tests/article/custom-amsthm-environments
[39mError running filter /opt/quarto/share/filters/main.lua:
/opt/quarto/share/filters/main.lua:588: FATAL QUARTO ERROR
stack traceback:
	/opt/quarto/share/filters/main.lua:2622: in function 'fatal'
	/opt/quarto/share/filters/main.lua:2202: in function 'fail'
	/opt/quarto/share/filters/main.lua:3760: in field 'Pandoc'
	/opt/quarto/share/filters/main.lua:588: in function 'run_emulated_filter'
	/opt/quarto/share/filters/main.lua:1317: in local 'callback'
	/opt/quarto/share/filters/main.lua:1335: in upvalue 'run_emulated_filter_chain'
	/opt/quarto/share/filters/main.lua:1371: in function </opt/quarto/share/filters/main.lua:1368>
WARN: Error encountered when rendering files
Render failed, retrying once...
pandoc 
  to: html
  output-file: article.html
  standalone: true
  section-divs: true
  html-math-method: mathjax
  wrap: none
  default-image-extension: png
  toc: true
  number-sections: true
  variables: {}
  
metadata
  document-css: false
  link-citations: true
  date-format: long
  lang: en
  engines:
    - path: /opt/quarto/share/extension-subtrees/julia-engine/_extensions/julia-engine/julia-engine.js
  title: Test Article for Custom AmSThm Environments
  author: Test Author
  date: today
  custom-amsthm:
    - key: prm
      name: Problem
      numbering-style: section
    - key: tsk
      name: Task
      numbering-style: global
    - key: usecase
      name: Use Case
      numbered: false
  
[31mFATAL (/opt/quarto/share/filters/main.lua:3760) An error occurred:
Could not run /home/runner/work/quarto-extensions/quarto-extensions/test-11/repo/tests/article/custom-amsthm-environments as a JSON filter.
Please make sure the file exists and is executable.

Did you intend 'custom-amsthm-environments' as a Lua filter in an extension?
If so, make sure you've spelled the name of the extension correctly.

The original Pandoc error follows below.
Error running filter /home/runner/work/quarto-extensions/quarto-extensions/test-11/repo/tests/article/custom-amsthm-environments:
Could not find executable /home/runner/work/quarto-extensions/quarto-extensions/test-11/repo/tests/article/custom-amsthm-environments
[39mError running filter /opt/quarto/share/filters/main.lua:
/opt/quarto/share/filters/main.lua:588: FATAL QUARTO ERROR
stack traceback:
	/opt/quarto/share/filters/main.lua:2622: in function 'fatal'
	/opt/quarto/share/filters/main.lua:2202: in function 'fail'
	/opt/quarto/share/filters/main.lua:3760: in field 'Pandoc'
	/opt/quarto/share/filters/main.lua:588: in function 'run_emulated_filter'
	/opt/quarto/share/filters/main.lua:1317: in local 'callback'
	/opt/quarto/share/filters/main.lua:1335: in upvalue 'run_emulated_filter_chain'
	/opt/quarto/share/filters/main.lua:1371: in function </opt/quarto/share/filters/main.lua:1368>
WARN: Error encountered when rendering files
