Cloning into 'repo'...
CTAN mirror https://ctan.math.utah.edu/ctan/tex-archive/systems/texlive/tlnet failed, trying next...
pandoc 
  to: html
  output-file: example_styling.html
  standalone: true
  embed-resources: true
  section-divs: true
  html-math-method: mathjax
  wrap: none
  default-image-extension: png
  css:
    - button-style.css
  
metadata
  document-css: false
  link-citations: true
  date-format: long
  lang: en
  title: Downloadthis Example
  author: Shafayet Khan Shafee
  date: last-modified
  
Output created: example_styling.html

pandoc 
  to: html
  output-file: example.html
  standalone: true
  embed-resources: true
  section-divs: true
  html-math-method: mathjax
  wrap: none
  default-image-extension: png
  
metadata
  document-css: false
  link-citations: true
  date-format: long
  lang: en
  title: Downloadthis Example
  author: Shafayet Khan Shafee
  date: last-modified
  
Output created: example.html

