pandoc 

  to: html
  output-file: example.html
  standalone: true
  section-divs: true
  html-math-method: mathjax
  wrap: none
  default-image-extension: png
  variables: {}
  

metadata

  document-css: false
  link-citations: true
  date-format: long
  lang: en
  engines:
    - path: /opt/quarto/share/extension-subtrees/julia-engine/_extensions/julia-engine/julia-engine.js
  title: Collapse-social-embeds Example
  author: Shafayet Khan Shafee
  date: last-modified
  

Error running filter /
opt/quarto/share/filters/main.lua:
Could not fetch https://publish.twitter.com/oembed?url=https://twitter.com/pandoc_tips/status/1576105972103516160&align=center
HttpExceptionRequest Request {
  host                 = "publish.twitter.com"
  port                 = 443
  secure               = True
  reque
stHeaders       = []
  path                 = "/oembed"
  queryString          = "?url=https://twitter.com/pandoc_tips/status
/1576105972103516160&align=center"
  method               = "GET"
  proxy                = Nothing
  rawBody              = False
  r
edirectCount        = 10
  responseTimeout      = ResponseTimeoutDefault
  requestVersion       = HTTP/1.1
  proxySecur
eMode      = ProxySecureWithConnect
}
 (StatusCodeException (Response {responseStatus = Status {statusCode = 404, statusMessa
ge = "Not Found"}, responseVersion = HTTP/1.1, responseHeaders = [("Date","Sun, 26 Apr 202
6 23:33:45 GMT"),("Content-Type","text/html;charset=utf-8"),("Transfer-Encoding"
,"chunked"),("Connection","keep-alive"),("perf","7402827104"),("Server","cloudflare envoy"),(
"Set-Cookie","guest_id_marketing=v1%3A177724642536953736; Max-Age=63072000; Expires=Tue, 25 Apr 2028 
23:33:45 GMT; Path=/; Domain=.twi
tter.com; Secure; SameSite=None"),
("Set-Cookie","guest_id_ads=v1%3A17772
4642536953736; Max-Age=63072000; Ex
pires=Tue, 25 Apr 2028 23:33:45 GMT; Pat
h=/; Domain=.twitter.com; Secure
; SameSite=None"),("Set-Cookie","
personalization_id=\"v1_bKAo44c+g
mJe5IsMyD6xqQ==\"; Max-Age=6307
2000; Expires=Tue, 25 Apr 2028 
23:33:45 GMT; Path=/; Domain=.tw
itter.com; Secure; SameSite=None")
,("Set-Cookie","guest_id=v1%3A1777246425369
53736; Max-Age=63072000; Expires=Tue, 25 Ap
r 2028 23:33:45 GMT; Path=/; Dom
ain=.twitter.com; Secure; Same
Site=None"),("set-cookie","__cf_
bm=Cd3RZB6CZKs09bUm7Y9IToSMpFJEsG
.zOVYt.p_JwX4-1777246425.3519137
-1.0.1.1-_FqY9Wi0pOoYAIqILtCMs
dkf3U.8f8m9WQDPM2pWjxii.K0eegUQ
4tzRfne9UGlddqsFx7cjRNWEQlY9gA
xMOEgq3i9vdTz2ceMHL0OudV6xyuN9
hJLR5DVRv5KObKXP; HttpOnly; Sec
ure; Path=/; Domain=twitter.c
om; Expires=Mon, 27 Apr 2026 
00:03:45 GMT"),("Cache-Control
","max-age=0, no-cache, no-st
ore"),("x-frame-options","SAM
EORIGIN"),("x-transaction-id",
"e45d5574259e67aa"),("x-xss-pr
otection","0"),("content-dispo
sition","attachment; filename=
json.json"),("x-content-type-options","nosni
ff"),("content-security-policy","default
-src 'none'; img-src https://ab
s.twimg.com; script-src https:/
/abs.twimg.com about:; style-s
rc https://abs.twimg.com 'unsafe-inli
ne'; font-src https://
abs.twimg.com https
://twitter.com; connect-sr
c 'none'; object-src 'none'; me
dia-src 'none'; frame-src 'none'; re
port-uri https://twitte
r.com/i/csp_report?a
=ORTGK%3D%3D%3D&ro=false"),
("vary","accept-encoding"),("x-res
ponse-time","12"),("origin-cf-r
ay","9f2964ee78e8ad01-SJC"),("
strict-transport-security","ma
x-age=631138519; includeSubdom
ains"),("x-served-by","t4_p")
,("cf-cache-status","DYNAMIC"
),("Content-Encoding","gzip"),("CF-RAY","9f2964
ee78e8ad01-SJC")], responseBody =
 (), responseCookieJar = CJ {expose = [Cook
ie {cookie_name = "__c
f_bm", cookie_value = 
"Cd3RZB6CZKs09bUm7Y9IToSMpFJEsG
.zOVYt.p_JwX4-1777246425.3519137-1
.0.1.1-_FqY9Wi0pOoYAIqILtCMsdkf3U
.8f8m9WQDPM2pWjxii.K0eeg
UQ4tzRfne9UGlddqsFx7cjRNWEQlY9g
AxMOEgq3i9vdTz2ceMHL0OudV6xyuN9hJL
R5DVRv5KObKXP", cookie_expi
ry_time = 3025-08-27 00:00:00 U
TC, cookie_domain = "twitter.
com", cookie_path = "/", cook
ie_creation_time = 2026-04-26
 23:33:45.389999736 
UTC, cookie_last_access
_time = 2026-04-26 23:33:45.3899997
36 UTC, cookie_persistent = False, cookie_host_on
ly = False, cookie_secure_only = 
True, cookie_http_only = True},Cooki
e {cookie_name = "guest_id", cooki
e_value = "v1%3A177724642536953736",
 cookie_expiry_time = 2028-04-
25 23:33:45.389999736 UTC, co
okie_domain = "twitter.com", 
cookie_path = "/", cookie_cre
ation_time = 2026-04-26 23:33
:45.389999736 UTC, cookie_las
t_access_time = 2026-04-26 23
:33:45.389999736 UTC, cookie_
persistent = True, cookie_hos
t_only = False, cookie_secure
_only = True, cookie_http_onl
y = False},Cookie {cookie_name = "personaliza
tion_id", cookie_value = "v1_bKAo44c
+gmJe5IsMyD6xqQ==", cookie_exp
iry_time = 2028-04-25 23:33:4
5.389999736 UTC, cookie_domai
n = "twitter.com", cookie_p
ath = "/", cookie_creation_time = 2026-0
4-26 23:33:45.389999736 UTC, cook
ie_last_access_time = 2026-04-26
 23:33:45.389999736 UTC, cooki
e_persistent = True, cookie_host_only
 = False, cookie_secure_only = 
True, cookie_http_only = False
},Cookie {cookie_name = "gues
t_id_ads", cookie_value = "v1%
3A177724642536953736", cookie
_expiry_time = 2028-04-25 23:
33:45.389999736 UTC, cookie_d
omain = "twitter.com", cookie_path 
= "/", cookie_creation_time = 
2026-04-26 23:33:45.389999736 UTC, cookie_last_access_time = 2026-04-26 23:33:45.389999736 UTC, cookie_persistent = True, cookie_host_only = False, cookie_secure_only = True, cookie_http_only = False},Cookie {cookie_name = "guest_id_marketing", cookie_value = "v1%3A177724642536953736", cookie_expiry_time = 2028-04-25 23:33:45.389999736 UTC, cookie_domain = "twitter.com", cookie_path = "/", cookie_creation_time = 2026-04-26 23:33:45.389999736 UTC, cookie_last_access_time = 2026-04-26 23:33:45.389999736 UTC, cookie_persistent = True, cookie_host_only = False, cookie_secure_only = True, cookie_http_only = False}]}, responseClose' = ResponseClose, responseOriginalRequest = Request {
  host                 = "publish.twitter.com"
  port                 = 443
  secure               = True
  requestHeaders       = []
  path                 = "/oembed"
  queryString          = "?url=https://twitter.com/pandoc_tips/status/1576105972103516160&align=center"
  method               = "GET"
  proxy                = Nothing
  rawBody              = False
  redirectCount        = 10
  responseTimeout      = ResponseTimeoutDefault
  requestVersion       = HTTP/1.1
  proxySecureMode      = ProxySecureWithConnect
}
, responseEarlyHints = []}) "<!DOCTYPE html>\n<html lang=\"en\" class=\"dog\">\n  <head>\n    <meta http-equiv=\"Content-Type\" content=\"text/html; charset=utf-8\">\n    <meta name=\"viewport\" content=\"width=device-width, initial-scale=1.0\">\n    <title>X / ?</title>\n    <meta name=\"version\" content=\"1\">\n    <link href=\"https://abs.twimg.com/favicons/twitter.3.ico\" rel=\"shortcut icon\" type=\"image/x-icon\">\n    <link rel=\"stylesheet\" href=\"https://abs.twimg.com/errors/fullscreen_errors-047ca1475a6efac7c9c89a9ff92b7a20.css\">\n  </head>\n  <body dir=\"auto\">\n    <div class=\"top\">\n      <svg xmlns=\"http://www.w3.org/2000/svg\" viewBox=\"0 0 1519 200\">\n        <defs/>\n        <path d=\"M708 103l9-5 13 1 2-2 5 1h8l1-1 42-5h7l7 3v1l12-2a9368 9368 0 0129-6l2-5 12 1 6-2 3 1 2 1v-2l13-2v1l4 2 7-1h1l17-3 1 2 4-1 18-7 3-1 4-1h9l13-1 1-4 3-2 13 1v2l22-2 10-3h6l10 5 16-5 15-3 2-1 8-4 6-2 12-1 7-2 8 5 7 1 22-9h7l5-1v-1l25-3 1 2 5 2v1h11l2 1 8-4h3l-1 1h11l10-6 6 3 9-1 4-1 1 1 1-2 6-1 1-1 10-2h2l7-5v1h4l3-1c11 0 23 2 34-3 2-2 7 0 10 0l12 1 4 1 9 2 12-1 11-3 11 1h4l10-6 17 1 2 1c9 2 19-3 22-11l1-1 9 1 15-5c3-1 9 4 9-5 5 0 5 3 5 7l2 3 4-1 4-2 9-4 3-3h3l8-4 6-3 26 2 7-4h18l7 1c10 3 13-6 17-12l8 4 3-1 14-3 15-2a38 38 0 01-5-1l-8-4 7-8 8-4-10-136-922 71 16 205z\"/>\n        <path d=\"M-36 193l9-5 13 1 2-2 5 1h8l1-1 42-5h7l7 3v1l12-2a9328 9328 0 0129-6l2-5 12 1 6-2 3 1 2 1v-2l13-2v1l4 2 7-1h1l17-3 1 2 4-1 18-7 3-1 4-1h9l13-1 1-4 3-2 13 1v2l22-2 10-3h6l10 5 16-5 15-3 2-1 8-4 6-2 12-1 7-2 8 5 7 1 22-9h7l5-1v-1l25-3 1 2 5 2v1h11l2 1 8-4h3l-1 1h9a6 6 0 002 0l1")
stack traceback:
	...nsions/collapse-social-embeds/collapse-social-embeds.lua:143: in function <...nsions/collapse-social-embeds/collapse-social-embeds.lua:131>
	[C]: in ?
	[C]: in method 'walk'
	...nsions/collapse-social-embeds/collapse-social-embeds.lua:242: in function <...nsions/collapse-social-embeds/collapse-social-embeds.lua:236>
	[C]: in ?
	[C]: in method 'walk'
	/opt/quarto/share/pandoc/datadir/_utils.lua:607: in function '_utils.walk'
	/opt/quarto/share/filters/main.lua:574: in local 'checked_walk'
	/opt/quarto/share/filters/main.lua:629: in function 'run_emulated_filter'
	/opt/quarto/share/filters/main.lua:1317: in local 'callback'
	[string "if pandoc.system.os == "mingw32" then..."]:778: in field 'withScriptFile'
	/opt/quarto/share/filters/main.lua:1333: in upvalue 'run_emulated_filter_chain'
	/opt/quarto/share/filters/main.lua:1371: in function </opt/quarto/share/filters/main.lua:1368>
stack traceback:
	...nsions/collapse-social-embeds/collapse-social-embeds.lua:242: in function <...nsions/collapse-social-embeds/collapse-social-embeds.lua:236>
	[C]: in ?
	[C]: in method 'walk'
	/opt/quarto/share/pandoc/datadir/_utils.lua:607: in function '_utils.walk'
	/opt/quarto/share/filters/main.lua:574: in local 'checked_walk'
	/opt/quarto/share/filters/main.lua:629: in function 'run_emulated_filter'
	/opt/quarto/share/filters/main.lua:1317: in local 'callback'
	[string "if pandoc.system.os == "mingw32" then..."]:778: in field 'withScriptFile'
	/opt/quarto/share/filters/main.lua:1333: in upvalue 'run_emulated_filter_chain'
	/opt/quarto/share/filters/main.lua:1371: in function </opt/quarto/share/filters/main.lua:1368>
stack traceback:
	/opt/quarto/share/pandoc/datadir/_utils.lua:607: in function '_utils.walk'
	/opt/quarto/share/filters/main.lua:574: in local 'checked_walk'
	/opt/quarto/share/filters/main.lua:629: in function 'run_emulated_filter'
	/opt/quarto/share/filters/main.lua:1317: in local 'callback'
	[string "if pandoc.system.os == "mingw32" then..."]:778: in field 'withScriptFile'
	/opt/quarto/share/filters/main.lua:1333: in upvalue 'run_emulated_filter_chain'
	/opt/quarto/share/filters/main.lua:1371: in function </opt/quarto/share/filters/main.lua:1368>

(WARN) Error encountered when rendering files

