pandoc 

  to: html
  output-file: example.html
  standalone: true
  section-divs: true
  html-math-method: mathjax
  wrap: none
  default-image-extension: png
  variables: {}
  

metadata

  document-css: false
  link-citations: true
  date-format: long
  lang: en
  title: Qreacto
  sidebar: false
  navbar: false
  

Error running f
ilter /opt/quarto/share/filters/main.lua:
...o-extensions/test-0/repo/_extensions/qreacto/qreacto.lua:325: attempt to concatenate a nil value (field 'directory')
stack traceback:
	...o-
extensions/test-0/repo/_extensions/qreacto/qreacto.lua:367: in function <..
.o-extensions/test-0/repo/_extensions/qreacto/qreacto.lua:354>
	
(...tail calls...)
	[string "if pandoc.system.os == "mingw32" th
en..."]:778: in function <[string "if pandoc.system.os == "ming
w32" then..."]:776>
	(...tail calls...)
	/opt/qua
rto/share/filters/main.lua:20573: in upval
ue 'handle_shortcode'
	/opt/quarto/share/filt
ers/main.lua:20638: in function </opt/quarto/share/filters/main.lua:20630>
	[C
]: in ?
	[C]: in method 'walk'
	/opt/qua
rto/share/pandoc/datadir/_utils.
lua:607: in function '_utils.wal
k'
	/opt/quarto/share/filters/m
ain.lua:572: in function </opt/
quarto/share/filters/main.lua:55
0>
	(...tail calls...)
	/opt/quar
to/share/filters/main.lua:20678:
 in field 'Pandoc'
	/opt/quarto/
share/filters/main.lua:586: in fu
nction 'run_emulated_filter'
	
/opt/quarto/share/filters/main.
lua:1314: in local 'callback'

	/opt/quarto/share/filters/mai
n.lua:1332: in upvalue 'run_emu
lated_filter_chain'
	/opt/quar
to/share/filters/main.lua:136
8: in function </opt/quarto/sh
are/filters/main.lua:1365>
stack t
raceback:
	/opt/quarto/share/pa
ndoc/datadir/_utils.lua:607: i
n function '_utils.walk'
	/opt
/quarto/share/filters/main.lu
a:572: in function </opt/quart
o/share/filters/main.lua:550>

	(...tail calls...)
	/opt/quar
to/share/filters/main.lua:20678
: in field 'Pandoc'
	/opt/quarto/
share/filters/main.lua:586: in fu
nction 'run_emulated_filter'

	/opt/quarto/share/filters/main.lua
:1314: in local 'callback'
	/opt
/quarto/share/filters/main.lu
a:1332: in upvalue 'run_emula
ted_filter_chain'
	/opt/quar
to/share/filters/main.lua:136
8: in function </opt/quarto/
share/filters/main.lua:1365>

(WARN) Error encountered when rendering files

