pandoc 

  to: html
  output-file: example.html
  standalone: true
  section-divs: true
  html-math-method: mathjax
  wrap: none
  default-image-extension: png
  variables: {}
  

metadata

  document-css: false
  link-citations: true
  date-format: long
  lang: en
  engines:
    - path: /opt/quarto/share/extension-subtrees/julia-engine/_extensions/julia-engine/julia-engine.js
  title: Collapse-social-embeds Example
  author: Shafayet Khan Shafee
  date: last-modified
  

Error running filter /opt/
quarto/share/filters/main.lua:
Could not fetch https://publish.twitter.com/oembed?url=https://twitter.com/pandoc_tips/status/1576105972103516160&align=center
HttpExceptionRequest Request {
  host      
           = "publish.twitter.com"
  port                 = 443
  secure             
  = True
  requestHeaders       = []
  path                 = "/oembed"
  queryString   
       = "?url=https://twitter.com/pandoc_tips/status/1576105972103516160&alig
n=center"
  method               = "GET"
  proxy                = Nothing
  rawBody 
             = False
  redirectCount        = 10
  responseTim
eout      = ResponseTimeoutDefault
  r
equestVersion       = HTTP/1.1
  proxySecureMode      = Prox
ySecureWithConnect
}
 (StatusCodeException (Response {responseSta
tus = Status {statusCode =
 404, statusMessage = "
Not Found"}, responseVe
rsion = HTTP/1.1, respo
nseHeaders = [("Date",
"Mon, 23 Mar 2026 09:
10:12 GMT"),("Content
-Type","text/html;cha
rset=utf-8"),("Transf
er-Encoding","chunked"
),("Connection","keep-
alive"),("perf","7402827104
"),("Server","cloudflare 
envoy"),("Cache-Cont
rol","max-age=0, no-cac
he, no-store"),("x-fra
me-options","SAMEORI
GIN"),("x-transactio
n-id","bd11e967273b8
593"),("x-xss-protect
ion","0"),("content-d
isposition","attachmen
t; filename=json.json
"),("x-content-type-o
ptions","nosniff"),(
"content-security-po
licy","default-src 'n
one'; img-src https:/
/abs.twimg.com; scri
pt-src https://abs.tw
img.com about:; styl
e-src https://abs.twi
mg.com 'unsafe-inlin
e'; font-src https://
abs.twimg.com https:
//twitter.com; connec
t-src 'none'; object-src
 'none'; media-src 'none'; 
frame-src 'none'; report-uri
 https://twitter.co
m/i/csp_report?a=O
RTGK%3D%3D%3D&ro=fal
se"),("cf-cache-statu
s","DYNAMIC"),("Set-Cookie",
"guest_id_market
ing=v1%3A1774
25701268186904; Max-Ag
e=63072000; Expires=W
ed, 22 Mar 2028 09:10
:12 GMT; Path=/; Doma
in=.twitter.com; Secu
re; SameSite=None"),(
"Set-Cookie","guest_
id_ads=v1%3A177425701
268186904; Max-Age=63
072000; Expires=Wed,
 22 Mar 2028 09:10:12 GMT; 
Path=/; Domain=.twitter.com; Secure; SameSite=Non
e"),("Set-Cookie","personalization_id=\"v1_9Sw7dN1SU0g4hhSfHZ4Iiw==\"; Max-Age=63072000; Expires=Wed, 22 Mar 2028 09:10:12 GMT; Path=/; Domain=.twitter.com; Secure; SameSite=None"),("Set-Cookie","guest_id=v1%3A177425701268186904; Max-Age=63072000; Expires=Wed, 22 Mar 2028 09:10:12 GMT; Path=/; Domain=.twitter.com; Secure; SameSite=None"),("set-cookie","__cf_bm=WNYTXr5U7Hpgf9arCExVQ1RqA3AdYINGBo_qeeEqQc0-1774257012.664734-1.0.1.1-mFe0yP3GHBtR5Y4ku_ot6Bihq6sTWGUIYGLqvN.KGAs7vr3cF7Xq2GSrKWebrefxSSSXpwwg0yInV0rCvRBqWiMGgSK3dyF7huVzOXivymREygwZJiMi6NIjfyWELHZJ; HttpOnly; Secure; Path=/; Domain=twitter.com; Expires=Mon, 23 Mar 2026 09:40:12 GMT"),("x-response-time","75"),("origin-cf-ray","9e0c4d3929e572e8-ATL"),("strict-transport-security","max-age=631138519; includeSubdomains"),("x-served-by","t4_a"),("vary","accept-encoding"),("Content-Encoding","gzip"),("CF-RAY","9e0c4d3929e572e8-ORD")], responseBody = (), responseCookieJar = CJ {expose = [Cookie {cookie_name = "__cf_bm", cookie_value = "WNYTXr5U7Hpgf9arCExVQ1RqA3AdYINGBo_qeeEqQc0-1774257012.664734-1.0.1.1-mFe0yP3GHBtR5Y4ku_ot6Bihq6sTWGUIYGLqvN.KGAs7vr3cF7Xq2GSrKWebrefxSSSXpwwg0yInV0rCvRBqWiMGgSK3dyF7huVzOXivymREygwZJiMi6NIjfyWELHZJ", cookie_expiry_time = 3025-07-24 00:00:00 UTC, cookie_domain = "twitter.com", cookie_path = "/", cookie_creation_time = 2026-03-23 09:10:12.773653089 UTC, cookie_last_access_time = 2026-03-23 09:10:12.773653089 UTC, cookie_persistent = False, cookie_host_only = False, cookie_secure_only = True, cookie_http_only = True},Cookie {cookie_name = "guest_id", cookie_value = "v1%3A177425701268186904", cookie_expiry_time = 2028-03-22 09:10:12.773653089 UTC, cookie_domain = "twitter.com", cookie_path = "/", cookie_creation_time = 2026-03-23 09:10:12.773653089 UTC, cookie_last_access_time = 2026-03-23 09:10:12.773653089 UTC, cookie_persistent = True, cookie_host_only = False, cookie_secure_only = True, cookie_http_only = False},Cookie {cookie_name = "personalization_id", cookie_value = "v1_9Sw7dN1SU0g4hhSfHZ4Iiw==", cookie_expiry_time = 2028-03-22 09:10:12.773653089 UTC, cookie_domain = "twitter.com", cookie_path = "/", cookie_creation_time = 2026-03-23 09:10:12.773653089 UTC, cookie_last_access_time = 2026-03-23 09:10:12.773653089 UTC, cookie_persistent = True, cookie_host_only = False, cookie_secure_only = True, cookie_http_only = False},Cookie {cookie_name = "guest_id_ads", cookie_value = "v1%3A177425701268186904", cookie_expiry_time = 2028-03-22 09:10:12.773653089 UTC, cookie_domain = "twitter.com", cookie_path = "/", cookie_creation_time = 2026-03-23 09:10:12.773653089 UTC, cookie_last_access_time = 2026-03-23 09:10:12.773653089 UTC, cookie_persistent = True, cookie_host_only = False, cookie_secure_only = True, cookie_http_only = False},Cookie {cookie_name = "guest_id_marketing", cookie_value = "v1%3A177425701268186904", cookie_expiry_time = 2028-03-22 09:10:12.773653089 UTC, cookie_domain = "twitter.com", cookie_path = "/", cookie_creation_time = 2026-03-23 09:10:12.773653089 UTC, cookie_last_access_time = 2026-03-23 09:10:12.773653089 UTC, cookie_persistent = True, cookie_host_only = False, cookie_secure_only = True, cookie_http_only = False}]}, responseClose' = ResponseClose, responseOriginalRequest = Request {
  host                 = "publish.twitter.com"
  port                 = 443
  secure               = True
  requestHeaders       = []
  path                 = "/oembed"
  queryString          = "?url=https://twitter.com/pandoc_tips/status/1576105972103516160&align=center"
  method               = "GET"
  proxy                = Nothing
  rawBody              = False
  redirectCount        = 10
  responseTimeout      = ResponseTimeoutDefault
  requestVersion       = HTTP/1.1
  proxySecureMode      = ProxySecureWithConnect
}
, responseEarlyHints = []}) "<!DOCTYPE html>\n<html lang=\"en\" class=\"dog\">\n  <head>\n    <meta http-equiv=\"Content-Type\" content=\"text/html; charset=utf-8\">\n    <meta name=\"viewport\" content=\"width=device-width, initial-scale=1.0\">\n    <title>X / ?</title>\n    <meta name=\"version\" content=\"1\">\n    <link href=\"https://abs.twimg.com/favicons/twitter.3.ico\" rel=\"shortcut icon\" type=\"image/x-icon\">\n    <link rel=\"stylesheet\" href=\"https://abs.twimg.com/errors/fullscreen_errors-047ca1475a6efac7c9c89a9ff92b7a20.css\">\n  </head>\n  <body dir=\"auto\">\n    <div class=\"top\">\n      <svg xmlns=\"http://www.w3.org/2000/svg\" viewBox=\"0 0 1519 200\">\n        <defs/>\n        <path d=\"M708 103l9-5 13 1 2-2 5 1h8l1-1 42-5h7l7 3v1l12-2a9368 9368 0 0129-6l2-5 12 1 6-2 3 1 2 1v-2l13-2v1l4 2 7-1h1l17-3 1 2 4-1 18-7 3-1 4-1h9l13-1 1-4 3-2 13 1v2l22-2 10-3h6l10 5 16-5 15-3 2-1 8-4 6-2 12-1 7-2 8 5 7 1 22-9h7l5-1v-1l25-3 1 2 5 2v1h11l2 1 8-4h3l-1 1h11l10-6 6 3 9-1 4-1 1 1 1-2 6-1 1-1 10-2h2l7-5v1h4l3-1c11 0 23 2 34-3 2-2 7 0 10 0l12 1 4 1 9 2 12-1 11-3 11 1h4l10-6 17 1 2 1c9 2 19-3 22-11l1-1 9 1 15-5c3-1 9 4 9-5 5 0 5 3 5 7l2 3 4-1 4-2 9-4 3-3h3l8-4 6-3 26 2 7-4h18l7 1c10 3 13-6 17-12l8 4 3-1 14-3 15-2a38 38 0 01-5-1l-8-4 7-8 8-4-10-136-922 71 16 205z\"/>\n        <path d=\"M-36 193l9-5 13 1 2-2 5 1h8l1-1 42-5h7l7 3v1l12-2a9328 9328 0 0129-6l2-5 12 1 6-2 3 1 2 1v-2l13-2v1l4 2 7-1h1l17-3 1 2 4-1 18-7 3-1 4-1h9l13-1 1-4 3-2 13 1v2l22-2 10-3h6l10 5 16-5 15-3 2-1 8-4 6-2 12-1 7-2 8 5 7 1 22-9h7l5-1v-1l25-3 1 2 5 2v1h11l2 1 8-4h3l-1 1h9a6 6 0 002 0l10-6 6 3 9-1 4-1")
stack traceback:
	...nsions/collapse-social-embeds/collapse-social-embeds.lua:143: in function <...nsions/collapse-social-embeds/collapse-social-embeds.lua:131>
	[C]: in ?
	[C]: in method 'walk'
	...nsions/collapse-social-embeds/collapse-social-embeds.lua:242: in function <...nsions/collapse-social-embeds/collapse-social-embeds.lua:236>
	[C]: in ?
	[C]: in method 'walk'
	/opt/quarto/share/pandoc/datadir/_utils.lua:607: in function '_utils.walk'
	/opt/quarto/share/filters/main.lua:574: in local 'checked_walk'
	/opt/quarto/share/filters/main.lua:629: in function 'run_emulated_filter'
	/opt/quarto/share/filters/main.lua:1317: in local 'callback'
	[string "if pandoc.system.os == "mingw32" then..."]:778: in field 'withScriptFile'
	/opt/quarto/share/filters/main.lua:1333: in upvalue 'run_emulated_filter_chain'
	/opt/quarto/share/filters/main.lua:1371: in function </opt/quarto/share/filters/main.lua:1368>
stack traceback:
	...nsions/collapse-social-embeds/collapse-social-embeds.lua:242: in function <...nsions/collapse-social-embeds/collapse-social-embeds.lua:236>
	[C]: in ?
	[C]: in method 'walk'
	/opt/quarto/share/pandoc/datadir/_utils.lua:607: in function '_utils.walk'
	/opt/quarto/share/filters/main.lua:574: in local 'checked_walk'
	/opt/quarto/share/filters/main.lua:629: in function 'run_emulated_filter'
	/opt/quarto/share/filters/main.lua:1317
: in local 'callback'
	[string "if pandoc.system.os == "mingw32" then..."]:778: in field 'withScriptFile'
	/opt/quarto/share/filters/main.lua:1333: in upvalue '
run_emulated_filter_chain'
	/opt/quar
to/share/filters/main.lua:1371: in
 function </opt/qua
rto/share/filters
/main.lua:1368>
stack traceback:
	/opt/
quarto/share/pandoc/datadir/_utils.lua:
607: in function '_utils.w
alk'
	/opt/quarto/share
/filters/main.lua:574:
 in local 'checked_wa
lk'
	/opt/quarto/share
/filters/main.lua:629: in 
function 'run_emulat
ed_filter'
	/opt/quar
to/share/filters/main
.lua:1317: in l
ocal 'callback'
	[string "if pa
ndoc.system.os == "mingw
32" then..."]:778: in f
ield 'withScriptFile'

	/opt/quarto/share/fil
ters/main.lua:1333: in
 upvalue 'run_emulate
d_filter_chain'
	/opt
/quarto/share/filter
s/main.lua:1371: in f
unction </opt/quarto
/share/filters/main.
lua:1368>

(WARN) Error encountered when rendering files

