pandoc 

  to: latex
  output-file: example-lualatex.tex
  standalone: true
  pdf-engine: lualatex
  variables:
    graphics: true
    tables: true
  default-image-extension: pdf
  

metadata

  documentclass: scrartcl
  classoption:
    - DIV=11
    - numbers=noendperiod
  papersize: a4
  header-includes:
    - \KOMAoption{captions}{tableheading}
  block-headings: true
  title: Highlight-text Quarto Extension
  subtitle: Quarto Extension
  author:
    - name: Mickaël CANOUIL, _Ph.D._
      orcid: 0000-0002-3396-4549
      url: https://mickael.canouil.fr
  brand:
    light:
      color:
        palette:
          fg: '#ffffff'
          bg: '#b22222'
        foreground: '#333333'
        background: '#fafafa'
    dark:
      color:
        palette:
          fg: '#b22222'
          bg: '#ffffff'
        foreground: '#fafafa'
        background: '#333333'
  margin:
    x: 2.5cm
    'y': 2.5cm
  

(W) [highlight-text] Using "brand-color." prefix is deprecated. Please use the colour name directly (e.g., "fg" instead of "brand-color.fg").


Rendering PDF

running lualatex - 1

  This is LuaHBTeX, Version 1.24.0 (TeX Live 2026) 
   restricted system commands enabled.
  

updating tlmgr



updating existing packages

finding package for scrartcl.cls

> 1 package to install

> installing koma-script (1 of 1)

  This is LuaHBTeX, Version 1.24.0 (TeX Live 2026) 
   restricted system commands enabled.
  

running lualatex - 2

  This is LuaHBTeX, Version 1.24.0 (TeX Live 2026) 
   restricted system commands enabled.
  



Output created: highlight-lualatex.pdf


