Cloning into 'repo'...


processing file: computo-quarto-extension.qmd
1/17                    
2/17 [r-code]           
3/17                    
4/17 [setup-python-env] 
5/17                    
6/17 [fig-plotly]       
Error in py_call_impl(callable, call_args$unnamed, call_args$named) : 
  ModuleNotFoundError: No module named 'plotly'
Run `reticulate::py_last_error()` for details.
Calls: .main ... tryCatchList -> force -> <Anonymous> -> py_call_impl
In addition: Warning message:
Some Python package requirements declared via `py_require()` are not installed in the selected Python environment: (/home/vscode/.venv/bin/python)
  plotly==6.8.0 pandas kaleido==1.3.0 

Quitting from computo-quarto-extension.qmd:131-147 [fig-plotly]
Execution halted
WARN: Error encountered when rendering files
Render failed, retrying once...


processing file: computo-quarto-extension.qmd
1/17                    
2/17 [r-code]           
3/17                    
4/17 [setup-python-env] 
5/17                    
6/17 [fig-plotly]       
Error in py_call_impl(callable, call_args$unnamed, call_args$named) : 
  ModuleNotFoundError: No module named 'plotly'
Run `reticulate::py_last_error()` for details.
Calls: .main ... tryCatchList -> force -> <Anonymous> -> py_call_impl

Quitting from computo-quarto-extension.qmd:131-147 [fig-plotly]
Execution halted
WARN: Error encountered when rendering files
