(W) Accordion shortcode: No arguments provided. Provide contents either as yaml metadata (positional argument) or inline (label kwarg).

(W) Accordion shortcode: Use either a positional argument or named arguments (label), not both.

(W) Accordion shortcode: 'invalid label': Label contains invalid characters. Only letters, numbers, dashes (-) and underscores (_) are allowed.

(W) Accordion shortcode: 'nonexistent': Accordion entry not found in yaml metadata.

(W) Accordion shortcode: 'yaml-empty': Missing 'header' and 'body'.

(W) Accordion shortcode: 'yaml-missing-header': Item 1 is missing 'header'.

(W) Accordion shortcode: 'yaml-missing-body': Item 1 is missing 'body'.

(W) Accordion shortcode: 'inline-no-body': 'body' kwarg is missing.

(W) Accordion shortcode: 'inline-no-header': 'header' kwarg is missing.

[typst]: Compiling usage.typ to usage.pdf...
DONE



Rendering PDF

running lualatex - 1

  This is LuaHBTeX, Version 1.24.0 (TeX Live 2026) 
   restricted system commands enabled.
  

updating tlmgr



updating existing packages

finding package for scrartcl.cls

> 1 package to install

> installing koma-script (1 of 1)

(WARN) Error encountered when rendering files

(ERROR) tlmgr returned a non zero status code
You don't have permission to change the installation in any way,
specifically, the directory /opt/tinytex/tlpkg/ is not writable.
Please run this program as administrator, or contact your local admin.
tlmgr: An error has occurred. See above messages. Exiting.


Stack trace:
    at renderFiles (file:///opt/quarto/bin/quarto.js:136526:49)
    at eventLoopTick (ext:core/01_core.js:179:7)
    at async renderProject (file:///opt/quarto/bin/quarto.js:137069:23)
    at async _Command.actionHandler (file:///opt/quarto/bin/quarto.js:142399:24)
    at async _Command.execute (file:///opt/quarto/bin/quarto.js:102022:7)
    at async _Command.parseCommand (file:///opt/quarto/bin/quarto.js:101899:14)
    at async quarto4 (file:///opt/quarto/bin/quarto.js:187547:5)
    at async file:///opt/quarto/bin/quarto.js:187575:5
    at async file:///opt/quarto/bin/quarto.js:187430:14
    at async mainRunner (file:///opt/quarto/bin/quarto.js:187432:5)
    at async file:///opt/quarto/bin/quarto.js:187568:3

