Cloning into 'repo'...


processing file: template.qmd
1/3              
2/3 [fig-density]
Error in `library()`:
! there is no package called 'tidyverse'
Backtrace:
    x
 1. \-base::library(tidyverse)

Quitting from template.qmd:43-53 [fig-density]
Execution halted
WARN: Error encountered when rendering files
Render failed, retrying once...


processing file: template.qmd
1/3              
2/3 [fig-density]
Error in `library()`:
! there is no package called 'tidyverse'
Backtrace:
    x
 1. \-base::library(tidyverse)

Quitting from template.qmd:43-53 [fig-density]
Execution halted
WARN: Error encountered when rendering files
