

processing file: template.qmd

1/4                  

2/4 [unnamed-chunk-1]

3/4                  

4/4 [unnamed-chunk-2]

output file: template.knit.md


(ERROR) Theme file compilation failed:

Error: There is no module with the namespace "sass-color".
     ╷
3131 │ @if (sass-color.blackness($backgroundColor) > $code-block-theme-dark-threshhold) {
     │      ^^^^^^^^^^^^^^^^^^^^^^^^^^^^^^^^^^^^^^
     ╵

Stack trace:
    at dartCommand (file:///opt/quarto/bin/quarto.js:79166:11)
    at eventLoopTick (ext:core/01_core.js:179:7)
    at async dartCompile (file:///opt/quarto/bin/quarto.js:79120:3)
    at async file:///opt/quarto/bin/quarto.js:87607:9
    at async SassCache.setFromHash (file:///opt/quarto/bin/quarto.js:80043:11)
    at async compileSass (file:///opt/quarto/bin/quarto.js:87418:19)
    at async revealTheme (file:///opt/quarto/bin/quarto.js:184133:15)
    at async Object.formatExtras (file:///opt/quarto/bin/quarto.js:184290:23)
    at async runPandoc (file:///opt/quarto/bin/quarto.js:129215:56)
    at async renderPandoc (file:///opt/quarto/bin/quarto.js:130920:24)
    at async Object.onRender (file:///opt/quarto/bin/quarto.js:136863:30)
    at async renderFileInternal (file:///opt/quarto/bin/quarto.js:136840:9)
    at async renderFiles (file:///opt/quarto/bin/quarto.js:136571:9)
    at async render (file:///opt/quarto/bin/quarto.js:142225:19)
    at async _Command.actionHandler (file:///opt/quarto/bin/quarto.js:142470:24)
    at async _Command.execute (file:///opt/quarto/bin/quarto.js:102091:7)
    at async _Command.parseCommand (file:///opt/quarto/bin/quarto.js:101968:14)
    at async quarto4 (file:///opt/quarto/bin/quarto.js:187649:5)
    at async file:///opt/quarto/bin/quarto.js:187677:5
    at async file:///opt/quarto/bin/quarto.js:187532:14
    at async mainRunner (file:///opt/quarto/bin/quarto.js:187534:5)
    at async file:///opt/quarto/bin/quarto.js:187670:3

