

processing file: index.qmd

1/13                  

2/13 [unnamed-chunk-1]

3/13                  

4/13 [unnamed-chunk-2]

5/13                  

6/13 [unnamed-chunk-3]

7/13                  

8/13 [unnamed-chunk-4]

9/13                  

10/13 [unnamed-chunk-5]

11/13                  

12/13 [unnamed-chunk-6]

13/13                  

output file: index.knit.md


Error running filter /opt/q
uarto/share/filters/main.lua:
/opt/quarto/share/filters/main.lua:23080: attempt to call a nil value (method 'map')
stack traceback:
	/opt/quarto/share/filters/main.lu
a:937: in field 'Tabset'
	...extensions
/test-10/repo/docs/_extensions/t
abby/tabby.lua:212: in funct
ion <...extensions/test-10/r
epo/docs/_extensions/tabby/tabby.lua:147>
	(...tail 
calls...)
	[C]: in ?
	[C]:
 in method 'walk'
	/opt
/quarto/share/pandoc/da
tadir/_utils.lua:607: in function '_utils.walk
'
	/opt/quarto/share/filters/main.lu
a:574: in function </opt/quarto/shar
e/filters/main.lua:552>
	(...tail calls...)
	/opt/
quarto/share/filters/main.lua:1317:
 in local 'callback'
	[string "if pandoc.system.os == "mingw32" then..."]:778: in field 'withScriptFile'
	/opt/quarto/share/filters/main.lua:1333: in upvalue 'run_emulated_filter_chain'

	/opt/quarto/share/filters/main.lua:1371: i
n function </opt/quarto/sh
are/filters/main.lua:1
368>
stack traceback:

	/opt/quarto/share/p
andoc/datadir/_utils
.lua:607: in functio
n '_utils.walk'
	/opt/
quarto/share/filters/
main.lua:574: in fun
ction </opt/quarto/
share/filters/main.l
ua:552>
	(...tail ca
lls...)
	/opt/quart
o/share/filters/mai
n.lua:1317: in local
 'callback'
	[string "
if pandoc.system.os =
= "mingw32" then..."]
:778: in field 'withS
criptFile'
	/opt/quarto/s
hare/filters/main.lua:1333: in 
upvalue 'run_emulated_
filter_chain'
	/opt/qu
arto/share/filters/m
ain.lua:1371: in func
tion </opt/quarto/sha
re/filters/main.lua:1
368>

(WARN) Error encountered when rendering files

