Cloning into 'repo'...
Installing package into '/home/runner/work/quarto-extensions/quarto-extensions/test-10/R/x86_64-pc-linux-gnu-library/4.5'
(as 'lib' is unspecified)
trying URL 'https://packagemanager.posit.co/cran/__linux__/jammy/latest/src/contrib/renv_1.1.8.tar.gz'
Content type 'binary/octet-stream' length 2336300 bytes (2.2 MB)
==================================================
downloaded 2.2 MB

* installing *binary* package 'renv' ...
* DONE (renv)

The downloaded source packages are in
	'/tmp/RtmpqZn4wb/downloaded_packages'
The R temporary directory appears to be within a folder mounted as 'noexec'.
Installation of R packages from sources may fail.
See the section **Note** within `?INSTALL` for more details.

tempdir(): /tmp/RtmpqZn4wb
Using CPython 3.13.9 interpreter at: /usr/local/python/current/bin/python
Creating virtual environment at: .venv
Activate with: source .venv/bin/activate
Resolved 13 packages in 326ms
Downloading numpy (15.8MiB)
Downloading matplotlib (8.3MiB)
Downloading pandas (10.4MiB)
Downloading pillow (6.7MiB)
Downloading fonttools (4.7MiB)
Downloading kiwisolver (1.4MiB)
 Downloaded kiwisolver
 Downloaded fonttools
 Downloaded pillow
 Downloaded matplotlib
 Downloaded numpy
 Downloaded pandas
Prepared 13 packages in 771ms
Installed 13 packages in 442ms
 + contourpy==1.3.3
 + cycler==0.12.1
 + fonttools==4.62.1
 + kiwisolver==1.5.0
 + matplotlib==3.10.8
 + numpy==2.4.3
 + packaging==26.0
 + pandas==3.0.1
 + pillow==12.1.1
 + pyparsing==3.3.2
 + python-dateutil==2.9.0.post0
 + seaborn==0.13.2
 + six==1.17.0
[1/4] index.qmd


processing file: index.qmd
1/13                  
2/13 [unnamed-chunk-1]
Error in loadNamespace(x) : there is no package called 'reticulate'
Calls: .main ... loadNamespace -> withRestarts -> withOneRestart -> doWithOneRestart
In addition: Warning message:
The 'python' engine in knitr requires the reticulate package. If you do not want to use the reticulate package, set the chunk option python.reticulate = FALSE. 

Quitting from index.qmd:56-58 [unnamed-chunk-1]
Execution halted
WARN: Error encountered when rendering files
Render failed, retrying once...
[1/4] index.qmd


processing file: index.qmd
1/13                  
2/13 [unnamed-chunk-1]
Error in loadNamespace(x) : there is no package called 'reticulate'
Calls: .main ... loadNamespace -> withRestarts -> withOneRestart -> doWithOneRestart
In addition: Warning message:
The 'python' engine in knitr requires the reticulate package. If you do not want to use the reticulate package, set the chunk option python.reticulate = FALSE. 

Quitting from index.qmd:56-58 [unnamed-chunk-1]
Execution halted
WARN: Error encountered when rendering files
