pandoc 

  to: html
  output-file: example.html
  standalone: true
  section-divs: true
  html-math-method: mathjax
  wrap: none
  default-image-extension: png
  variables:
    quarto:
      language:
        toc-title-document: Table of contents
        toc-title-website: On this page
        related-formats-title: Other Formats
        related-notebooks-title: Notebooks
        source-notebooks-prefix: Source
        other-links-title: Other Links
        code-links-title: Code Links
        launch-dev-container-title: Launch Dev Container
        launch-binder-title: Launch Binder
        article-notebook-label: Article Notebook
        notebook-preview-download: Download Notebook
        notebook-preview-download-src: Download Source
        notebook-preview-back: Back to Article
        manuscript-meca-bundle: MECA Bundle
        section-title-abstract: Abstract
        section-title-appendices: Appendices
        section-title-footnotes: Footnotes
        section-title-references: References
        section-title-reuse: Reuse
        section-title-copyright: Copyright
        section-title-citation: Citation
        appendix-attribution-cite-as: 'For attribution, please cite this work as:'
        appendix-attribution-bibtex: 'BibTeX citation:'
        appendix-view-license: View License
        title-block-author-single: Author
        title-block-author-plural: Authors
        title-block-affiliation-single: Affiliation
        title-block-affiliation-plural: Affiliations
        title-block-published: Published
        title-block-modified: Modified
        title-block-keywords: Keywords
        callout-tip-title: Tip
        callout-note-title: Note
        callout-warning-title: Warning
        callout-important-title: Important
        callout-caution-title: Caution
        code-summary: Code
        code-tools-menu-caption: Code
        code-tools-show-all-code: Show All Code
        code-tools-hide-all-code: Hide All Code
        code-tools-view-source: View Source
        code-tools-source-code: Source Code
        tools-share: Share
        tools-download: Download
        code-line: Line
        code-lines: Lines
        copy-button-tooltip: Copy to Clipboard
        copy-button-tooltip-success: Copied!
        repo-action-links-edit: Edit this page
        repo-action-links-source: View source
        repo-action-links-issue: Report an issue
        back-to-top: Back to top
        search-no-results-text: No results
        search-matching-documents-text: matching documents
        search-copy-link-title: Copy link to search
        search-hide-matches-text: Hide additional matches
        search-more-match-text: more match in this document
        search-more-matches-text: more matches in this document
        search-clear-button-title: Clear
        search-text-placeholder: ''
        search-detached-cancel-button-title: Cancel
        search-submit-button-title: Submit
        search-label: Search
        toggle-section: Toggle section
        toggle-sidebar: Toggle sidebar navigation
        toggle-dark-mode: Toggle dark mode
        toggle-reader-mode: Toggle reader mode
        toggle-navigation: Toggle navigation
        crossref-fig-title: Figure
        crossref-tbl-title: Table
        crossref-lst-title: Listing
        crossref-thm-title: Theorem
        crossref-lem-title: Lemma
        crossref-cor-title: Corollary
        crossref-prp-title: Proposition
        crossref-cnj-title: Conjecture
        crossref-def-title: Definition
        crossref-exm-title: Example
        crossref-exr-title: Exercise
        crossref-ch-prefix: Chapter
        crossref-apx-prefix: Appendix
        crossref-sec-prefix: Section
        crossref-eq-prefix: Equation
        crossref-lof-title: List of Figures
        crossref-lot-title: List of Tables
        crossref-lol-title: List of Listings
        environment-proof-title: Proof
        environment-remark-title: Remark
        environment-solution-title: Solution
        listing-page-order-by: Order By
        listing-page-order-by-default: Default
        listing-page-order-by-date-asc: Oldest
        listing-page-order-by-date-desc: Newest
        listing-page-order-by-number-desc: High to Low
        listing-page-order-by-number-asc: Low to High
        listing-page-field-date: Date
        listing-page-field-title: Title
        listing-page-field-description: Description
        listing-page-field-author: Author
        listing-page-field-filename: File Name
        listing-page-field-filemodified: Modified
        listing-page-field-subtitle: Subtitle
        listing-page-field-readingtime: Reading Time
        listing-page-field-wordcount: Word Count
        listing-page-field-categories: Categories
        listing-page-minutes-compact: '{0} min'
        listing-page-category-all: All
        listing-page-no-matches: No matching items
        listing-page-words: '{0} words'
        listing-page-filter: Filter
        draft: Draft
  

metadata

  document-css: false
  link-citations: true
  date-format: long
  lang: en
  title: TikZ Example
  tikz:
    cache: false
    save-tex: true
    tex-dir: tikz-tex
  

ERROR (/home/runner/work/quarto-extensions/quarto-extensions/test-8/repo/_extensions/tikz/tikz.lua:279) inkscape not found. Please install it (the configured svg converter) to convert TeX output to SVG.

ERROR (/home/runner/work/quarto-extensions/quarto-extensions/test-8/repo/_extensions/tikz/tikz.lua:347) Error compiling TikZ figure 'stick-figure':
Error running pdflatex (error code 1): This is pdfTeX, Version 3.141592653-2.6-1.40.29 (TeX Live 2026) (preloaded format=pdflatex)
 restricted \write18 enabled.
entering extended mode
(./stick-figure.tex
LaTeX2e <2025-11-01>
L3 programming layer <2026-04-28>

! LaTeX Error: File `standalone.cls' not found.

Type X to quit or <RETURN> to proceed,
or enter new name. (Default extension: cls)

Enter file name: 
! Emergency stop.
<read *> 
         
l.3 ^^M
       
!  ==> Fatal error occurred, no output PDF file produced!
Transcript written on stick-figure.log.

LaTeX Log:
This is pdfTeX, Version 3.141592653-2.6-1.40.29 (TeX Live 2026) (preloaded format=pdflatex 2026.5.22)  22 MAY 2026 19:08
entering extended mode
 restricted \write18 enabled.
 %&-line parsing enabled.
**stick-figure.tex
(./stick-figure.tex
LaTeX2e <2025-11-01>
L3 programming layer <2026-04-28>

! LaTeX Error: File `standalone.cls' not found.

Type X to quit or <RETURN> to proceed,
or enter new name. (Default extension: cls)

Enter file name: 
! Emergency stop.
<read *> 
         
l.3 ^^M
       
*** (cannot \read from terminal in nonstop modes)

 
Here is how much of TeX's memory you used:
 19 strings out of 469288
 452 string characters out of 5465907
 435241 words of memory out of 5000000
 28963 multiletter control sequences out of 15000+600000
 627721 words of font info for 40 fonts, out of 8000000 for 9000
 36 hyphenation exceptions out of 8191
 19i,0n,29p,80b,17s stack positions out of 10000i,1000n,20000p,200000b,200000s
!  ==> Fatal error occurred, no output PDF file produced!

TikZ Code:
%%| filename: stick-figure
%%| caption: A Stick Figure

\begin{tikzpicture}[scale=2, transform shape]
  % Head
  \draw (0,0) circle (1cm);
  % Body
  \draw (0,-1) -- (0,-3);
  % Arms
  \draw (-1,-2) -- (0,-1) -- (1,-2);
  % Legs
  \draw (-1,-4) -- (0,-3) -- (1,-4);
\end{tikzpicture}

ERROR (/home/runner/work/quarto-extensions/quarto-extensions/test-8/repo/_extensions/tikz/tikz.lua:417) Error converting to SVG (command: inkscape) for TikZ figure 'stick-figure':
inkscape: createProcess: posix_spawnp: does not exist (No such file or directory)
TikZ Code:
%%| filename: stick-figure
%%| caption: A Stick Figure

\begin{tikzpicture}[scale=2, transform shape]
  % Head
  \draw (0,0) circle (1cm);
  % Body
  \draw (0,-1) -- (0,-3);
  % Arms
  \draw (-1,-2) -- (0,-1) -- (1,-2);
  % Legs
  \draw (-1,-4) -- (0,-3) -- (1,-4);
\end{tikzpicture}
ERROR (/home/runner/work/quarto-extensions/quarto-extensions/test-8/repo/_extensions/tikz/tikz.lua:424) Failed to read generated SVG file for TikZ figure 'stick-figure'.
TikZ Code:
%%| filename: stick-figure
%%| caption: A Stick Figure

\begin{tikzpicture}[scale=2, transform shape]
  % Head
  \draw (0,0) circle (1cm);
  % Body
  \draw (0,-1) -- (0,-3);
  % Arms
  \draw (-1,-2) -- (0,-1) -- (1,-2);
  % Legs
  \draw (-1,-4) -- (0,-3) -- (1,-4);
\end{tikzpicture}

Error runnin
g filter /opt/quarto/share/filters/main.lua:
string expected, got nil
	while retrieving function argument contents
	while retrievin
g arguments for function insert
stack traceback:
	.../quarto-extensions/test-8/repo/_extension
s/tikz/tikz.lua:544: in function <.../quarto-extensions/test-8/repo/_extensions/tikz/tikz.lua:446>
	[C]: 
in ?
	[C]: in method 'walk'
	.../quarto-extensions/test-8/re
po/_extensions/tikz/tikz.lua:753: in function <.../quarto-extensions/test-8/repo/_extensio
ns/tikz/tikz.lua:751>
	[C]: in ?
	[C]: in method 'walk'
	/opt/quarto/share/pandoc/datadir/_utils.l
ua:607: in function '_utils.walk'
	/opt/quarto/share/filters/mai
n.lua:574: in local 'checked_walk'
	/opt/quarto/share/filters/main.lua:629
: in function 'run_emulated_filter'
	/opt/quarto/share/filter
s/main.lua:1317: in local 'callback'
	[string "if
 pandoc.system.os == "mingw32" then..
."]:778: in field 'withScriptFile
'
	/opt/quarto/share/filters/m
ain.lua:1333: in upvalue 'run_em
ulated_filter_chain'
	/opt/quar
to/share/filters/main.lua:1371:
 in function </opt/quarto/shar
e/filters/main.lua:1368>
stack trace
back:
	.../quarto-extensions/test-8/r
epo/_extensions/tikz/tikz.lua:75
3: in function <.../quarto-exte
nsions/test-8/repo/_extensions/
tikz/tikz.lua:751>
	[C]: in ?

	[C]: in method 'walk'
	/opt/q
uarto/share/pandoc/datadir/_uti
ls.lua:607: in function '_utils
.walk'
	/opt/quarto/share/fil
ters/main.lua:574: in local 'c
hecked_walk'
	/opt/quarto/sha
re/filters/main.lua:629: in fu
nction 'run_emulated_filter'
	/opt/qu
arto/share/filters/main.lua:1317: in 
local 'callback'
	[string "if pan
doc.system.os == "mingw32" then
..."]:778: in field 'withScrip
tFile'
	/opt/quarto/share/filt
ers/main.lua:1333: in upvalue
 'run_emulated_filter_chain'
	
/opt/quarto/share/filters/main
.lua:1371: in function </opt/
quarto/share/filters/main.lua:1368>
stack traceback:
	/op
t/quarto/share/pandoc/datadir/_utils.lua:607: in function '_u
tils.walk'
	/opt/quarto/share/filters/main.lua:574: in local 'checked_walk
'
	/opt/quarto/share/filters/main.lua:629
: in function 'run_emulated_fil
ter'
	/opt/quarto/share/filters/main.lua:1317: in local
 'callback'
	[string "if pandoc.system.os == "mingw32" then..."]:778: in f
ield 'withScriptFile'
	/opt/quarto/share/filters
/main.lua:1333: in upvalue 'run_emu
lated_filter_chain'
	/opt/quarto/share/filters/main.lua
:1371: in function </opt/quarto/share/filters/main.lua:1368>


(WARN) Error encountered when rendering files

