

processing file: template.qmd

1/5                  

2/5 [unnamed-chunk-1]

3/5                  

4/5 [tbl-glm]        

5/5                  

output file: template.knit.md


pandoc 

  to: latex
  output-file: template.tex
  standalone: true
  pdf-engine: lualatex
  variables:
    graphics: true
    tables: true
  default-image-extension: pdf
  number-sections: true
  

metadata

  block-headings: true
  knitr:
    opts_chunk:
      echo: false
  documentclass: interact
  colorlinks: true
  header-includes:
    - |
      \usepackage{orcidlink}
  engines:
    - path: /opt/quarto/share/extension-subtrees/julia-engine/_extensions/julia-engine/julia-engine.js
  title: Demo Taylor and Francis template
  author:
    - name: Michael J Mahoney
      affiliations:
        - ref: GPES
      orcid: 0000-0003-2402-304X
      email: fake.email@fakeyfake.com
      url: https://mm218.dev
    - name: Another One
      affiliations:
        - ref: GPES
    - name: Someone Else
      email: test@email.com
      affiliations:
        - ref: SRM
  affiliations:
    - id: GPES
      name: State University of New York College of Environmental Science and Forestry
      department: Graduate Program in Environmental Science
      address: 1 Forestry Drive
      city: Syracuse, NY
      country: USA
      postal-code: 13210
    - id: SRM
      name: State University of New York College of Environmental Science and Forestry
      department: Department of Sustainable Resources Management
      address: 1 Forestry Drive
      city: Syracuse, NY
      country: USA
      postal-code: 13210
  abstract: |
    This document is only a demo explaining how to use the template.
  keywords:
    - template
    - demo
  bibliography:
    - bibliography.bib
  



processing file: template.qmd

1/5                  

2/5 [unnamed-chunk-1]

3/5                  

4/5 [tbl-glm]        

5/5                  

output file: template.knit.md


pandoc 

  to: html
  output-file: template.html
  standalone: true
  section-divs: true
  html-math-method: mathjax
  wrap: none
  default-image-extension: png
  number-sections: true
  toc: true
  variables: {}
  

metadata

  document-css: false
  link-citations: true
  date-format: long
  lang: en
  knitr:
    opts_chunk:
      echo: false
  csl: https://www.zotero.org/styles/taylor-and-francis-chicago-author-date
  engines:
    - path: /opt/quarto/share/extension-subtrees/julia-engine/_extensions/julia-engine/julia-engine.js
  title: Demo Taylor and Francis template
  author:
    - name: Michael J Mahoney
      affiliations:
        - ref: GPES
      orcid: 0000-0003-2402-304X
      email: fake.email@fakeyfake.com
      url: https://mm218.dev
    - name: Another One
      affiliations:
        - ref: GPES
    - name: Someone Else
      email: test@email.com
      affiliations:
        - ref: SRM
  affiliations:
    - id: GPES
      name: State University of New York College of Environmental Science and Forestry
      department: Graduate Program in Environmental Science
      address: 1 Forestry Drive
      city: Syracuse, NY
      country: USA
      postal-code: 13210
    - id: SRM
      name: State University of New York College of Environmental Science and Forestry
      department: Department of Sustainable Resources Management
      address: 1 Forestry Drive
      city: Syracuse, NY
      country: USA
      postal-code: 13210
  abstract: |
    This document is only a demo explaining how to use the template.
  keywords:
    - template
    - demo
  bibliography:
    - bibliography.bib
  


Rendering PDF

running lualatex - 1

  This is LuaHBTeX, Version 1.24.0 (TeX Live 2026) 
   restricted system commands enabled.
  

updating tlmgr



updating existing packages

finding package for luacolor.sty

> 1 package to install

> installing luacolor (1 of 1)

(WARN) Error encountered when rendering files

(ERROR) tlmgr returned a non zero status code
You don't have permission to change the installation in any way,
specifically, the directory /opt/tinytex/tlpkg/ is not writable.
Please run this program as administrator, or contact your local admin.
tlmgr: An error has occurred. See above messages. Exiting.


Stack trace:
    at renderFiles (file:///opt/quarto/bin/quarto.js:136526:49)
    at eventLoopTick (ext:core/01_core.js:179:7)
    at async renderProject (file:///opt/quarto/bin/quarto.js:137069:23)
    at async _Command.actionHandler (file:///opt/quarto/bin/quarto.js:142399:24)
    at async _Command.execute (file:///opt/quarto/bin/quarto.js:102022:7)
    at async _Command.parseCommand (file:///opt/quarto/bin/quarto.js:101899:14)
    at async quarto4 (file:///opt/quarto/bin/quarto.js:187547:5)
    at async file:///opt/quarto/bin/quarto.js:187575:5
    at async file:///opt/quarto/bin/quarto.js:187430:14
    at async mainRunner (file:///opt/quarto/bin/quarto.js:187432:5)
    at async file:///opt/quarto/bin/quarto.js:187568:3

