Cloning into 'repo'...
Installing package into '/home/runner/work/quarto-extensions/quarto-extensions/test-22/R/x86_64-pc-linux-gnu-library/4.5'
(as 'lib' is unspecified)
trying URL 'https://packagemanager.posit.co/cran/__linux__/jammy/latest/src/contrib/renv_1.1.8.tar.gz'
Content type 'binary/octet-stream' length 2336300 bytes (2.2 MB)
==================================================
downloaded 2.2 MB

* installing *binary* package 'renv' ...
* DONE (renv)

The downloaded source packages are in
	'/tmp/RtmpwPI39D/downloaded_packages'
The R temporary directory appears to be within a folder mounted as 'noexec'.
Installation of R packages from sources may fail.
See the section **Note** within `?INSTALL` for more details.

tempdir(): /tmp/RtmpwPI39D


processing file: template.qmd
1/5                  
2/5 [unnamed-chunk-1]
3/5                  
4/5 [tbl-glm]        
5/5                  
output file: template.knit.md

pandoc 
  to: latex
  output-file: template.tex
  standalone: true
  pdf-engine: lualatex
  variables:
    graphics: true
    tables: true
  default-image-extension: pdf
  number-sections: true
  
metadata
  block-headings: true
  knitr:
    opts_chunk:
      echo: false
  documentclass: interact
  colorlinks: true
  header-includes:
    - |
      \usepackage{orcidlink}
  engines:
    - path: /opt/quarto/share/extension-subtrees/julia-engine/_extensions/julia-engine/julia-engine.js
  title: Demo Taylor and Francis template
  author:
    - name: Michael J Mahoney
      affiliations:
        - ref: GPES
      orcid: 0000-0003-2402-304X
      email: fake.email@fakeyfake.com
      url: https://mm218.dev
    - name: Another One
      affiliations:
        - ref: GPES
    - name: Someone Else
      email: test@email.com
      affiliations:
        - ref: SRM
  affiliations:
    - id: GPES
      name: State University of New York College of Environmental Science and Forestry
      department: Graduate Program in Environmental Science
      address: 1 Forestry Drive
      city: Syracuse, NY
      country: USA
      postal-code: 13210
    - id: SRM
      name: State University of New York College of Environmental Science and Forestry
      department: Department of Sustainable Resources Management
      address: 1 Forestry Drive
      city: Syracuse, NY
      country: USA
      postal-code: 13210
  abstract: |
    This document is only a demo explaining how to use the template.
  keywords:
    - template
    - demo
  bibliography:
    - bibliography.bib
  


processing file: template.qmd
1/5                  
2/5 [unnamed-chunk-1]
3/5                  
4/5 [tbl-glm]        
5/5                  
output file: template.knit.md

pandoc 
  to: html
  output-file: template.html
  standalone: true
  section-divs: true
  html-math-method: mathjax
  wrap: none
  default-image-extension: png
  number-sections: true
  toc: true
  variables: {}
  
metadata
  document-css: false
  link-citations: true
  date-format: long
  lang: en
  knitr:
    opts_chunk:
      echo: false
  csl: https://www.zotero.org/styles/taylor-and-francis-chicago-author-date
  engines:
    - path: /opt/quarto/share/extension-subtrees/julia-engine/_extensions/julia-engine/julia-engine.js
  title: Demo Taylor and Francis template
  author:
    - name: Michael J Mahoney
      affiliations:
        - ref: GPES
      orcid: 0000-0003-2402-304X
      email: fake.email@fakeyfake.com
      url: https://mm218.dev
    - name: Another One
      affiliations:
        - ref: GPES
    - name: Someone Else
      email: test@email.com
      affiliations:
        - ref: SRM
  affiliations:
    - id: GPES
      name: State University of New York College of Environmental Science and Forestry
      department: Graduate Program in Environmental Science
      address: 1 Forestry Drive
      city: Syracuse, NY
      country: USA
      postal-code: 13210
    - id: SRM
      name: State University of New York College of Environmental Science and Forestry
      department: Department of Sustainable Resources Management
      address: 1 Forestry Drive
      city: Syracuse, NY
      country: USA
      postal-code: 13210
  abstract: |
    This document is only a demo explaining how to use the template.
  keywords:
    - template
    - demo
  bibliography:
    - bibliography.bib
  

Rendering PDF
running lualatex - 1
  This is LuaHBTeX, Version 1.24.0 (TeX Live 2026) 
   restricted system commands enabled.
  
  luaotfload | db : Font names database not found, generating new one.
  luaotfload | db : This can take several minutes; please be patient.
updating tlmgr

updating existing packages
finding package for luacolor.sty
> 1 package to install
> installing luacolor (1 of 1)
  This is LuaHBTeX, Version 1.24.0 (TeX Live 2026) 
   restricted system commands enabled.
  
finding package for lua-ul.sty
> 1 package to install
> installing lua-ul (1 of 1)
  This is LuaHBTeX, Version 1.24.0 (TeX Live 2026) 
   restricted system commands enabled.
  
finding package for multirow.sty
> 1 package to install
> installing multirow (1 of 1)
  This is LuaHBTeX, Version 1.24.0 (TeX Live 2026) 
   restricted system commands enabled.
  
finding package for wrapfig.sty
> 1 package to install
> installing wrapfig (1 of 1)
  This is LuaHBTeX, Version 1.24.0 (TeX Live 2026) 
   restricted system commands enabled.
  
finding package for colortbl.sty
> 1 package to install
> installing colortbl (1 of 1)
  This is LuaHBTeX, Version 1.24.0 (TeX Live 2026) 
   restricted system commands enabled.
  
finding package for pdflscape.sty
> 1 package to install
> installing pdflscape (1 of 1)
  This is LuaHBTeX, Version 1.24.0 (TeX Live 2026) 
   restricted system commands enabled.
  
finding package for tabu.sty
> 1 package to install
> installing tabu (1 of 1)
  This is LuaHBTeX, Version 1.24.0 (TeX Live 2026) 
   restricted system commands enabled.
  
finding package for threeparttable.sty
> 1 package to install
> installing threeparttable (1 of 1)
  This is LuaHBTeX, Version 1.24.0 (TeX Live 2026) 
   restricted system commands enabled.
  
finding package for threeparttablex.sty
> 1 package to install
> installing threeparttablex (1 of 1)
  This is LuaHBTeX, Version 1.24.0 (TeX Live 2026) 
   restricted system commands enabled.
  
finding package for environ.sty
> 1 package to install
> installing environ (1 of 1)
  This is LuaHBTeX, Version 1.24.0 (TeX Live 2026) 
   restricted system commands enabled.
  
finding package for ulem.sty
> 1 package to install
> installing ulem (1 of 1)
  This is LuaHBTeX, Version 1.24.0 (TeX Live 2026) 
   restricted system commands enabled.
  
finding package for makecell.sty
> 1 package to install
> installing makecell (1 of 1)
  This is LuaHBTeX, Version 1.24.0 (TeX Live 2026) 
   restricted system commands enabled.
  
finding package for tikz.sty
> 1 package to install
> installing pgf (1 of 1)
  This is LuaHBTeX, Version 1.24.0 (TeX Live 2026) 
   restricted system commands enabled.
  
finding package for caption.sty
> 1 package to install
> installing caption (1 of 1)
  This is LuaHBTeX, Version 1.24.0 (TeX Live 2026) 
   restricted system commands enabled.
  
running lualatex - 2
  This is LuaHBTeX, Version 1.24.0 (TeX Live 2026) 
   restricted system commands enabled.
  

Output created: template.pdf

