

processing file: qpanelize-cell.qmd

1
/5                  
2/5 [unnamed-chunk-1]

3
/
5                  
4/5 [unnamed-chunk-2]

5
/
5                  

output file: qpanelize-cell.knit.md


FATAL (/opt/quarto/share/filters/main.lua:3760) An error occurred:
Could not run /home/runner/work/quarto-extensions/quarto-extensions/test-24/repo/docs/panelize as a JSON filter.
Please make sure the file exists and is executable.

Did you intend 'panelize' as a Lua filter in an extension?
If so, make sure you've spelled the name of the extension correctly.

The original Pandoc error follows below.
Error running filter /home/runner/work/quarto-extensions/quarto-extensions/test-24/repo/docs/panelize:
Could not find executable /home/runner/work/quarto-extensions/quarto-extensions/test-24/repo/docs/panelize

Error running f
ilter /opt/quarto/share/filters/main.lua:
/opt/quarto/share/filters/main.lua:588: FATAL QUARTO ERROR
stack tra
ceback:
	/opt/quarto/share/filte
rs/main.lua:2622: in function
 'fatal'
	/opt/quarto/share
/filters/main.lua:2202: in
 function 'fail'
	/opt/qua
rto/share/filters/main.lu
a:3760: in field 'Pandoc'

	/opt/quarto/share/filter
s/main.lua:588: in function 'run_
emulated_filter'
	/opt/quarto/sh
are/filters/main.lua:1317: 
in local 'callback'
	/opt
/quarto/share/filters/mai
n.lua:1335: in upvalue 'run_emu
lated_filter_chain'
	/op
t/quarto/share/filters/m
ain.lua:1371: in function 
</opt/quarto/share/filter
s/main.lua:1368>

(WARN) Error encountered when rendering files

