Cloning into 'repo'...
Installing package into '/cache/r-lib-0'
(as 'lib' is unspecified)
trying URL 'https://packagemanager.posit.co/cran/latest/src/contrib/renv_1.2.3.tar.gz'
Content type 'binary/octet-stream' length 1375285 bytes (1.3 MB)
==================================================
downloaded 1.3 MB

* installing *source* package 'renv' ...
** this is package 'renv' version '1.2.3'
** package 'renv' successfully unpacked and MD5 sums checked
** using staged installation
** R
** inst
** byte-compile and prepare package for lazy loading
** help
*** installing help indices
*** copying figures
** building package indices
** installing vignettes
** testing if installed package can be loaded from temporary location
** checking absolute paths in shared objects and dynamic libraries
** testing if installed package can be loaded from final location
** testing if installed package keeps a record of temporary installation path
* DONE (renv)

The downloaded source packages are in
	'/tmp/RtmpsvBAVy/downloaded_packages'
Using CPython 3.13.9 interpreter at: /usr/local/python/current/bin/python
Creating virtual environment at: .venv
Activate with: source .venv/bin/activate
Resolved 11 packages in 329ms
Downloading pillow (6.6MiB)
Downloading fonttools (4.7MiB)
Downloading matplotlib (9.6MiB)
Downloading numpy (15.9MiB)
Downloading kiwisolver (1.4MiB)
 Downloaded kiwisolver
 Downloaded pillow
 Downloaded fonttools
 Downloaded matplotlib
 Downloaded numpy
Prepared 11 packages in 715ms
Installed 11 packages in 300ms
 + contourpy==1.3.3
 + cycler==0.12.1
 + fonttools==4.63.0
 + kiwisolver==1.5.0
 + matplotlib==3.11.0
 + numpy==2.5.1
 + packaging==26.2
 + pillow==12.3.0
 + pyparsing==3.3.2
 + python-dateutil==2.9.0.post0
 + six==1.17.0
[1/6] qpanelize-release-notes.qmd
[2/6] qpanelize-cell.qmd


processing file: qpanelize-cell.qmd
1/5                  
2/5 [unnamed-chunk-1]
3/5                  
4/5 [unnamed-chunk-2]
5/5                  
output file: qpanelize-cell.knit.md

[31mFATAL (/opt/quarto/share/filters/main.lua:3760) An error occurred:
Could not run /home/runner/work/quarto-extensions/quarto-extensions/test-0/repo/docs/panelize as a JSON filter.
Please make sure the file exists and is executable.

Did you intend 'panelize' as a Lua filter in an extension?
If so, make sure you've spelled the name of the extension correctly.

The original Pandoc error follows below.
Error running filter /home/runner/work/quarto-extensions/quarto-extensions/test-0/repo/docs/panelize:
Could not find executable /home/runner/work/quarto-extensions/quarto-extensions/test-0/repo/docs/panelize
[39mError running filter /opt/quarto/share/filters/main.lua:
/opt/quarto/share/filters/main.lua:588: FATAL QUARTO ERROR
stack traceback:
	/opt/quarto/share/filters/main.lua:2622: in function 'fatal'
	/opt/quarto/share/filters/main.lua:2202: in function 'fail'
	/opt/quarto/share/filters/main.lua:3760: in field 'Pandoc'
	/opt/quarto/share/filters/main.lua:588: in function 'run_emulated_filter'
	/opt/quarto/share/filters/main.lua:1317: in local 'callback'
	/opt/quarto/share/filters/main.lua:1335: in upvalue 'run_emulated_filter_chain'
	/opt/quarto/share/filters/main.lua:1371: in function </opt/quarto/share/filters/main.lua:1368>
WARN: Error encountered when rendering files
Render failed, retrying once...
[1/6] qpanelize-release-notes.qmd
[2/6] qpanelize-cell.qmd


processing file: qpanelize-cell.qmd
1/5                  
2/5 [unnamed-chunk-1]
3/5                  
4/5 [unnamed-chunk-2]
5/5                  
output file: qpanelize-cell.knit.md

[31mFATAL (/opt/quarto/share/filters/main.lua:3760) An error occurred:
Could not run /home/runner/work/quarto-extensions/quarto-extensions/test-0/repo/docs/panelize as a JSON filter.
Please make sure the file exists and is executable.

Did you intend 'panelize' as a Lua filter in an extension?
If so, make sure you've spelled the name of the extension correctly.

The original Pandoc error follows below.
Error running filter /home/runner/work/quarto-extensions/quarto-extensions/test-0/repo/docs/panelize:
Could not find executable /home/runner/work/quarto-extensions/quarto-extensions/test-0/repo/docs/panelize
[39mError running filter /opt/quarto/share/filters/main.lua:
/opt/quarto/share/filters/main.lua:588: FATAL QUARTO ERROR
stack traceback:
	/opt/quarto/share/filters/main.lua:2622: in function 'fatal'
	/opt/quarto/share/filters/main.lua:2202: in function 'fail'
	/opt/quarto/share/filters/main.lua:3760: in field 'Pandoc'
	/opt/quarto/share/filters/main.lua:588: in function 'run_emulated_filter'
	/opt/quarto/share/filters/main.lua:1317: in local 'callback'
	/opt/quarto/share/filters/main.lua:1335: in upvalue 'run_emulated_filter_chain'
	/opt/quarto/share/filters/main.lua:1371: in function </opt/quarto/share/filters/main.lua:1368>
WARN: Error encountered when rendering files
