pandoc 

  to: typst
  output-file: example.typ
  standalone: true
  shift-heading-level-by: -1
  default-image-extension: svg
  wrap: none
  citeproc: false
  variables: {}
  

metadata

  title: Div Reuse Quarto Extension
  subtitle: Quarto Extension
  author:
    - name: Mickaël CANOUIL, _Ph.D._
      orcid: 0000-0002-3396-4549
      url: https://mickael.canouil.fr
  papersize: a4
  margin:
    x: 2.5cm
    'y': 2.5cm
  

[typst]: Compiling example.typ to example.pdf...
downloading @preview/fontawesome:0.5.0

 73.0 KiB /  73.0 KiB (100 %)  73.0 KiB/s in 2.51 ms ETA: 0 s


DONE


Output created: div-reuse-typst.pdf


