Cloning into 'repo'...


processing file: example.qmd
1/3             
2/3 [parameters]
3/3             
output file: example.knit.md

pandoc 
  to: html
  output-file: example.html
  standalone: true
  embed-resources: true
  section-divs: true
  html-math-method: mathjax
  wrap: none
  default-image-extension: png
  variables: {}
  
metadata
  document-css: false
  link-citations: true
  date-format: long
  lang: en
  title: Quarto Style Text Extension Example
  abstract: This is an example document of quarto style text extension.
  
Output created: example.html



processing file: example.qmd
1/3             
2/3 [parameters]
3/3             
output file: example.knit.md

pandoc 
  to: latex
  output-file: example.tex
  standalone: true
  pdf-engine: lualatex
  variables:
    graphics: true
    tables: true
  default-image-extension: pdf
  
metadata
  documentclass: scrartcl
  classoption:
    - DIV=11
    - numbers=noendperiod
  papersize: letter
  header-includes:
    - \KOMAoption{captions}{tableheading}
  block-headings: true
  title: Quarto Style Text Extension Example
  abstract: This is an example document of quarto style text extension.
  

Rendering PDF
running lualatex - 1
  This is LuaHBTeX, Version 1.24.0 (TeX Live 2026) 
   restricted system commands enabled.
  
updating tlmgr

updating existing packages
finding package for scrartcl.cls
> 1 package to install
> installing koma-script (1 of 1)
  This is LuaHBTeX, Version 1.24.0 (TeX Live 2026) 
   restricted system commands enabled.
  
  luaotfload | db : Font names database not found, generating new one.
  luaotfload | db : This can take several minutes; please be patient.
finding package for tcolorbox.sty
> 1 package to install
> installing tcolorbox (1 of 1)
  This is LuaHBTeX, Version 1.24.0 (TeX Live 2026) 
   restricted system commands enabled.
  
finding package for tikzfill.image.sty
> 1 package to install
> installing tikzfill (1 of 1)
  This is LuaHBTeX, Version 1.24.0 (TeX Live 2026) 
   restricted system commands enabled.
  
finding package for pdfcol.sty
> 1 package to install
> installing pdfcol (1 of 1)
  This is LuaHBTeX, Version 1.24.0 (TeX Live 2026) 
   restricted system commands enabled.
  
finding package for fontawesome5.sty
> 1 package to install
> installing fontawesome5 (1 of 1)
  This is LuaHBTeX, Version 1.24.0 (TeX Live 2026) 
   restricted system commands enabled.
  
finding package for caption.sty
> 1 package to install
> installing caption (1 of 1)
  This is LuaHBTeX, Version 1.24.0 (TeX Live 2026) 
   restricted system commands enabled.
  
finding package for ulem.sty
> 1 package to install
> installing ulem (1 of 1)
  This is LuaHBTeX, Version 1.24.0 (TeX Live 2026) 
   restricted system commands enabled.
  
finding package for shadowtext.sty
> 1 package to install
> installing shadowtext (1 of 1)
  This is LuaHBTeX, Version 1.24.0 (TeX Live 2026) 
   restricted system commands enabled.
  
  luaotfload | db : Reload initiated (formats: otf,ttf,ttc); reason: Font "Times New Roman" not found.
finding package for Times\s*New\s*Roman(-(Bold|Italic|Regular).*)?[.](tfm|afm|mf|otf|ttf)
ERROR: 
compilation failed- no matching packages
Package fontspec Error: 
(fontspec)                The font "Times New Roman" cannot be found; this
(fontspec)                may be but usually is not a fontspec bug. Either
(fontspec)                there is a typo in the font name/file, the font is
(fontspec)                not installed (correctly), or there is a bug in
(fontspec)                the underlying font loading engine
(fontspec)                (XeTeX/luaotfload).

For immediate help type H <return>.
 ...                                              
                                                  
l.309 ...yletextfont}{Times New Roman}\styletextfont
                                                  {a


see example.log for more information.
WARN: Error encountered when rendering files
Render failed, retrying once...


processing file: example.qmd
1/3             
2/3 [parameters]
3/3             
output file: example.knit.md

pandoc 
  to: latex
  output-file: example.tex
  standalone: true
  pdf-engine: lualatex
  variables:
    graphics: true
    tables: true
  default-image-extension: pdf
  
metadata
  documentclass: scrartcl
  classoption:
    - DIV=11
    - numbers=noendperiod
  papersize: letter
  header-includes:
    - \KOMAoption{captions}{tableheading}
  block-headings: true
  title: Quarto Style Text Extension Example
  abstract: This is an example document of quarto style text extension.
  

Rendering PDF
running lualatex - 1
  This is LuaHBTeX, Version 1.24.0 (TeX Live 2026) 
   restricted system commands enabled.
  
  luaotfload | db : Reload initiated (formats: otf,ttf,ttc); reason: Font "Times New Roman" not found.
updating tlmgr

updating existing packages
finding package for Times\s*New\s*Roman(-(Bold|Italic|Regular).*)?[.](tfm|afm|mf|otf|ttf)
ERROR: 
compilation failed- no matching packages
Package fontspec Error: 
(fontspec)                The font "Times New Roman" cannot be found; this
(fontspec)                may be but usually is not a fontspec bug. Either
(fontspec)                there is a typo in the font name/file, the font is
(fontspec)                not installed (correctly), or there is a bug in
(fontspec)                the underlying font loading engine
(fontspec)                (XeTeX/luaotfload).

For immediate help type H <return>.
 ...                                              
                                                  
l.309 ...yletextfont}{Times New Roman}\styletextfont
                                                  {a


see example.log for more information.
WARN: Error encountered when rendering files
