pandoc 

  to: latex
  output-file: template.tex
  standalone: true
  pdf-engine: lualatex
  variables:
    graphics: true
    tables: true
  default-image-extension: pdf
  toc: true
  

metadata

  block-headings: true
  toc-title: Contents
  cover_page: true
  letterhead: true
  dark_background: true
  urlcolor: magenta
  linkcolor: magenta
  colorlinks: true
  page_numbers: true
  paragraph_numbers: true
  papersize: a4
  disable_justify: true
  geometry:
    - top=60mm
  letterhead_img: bgwhite.jpg
  letterhead_img_darkbg: bgdark.jpg
  cover_illustration_img: cover-ill.png
  cover_illustration_img_darkbg: cover-ill.png
  classoption: table
  engines:
    - path: /opt/quarto/share/extension-subtrees/julia-engine/_extensions/julia-engine/julia-engine.js
  title: Some Agreement about stuff
  subtitle: Agreement for a typical business case
  author: Jane Dean
  date: last-modified
  client:
    name: Cool Customer Limited
    short_name: Cool Customer
    contact_person: Joe Johnson
    address: Somewhereroad 1, Marslands
  type: Report
  document_version: 1
  document_number: ABC013
  data_classification_label:
    level: confidential
    levels:
      confidential:
        bgcolor: '#ff0000'
        txtcolor: '#000000'
        txt: CONFIDENTIAL
      internal:
        bgcolor: '#ee7d2f'
        txtcolor: '#000000'
        txt: INTERNAL
      public:
        bgcolor: '#70ac45'
        txtcolor: '#000000'
        txt: PUBLIC
    border-radius: 2pt
    txtsize: small
    width: 40mm
    height: 10mm
    top: 15mm
    left: 20mm
  


Rendering PDF

running lualatex - 1

  This is LuaHBTeX, Version 1.24.0 (TeX Live 2026) 
   restricted system commands enabled.
  

updating tlmgr



updating existing packages

finding package for setspace.sty

> 1 package to install

> installing setspace (1 of 1)

(WARN) Error encountered when rendering files

(ERROR) tlmgr returned a non zero status code
You don't have permission to change the installation in any way,
specifically, the directory /opt/tinytex/tlpkg/ is not writable.
Please run this program as administrator, or contact your local admin.
tlmgr: An error has occurred. See above messages. Exiting.


Stack trace:
    at renderFiles (file:///opt/quarto/bin/quarto.js:136526:49)
    at eventLoopTick (ext:core/01_core.js:179:7)
    at async render (file:///opt/quarto/bin/quarto.js:142154:19)
    at async _Command.actionHandler (file:///opt/quarto/bin/quarto.js:142399:24)
    at async _Command.execute (file:///opt/quarto/bin/quarto.js:102022:7)
    at async _Command.parseCommand (file:///opt/quarto/bin/quarto.js:101899:14)
    at async quarto4 (file:///opt/quarto/bin/quarto.js:187547:5)
    at async file:///opt/quarto/bin/quarto.js:187575:5
    at async file:///opt/quarto/bin/quarto.js:187430:14
    at async mainRunner (file:///opt/quarto/bin/quarto.js:187432:5)
    at async file:///opt/quarto/bin/quarto.js:187568:3

