Cloning into 'repo'...


processing file: example.qmd
1/3                  
2/3 [unnamed-chunk-1]
3/3                  
output file: example.knit.md

pandoc 
  to: html
  output-file: example.html
  standalone: true
  section-divs: true
  html-math-method: mathjax
  wrap: none
  default-image-extension: png
  variables: {}
  
metadata
  document-css: false
  link-citations: true
  date-format: long
  lang: en
  title: Simple PNG to WebP Demo
  webp-delete-originals: true
  webp-disable: false
  
(W) 'cwebp' not found, skipping WebP conversion.
Output created: example.html

