Cloning into 'repo'...
Installing package into '/home/runner/work/quarto-extensions/quarto-extensions/test-11/R/x86_64-pc-linux-gnu-library/4.5'
(as 'lib' is unspecified)
trying URL 'https://packagemanager.posit.co/cran/latest/src/contrib/renv_1.2.1.tar.gz'
Content type 'binary/octet-stream' length 1357218 bytes (1.3 MB)
==================================================
downloaded 1.3 MB

* installing *source* package 'renv' ...
** this is package 'renv' version '1.2.1'
** package 'renv' successfully unpacked and MD5 sums checked
** using staged installation
** R
** inst
** byte-compile and prepare package for lazy loading
** help
*** installing help indices
*** copying figures
** building package indices
** installing vignettes
** testing if installed package can be loaded from temporary location
** checking absolute paths in shared objects and dynamic libraries
** testing if installed package can be loaded from final location
** testing if installed package keeps a record of temporary installation path
* DONE (renv)

The downloaded source packages are in
	'/tmp/RtmpWeRFjF/downloaded_packages'


processing file: example.qmd
1/35                   
2/35 [unnamed-chunk-1] 
Converting with the R package sass
3/35                   
4/35 [unnamed-chunk-2] 
Converting with the R package sass
5/35                   
6/35 [unnamed-chunk-3] 
Converting with the R package sass
7/35                   
8/35 [unnamed-chunk-4] 
Converting with the R package sass
9/35                   
10/35 [unnamed-chunk-5] 
Converting with the R package sass
11/35                   
12/35 [unnamed-chunk-6] 
Converting with the R package sass
13/35                   
14/35 [unnamed-chunk-7] 
15/35                   
16/35 [unnamed-chunk-8] 
17/35                   
18/35 [unnamed-chunk-9] 
19/35                   
20/35 [unnamed-chunk-10]
Converting with the R package sass
Converting with the R package sass
Converting with the R package sass
Converting with the R package sass
21/35                   
22/35 [unnamed-chunk-11]
Converting with the R package sass
23/35                   
24/35 [unnamed-chunk-12]
Converting with the R package sass
25/35                   
26/35 [unnamed-chunk-13]
Converting with the R package sass
27/35                   
28/35 [unnamed-chunk-14]
Converting with the R package sass
29/35                   
30/35 [unnamed-chunk-15]
Converting with the R package sass
31/35                   
32/35 [unnamed-chunk-16]
Converting with the R package sass
33/35                   
34/35 [unnamed-chunk-17]
Converting with the R package sass
35/35                   
output file: example.knit.md

pandoc 
  to: revealjs
  output-file: example.html
  standalone: true
  wrap: none
  default-image-extension: png
  html-math-method:
    method: mathjax
    url: >-
      https://cdn.jsdelivr.net/npm/mathjax@2.7.9/MathJax.js?config=TeX-AMS_HTML-full
  slide-level: 2
  variables: {}
  
metadata
  link-citations: true
  width: 1050
  height: 700
  margin: 0.1
  center: false
  navigationMode: linear
  controlsLayout: edges
  controlsTutorial: false
  hash: true
  history: true
  hashOneBasedIndex: false
  fragmentInURL: false
  transition: none
  backgroundTransition: none
  pdfSeparateFragments: false
  lang: en
  auto-stretch: true
  engines:
    - path: /opt/quarto/share/extension-subtrees/julia-engine/_extensions/julia-engine/julia-engine.js
  title: codewindow Example
  revealjs-plugins:
    - codewindow
  knitr: true
  footer: <https://github.com/emilhvitfeldt/quarto-revealjs-codewindow>
  
Output created: example.html

