Cloning into 'repo'...
pandoc 
  to: revealjs
  output-file: neural-networks.html
  standalone: true
  title-prefix: Machine Learning 101
  wrap: none
  default-image-extension: png
  html-math-method:
    method: mathjax
    url: >-
      https://cdn.jsdelivr.net/npm/mathjax@2.7.9/MathJax.js?config=TeX-AMS_HTML-full
  slide-level: 2
  
metadata
  link-citations: true
  width: 1280
  height: 720
  margin: 0.06
  center: false
  navigationMode: linear
  controlsLayout: edges
  controlsTutorial: false
  hash: true
  history: true
  hashOneBasedIndex: false
  fragmentInURL: false
  transition: none
  backgroundTransition: none
  pdfSeparateFragments: false
  lang: en
  auto-stretch: true
  scrollable: true
  menu: false
  footer: ' '
  theme:
    - default
    - _extensions/cleanslidekit/theme.scss
  mermaid:
    theme: default
    flowchart:
      nodeSpacing: 10
      rankSpacing: 15
  author: CleanSlideKit
  title: Neural networks
  subtitle: Stacking simple functions until they get interesting
  
Output created: _site/neural-networks.html

pandoc 
  to: revealjs
  output-file: gradient-descent.html
  standalone: true
  title-prefix: Machine Learning 101
  wrap: none
  default-image-extension: png
  html-math-method:
    method: mathjax
    url: >-
      https://cdn.jsdelivr.net/npm/mathjax@2.7.9/MathJax.js?config=TeX-AMS_HTML-full
  slide-level: 2
  
metadata
  link-citations: true
  width: 1280
  height: 720
  margin: 0.06
  center: false
  navigationMode: linear
  controlsLayout: edges
  controlsTutorial: false
  hash: true
  history: true
  hashOneBasedIndex: false
  fragmentInURL: false
  transition: none
  backgroundTransition: none
  pdfSeparateFragments: false
  lang: en
  auto-stretch: true
  scrollable: true
  menu: false
  footer: ' '
  theme:
    - default
    - _extensions/cleanslidekit/theme.scss
  mermaid:
    theme: default
    flowchart:
      nodeSpacing: 10
      rankSpacing: 15
  author: CleanSlideKit
  title: Gradient descent
  subtitle: How models learn, one small step at a time
  
Output created: _site/gradient-descent.html

pandoc 
  to: revealjs
  output-file: getting-started.html
  standalone: true
  title-prefix: Machine Learning 101
  wrap: none
  default-image-extension: png
  html-math-method:
    method: mathjax
    url: >-
      https://cdn.jsdelivr.net/npm/mathjax@2.7.9/MathJax.js?config=TeX-AMS_HTML-full
  slide-level: 2
  
metadata
  link-citations: true
  width: 1280
  height: 720
  margin: 0.06
  center: false
  navigationMode: linear
  controlsLayout: edges
  controlsTutorial: false
  hash: true
  history: true
  hashOneBasedIndex: false
  fragmentInURL: false
  transition: none
  backgroundTransition: none
  pdfSeparateFragments: false
  lang: en
  auto-stretch: true
  scrollable: true
  menu: false
  footer: ' '
  theme:
    - default
    - _extensions/cleanslidekit/theme.scss
  mermaid:
    theme: default
    flowchart:
      nodeSpacing: 10
      rankSpacing: 15
  author: CleanSlideKit
  title: Getting started
  subtitle: What machine learning is — and is not
  
Output created: _site/getting-started.html

pandoc 
  to: revealjs
  output-file: cheat-sheet.html
  standalone: true
  title-prefix: Machine Learning 101
  wrap: none
  default-image-extension: png
  html-math-method:
    method: mathjax
    url: >-
      https://cdn.jsdelivr.net/npm/mathjax@2.7.9/MathJax.js?config=TeX-AMS_HTML-full
  slide-level: 2
  
metadata
  link-citations: true
  width: 1280
  height: 720
  margin: 0.06
  center: false
  navigationMode: linear
  controlsLayout: edges
  controlsTutorial: false
  hash: true
  history: true
  hashOneBasedIndex: false
  fragmentInURL: false
  transition: none
  backgroundTransition: none
  pdfSeparateFragments: false
  lang: en
  auto-stretch: true
  scrollable: true
  menu: false
  footer: ' '
  theme:
    - default
    - _extensions/cleanslidekit/theme.scss
  mermaid:
    theme: default
    flowchart:
      nodeSpacing: 10
      rankSpacing: 15
  author: CleanSlideKit
  title: Cheat sheet
  subtitle: Formulas and rules of thumb
  
Output created: _site/cheat-sheet.html

pandoc 
  to: revealjs
  output-file: linear-regression.html
  standalone: true
  title-prefix: Machine Learning 101
  wrap: none
  default-image-extension: png
  html-math-method:
    method: mathjax
    url: >-
      https://cdn.jsdelivr.net/npm/mathjax@2.7.9/MathJax.js?config=TeX-AMS_HTML-full
  slide-level: 2
  
metadata
  link-citations: true
  width: 1280
  height: 720
  margin: 0.06
  center: false
  navigationMode: linear
  controlsLayout: edges
  controlsTutorial: false
  hash: true
  history: true
  hashOneBasedIndex: false
  fragmentInURL: false
  transition: none
  backgroundTransition: none
  pdfSeparateFragments: false
  lang: en
  auto-stretch: true
  scrollable: true
  menu: false
  footer: ' '
  theme:
    - default
    - _extensions/cleanslidekit/theme.scss
  mermaid:
    theme: default
    flowchart:
      nodeSpacing: 10
      rankSpacing: 15
  author: CleanSlideKit
  title: Linear regression
  subtitle: The simplest model that actually works
  
Output created: _site/linear-regression.html

pandoc 
  to: revealjs
  output-file: index.html
  standalone: true
  title-prefix: Machine Learning 101
  wrap: none
  default-image-extension: png
  html-math-method:
    method: mathjax
    url: >-
      https://cdn.jsdelivr.net/npm/mathjax@2.7.9/MathJax.js?config=TeX-AMS_HTML-full
  slide-level: 2
  
metadata
  pagetitle: Machine Learning 101
  link-citations: true
  width: 1280
  height: 720
  margin: 0.06
  center: false
  navigationMode: linear
  controlsLayout: edges
  controlsTutorial: false
  hash: true
  history: true
  hashOneBasedIndex: false
  fragmentInURL: false
  transition: none
  backgroundTransition: none
  pdfSeparateFragments: false
  lang: en
  auto-stretch: true
  scrollable: true
  menu: false
  footer: ' '
  theme:
    - default
    - _extensions/cleanslidekit/theme.scss
  mermaid:
    theme: default
    flowchart:
      nodeSpacing: 10
      rankSpacing: 15
  author: CleanSlideKit
  
Output created: _site/index.html

pandoc 
  to: revealjs
  output-file: example.html
  standalone: true
  wrap: none
  default-image-extension: png
  html-math-method:
    method: mathjax
    url: >-
      https://cdn.jsdelivr.net/npm/mathjax@2.7.9/MathJax.js?config=TeX-AMS_HTML-full
  slide-level: 2
  
metadata
  link-citations: true
  width: 1280
  height: 720
  margin: 0.06
  center: false
  navigationMode: linear
  controlsLayout: edges
  controlsTutorial: false
  hash: true
  history: true
  hashOneBasedIndex: false
  fragmentInURL: false
  transition: none
  backgroundTransition: none
  pdfSeparateFragments: false
  lang: ja
  auto-stretch: true
  scrollable: true
  menu: false
  footer: ' '
  theme:
    - default
    - _extensions/cleanslidekit/theme.scss
  mermaid:
    theme: default
    flowchart:
      nodeSpacing: 10
      rankSpacing: 15
  title: CleanSlideKit RevealJS
  subtitle: Example deck
  author: rkskmt
  
Output created: example.html

