Rendering output notebook [index.qmd]

Rendering HTML preview [index.qmd]

pandoc 

  to: html
  output-file: /home/runner/work/quarto-extensions/quarto-extensions/test-17/repo/index.html
  standalone: true
  section-divs: true
  html-math-method: mathjax
  wrap: none
  default-image-extension: svg
  reference-location: margin
  css:
    - _extensions/tufte-inspired/styles.scss
  number-sections: false
  toc: true
  variables: {}
  

metadata

  document-css: false
  link-citations: true
  date-format: long
  lang: en
  page-layout: full
  title-block-style: manuscript
  linkcolor: Maroon
  backgroundcolor: FloralWhite
  sidebarbackgroundcolor: FloralWhite
  mainfont: ETBembo
  toc-location: left
  toc-title: Contents
  code-annotations: hover
  engines:
    - path: /opt/quarto/share/extension-subtrees/julia-engine/_extensions/julia-engine/julia-engine.js
  manuscript:
    article: index.qmd
    notebooks:
      - notebook: index.qmd
        title: Article Notebook
        order: 9999
    mecaFile: index-meca.zip
  notebook-preview-options:
    back: true
  theme: cosmo
  lightbox: auto
  title: A Tufte Inspired Manuscript
  subtitle: Using Quarto... and Typst!
  documenttype: Handout
  abstract: |
    This **Tufte Inspired** manuscript format for Quarto honors Edward Tufte's distinctive style. It simplifies creating handout-like documents and websites by emulating the aesthetics of Tufte's books. This document serves two purposes: It showcases the format and acts as an evolving authoring guide.
  author:
    - name: Tufte Inspired Developers
      email: github.com/fredguth/tufte-inspired
  version:
    - v.1.0
  date: last-modified
  bibliography:
    - references.bib
  bibliographystyle: springer-humanities-author-date
  google-scholar: true
  clear-hidden-classes: none
  remove-hidden: all
  unroll-markdown-cells: true
  

pandoc 

  to: typst
  output-file: index.typ
  standalone: true
  default-image-extension: svg
  wrap: none
  citeproc: false
  toc: true
  variables: {}
  

metadata

  engines:
    - path: /opt/quarto/share/extension-subtrees/julia-engine/_extensions/julia-engine/julia-engine.js
  manuscript:
    article: index.qmd
    notebooks:
      - notebook: index.qmd
        title: Article Notebook
        order: 9999
    mecaFile: index-meca.zip
  notebook-preview-options:
    back: true
  theme: cosmo
  title-block-style: manuscript
  lightbox: auto
  title: A Tufte Inspired Manuscript
  subtitle: Using Quarto... and Typst!
  documenttype: Handout
  abstract: |
    This **Tufte Inspired** manuscript format for Quarto honors Edward Tufte's distinctive style. It simplifies creating handout-like documents and websites by emulating the aesthetics of Tufte's books. This document serves two purposes: It showcases the format and acts as an evolving authoring guide.
  author:
    - name: Tufte Inspired Developers
      email: github.com/fredguth/tufte-inspired
  version:
    - v.1.0
  date: last-modified
  bibliography:
    - references.bib
  bibliographystyle: springer-humanities-author-date
  google-scholar: true
  clear-hidden-classes: none
  remove-hidden: all
  unroll-markdown-cells: true
  

[typst]: Compiling index.typ to index.pdf...
error: unknown variable: NormalTok
    ┌─ index.typ:545:60
    │
545 │ You can i
nclude anything in the margin by places the class #NormalTok(".column-margin"); on the element. See an example on the right about the first fundamental theorem of calculus.
    │                                                             ^^^^^^^^^


(ERROR) error: unknown variable: NormalTok
    ┌─ index.typ:545:60
    │
545 │ You can include anything in the margin by places the class #NormalTok(".column-margin"); on the element. See an example on the right about the first fundamental theorem of calculus.
    │                                                             ^^^^^^^^^



(ERROR) Typst compilation failed

