Cloning into 'repo'...
pandoc 
  to: typst
  output-file: template.typ
  standalone: true
  default-image-extension: svg
  wrap: none
  citeproc: false
  variables: {}
  
metadata
  date: today
  date-format: MMMM DD, YYYY
  margin:
    left: 1in
    right: 3.5in
    top: 1.5in
    bottom: 1.5in
  mainfont:
    - Lucida Bright
    - New CM
    - Linux Libertine
  codefont:
    - Lucida Console
  sansfont:
    - Gill Sans MT
    - TeX Gyre Heros
    - Noto Sans
  engines:
    - path: /opt/quarto/share/extension-subtrees/julia-engine/_extensions/julia-engine/julia-engine.js
  title: Tufte inspired Typst template (in Quarto)
  shorttitle: Tufte-Memo Usage Guide
  subtitle: The Tufte-Memo Usage guide and background
  author:
    - name: Author One
      affiliations:
        - name: An Organization
      email: email@email.com
    - name: Noah Gula
      email: github.com/nogula
    - name: Christopher T. Kenny
      email: github.com/christopherkenny
  abstract: This Quarto template adopts many aspects of the design and typography of Edward Tufte's books and extends [nogula](https://github.com/nogula)'s Typst template. The document itself demonstrates the functionality and usage of the template, including setup, sidenotes, figure display, citations, and more.
  bibliography:
    - bibliography.bib
  functions:
    - note
    - wideblock
  
[typst]: Compiling template.typ to template.pdf...downloading @preview/drafting:0.2.2
  9.3 KiB /   9.3 KiB (100 %)   9.3 KiB/s in 1.09 ms ETA: 0 s

error: unknown variable: Skylighting
    ┌─ template.typ:649:1
    │
649 │ #Skylighting(([#NormalTok("functions:");],
    │  ^^^^^^^^^^^

ERROR: downloading @preview/drafting:0.2.2
  9.3 KiB /   9.3 KiB (100 %)   9.3 KiB/s in 1.09 ms ETA: 0 s

error: unknown variable: Skylighting
    ┌─ template.typ:649:1
    │
649 │ #Skylighting(([#NormalTok("functions:");],
    │  ^^^^^^^^^^^


ERROR: Typst compilation failed
Render failed, retrying once...
pandoc 
  to: typst
  output-file: template.typ
  standalone: true
  default-image-extension: svg
  wrap: none
  citeproc: false
  variables: {}
  
metadata
  date: today
  date-format: MMMM DD, YYYY
  margin:
    left: 1in
    right: 3.5in
    top: 1.5in
    bottom: 1.5in
  mainfont:
    - Lucida Bright
    - New CM
    - Linux Libertine
  codefont:
    - Lucida Console
  sansfont:
    - Gill Sans MT
    - TeX Gyre Heros
    - Noto Sans
  engines:
    - path: /opt/quarto/share/extension-subtrees/julia-engine/_extensions/julia-engine/julia-engine.js
  title: Tufte inspired Typst template (in Quarto)
  shorttitle: Tufte-Memo Usage Guide
  subtitle: The Tufte-Memo Usage guide and background
  author:
    - name: Author One
      affiliations:
        - name: An Organization
      email: email@email.com
    - name: Noah Gula
      email: github.com/nogula
    - name: Christopher T. Kenny
      email: github.com/christopherkenny
  abstract: This Quarto template adopts many aspects of the design and typography of Edward Tufte's books and extends [nogula](https://github.com/nogula)'s Typst template. The document itself demonstrates the functionality and usage of the template, including setup, sidenotes, figure display, citations, and more.
  bibliography:
    - bibliography.bib
  functions:
    - note
    - wideblock
  
[typst]: Compiling template.typ to template.pdf...error: unknown variable: Skylighting
    ┌─ template.typ:649:1
    │
649 │ #Skylighting(([#NormalTok("functions:");],
    │  ^^^^^^^^^^^

ERROR: error: unknown variable: Skylighting
    ┌─ template.typ:649:1
    │
649 │ #Skylighting(([#NormalTok("functions:");],
    │  ^^^^^^^^^^^


ERROR: Typst compilation failed
