pandoc 

  to: typst
  output-file: template.typ
  standalone: true
  default-image-extension: svg
  wrap: none
  citeproc: false
  toc: true
  variables: {}
  

metadata

  date-format: long
  title: A presentation with Polylux via Quarto
  subtitle: using `projector`
  author:
    - name: Author One
      affiliations:
        - name: Harvard University
    - name: Author Two
      affiliations:
        - name: Yale University
  date: today
  bullet-incremental: true
  handout: false
  theme: greyer.typ
  

[typst]: Compiling template.typ to template.pdf...
downloading @preview/polylux:0.4.0

  6.4 KiB /   6.4 KiB (100 %)   6.4 KiB/s in 14.67 µs ETA: 0 s



downloading @preview/fontawesome:0.5.
0

 73.0 KiB /  73.0 KiB (100 %)  73.0 KiB/s in 1.58 ms ETA: 0 s


warning: comparing strings with types is deprecated
  ┌─ @preview/polylux:0.4.0/src/toolbox/pdfpc.typ:2:16
  │
2 │   let t
ext = if type(text) == "string" {
  │                 ^^^^^^^^^^^^^^^^^^^^^^
  │
  = hint: compare with the literal type instead
  = hint: this comparison will always return `false` in future Typst releases


DONE


Output created: template.pdf


