

processing file: template-pdf-lor.qmd

1/1

output file: template-pdf-lor.knit.md



Rendering PDF

running lualatex - 1

  This is LuaHBTeX, Version 1.24.0 (TeX Live 2026) 
   restricted system commands enabled.
  

running lualatex - 2

  This is LuaHBTeX, Version 1.24.0 (TeX Live 2026) 
   restricted system commands enabled.
  




Rendering PDF

running lualatex - 1

  This is LuaHBTeX, Version 1.24.0 (TeX Live 2026) 
   restricted system commands enabled.
  

updating tlmgr



updating existing packages

finding package for _extensions/coatless-quarto/stanford/beamer/beamerthemeStanford.sty

(ERROR) 
compilation failed- no matching packages

LaTeX Error: File `_extensions/coatless-quarto/stanford/beamer/beamerthemeStanford.sty' not found.

Type X to quit or <RETURN> to proceed,
or enter new name. (Default extension: sty)

Enter file name: 
! Emergency stop.
<read *> 
   
l.204 \usetheme{Stanford}
                       



see /home/runner/work/quarto-extensions/quarto-extensions/test-8/repo/docs/demos/template-beamer.log for more information.

(WARN) Error encountered when rendering files

