Cloning into 'repo'...
Installing package into '/home/runner/work/quarto-extensions/quarto-extensions/test-7/R/x86_64-pc-linux-gnu-library/4.5'
(as 'lib' is unspecified)
trying URL 'https://packagemanager.posit.co/cran/__linux__/jammy/latest/src/contrib/renv_1.1.8.tar.gz'
Content type 'binary/octet-stream' length 2336300 bytes (2.2 MB)
==================================================
downloaded 2.2 MB

* installing *binary* package 'renv' ...
* DONE (renv)

The downloaded source packages are in
	'/tmp/RtmpFt4ZM6/downloaded_packages'
The R temporary directory appears to be within a folder mounted as 'noexec'.
Installation of R packages from sources may fail.
See the section **Note** within `?INSTALL` for more details.

tempdir(): /tmp/RtmpJSMZuZ
/usr/local/bin/tlmgr: open(>/opt/tinytex/tlpkg/texlive.tlpdb.tmp) failed: Permission denied at /opt/tinytex/tlpkg/TeXLive/TLPDB.pm line 611.
CTAN mirror https://ctan.math.utah.edu/ctan/tex-archive/systems/texlive/tlnet failed, trying next...
/usr/local/bin/tlmgr: open(>/opt/tinytex/tlpkg/texlive.tlpdb.tmp) failed: Permission denied at /opt/tinytex/tlpkg/TeXLive/TLPDB.pm line 611.
CTAN mirror https://ctan.math.illinois.edu/systems/texlive/tlnet failed, trying next...
/usr/local/bin/tlmgr: open(>/opt/tinytex/tlpkg/texlive.tlpdb.tmp) failed: Permission denied at /opt/tinytex/tlpkg/TeXLive/TLPDB.pm line 611.
CTAN mirror https://mirrors.rit.edu/CTAN/systems/texlive/tlnet failed, trying next...
/usr/local/bin/tlmgr: open(>/opt/tinytex/tlpkg/texlive.tlpdb.tmp) failed: Permission denied at /opt/tinytex/tlpkg/TeXLive/TLPDB.pm line 611.
CTAN mirror https://mirror.ctan.org/systems/texlive/tlnet failed, trying next...
All CTAN mirrors failed. LaTeX packages may not install.


processing file: computo-quarto-extension.qmd
1/13               
2/13 [r-code]      
3/13               
4/13 [fig-plotly]  
Error:
! Installation of Python not found, Python bindings not loaded.
See the Python "Order of Discovery" here: https://rstudio.github.io/reticulate/articles/versions.html#order-of-discovery.
Backtrace:
     x
  1. \-global .main()
  2.   \-execute(...)
  3.     \-rmarkdown::render(...)
  4.       \-knitr::knit(knit_input, knit_output, envir = envir, quiet = quiet)
  5.         \-knitr:::process_file(text, output)
  6.           +-xfun:::handle_error(...)
  7.           +-base::withCallingHandlers(...)
  8.           \-knitr:::process_group(group)
  9.             \-knitr:::call_block(x)
 10.               \-knitr:::block_exec(params)
 11.                 +-knitr:::in_input_dir(engine(options))
 12.                 | \-knitr:::in_dir(input_dir(), expr)
 13.                 \-knitr (local) engine(options)
 14.                   \-reticulate::eng_python(options)
 15.                     \-reticulate:::eng_python_initialize(options = options, envir = environment())
 16.                       \-reticulate:::ensure_python_initialized()
 17.                         \-reticulate:::initialize_python()
 18.                           \-reticulate (local) python_not_found("Installation of Python not found, Python bindings not loaded.")

Quitting from computo-quarto-extension.qmd:117-126 [fig-plotly]
Execution halted
WARN: Error encountered when rendering files
Render failed, retrying once...


processing file: computo-quarto-extension.qmd
1/13               
2/13 [r-code]      
3/13               
4/13 [fig-plotly]  
Error:
! Installation of Python not found, Python bindings not loaded.
See the Python "Order of Discovery" here: https://rstudio.github.io/reticulate/articles/versions.html#order-of-discovery.
Backtrace:
     x
  1. \-global .main()
  2.   \-execute(...)
  3.     \-rmarkdown::render(...)
  4.       \-knitr::knit(knit_input, knit_output, envir = envir, quiet = quiet)
  5.         \-knitr:::process_file(text, output)
  6.           +-xfun:::handle_error(...)
  7.           +-base::withCallingHandlers(...)
  8.           \-knitr:::process_group(group)
  9.             \-knitr:::call_block(x)
 10.               \-knitr:::block_exec(params)
 11.                 +-knitr:::in_input_dir(engine(options))
 12.                 | \-knitr:::in_dir(input_dir(), expr)
 13.                 \-knitr (local) engine(options)
 14.                   \-reticulate::eng_python(options)
 15.                     \-reticulate:::eng_python_initialize(options = options, envir = environment())
 16.                       \-reticulate:::ensure_python_initialized()
 17.                         \-reticulate:::initialize_python()
 18.                           \-reticulate (local) python_not_found("Installation of Python not found, Python bindings not loaded.")

Quitting from computo-quarto-extension.qmd:117-126 [fig-plotly]
Execution halted
WARN: Error encountered when rendering files
