

processing file: template.qmd

1/3                  

2/3 [unnamed-chunk-1]

3/3                  

output file: template.knit.md


pandoc 

  to: latex
  output-file: template.tex
  template: _extensions/simple-article/simple-article.tex
  standalone: true
  pdf-engine: lualatex
  variables:
    graphics: true
    tables: true
  default-image-extension: pdf
  number-sections: true
  cite-method: natbib
  

metadata

  block-headings: true
  knitr:
    opts_chunk:
      echo: false
  documentclass: simple-article
  colorlinks: true
  urlcolor: Maroon
  linkcolor: Blue
  citecolor: Blue
  filecolor: Blue
  biblio-style: simple-article
  header-includes:
    - |
      \usepackage{authblk}
      \usepackage{orcidlink}
      \definecolor{mypink}{RGB}{219, 48, 122}
  engines:
    - path: /opt/quarto/share/extension-subtrees/julia-engine/_extensions/julia-engine/julia-engine.js
  title: A Long Article Title That Makes Readers Curious and Interested, so They Want to Read It
  author:
    - name: John Doe
      affiliation: University of Middle Earth
      email: j.doe@middle-earth.org
  shorttitle: A Long Article Title That Makes Curious
  shortauthor: J. Doe
  date: today
  date-format: D MMMM YYYY
  abstract: |
    Lorem ipsum dolor sit amet, consectetuer adipiscing elit. Etiam lobortis
    facilisis sem. Nullam nec mi et neque pharetra sollicitudin. Praesent
    imperdiet mi nec ante. Donec ullamcorper, felis non sodales com- modo,
    lectus velit ultrices augue, a dignissim nibh lectus placerat pede.
    Vivamus nunc nunc, molestie ut, ultricies vel, semper in, velit. Ut
    porttitor. Praesent in sapien. Lorem ipsum dolor sit amet, consectetuer
    adipiscing elit. This is the abstract.
  reference-section-title: References
  bibliography:
    - bibliography.bib
  indent: false
  classoption:
    - twoside
    - twocolumn
    - lucida
    - 9pt
  

WARNING (/opt/quarto/share/filters/main.lua:18344) Raw LaTeX table found with non-tbl label: tab:tbl-cars
Won't be able to cross-reference this table using Quarto's native crossref system.


Rendering PDF

running lualatex - 1

  This is LuaHBTeX, Version 1.24.0 (TeX Live 2026) 
   restricted system commands enabled.
  

updating tlmgr



updating existing packages

finding package for extarticle.cls

> 1 package to install

> installing extsizes (1 of 1)

(WARN) Error encountered when rendering files

(ERROR) tlmgr returned a non zero status code
You don't have permission to change the installation in any way,
specifically, the directory /opt/tinytex/tlpkg/ is not writable.
Please run this program as administrator, or contact your local admin.
tlmgr: An error has occurred. See above messages. Exiting.


Stack trace:
    at renderFiles (file:///opt/quarto/bin/quarto.js:136533:49)
    at eventLoopTick (ext:core/01_core.js:179:7)
    at async render (file:///opt/quarto/bin/quarto.js:142161:19)
    at async _Command.actionHandler (file:///opt/quarto/bin/quarto.js:142406:24)
    at async _Command.execute (file:///opt/quarto/bin/quarto.js:102029:7)
    at async _Command.parseCommand (file:///opt/quarto/bin/quarto.js:101906:14)
    at async quarto4 (file:///opt/quarto/bin/quarto.js:187554:5)
    at async file:///opt/quarto/bin/quarto.js:187582:5
    at async file:///opt/quarto/bin/quarto.js:187437:14
    at async mainRunner (file:///opt/quarto/bin/quarto.js:187439:5)
    at async file:///opt/quarto/bin/quarto.js:187575:3

