Cloning into 'repo'...


processing file: template.qmd
1/3                  
2/3 [unnamed-chunk-1]
Error in `loadNamespace()`:
! there is no package called 'kableExtra'
Backtrace:
    x
 1. \-base::loadNamespace(x)
 2.   \-base::withRestarts(stop(cond), retry_loadNamespace = function() NULL)
 3.     \-base (local) withOneRestart(expr, restarts[[1L]])
 4.       \-base (local) doWithOneRestart(return(expr), restart)

Quitting from template.qmd:56-58 [unnamed-chunk-1]
Execution halted
WARN: Error encountered when rendering files
Render failed, retrying once...


processing file: template.qmd
1/3                  
2/3 [unnamed-chunk-1]
Error in `loadNamespace()`:
! there is no package called 'kableExtra'
Backtrace:
    x
 1. \-base::loadNamespace(x)
 2.   \-base::withRestarts(stop(cond), retry_loadNamespace = function() NULL)
 3.     \-base (local) withOneRestart(expr, restarts[[1L]])
 4.       \-base (local) doWithOneRestart(return(expr), restart)

Quitting from template.qmd:56-58 [unnamed-chunk-1]
Execution halted
WARN: Error encountered when rendering files
