

processing file: qtoggle-nested-containers.qmd

1/23                   

2/23 [unnamed-chunk-1] 

3/23                   

4/23 [unnamed-chunk-2] 

Downloading cpython-3.12.13-linux-x86_64-gnu (download) (32.3MiB)

 Downloaded cpython-3.12.13-linux-x86_64-gnu (download)

Downloading numpy (15.9MiB)

 Downloaded numpy

Installed 1 package in 187ms

5/23                   

6/23 [unnamed-chunk-3] 

7/23                   

8/23 [unnamed-chunk-4] 

9/23                   

10/23 [unnamed-chunk-5] 

11/23                   

12/23 [unnamed-chunk-6] 

13/23                   

14/23 [unnamed-chunk-7] 

15/23                   

16/23 [unnamed-chunk-8] 

17/23                   

18/23 [unnamed-chunk-9] 

19/23                   

20/23 [unnamed-chunk-10]

21/23                   

22/23 [unnamed-chunk-11]

23/23                   

output file: qtoggle-nested-containers.knit.md


pandoc 

  to: html
  output-file: qtoggle-nested-containers.html
  standalone: true
  title-prefix: toggle
  section-divs: true
  html-math-method: mathjax
  wrap: none
  default-image-extension: png
  toc: true
  variables: {}
  

metadata

  document-css: false
  link-citations: true
  date-format: long
  lang: en
  engines:
    - path: /opt/quarto/share/extension-subtrees/julia-engine/_extensions/julia-engine/julia-engine.js
  theme:
    light: flatly
    dark: darkly
  title: Nested Containers
  subtitle: Toggle works inside tabsets, callouts, and more
  extensions:
    toggle:
      output-toggle: true
  

Output created: _site/qtoggle-nested-containers.html


