

processing file: qtoggle-hidden-default.qmd

1/7                  

2/7 [unnamed-chunk-1]

3/7                  

4/7 [unnamed-chunk-2]

5/7                  

6/7 [unnamed-chunk-3]

7/7                  

output file: qtoggle-hidden-default.knit.md


pandoc 

  to: html
  output-file: qtoggle-hidden-default.html
  standalone: true
  title-prefix: toggle
  section-divs: true
  html-math-method: mathjax
  wrap: none
  default-image-extension: png
  toc: true
  variables: {}
  

metadata

  document-css: false
  link-citations: true
  date-format: long
  lang: en
  engines:
    - path: /opt/quarto/share/extension-subtrees/julia-engine/_extensions/julia-engine/julia-engine.js
  theme:
    light: flatly
    dark: darkly
  title: Hide by Default
  subtitle: Start collapsed, reveal on demand
  extensions:
    toggle:
      output-toggle: true
      output-hidden: true
  

Output created: _site/qtoggle-hidden-default.html


