Cloning into 'repo'...
pandoc 
  to: html
  output-file: template.html
  standalone: true
  section-divs: true
  html-math-method: mathjax
  wrap: none
  default-image-extension: png
  number-sections: true
  toc: true
  variables:
    quarto:
      language:
        toc-title-document: Table of contents
        toc-title-website: On this page
        related-formats-title: Other Formats
        related-notebooks-title: Notebooks
        source-notebooks-prefix: Source
        other-links-title: Other Links
        code-links-title: Code Links
        launch-dev-container-title: Launch Dev Container
        launch-binder-title: Launch Binder
        article-notebook-label: Article Notebook
        notebook-preview-download: Download Notebook
        notebook-preview-download-src: Download Source
        notebook-preview-back: Back to Article
        manuscript-meca-bundle: MECA Bundle
        section-title-abstract: Abstract
        section-title-appendices: Appendices
        section-title-footnotes: Footnotes
        section-title-references: References
        section-title-reuse: Reuse
        section-title-copyright: Copyright
        section-title-citation: Citation
        appendix-attribution-cite-as: 'For attribution, please cite this work as:'
        appendix-attribution-bibtex: 'BibTeX citation:'
        appendix-view-license: View License
        title-block-author-single: Author
        title-block-author-plural: Authors
        title-block-affiliation-single: Affiliation
        title-block-affiliation-plural: Affiliations
        title-block-published: Published
        title-block-modified: Modified
        title-block-keywords: Keywords
        callout-tip-title: Tip
        callout-note-title: Note
        callout-warning-title: Warning
        callout-important-title: Important
        callout-caution-title: Caution
        code-summary: Code
        code-tools-menu-caption: Code
        code-tools-show-all-code: Show All Code
        code-tools-hide-all-code: Hide All Code
        code-tools-view-source: View Source
        code-tools-source-code: Source Code
        tools-share: Share
        tools-download: Download
        code-line: Line
        code-lines: Lines
        copy-button-tooltip: Copy to Clipboard
        copy-button-tooltip-success: Copied!
        repo-action-links-edit: Edit this page
        repo-action-links-source: View source
        repo-action-links-issue: Report an issue
        back-to-top: Back to top
        search-no-results-text: No results
        search-matching-documents-text: matching documents
        search-copy-link-title: Copy link to search
        search-hide-matches-text: Hide additional matches
        search-more-match-text: more match in this document
        search-more-matches-text: more matches in this document
        search-clear-button-title: Clear
        search-text-placeholder: ''
        search-detached-cancel-button-title: Cancel
        search-submit-button-title: Submit
        search-label: Search
        toggle-section: Toggle section
        toggle-sidebar: Toggle sidebar navigation
        toggle-dark-mode: Toggle dark mode
        toggle-reader-mode: Toggle reader mode
        toggle-navigation: Toggle navigation
        crossref-fig-title: Figure
        crossref-tbl-title: Table
        crossref-lst-title: Listing
        crossref-thm-title: Theorem
        crossref-lem-title: Lemma
        crossref-cor-title: Corollary
        crossref-prp-title: Proposition
        crossref-cnj-title: Conjecture
        crossref-def-title: Definition
        crossref-exm-title: Example
        crossref-exr-title: Exercise
        crossref-ch-prefix: Chapter
        crossref-apx-prefix: Appendix
        crossref-sec-prefix: Section
        crossref-eq-prefix: Equation
        crossref-lof-title: List of Figures
        crossref-lot-title: List of Tables
        crossref-lol-title: List of Listings
        environment-proof-title: Proof
        environment-remark-title: Remark
        environment-solution-title: Solution
        listing-page-order-by: Order By
        listing-page-order-by-default: Default
        listing-page-order-by-date-asc: Oldest
        listing-page-order-by-date-desc: Newest
        listing-page-order-by-number-desc: High to Low
        listing-page-order-by-number-asc: Low to High
        listing-page-field-date: Date
        listing-page-field-title: Title
        listing-page-field-description: Description
        listing-page-field-author: Author
        listing-page-field-filename: File Name
        listing-page-field-filemodified: Modified
        listing-page-field-subtitle: Subtitle
        listing-page-field-readingtime: Reading Time
        listing-page-field-wordcount: Word Count
        listing-page-field-categories: Categories
        listing-page-minutes-compact: '{0} min'
        listing-page-category-all: All
        listing-page-no-matches: No matching items
        listing-page-words: '{0} words'
        listing-page-filter: Filter
        draft: Draft
  
metadata
  document-css: false
  link-citations: true
  date-format: long
  lang: en
  knitr:
    opts_chunk:
      echo: false
  csl: _extensions/agu/american-geophysical-union.csl
  title: Preparing your manuscript
  author:
    - name: Michael J Mahoney
      affiliations:
        - name: State University of New York College of Environmental Science and Forestry
          department: Graduate Program in Environmental Science
          address: 1 Forestry Drive
          city: Syracuse
          region: NY
          country: USA
          postal-code: 13210
      orcid: 0000-0003-2402-304X
      email: fake_email@fakeyfake.com
      url: https://mm218.dev
      acknowledgements: Translated template to Quarto.
    - name: Charles Teague
      affiliations:
        - name: Posit, PBC
          address: 250 Northern Ave
          city: Boston
          region: Massachusetts
          country: USA
          postal-code: 2210
      corresponding: true
      orcid: 0000-0001-8715-9476
      email: charles@posit.co
  abstract: |
    The abstract (1) states the nature of the investigation and (2) summarizes the important conclusions. The abstract should be suitable for indexing. Your abstract should:
  
      - Be set as a single paragraph.
      - Be less than 250 words for all journals except GRL, for which the limit is 150 words.
      - Not include table or figure mentions.
      - Avoid reference citations unless dependent on or directly related to another paper (e.g., companion, comment, reply, or commentary on another paper(s)). AGU’s Style Guide discusses formatting citations in abstracts.
      - Define all abbreviations.
  plain-language-summary: |
    A Plain Language Summary (PLS) can be an incredibly effective science communication tool. By summarizing your paper in non-technical terms, you can explain your research and its relevance to a much broader audience. A PLS is required for submissions to AGU Advances, G-Cubed, GeoHealth, GRL, JAMES, JGR: Biogeosciences, JGR: Oceans, JGR: Planets, JGR: Solid Earth, JGR: Atmospheres, Space Weather, and Reviews of Geophysics, but optional for other journals.  A PLS should be no longer than 200 words and should be free of jargon, acronyms, equations, and any technical information that would be unknown to people from outside your scientific discipline. Read our tips for creating an effective PLS.
  keywords: []
  key-points:
    - Key Points convey the main points and conclusions of the article.
    - Up to three key point statements are allowed, and each is limited to at most 140 characters with no abbreviations.
    - Key Points are not included in the word count.
  bibliography:
    - bibliography.bib
  citation:
    container-title: Geophysical Research Letters
  date: last-modified
  
Output created: template.html

pandoc 
  to: latex
  output-file: template.tex
  standalone: true
  shift-heading-level-by: -1
  pdf-engine: lualatex
  variables:
    graphics: true
    tables: true
    quarto:
      language:
        toc-title-document: Table of contents
        toc-title-website: On this page
        related-formats-title: Other Formats
        related-notebooks-title: Notebooks
        source-notebooks-prefix: Source
        other-links-title: Other Links
        code-links-title: Code Links
        launch-dev-container-title: Launch Dev Container
        launch-binder-title: Launch Binder
        article-notebook-label: Article Notebook
        notebook-preview-download: Download Notebook
        notebook-preview-download-src: Download Source
        notebook-preview-back: Back to Article
        manuscript-meca-bundle: MECA Bundle
        section-title-abstract: Abstract
        section-title-appendices: Appendices
        section-title-footnotes: Footnotes
        section-title-references: References
        section-title-reuse: Reuse
        section-title-copyright: Copyright
        section-title-citation: Citation
        appendix-attribution-cite-as: 'For attribution, please cite this work as:'
        appendix-attribution-bibtex: 'BibTeX citation:'
        appendix-view-license: View License
        title-block-author-single: Author
        title-block-author-plural: Authors
        title-block-affiliation-single: Affiliation
        title-block-affiliation-plural: Affiliations
        title-block-published: Published
        title-block-modified: Modified
        title-block-keywords: Keywords
        callout-tip-title: Tip
        callout-note-title: Note
        callout-warning-title: Warning
        callout-important-title: Important
        callout-caution-title: Caution
        code-summary: Code
        code-tools-menu-caption: Code
        code-tools-show-all-code: Show All Code
        code-tools-hide-all-code: Hide All Code
        code-tools-view-source: View Source
        code-tools-source-code: Source Code
        tools-share: Share
        tools-download: Download
        code-line: Line
        code-lines: Lines
        copy-button-tooltip: Copy to Clipboard
        copy-button-tooltip-success: Copied!
        repo-action-links-edit: Edit this page
        repo-action-links-source: View source
        repo-action-links-issue: Report an issue
        back-to-top: Back to top
        search-no-results-text: No results
        search-matching-documents-text: matching documents
        search-copy-link-title: Copy link to search
        search-hide-matches-text: Hide additional matches
        search-more-match-text: more match in this document
        search-more-matches-text: more matches in this document
        search-clear-button-title: Clear
        search-text-placeholder: ''
        search-detached-cancel-button-title: Cancel
        search-submit-button-title: Submit
        search-label: Search
        toggle-section: Toggle section
        toggle-sidebar: Toggle sidebar navigation
        toggle-dark-mode: Toggle dark mode
        toggle-reader-mode: Toggle reader mode
        toggle-navigation: Toggle navigation
        crossref-fig-title: Figure
        crossref-tbl-title: Table
        crossref-lst-title: Listing
        crossref-thm-title: Theorem
        crossref-lem-title: Lemma
        crossref-cor-title: Corollary
        crossref-prp-title: Proposition
        crossref-cnj-title: Conjecture
        crossref-def-title: Definition
        crossref-exm-title: Example
        crossref-exr-title: Exercise
        crossref-ch-prefix: Chapter
        crossref-apx-prefix: Appendix
        crossref-sec-prefix: Section
        crossref-eq-prefix: Equation
        crossref-lof-title: List of Figures
        crossref-lot-title: List of Tables
        crossref-lol-title: List of Listings
        environment-proof-title: Proof
        environment-remark-title: Remark
        environment-solution-title: Solution
        listing-page-order-by: Order By
        listing-page-order-by-default: Default
        listing-page-order-by-date-asc: Oldest
        listing-page-order-by-date-desc: Newest
        listing-page-order-by-number-desc: High to Low
        listing-page-order-by-number-asc: Low to High
        listing-page-field-date: Date
        listing-page-field-title: Title
        listing-page-field-description: Description
        listing-page-field-author: Author
        listing-page-field-filename: File Name
        listing-page-field-filemodified: Modified
        listing-page-field-subtitle: Subtitle
        listing-page-field-readingtime: Reading Time
        listing-page-field-wordcount: Word Count
        listing-page-field-categories: Categories
        listing-page-minutes-compact: '{0} min'
        listing-page-category-all: All
        listing-page-no-matches: No matching items
        listing-page-words: '{0} words'
        listing-page-filter: Filter
        draft: Draft
  default-image-extension: pdf
  number-sections: true
  
metadata
  block-headings: true
  knitr:
    opts_chunk:
      echo: false
  csl: _extensions/agu/american-geophysical-union.csl
  documentclass: agujournal2019
  classoptions: draft
  header-includes:
    - |
      \usepackage{url} %this package should fix any errors with URLs in refs.
      \usepackage{lineno}
      \usepackage[inline]{trackchanges} %for better track changes. finalnew option will compile document with changes incorporated.
      \usepackage{soul}
      \linenumbers
  title: Preparing your manuscript
  author:
    - name: Michael J Mahoney
      affiliations:
        - name: State University of New York College of Environmental Science and Forestry
          department: Graduate Program in Environmental Science
          address: 1 Forestry Drive
          city: Syracuse
          region: NY
          country: USA
          postal-code: 13210
      orcid: 0000-0003-2402-304X
      email: fake_email@fakeyfake.com
      url: https://mm218.dev
      acknowledgements: Translated template to Quarto.
    - name: Charles Teague
      affiliations:
        - name: Posit, PBC
          address: 250 Northern Ave
          city: Boston
          region: Massachusetts
          country: USA
          postal-code: 2210
      corresponding: true
      orcid: 0000-0001-8715-9476
      email: charles@posit.co
  abstract: |
    The abstract (1) states the nature of the investigation and (2) summarizes the important conclusions. The abstract should be suitable for indexing. Your abstract should:
  
      - Be set as a single paragraph.
      - Be less than 250 words for all journals except GRL, for which the limit is 150 words.
      - Not include table or figure mentions.
      - Avoid reference citations unless dependent on or directly related to another paper (e.g., companion, comment, reply, or commentary on another paper(s)). AGU’s Style Guide discusses formatting citations in abstracts.
      - Define all abbreviations.
  plain-language-summary: |
    A Plain Language Summary (PLS) can be an incredibly effective science communication tool. By summarizing your paper in non-technical terms, you can explain your research and its relevance to a much broader audience. A PLS is required for submissions to AGU Advances, G-Cubed, GeoHealth, GRL, JAMES, JGR: Biogeosciences, JGR: Oceans, JGR: Planets, JGR: Solid Earth, JGR: Atmospheres, Space Weather, and Reviews of Geophysics, but optional for other journals.  A PLS should be no longer than 200 words and should be free of jargon, acronyms, equations, and any technical information that would be unknown to people from outside your scientific discipline. Read our tips for creating an effective PLS.
  keywords: []
  key-points:
    - Key Points convey the main points and conclusions of the article.
    - Up to three key point statements are allowed, and each is limited to at most 140 characters with no abbreviations.
    - Key Points are not included in the word count.
  bibliography:
    - bibliography.bib
  citation:
    container-title: Geophysical Research Letters
  date: last-modified
  

Rendering PDF
running lualatex - 1
  This is LuaHBTeX, Version 1.24.0 (TeX Live 2026) 
   restricted system commands enabled.
  
updating tlmgr

updating existing packages
finding package for lineno.sty
> 1 package to install
> installing lineno (1 of 1)
  This is LuaHBTeX, Version 1.24.0 (TeX Live 2026) 
   restricted system commands enabled.
  
finding package for ragged2e.sty
> 1 package to install
> installing ragged2e (1 of 1)
  This is LuaHBTeX, Version 1.24.0 (TeX Live 2026) 
   restricted system commands enabled.
  
  luaotfload | db : Font names database not found, generating new one.
  luaotfload | db : This can take several minutes; please be patient.
finding package for apacite.sty
> 1 package to install
> installing apacite (1 of 1)
  This is LuaHBTeX, Version 1.24.0 (TeX Live 2026) 
   restricted system commands enabled.
  
finding package for morefloats.sty
> 1 package to install
> installing morefloats (1 of 1)
  This is LuaHBTeX, Version 1.24.0 (TeX Live 2026) 
   restricted system commands enabled.
  
running lualatex - 2
  This is LuaHBTeX, Version 1.24.0 (TeX Live 2026) 
   restricted system commands enabled.
  

Output created: template.pdf

