[typst]: Compiling template.typ to template.pdf...
DONE




processing file: example.qmd

1/7               

2/7 [code-example]

3/7               

4/7 [tbl-example] 

5/7               

6/7 [tbl-appendix]

7/7               

output file: example.knit.md


[typst]: Compiling example.typ to example.pdf...
error: unknown variable: NormalTok
    ┌─ example.typ:660:79
    │
660 │ Code (#ref(<lst-cod
e>, supplement: [Listing])) font can be specified with the #NormalTok("monofont"); variable.
    │                                                                                ^^^^^^^^^


(ERROR) error: unknown variable: NormalTok
    ┌─ example.typ:660:79
    │
660 │ Code (#ref(<lst-code>, supplement: [Listing])) font can be specified with the #NormalTok("monofont"); variable.
    │                                                                                ^^^^^^^^^



(ERROR) Typst compilation failed

