
Starting python3 kernel...
Done


Executing 'example.quarto_ipynb'

  Cell 1/2: 'hello_world'...
Done

  Cell 2/2: 'is_unique'.....
Done



pandoc 

  to: html
  output-file: example.html
  standalone: true
  embed-resources: true
  section-divs: true
  html-math-method: mathjax
  wrap: none
  default-image-extension: png
  variables: {}
  

metadata

  document-css: false
  link-citations: true
  date-format: long
  lang: en
  engines:
    - path: /opt/quarto/share/extension-subtrees/julia-engine/_extensions/julia-engine/julia-engine.js
  title: Black-formatter Example
  jupyter: python3
  

/home/runner/work/quarto-extensions/quarto-extensions/test-7/repo/.venv/bin/python: No module named black

/home/runner/work/quarto-extensions/quarto-extensions/test-7/repo/.venv/bin/python: No module named black

/home/runner/work/quarto-extensions/quarto-extensions/test-7/repo/.venv/bin/python: No module named black

/home/runner/work/quarto-extensions/quarto-extensions/test-7/repo/.venv/bin/python: No module named black

Output created: example.html


