pandoc 

  to: html
  output-file: index.html
  standalone: true
  section-divs: true
  html-math-method: mathjax
  wrap: none
  default-image-extension: png
  toc: true
  variables: {}
  

metadata

  document-css: false
  link-citations: true
  date-format: long
  lang: en
  title-block-banner: '#222222'
  theme:
    - default
    - style.scss
  linkcolor: '#ff3e00'
  callout-appearance: simple
  title: quarto-svelte
  description: '**quarto-svelte** (formerly Sverto) is an extension for [Quarto](https://quarto.org) that lets you seamlessly write and include [Svelte](https://svelte.dev) components, like charts and other visuals, in your Quarto website.'
  quarto-svelte:
    use:
      - Circles.svelte
  toc-location: left
  

FATAL (/opt/quarto/share/filters/main.lua:3757) An error occurred:
Could not run /home/runner/work/quarto-extensions/quarto-extensions/test-12/repo/docs/quarto-svelte as a JSON filter.
Please make sure the file exists and is executable.

Did you intend 'quarto-svelte' as a Lua filter in an extension?
If so, make sure you've spelled the name of the extension correctly.

The original Pandoc error follows below.
Error running filter /home/runner/work/quarto-extensions/quarto-extensions/test-12/repo/docs/quarto-svelte:
Could not find executable /home/runner/work/quarto-extensions/quarto-extensions/test-12/repo/docs/quarto-svelte

Error r
unning filter /opt/quarto/share/filters/main.lua:
/opt/quarto/share/filters/main.l
ua:586: FATAL QUARTO ERROR
stack traceback:
	/opt/quarto/share/
filters/main.lua:2619: in function 'fatal'
	/opt/quarto/sh
are/filters/main.lua:2199: in function 'fail'
	/opt/quarto/s
hare/filters/main.lua:3757: in field 'Pandoc'
	
/opt/quarto/share/filters/main.lua:586: 
in function 'run_emulated_filter'
	/opt/quar
to/share/filters/main.lua:1314: in local 'callback'
	/opt/quarto/share
/filters/main.lua:1332: in upvalue 'r
un_emulated_filter_chain'
	/opt/qu
arto/share/filters/main.lua:1
368: in function </opt/quarto
/share/filters/main.lua:1365>


(WARN) Error encountered when rendering files

