Cloning into 'repo'...
Installing package into '/home/runner/work/quarto-extensions/quarto-extensions/test-10/R/x86_64-pc-linux-gnu-library/4.5'
(as 'lib' is unspecified)
trying URL 'https://packagemanager.posit.co/cran/__linux__/jammy/latest/src/contrib/renv_1.1.8.tar.gz'
Content type 'binary/octet-stream' length 2336300 bytes (2.2 MB)
==================================================
downloaded 2.2 MB

* installing *binary* package 'renv' ...
* DONE (renv)

The downloaded source packages are in
	'/tmp/RtmpPiGqUT/downloaded_packages'
The R temporary directory appears to be within a folder mounted as 'noexec'.
Installation of R packages from sources may fail.
See the section **Note** within `?INSTALL` for more details.

tempdir(): /tmp/RtmpPiGqUT


processing file: template.qmd
1/35                   
2/35 [unnamed-chunk-1] 
3/35                   
4/35 [unnamed-chunk-2] 
5/35                   
6/35 [unnamed-chunk-3] 
7/35                   
8/35 [unnamed-chunk-4] 
9/35                   
10/35 [unnamed-chunk-5] 
11/35                   
12/35 [unnamed-chunk-6] 
13/35                   
14/35 [unnamed-chunk-7] 
15/35                   
16/35 [unnamed-chunk-8] 
17/35                   
18/35 [unnamed-chunk-9] 
19/35                   
20/35 [unnamed-chunk-10]
21/35                   
22/35 [unnamed-chunk-11]
23/35                   
24/35 [unnamed-chunk-12]
25/35                   
26/35 [unnamed-chunk-13]
27/35                   
28/35 [unnamed-chunk-14]
29/35                   
30/35 [unnamed-chunk-15]
31/35                   
32/35 [unnamed-chunk-16]
33/35                   
34/35 [unnamed-chunk-17]
35/35                   
output file: template.knit.md

pandoc 
  to: html
  output-file: template.html
  standalone: true
  section-divs: true
  html-math-method: mathjax
  wrap: none
  default-image-extension: png
  css:
    - _extensions/lcars/lcars.css
  toc: true
  variables: {}
  
metadata
  document-css: false
  link-citations: true
  lang: en
  theme: _extensions/lcars/lcars.scss
  author-title: Crew
  published-title: Stardate
  date-format: YYYY.MM.D
  abstract-title: Mission Log
  title-block-banner: '#2C2C2C'
  title-block-banner-color: '#CC99CC'
  engines:
    - path: /opt/quarto/share/extension-subtrees/julia-engine/_extensions/julia-engine/julia-engine.js
  title: Quarto LCARS Theme
  description: Library Computer Access/Retrieval System
  abstract: |
    This is a template for testing the Quarto LCARS theme
  author: Michael McCarthy
  date: last-modified
  
Output created: template.html

