pandoc 

  to: typst
  output-file: template.typ
  standalone: true
  shift-heading-level-by: -1
  default-image-extension: svg
  wrap: none
  citeproc: false
  variables: {}
  

metadata

  logo: _extensions/quarto-letter/blanklogo.png
  logowidth: 90mm
  logoascent: 0mm
  signature: _extensions/quarto-letter/Unterschrift.png
  lang: de
  date-format: DD.MM.YYYY
  numbering: '1.'
  number-align: center
  font: Times New Roman
  font-size: 11pt
  paper: a4
  footer-pre: Seite
  subjectword: Betreff
  attachments: Anlage(n)
  margin:
    top: 35mm
    bottom: 30mm
    right: 20mm
    left: 20mm
  engines:
    - path: /opt/quarto/share/extension-subtrees/julia-engine/_extensions/julia-engine/julia-engine.js
  sender:
    firstline: Ihr Fachmann für Alles
    graduate: Prof. Dr.
    firstname: Georg
    lastname: Mustermann
    street: Reinarzstr. 49
    plz: 47805
    city: Krefeld
    country: Deutschland
    telefon: +49 555 822 5555
    email: mustermann@mail.org
    www: www.produnis.de/R
  recipient:
    - Erna Empfängerin
    - Gesundheitsamt FB13
    - Unter der Brücke 17
    - 12345 Empfangsstadt
    - Germany
  date: '2022-12-24'
  filenumber: 22-A-01
  subject: Meine gute Idee
  opening: Sehr geehrte Frau Empfängerin,
  closing: Mit freundlichen Grüßen
  attachment:
    - Lebenslauf
    - Unterlassungserklärung
  

(WARN) typst-gather analyze failed; staging all packages as fallback

[typst]: Compiling template.typ to template.pdf...
DONE


Output created: template.pdf


