Cloning into 'repo'...
pandoc 
  to: revealjs
  output-file: example-revealjs.html
  standalone: true
  wrap: none
  default-image-extension: png
  html-math-method:
    method: mathjax
    url: >-
      https://cdn.jsdelivr.net/npm/mathjax@2.7.9/MathJax.js?config=TeX-AMS_HTML-full
  slide-level: 2
  variables: {}
  
metadata
  link-citations: true
  width: 1050
  height: 700
  margin: 0.1
  center: false
  navigationMode: linear
  controlsLayout: edges
  controlsTutorial: false
  hash: true
  history: true
  hashOneBasedIndex: false
  fragmentInURL: false
  transition: none
  backgroundTransition: none
  pdfSeparateFragments: false
  lang: en
  auto-stretch: true
  engines:
    - path: /opt/quarto/share/extension-subtrees/julia-engine/_extensions/julia-engine/julia-engine.js
  title: Interactive-sql
  subtitle: Run SQL Interactively in Revealjs Presentation Made with Quarto
  author: Shafayet Khan Shafee
  date: last-modified
  date-format: DD MMM, YYYY
  databases:
    - name: hr
      path: https://raw.githubusercontent.com/shafayetShafee/interactive-sql/main/hr.sql
    - name: hr-not-editable
      path: https://raw.githubusercontent.com/shafayetShafee/interactive-sql/main/hr.sql
      editable: false
  
Output created: example-revealjs.html

pandoc 
  to: html
  output-file: example.html
  standalone: true
  section-divs: true
  html-math-method: mathjax
  wrap: none
  default-image-extension: png
  variables: {}
  
metadata
  document-css: false
  link-citations: true
  lang: en
  engines:
    - path: /opt/quarto/share/extension-subtrees/julia-engine/_extensions/julia-engine/julia-engine.js
  title: Interactive-sql Example
  subtitle: Run SQL Interactively from HTML Documents Made with Quarto
  author: Shafayet Khan Shafee
  date: last-modified
  date-format: DD MMM, YYYY
  databases:
    - name: hr
      path: https://raw.githubusercontent.com/shafayetShafee/interactive-sql/main/hr.sql
    - name: hr-not-editable
      path: https://raw.githubusercontent.com/shafayetShafee/interactive-sql/main/hr.sql
      editable: false
  
Output created: example.html

