Cloning into 'repo'...
Installing package into '/home/runner/work/quarto-extensions/quarto-extensions/test-1/R/x86_64-pc-linux-gnu-library/4.5'
(as 'lib' is unspecified)
trying URL 'https://packagemanager.posit.co/cran/__linux__/jammy/latest/src/contrib/renv_1.1.8.tar.gz'
Content type 'binary/octet-stream' length 2336300 bytes (2.2 MB)
==================================================
downloaded 2.2 MB

* installing *binary* package 'renv' ...
* DONE (renv)

The downloaded source packages are in
	'/tmp/Rtmpy2gq5C/downloaded_packages'
The R temporary directory appears to be within a folder mounted as 'noexec'.
Installation of R packages from sources may fail.
See the section **Note** within `?INSTALL` for more details.

tempdir(): /tmp/Rtmpy2gq5C
/usr/local/bin/tlmgr: open(>/opt/tinytex/tlpkg/texlive.tlpdb.tmp) failed: Permission denied at /opt/tinytex/tlpkg/TeXLive/TLPDB.pm line 611.
CTAN mirror https://ctan.math.utah.edu/ctan/tex-archive/systems/texlive/tlnet failed, trying next...
/usr/local/bin/tlmgr: open(>/opt/tinytex/tlpkg/texlive.tlpdb.tmp) failed: Permission denied at /opt/tinytex/tlpkg/TeXLive/TLPDB.pm line 611.
CTAN mirror https://ctan.math.illinois.edu/systems/texlive/tlnet failed, trying next...
/usr/local/bin/tlmgr: open(>/opt/tinytex/tlpkg/texlive.tlpdb.tmp) failed: Permission denied at /opt/tinytex/tlpkg/TeXLive/TLPDB.pm line 611.
CTAN mirror https://mirrors.rit.edu/CTAN/systems/texlive/tlnet failed, trying next...
/usr/local/bin/tlmgr: open(>/opt/tinytex/tlpkg/texlive.tlpdb.tmp) failed: Permission denied at /opt/tinytex/tlpkg/TeXLive/TLPDB.pm line 611.
CTAN mirror https://mirror.ctan.org/systems/texlive/tlnet failed, trying next...
All CTAN mirrors failed. LaTeX packages may not install.
[1/2] template.qmd


processing file: template.qmd
1/3            
2/3 [tbl-other]
3/3            
output file: template.knit.md



processing file: template.qmd
1/3            
2/3 [tbl-other]
3/3            
output file: template.knit.md


Rendering PDF
running pdflatex - 1
  This is pdfTeX, Version 3.141592653-2.6-1.40.29 (TeX Live 2026) (preloaded format=pdflatex)
   restricted \write18 enabled.
  entering extended mode
  
updating tlmgr

updating existing packages
finding package for IEEEtran.cls
> 2 packages to install
> installing ieeetran (1 of 2)
WARN: Error encountered when rendering files
ERROR: tlmgr returned a non zero status code
You don't have permission to change the installation in any way,
specifically, the directory /opt/tinytex/tlpkg/ is not writable.
Please run this program as administrator, or contact your local admin.
tlmgr: An error has occurred. See above messages. Exiting.


Stack trace:
    at renderFiles (file:///opt/quarto/bin/quarto.js:136526:49)
    at eventLoopTick (ext:core/01_core.js:179:7)
    at async renderProject (file:///opt/quarto/bin/quarto.js:137069:23)
    at async _Command.actionHandler (file:///opt/quarto/bin/quarto.js:142399:24)
    at async _Command.execute (file:///opt/quarto/bin/quarto.js:102022:7)
    at async _Command.parseCommand (file:///opt/quarto/bin/quarto.js:101899:14)
    at async quarto4 (file:///opt/quarto/bin/quarto.js:187547:5)
    at async file:///opt/quarto/bin/quarto.js:187575:5
    at async file:///opt/quarto/bin/quarto.js:187430:14
    at async mainRunner (file:///opt/quarto/bin/quarto.js:187432:5)
    at async file:///opt/quarto/bin/quarto.js:187568:3
Render failed, retrying once...
[1/2] template.qmd

Rendering PDF
running pdflatex - 1
  This is pdfTeX, Version 3.141592653-2.6-1.40.29 (TeX Live 2026) (preloaded format=pdflatex)
   restricted \write18 enabled.
  entering extended mode
  
updating tlmgr

updating existing packages
finding package for IEEEtran.cls
> 2 packages to install
> installing ieeetran (1 of 2)
WARN: Error encountered when rendering files
ERROR: tlmgr returned a non zero status code
You don't have permission to change the installation in any way,
specifically, the directory /opt/tinytex/tlpkg/ is not writable.
Please run this program as administrator, or contact your local admin.
tlmgr: An error has occurred. See above messages. Exiting.


Stack trace:
    at renderFiles (file:///opt/quarto/bin/quarto.js:136526:49)
    at eventLoopTick (ext:core/01_core.js:179:7)
    at async renderProject (file:///opt/quarto/bin/quarto.js:137069:23)
    at async _Command.actionHandler (file:///opt/quarto/bin/quarto.js:142399:24)
    at async _Command.execute (file:///opt/quarto/bin/quarto.js:102022:7)
    at async _Command.parseCommand (file:///opt/quarto/bin/quarto.js:101899:14)
    at async quarto4 (file:///opt/quarto/bin/quarto.js:187547:5)
    at async file:///opt/quarto/bin/quarto.js:187575:5
    at async file:///opt/quarto/bin/quarto.js:187430:14
    at async mainRunner (file:///opt/quarto/bin/quarto.js:187432:5)
    at async file:///opt/quarto/bin/quarto.js:187568:3
