Cloning into 'repo'...
Error adding css vars block SCSSParsingError: SCSS Parsing Error: Expecting punctuation: "}" (4335:53)
    at cssVarsBlock (file:///opt/quarto/bin/quarto.js:88814:11)
    at file:///opt/quarto/bin/quarto.js:89263:31
    at file:///opt/quarto/bin/quarto.js:88996:29
    at eventLoopTick (ext:core/01_core.js:178:7)
    at async handleVarsBlock (file:///opt/quarto/bin/quarto.js:89276:23)
    at async file:///opt/quarto/bin/quarto.js:89303:17
    at async SassCache.setFromHash (file:///opt/quarto/bin/quarto.js:81818:7)
    at async compileSass (file:///opt/quarto/bin/quarto.js:89106:19)
    at async revealTheme (file:///opt/quarto/bin/quarto.js:173581:15)
    at async Object.formatExtras (file:///opt/quarto/bin/quarto.js:173743:23) {
  name: "SCSSParsingError"
}
The resulting CSS file will not have SCSS color variables exported as CSS.
This is likely a Quarto bug.
Please consider reporting it at https://github.com/quarto-dev/quarto-cli,
along with the _quarto_internal_scss_error.scss file that can be found in the current working directory.
pandoc 
  to: revealjs
  from: markdown-auto_identifiers+emoji
  output-file: template.html
  standalone: true
  embed-resources: true
  wrap: none
  default-image-extension: png
  html-math-method:
    method: mathjax
    url: >-
      https://cdn.jsdelivr.net/npm/mathjax@2.7.9/MathJax.js?config=TeX-AMS_HTML-full
  slide-level: 2
  variables: {}
  
metadata
  link-citations: true
  width: 1050
  height: 700
  margin: 0.1
  center: false
  navigationMode: linear
  controlsLayout: edges
  controlsTutorial: false
  hash: true
  history: true
  hashOneBasedIndex: false
  fragmentInURL: false
  transition: fade
  backgroundTransition: slide
  pdfSeparateFragments: false
  lang: de
  auto-stretch: true
  theme:
    - _extensions/hsnr/HSNR.scss
  date-format: DD.MM.YYYY
  csl: _extensions/hsnr/apa-single-spaced.csl
  logo: _extensions/hsnr/HSNLogo_quadrat2.jpg
  slideNumber: true
  scrollable: true
  citations-hover: true
  footnotes-hover: true
  controls: true
  hash-type: number
  hideInactiveCursor: true
  hideCursorTime: 200
  title: Quarto und Revealjs
  subtitle: Eine kurze Einführung
  author:
    - name: Prof. Dr. Klara Aufbau
  institute: Fachbereich Gesundheitswesen
  modul: M3 Spezialwissen 2024
  kohorte: MHC
  date: '2004-12-21'
  bibliography:
    - literatur.bib
  footer: Prof. Dr. Theo Rethisch | Fachbereich 10 | Hochschule Niederrhein
  
[WARNING] Could not fetch resource _extensions/produnis/hsnr/KreisschwungKrefeld.png
[WARNING] Could not fetch resource _extensions/produnis/hsnr/KreisschwungKrefeld.png
[WARNING] Could not fetch resource _extensions/produnis/hsnr/Hochschule_niederrhein.png
[WARNING] Could not fetch resource _extensions/produnis/hsnr/beforeyoustartitsnoteasy.jpg
[WARNING] Could not fetch resource _extensions/produnis/hsnr/beforeyoustartitsnoteasy.jpg
[WARNING] Could not fetch resource _extensions/produnis/hsnr/letztefolie1.webp
[WARNING] Could not fetch resource _extensions/produnis/hsnr/letztefolie2.webp
[WARNING] Could not fetch resource _extensions/produnis/hsnr/KrefeldCampus_night.webp
[WARNING] Could not fetch resource _extensions/produnis/hsnr/HSNLogo_quadrat2.jpg
[WARNING] Could not fetch resource _extensions/produnis/hsnr/GebauedeH_Rand.webp
[WARNING] Could not fetch resource _extensions/produnis/hsnr/HSNLogo_quadrat2.jpg
[WARNING] Could not fetch resource _extensions/produnis/hsnr/bibliothek.webp
Output created: template.html

