pandoc 

  to: html
  output-file: example.html
  standalone: true
  section-divs: true
  html-math-method: mathjax
  wrap: none
  default-image-extension: png
  variables: {}
  

metadata

  document-css: false
  link-citations: true
  date-format: long
  lang: en
  engines:
    - path: /opt/quarto/share/extension-subtrees/julia-engine/_extensions/julia-engine/julia-engine.js
  title: Quarto-svgbob Example
  

Error runnin
g filter /opt/quarto/share/filters/main.lua:
svgbob: createProcess: posix_spawnp: permission denied (Permission denied)
stack traceback:
	.../test-3/repo/_ext
ensions/quarto-svgbob/quarto-svgbob.lua:27: in local 'render_
cmd'
	.../test-3/repo/_extensions/quarto-svgbob/quarto-
svgbob.lua:43: in global 'Render'
	.../test-3/repo/_ext
ensions/quarto-svgbob/quarto-svgbob.lua:64: in f
unction <.../test-3/repo/_extensions/quarto-
svgbob/quarto-svgbob.lua:63>
	[
C]: in ?
	[C]: in method 'walk'
	/opt/qu
arto/share/pandoc/datadir/_utils.lua:607: in functio
n '_utils.walk'
	/opt/quarto/share
/filters/main.lua:574:
 in local 'checked_wal
k'
	/opt/quarto/share
/filters/main.lua:62
9: in function 'run_e
mulated_filter'
	/op
t/quarto/share/filte
rs/main.lua:1317: in
 local 'callback'
	[s
tring "if pandoc.syst
em.os == "mingw32" 
then..."]:778: in fi
eld 'withScriptFile'
	/opt
/quarto/share/filters
/main.lua:1333: in u
pvalue 'run_emulated_
filter_chain'
	/opt/
quarto/share/filters
/main.lua:1371: in f
unction </opt/quarto/s
hare/filters/main.lu
a:1368>
stack traceb
ack:
	/opt/quarto/sh
are/pandoc/datadir/_
utils.lua:607: in fu
nction '_utils.walk'

	/opt/quarto/share/fi
lters/main.lua:574: in
 local 'checked_walk
'
	/opt/quarto/share
/filters/main.lua:629: in
 function 'run_emulat
ed_filter'
	/opt/qua
rto/share/filters/mai
n.lua:1317: in local
 'callback'
	[string
 "if pandoc.system.o
s == "mingw32" then..."]:778
: in field 'withScriptFile
'
	/opt/quarto/shar
e/filters/main.lua:1333:
 in upvalue 'run_emu
lated_filter_chain'
	/opt/q
uarto/share/filters/main.lu
a:1371: in function <
/opt/quarto/share/fi
lters/main.lua:1368>


(WARN) Error encountered when rendering files

