

processing file: template_word.qmd

1/5                  

2/5 [unnamed-chunk-1]

3/5                  

4/5 [fig-n-lights]   

5/5                  

output file: template_word.knit.md


Warning message:
Duplicated chunk option(s) 'label' in both chunk header and pipe comments of the chunk 'fig-n-lights'. 

[WARNING] Could not fetch re
source field.jpg: replacing image with description



processing file: template_html.qmd

1/10                  

2/10 [unnamed-chunk-1]

Error in `library()`:
! there is no package called 'InraeThemes'
Backtrace:
    x
 1. \-base::library(InraeThemes)


Quitting from template_html.qmd:51-70 [unnamed-chunk-1]

Execution halted

(WARN) Error encountered when rendering files

