

processing file: qtabby-faq.qmd

1/5                  

2/5 [unnamed-chunk-1]

3/5                  

4/5 [unnamed-chunk-2]

5/5                  

output file: qtabby-faq.knit.md


Error running filter
 /opt/quarto/share/filters/main.lua:
/opt/quarto/share/filters/main.lua:23084: attempt to call a nil value (method 'map')
stack traceback:
	/opt/quarto/share/filters/main.lua:937: in field 'Tabset'
	...extensions/tes
t-18/repo/docs/_extensions/tabby/tabby.lua:212: in function <...exte
nsions/test-18/repo/docs/_extensions/tabby/tabby.lua:147>
	(
...tail calls...)
	[C]: in ?
	[C]: i
n method 'walk'
	/opt/quarto/share
/pandoc/datadir/_utils.lua:607: in funct
ion '_utils.walk'
	/opt/qua
rto/share/filters/main.lua:
574: in function </opt/qua
rto/share/filters/main.lua:
552>
	(...tail calls...)

	/opt/quarto/share/filters
/main.lua:1317: in local '
callback'
	[string "if pan
doc.system.os == "mingw32
" then..."]:778: in field
 'withScriptFile'
	/opt/qu
arto/share/filters/main.lua
:1333: in upvalue 'run_emul
ated_filter_chain'
	/opt/quarto/share/fil
ters/main.lua:1371: in function <
/opt/quarto/share/filters/m
ain.lua:1368>
stack traceback:
	/o
pt/quarto/share/pandoc/dat
adir/_utils.lua:607: in functi
on '_utils.walk'
	/opt/qu
arto/share/filters/main.l
ua:574: in function </opt/
quarto/share/filters/mai
n.lua:552>
	(...tail calls
...)
	/opt/quarto/share/fi
lters/main.lua:1317: in l
ocal 'callback'
	[string 
"if pandoc.system.os == "m
ingw32" then..."]:778: in field 'withSc
riptFile'
	/opt/quarto/share/filter
s/main.lua:1333: in upvalue
 'run_emulated_filter_chain'
	/
opt/quarto/share/filters/m
ain.lua:1371: in function
 </opt/quarto/share/filte
rs/main.lua:1368>

(WARN) Error encountered when rendering files

