
Starting python3 kernel...
[IPKernelApp] WARNING | Kernel is running over TCP without encryption. All communication (including code and outputs) is sent in plain text and is susceptible to eavesdropping. Use IPC transport or launch with kernel manager-provisioned CurveZMQ keys to enable transport encryption.

Done


Executing 'index.quarto_ipynb'



Creating directory /home/runner/work/quarto-extensions/quarto-extensions/test-2/.cache/shinylive

/home/runner/work/quarto-extensions/quarto-extensions/test-2/.cache/shinylive/shinylive-0.10.12 does not exist.
Downloading https://github.com/posit-dev/shinylive/releases/download/v0.10.12/shinylive-0.10.12.tar.gz...



Unzipping to /home/runner/work/quarto-extensions/quarto-extensions/test-2/.cache/shinylive/

Download https://deno.land/std/io/mod.ts

Warning Implicitly using latest version (0.224.0) for https://deno.land/std/io/mod.ts
Download https://deno.land/std@0.224.0/io/mod.ts

Download https://deno.land/std@0.224.0/io/buf_reader.ts
Download https://deno.land/std@0.224.0/io/buf_writer.ts
Download https://deno.land/std@0.224.0/io/buffer.ts
Download https://deno.land/std@0.224.0/io/copy.ts
Download https://deno.land/std@0.224.0/io/copy_n.ts
Download https://deno.land/std@0.224.0/io/iterate_reader.ts
Download https://deno.land/std@0.224.0/io/limited_reader.ts
Download https://deno.land/std@0.224.0/io/multi_reader.ts
Download https://deno.land/std@0.224.0/io/read_all.ts
Download https://deno.land/std@0.224.0/io/read_delim.ts
Download https://deno.land/std@0.224.0/io/read_int.ts
Download https://deno.land/std@0.224.0/io/read_lines.ts
Download https://deno.land/std@0.224.0/io/read_long.ts
Download https://deno.land/std@0.224.0/io/read_range.ts
Download https://deno.land/std@0.224.0/io/read_short.ts
Download https://deno.land/std@0.224.0/io/read_string_delim.ts
Download https://deno.land/std@0.224.0/io/reader_from_stream_reader.ts
Download https://deno.land/std@0.224.0/io/slice_long_to_bytes.ts

Download https://deno.land/std@0.224.0/io/string_reader.ts
Download https://deno.land/std@0.224.0/io/string_writer.ts
Download https://deno.land/std@0.224.0/io/to_readable_stream.ts

Download https://deno.land/std@0.224.0/io/to_writable_stream.ts
Download https://deno.land/std@0.224.0/io/types.ts
Download https://deno.land/std@0.224.0/io/write_all.ts

Download https://deno.land/std@0.224.0/assert/assert.ts
Download https://deno.land/std@0.224.0/bytes/copy.ts

Download https://deno.land/std@0.224.0/io/_constants.ts
Download https://deno.land/std@0.224.0/bytes/concat.ts
Download https://deno.land/std@0.224.0/io/_common.ts

Download https://deno.land/std@0.224.0/assert/assertion_error.ts


Starting python3 kernel...
[IPKernelApp] WARNING | Kernel is running over TCP without encryption. All communication (including code and outputs) is sent in plain text and is susceptible to eavesdropping. Use IPC transport or launch with kernel manager-provisioned CurveZMQ keys to enable transport encryption.

Done


Executing 'sine.quarto_ipynb'




Starting python3 kernel...
[IPKernelApp] WARNING | Kernel is running over TCP without encryption. All communication (including code and outputs) is sent in plain text and is susceptible to eavesdropping. Use IPC transport or launch with kernel manager-provisioned CurveZMQ keys to enable transport encryption.

Done


Executing 'experimental.quarto_ipynb'




Starting python3 kernel...
[IPKernelApp] WARNING | Kernel is running over TCP without encryption. All communication (including code and outputs) is sent in plain text and is susceptible to eavesdropping. Use IPC transport or launch with kernel manager-provisioned CurveZMQ keys to enable transport encryption.

Done


Executing 'load_file.quarto_ipynb'





Output created: docs/index.html


