

processing file: example.qmd

1/5                  

2/5 [unnamed-chunk-1]

3/5                  
4/5 [unnamed-chunk-2]

5/5                  

output file: example.knit.md


pandoc 

  to: latex
  output-file: example.tex
  standalone: true
  pdf-engine: lualatex
  variables:
    graphics: true
    tables: true
  default-image-extension: pdf
  

metadata

  documentclass: scrartcl
  classoption:
    - DIV=11
    - numbers=noendperiod
  papersize: letter
  header-includes:
    - \KOMAoption{captions}{tableheading}
  block-headings: true
  title: Code-appendix Example
  code-appendix-title: 'Source Code:'
  code-appendix-header-level: 2
  code-appendix-file: code-appendix.r
  code-appendix-write: true
  


Rendering PDF

running lualatex - 1

  This is LuaHBTeX, Version 1.24.0 (TeX Live 2026) 
   restricted system commands enabled.
  

updating tlmgr



updating existing packages

finding package for scrartcl.cls

> 1 package to install

> installing koma-script (1 of 1)

  This is LuaHBTeX, Version 1.24.0 (TeX Live 2026) 
   restricted system commands enabled.
  
  luaotfload | db : Font names database not found, generating new one.
  luaotfload | db : This can take several minutes; please be patient.

finding package for caption.sty

> 1 package to install

> installing caption (1 of 1)

  This is LuaHBTeX, Version 1.24.0 (TeX Live 2026) 
   restricted system commands enabled.
  

running lualatex - 2

  This is LuaHBTeX, Version 1.24.0 (TeX Live 2026) 
   restricted system commands enabled.
  



Output created: example.pdf


