

processing file: numbered_example.qmd

1/5                  

2/5 [fig-random-plot]

3/5                  

4/5 [tbl-mtcars]     

5/5                  

output file: numbered_example.knit.md


pandoc 

  to: latex
  output-file: numbered_example.tex
  standalone: true
  pdf-engine: lualatex
  variables:
    graphics: true
    tables: true
  default-image-extension: pdf
  number-sections: true
  

metadata

  documentclass: scrartcl
  classoption:
    - DIV=11
    - numbers=noendperiod
  papersize: letter
  header-includes:
    - \KOMAoption{captions}{tableheading}
  block-headings: true
  engines:
    - path: /opt/quarto/share/extension-subtrees/julia-engine/_extensions/julia-engine/julia-engine.js
  title: Using nameref
  author: Shafayet Khan Shafee
  date: last-modified
  date-format: DD MMM, YYYY
  nameref:
    section-number: true
  


Rendering PDF

running lualatex - 1

  This is LuaHBTeX, Version 1.24.0 (TeX Live 2026) 
   restricted system commands enabled.
  

updating tlmgr



updating existing packages

finding package for scrartcl.cls

> 1 package to install

> installing koma-script (1 of 1)

  This is LuaHBTeX, Version 1.24.0 (TeX Live 2026) 
   restricted system commands enabled.
  
  luaotfload | db : Font names database not found, generating new one.
  luaotfload | db : This can take several minutes; please be patient.

finding package for caption.sty

> 1 package to install

> installing caption (1 of 1)

  This is LuaHBTeX, Version 1.24.0 (TeX Live 2026) 
   restricted system commands enabled.
  

running lualatex - 2

  This is LuaHBTeX, Version 1.24.0 (TeX Live 2026) 
   restricted system commands enabled.
  



Output created: numbered_example.pdf


