pandoc 

  to: typst
  output-file: template.typ
  standalone: true
  default-image-extension: svg
  wrap: none
  citeproc: false
  variables: {}
  

metadata

  date: today
  date-format: MMMM DD, YYYY
  margin:
    left: 1in
    right: 3.5in
    top: 1.5in
    bottom: 1.5in
  mainfont:
    - Lucida Bright
    - New CM
    - Linux Libertine
  codefont:
    - Lucida Console
  sansfont:
    - Gill Sans MT
    - TeX Gyre Heros
    - Noto Sans
  title: Tufte inspired Typst template (in Quarto)
  shorttitle: Tufte-Memo Usage Guide
  subtitle: The Tufte-Memo Usage guide and background
  author:
    - name: Author One
      affiliations:
        - name: An Organization
      email: email@email.com
    - name: Noah Gula
      email: github.com/nogula
    - name: Christopher T. Kenny
      email: github.com/christopherkenny
  abstract: This Quarto template adopts many aspects of the design and typography of Edward Tufte's books and extends [nogula](https://github.com/nogula)'s Typst template. The document itself demonstrates the functionality and usage of the template, including setup, sidenotes, figure display, citations, and more.
  bibliography:
    - bibliography.bib
  functions:
    - note
    - wideblock
  

[typst]: Compiling template.typ to template.pdf...
downloading @preview/drafting:0.2.2

  9.3 KiB /   9.3 KiB (100 %)   9.3 KiB/s in 952.22 µs ETA: 0 s


warning: unknown font family: gill sans mt
    ┌─ template.typ:736:35
    │
736 │ #show
 bibliography: set text(font: sansfont)
    │                                    ^^^^^^^^

warning: unknown font family: tex gyre heros
    ┌─ template.typ:736:35
    │
736 │ #show bibliography: set text(font: sansfont)
    │                                    ^^^^^^^^

warning: unknown font family: noto sans
    ┌─ template.typ:736:35
    │
736 │ #show bibliography: set text(font: sansfont)
    │                                    ^^^^^^^^

warning: unknown font family: gill sans mt
    ┌─ template.typ:308:38
    │
308 │   show figure.caption: set text(font: sansfont)
    │                                       ^^^^^^^^

warning: unknown font family: tex gyre heros
    ┌─ template.typ:308:38
    │
308 │   show figure.caption: set text(font: sansfont)
    │                         
              ^^^^^^^^

warning: unknown font family: noto sans
    ┌─ template.typ:308:38
    │
308 │   show figure.caption: set text(font: sansfont)
    │                                       ^^^^^^^^

warning
: unknown font family: lucida console
    ┌─ template.typ:326:27
    │
326 │   show raw: set text(font: "Lucida Console", size: 10pt)
    │                            ^^^^^^^^
^^^^^^^^

warning: `show par: set block(spacing: ..)` has no effect anymore
    ┌─ template.typ:457:2
    │
457 │   show par: set block(spacing: 0.65em)
    │  
 ^^^^^^^^^^^^^^^^^^^^^^^^^^^^^^^^^^^^
    │
    = hint: write `set par(spacing: ..)` instead
    = hint: this is specific to paragraphs as they are not considered blocks anymore

warning: unknown font family: gill sans mt
    ┌─ template.typ:466:14

    │
466 │         font: sansfont,
    │               ^^^^^^^^

warning: unknown font family: tex gyre heros
    ┌─ template.typ:466:14
    │
466 │     
    font: sansfont,
    │               ^^^^^^^^

warning: unknown font family: noto sans
    ┌─ template.typ:466:14
    │
466 │      
   font: sansfont,
    │               ^^^^^^^^

warning: unknown font family: gill sans mt
    ┌─ template.typ:482:21
    │
482 │      
 set text(font: sansfont, size: fontsize)
    │                      ^^^^^^^^


warning: unknown font family: tex gyre heros
    ┌─ template.typ:482:21
    │
482 │       set text(font: sansfont, size: fontsize
)
    │                      ^^^^^^^^

warning: unknown font family: noto sans
    ┌─ template.typ:482:21
    │
482 │    
   set text(font: sansfont, size: fontsize)
    │                      ^^^
^^^^^

warning: unknown font family: gill sans mt
    ┌─ template.typ:522:21
    │
522 │       set text(font: sansfont)

    │                      ^^^^^^^^

warning: unknown font family: tex gyre heros
    ┌─ template.typ:522:21
    │
522 │       set text(font: san
sfont)
    │                      ^^^^^^^^

warning: unknown font family: noto sans
    ┌─ template.typ:522:21
    │

522 │       set text(font: sansfont)
    │                      ^^^
^^^^^

warning: unknown font family: lucida bright
    ┌─ template.typ:550:10
    │
550 │     font: font,
    │        
   ^^^^

warning: unknown font family: new cm
    ┌─ template.typ:550:10
    │
550 │     font: font,
    │     
      ^^^^

warning: unknown font family: linux libertine
    ┌─ template.typ:550:10
    │
550 │     font: font,
    │  
         ^^^^

warning: unknown font family: gill sans mt
    ┌─ template.typ:213:10
    │
213 │     font: sansfont,
  
  │           ^^^^^^^^

warning: unknown font family: tex gyre heros
    ┌─ template.typ:213:10
    │
213 │     font: sansfont,
    │   
        ^^^^^^^^

warning: unknown font family: noto sans
    ┌─ template.typ:213:10
    │
213 │     font: sansfont,
    │        
   ^^^^^^^^

warning: unknown font family: lucida bright
    ┌─ template.typ:218:16
    │
218 │           font: "Lucida 
Bright",
    │                 ^^^^^^^^^^^^^^^

warning: comparing strings with types is deprecated
    ┌─ template.typ:
133:5
    │
133 │   if type(it.kind) != "string" {
    │      ^^^^^^^^
^^^^^^^^^^^^^^^^^
    │
    = hint: compare with the literal type instead
    = hint: this comparison will always return `false` in future Typst releases

warning: unknown font family: gill sans mt
    ┌─ template.typ:382:21
 
   │
382 │       set text(font: sansfont)
    │                     
 ^^^^^^^^

warning: unknown font family: tex gyre heros
    ┌─ template.typ:382:21
    │
382 │       set text(font: san
sfont)
    │                      ^^^^^^^^

warning: unknown font family: noto sans
    ┌─ template.typ:382:21

    │
382 │       set text(font: sansfont)
    │                   
   ^^^^^^^^

warning: unknown font family: gill sans mt
    ┌─ template.typ:406:21
    │
406 │       set text(font: s
ansfont, size: 8pt)
    │                      ^^^^^^^^

warning: 
unknown font family: tex gyre heros
    ┌─ template.typ:406:21
    │
406 │       set text(font: sansfont, size: 8pt)

    │                      ^^^^^^^^

warning: unknown font family: noto sans
    ┌─ template.typ:406:21
    │

406 │       set text(font: sansfont, size: 8pt)
    │             
         ^^^^^^^^


DONE


Output created: template.pdf


