Cloning into 'repo'...


processing file: example.qmd
1/9                  
2/9 [unnamed-chunk-1]
3/9                  
4/9 [unnamed-chunk-2]
5/9                  
6/9 [unnamed-chunk-3]
7/9                  
8/9 [unnamed-chunk-4]
9/9                  
output file: example.knit.md

WARN: One or more extensions have been built in to Quarto. Please use the following command to remove the unneeded extension:
  quarto remove extension quarto-ext/lightbox
pandoc 
  to: html
  output-file: example.html
  standalone: true
  section-divs: true
  html-math-method: mathjax
  wrap: none
  default-image-extension: png
  variables: {}
  
metadata
  document-css: false
  link-citations: true
  date-format: long
  lang: en
  title: Example Lightbox Document
  lightbox: auto
  
Output created: example.html

