pandoc 

  to: typst
  output-file: example.typ
  standalone: true
  shift-heading-level-by: -1
  default-image-extension: svg
  wrap: none
  citeproc: false
  toc: true
  variables: {}
  

metadata

  engines:
    - path: /opt/quarto/share/extension-subtrees/julia-engine/_extensions/julia-engine/julia-engine.js
  title: Code Window
  subtitle: Quarto Extension
  author:
    - name: Mickaël CANOUIL, _Ph.D._
      orcid: 0000-0002-3396-4549
      url: https://mickael.canouil.fr
  code-annotations: below
  papersize: a4
  margin:
    x: 2.5cm
    'y': 2.5cm
  

(WARN) typst-gather analyze failed; staging all packages as fallback

[typst]: Compiling example.typ to example.pdf...
