Cloning into 'repo'...
pandoc 
  to: html
  output-file: index.html
  standalone: true
  embed-resources: true
  section-divs: true
  html-math-method: mathjax
  wrap: none
  default-image-extension: png
  toc: true
  variables: {}
  
metadata
  document-css: false
  link-citations: true
  date-format: long
  lang: en
  engines:
    - path: /opt/quarto/share/extension-subtrees/julia-engine/_extensions/julia-engine/julia-engine.js
  title: Code Window
  subtitle: Quarto Extension
  author:
    - name: Mickaël CANOUIL, _Ph.D._
      orcid: 0000-0002-3396-4549
      url: https://mickael.canouil.fr
  code-annotations: below
  
Output created: index.html

pandoc 
  to: revealjs
  output-file: example-revealjs.html
  standalone: true
  embed-resources: true
  wrap: none
  default-image-extension: png
  html-math-method:
    method: mathjax
    url: >-
      https://cdn.jsdelivr.net/npm/mathjax@2.7.9/MathJax.js?config=TeX-AMS_HTML-full
  slide-level: 2
  toc: true
  variables: {}
  
metadata
  link-citations: true
  width: 1050
  height: 700
  margin: 0.1
  center: false
  navigationMode: linear
  controlsLayout: edges
  controlsTutorial: false
  hash: true
  history: true
  hashOneBasedIndex: false
  fragmentInURL: false
  transition: none
  backgroundTransition: none
  pdfSeparateFragments: false
  lang: en
  auto-stretch: true
  engines:
    - path: /opt/quarto/share/extension-subtrees/julia-engine/_extensions/julia-engine/julia-engine.js
  title: Code Window
  subtitle: Quarto Extension
  author:
    - name: Mickaël CANOUIL, _Ph.D._
      orcid: 0000-0002-3396-4549
      url: https://mickael.canouil.fr
  code-annotations: below
  
Output created: example-revealjs.html

pandoc 
  to: typst
  output-file: example.typ
  standalone: true
  shift-heading-level-by: -1
  default-image-extension: svg
  wrap: none
  citeproc: false
  toc: true
  variables: {}
  
metadata
  engines:
    - path: /opt/quarto/share/extension-subtrees/julia-engine/_extensions/julia-engine/julia-engine.js
  title: Code Window
  subtitle: Quarto Extension
  author:
    - name: Mickaël CANOUIL, _Ph.D._
      orcid: 0000-0002-3396-4549
      url: https://mickael.canouil.fr
  code-annotations: below
  papersize: a4
  margin:
    x: 2.5cm
    'y': 2.5cm
  
WARN: typst-gather analyze failed; staging all packages as fallback
[typst]: Compiling example.typ to example.pdf...error: Uncaught (in promise) TypeError: Writable stream is closed or errored.
      process4.stdin.close();
                     ^
    at writableStreamClose (ext:deno_web/06_streams.js:4352:7)
    at WritableStream.close (ext:deno_web/06_streams.js:6466:12)
    at execProcess (file:///opt/quarto/bin/quarto.js:7857:22)
    at eventLoopTick (ext:core/01_core.js:179:7)
    at async runAnalyze (file:///opt/quarto/bin/quarto.js:135839:19)
    at async analyzeNeededPackages (file:///opt/quarto/bin/quarto.js:135888:21)
    at async stageTypstPackages (file:///opt/quarto/bin/quarto.js:135939:26)
    at async Object.complete (file:///opt/quarto/bin/quarto.js:135977:27)
    at async file:///opt/quarto/bin/quarto.js:130926:23
    at async withTimingAsync (file:///opt/quarto/bin/quarto.js:15990:21)
    at async Object.complete (file:///opt/quarto/bin/quarto.js:130912:7)
    at async Object.onPostProcess (file:///opt/quarto/bin/quarto.js:136894:28)
    at async renderFileInternal (file:///opt/quarto/bin/quarto.js:136878:3)
    at async renderFiles (file:///opt/quarto/bin/quarto.js:136597:9)
    at async render (file:///opt/quarto/bin/quarto.js:142251:19)
    at async _Command.actionHandler (file:///opt/quarto/bin/quarto.js:142496:24)
    at async _Command.execute (file:///opt/quarto/bin/quarto.js:102027:7)
    at async _Command.parseCommand (file:///opt/quarto/bin/quarto.js:101904:14)
    at async quarto4 (file:///opt/quarto/bin/quarto.js:187717:5)
    at async file:///opt/quarto/bin/quarto.js:187746:5
    at async file:///opt/quarto/bin/quarto.js:187600:14
    at async mainRunner (file:///opt/quarto/bin/quarto.js:187602:5)
    at async file:///opt/quarto/bin/quarto.js:187739:3
Render failed, retrying once...
pandoc 
  to: typst
  output-file: example.typ
  standalone: true
  shift-heading-level-by: -1
  default-image-extension: svg
  wrap: none
  citeproc: false
  toc: true
  variables: {}
  
metadata
  engines:
    - path: /opt/quarto/share/extension-subtrees/julia-engine/_extensions/julia-engine/julia-engine.js
  title: Code Window
  subtitle: Quarto Extension
  author:
    - name: Mickaël CANOUIL, _Ph.D._
      orcid: 0000-0002-3396-4549
      url: https://mickael.canouil.fr
  code-annotations: below
  papersize: a4
  margin:
    x: 2.5cm
    'y': 2.5cm
  
WARN: typst-gather analyze failed; staging all packages as fallback
[typst]: Compiling example.typ to example.pdf...error: Uncaught (in promise) TypeError: Writable stream is closed or errored.
      process4.stdin.close();
                     ^
    at writableStreamClose (ext:deno_web/06_streams.js:4352:7)
    at WritableStream.close (ext:deno_web/06_streams.js:6466:12)
    at execProcess (file:///opt/quarto/bin/quarto.js:7857:22)
    at eventLoopTick (ext:core/01_core.js:179:7)
    at async runAnalyze (file:///opt/quarto/bin/quarto.js:135839:19)
    at async analyzeNeededPackages (file:///opt/quarto/bin/quarto.js:135888:21)
    at async stageTypstPackages (file:///opt/quarto/bin/quarto.js:135939:26)
    at async Object.complete (file:///opt/quarto/bin/quarto.js:135977:27)
    at async file:///opt/quarto/bin/quarto.js:130926:23
    at async withTimingAsync (file:///opt/quarto/bin/quarto.js:15990:21)
    at async Object.complete (file:///opt/quarto/bin/quarto.js:130912:7)
    at async Object.onPostProcess (file:///opt/quarto/bin/quarto.js:136894:28)
    at async renderFileInternal (file:///opt/quarto/bin/quarto.js:136878:3)
    at async renderFiles (file:///opt/quarto/bin/quarto.js:136597:9)
    at async render (file:///opt/quarto/bin/quarto.js:142251:19)
    at async _Command.actionHandler (file:///opt/quarto/bin/quarto.js:142496:24)
    at async _Command.execute (file:///opt/quarto/bin/quarto.js:102027:7)
    at async _Command.parseCommand (file:///opt/quarto/bin/quarto.js:101904:14)
    at async quarto4 (file:///opt/quarto/bin/quarto.js:187717:5)
    at async file:///opt/quarto/bin/quarto.js:187746:5
    at async file:///opt/quarto/bin/quarto.js:187600:14
    at async mainRunner (file:///opt/quarto/bin/quarto.js:187602:5)
    at async file:///opt/quarto/bin/quarto.js:187739:3
