Cloning into 'repo'...
pandoc 
  to: html
  output-file: example.html
  standalone: true
  section-divs: true
  html-math-method: mathjax
  wrap: none
  default-image-extension: png
  toc: true
  variables: {}
  
metadata
  document-css: false
  link-citations: true
  date-format: long
  lang: en
  engines:
    - path: /opt/quarto/share/extension-subtrees/julia-engine/_extensions/julia-engine/julia-engine.js
  title: Imagify Example
  imagify:
    scope: all
    embed: false
    lazy: true
    output-folder: _imagify_files
    pdf-engine: latex
    zoom: 1.5
  imagify-classes:
    highlightme:
      zoom: 4
      block-style: 'border: 1px solid red;'
      debug: false
    fitch:
      header-includes: \usepackage{fitch}
      debug: false
  
Rc files read (in order):
  NONE
Latexmk: This is Latexmk, John Collins, 9 March 2026. Version 4.88.
No existing .aux file, so I'll make a simple one, and require run of *latex.
Latexmk: applying rule 'latex'...
Rule 'latex':  Reasons for rerun
Category 'other':
  Rerun of 'latex' forced or previously required:
    Reason or flag: 'Initial setup'

------------
Run number 1 of rule 'latex'
------------
------------
Running 'latex  --interaction=nonstopmode -recorder  "source.tex"'
------------
This is pdfTeX, Version 3.141592653-2.6-1.40.29 (TeX Live 2026) (preloaded format=latex)
 restricted \write18 enabled.
entering extended mode
(./source.tex
LaTeX2e <2025-11-01>
L3 programming layer <2026-01-19>

! LaTeX Error: File `standalone.cls' not found.

Type X to quit or <RETURN> to proceed,
or enter new name. (Default extension: cls)

Enter file name: 
! Emergency stop.
<read *> 
         
l.6 \usepackage
               {xcolor}^^M
No pages of output.
Transcript written on source.log.
Latexmk: Getting log file 'source.log'
Latexmk: Examining 'source.fls'
Latexmk: Examining 'source.log'
Latexmk: Missing input file 'standalone.cls' message in .log file:
  ! LaTeX Error: File `standalone.cls' not found.
Latexmk: Log file says no output from latex
Latexmk: For rule 'latex', no output was made
Latexmk: Errors, so I did not complete making targets
Collected error summary (may duplicate other messages):
  latex: Command for 'latex' gave return code 1
      Refer to 'source.log' and/or above output for details

Latexmk: Sometimes, the -f option can be used to get latexmk
  to try to force complete processing.
  But normally, you will need to correct the file(s) that caused the
  error, and then rerun latexmk.
  In some cases, it is best to clean out generated files before rerunning
  latexmk after you've corrected the files.
[ERROR] Imagify: LaTeX compilation failed.
Command used: export TEXINPUTS=/home/runner/work/quarto-extensions/quarto-extensions/test-15/repo/example-quarto//:/tmp/quarto-session8f757e57bd8fe0c1/a518146596f1dfab//:/home/runner/work/quarto-extensions/quarto-extensions/test-15/repo/example-quarto//:; latexmk  -latex --interaction=nonstopmode --output-format=dvi source.tex
LaTeX source code:
% Options for packages loaded elsewhere
\PassOptionsToPackage{unicode}{hyperref}
\PassOptionsToPackage{hyphens}{url}
\documentclass[
  dvisvgm]{standalone}
\usepackage{xcolor}
\usepackage{amsmath,amssymb}
\setcounter{secnumdepth}{-\maxdimen} % remove section numbering
\usepackage{iftex}
\ifPDFTeX
  \usepackage[T1]{fontenc}
  \usepackage[utf8]{inputenc}
  \usepackage{textcomp} % provide euro and other symbols
\else % if luatex or xetex
  \usepackage{unicode-math} % this also loads fontspec
  \defaultfontfeatures{Scale=MatchLowercase}
  \defaultfontfeatures[\rmfamily]{Ligatures=TeX,Scale=1}
\fi
\usepackage{lmodern}
\ifPDFTeX\else
  % xetex/luatex font selection
\fi
% Use upquote if available, for straight quotes in verbatim environments
\IfFileExists{upquote.sty}{\usepackage{upquote}}{}
\IfFileExists{microtype.sty}{% use microtype if available
  \usepackage[]{microtype}
  \UseMicrotypeSet[protrusion]{basicmath} % disable protrusion for tt fonts
}{}
\makeatletter
\@ifundefined{KOMAClassName}{% if non-KOMA class
  \IfFileExists{parskip.sty}{%
    \usepackage{parskip}
  }{% else
    \setlength{\parindent}{0pt}
    \setlength{\parskip}{6pt plus 2pt minus 1pt}}
}{% if KOMA class
  \KOMAoptions{parskip=half}}
\makeatother
\setlength{\emergencystretch}{3em} % prevent overfull lines
\providecommand{\tightlist}{%
  \setlength{\itemsep}{0pt}\setlength{\parskip}{0pt}}
\usepackage{bookmark}
\IfFileExists{xurl.sty}{\usepackage{xurl}}{} % add URL line breaks if available
\urlstyle{same}
\hypersetup{
  hidelinks,
  pdfcreator={LaTeX via pandoc}}

\author{}
\date{}

\begin{document}

$E = mc^2$

\end{document}
LaTeX log:
This is pdfTeX, Version 3.141592653-2.6-1.40.29 (TeX Live 2026) (preloaded format=latex 2026.3.23)  23 MAR 2026 21:38
entering extended mode
 restricted \write18 enabled.
 %&-line parsing enabled.
**source.tex
(./source.tex
LaTeX2e <2025-11-01>
L3 programming layer <2026-01-19>

! LaTeX Error: File `standalone.cls' not found.

Type X to quit or <RETURN> to proceed,
or enter new name. (Default extension: cls)

Enter file name: 
! Emergency stop.
<read *> 
         
l.6 \usepackage
               {xcolor}^^M
*** (cannot \read from terminal in nonstop modes)

 
Here is how much of TeX's memory you used:
 27 strings out of 469473
 580 string characters out of 5469546
 433753 words of memory out of 5000000
 28787 multiletter control sequences out of 15000+600000
 627721 words of font info for 40 fonts, out of 8000000 for 9000
 36 hyphenation exceptions out of 8191
 19i,0n,29p,86b,17s stack positions out of 10000i,1000n,20000p,200000b,200000s
No pages of output.

Rc files read (in order):
  NONE
Latexmk: This is Latexmk, John Collins, 9 March 2026. Version 4.88.
No existing .aux file, so I'll make a simple one, and require run of *latex.
Latexmk: applying rule 'latex'...
Rule 'latex':  Reasons for rerun
Category 'other':
  Rerun of 'latex' forced or previously required:
    Reason or flag: 'Initial setup'

------------
Run number 1 of rule 'latex'
------------
------------
Running 'latex  --interaction=nonstopmode -recorder  "source.tex"'
------------
This is pdfTeX, Version 3.141592653-2.6-1.40.29 (TeX Live 2026) (preloaded format=latex)
 restricted \write18 enabled.
entering extended mode
(./source.tex
LaTeX2e <2025-11-01>
L3 programming layer <2026-01-19>

! LaTeX Error: File `standalone.cls' not found.

Type X to quit or <RETURN> to proceed,
or enter new name. (Default extension: cls)

Enter file name: 
! Emergency stop.
<read *> 
         
l.6 \usepackage
               {xcolor}^^M
No pages of output.
Transcript written on source.log.
Latexmk: Getting log file 'source.log'
Latexmk: Examining 'source.fls'
Latexmk: Examining 'source.log'
Latexmk: Missing input file 'standalone.cls' message in .log file:
  ! LaTeX Error: File `standalone.cls' not found.
Latexmk: Log file says no output from latex
Latexmk: For rule 'latex', no output was made
Latexmk: Errors, so I did not complete making targets
Collected error summary (may duplicate other messages):
  latex: Command for 'latex' gave return code 1
      Refer to 'source.log' and/or above output for details

Latexmk: Sometimes, the -f option can be used to get latexmk
  to try to force complete processing.
  But normally, you will need to correct the file(s) that caused the
  error, and then rerun latexmk.
  In some cases, it is best to clean out generated files before rerunning
  latexmk after you've corrected the files.
[ERROR] Imagify: LaTeX compilation failed.
Command used: export TEXINPUTS=/home/runner/work/quarto-extensions/quarto-extensions/test-15/repo/example-quarto//:/tmp/quarto-session8f757e57bd8fe0c1/a518146596f1dfab//:/home/runner/work/quarto-extensions/quarto-extensions/test-15/repo/example-quarto//:; latexmk  -latex --interaction=nonstopmode --output-format=dvi source.tex
LaTeX source code:
% Options for packages loaded elsewhere
\PassOptionsToPackage{unicode}{hyperref}
\PassOptionsToPackage{hyphens}{url}
\documentclass[
  dvisvgm]{standalone}
\usepackage{xcolor}
\usepackage{amsmath,amssymb}
\setcounter{secnumdepth}{-\maxdimen} % remove section numbering
\usepackage{iftex}
\ifPDFTeX
  \usepackage[T1]{fontenc}
  \usepackage[utf8]{inputenc}
  \usepackage{textcomp} % provide euro and other symbols
\else % if luatex or xetex
  \usepackage{unicode-math} % this also loads fontspec
  \defaultfontfeatures{Scale=MatchLowercase}
  \defaultfontfeatures[\rmfamily]{Ligatures=TeX,Scale=1}
\fi
\usepackage{lmodern}
\ifPDFTeX\else
  % xetex/luatex font selection
\fi
% Use upquote if available, for straight quotes in verbatim environments
\IfFileExists{upquote.sty}{\usepackage{upquote}}{}
\IfFileExists{microtype.sty}{% use microtype if available
  \usepackage[]{microtype}
  \UseMicrotypeSet[protrusion]{basicmath} % disable protrusion for tt fonts
}{}
\makeatletter
\@ifundefined{KOMAClassName}{% if non-KOMA class
  \IfFileExists{parskip.sty}{%
    \usepackage{parskip}
  }{% else
    \setlength{\parindent}{0pt}
    \setlength{\parskip}{6pt plus 2pt minus 1pt}}
}{% if KOMA class
  \KOMAoptions{parskip=half}}
\makeatother
\setlength{\emergencystretch}{3em} % prevent overfull lines
\providecommand{\tightlist}{%
  \setlength{\itemsep}{0pt}\setlength{\parskip}{0pt}}
\usepackage{bookmark}
\IfFileExists{xurl.sty}{\usepackage{xurl}}{} % add URL line breaks if available
\urlstyle{same}
\hypersetup{
  hidelinks,
  pdfcreator={LaTeX via pandoc}}

\author{}
\date{}

\begin{document}

$x=\frac{-b\pm\sqrt[]{b^2-4ac}}{2a}$

\end{document}
LaTeX log:
This is pdfTeX, Version 3.141592653-2.6-1.40.29 (TeX Live 2026) (preloaded format=latex 2026.3.23)  23 MAR 2026 21:38
entering extended mode
 restricted \write18 enabled.
 %&-line parsing enabled.
**source.tex
(./source.tex
LaTeX2e <2025-11-01>
L3 programming layer <2026-01-19>

! LaTeX Error: File `standalone.cls' not found.

Type X to quit or <RETURN> to proceed,
or enter new name. (Default extension: cls)

Enter file name: 
! Emergency stop.
<read *> 
         
l.6 \usepackage
               {xcolor}^^M
*** (cannot \read from terminal in nonstop modes)

 
Here is how much of TeX's memory you used:
 27 strings out of 469473
 580 string characters out of 5469546
 433753 words of memory out of 5000000
 28787 multiletter control sequences out of 15000+600000
 627721 words of font info for 40 fonts, out of 8000000 for 9000
 36 hyphenation exceptions out of 8191
 19i,0n,29p,86b,17s stack positions out of 10000i,1000n,20000p,200000b,200000s
No pages of output.

Rc files read (in order):
  NONE
Latexmk: This is Latexmk, John Collins, 9 March 2026. Version 4.88.
No existing .aux file, so I'll make a simple one, and require run of *latex.
Latexmk: applying rule 'latex'...
Rule 'latex':  Reasons for rerun
Category 'other':
  Rerun of 'latex' forced or previously required:
    Reason or flag: 'Initial setup'

------------
Run number 1 of rule 'latex'
------------
------------
Running 'latex  --interaction=nonstopmode -recorder  "source.tex"'
------------
This is pdfTeX, Version 3.141592653-2.6-1.40.29 (TeX Live 2026) (preloaded format=latex)
 restricted \write18 enabled.
entering extended mode
(./source.tex
LaTeX2e <2025-11-01>
L3 programming layer <2026-01-19>

! LaTeX Error: File `standalone.cls' not found.

Type X to quit or <RETURN> to proceed,
or enter new name. (Default extension: cls)

Enter file name: 
! Emergency stop.
<read *> 
         
l.6 \usepackage
               {xcolor}^^M
No pages of output.
Transcript written on source.log.
Latexmk: Getting log file 'source.log'
Latexmk: Examining 'source.fls'
Latexmk: Examining 'source.log'
Latexmk: Missing input file 'standalone.cls' message in .log file:
  ! LaTeX Error: File `standalone.cls' not found.
Latexmk: Log file says no output from latex
Latexmk: For rule 'latex', no output was made
Latexmk: Errors, so I did not complete making targets
Collected error summary (may duplicate other messages):
  latex: Command for 'latex' gave return code 1
      Refer to 'source.log' and/or above output for details

Latexmk: Sometimes, the -f option can be used to get latexmk
  to try to force complete processing.
  But normally, you will need to correct the file(s) that caused the
  error, and then rerun latexmk.
  In some cases, it is best to clean out generated files before rerunning
  latexmk after you've corrected the files.
[ERROR] Imagify: LaTeX compilation failed.
Command used: export TEXINPUTS=/home/runner/work/quarto-extensions/quarto-extensions/test-15/repo/example-quarto//:/tmp/quarto-session8f757e57bd8fe0c1/a518146596f1dfab//:/home/runner/work/quarto-extensions/quarto-extensions/test-15/repo/example-quarto//:; latexmk  -latex --interaction=nonstopmode --output-format=dvi source.tex
LaTeX source code:
% Options for packages loaded elsewhere
\PassOptionsToPackage{unicode}{hyperref}
\PassOptionsToPackage{hyphens}{url}
\documentclass[
  dvisvgm]{standalone}
\usepackage{xcolor}
\usepackage{amsmath,amssymb}
\setcounter{secnumdepth}{-\maxdimen} % remove section numbering
\usepackage{iftex}
\ifPDFTeX
  \usepackage[T1]{fontenc}
  \usepackage[utf8]{inputenc}
  \usepackage{textcomp} % provide euro and other symbols
\else % if luatex or xetex
  \usepackage{unicode-math} % this also loads fontspec
  \defaultfontfeatures{Scale=MatchLowercase}
  \defaultfontfeatures[\rmfamily]{Ligatures=TeX,Scale=1}
\fi
\usepackage{lmodern}
\ifPDFTeX\else
  % xetex/luatex font selection
\fi
% Use upquote if available, for straight quotes in verbatim environments
\IfFileExists{upquote.sty}{\usepackage{upquote}}{}
\IfFileExists{microtype.sty}{% use microtype if available
  \usepackage[]{microtype}
  \UseMicrotypeSet[protrusion]{basicmath} % disable protrusion for tt fonts
}{}
\makeatletter
\@ifundefined{KOMAClassName}{% if non-KOMA class
  \IfFileExists{parskip.sty}{%
    \usepackage{parskip}
  }{% else
    \setlength{\parindent}{0pt}
    \setlength{\parskip}{6pt plus 2pt minus 1pt}}
}{% if KOMA class
  \KOMAoptions{parskip=half}}
\makeatother
\setlength{\emergencystretch}{3em} % prevent overfull lines
\providecommand{\tightlist}{%
  \setlength{\itemsep}{0pt}\setlength{\parskip}{0pt}}
\usepackage{bookmark}
\IfFileExists{xurl.sty}{\usepackage{xurl}}{} % add URL line breaks if available
\urlstyle{same}
\hypersetup{
  hidelinks,
  pdfcreator={LaTeX via pandoc}}

\author{}
\date{}

\begin{document}

$x=\frac{-b\pm\sqrt[]{b^2-4ac}}{2a}$

\end{document}
LaTeX log:
This is pdfTeX, Version 3.141592653-2.6-1.40.29 (TeX Live 2026) (preloaded format=latex 2026.3.23)  23 MAR 2026 21:38
entering extended mode
 restricted \write18 enabled.
 %&-line parsing enabled.
**source.tex
(./source.tex
LaTeX2e <2025-11-01>
L3 programming layer <2026-01-19>

! LaTeX Error: File `standalone.cls' not found.

Type X to quit or <RETURN> to proceed,
or enter new name. (Default extension: cls)

Enter file name: 
! Emergency stop.
<read *> 
         
l.6 \usepackage
               {xcolor}^^M
*** (cannot \read from terminal in nonstop modes)

 
Here is how much of TeX's memory you used:
 27 strings out of 469473
 580 string characters out of 5469546
 433753 words of memory out of 5000000
 28787 multiletter control sequences out of 15000+600000
 627721 words of font info for 40 fonts, out of 8000000 for 9000
 36 hyphenation exceptions out of 8191
 19i,0n,29p,86b,17s stack positions out of 10000i,1000n,20000p,200000b,200000s
No pages of output.

Rc files read (in order):
  NONE
Latexmk: This is Latexmk, John Collins, 9 March 2026. Version 4.88.
No existing .aux file, so I'll make a simple one, and require run of *latex.
Latexmk: applying rule 'latex'...
Rule 'latex':  Reasons for rerun
Category 'other':
  Rerun of 'latex' forced or previously required:
    Reason or flag: 'Initial setup'

------------
Run number 1 of rule 'latex'
------------
------------
Running 'latex  --interaction=nonstopmode -recorder  "source.tex"'
------------
This is pdfTeX, Version 3.141592653-2.6-1.40.29 (TeX Live 2026) (preloaded format=latex)
 restricted \write18 enabled.
entering extended mode
(./source.tex
LaTeX2e <2025-11-01>
L3 programming layer <2026-01-19>

! LaTeX Error: File `standalone.cls' not found.

Type X to quit or <RETURN> to proceed,
or enter new name. (Default extension: cls)

Enter file name: 
! Emergency stop.
<read *> 
         
l.6 \usepackage
               {xcolor}^^M
No pages of output.
Transcript written on source.log.
Latexmk: Getting log file 'source.log'
Latexmk: Examining 'source.fls'
Latexmk: Examining 'source.log'
Latexmk: Missing input file 'standalone.cls' message in .log file:
  ! LaTeX Error: File `standalone.cls' not found.
Latexmk: Log file says no output from latex
Latexmk: For rule 'latex', no output was made
Latexmk: Errors, so I did not complete making targets
Collected error summary (may duplicate other messages):
  latex: Command for 'latex' gave return code 1
      Refer to 'source.log' and/or above output for details

Latexmk: Sometimes, the -f option can be used to get latexmk
  to try to force complete processing.
  But normally, you will need to correct the file(s) that caused the
  error, and then rerun latexmk.
  In some cases, it is best to clean out generated files before rerunning
  latexmk after you've corrected the files.
[ERROR] Imagify: LaTeX compilation failed.
Command used: export TEXINPUTS=/home/runner/work/quarto-extensions/quarto-extensions/test-15/repo/example-quarto//:/tmp/quarto-session8f757e57bd8fe0c1/a518146596f1dfab//:/home/runner/work/quarto-extensions/quarto-extensions/test-15/repo/example-quarto//:; latexmk  -latex --interaction=nonstopmode --output-format=dvi source.tex
LaTeX source code:
% Options for packages loaded elsewhere
\PassOptionsToPackage{unicode}{hyperref}
\PassOptionsToPackage{hyphens}{url}
\documentclass[
  dvisvgm]{standalone}
\usepackage{xcolor}
\usepackage{amsmath,amssymb}
\setcounter{secnumdepth}{-\maxdimen} % remove section numbering
\usepackage{iftex}
\ifPDFTeX
  \usepackage[T1]{fontenc}
  \usepackage[utf8]{inputenc}
  \usepackage{textcomp} % provide euro and other symbols
\else % if luatex or xetex
  \usepackage{unicode-math} % this also loads fontspec
  \defaultfontfeatures{Scale=MatchLowercase}
  \defaultfontfeatures[\rmfamily]{Ligatures=TeX,Scale=1}
\fi
\usepackage{lmodern}
\ifPDFTeX\else
  % xetex/luatex font selection
\fi
% Use upquote if available, for straight quotes in verbatim environments
\IfFileExists{upquote.sty}{\usepackage{upquote}}{}
\IfFileExists{microtype.sty}{% use microtype if available
  \usepackage[]{microtype}
  \UseMicrotypeSet[protrusion]{basicmath} % disable protrusion for tt fonts
}{}
\makeatletter
\@ifundefined{KOMAClassName}{% if non-KOMA class
  \IfFileExists{parskip.sty}{%
    \usepackage{parskip}
  }{% else
    \setlength{\parindent}{0pt}
    \setlength{\parskip}{6pt plus 2pt minus 1pt}}
}{% if KOMA class
  \KOMAoptions{parskip=half}}
\makeatother
\setlength{\emergencystretch}{3em} % prevent overfull lines
\providecommand{\tightlist}{%
  \setlength{\itemsep}{0pt}\setlength{\parskip}{0pt}}
\usepackage{bookmark}
\IfFileExists{xurl.sty}{\usepackage{xurl}}{} % add URL line breaks if available
\urlstyle{same}
\hypersetup{
  hidelinks,
  pdfcreator={LaTeX via pandoc}}

\author{}
\date{}

\begin{document}

$\displaystyle
P = \frac{T}{V}$

\end{document}
LaTeX log:
This is pdfTeX, Version 3.141592653-2.6-1.40.29 (TeX Live 2026) (preloaded format=latex 2026.3.23)  23 MAR 2026 21:38
entering extended mode
 restricted \write18 enabled.
 %&-line parsing enabled.
**source.tex
(./source.tex
LaTeX2e <2025-11-01>
L3 programming layer <2026-01-19>

! LaTeX Error: File `standalone.cls' not found.

Type X to quit or <RETURN> to proceed,
or enter new name. (Default extension: cls)

Enter file name: 
! Emergency stop.
<read *> 
         
l.6 \usepackage
               {xcolor}^^M
*** (cannot \read from terminal in nonstop modes)

 
Here is how much of TeX's memory you used:
 27 strings out of 469473
 580 string characters out of 5469546
 433753 words of memory out of 5000000
 28787 multiletter control sequences out of 15000+600000
 627721 words of font info for 40 fonts, out of 8000000 for 9000
 36 hyphenation exceptions out of 8191
 19i,0n,29p,86b,17s stack positions out of 10000i,1000n,20000p,200000b,200000s
No pages of output.

Rc files read (in order):
  NONE
Latexmk: This is Latexmk, John Collins, 9 March 2026. Version 4.88.
No existing .aux file, so I'll make a simple one, and require run of *latex.
Latexmk: applying rule 'latex'...
Rule 'latex':  Reasons for rerun
Category 'other':
  Rerun of 'latex' forced or previously required:
    Reason or flag: 'Initial setup'

------------
Run number 1 of rule 'latex'
------------
------------
Running 'latex  --interaction=nonstopmode -recorder  "source.tex"'
------------
This is pdfTeX, Version 3.141592653-2.6-1.40.29 (TeX Live 2026) (preloaded format=latex)
 restricted \write18 enabled.
entering extended mode
(./source.tex
LaTeX2e <2025-11-01>
L3 programming layer <2026-01-19>

! LaTeX Error: File `standalone.cls' not found.

Type X to quit or <RETURN> to proceed,
or enter new name. (Default extension: cls)

Enter file name: 
! Emergency stop.
<read *> 
         
l.6 \usepackage
               {xcolor}^^M
No pages of output.
Transcript written on source.log.
Latexmk: Getting log file 'source.log'
Latexmk: Examining 'source.fls'
Latexmk: Examining 'source.log'
Latexmk: Missing input file 'standalone.cls' message in .log file:
  ! LaTeX Error: File `standalone.cls' not found.
Latexmk: Log file says no output from latex
Latexmk: For rule 'latex', no output was made
Latexmk: Errors, so I did not complete making targets
Collected error summary (may duplicate other messages):
  latex: Command for 'latex' gave return code 1
      Refer to 'source.log' and/or above output for details

Latexmk: Sometimes, the -f option can be used to get latexmk
  to try to force complete processing.
  But normally, you will need to correct the file(s) that caused the
  error, and then rerun latexmk.
  In some cases, it is best to clean out generated files before rerunning
  latexmk after you've corrected the files.
[ERROR] Imagify: LaTeX compilation failed.
Command used: export TEXINPUTS=/home/runner/work/quarto-extensions/quarto-extensions/test-15/repo/example-quarto//:/tmp/quarto-session8f757e57bd8fe0c1/a518146596f1dfab//:/home/runner/work/quarto-extensions/quarto-extensions/test-15/repo/example-quarto//:; latexmk  -latex --interaction=nonstopmode --output-format=dvi source.tex
LaTeX source code:
% Options for packages loaded elsewhere
\PassOptionsToPackage{unicode}{hyperref}
\PassOptionsToPackage{hyphens}{url}
\documentclass[
  dvisvgm]{standalone}
\usepackage{xcolor}
\usepackage{amsmath,amssymb}
\setcounter{secnumdepth}{-\maxdimen} % remove section numbering
\usepackage{iftex}
\ifPDFTeX
  \usepackage[T1]{fontenc}
  \usepackage[utf8]{inputenc}
  \usepackage{textcomp} % provide euro and other symbols
\else % if luatex or xetex
  \usepackage{unicode-math} % this also loads fontspec
  \defaultfontfeatures{Scale=MatchLowercase}
  \defaultfontfeatures[\rmfamily]{Ligatures=TeX,Scale=1}
\fi
\usepackage{lmodern}
\ifPDFTeX\else
  % xetex/luatex font selection
\fi
% Use upquote if available, for straight quotes in verbatim environments
\IfFileExists{upquote.sty}{\usepackage{upquote}}{}
\IfFileExists{microtype.sty}{% use microtype if available
  \usepackage[]{microtype}
  \UseMicrotypeSet[protrusion]{basicmath} % disable protrusion for tt fonts
}{}
\makeatletter
\@ifundefined{KOMAClassName}{% if non-KOMA class
  \IfFileExists{parskip.sty}{%
    \usepackage{parskip}
  }{% else
    \setlength{\parindent}{0pt}
    \setlength{\parskip}{6pt plus 2pt minus 1pt}}
}{% if KOMA class
  \KOMAoptions{parskip=half}}
\makeatother
\setlength{\emergencystretch}{3em} % prevent overfull lines
\providecommand{\tightlist}{%
  \setlength{\itemsep}{0pt}\setlength{\parskip}{0pt}}
\usepackage{fitch}
\usepackage{bookmark}
\IfFileExists{xurl.sty}{\usepackage{xurl}}{} % add URL line breaks if available
\urlstyle{same}
\hypersetup{
  hidelinks,
  pdfcreator={LaTeX via pandoc}}

\author{}
\date{}

\begin{document}

$\displaystyle
\begin{nd}
  \hypo[~] {1} {A \lor B}
  \open
  \hypo[~] {2} {A}
  \have[~] {3} {C} 
  \close
  \open
  \hypo[~] {4} {B}
  \have[~] {5} {D}
  \close
  \have[~] {6} {C \lor D}
\end{nd}$

\end{document}
LaTeX log:
This is pdfTeX, Version 3.141592653-2.6-1.40.29 (TeX Live 2026) (preloaded format=latex 2026.3.23)  23 MAR 2026 21:38
entering extended mode
 restricted \write18 enabled.
 %&-line parsing enabled.
**source.tex
(./source.tex
LaTeX2e <2025-11-01>
L3 programming layer <2026-01-19>

! LaTeX Error: File `standalone.cls' not found.

Type X to quit or <RETURN> to proceed,
or enter new name. (Default extension: cls)

Enter file name: 
! Emergency stop.
<read *> 
         
l.6 \usepackage
               {xcolor}^^M
*** (cannot \read from terminal in nonstop modes)

 
Here is how much of TeX's memory you used:
 27 strings out of 469473
 580 string characters out of 5469546
 433753 words of memory out of 5000000
 28787 multiletter control sequences out of 15000+600000
 627721 words of font info for 40 fonts, out of 8000000 for 9000
 36 hyphenation exceptions out of 8191
 19i,0n,29p,86b,17s stack positions out of 10000i,1000n,20000p,200000b,200000s
No pages of output.

Rc files read (in order):
  NONE
Latexmk: This is Latexmk, John Collins, 9 March 2026. Version 4.88.
No existing .aux file, so I'll make a simple one, and require run of *latex.
Latexmk: applying rule 'latex'...
Rule 'latex':  Reasons for rerun
Category 'other':
  Rerun of 'latex' forced or previously required:
    Reason or flag: 'Initial setup'

------------
Run number 1 of rule 'latex'
------------
------------
Running 'latex  --interaction=nonstopmode -recorder  "source.tex"'
------------
This is pdfTeX, Version 3.141592653-2.6-1.40.29 (TeX Live 2026) (preloaded format=latex)
 restricted \write18 enabled.
entering extended mode
(./source.tex
LaTeX2e <2025-11-01>
L3 programming layer <2026-01-19>

! LaTeX Error: File `standalone.cls' not found.

Type X to quit or <RETURN> to proceed,
or enter new name. (Default extension: cls)

Enter file name: 
! Emergency stop.
<read *> 
         
l.6 \usepackage
               {xcolor}^^M
No pages of output.
Transcript written on source.log.
Latexmk: Getting log file 'source.log'
Latexmk: Examining 'source.fls'
Latexmk: Examining 'source.log'
Latexmk: Missing input file 'standalone.cls' message in .log file:
  ! LaTeX Error: File `standalone.cls' not found.
Latexmk: Log file says no output from latex
Latexmk: For rule 'latex', no output was made
Latexmk: Errors, so I did not complete making targets
Collected error summary (may duplicate other messages):
  latex: Command for 'latex' gave return code 1
      Refer to 'source.log' and/or above output for details

Latexmk: Sometimes, the -f option can be used to get latexmk
  to try to force complete processing.
  But normally, you will need to correct the file(s) that caused the
  error, and then rerun latexmk.
  In some cases, it is best to clean out generated files before rerunning
  latexmk after you've corrected the files.
[ERROR] Imagify: LaTeX compilation failed.
Command used: export TEXINPUTS=/home/runner/work/quarto-extensions/quarto-extensions/test-15/repo/example-quarto//:/tmp/quarto-session8f757e57bd8fe0c1/a518146596f1dfab//:/home/runner/work/quarto-extensions/quarto-extensions/test-15/repo/example-quarto//:; latexmk  -latex --interaction=nonstopmode --output-format=dvi source.tex
LaTeX source code:
% Options for packages loaded elsewhere
\PassOptionsToPackage{unicode}{hyperref}
\PassOptionsToPackage{hyphens}{url}
\documentclass[
  dvisvgm]{standalone}
\usepackage{xcolor}
\usepackage{amsmath,amssymb}
\setcounter{secnumdepth}{-\maxdimen} % remove section numbering
\usepackage{iftex}
\ifPDFTeX
  \usepackage[T1]{fontenc}
  \usepackage[utf8]{inputenc}
  \usepackage{textcomp} % provide euro and other symbols
\else % if luatex or xetex
  \usepackage{unicode-math} % this also loads fontspec
  \defaultfontfeatures{Scale=MatchLowercase}
  \defaultfontfeatures[\rmfamily]{Ligatures=TeX,Scale=1}
\fi
\usepackage{lmodern}
\ifPDFTeX\else
  % xetex/luatex font selection
\fi
% Use upquote if available, for straight quotes in verbatim environments
\IfFileExists{upquote.sty}{\usepackage{upquote}}{}
\IfFileExists{microtype.sty}{% use microtype if available
  \usepackage[]{microtype}
  \UseMicrotypeSet[protrusion]{basicmath} % disable protrusion for tt fonts
}{}
\makeatletter
\@ifundefined{KOMAClassName}{% if non-KOMA class
  \IfFileExists{parskip.sty}{%
    \usepackage{parskip}
  }{% else
    \setlength{\parindent}{0pt}
    \setlength{\parskip}{6pt plus 2pt minus 1pt}}
}{% if KOMA class
  \KOMAoptions{parskip=half}}
\makeatother
\setlength{\emergencystretch}{3em} % prevent overfull lines
\providecommand{\tightlist}{%
  \setlength{\itemsep}{0pt}\setlength{\parskip}{0pt}}
\usepackage{bookmark}
\IfFileExists{xurl.sty}{\usepackage{xurl}}{} % add URL line breaks if available
\urlstyle{same}
\hypersetup{
  hidelinks,
  pdfcreator={LaTeX via pandoc}}

\author{}
\date{}

\begin{document}

$\displaystyle
P = \frac{T}{V}$

\end{document}
LaTeX log:
This is pdfTeX, Version 3.141592653-2.6-1.40.29 (TeX Live 2026) (preloaded format=latex 2026.3.23)  23 MAR 2026 21:38
entering extended mode
 restricted \write18 enabled.
 %&-line parsing enabled.
**source.tex
(./source.tex
LaTeX2e <2025-11-01>
L3 programming layer <2026-01-19>

! LaTeX Error: File `standalone.cls' not found.

Type X to quit or <RETURN> to proceed,
or enter new name. (Default extension: cls)

Enter file name: 
! Emergency stop.
<read *> 
         
l.6 \usepackage
               {xcolor}^^M
*** (cannot \read from terminal in nonstop modes)

 
Here is how much of TeX's memory you used:
 27 strings out of 469473
 580 string characters out of 5469546
 433753 words of memory out of 5000000
 28787 multiletter control sequences out of 15000+600000
 627721 words of font info for 40 fonts, out of 8000000 for 9000
 36 hyphenation exceptions out of 8191
 19i,0n,29p,86b,17s stack positions out of 10000i,1000n,20000p,200000b,200000s
No pages of output.

Rc files read (in order):
  NONE
Latexmk: This is Latexmk, John Collins, 9 March 2026. Version 4.88.
No existing .aux file, so I'll make a simple one, and require run of *latex.
Latexmk: applying rule 'latex'...
Rule 'latex':  Reasons for rerun
Category 'other':
  Rerun of 'latex' forced or previously required:
    Reason or flag: 'Initial setup'

------------
Run number 1 of rule 'latex'
------------
------------
Running 'latex  --interaction=nonstopmode -recorder  "source.tex"'
------------
This is pdfTeX, Version 3.141592653-2.6-1.40.29 (TeX Live 2026) (preloaded format=latex)
 restricted \write18 enabled.
entering extended mode
(./source.tex
LaTeX2e <2025-11-01>
L3 programming layer <2026-01-19>

! LaTeX Error: File `standalone.cls' not found.

Type X to quit or <RETURN> to proceed,
or enter new name. (Default extension: cls)

Enter file name: 
! Emergency stop.
<read *> 
         
l.7 \usepackage
               {xcolor}^^M
No pages of output.
Transcript written on source.log.
Latexmk: Getting log file 'source.log'
Latexmk: Examining 'source.fls'
Latexmk: Examining 'source.log'
Latexmk: Log file says no output from latex
Latexmk: For rule 'latex', no output was made
Latexmk: Missing input file 'standalone.cls' message in .log file:
  ! LaTeX Error: File `standalone.cls' not found.
Latexmk: Errors, so I did not complete making targets
Collected error summary (may duplicate other messages):
  latex: Command for 'latex' gave return code 1
      Refer to 'source.log' and/or above output for details

Latexmk: Sometimes, the -f option can be used to get latexmk
  to try to force complete processing.
  But normally, you will need to correct the file(s) that caused the
  error, and then rerun latexmk.
  In some cases, it is best to clean out generated files before rerunning
  latexmk after you've corrected the files.
[ERROR] Imagify: LaTeX compilation failed.
Command used: export TEXINPUTS=/home/runner/work/quarto-extensions/quarto-extensions/test-15/repo/example-quarto//:/tmp/quarto-session8f757e57bd8fe0c1/a518146596f1dfab//:/home/runner/work/quarto-extensions/quarto-extensions/test-15/repo/example-quarto//:; latexmk  -latex --interaction=nonstopmode --output-format=dvi source.tex
LaTeX source code:
% Options for packages loaded elsewhere
\PassOptionsToPackage{unicode}{hyperref}
\PassOptionsToPackage{hyphens}{url}
\documentclass[
  dvisvgm,
  tikz]{standalone}
\usepackage{xcolor}
\usepackage{amsmath,amssymb}
\setcounter{secnumdepth}{-\maxdimen} % remove section numbering
\usepackage{iftex}
\ifPDFTeX
  \usepackage[T1]{fontenc}
  \usepackage[utf8]{inputenc}
  \usepackage{textcomp} % provide euro and other symbols
\else % if luatex or xetex
  \usepackage{unicode-math} % this also loads fontspec
  \defaultfontfeatures{Scale=MatchLowercase}
  \defaultfontfeatures[\rmfamily]{Ligatures=TeX,Scale=1}
\fi
\usepackage{lmodern}
\ifPDFTeX\else
  % xetex/luatex font selection
\fi
% Use upquote if available, for straight quotes in verbatim environments
\IfFileExists{upquote.sty}{\usepackage{upquote}}{}
\IfFileExists{microtype.sty}{% use microtype if available
  \usepackage[]{microtype}
  \UseMicrotypeSet[protrusion]{basicmath} % disable protrusion for tt fonts
}{}
\makeatletter
\@ifundefined{KOMAClassName}{% if non-KOMA class
  \IfFileExists{parskip.sty}{%
    \usepackage{parskip}
  }{% else
    \setlength{\parindent}{0pt}
    \setlength{\parskip}{6pt plus 2pt minus 1pt}}
}{% if KOMA class
  \KOMAoptions{parskip=half}}
\makeatother
\setlength{\emergencystretch}{3em} % prevent overfull lines
\providecommand{\tightlist}{%
  \setlength{\itemsep}{0pt}\setlength{\parskip}{0pt}}
\usepackage{tikz}
\usepackage{bookmark}
\IfFileExists{xurl.sty}{\usepackage{xurl}}{} % add URL line breaks if available
\urlstyle{same}
\hypersetup{
  hidelinks,
  pdfcreator={LaTeX via pandoc}}

\author{}
\date{}

\begin{document}

\usetikzlibrary {arrows.meta,graphs,shapes.misc}
\tikz [>={Stealth[round]}, black!50, text=black, thick,
every new ->/.style         = {shorten >=1pt},
graphs/every graph/.style   = {edges=rounded corners},
skip loop/.style            = {to path={-- ++(0,#1) -| (\tikztotarget)}},
hv path/.style              = {to path={-| (\tikztotarget)}},
vh path/.style              = {to path={|- (\tikztotarget)}},
nonterminal/.style          = {
    rectangle, minimum size=6mm, very thick, draw=red!50!black!50, top color=white,
    bottom color=red!50!black!20, font=\itshape, text height=1.5ex,text depth=.25ex}, 
terminal/.style             = {
    rounded rectangle, minimum size=6mm, very thick, draw=black!50, top color=white,
    bottom color=black!20, font=\ttfamily, text height=1.5ex, text depth=.25ex}, 
shape                       = coordinate
]
\graph [grow right sep, branch down=7mm, simple] {
/ -> unsigned integer[nonterminal] -- p1 -> "." [terminal] -- p2 -> digit[terminal] -- p3 -- p4 -- p5 -> E[terminal] -- q1 ->[vh path]
{[nodes={yshift=7mm}]
    "+"[terminal], q2, "-"[terminal]
  } -> [hv path]
  q3 -- /unsigned integer [nonterminal] -- p6 -> /;
p1 ->[skip loop=5mm] p4; 
p3 ->[skip loop=-5mm] p2; 
p5 ->[skip loop=-11mm] p6;

q1 -- q2 -- q3; % make these edges plain 
};

\end{document}
LaTeX log:
This is pdfTeX, Version 3.141592653-2.6-1.40.29 (TeX Live 2026) (preloaded format=latex 2026.3.23)  23 MAR 2026 21:38
entering extended mode
 restricted \write18 enabled.
 %&-line parsing enabled.
**source.tex
(./source.tex
LaTeX2e <2025-11-01>
L3 programming layer <2026-01-19>

! LaTeX Error: File `standalone.cls' not found.

Type X to quit or <RETURN> to proceed,
or enter new name. (Default extension: cls)

Enter file name: 
! Emergency stop.
<read *> 
         
l.7 \usepackage
               {xcolor}^^M
*** (cannot \read from terminal in nonstop modes)

 
Here is how much of TeX's memory you used:
 27 strings out of 469473
 580 string characters out of 5469546
 433753 words of memory out of 5000000
 28787 multiletter control sequences out of 15000+600000
 627721 words of font info for 40 fonts, out of 8000000 for 9000
 36 hyphenation exceptions out of 8191
 19i,0n,29p,86b,17s stack positions out of 10000i,1000n,20000p,200000b,200000s
No pages of output.

Rc files read (in order):
  NONE
Latexmk: This is Latexmk, John Collins, 9 March 2026. Version 4.88.
No existing .aux file, so I'll make a simple one, and require run of *latex.
Latexmk: applying rule 'latex'...
Rule 'latex':  Reasons for rerun
Category 'other':
  Rerun of 'latex' forced or previously required:
    Reason or flag: 'Initial setup'

------------
Run number 1 of rule 'latex'
------------
------------
Running 'latex  --interaction=nonstopmode -recorder  "source.tex"'
------------
This is pdfTeX, Version 3.141592653-2.6-1.40.29 (TeX Live 2026) (preloaded format=latex)
 restricted \write18 enabled.
entering extended mode
(./source.tex
LaTeX2e <2025-11-01>
L3 programming layer <2026-01-19>

! LaTeX Error: File `standalone.cls' not found.

Type X to quit or <RETURN> to proceed,
or enter new name. (Default extension: cls)

Enter file name: 
! Emergency stop.
<read *> 
         
l.6 \usepackage
               {xcolor}^^M
No pages of output.
Transcript written on source.log.
Latexmk: Getting log file 'source.log'
Latexmk: Examining 'source.fls'
Latexmk: Examining 'source.log'
Latexmk: Missing input file 'standalone.cls' message in .log file:
  ! LaTeX Error: File `standalone.cls' not found.
Latexmk: Log file says no output from latex
Latexmk: For rule 'latex', no output was made
Latexmk: Errors, so I did not complete making targets
Collected error summary (may duplicate other messages):
  latex: Command for 'latex' gave return code 1
      Refer to 'source.log' and/or above output for details

Latexmk: Sometimes, the -f option can be used to get latexmk
  to try to force complete processing.
  But normally, you will need to correct the file(s) that caused the
  error, and then rerun latexmk.
  In some cases, it is best to clean out generated files before rerunning
  latexmk after you've corrected the files.
[ERROR] Imagify: LaTeX compilation failed.
Command used: export TEXINPUTS=/home/runner/work/quarto-extensions/quarto-extensions/test-15/repo/example-quarto//:/tmp/quarto-session8f757e57bd8fe0c1/a518146596f1dfab//:/home/runner/work/quarto-extensions/quarto-extensions/test-15/repo/example-quarto//:; latexmk  -latex --interaction=nonstopmode --output-format=dvi source.tex
LaTeX source code:
% Options for packages loaded elsewhere
\PassOptionsToPackage{unicode}{hyperref}
\PassOptionsToPackage{hyphens}{url}
\documentclass[
  dvisvgm]{standalone}
\usepackage{xcolor}
\usepackage{amsmath,amssymb}
\setcounter{secnumdepth}{-\maxdimen} % remove section numbering
\usepackage{iftex}
\ifPDFTeX
  \usepackage[T1]{fontenc}
  \usepackage[utf8]{inputenc}
  \usepackage{textcomp} % provide euro and other symbols
\else % if luatex or xetex
  \usepackage{unicode-math} % this also loads fontspec
  \defaultfontfeatures{Scale=MatchLowercase}
  \defaultfontfeatures[\rmfamily]{Ligatures=TeX,Scale=1}
\fi
\usepackage{lmodern}
\ifPDFTeX\else
  % xetex/luatex font selection
\fi
% Use upquote if available, for straight quotes in verbatim environments
\IfFileExists{upquote.sty}{\usepackage{upquote}}{}
\IfFileExists{microtype.sty}{% use microtype if available
  \usepackage[]{microtype}
  \UseMicrotypeSet[protrusion]{basicmath} % disable protrusion for tt fonts
}{}
\makeatletter
\@ifundefined{KOMAClassName}{% if non-KOMA class
  \IfFileExists{parskip.sty}{%
    \usepackage{parskip}
  }{% else
    \setlength{\parindent}{0pt}
    \setlength{\parskip}{6pt plus 2pt minus 1pt}}
}{% if KOMA class
  \KOMAoptions{parskip=half}}
\makeatother
\setlength{\emergencystretch}{3em} % prevent overfull lines
\providecommand{\tightlist}{%
  \setlength{\itemsep}{0pt}\setlength{\parskip}{0pt}}
\usepackage{bookmark}
\IfFileExists{xurl.sty}{\usepackage{xurl}}{} % add URL line breaks if available
\urlstyle{same}
\hypersetup{
  hidelinks,
  pdfcreator={LaTeX via pandoc}}

\author{}
\date{}

\begin{document}

$\displaystyle
\left|\int_a^b fg\right| \leq \left(\int_a^b 
f^2\right)^{1/2}\left(\int_a^b g^2\right)^{1/2}
$

\end{document}
LaTeX log:
This is pdfTeX, Version 3.141592653-2.6-1.40.29 (TeX Live 2026) (preloaded format=latex 2026.3.23)  23 MAR 2026 21:38
entering extended mode
 restricted \write18 enabled.
 %&-line parsing enabled.
**source.tex
(./source.tex
LaTeX2e <2025-11-01>
L3 programming layer <2026-01-19>

! LaTeX Error: File `standalone.cls' not found.

Type X to quit or <RETURN> to proceed,
or enter new name. (Default extension: cls)

Enter file name: 
! Emergency stop.
<read *> 
         
l.6 \usepackage
               {xcolor}^^M
*** (cannot \read from terminal in nonstop modes)

 
Here is how much of TeX's memory you used:
 27 strings out of 469473
 580 string characters out of 5469546
 433753 words of memory out of 5000000
 28787 multiletter control sequences out of 15000+600000
 627721 words of font info for 40 fonts, out of 8000000 for 9000
 36 hyphenation exceptions out of 8191
 19i,0n,29p,86b,17s stack positions out of 10000i,1000n,20000p,200000b,200000s
No pages of output.

Rc files read (in order):
  NONE
Latexmk: This is Latexmk, John Collins, 9 March 2026. Version 4.88.
No existing .aux file, so I'll make a simple one, and require run of *latex.
Latexmk: applying rule 'latex'...
Rule 'latex':  Reasons for rerun
Category 'other':
  Rerun of 'latex' forced or previously required:
    Reason or flag: 'Initial setup'

------------
Run number 1 of rule 'latex'
------------
------------
Running 'latex  --interaction=nonstopmode -recorder  "source.tex"'
------------
This is pdfTeX, Version 3.141592653-2.6-1.40.29 (TeX Live 2026) (preloaded format=latex)
 restricted \write18 enabled.
entering extended mode
(./source.tex
LaTeX2e <2025-11-01>
L3 programming layer <2026-01-19>

! LaTeX Error: File `standalone.cls' not found.

Type X to quit or <RETURN> to proceed,
or enter new name. (Default extension: cls)

Enter file name: 
! Emergency stop.
<read *> 
         
l.7 \usepackage
               {xcolor}^^M
No pages of output.
Transcript written on source.log.
Latexmk: Getting log file 'source.log'
Latexmk: Examining 'source.fls'
Latexmk: Examining 'source.log'
Latexmk: Missing input file 'standalone.cls' message in .log file:
  ! LaTeX Error: File `standalone.cls' not found.
Latexmk: Log file says no output from latex
Latexmk: For rule 'latex', no output was made
Latexmk: Errors, so I did not complete making targets
Collected error summary (may duplicate other messages):
  latex: Command for 'latex' gave return code 1
      Refer to 'source.log' and/or above output for details

Latexmk: Sometimes, the -f option can be used to get latexmk
  to try to force complete processing.
  But normally, you will need to correct the file(s) that caused the
  error, and then rerun latexmk.
  In some cases, it is best to clean out generated files before rerunning
  latexmk after you've corrected the files.
[ERROR] Imagify: LaTeX compilation failed.
Command used: export TEXINPUTS=/home/runner/work/quarto-extensions/quarto-extensions/test-15/repo/example-quarto//:/tmp/quarto-session8f757e57bd8fe0c1/a518146596f1dfab//:/home/runner/work/quarto-extensions/quarto-extensions/test-15/repo/example-quarto//:; latexmk  -latex --interaction=nonstopmode --output-format=dvi source.tex
LaTeX source code:
% Options for packages loaded elsewhere
\PassOptionsToPackage{unicode}{hyperref}
\PassOptionsToPackage{hyphens}{url}
\documentclass[
  dvisvgm,
  tikz]{standalone}
\usepackage{xcolor}
\usepackage{amsmath,amssymb}
\setcounter{secnumdepth}{-\maxdimen} % remove section numbering
\usepackage{iftex}
\ifPDFTeX
  \usepackage[T1]{fontenc}
  \usepackage[utf8]{inputenc}
  \usepackage{textcomp} % provide euro and other symbols
\else % if luatex or xetex
  \usepackage{unicode-math} % this also loads fontspec
  \defaultfontfeatures{Scale=MatchLowercase}
  \defaultfontfeatures[\rmfamily]{Ligatures=TeX,Scale=1}
\fi
\usepackage{lmodern}
\ifPDFTeX\else
  % xetex/luatex font selection
\fi
% Use upquote if available, for straight quotes in verbatim environments
\IfFileExists{upquote.sty}{\usepackage{upquote}}{}
\IfFileExists{microtype.sty}{% use microtype if available
  \usepackage[]{microtype}
  \UseMicrotypeSet[protrusion]{basicmath} % disable protrusion for tt fonts
}{}
\makeatletter
\@ifundefined{KOMAClassName}{% if non-KOMA class
  \IfFileExists{parskip.sty}{%
    \usepackage{parskip}
  }{% else
    \setlength{\parindent}{0pt}
    \setlength{\parskip}{6pt plus 2pt minus 1pt}}
}{% if KOMA class
  \KOMAoptions{parskip=half}}
\makeatother
\setlength{\emergencystretch}{3em} % prevent overfull lines
\providecommand{\tightlist}{%
  \setlength{\itemsep}{0pt}\setlength{\parskip}{0pt}}
\usepackage{tikz}
\usepackage{bookmark}
\IfFileExists{xurl.sty}{\usepackage{xurl}}{} % add URL line breaks if available
\urlstyle{same}
\hypersetup{
  hidelinks,
  pdfcreator={LaTeX via pandoc}}

\author{}
\date{}

\begin{document}

\usetikzlibrary{intersections}
\begin{tikzpicture}[scale=3,line cap=round,
% Styles
axes/.style=,
important line/.style={very thick}]

% Colors
  \colorlet{anglecolor}{green!50!black}
  \colorlet{sincolor}{red}
  \colorlet{tancolor}{orange!80!black}
  \colorlet{coscolor}{blue}

% The graphic
\draw[help lines,step=0.5cm] (-1.4,-1.4) grid (1.4,1.4);
\draw (0,0) circle [radius=1cm];
\begin{scope}[axes]
  \draw[->] (-1.5,0) -- (1.5,0) node[right] {$x$} coordinate(x axis);
  \draw[->] (0,-1.5) -- (0,1.5) node[above] {$y$} coordinate(y axis);
  \foreach \x/\xtext in {-1, -.5/-\frac{1}{2}, 1}
    \draw[xshift=\x cm] (0pt,1pt) -- (0pt,-1pt) node[below,fill=white] {$\xtext$};
  \foreach \y/\ytext in {-1, -.5/-\frac{1}{2}, .5/\frac{1}{2}, 1}
    \draw[yshift=\y cm] (1pt,0pt) -- (-1pt,0pt) node[left,fill=white] {$\ytext$};
\end{scope}

\filldraw[fill=green!20,draw=anglecolor] (0,0) -- (3mm,0pt) arc [start angle=0, end angle=30, radius=3mm];
\draw (15:2mm) node[anglecolor] {$\alpha$};
\draw[important line,sincolor] (30:1cm) -- node[left=1pt,fill=white] {$\sin \alpha$} (30:1cm |- x axis); \draw[important line,coscolor] (30:1cm |- x axis) -- node[below=2pt,fill=white] {$\cos \alpha$} (0,0);

\path [name path=upward line] (1,0) -- (1,1);
\path [name path=sloped line] (0,0) -- (30:1.5cm);

\draw [name intersections={of=upward line and sloped line, by=t}] [very thick,orange] (1,0) -- node [right=1pt,fill=white] {$\displaystyle \tan \alpha \color{black}=\frac{{\color{red}\sin \alpha}}{\color{blue}\cos \alpha}$} (t);
\draw (0,0) -- (t);
\end{tikzpicture}

\end{document}
LaTeX log:
This is pdfTeX, Version 3.141592653-2.6-1.40.29 (TeX Live 2026) (preloaded format=latex 2026.3.23)  23 MAR 2026 21:38
entering extended mode
 restricted \write18 enabled.
 %&-line parsing enabled.
**source.tex
(./source.tex
LaTeX2e <2025-11-01>
L3 programming layer <2026-01-19>

! LaTeX Error: File `standalone.cls' not found.

Type X to quit or <RETURN> to proceed,
or enter new name. (Default extension: cls)

Enter file name: 
! Emergency stop.
<read *> 
         
l.7 \usepackage
               {xcolor}^^M
*** (cannot \read from terminal in nonstop modes)

 
Here is how much of TeX's memory you used:
 27 strings out of 469473
 580 string characters out of 5469546
 433753 words of memory out of 5000000
 28787 multiletter control sequences out of 15000+600000
 627721 words of font info for 40 fonts, out of 8000000 for 9000
 36 hyphenation exceptions out of 8191
 19i,0n,29p,86b,17s stack positions out of 10000i,1000n,20000p,200000b,200000s
No pages of output.

Output created: example.html

pandoc 
  to: latex
  output-file: example.tex
  standalone: true
  pdf-engine: lualatex
  variables:
    graphics: true
    tables: true
  default-image-extension: pdf
  
metadata
  documentclass: scrartcl
  classoption:
    - DIV=11
    - numbers=noendperiod
  papersize: letter
  header-includes:
    - \KOMAoption{captions}{tableheading}
  block-headings: true
  engines:
    - path: /opt/quarto/share/extension-subtrees/julia-engine/_extensions/julia-engine/julia-engine.js
  title: Imagify Example
  imagify:
    scope: all
    embed: false
    lazy: true
    output-folder: _imagify_files
    pdf-engine: latex
    zoom: 1.5
  imagify-classes:
    highlightme:
      zoom: 4
      block-style: 'border: 1px solid red;'
      debug: false
    fitch:
      header-includes: \usepackage{fitch}
      debug: false
  
[31mFATAL (/opt/quarto/share/filters/main.lua:3948) An error occurred:
Error resolving header-includes- unable to open file /usepackage{tikz}
/usepackage{example-pandoc/fitch}

[39mRc files read (in order):
  NONE
Latexmk: This is Latexmk, John Collins, 9 March 2026. Version 4.88.
No existing .aux file, so I'll make a simple one, and require run of *latex.
Latexmk: applying rule 'pdflatex'...
Rule 'pdflatex':  Reasons for rerun
Category 'other':
  Rerun of 'pdflatex' forced or previously required:
    Reason or flag: 'Initial setup'

------------
Run number 1 of rule 'pdflatex'
------------
------------
Running 'pdflatex  --interaction=nonstopmode -recorder  "source.tex"'
------------
This is pdfTeX, Version 3.141592653-2.6-1.40.29 (TeX Live 2026) (preloaded format=pdflatex)
 restricted \write18 enabled.
entering extended mode
(./source.tex
LaTeX2e <2025-11-01>
L3 programming layer <2026-01-19>

! LaTeX Error: File `standalone.cls' not found.

Type X to quit or <RETURN> to proceed,
or enter new name. (Default extension: cls)

Enter file name: 
! Emergency stop.
<read *> 
         
l.7 \usepackage
               {xcolor}^^M
!  ==> Fatal error occurred, no output PDF file produced!
Transcript written on source.log.
Latexmk: Getting log file 'source.log'
Latexmk: Examining 'source.fls'
Latexmk: Examining 'source.log'
Latexmk: Missing input file 'standalone.cls' message in .log file:
  ! LaTeX Error: File `standalone.cls' not found.
Latexmk: Errors, so I did not complete making targets
Collected error summary (may duplicate other messages):
  pdflatex: Command for 'pdflatex' gave return code 1
      Refer to 'source.log' and/or above output for details

Latexmk: Sometimes, the -f option can be used to get latexmk
  to try to force complete processing.
  But normally, you will need to correct the file(s) that caused the
  error, and then rerun latexmk.
  In some cases, it is best to clean out generated files before rerunning
  latexmk after you've corrected the files.
[ERROR] Imagify: LaTeX compilation failed.
Command used: export TEXINPUTS=/home/runner/work/quarto-extensions/quarto-extensions/test-15/repo/example-quarto//:/tmp/quarto-sessiona2fa6f78f22077ee/b84dc1b4eb8579e3//:/home/runner/work/quarto-extensions/quarto-extensions/test-15/repo/example-quarto//:; latexmk  -latex --interaction=nonstopmode --output-format=pdf source.tex
LaTeX source code:
% Options for packages loaded elsewhere
\PassOptionsToPackage{unicode}{hyperref}
\PassOptionsToPackage{hyphens}{url}
\PassOptionsToPackage{dvipsnames,svgnames,x11names}{xcolor}
\documentclass[
  tikz]{standalone}
\usepackage{xcolor}
\usepackage{amsmath,amssymb}
\setcounter{secnumdepth}{-\maxdimen} % remove section numbering
\usepackage{iftex}
\ifPDFTeX
  \usepackage[T1]{fontenc}
  \usepackage[utf8]{inputenc}
  \usepackage{textcomp} % provide euro and other symbols
\else % if luatex or xetex
  \usepackage{unicode-math} % this also loads fontspec
  \defaultfontfeatures{Scale=MatchLowercase}
  \defaultfontfeatures[\rmfamily]{Ligatures=TeX,Scale=1}
\fi
\usepackage{lmodern}
\ifPDFTeX\else
  % xetex/luatex font selection
\fi
% Use upquote if available, for straight quotes in verbatim environments
\IfFileExists{upquote.sty}{\usepackage{upquote}}{}
\IfFileExists{microtype.sty}{% use microtype if available
  \usepackage[]{microtype}
  \UseMicrotypeSet[protrusion]{basicmath} % disable protrusion for tt fonts
}{}
\makeatletter
\@ifundefined{KOMAClassName}{% if non-KOMA class
  \IfFileExists{parskip.sty}{%
    \usepackage{parskip}
  }{% else
    \setlength{\parindent}{0pt}
    \setlength{\parskip}{6pt plus 2pt minus 1pt}}
}{% if KOMA class
  \KOMAoptions{parskip=half}}
\makeatother
\setlength{\emergencystretch}{3em} % prevent overfull lines
\providecommand{\tightlist}{%
  \setlength{\itemsep}{0pt}\setlength{\parskip}{0pt}}
\KOMAoption{captions}{tableheading}
\usepackage{tikz}
\usepackage{bookmark}
\IfFileExists{xurl.sty}{\usepackage{xurl}}{} % add URL line breaks if available
\urlstyle{same}
\hypersetup{
  colorlinks=true,
  linkcolor={blue},
  filecolor={Maroon},
  citecolor={Blue},
  urlcolor={Blue},
  pdfcreator={LaTeX via pandoc}}

\author{}
\date{}

\begin{document}

\usetikzlibrary {arrows.meta,graphs,shapes.misc}
\tikz [>={Stealth[round]}, black!50, text=black, thick,
every new ->/.style         = {shorten >=1pt},
graphs/every graph/.style   = {edges=rounded corners},
skip loop/.style            = {to path={-- ++(0,#1) -| (\tikztotarget)}},
hv path/.style              = {to path={-| (\tikztotarget)}},
vh path/.style              = {to path={|- (\tikztotarget)}},
nonterminal/.style          = {
    rectangle, minimum size=6mm, very thick, draw=red!50!black!50, top color=white,
    bottom color=red!50!black!20, font=\itshape, text height=1.5ex,text depth=.25ex}, 
terminal/.style             = {
    rounded rectangle, minimum size=6mm, very thick, draw=black!50, top color=white,
    bottom color=black!20, font=\ttfamily, text height=1.5ex, text depth=.25ex}, 
shape                       = coordinate
]
\graph [grow right sep, branch down=7mm, simple] {
/ -> unsigned integer[nonterminal] -- p1 -> "." [terminal] -- p2 -> digit[terminal] -- p3 -- p4 -- p5 -> E[terminal] -- q1 ->[vh path]
{[nodes={yshift=7mm}]
    "+"[terminal], q2, "-"[terminal]
  } -> [hv path]
  q3 -- /unsigned integer [nonterminal] -- p6 -> /;
p1 ->[skip loop=5mm] p4; 
p3 ->[skip loop=-5mm] p2; 
p5 ->[skip loop=-11mm] p6;

q1 -- q2 -- q3; % make these edges plain 
};

\end{document}
LaTeX log:
This is pdfTeX, Version 3.141592653-2.6-1.40.29 (TeX Live 2026) (preloaded format=pdflatex 2026.3.23)  23 MAR 2026 21:38
entering extended mode
 restricted \write18 enabled.
 %&-line parsing enabled.
**source.tex
(./source.tex
LaTeX2e <2025-11-01>
L3 programming layer <2026-01-19>

! LaTeX Error: File `standalone.cls' not found.

Type X to quit or <RETURN> to proceed,
or enter new name. (Default extension: cls)

Enter file name: 
! Emergency stop.
<read *> 
         
l.7 \usepackage
               {xcolor}^^M
*** (cannot \read from terminal in nonstop modes)

 
Here is how much of TeX's memory you used:
 31 strings out of 469472
 658 string characters out of 5469520
 433756 words of memory out of 5000000
 28791 multiletter control sequences out of 15000+600000
 627721 words of font info for 40 fonts, out of 8000000 for 9000
 36 hyphenation exceptions out of 8191
 19i,0n,29p,105b,17s stack positions out of 10000i,1000n,20000p,200000b,200000s
!  ==> Fatal error occurred, no output PDF file produced!

Rc files read (in order):
  NONE
Latexmk: This is Latexmk, John Collins, 9 March 2026. Version 4.88.
No existing .aux file, so I'll make a simple one, and require run of *latex.
Latexmk: applying rule 'pdflatex'...
Rule 'pdflatex':  Reasons for rerun
Category 'other':
  Rerun of 'pdflatex' forced or previously required:
    Reason or flag: 'Initial setup'

------------
Run number 1 of rule 'pdflatex'
------------
------------
Running 'pdflatex  --interaction=nonstopmode -recorder  "source.tex"'
------------
This is pdfTeX, Version 3.141592653-2.6-1.40.29 (TeX Live 2026) (preloaded format=pdflatex)
 restricted \write18 enabled.
entering extended mode
(./source.tex
LaTeX2e <2025-11-01>
L3 programming layer <2026-01-19>

! LaTeX Error: File `standalone.cls' not found.

Type X to quit or <RETURN> to proceed,
or enter new name. (Default extension: cls)

Enter file name: 
! Emergency stop.
<read *> 
         
l.7 \usepackage
               {xcolor}^^M
!  ==> Fatal error occurred, no output PDF file produced!
Transcript written on source.log.
Latexmk: Getting log file 'source.log'
Latexmk: Examining 'source.fls'
Latexmk: Examining 'source.log'
Latexmk: Missing input file 'standalone.cls' message in .log file:
  ! LaTeX Error: File `standalone.cls' not found.
Latexmk: Errors, so I did not complete making targets
Collected error summary (may duplicate other messages):
  pdflatex: Command for 'pdflatex' gave return code 1
      Refer to 'source.log' and/or above output for details

Latexmk: Sometimes, the -f option can be used to get latexmk
  to try to force complete processing.
  But normally, you will need to correct the file(s) that caused the
  error, and then rerun latexmk.
  In some cases, it is best to clean out generated files before rerunning
  latexmk after you've corrected the files.
[ERROR] Imagify: LaTeX compilation failed.
Command used: export TEXINPUTS=/home/runner/work/quarto-extensions/quarto-extensions/test-15/repo/example-quarto//:/tmp/quarto-sessiona2fa6f78f22077ee/b84dc1b4eb8579e3//:/home/runner/work/quarto-extensions/quarto-extensions/test-15/repo/example-quarto//:; latexmk  -latex --interaction=nonstopmode --output-format=pdf source.tex
LaTeX source code:
% Options for packages loaded elsewhere
\PassOptionsToPackage{unicode}{hyperref}
\PassOptionsToPackage{hyphens}{url}
\PassOptionsToPackage{dvipsnames,svgnames,x11names}{xcolor}
\documentclass[
]{standalone}
\usepackage{xcolor}
\usepackage{amsmath,amssymb}
\setcounter{secnumdepth}{-\maxdimen} % remove section numbering
\usepackage{iftex}
\ifPDFTeX
  \usepackage[T1]{fontenc}
  \usepackage[utf8]{inputenc}
  \usepackage{textcomp} % provide euro and other symbols
\else % if luatex or xetex
  \usepackage{unicode-math} % this also loads fontspec
  \defaultfontfeatures{Scale=MatchLowercase}
  \defaultfontfeatures[\rmfamily]{Ligatures=TeX,Scale=1}
\fi
\usepackage{lmodern}
\ifPDFTeX\else
  % xetex/luatex font selection
\fi
% Use upquote if available, for straight quotes in verbatim environments
\IfFileExists{upquote.sty}{\usepackage{upquote}}{}
\IfFileExists{microtype.sty}{% use microtype if available
  \usepackage[]{microtype}
  \UseMicrotypeSet[protrusion]{basicmath} % disable protrusion for tt fonts
}{}
\makeatletter
\@ifundefined{KOMAClassName}{% if non-KOMA class
  \IfFileExists{parskip.sty}{%
    \usepackage{parskip}
  }{% else
    \setlength{\parindent}{0pt}
    \setlength{\parskip}{6pt plus 2pt minus 1pt}}
}{% if KOMA class
  \KOMAoptions{parskip=half}}
\makeatother
\setlength{\emergencystretch}{3em} % prevent overfull lines
\providecommand{\tightlist}{%
  \setlength{\itemsep}{0pt}\setlength{\parskip}{0pt}}
\KOMAoption{captions}{tableheading}
\usepackage{bookmark}
\IfFileExists{xurl.sty}{\usepackage{xurl}}{} % add URL line breaks if available
\urlstyle{same}
\hypersetup{
  colorlinks=true,
  linkcolor={blue},
  filecolor={Maroon},
  citecolor={Blue},
  urlcolor={Blue},
  pdfcreator={LaTeX via pandoc}}

\author{}
\date{}

\begin{document}

$\displaystyle
\left|\int_a^b fg\right| \leq \left(\int_a^b 
f^2\right)^{1/2}\left(\int_a^b g^2\right)^{1/2}
$

\end{document}
LaTeX log:
This is pdfTeX, Version 3.141592653-2.6-1.40.29 (TeX Live 2026) (preloaded format=pdflatex 2026.3.23)  23 MAR 2026 21:38
entering extended mode
 restricted \write18 enabled.
 %&-line parsing enabled.
**source.tex
(./source.tex
LaTeX2e <2025-11-01>
L3 programming layer <2026-01-19>

! LaTeX Error: File `standalone.cls' not found.

Type X to quit or <RETURN> to proceed,
or enter new name. (Default extension: cls)

Enter file name: 
! Emergency stop.
<read *> 
         
l.7 \usepackage
               {xcolor}^^M
*** (cannot \read from terminal in nonstop modes)

 
Here is how much of TeX's memory you used:
 31 strings out of 469472
 658 string characters out of 5469520
 433756 words of memory out of 5000000
 28791 multiletter control sequences out of 15000+600000
 627721 words of font info for 40 fonts, out of 8000000 for 9000
 36 hyphenation exceptions out of 8191
 19i,0n,29p,105b,17s stack positions out of 10000i,1000n,20000p,200000b,200000s
!  ==> Fatal error occurred, no output PDF file produced!


Rendering PDF
running lualatex - 1
  This is LuaHBTeX, Version 1.24.0 (TeX Live 2026) 
   restricted system commands enabled.
  
updating tlmgr

updating existing packages
finding package for scrartcl.cls
> 1 package to install
> installing koma-script (1 of 1)
  This is LuaHBTeX, Version 1.24.0 (TeX Live 2026) 
   restricted system commands enabled.
  
  luaotfload | db : Font names database not found, generating new one.
  luaotfload | db : This can take several minutes; please be patient.
ERROR: 
compilation failed- error
Undefined control sequence.
l.199 \usetikzlibrary
                   {intersections}


see example-quarto/example.log for more information.
WARN: Error encountered when rendering files
Render failed, retrying once...
pandoc 
  to: latex
  output-file: example.tex
  standalone: true
  pdf-engine: lualatex
  variables:
    graphics: true
    tables: true
  default-image-extension: pdf
  
metadata
  documentclass: scrartcl
  classoption:
    - DIV=11
    - numbers=noendperiod
  papersize: letter
  header-includes:
    - \KOMAoption{captions}{tableheading}
  block-headings: true
  engines:
    - path: /opt/quarto/share/extension-subtrees/julia-engine/_extensions/julia-engine/julia-engine.js
  title: Imagify Example
  imagify:
    scope: all
    embed: false
    lazy: true
    output-folder: _imagify_files
    pdf-engine: latex
    zoom: 1.5
  imagify-classes:
    highlightme:
      zoom: 4
      block-style: 'border: 1px solid red;'
      debug: false
    fitch:
      header-includes: \usepackage{fitch}
      debug: false
  
[31mFATAL (/opt/quarto/share/filters/main.lua:3948) An error occurred:
Error resolving header-includes- unable to open file /usepackage{tikz}
/usepackage{example-pandoc/fitch}

[39mRc files read (in order):
  NONE
Latexmk: This is Latexmk, John Collins, 9 March 2026. Version 4.88.
No existing .aux file, so I'll make a simple one, and require run of *latex.
Latexmk: applying rule 'pdflatex'...
Rule 'pdflatex':  Reasons for rerun
Category 'other':
  Rerun of 'pdflatex' forced or previously required:
    Reason or flag: 'Initial setup'

------------
Run number 1 of rule 'pdflatex'
------------
------------
Running 'pdflatex  --interaction=nonstopmode -recorder  "source.tex"'
------------
This is pdfTeX, Version 3.141592653-2.6-1.40.29 (TeX Live 2026) (preloaded format=pdflatex)
 restricted \write18 enabled.
entering extended mode
(./source.tex
LaTeX2e <2025-11-01>
L3 programming layer <2026-01-19>

! LaTeX Error: File `standalone.cls' not found.

Type X to quit or <RETURN> to proceed,
or enter new name. (Default extension: cls)

Enter file name: 
! Emergency stop.
<read *> 
         
l.7 \usepackage
               {xcolor}^^M
!  ==> Fatal error occurred, no output PDF file produced!
Transcript written on source.log.
Latexmk: Getting log file 'source.log'
Latexmk: Examining 'source.fls'
Latexmk: Examining 'source.log'
Latexmk: Missing input file 'standalone.cls' message in .log file:
  ! LaTeX Error: File `standalone.cls' not found.
Latexmk: Errors, so I did not complete making targets
Collected error summary (may duplicate other messages):
  pdflatex: Command for 'pdflatex' gave return code 1
      Refer to 'source.log' and/or above output for details

Latexmk: Sometimes, the -f option can be used to get latexmk
  to try to force complete processing.
  But normally, you will need to correct the file(s) that caused the
  error, and then rerun latexmk.
  In some cases, it is best to clean out generated files before rerunning
  latexmk after you've corrected the files.
[ERROR] Imagify: LaTeX compilation failed.
Command used: export TEXINPUTS=/home/runner/work/quarto-extensions/quarto-extensions/test-15/repo/example-quarto//:/tmp/quarto-sessiona5baa166d5ac6ded/68aae3de5198a99e//:/home/runner/work/quarto-extensions/quarto-extensions/test-15/repo/example-quarto//:; latexmk  -latex --interaction=nonstopmode --output-format=pdf source.tex
LaTeX source code:
% Options for packages loaded elsewhere
\PassOptionsToPackage{unicode}{hyperref}
\PassOptionsToPackage{hyphens}{url}
\PassOptionsToPackage{dvipsnames,svgnames,x11names}{xcolor}
\documentclass[
  tikz]{standalone}
\usepackage{xcolor}
\usepackage{amsmath,amssymb}
\setcounter{secnumdepth}{-\maxdimen} % remove section numbering
\usepackage{iftex}
\ifPDFTeX
  \usepackage[T1]{fontenc}
  \usepackage[utf8]{inputenc}
  \usepackage{textcomp} % provide euro and other symbols
\else % if luatex or xetex
  \usepackage{unicode-math} % this also loads fontspec
  \defaultfontfeatures{Scale=MatchLowercase}
  \defaultfontfeatures[\rmfamily]{Ligatures=TeX,Scale=1}
\fi
\usepackage{lmodern}
\ifPDFTeX\else
  % xetex/luatex font selection
\fi
% Use upquote if available, for straight quotes in verbatim environments
\IfFileExists{upquote.sty}{\usepackage{upquote}}{}
\IfFileExists{microtype.sty}{% use microtype if available
  \usepackage[]{microtype}
  \UseMicrotypeSet[protrusion]{basicmath} % disable protrusion for tt fonts
}{}
\makeatletter
\@ifundefined{KOMAClassName}{% if non-KOMA class
  \IfFileExists{parskip.sty}{%
    \usepackage{parskip}
  }{% else
    \setlength{\parindent}{0pt}
    \setlength{\parskip}{6pt plus 2pt minus 1pt}}
}{% if KOMA class
  \KOMAoptions{parskip=half}}
\makeatother
\setlength{\emergencystretch}{3em} % prevent overfull lines
\providecommand{\tightlist}{%
  \setlength{\itemsep}{0pt}\setlength{\parskip}{0pt}}
\KOMAoption{captions}{tableheading}
\usepackage{tikz}
\usepackage{bookmark}
\IfFileExists{xurl.sty}{\usepackage{xurl}}{} % add URL line breaks if available
\urlstyle{same}
\hypersetup{
  colorlinks=true,
  linkcolor={blue},
  filecolor={Maroon},
  citecolor={Blue},
  urlcolor={Blue},
  pdfcreator={LaTeX via pandoc}}

\author{}
\date{}

\begin{document}

\usetikzlibrary {arrows.meta,graphs,shapes.misc}
\tikz [>={Stealth[round]}, black!50, text=black, thick,
every new ->/.style         = {shorten >=1pt},
graphs/every graph/.style   = {edges=rounded corners},
skip loop/.style            = {to path={-- ++(0,#1) -| (\tikztotarget)}},
hv path/.style              = {to path={-| (\tikztotarget)}},
vh path/.style              = {to path={|- (\tikztotarget)}},
nonterminal/.style          = {
    rectangle, minimum size=6mm, very thick, draw=red!50!black!50, top color=white,
    bottom color=red!50!black!20, font=\itshape, text height=1.5ex,text depth=.25ex}, 
terminal/.style             = {
    rounded rectangle, minimum size=6mm, very thick, draw=black!50, top color=white,
    bottom color=black!20, font=\ttfamily, text height=1.5ex, text depth=.25ex}, 
shape                       = coordinate
]
\graph [grow right sep, branch down=7mm, simple] {
/ -> unsigned integer[nonterminal] -- p1 -> "." [terminal] -- p2 -> digit[terminal] -- p3 -- p4 -- p5 -> E[terminal] -- q1 ->[vh path]
{[nodes={yshift=7mm}]
    "+"[terminal], q2, "-"[terminal]
  } -> [hv path]
  q3 -- /unsigned integer [nonterminal] -- p6 -> /;
p1 ->[skip loop=5mm] p4; 
p3 ->[skip loop=-5mm] p2; 
p5 ->[skip loop=-11mm] p6;

q1 -- q2 -- q3; % make these edges plain 
};

\end{document}
LaTeX log:
This is pdfTeX, Version 3.141592653-2.6-1.40.29 (TeX Live 2026) (preloaded format=pdflatex 2026.3.23)  23 MAR 2026 21:38
entering extended mode
 restricted \write18 enabled.
 %&-line parsing enabled.
**source.tex
(./source.tex
LaTeX2e <2025-11-01>
L3 programming layer <2026-01-19>

! LaTeX Error: File `standalone.cls' not found.

Type X to quit or <RETURN> to proceed,
or enter new name. (Default extension: cls)

Enter file name: 
! Emergency stop.
<read *> 
         
l.7 \usepackage
               {xcolor}^^M
*** (cannot \read from terminal in nonstop modes)

 
Here is how much of TeX's memory you used:
 31 strings out of 469472
 658 string characters out of 5469520
 433756 words of memory out of 5000000
 28791 multiletter control sequences out of 15000+600000
 627721 words of font info for 40 fonts, out of 8000000 for 9000
 36 hyphenation exceptions out of 8191
 19i,0n,29p,105b,17s stack positions out of 10000i,1000n,20000p,200000b,200000s
!  ==> Fatal error occurred, no output PDF file produced!

Rc files read (in order):
  NONE
Latexmk: This is Latexmk, John Collins, 9 March 2026. Version 4.88.
No existing .aux file, so I'll make a simple one, and require run of *latex.
Latexmk: applying rule 'pdflatex'...
Rule 'pdflatex':  Reasons for rerun
Category 'other':
  Rerun of 'pdflatex' forced or previously required:
    Reason or flag: 'Initial setup'

------------
Run number 1 of rule 'pdflatex'
------------
------------
Running 'pdflatex  --interaction=nonstopmode -recorder  "source.tex"'
------------
This is pdfTeX, Version 3.141592653-2.6-1.40.29 (TeX Live 2026) (preloaded format=pdflatex)
 restricted \write18 enabled.
entering extended mode
(./source.tex
LaTeX2e <2025-11-01>
L3 programming layer <2026-01-19>

! LaTeX Error: File `standalone.cls' not found.

Type X to quit or <RETURN> to proceed,
or enter new name. (Default extension: cls)

Enter file name: 
! Emergency stop.
<read *> 
         
l.7 \usepackage
               {xcolor}^^M
!  ==> Fatal error occurred, no output PDF file produced!
Transcript written on source.log.
Latexmk: Getting log file 'source.log'
Latexmk: Examining 'source.fls'
Latexmk: Examining 'source.log'
Latexmk: Missing input file 'standalone.cls' message in .log file:
  ! LaTeX Error: File `standalone.cls' not found.
Latexmk: Errors, so I did not complete making targets
Collected error summary (may duplicate other messages):
  pdflatex: Command for 'pdflatex' gave return code 1
      Refer to 'source.log' and/or above output for details

Latexmk: Sometimes, the -f option can be used to get latexmk
  to try to force complete processing.
  But normally, you will need to correct the file(s) that caused the
  error, and then rerun latexmk.
  In some cases, it is best to clean out generated files before rerunning
  latexmk after you've corrected the files.
[ERROR] Imagify: LaTeX compilation failed.
Command used: export TEXINPUTS=/home/runner/work/quarto-extensions/quarto-extensions/test-15/repo/example-quarto//:/tmp/quarto-sessiona5baa166d5ac6ded/68aae3de5198a99e//:/home/runner/work/quarto-extensions/quarto-extensions/test-15/repo/example-quarto//:; latexmk  -latex --interaction=nonstopmode --output-format=pdf source.tex
LaTeX source code:
% Options for packages loaded elsewhere
\PassOptionsToPackage{unicode}{hyperref}
\PassOptionsToPackage{hyphens}{url}
\PassOptionsToPackage{dvipsnames,svgnames,x11names}{xcolor}
\documentclass[
]{standalone}
\usepackage{xcolor}
\usepackage{amsmath,amssymb}
\setcounter{secnumdepth}{-\maxdimen} % remove section numbering
\usepackage{iftex}
\ifPDFTeX
  \usepackage[T1]{fontenc}
  \usepackage[utf8]{inputenc}
  \usepackage{textcomp} % provide euro and other symbols
\else % if luatex or xetex
  \usepackage{unicode-math} % this also loads fontspec
  \defaultfontfeatures{Scale=MatchLowercase}
  \defaultfontfeatures[\rmfamily]{Ligatures=TeX,Scale=1}
\fi
\usepackage{lmodern}
\ifPDFTeX\else
  % xetex/luatex font selection
\fi
% Use upquote if available, for straight quotes in verbatim environments
\IfFileExists{upquote.sty}{\usepackage{upquote}}{}
\IfFileExists{microtype.sty}{% use microtype if available
  \usepackage[]{microtype}
  \UseMicrotypeSet[protrusion]{basicmath} % disable protrusion for tt fonts
}{}
\makeatletter
\@ifundefined{KOMAClassName}{% if non-KOMA class
  \IfFileExists{parskip.sty}{%
    \usepackage{parskip}
  }{% else
    \setlength{\parindent}{0pt}
    \setlength{\parskip}{6pt plus 2pt minus 1pt}}
}{% if KOMA class
  \KOMAoptions{parskip=half}}
\makeatother
\setlength{\emergencystretch}{3em} % prevent overfull lines
\providecommand{\tightlist}{%
  \setlength{\itemsep}{0pt}\setlength{\parskip}{0pt}}
\KOMAoption{captions}{tableheading}
\usepackage{bookmark}
\IfFileExists{xurl.sty}{\usepackage{xurl}}{} % add URL line breaks if available
\urlstyle{same}
\hypersetup{
  colorlinks=true,
  linkcolor={blue},
  filecolor={Maroon},
  citecolor={Blue},
  urlcolor={Blue},
  pdfcreator={LaTeX via pandoc}}

\author{}
\date{}

\begin{document}

$\displaystyle
\left|\int_a^b fg\right| \leq \left(\int_a^b 
f^2\right)^{1/2}\left(\int_a^b g^2\right)^{1/2}
$

\end{document}
LaTeX log:
This is pdfTeX, Version 3.141592653-2.6-1.40.29 (TeX Live 2026) (preloaded format=pdflatex 2026.3.23)  23 MAR 2026 21:38
entering extended mode
 restricted \write18 enabled.
 %&-line parsing enabled.
**source.tex
(./source.tex
LaTeX2e <2025-11-01>
L3 programming layer <2026-01-19>

! LaTeX Error: File `standalone.cls' not found.

Type X to quit or <RETURN> to proceed,
or enter new name. (Default extension: cls)

Enter file name: 
! Emergency stop.
<read *> 
         
l.7 \usepackage
               {xcolor}^^M
*** (cannot \read from terminal in nonstop modes)

 
Here is how much of TeX's memory you used:
 31 strings out of 469472
 658 string characters out of 5469520
 433756 words of memory out of 5000000
 28791 multiletter control sequences out of 15000+600000
 627721 words of font info for 40 fonts, out of 8000000 for 9000
 36 hyphenation exceptions out of 8191
 19i,0n,29p,105b,17s stack positions out of 10000i,1000n,20000p,200000b,200000s
!  ==> Fatal error occurred, no output PDF file produced!


Rendering PDF
running lualatex - 1
  This is LuaHBTeX, Version 1.24.0 (TeX Live 2026) 
   restricted system commands enabled.
  
updating tlmgr

updating existing packages
ERROR: 
compilation failed- error
Undefined control sequence.
l.199 \usetikzlibrary
                   {intersections}


see example-quarto/example.log for more information.
WARN: Error encountered when rendering files
