Cloning into 'repo'...
pandoc 
  to: html
  output-file: index.html
  standalone: true
  embed-resources: true
  section-divs: true
  html-math-method: mathjax
  wrap: none
  default-image-extension: png
  toc: true
  variables: {}
  
metadata
  document-css: false
  link-citations: true
  date-format: long
  lang: en
  title: Remember Extension for Quarto
  subtitle: Quarto Extension
  author:
    - name: Mickaël CANOUIL, _Ph.D._
      orcid: 0000-0002-3396-4549
      url: https://mickael.canouil.fr
  theme:
    light: cosmo
    dark: cyborg
  
Output created: index.html

pandoc 
  to: revealjs
  output-file: example-revealjs.html
  standalone: true
  embed-resources: true
  wrap: none
  default-image-extension: png
  html-math-method:
    method: mathjax
    url: >-
      https://cdn.jsdelivr.net/npm/mathjax@2.7.9/MathJax.js?config=TeX-AMS_HTML-full
  slide-level: 2
  shift-heading-level-by: -1
  variables: {}
  
metadata
  link-citations: true
  width: 1050
  height: 700
  margin: 0.1
  center: false
  navigationMode: linear
  controlsLayout: edges
  controlsTutorial: false
  hash: true
  history: true
  hashOneBasedIndex: false
  fragmentInURL: false
  transition: none
  backgroundTransition: none
  pdfSeparateFragments: false
  lang: en
  auto-stretch: true
  title: Remember Extension for Quarto
  subtitle: Quarto Extension
  author:
    - name: Mickaël CANOUIL, _Ph.D._
      orcid: 0000-0002-3396-4549
      url: https://mickael.canouil.fr
  
Output created: example-revealjs.html

