

processing file: hybrid.qmd

1/15                  

2/15 [unnamed-chunk-1]

3/15                  

4/15 [unnamed-chunk-2]

5/15                  

6/15 [unnamed-chunk-3]

7/15                  

8/15 [unnamed-chunk-4]

9/15                  

10/
15 [unnamed-chunk-5]

11/15                  

12/15 [unnamed-chunk-6]

13/15                  

14/15 [unnamed-chunk-7]

15/15                  

output file: hybrid.knit.md


pandoc 

  to: html
  output-file: hybrid.html
  standalone: true
  title-prefix: Quarto Live Documentation
  section-divs: true
  html-math-method: mathjax
  wrap: none
  default-image-extension: png
  toc: true
  variables: {}
  

metadata

  document-css: false
  link-citations: true
  date-format: long
  lang: en
  ojs-engine: true
  theme:
    light: cosmo
    dark: darkly
  engines:
    - path: /opt/quarto/share/extension-subtrees/julia-engine/_extensions/julia-engine/julia-engine.js
  title: Hybrid Execution
  subtitle: Combine pre-rendered and client-side WebAssembly computation
  webr:
    packages: dplyr
  

Output created: ../_site/interactive/hybrid.html


