pandoc 

  to: html
  output-file: example.html
  standalone: true
  section-divs: true
  html-math-method: mathjax
  wrap: none
  default-image-extension: png
  variables: {}
  

metadata

  document-css: false
  link-citations: true
  date-format: long
  lang: en
  engines:
    - path: /opt/quarto/share/extension-subtrees/julia-engine/_extensions/julia-engine/julia-engine.js
  title: TikZ Example
  tikz:
    cache: false
    save-tex: true
    tex-dir: tikz-tex
  

ERROR (/home/runner/work/quarto-extensions/quarto-extensions/test-15/repo/_extensions/tikz/tikz.lua:182) Inkscape not found. Please install Inkscape to convert PDFs to SVG.

ERROR (/home/runner/work/quarto-extensions/quarto-extensions/test-15/repo/_extensions/tikz/tikz.lua:233) Error compiling TikZ figure 'stick-figure':
Error running pdflatex (error code 1): This is pdfTeX, Version 3.141592653-2.6-1.40.29 (TeX Live 2026) (preloaded format=pdflatex)
 restricted \write18 enabled.
entering extended mode
(./stick-figure.tex
LaTeX2e <2025-11-01>
L3 programming layer <2026-03-20>

! LaTeX Error: File `standalone.cls' not found.

Type X to quit or <RETURN> to proceed,
or enter new name. (Default extension: cls)

Enter file name: 
! Emergency stop.
<read *> 
         
l.3 ^^M
       
!  ==> Fatal error occurred, no output PDF file produced!
Transcript written on stick-figure.log.

LaTeX Log:
This is pdfTeX, Version 3.141592653-2.6-1.40.29 (TeX Live 2026) (preloaded format=pdflatex 2026.4.27)  27 APR 2026 19:38
entering extended mode
 restricted \write18 enabled.
 %&-line parsing enabled.
**stick-figure.tex
(./stick-figure.tex
LaTeX2e <2025-11-01>
L3 programming layer <2026-03-20>

! LaTeX Error: File `standalone.cls' not found.

Type X to quit or <RETURN> to proceed,
or enter new name. (Default extension: cls)

Enter file name: 
! Emergency stop.
<read *> 
         
l.3 ^^M
       
*** (cannot \read from terminal in nonstop modes)

 
Here is how much of TeX's memory you used:
 19 strings out of 469296
 452 string characters out of 5466173
 434951 words of memory out of 5000000
 28955 multiletter control sequences out of 15000+600000
 627721 words of font info for 40 fonts, out of 8000000 for 9000
 36 hyphenation exceptions out of 8191
 19i,0n,29p,80b,17s stack positions out of 10000i,1000n,20000p,200000b,200000s
!  ==> Fatal error occurred, no output PDF file produced!

TikZ Code:
%%| filename: stick-figure
%%| caption: A Stick Figure

\begin{tikzpicture}[scale=2, transform shape]
  % Head
  \draw (0,0) circle (1cm);
  % Body
  \draw (0,-1) -- (0,-3);
  % Arms
  \draw (-1,-2) -- (0,-1) -- (1,-2);
  % Legs
  \draw (-1,-4) -- (0,-3) -- (1,-4);
\end{tikzpicture}

ERROR (/home/runner/work/quarto-extensions/quarto-extensions/test-15/repo/_extensions/tikz/tikz.lua:250) Error converting PDF to SVG for TikZ figure 'stick-figure':
inkscape: createProcess: posix_spawnp: permission denied (Permission denied)
TikZ Code:
%%| filename: stick-figure
%%| caption: A Stick Figure

\begin{tikzpicture}[scale=2, transform shape]
  % Head
  \draw (0,0) circle (1cm);
  % Body
  \draw (0,-1) -- (0,-3);
  % Arms
  \draw (-1,-2) -- (0,-1) -- (1,-2);
  % Legs
  \draw (-1,-4) -- (0,-3) -- (1,-4);
\end{tikzpicture}
ERROR (/home/runner/work/quarto-extensions/quarto-extensions/test-15/repo/_extensions/tikz/tikz.lua:257) Failed to read generated SVG file for TikZ figure 'stick-figure'.
TikZ Code:
%%| filename: stick-figure
%%| caption: A Stick Figure

\begin{tikzpicture}[scale=2, transform shape]
  % Head
  \draw (0,0) circle (1cm);
  % Body
  \draw (0,-1) -- (0,-3);
  % Arms
  \draw (-1,-2) -- (0,-1) -- (1,-2);
  % Legs
  \draw (-1,-4) -- (0,-3) -- (1,-4);
\end{tikzpicture}

Error runni
ng filter /opt/quarto/share/filters/main.lua:
string expected, got nil
	while retrieving functio
n argument contents
	while retrieving arguments for function insert
stack traceback:
	...quarto-extensions/test-15/repo/_extensions/tikz/tikz.lua:321: in function <...quarto-extensions/test-15/repo/_extensions/tikz/tikz.lua:279>

	[C]: in ?
	[C]: in method 'walk'
	...quarto-extensions/test-
15/repo/_extensions/tikz/tikz.
lua:387: in function <...quarto-exte
nsions/test-15/repo/_extensions/tikz/tikz.lua:385>
	[C
]: in ?
	[C]: in meth
od 'walk'
	/opt/quarto/shar
e/pandoc/datadir/
_utils.lua:607: 
in function '_uti
ls.walk'
	/opt/q
uarto/share/filt
ers/main.lua:57
4: in local 'che
cked_wal
k'
	/opt/quarto/sh
are/filters/main.
lua:629: in func
tion 'run_emulat
ed_filter'
	/op
t/quarto/share/fi
lters/main.lua:
1317: in local 'c
allback'
	[strin
g "if pandoc.sys
tem.os == "mingw
32" then..."]:77
8: in field 'wi
thScriptFile'
	/
opt/quarto/shar
e/filters/main.l
ua:1333: in upval
ue 'run_emulate
d_filter_chain'

	/opt/quarto/sh
are/filters/mai
n.lua:1371: in 
function </opt/
quarto/share/fil
ters/main.lua:13
68>
stack traceb
ack:
	...quarto
-extensions/test-
15/repo/_extensions/tikz/tikz.
lua:387: in funct
ion <...quarto-extens
ions/test-15/repo/_e
xtensions/tikz/
tikz.lua:385>
	[C]: in
 ?
	[C]: in metho
d 'walk'
	/opt/quart
o/share/pandoc/da
tadir/_utils.lu
a:607: in funct
ion '_utils.walk
'
	/opt/quarto/s
hare/filters/ma
in.lua:574: in l
ocal 'checked_w
alk'
	/opt/quar
to/share/filters
/main.lua:629: in func
tion 'run_emulate
d_filter'
	/opt/
quarto/share/filters/
main.lua:1317: i
n local 'callback'
	[s
tring "if pandoc.syst
em.os == "mingw32"
 then..."]:778: in field 'w
ithScriptFile'
	/
opt/quarto/shar
e/filters/main.
lua:1333: in upv
alue 'run_emul
ated_filter_cha
in'
	/opt/quarto
/share/filters/
main.lua:1371: 
in function </o
pt/quarto/share
/filters/main.l
ua:1368>
stack t
raceback:
	/opt
/quarto/share/pa
ndoc/datadir/_ut
ils.lua:607: in
 function '_utils
.walk'
	/opt/q
uarto/share/fil
ters/main.lua:5
74: in local 'ch
ecked_walk'
	/o
pt/quarto/share
/filters/main.l
ua:629: in func
tion 'run_emula
ted_filter'
	/o
pt/quarto/share/fil
ters/main.lua:13
17: in local 'c
allback'
	[stri
ng "if pandoc.sy
stem.os == "min
gw32" then..."]:
778: in field 'w
ithScriptFile'

	/opt/quarto/sh
are/filters/mai
n.lua:1333: in
 upvalue 'run_em
ulated_filter_ch
ain'
	/opt/qua
rto/share/filte
rs/main.lua:137
1: in function <
/opt/quarto/sh
are/filters/main
.lua:1368>

(WARN) Error encountered when rendering files

