Cloning into 'repo'...
pandoc 
  to: html
  output-file: example.html
  standalone: true
  section-divs: true
  html-math-method: mathjax
  wrap: none
  default-image-extension: png
  variables: {}
  
metadata
  document-css: false
  link-citations: true
  date-format: long
  lang: en
  author:
    - John Doe
  date: March 22, 2005
  title: Habits
  
[WARNING] This document format requires a nonempty <title> element.
  Defaulting to 'quarto-input97390d7637bd826d' as the title.
  To specify a title, use 'title' in metadata or --metadata title="...".
Output created: example.html

