
Rendering PDF

running lualatex - 1

  This is LuaHBTeX, Version 1.24.0 (TeX Live 2026) 
   restricted system commands enabled.
  

generating bibliography

  This is BibTeX, Version 0.99e (TeX Live 2026)
  The top-level auxiliary file: document.aux
  The style file: jss.bst
  I found no \citation commands---while reading file document.aux
  I found no \bibdata command---while reading file document.aux
  (There were 2 error messages)
  

running lualatex - 2

  This is LuaHBTeX, Version 1.24.0 (TeX Live 2026) 
   restricted system commands enabled.
  




Rendering PDF

running lualatex - 1

  This is LuaHBTeX, Version 1.24.0 (TeX Live 2026) 
   restricted system commands enabled.
  

generating bibliography

  This is BibTeX, Version 0.99e (TeX Live 2026)
  The top-level auxiliary file: document.aux
  The style file: jss.bst
  I found no \citation commands---while reading file document.aux
  I found no \bibdata command---while reading file document.aux
  (There were 2 error messages)
  

running lualatex - 2

  This is LuaHBTeX, Version 1.24.0 (TeX Live 2026) 
   restricted system commands enabled.
  




Rendering PDF

running lualatex - 1

  This is LuaHBTeX, Version 1.24.0 (TeX Live 2026) 
   restricted system commands enabled.
  

generating bibliography

  This is BibTeX, Version 0.99e (TeX Live 2026)
  The top-level auxiliary file: document.aux
  The style file: jss.bst
  I found no \citation commands---while reading file document.aux
  I found no \bibdata command---while reading file document.aux
  (There were 2 error messages)
  

running lualatex - 2

  This is LuaHBTeX, Version 1.24.0 (TeX Live 2026) 
   restricted system commands enabled.
  




Rendering PDF

running lualatex - 1

  This is LuaHBTeX, Version 1.24.0 (TeX Live 2026) 
   restricted system commands enabled.
  

generating bibliography

  This is BibTeX, Version 0.99e (TeX Live 2026)
  The top-level auxiliary file: document.aux
  The style file: jss.bst
  I found no \citation commands---while reading file document.aux
  I found no \bibdata command---while reading file document.aux
  (There were 2 error messages)
  

running lualatex - 2

  This is LuaHBTeX, Version 1.24.0 (TeX Live 2026) 
   restricted system commands enabled.
  




Rendering PDF

running lualatex - 1

  This is LuaHBTeX, Version 1.24.0 (TeX Live 2026) 
   restricted system commands enabled.
  

generating bibliography

  This is BibTeX, Version 0.99e (TeX Live 2026)
  The top-level auxiliary file: document.aux
  The style file: jss.bst
  I found no \citation commands---while reading file document.aux
  I found no \bibdata command---while reading file document.aux
  (There were 2 error messages)
  

running lualatex - 2

  This is LuaHBTeX, Version 1.24.0 (TeX Live 2026) 
   restricted system commands enabled.
  




Rendering PDF

running lualatex - 1

  This is LuaHBTeX, Version 1.24.0 (TeX Live 2026) 
   restricted system commands enabled.
  

generating bibliography

  This is BibTeX, Version 0.99e (TeX Live 2026)
  The top-level auxiliary file: document.aux
  The style file: jss.bst
  I found no \citation commands---while reading file document.aux
  I found no \bibdata command---while reading file document.aux
  (There were 2 error messages)
  

running lualatex - 2

  This is LuaHBTeX, Version 1.24.0 (TeX Live 2026) 
   restricted system commands enabled.
  




Rendering PDF

running lualatex - 1

  This is LuaHBTeX, Version 1.24.0 (TeX Live 2026) 
   restricted system commands enabled.
  

generating bibliography

  This is BibTeX, Version 0.99e (TeX Live 2026)
  The top-level auxiliary file: document.aux
  The style file: jss.bst
  I found no \citation commands---while reading file document.aux
  I found no \bibdata command---while reading file document.aux
  (There were 2 error messages)
  

running lualatex - 2

  This is LuaHBTeX, Version 1.24.0 (TeX Live 2026) 
   restricted system commands enabled.
  




Rendering PDF

running lualatex - 1

  This is LuaHBTeX, Version 1.24.0 (TeX Live 2026) 
   restricted system commands enabled.
  

generating bibliography

  This is BibTeX, Version 0.99e (TeX Live 2026)
  The top-level auxiliary file: document.aux
  The style file: jss.bst
  I found no \citation commands---while reading file document.aux
  I found no \bibdata command---while reading file document.aux
  (There were 2 error messages)
  

running lualatex - 2

  This is LuaHBTeX, Version 1.24.0 (TeX Live 2026) 
   restricted system commands enabled.
  



Error in loadNamespace(x) : there is no package called 'rmarkdown'
Calls: loadNamespace -> withRestarts -> withOneRestart -> doWithOneRestart
Execution halted

R installation:

  Version: 4.6.0
  Path: /opt/R/4.6.0/lib/R
  LibPaths:
    - /home/runner/work/quarto-extensions/quarto-extensions/test-6/R/x86_64-pc-linux-gnu-library/4.6
    - /opt/R/4.6.0/lib/R/library
  knitr: 1.51
  rmarkdown: (None)



The rmarkdown package is not available in this R installation.
Install with install.packages("rmarkdown")



(WARN) Error encountered when rendering files

