Cloning into 'repo'...
pandoc 
  to: typst
  output-file: template.typ
  standalone: true
  shift-heading-level-by: -1
  default-image-extension: svg
  wrap: none
  citeproc: false
  variables: {}
  
metadata
  date: today
  date-format: D MMMM YYYY
  fontsize: 11pt
  papersize: a4
  font-paths:
    - _extensions/letter/fonts
  engines:
    - path: /opt/quarto/share/extension-subtrees/julia-engine/_extensions/julia-engine/julia-engine.js
  author: Pierre Curie
  qualifications: Nobel Prize, PhD
  position: Professor
  www: curie.com
  email: Pierre.Curie@monash.edu
  phone: +61 3 9905 5555
  department: test
  branding: mbs
  address:
    - Hypatia
    - University of Alexandria
    - Egypt
  subject: Application for a position
  opening: Dear Hypatia
  closing: Sincerely
  linestretch: 1.4
  ps: |
    PS: Lorem ipsum dolor sit amet, *consectetur* adipiscing elit.
  
[typst]: Compiling template.typ to template.pdf...DONE

Output created: template.pdf



processing file: README.qmd
1/3                  
2/3 [unnamed-chunk-1]
Error in `loadNamespace()`:
! there is no package called 'pdftools'
Backtrace:
     x
  1. +-magick::image_write(...)
  2. | \-magick:::assert_image(image)
  3. +-magick::image_convert(...)
  4. | \-magick:::assert_image(image)
  5. +-magick::image_montage(...)
  6. | \-magick:::assert_image(image)
  7. +-magick::image_read_pdf("template.pdf", pages = 1)
  8. | \-base::lapply(...)
  9. |   \-magick (local) FUN(X[[i]], ...)
 10. \-base::loadNamespace(x)
 11.   \-base::withRestarts(stop(cond), retry_loadNamespace = function() NULL)
 12.     \-base (local) withOneRestart(expr, restarts[[1L]])
 13.       \-base (local) doWithOneRestart(return(expr), restart)

Quitting from README.qmd:7-27 [unnamed-chunk-1]
Execution halted
WARN: Error encountered when rendering files
Render failed, retrying once...


processing file: README.qmd
1/3                  
2/3 [unnamed-chunk-1]
Error in `loadNamespace()`:
! there is no package called 'pdftools'
Backtrace:
     x
  1. +-magick::image_write(...)
  2. | \-magick:::assert_image(image)
  3. +-magick::image_convert(...)
  4. | \-magick:::assert_image(image)
  5. +-magick::image_montage(...)
  6. | \-magick:::assert_image(image)
  7. +-magick::image_read_pdf("template.pdf", pages = 1)
  8. | \-base::lapply(...)
  9. |   \-magick (local) FUN(X[[i]], ...)
 10. \-base::loadNamespace(x)
 11.   \-base::withRestarts(stop(cond), retry_loadNamespace = function() NULL)
 12.     \-base (local) withOneRestart(expr, restarts[[1L]])
 13.       \-base (local) doWithOneRestart(return(expr), restart)

Quitting from README.qmd:7-27 [unnamed-chunk-1]
Execution halted
WARN: Error encountered when rendering files
