pandoc 

  to: html
  output-file: example.html
  standalone: true
  section-divs: true
  html-math-method: mathjax
  wrap: none
  default-image-extension: png
  variables: {}
  

metadata

  document-css: false
  link-citations: true
  date-format: long
  lang: en
  engines:
    - path: /opt/quarto/share/extension-subtrees/julia-engine/_extensions/julia-engine/julia-engine.js
  title: Quarto-svgbob Example
  

Error running
 filter /opt/quarto/share/filters/main.lua:
svgbob: createProcess: posix_spawnp: permission denied (Permission denied)
stack traceback:
	.../test-3
/repo/_extensions/quarto-svgbob/quarto-svgbob.lua:27: in local 
'render_cmd'
	.../test-3/repo/_extensions/quarto-svg
bob/quarto-svgbob.lua:43: in global 'Render'
	...
/test-3/repo/_extensions/quarto-svgbob/quarto-svg
bob.lua:64: in function <.../test-3/repo
/_extensions/quarto-svgbob/quarto-s
vgbob.lua:63>
	[C]: in ?
	[C]: in met
hod 'walk'
	/opt/quarto/share/pandoc/datadir/_uti
ls.lua:607: in function '_utils
.walk'
	/opt/quarto/sh
are/filters/main.lua:
574: in local 'check
ed_walk'
	/opt/quarto
/share/filters/main.lua:62
9: in function 'run_em
ulated_filter'
	/opt
/quarto/share/filter
s/main.lua:1317: in 
local 'callback'
	[st
ring "if pandoc.sys
tem.os == "mingw32" 
then..."]:778: in fi
eld 'withScriptFile'

	/opt/quarto/share
/filters/main.lua:13
33: in upvalue 'run_
emulated_filter_cha
in'
	/opt/quarto/share
/filters/main.lua:1371
: in function </opt/q
uarto/share/filters/
main.lua:1368>
stac
k traceback:
	/opt/q
uarto/share/pandoc/d
atadir/_utils.lua:60
7: in function '_uti
ls.walk'
	/opt/quart
o/share/filters/main
.lua:574: in local '
checked_walk'
	/opt/
quarto/share/filters
/main.lua:629: in f
unction 'run_emulated_fi
lter'
	/opt/quarto/sha
re/filters/main.lua:
1317: in local 'callb
ack'
	[string "if pandoc.s
ystem.os == "mingw32" 
then..."]:778: in field 'w
ithScriptFile'
	/opt
/quarto/share/filter
s/main.lua:1333: in upvalu
e 'run_emulated_filter_ch
ain'
	/opt/quarto/shar
e/filters/main.lua:1
371: in function
 </opt/quarto/share/fil
ters/main.lua:1368>

(WARN) Error encountered when rendering files

