pandoc 

  to: revealjs
  from: markdown-auto_identifiers+emoji
  output-file: template.html
  standalone: true
  embed-resources: true
  wrap: none
  default-image-extension: png
  html-math-method:
    method: mathjax
    url: >-
      https://cdn.jsdelivr.net/npm/mathjax@2.7.9/MathJax.js?config=TeX-AMS_HTML-full
  slide-level: 2
  

metadata

  link-citations: true
  width: 1050
  height: 700
  margin: 0.1
  center: false
  navigationMode: linear
  controlsLayout: edges
  controlsTutorial: false
  hash: true
  history: true
  hashOneBasedIndex: false
  fragmentInURL: false
  transition: fade
  backgroundTransition: slide
  pdfSeparateFragments: false
  lang: de
  auto-stretch: true
  theme:
    - _extensions/hsnr/HSNR.scss
  date-format: DD.MM.YYYY
  csl: _extensions/hsnr/apa-single-spaced.csl
  logo: _extensions/hsnr/HSNLogo_quadrat2.jpg
  slideNumber: true
  scrollable: true
  citations-hover: true
  footnotes-hover: true
  controls: true
  hash-type: number
  hideInactiveCursor: true
  hideCursorTime: 200
  title: Quarto und Revealjs
  subtitle: Eine kurze Einführung
  author:
    - name: Prof. Dr. Klara Aufbau
  institute: Fachbereich Gesundheitswesen
  modul: M3 Spezialwissen 2024
  kohorte: MHC
  date: '2004-12-21'
  bibliography:
    - literatur.bib
  footer: Prof. Dr. Theo Rethisch | Fachbereich 10 | Hochschule Niederrhein
  

[WARNING] Could 
not fetch resource _extensions/produnis/hsnr/KreisschwungKrefeld.png
[WARNING] Could not fetch resource _extensions/produnis/hsnr/KreisschwungKref
eld.png
[WARNING] Coul
d not fetch resource _extensions/produnis/hsnr/
Hochschule_niederrhein.png

[WARNING]
 Could not fetch resource _exten
sions/produnis/h
snr/beforeyou
startitsnoteasy
.jpg

[WA
RNING] Coul
d not fet
ch resour
ce _exte
nsions/pr
odunis/h
snr/befo
reyousta
rtitsnote
asy.jpg

[WARNI
NG] Could not f
etch reso
urce _ex
tensions
/produn
is/hsnr
/letzte
folie1.webp
[WARNING] Could not fetch resource _extensi
ons/produnis/h
snr/letzt
efolie2.w
ebp

[WARNI
NG] Could no
t fetch r
esource 
_extens
ions/p
roduni
s/hsnr/
Krefel
dCampus
_night.
webp

[WA
RNING] Co
uld not f
etch re
sour
ce 
_extension
s/prod
unis/h
snr/HS
NLogo
_quadr
at2.j
pg

[WA
RNING] C
ould n
ot fetc
h re
sou
rce
 _exte
nsions
/produ
nis/hsn
r/Gebaued
eH_Ran
d.webp


[W
ARNIN
G] Cou
ld no
t fet
ch res
ource
 _exte
nsion
s/prod
unis/
hsnr/H
SNLog
o_qua
drat2.
jpg

[
WARNING] 
Could 
not f
etch r
esour
ce _ex
tensi
ons/p
rodunis/hsnr/bibliothek
.webp

Output created: template.html


