pandoc 

  to: html
  output-file: example.html
  standalone: true
  section-divs: true
  html-math-method: mathjax
  wrap: none
  default-image-extension: png
  

metadata

  document-css: false
  link-citations: true
  date-format: long
  lang: en
  title: Quarto-svgbob Example
  

Error running filter /opt/qua
rto/share/filters/main.lua:
svgbob: createProcess: posix_spawnp: does not exist (No such file or directory)
stack traceback:
	...test-18/repo/_extensions/quarto-svgbob/quarto-svgbob.lua:27: in local 'render_cmd'
	...test-18/repo/_extensions/quarto-svgbob/quarto-svgbob.lua:43: in global 'Render'
	...test-18/repo/_extensions/quarto-svgbob/quarto-svgbob.lua:64: in function <...test-18/repo/_extensions/quarto-svgbob/quarto-svgbob.lua:63>
	[C]: in ?
	[C]: in method 'w
alk'
	/opt/quarto/share/pandoc/datadir/_utils.lua:607: in function '_utils.walk'
	/opt/quarto/share/filters/main.lua:574: in local 'checked_walk
'
	/opt/quarto/share/filters/main.lua:629: in function 'run_emulated_filter'
	/opt/quarto/share/filters/main.lua:1317: in local 'callback'
	[
string "if pandoc.system.os == "mingw32" then..."]:778: in field 'withScriptFile'
	/opt/quarto/share/filters/main.lua:
1333: in upvalue 'run_emulated_filter_chain'
	/opt/quarto/share/filters/main.lua:1371: in function </opt/quarto/share/filters/main.lua:1368>
sta
ck traceback:
	/opt/quarto/share/pandoc/datadir/_utils.lua:607: in function '_utils.walk'
	/opt/quart
o/share/filters/main.lua:574: in local 'checked_walk'
	/
opt/quarto/share/filters/main.lua:629: in function 'run_emulated_filter'
	/opt
/quarto/share/filters/main.lua:1317: in local 'callback'
	[string "if pandoc.system.os == "mingw32" then..."
]:778: in field 'withScriptFile'
	/opt/quarto/share/f
ilters/main.lua:1333: in upvalue 'run_emula
ted_filter_chain'
	/opt/quarto/sh
are/filters/main.lua:1371: in function </opt/qu
arto/share/filters/main.lua:1368>

(WARN) Error encountered when rendering files

