Cloning into 'repo'...
Installing package into '/home/runner/work/quarto-extensions/quarto-extensions/test-15/R/x86_64-pc-linux-gnu-library/4.6'
(as 'lib' is unspecified)
trying URL 'https://packagemanager.posit.co/cran/latest/src/contrib/renv_1.2.2.tar.gz'
Content type 'binary/octet-stream' length 1356485 bytes (1.3 MB)
==================================================
downloaded 1.3 MB

* installing *source* package 'renv' ...
** this is package 'renv' version '1.2.2'
** package 'renv' successfully unpacked and MD5 sums checked
** using staged installation
** R
** inst
** byte-compile and prepare package for lazy loading
** help
*** installing help indices
*** copying figures
** building package indices
** installing vignettes
** testing if installed package can be loaded from temporary location
** checking absolute paths in shared objects and dynamic libraries
** testing if installed package can be loaded from final location
** testing if installed package keeps a record of temporary installation path
* DONE (renv)

The downloaded source packages are in
	'/tmp/RtmpPkpS5I/downloaded_packages'
Installing packages into '/home/runner/work/quarto-extensions/quarto-extensions/test-15/R/x86_64-pc-linux-gnu-library/4.6'
(as 'lib' is unspecified)
also installing the dependencies 'sass', 'pkgbuild', 'diffobj', 'later', 'bslib', 'brio', 'desc', 'pkgload', 'praise', 'waldo'

trying URL 'https://packagemanager.posit.co/cran/latest/src/contrib/sass_0.4.10.tar.gz'
trying URL 'https://packagemanager.posit.co/cran/latest/src/contrib/pkgbuild_1.4.8.tar.gz'
trying URL 'https://packagemanager.posit.co/cran/latest/src/contrib/diffobj_0.3.6.tar.gz'
trying URL 'https://packagemanager.posit.co/cran/latest/src/contrib/later_1.4.8.tar.gz'
trying URL 'https://packagemanager.posit.co/cran/latest/src/contrib/bslib_0.10.0.tar.gz'
trying URL 'https://packagemanager.posit.co/cran/latest/src/contrib/brio_1.1.5.tar.gz'
trying URL 'https://packagemanager.posit.co/cran/latest/src/contrib/desc_1.4.3.tar.gz'
trying URL 'https://packagemanager.posit.co/cran/latest/src/contrib/pkgload_1.5.2.tar.gz'
trying URL 'https://packagemanager.posit.co/cran/latest/src/contrib/praise_1.0.0.tar.gz'
trying URL 'https://packagemanager.posit.co/cran/latest/src/contrib/waldo_0.6.2.tar.gz'
trying URL 'https://packagemanager.posit.co/cran/latest/src/contrib/fs_2.1.0.tar.gz'
trying URL 'https://packagemanager.posit.co/cran/latest/src/contrib/quarto_1.5.1.tar.gz'
trying URL 'https://packagemanager.posit.co/cran/latest/src/contrib/rmarkdown_2.31.tar.gz'
trying URL 'https://packagemanager.posit.co/cran/latest/src/contrib/testthat_3.3.2.tar.gz'
* installing *source* package 'diffobj' ...
** this is package 'diffobj' version '0.3.6'
** package 'diffobj' successfully unpacked and MD5 sums checked
** using staged installation
** libs
using C compiler: 'gcc (Ubuntu 11.4.0-1ubuntu1~22.04.3) 11.4.0'
installing to /home/runner/work/quarto-extensions/quarto-extensions/test-15/R/x86_64-pc-linux-gnu-library/4.6/00LOCK-diffobj/00new/diffobj/libs
** R
** inst
** byte-compile and prepare package for lazy loading
** help
*** installing help indices
** building package indices
** installing vignettes
** testing if installed package can be loaded from temporary location
** checking absolute paths in shared objects and dynamic libraries
** testing if installed package can be loaded from final location
** testing if installed package keeps a record of temporary installation path
* DONE (diffobj)
* installing *source* package 'later' ...
** this is package 'later' version '1.4.8'
** package 'later' successfully unpacked and MD5 sums checked
** using staged installation
** libs
using C compiler: 'gcc (Ubuntu 11.4.0-1ubuntu1~22.04.3) 11.4.0'
using C++ compiler: 'g++ (Ubuntu 11.4.0-1ubuntu1~22.04.3) 11.4.0'
installing to /home/runner/work/quarto-extensions/quarto-extensions/test-15/R/x86_64-pc-linux-gnu-library/4.6/00LOCK-later/00new/later/libs
** R
** inst
** byte-compile and prepare package for lazy loading
** help
*** installing help indices
** building package indices
** installing vignettes
** testing if installed package can be loaded from temporary location
** checking absolute paths in shared objects and dynamic libraries
** testing if installed package can be loaded from final location
** testing if installed package keeps a record of temporary installation path
* DONE (later)
* installing *source* package 'brio' ...
** this is package 'brio' version '1.1.5'
** package 'brio' successfully unpacked and MD5 sums checked
** using staged installation
** libs
using C compiler: 'gcc (Ubuntu 11.4.0-1ubuntu1~22.04.3) 11.4.0'
installing to /home/runner/work/quarto-extensions/quarto-extensions/test-15/R/x86_64-pc-linux-gnu-library/4.6/00LOCK-brio/00new/brio/libs
** R
** byte-compile and prepare package for lazy loading
** help
*** installing help indices
** building package indices
** testing if installed package can be loaded from temporary location
** checking absolute paths in shared objects and dynamic libraries
** testing if installed package can be loaded from final location
** testing if installed package keeps a record of temporary installation path
* DONE (brio)
* installing *source* package 'desc' ...
** this is package 'desc' version '1.4.3'
** package 'desc' successfully unpacked and MD5 sums checked
** using staged installation
** R
** inst
** byte-compile and prepare package for lazy loading
** help
*** installing help indices
** building package indices
** testing if installed package can be loaded from temporary location
** testing if installed package can be loaded from final location
** testing if installed package keeps a record of temporary installation path
* DONE (desc)
* installing *source* package 'praise' ...
** this is package 'praise' version '1.0.0'
** package 'praise' successfully unpacked and MD5 sums checked
** using staged installation
** R
** inst
** byte-compile and prepare package for lazy loading
** help
*** installing help indices
** building package indices
** testing if installed package can be loaded from temporary location
** testing if installed package can be loaded from final location
** testing if installed package keeps a record of temporary installation path
* DONE (praise)
* installing *source* package 'fs' ...
** this is package 'fs' version '2.1.0'
** package 'fs' successfully unpacked and MD5 sums checked
** using staged installation
Package libuv was not found in the pkg-config search path.
Perhaps you should add the directory containing `libuv.pc'
to the PKG_CONFIG_PATH environment variable
No package 'libuv' found
ERROR: configuration failed for package 'fs'
* removing '/home/runner/work/quarto-extensions/quarto-extensions/test-15/R/x86_64-pc-linux-gnu-library/4.6/fs'
ERROR: dependency 'fs' is not available for package 'sass'
Perhaps try a variation of:
install.packages('fs')
* removing '/home/runner/work/quarto-extensions/quarto-extensions/test-15/R/x86_64-pc-linux-gnu-library/4.6/sass'
* installing *source* package 'pkgbuild' ...
** this is package 'pkgbuild' version '1.4.8'
** package 'pkgbuild' successfully unpacked and MD5 sums checked
** using staged installation
** R
** byte-compile and prepare package for lazy loading
** help
*** installing help indices
** building package indices
** testing if installed package can be loaded from temporary location
** testing if installed package can be loaded from final location
** testing if installed package keeps a record of temporary installation path
* DONE (pkgbuild)
* installing *source* package 'waldo' ...
** this is package 'waldo' version '0.6.2'
** package 'waldo' successfully unpacked and MD5 sums checked
** using staged installation
** R
** byte-compile and prepare package for lazy loading
** help
*** installing help indices
*** copying figures
** building package indices
** testing if installed package can be loaded from temporary location
** testing if installed package can be loaded from final location
** testing if installed package keeps a record of temporary installation path
* DONE (waldo)
ERROR: dependency 'sass' is not available for package 'bslib'
Perhaps try a variation of:
install.packages('sass')
* removing '/home/runner/work/quarto-extensions/quarto-extensions/test-15/R/x86_64-pc-linux-gnu-library/4.6/bslib'
ERROR: dependency 'fs' is not available for package 'pkgload'
Perhaps try a variation of:
install.packages('fs')
* removing '/home/runner/work/quarto-extensions/quarto-extensions/test-15/R/x86_64-pc-linux-gnu-library/4.6/pkgload'
ERROR: dependency 'bslib' is not available for package 'rmarkdown'
Perhaps try a variation of:
install.packages('bslib')
* removing '/home/runner/work/quarto-extensions/quarto-extensions/test-15/R/x86_64-pc-linux-gnu-library/4.6/rmarkdown'
ERROR: dependency 'pkgload' is not available for package 'testthat'
Perhaps try a variation of:
install.packages('pkgload')
* removing '/home/runner/work/quarto-extensions/quarto-extensions/test-15/R/x86_64-pc-linux-gnu-library/4.6/testthat'
ERROR: dependencies 'fs', 'rmarkdown' are not available for package 'quarto'
Perhaps try a variation of:
install.packages(c('fs', 'rmarkdown'))
* removing '/home/runner/work/quarto-extensions/quarto-extensions/test-15/R/x86_64-pc-linux-gnu-library/4.6/quarto'

The downloaded source packages are in
	'/tmp/RtmpPkpS5I/downloaded_packages'
Warning messages:
1: In install.packages(deps, repos = ppm) :
  installation of package 'fs' had non-zero exit status
2: In install.packages(deps, repos = ppm) :
  installation of package 'sass' had non-zero exit status
3: In install.packages(deps, repos = ppm) :
  installation of package 'bslib' had non-zero exit status
4: In install.packages(deps, repos = ppm) :
  installation of package 'pkgload' had non-zero exit status
5: In install.packages(deps, repos = ppm) :
  installation of package 'rmarkdown' had non-zero exit status
6: In install.packages(deps, repos = ppm) :
  installation of package 'testthat' had non-zero exit status
7: In install.packages(deps, repos = ppm) :
  installation of package 'quarto' had non-zero exit status
ERROR: Unable to read the extension 'wordcount'.
Please ensure that you provided the correct id and that the extension is installed.

Stack trace:
    at loadExtension (file:///opt/quarto/bin/quarto.js:79090:15)
    at Object.extension (file:///opt/quarto/bin/quarto.js:78333:30)
    at readExtensionFormat (file:///opt/quarto/bin/quarto.js:91410:50)
    at resolveFormats (file:///opt/quarto/bin/quarto.js:91274:37)
    at async renderContexts (file:///opt/quarto/bin/quarto.js:91064:20)
    at async renderFileInternal (file:///opt/quarto/bin/quarto.js:136665:16)
    at async renderFiles (file:///opt/quarto/bin/quarto.js:136582:9)
    at async render (file:///opt/quarto/bin/quarto.js:142236:19)
    at async _Command.actionHandler (file:///opt/quarto/bin/quarto.js:142481:24)
    at async _Command.execute (file:///opt/quarto/bin/quarto.js:102102:7)
    at async _Command.parseCommand (file:///opt/quarto/bin/quarto.js:101979:14)
    at async quarto4 (file:///opt/quarto/bin/quarto.js:187653:5)
    at async file:///opt/quarto/bin/quarto.js:187681:5
    at async file:///opt/quarto/bin/quarto.js:187536:14
    at async mainRunner (file:///opt/quarto/bin/quarto.js:187538:5)
    at async file:///opt/quarto/bin/quarto.js:187674:3
Render failed, retrying once...
ERROR: Unable to read the extension 'wordcount'.
Please ensure that you provided the correct id and that the extension is installed.

Stack trace:
    at loadExtension (file:///opt/quarto/bin/quarto.js:79090:15)
    at Object.extension (file:///opt/quarto/bin/quarto.js:78333:30)
    at readExtensionFormat (file:///opt/quarto/bin/quarto.js:91410:50)
    at resolveFormats (file:///opt/quarto/bin/quarto.js:91274:37)
    at async renderContexts (file:///opt/quarto/bin/quarto.js:91064:20)
    at async renderFileInternal (file:///opt/quarto/bin/quarto.js:136665:16)
    at async renderFiles (file:///opt/quarto/bin/quarto.js:136582:9)
    at async render (file:///opt/quarto/bin/quarto.js:142236:19)
    at async _Command.actionHandler (file:///opt/quarto/bin/quarto.js:142481:24)
    at async _Command.execute (file:///opt/quarto/bin/quarto.js:102102:7)
    at async _Command.parseCommand (file:///opt/quarto/bin/quarto.js:101979:14)
    at async quarto4 (file:///opt/quarto/bin/quarto.js:187653:5)
    at async file:///opt/quarto/bin/quarto.js:187681:5
    at async file:///opt/quarto/bin/quarto.js:187536:14
    at async mainRunner (file:///opt/quarto/bin/quarto.js:187538:5)
    at async file:///opt/quarto/bin/quarto.js:187674:3
