

processing file: template.qmd

1/11                  

2/11 [unnamed-chunk-1]

3/11                  

4/11 [tbl-deskriptiv] 

5/11                  

6/11 [fig-mtcars1]    

7/11                  

8/11 [tbl-hyp1]       

9/11                  

10/11 [fig-hyp1]       

11/11                  

output file: template.knit.md


pandoc 

  to: docx
  output-file: template.docx
  default-image-extension: png
  toc: true
  reference-doc: reference.docx
  variables: {}
  

metadata

  engines:
    - path: /opt/quarto/share/extension-subtrees/julia-engine/_extensions/julia-engine/julia-engine.js
  title: Titel des Aufsatzes
  author:
    - name: Vorname Nachname
  date: today
  institution: Musterhochschule
  department: Studiengang XYZ
  course: Einführung in die Raketenwissenschaft (SoSe 2026)
  supervisor: Prof. Dr. Musterfrau
  student-id: '0012345'
  lang: de
  bibliography:
    - referenzen.bib
  csl: apa.csl
  logo: false
  abstract: |
    Hier steht eine kurze Zusammenfassung (Abstract) des Aufsatzes.
    Der Abstract sollte den zentralen Inhalt, die Fragestellung und
    die wichtigsten Ergebnisse des Aufsatzes in komprimierter Form
    darstellen (ca. 150–200 Wörter).
  

Output created: template.docx


