

processing file: qsorting-hat-collapse.qmd

1/7                  

2/7 [unnamed-chunk-1]

Downloading cpython-3.12.13-linux-x86_64-gnu (download) (32.9MiB)

 Downloaded cpython-3.12.13-linux-x86_64-gnu (download)

Downloading numpy (15.9MiB)

 Downloaded numpy

Installed 1 package in 166ms

3/7                  

4/7 [unnamed-chunk-2]

5/7                  

6/7 [unnamed-chunk-3]

running: bash  -c 'echo "Loading data..."'

7/7                  

output file: qsorting-hat-collapse.knit.md


(WARN) Unable to resolve link target: qsorting-hat-faq.qmd



processing file: qsorting-hat-python-only.qmd

1/7                  

2/7 [unnamed-chunk-1]

3/7                  

4/7 [unnamed-chunk-2]

5/7                  

6/7 [unnamed-chunk-3]

running: bash  -c 'echo "Loading data..."'

7/7                  

output file: qsorting-hat-python-only.knit.md


(WARN) Unable to resolve link target: qsorting-hat-faq.qmd

(WARN) Unable to resolve link target: qsorting-hat-faq.qmd



processing file: index.qmd

1/5                  

2/5 [unnamed-chunk-1]

3/5                  

4/5 [unnamed-chunk-2]

5/5                  

output file: index.knit.md


(WARN) Unable to resolve link target: qsorting-hat-faq.qmd



Output created: _site/index.html


