Cloning into 'repo'...
Installing package into '/home/runner/work/quarto-extensions/quarto-extensions/test-17/R/x86_64-pc-linux-gnu-library/4.6'
(as 'lib' is unspecified)
trying URL 'https://packagemanager.posit.co/cran/latest/src/contrib/renv_1.2.3.tar.gz'
Content type 'binary/octet-stream' length 1375285 bytes (1.3 MB)
==================================================
downloaded 1.3 MB

* installing *source* package 'renv' ...
** this is package 'renv' version '1.2.3'
** package 'renv' successfully unpacked and MD5 sums checked
** using staged installation
** R
** inst
** byte-compile and prepare package for lazy loading
** help
*** installing help indices
*** copying figures
** building package indices
** installing vignettes
** testing if installed package can be loaded from temporary location
** checking absolute paths in shared objects and dynamic libraries
** testing if installed package can be loaded from final location
** testing if installed package keeps a record of temporary installation path
* DONE (renv)

The downloaded source packages are in
	'/tmp/RtmpuWNOvt/downloaded_packages'


processing file: template.qmd
1/7                  
2/7 [unnamed-chunk-1]
3/7                  
4/7 [unnamed-chunk-2]
5/7                  
6/7 [unnamed-chunk-3]
7/7                  
output file: template.knit.md

Warning message:
In get_engine(options$engine) :
  Unknown language engine 'yaml' (must be registered via knit_engines$set()).
pandoc 
  to: html
  output-file: template.html
  standalone: true
  section-divs: true
  html-math-method: mathjax
  wrap: none
  default-image-extension: png
  number-sections: true
  toc: true
  variables:
    quarto:
      language:
        toc-title-document: Table of contents
        toc-title-website: On this page
        related-formats-title: Other Formats
        related-notebooks-title: Notebooks
        source-notebooks-prefix: Source
        other-links-title: Other Links
        code-links-title: Code Links
        launch-dev-container-title: Launch Dev Container
        launch-binder-title: Launch Binder
        article-notebook-label: Article Notebook
        notebook-preview-download: Download Notebook
        notebook-preview-download-src: Download Source
        notebook-preview-back: Back to Article
        manuscript-meca-bundle: MECA Bundle
        section-title-abstract: Abstract
        section-title-appendices: Appendices
        section-title-footnotes: Footnotes
        section-title-references: References
        section-title-reuse: Reuse
        section-title-copyright: Copyright
        section-title-citation: Citation
        appendix-attribution-cite-as: 'For attribution, please cite this work as:'
        appendix-attribution-bibtex: 'BibTeX citation:'
        appendix-view-license: View License
        title-block-author-single: Author
        title-block-author-plural: Authors
        title-block-affiliation-single: Affiliation
        title-block-affiliation-plural: Affiliations
        title-block-published: Published
        title-block-modified: Modified
        title-block-keywords: Keywords
        callout-tip-title: Tip
        callout-note-title: Note
        callout-warning-title: Warning
        callout-important-title: Important
        callout-caution-title: Caution
        code-summary: Code
        code-tools-menu-caption: Code
        code-tools-show-all-code: Show All Code
        code-tools-hide-all-code: Hide All Code
        code-tools-view-source: View Source
        code-tools-source-code: Source Code
        tools-share: Share
        tools-download: Download
        code-line: Line
        code-lines: Lines
        copy-button-tooltip: Copy to Clipboard
        copy-button-tooltip-success: Copied!
        repo-action-links-edit: Edit this page
        repo-action-links-source: View source
        repo-action-links-issue: Report an issue
        back-to-top: Back to top
        search-no-results-text: No results
        search-matching-documents-text: matching documents
        search-copy-link-title: Copy link to search
        search-hide-matches-text: Hide additional matches
        search-more-match-text: more match in this document
        search-more-matches-text: more matches in this document
        search-clear-button-title: Clear
        search-text-placeholder: ''
        search-detached-cancel-button-title: Cancel
        search-submit-button-title: Submit
        search-label: Search
        toggle-section: Toggle section
        toggle-sidebar: Toggle sidebar navigation
        toggle-dark-mode: Toggle dark mode
        toggle-reader-mode: Toggle reader mode
        toggle-navigation: Toggle navigation
        crossref-fig-title: Figure
        crossref-tbl-title: Table
        crossref-lst-title: Listing
        crossref-thm-title: Theorem
        crossref-lem-title: Lemma
        crossref-cor-title: Corollary
        crossref-prp-title: Proposition
        crossref-cnj-title: Conjecture
        crossref-def-title: Definition
        crossref-exm-title: Example
        crossref-exr-title: Exercise
        crossref-ch-prefix: Chapter
        crossref-apx-prefix: Appendix
        crossref-sec-prefix: Section
        crossref-eq-prefix: Equation
        crossref-lof-title: List of Figures
        crossref-lot-title: List of Tables
        crossref-lol-title: List of Listings
        environment-proof-title: Proof
        environment-remark-title: Remark
        environment-solution-title: Solution
        listing-page-order-by: Order By
        listing-page-order-by-default: Default
        listing-page-order-by-date-asc: Oldest
        listing-page-order-by-date-desc: Newest
        listing-page-order-by-number-desc: High to Low
        listing-page-order-by-number-asc: Low to High
        listing-page-field-date: Date
        listing-page-field-title: Title
        listing-page-field-description: Description
        listing-page-field-author: Author
        listing-page-field-filename: File Name
        listing-page-field-filemodified: Modified
        listing-page-field-subtitle: Subtitle
        listing-page-field-readingtime: Reading Time
        listing-page-field-wordcount: Word Count
        listing-page-field-categories: Categories
        listing-page-minutes-compact: '{0} min'
        listing-page-category-all: All
        listing-page-no-matches: No matching items
        listing-page-words: '{0} words'
        listing-page-filter: Filter
        draft: Draft
  
metadata
  document-css: false
  link-citations: true
  date-format: long
  lang: en
  knitr:
    opts_chunk:
      echo: false
  theme: _extensions/iop/custom.scss
  csl: https://www.zotero.org/styles/institute-of-physics-numeric
  title: So you want to publish in IOP? Here's a template for you.
  short-title: IOP Template Format
  titlepage: true
  author:
    - name: John Smith
      affiliations:
        - id: eri
          number: 1
          name: Ecological Research Institute
          department: Department of Biodiversity Conservation
          address: 123 Willow Road
          city: Anytown
          country: UK
          postal-code: NW 123
      orcid: 0000-0000-0000-0000
      email: johnsmith@fakeemail.com
    - name: Jane Doe
      affiliations:
        - ref: eri
        - id: ues
          number: 2
          name: University of Environmental Science
          department: Department of Ecosystem Management
          address: 456 Birch Lane
          city: Anycity
          country: UK
          postal-code: NR 543
      orcid: 0000-0000-0000-0000
      email: janedoe@fakeemail.com
    - name: Michael Johnson
      affiliations:
        - id: iccs
          number: 3
          name: Institute of Climate Change and Sustainability
          department: Department of Renewable Energy and Carbon Sequestration
          address: 789 Oak Street
          city: Anybury
          country: UK
          postal-code: BT 987
      orcid: 0000-0000-0000-0000
      email: michaeljohnson@fakeemail.com
      corresponding: true
  display-orcids: true
  abstract: |
    The ecological emergency refers to the current state of the global environment, characterized by unprecedented declines in biodiversity, rapid loss of natural habitats, and increasing frequency of extreme weather events. The root cause of the ecological emergency is human activity, specifically the overconsumption of resources and the release of greenhouse gases. The situation is dire, with scientists warning that up to one million species are at risk of extinction due to human activities. The ecological emergency also poses a threat to human well-being as it disrupts the provision of vital ecosystem services such as air and water purification, pollination, and climate regulation. The time to act is now, as the window of opportunity to prevent the worst outcomes of the ecological emergency is rapidly closing. It is crucial that immediate and ambitious actions are taken at the global, national, and local levels to reduce greenhouse gas emissions, protect biodiversity, and restore natural habitats. This requires a transformation of our economic and societal systems towards sustainability.
  keywords:
    - extinction
    - deforestation
    - species
    - breakdown
    - survival
  submitted-to: \ERL
  twocol: false
  iop-vancouver: true
  bibliography:
    - bibliography.bib
  reference-section-title: References
  classoption:
    - 12pt
  nocite: |
    @*
  
Output created: template.html



processing file: template.qmd
1/7                  
2/7 [unnamed-chunk-1]
3/7                  
4/7 [unnamed-chunk-2]
5/7                  
6/7 [unnamed-chunk-3]
7/7                  
output file: template.knit.md

Warning message:
In get_engine(options$engine) :
  Unknown language engine 'yaml' (must be registered via knit_engines$set()).
pandoc 
  to: latex
  output-file: template.tex
  standalone: true
  pdf-engine: lualatex
  variables:
    graphics: true
    tables: true
    quarto:
      language:
        toc-title-document: Table of contents
        toc-title-website: On this page
        related-formats-title: Other Formats
        related-notebooks-title: Notebooks
        source-notebooks-prefix: Source
        other-links-title: Other Links
        code-links-title: Code Links
        launch-dev-container-title: Launch Dev Container
        launch-binder-title: Launch Binder
        article-notebook-label: Article Notebook
        notebook-preview-download: Download Notebook
        notebook-preview-download-src: Download Source
        notebook-preview-back: Back to Article
        manuscript-meca-bundle: MECA Bundle
        section-title-abstract: Abstract
        section-title-appendices: Appendices
        section-title-footnotes: Footnotes
        section-title-references: References
        section-title-reuse: Reuse
        section-title-copyright: Copyright
        section-title-citation: Citation
        appendix-attribution-cite-as: 'For attribution, please cite this work as:'
        appendix-attribution-bibtex: 'BibTeX citation:'
        appendix-view-license: View License
        title-block-author-single: Author
        title-block-author-plural: Authors
        title-block-affiliation-single: Affiliation
        title-block-affiliation-plural: Affiliations
        title-block-published: Published
        title-block-modified: Modified
        title-block-keywords: Keywords
        callout-tip-title: Tip
        callout-note-title: Note
        callout-warning-title: Warning
        callout-important-title: Important
        callout-caution-title: Caution
        code-summary: Code
        code-tools-menu-caption: Code
        code-tools-show-all-code: Show All Code
        code-tools-hide-all-code: Hide All Code
        code-tools-view-source: View Source
        code-tools-source-code: Source Code
        tools-share: Share
        tools-download: Download
        code-line: Line
        code-lines: Lines
        copy-button-tooltip: Copy to Clipboard
        copy-button-tooltip-success: Copied!
        repo-action-links-edit: Edit this page
        repo-action-links-source: View source
        repo-action-links-issue: Report an issue
        back-to-top: Back to top
        search-no-results-text: No results
        search-matching-documents-text: matching documents
        search-copy-link-title: Copy link to search
        search-hide-matches-text: Hide additional matches
        search-more-match-text: more match in this document
        search-more-matches-text: more matches in this document
        search-clear-button-title: Clear
        search-text-placeholder: ''
        search-detached-cancel-button-title: Cancel
        search-submit-button-title: Submit
        search-label: Search
        toggle-section: Toggle section
        toggle-sidebar: Toggle sidebar navigation
        toggle-dark-mode: Toggle dark mode
        toggle-reader-mode: Toggle reader mode
        toggle-navigation: Toggle navigation
        crossref-fig-title: Figure
        crossref-tbl-title: Table
        crossref-lst-title: Listing
        crossref-thm-title: Theorem
        crossref-lem-title: Lemma
        crossref-cor-title: Corollary
        crossref-prp-title: Proposition
        crossref-cnj-title: Conjecture
        crossref-def-title: Definition
        crossref-exm-title: Example
        crossref-exr-title: Exercise
        crossref-ch-prefix: Chapter
        crossref-apx-prefix: Appendix
        crossref-sec-prefix: Section
        crossref-eq-prefix: Equation
        crossref-lof-title: List of Figures
        crossref-lot-title: List of Tables
        crossref-lol-title: List of Listings
        environment-proof-title: Proof
        environment-remark-title: Remark
        environment-solution-title: Solution
        listing-page-order-by: Order By
        listing-page-order-by-default: Default
        listing-page-order-by-date-asc: Oldest
        listing-page-order-by-date-desc: Newest
        listing-page-order-by-number-desc: High to Low
        listing-page-order-by-number-asc: Low to High
        listing-page-field-date: Date
        listing-page-field-title: Title
        listing-page-field-description: Description
        listing-page-field-author: Author
        listing-page-field-filename: File Name
        listing-page-field-filemodified: Modified
        listing-page-field-subtitle: Subtitle
        listing-page-field-readingtime: Reading Time
        listing-page-field-wordcount: Word Count
        listing-page-field-categories: Categories
        listing-page-minutes-compact: '{0} min'
        listing-page-category-all: All
        listing-page-no-matches: No matching items
        listing-page-words: '{0} words'
        listing-page-filter: Filter
        draft: Draft
  default-image-extension: pdf
  number-sections: true
  cite-method: natbib
  
metadata
  block-headings: true
  knitr:
    opts_chunk:
      echo: false
  documentclass: iopart
  colorlinks: false
  biblio-config: false
  header-includes:
    - |
      \usepackage{orcidlink}
      \definecolor{mypink}{RGB}{219, 48, 122}
      \usepackage{fvextra}
      \DefineVerbatimEnvironment{Highlighting}{Verbatim}{breaklines,commandchars=\\\{\}}
  title: So you want to publish in IOP? Here's a template for you.
  short-title: IOP Template Format
  titlepage: true
  author:
    - name: John Smith
      affiliations:
        - id: eri
          number: 1
          name: Ecological Research Institute
          department: Department of Biodiversity Conservation
          address: 123 Willow Road
          city: Anytown
          country: UK
          postal-code: NW 123
      orcid: 0000-0000-0000-0000
      email: johnsmith@fakeemail.com
    - name: Jane Doe
      affiliations:
        - ref: eri
        - id: ues
          number: 2
          name: University of Environmental Science
          department: Department of Ecosystem Management
          address: 456 Birch Lane
          city: Anycity
          country: UK
          postal-code: NR 543
      orcid: 0000-0000-0000-0000
      email: janedoe@fakeemail.com
    - name: Michael Johnson
      affiliations:
        - id: iccs
          number: 3
          name: Institute of Climate Change and Sustainability
          department: Department of Renewable Energy and Carbon Sequestration
          address: 789 Oak Street
          city: Anybury
          country: UK
          postal-code: BT 987
      orcid: 0000-0000-0000-0000
      email: michaeljohnson@fakeemail.com
      corresponding: true
  display-orcids: true
  abstract: |
    The ecological emergency refers to the current state of the global environment, characterized by unprecedented declines in biodiversity, rapid loss of natural habitats, and increasing frequency of extreme weather events. The root cause of the ecological emergency is human activity, specifically the overconsumption of resources and the release of greenhouse gases. The situation is dire, with scientists warning that up to one million species are at risk of extinction due to human activities. The ecological emergency also poses a threat to human well-being as it disrupts the provision of vital ecosystem services such as air and water purification, pollination, and climate regulation. The time to act is now, as the window of opportunity to prevent the worst outcomes of the ecological emergency is rapidly closing. It is crucial that immediate and ambitious actions are taken at the global, national, and local levels to reduce greenhouse gas emissions, protect biodiversity, and restore natural habitats. This requires a transformation of our economic and societal systems towards sustainability.
  keywords:
    - extinction
    - deforestation
    - species
    - breakdown
    - survival
  submitted-to: \ERL
  twocol: false
  iop-vancouver: true
  bibliography:
    - bibliography.bib
  reference-section-title: References
  classoption:
    - 12pt
  nocite: |
    @*
  

Rendering PDF
running lualatex - 1
  This is LuaHBTeX, Version 1.24.0 (TeX Live 2026) 
   restricted system commands enabled.
  
  luaotfload | db : Font names database not found, generating new one.
  luaotfload | db : This can take several minutes; please be patient.
updating tlmgr

updating existing packages
finding package for orcidlink.sty
> 1 package to install
> installing orcidlink (1 of 1)
  This is LuaHBTeX, Version 1.24.0 (TeX Live 2026) 
   restricted system commands enabled.
  
finding package for fvextra.sty
> 1 package to install
> installing fvextra (1 of 1)
  This is LuaHBTeX, Version 1.24.0 (TeX Live 2026) 
   restricted system commands enabled.
  
generating bibliography
  This is BibTeX, Version 0.99e (TeX Live 2026)
  The top-level auxiliary file: template.aux
  The style file: iopart-num.bst
  Database file #1: bibliography.bib
  
running lualatex - 2
  This is LuaHBTeX, Version 1.24.0 (TeX Live 2026) 
   restricted system commands enabled.
  
running lualatex - 3
  This is LuaHBTeX, Version 1.24.0 (TeX Live 2026) 
   restricted system commands enabled.
  

Output created: template.pdf

