

processing file: template.qmd

1/17                  

2/17 [unnamed-chunk-1]

3/17                  

4/17 [unnamed-chunk-2]

5/17                  
6/17 [unnamed-chunk-3]

7/17                  
8/17 [kable-ex]       

9/17                  

10/17 [kable-ex]       

11/17                  

12/17 [unnamed-chunk-4]

13/17                  

14/17 [unnamed-chunk-5]

15/17                  

16/17 [unnamed-chunk-6]

17/17                  

output file: template.knit.md


pandoc 

  to: revealjs
  output-file: template.html
  standalone: true
  embed-resources: true
  wrap: none
  default-image-extension: png
  html-math-method:
    method: mathjax
    url: >-
      https://cdn.jsdelivr.net/npm/mathjax@2.7.9/MathJax.js?config=TeX-AMS_HTML-full
  slide-level: 2
  incremental: false
  variables: {}
  

metadata

  link-citations: true
  width: 1050
  height: 700
  margin: 0.1
  center: false
  navigationMode: linear
  controlsLayout: edges
  controlsTutorial: false
  hash: true
  history: true
  hashOneBasedIndex: false
  fragmentInURL: false
  transition: none
  backgroundTransition: none
  pdfSeparateFragments: false
  lang: en
  auto-stretch: true
  logo: _extensions/rladies/logo.png
  footer: '[R-Ladies](https://rladies.org/) theme for [Quarto Presentations](https://quarto.org/docs/presentations/revealjs/index.html). Code available on [GitHub](https://github.com/beatrizmilz/quarto-rladies-theme).'
  theme: _extensions/rladies/rladies.scss
  slideNumber: c/t
  showSlideNumber: all
  title-slide-attributes:
    data-background-color: '#562457'
  previewLinks: true
  engines:
    - path: /opt/quarto/share/extension-subtrees/julia-engine/_extensions/julia-engine/julia-engine.js
  title: Quarto R-Ladies Theme
  subtitle: 'Inspired in the [xaringan theme](https://www.apreshill.com/slides/rladies-demo-slides.html) made by [Alison Hill](https://www.apreshill.com/) '
  author: '[Bea Milz](https://twitter.com/BeaMilz)'
  

Output created: template.html


