

processing file: template.qmd

1/7                  

2/7 [unnamed-chunk-1]

3/7                  

4/7 [unnamed-chunk-2]

5/7                  

6/7 [unnamed-chunk-3]

7/7                  

output file: template.knit.md


Warning message:
In get_engine(options$engine) :
  Unknown language engine 'yaml' (must be registered via knit_engines$set()).

pandoc 

  to: html
  output-file: template.html
  standalone: true
  section-divs: true
  html-math-method: mathjax
  wrap: none
  default-image-extension: png
  number-sections: true
  toc: true
  variables: {}
  

metadata

  document-css: false
  link-citations: true
  date-format: long
  lang: en
  knitr:
    opts_chunk:
      echo: false
  theme: _extensions/iop/custom.scss
  csl: https://www.zotero.org/styles/institute-of-physics-numeric
  engines:
    - path: /opt/quarto/share/extension-subtrees/julia-engine/_extensions/julia-engine/julia-engine.js
  title: So you want to publish in IOP? Here's a template for you.
  short-title: IOP Template Format
  titlepage: true
  author:
    - name: John Smith
      affiliations:
        - id: eri
          number: 1
          name: Ecological Research Institute
          department: Department of Biodiversity Conservation
          address: 123 Willow Road
          city: Anytown
          country: UK
          postal-code: NW 123
      orcid: 0000-0000-0000-0000
      email: johnsmith@fakeemail.com
    - name: Jane Doe
      affiliations:
        - ref: eri
        - id: ues
          number: 2
          name: University of Environmental Science
          department: Department of Ecosystem Management
          address: 456 Birch Lane
          city: Anycity
          country: UK
          postal-code: NR 543
      orcid: 0000-0000-0000-0000
      email: janedoe@fakeemail.com
    - name: Michael Johnson
      affiliations:
        - id: iccs
          number: 3
          name: Institute of Climate Change and Sustainability
          department: Department of Renewable Energy and Carbon Sequestration
          address: 789 Oak Street
          city: Anybury
          country: UK
          postal-code: BT 987
      orcid: 0000-0000-0000-0000
      email: michaeljohnson@fakeemail.com
      corresponding: true
  display-orcids: true
  abstract: |
    The ecological emergency refers to the current state of the global environment, characterized by unprecedented declines in biodiversity, rapid loss of natural habitats, and increasing frequency of extreme weather events. The root cause of the ecological emergency is human activity, specifically the overconsumption of resources and the release of greenhouse gases. The situation is dire, with scientists warning that up to one million species are at risk of extinction due to human activities. The ecological emergency also poses a threat to human well-being as it disrupts the provision of vital ecosystem services such as air and water purification, pollination, and climate regulation. The time to act is now, as the window of opportunity to prevent the worst outcomes of the ecological emergency is rapidly closing. It is crucial that immediate and ambitious actions are taken at the global, national, and local levels to reduce greenhouse gas emissions, protect biodiversity, and restore natural habitats. This requires a transformation of our economic and societal systems towards sustainability.
  keywords:
    - extinction
    - deforestation
    - species
    - breakdown
    - survival
  submitted-to: \ERL
  twocol: false
  iop-vancouver: true
  bibliography:
    - bibliography.bib
  reference-section-title: References
  classoption:
    - 12pt
  nocite: |
    @*
  

Output created: template.html


