pandoc 

  to: latex
  output-file: test_pdf.tex
  standalone: true
  pdf-engine: lualatex
  variables:
    graphics: true
    tables: true
  default-image-extension: pdf
  

metadata

  documentclass: scrartcl
  classoption:
    - DIV=11
    - numbers=noendperiod
  papersize: letter
  header-includes:
    - \KOMAoption{captions}{tableheading}
  block-headings: true
  title: Kroki diagrams Test
  

  % Total    % Received % Xferd  Average Sp
eed   Time    Time     Time  Current
                                 Dload  Upload   Total   Spent    Left  Speed
  0     0    0     0    0     0      0      0 --:--:-- --:--:-- --:--:--     0
100    32   7578    176 --:--:-- --:--:-- --:--:--  7762


Error: Inkscape has to be installed and added to PATH.


  % Total    % Re
ceived % Xferd  Average Speed   Time    Time     Time  Current
                                 Dload  Upload   Total   Spent    Left  Speed
  0     0    0     0    0     0      0      0 --:--:-- --:--:-- --:--:--     0
 --:--:-- --:--:-- --:--:-- 17044


Error: Inkscape has to be installed and added to PATH.


  % Total    
% Received % Xferd  Average Speed   Time    Time     Time  Current
                                 Dload  U
pload   Total   Spent    Left  Speed
  0     0    0     0    0     0      0 
     0 --:--:-- --:--:-- --:--:--     0
   80   4406    217 --:--:-- --:--:-- --:--:--  4622100  1701  100  1621  100    80   4404    217 --:--:-- --:--:-- --:--:--  4622


Error: Inkscape has to be installed and added to PATH.


  % Total    % Re
ceived % Xferd  Average Speed   Time    Time     Time  Current
                                 Dload  Upload   Total   Spent    Left  Speed
  0     0  
  0     0    0     0      0      0 --:--:-- --:--:-- --:--:--     0
00    93   2340    128 --:--:-- --:--:-- --:--:--  2470


Error: Inkscape has to be installed and added to PATH.



Rendering PDF

running lualatex - 1

  This is LuaHBTeX, Version 1.24.0 (TeX Live 2026) 
   restricted system commands enabled.
  

updating tlmgr



updating existing packages

finding package for scrartcl.cls

> 1 package to install

> installing koma-script (1 of 1)

  This is LuaHBTeX, Version 1.24.0 (TeX Live 2026) 
   restricted system commands enabled.
  
  luaotfload | db : Font names database not found, generating new one.
  luaotfload | db : This can take several minutes; please be patient.

finding package for caption.sty

> 1 package to install

> installing caption (1 of 1)

  This is LuaHBTeX, Version 1.24.0 (TeX Live 2026) 
   restricted system commands enabled.
  

running lualatex - 2

  This is LuaHBTeX, Version 1.24.0 (TeX Live 2026) 
   restricted system commands enabled.
  



Output created: test_pdf.pdf


