pandoc 

  to: html
  output-file: test.html
  standalone: true
  section-divs: true
  html-math-method: mathjax
  wrap: none
  default-image-extension: png
  variables: {}
  

metadata

  document-css: false
  link-citations: true
  date-format: long
  lang: en
  title: Kroki diagrams Test
  

  % Total    % Received % Xferd  Aver
age Speed   Time    Time     Time  Current
                                 Dload  Upload   Total   Spent    Left  Speed
  0     0    0     0    0     0      0      0 --:--:-- --:--:-- --:--:--     0
00    32   4355    101 --:--:-- --:--:-- --:--:--  4460

  % Total    % Rece
ived % Xferd  Average Speed   Time    Time     Time  Current
                                 Dload  Upload   Total   Spent    Left  Speed
  0     0    0     0    0     0     
 0      0 --:--:-- --:--:-- --:--:--     0
0  16652    450 --:--:-- --:--:-- --:--:-- 17141

  % Total    % Receive
d % Xferd  Average Speed   Time    Time     Time  Current
                                 Dload  Upload   Total   Spent    Left  Speed
  0     0    0     0    0     0      0      0 --:--:-- --:--:-- --:--:--     0
  6559    323 --:--:-- --:--:-- --:--:--  6886

  % Total    % Receive
d % Xferd  Average Speed   Time    Time     Time  Current
                                 Dload  Upload   Total   Spent    Left  Speed
  0     0    0     0    0     0      0      0 --:--:-- --:--:--
 --:--:--     0
   0     0    0     0      0      0 --:--:-- --:--:-- --:--:--     0
100    93   2309    126 --:--:-- --:--:-- --:--:--  2433

Output created: test.html


