Cloning into 'repo'...
Installing package into '/home/runner/work/quarto-extensions/quarto-extensions/test-18/R/x86_64-pc-linux-gnu-library/4.6'
(as 'lib' is unspecified)
trying URL 'https://packagemanager.posit.co/cran/latest/src/contrib/renv_1.2.2.tar.gz'
Content type 'binary/octet-stream' length 1356485 bytes (1.3 MB)
==================================================
downloaded 1.3 MB

* installing *source* package 'renv' ...
** this is package 'renv' version '1.2.2'
** package 'renv' successfully unpacked and MD5 sums checked
** using staged installation
** R
** inst
** byte-compile and prepare package for lazy loading
** help
*** installing help indices
*** copying figures
** building package indices
** installing vignettes
** testing if installed package can be loaded from temporary location
** checking absolute paths in shared objects and dynamic libraries
** testing if installed package can be loaded from final location
** testing if installed package keeps a record of temporary installation path
* DONE (renv)

The downloaded source packages are in
	'/tmp/RtmpNnwIt4/downloaded_packages'
Installing packages into '/home/runner/work/quarto-extensions/quarto-extensions/test-18/R/x86_64-pc-linux-gnu-library/4.6'
(as 'lib' is unspecified)
also installing the dependency 'later'

trying URL 'https://packagemanager.posit.co/cran/latest/src/contrib/later_1.4.8.tar.gz'
trying URL 'https://packagemanager.posit.co/cran/latest/src/contrib/magick_2.9.1.tar.gz'
trying URL 'https://packagemanager.posit.co/cran/latest/src/contrib/quarto_1.5.1.tar.gz'
* installing *source* package 'later' ...
** this is package 'later' version '1.4.8'
** package 'later' successfully unpacked and MD5 sums checked
** using staged installation
** libs
using C compiler: 'gcc (Ubuntu 13.3.0-6ubuntu2~24.04.1) 13.3.0'
using C++ compiler: 'g++ (Ubuntu 13.3.0-6ubuntu2~24.04.1) 13.3.0'
installing to /home/runner/work/quarto-extensions/quarto-extensions/test-18/R/x86_64-pc-linux-gnu-library/4.6/00LOCK-later/00new/later/libs
** R
** inst
** byte-compile and prepare package for lazy loading
** help
*** installing help indices
** building package indices
** installing vignettes
** testing if installed package can be loaded from temporary location
** checking absolute paths in shared objects and dynamic libraries
** testing if installed package can be loaded from final location
** testing if installed package keeps a record of temporary installation path
* DONE (later)
* installing *source* package 'magick' ...
** this is package 'magick' version '2.9.1'
** package 'magick' successfully unpacked and MD5 sums checked
** using staged installation
Package Magick++ was not found in the pkg-config search path.
Perhaps you should add the directory containing `Magick++.pc'
to the PKG_CONFIG_PATH environment variable
Package 'Magick++', required by 'virtual:world', not found
ERROR: configuration failed for package 'magick'
* removing '/home/runner/work/quarto-extensions/quarto-extensions/test-18/R/x86_64-pc-linux-gnu-library/4.6/magick'
* installing *source* package 'quarto' ...
** this is package 'quarto' version '1.5.1'
** package 'quarto' successfully unpacked and MD5 sums checked
** using staged installation
** R
** inst
** byte-compile and prepare package for lazy loading
** help
*** installing help indices
*** copying figures
** building package indices
** installing vignettes
** testing if installed package can be loaded from temporary location
** testing if installed package can be loaded from final location
** testing if installed package keeps a record of temporary installation path
* DONE (quarto)

The downloaded source packages are in
	'/tmp/RtmpNnwIt4/downloaded_packages'
Warning message:
In install.packages(deps, repos = ppm) :
  installation of package 'magick' had non-zero exit status
CTAN mirror https://ctan.math.utah.edu/ctan/tex-archive/systems/texlive/tlnet failed, trying next...


processing file: template.qmd
1/3              
2/3 [fig-density]
3/3              
output file: template.knit.md

pandoc 
  to: latex
  output-file: template.tex
  standalone: true
  pdf-engine: pdflatex
  variables:
    graphics: true
    tables: true
    secnumdepth: 2
  default-image-extension: pdf
  toc: false
  cite-method: biblatex
  number-sections: true
  
metadata
  block-headings: false
  documentclass: article
  papersize: a4
  fontsize: 11pt
  date: today
  date-format: D MMMM YYYY
  linestretch: 1.5
  geometry:
    - top=2.5cm
    - bottom=2.5cm
    - left=2.5cm
    - right=2.5cm
  biblio-style: authoryear-comp
  colorlinks: true
  number-depth: 2
  knitr:
    opts_chunk:
      echo: false
      warning: false
      message: false
  header-includes:
    - |
      \usepackage{orcidlink}
      \definecolor{mypink}{RGB}{219, 48, 122}
  engines:
    - path: /opt/quarto/share/extension-subtrees/julia-engine/_extensions/julia-engine/julia-engine.js
  title: Our great idea
  author:
    - name: Marie Curie
      affiliations:
        - name: University of Paris
          department: Department of Radiation
          address: Somewhere
          city: Paris
          country: France
          postal-code: PX2039
      email: mcurie.notreal@gmail.com
      corresponding: true
    - name: Genghis Khan
      affiliations:
        - name: Monash University
          department: Department of Econometrics & Business Statistics
          city: Clayton VIC
          country: Australia
          postal-code: 3800
    - name: Monique Ash
      email: Monique.Ash@monash.edu
  abstract: |
    A brief summary of our ideas
  keywords:
    - blah
  bibliography:
    - references.bib
  wpnumber: no/yr
  jelcodes: C10,C14,C22
  blind: false
  cover: true
  

Rendering PDF
running pdflatex - 1
  This is pdfTeX, Version 3.141592653-2.6-1.40.29 (TeX Live 2026) (preloaded format=pdflatex)
   restricted \write18 enabled.
  entering extended mode
  
updating tlmgr

updating existing packages
finding package for setspace.sty
> 1 package to install
> installing setspace (1 of 1)
  This is pdfTeX, Version 3.141592653-2.6-1.40.29 (TeX Live 2026) (preloaded format=pdflatex)
   restricted \write18 enabled.
  entering extended mode
  
finding package for biblatex.sty
> 1 package to install
> installing biblatex (1 of 1)
  This is pdfTeX, Version 3.141592653-2.6-1.40.29 (TeX Live 2026) (preloaded format=pdflatex)
   restricted \write18 enabled.
  entering extended mode
  
finding package for orcidlink.sty
finding package for authoryear-comp.dbx
finding package for biblatex-dm.cfg
> 1 package to install
> installing orcidlink (1 of 1)
  This is pdfTeX, Version 3.141592653-2.6-1.40.29 (TeX Live 2026) (preloaded format=pdflatex)
   restricted \write18 enabled.
  entering extended mode
  
finding package for bera.sty
finding package for authoryear-comp.dbx
finding package for biblatex-dm.cfg
> 1 package to install
> installing bera (1 of 1)
  This is pdfTeX, Version 3.141592653-2.6-1.40.29 (TeX Live 2026) (preloaded format=pdflatex)
   restricted \write18 enabled.
  entering extended mode
  
finding package for mathdesign.sty
finding package for authoryear-comp.dbx
finding package for biblatex-dm.cfg
> 1 package to install
> installing mathdesign (1 of 1)
  This is pdfTeX, Version 3.141592653-2.6-1.40.29 (TeX Live 2026) (preloaded format=pdflatex)
   restricted \write18 enabled.
  entering extended mode
  
finding package for fontaxes.sty
finding package for authoryear-comp.dbx
finding package for biblatex-dm.cfg
> 1 package to install
> installing fontaxes (1 of 1)
  This is pdfTeX, Version 3.141592653-2.6-1.40.29 (TeX Live 2026) (preloaded format=pdflatex)
   restricted \write18 enabled.
  entering extended mode
  
finding package for xpatch.sty
finding package for authoryear-comp.dbx
finding package for biblatex-dm.cfg
> 1 package to install
> installing xpatch (1 of 1)
  This is pdfTeX, Version 3.141592653-2.6-1.40.29 (TeX Live 2026) (preloaded format=pdflatex)
   restricted \write18 enabled.
  entering extended mode
  
finding package for microtype.sty
finding package for authoryear-comp.dbx
finding package for biblatex-dm.cfg
> 1 package to install
> installing microtype (1 of 1)
  This is pdfTeX, Version 3.141592653-2.6-1.40.29 (TeX Live 2026) (preloaded format=pdflatex)
   restricted \write18 enabled.
  entering extended mode
  
finding package for textpos.sty
finding package for authoryear-comp.dbx
finding package for biblatex-dm.cfg
> 1 package to install
> installing textpos (1 of 1)
  This is pdfTeX, Version 3.141592653-2.6-1.40.29 (TeX Live 2026) (preloaded format=pdflatex)
   restricted \write18 enabled.
  entering extended mode
  
finding package for texnansi.enc
finding package for authoryear-comp.dbx
finding package for biblatex-dm.cfg
finding package for template.bbl
> 1 package to install
> installing ly1 (1 of 1)
  This is pdfTeX, Version 3.141592653-2.6-1.40.29 (TeX Live 2026) (preloaded format=pdflatex)
   restricted \write18 enabled.
  entering extended mode
  
finding package for bchb8a.pfb
finding package for authoryear-comp.dbx
finding package for biblatex-dm.cfg
finding package for template.bbl
> 2 packages to install
> installing charter (1 of 2)
> installing tlgs (2 of 2)
WARN: Error encountered when rendering files
ERROR: tlmgr returned a non zero status code
tlmgr install: package tlgs not present in repository.
tlmgr: action install returned an error; continuing.
tlmgr: An error has occurred. See above messages. Exiting.


Stack trace:
    at renderFiles (file:///opt/quarto/bin/quarto.js:136623:49)
    at eventLoopTick (ext:core/01_core.js:179:7)
    at async render (file:///opt/quarto/bin/quarto.js:142251:19)
    at async _Command.actionHandler (file:///opt/quarto/bin/quarto.js:142496:24)
    at async _Command.execute (file:///opt/quarto/bin/quarto.js:102027:7)
    at async _Command.parseCommand (file:///opt/quarto/bin/quarto.js:101904:14)
    at async quarto4 (file:///opt/quarto/bin/quarto.js:187717:5)
    at async file:///opt/quarto/bin/quarto.js:187746:5
    at async file:///opt/quarto/bin/quarto.js:187600:14
    at async mainRunner (file:///opt/quarto/bin/quarto.js:187602:5)
    at async file:///opt/quarto/bin/quarto.js:187739:3
Render failed, retrying once...


processing file: template.qmd
1/3              
2/3 [fig-density]
3/3              
output file: template.knit.md

pandoc 
  to: latex
  output-file: template.tex
  standalone: true
  pdf-engine: pdflatex
  variables:
    graphics: true
    tables: true
    secnumdepth: 2
  default-image-extension: pdf
  toc: false
  cite-method: biblatex
  number-sections: true
  
metadata
  block-headings: false
  documentclass: article
  papersize: a4
  fontsize: 11pt
  date: today
  date-format: D MMMM YYYY
  linestretch: 1.5
  geometry:
    - top=2.5cm
    - bottom=2.5cm
    - left=2.5cm
    - right=2.5cm
  biblio-style: authoryear-comp
  colorlinks: true
  number-depth: 2
  knitr:
    opts_chunk:
      echo: false
      warning: false
      message: false
  header-includes:
    - |
      \usepackage{orcidlink}
      \definecolor{mypink}{RGB}{219, 48, 122}
  engines:
    - path: /opt/quarto/share/extension-subtrees/julia-engine/_extensions/julia-engine/julia-engine.js
  title: Our great idea
  author:
    - name: Marie Curie
      affiliations:
        - name: University of Paris
          department: Department of Radiation
          address: Somewhere
          city: Paris
          country: France
          postal-code: PX2039
      email: mcurie.notreal@gmail.com
      corresponding: true
    - name: Genghis Khan
      affiliations:
        - name: Monash University
          department: Department of Econometrics & Business Statistics
          city: Clayton VIC
          country: Australia
          postal-code: 3800
    - name: Monique Ash
      email: Monique.Ash@monash.edu
  abstract: |
    A brief summary of our ideas
  keywords:
    - blah
  bibliography:
    - references.bib
  wpnumber: no/yr
  jelcodes: C10,C14,C22
  blind: false
  cover: true
  

Rendering PDF
running pdflatex - 1
  This is pdfTeX, Version 3.141592653-2.6-1.40.29 (TeX Live 2026) (preloaded format=pdflatex)
   restricted \write18 enabled.
  entering extended mode
  
generating bibliography
command biber not found, attempting install
finding package for biber
> 1 package to install
> installing biber (1 of 1)
  INFO - This is Biber 2.21
  INFO - Logfile is 'template.blg'
  INFO - Reading 'template.bcf'
  INFO - Found 2 citekeys in bib section 0
  INFO - Processing section 0
  INFO - Looking for bibtex file 'references.bib' for section 0
  INFO - LaTeX decoding ...
  INFO - Found BibTeX data source 'references.bib'
  INFO - Overriding locale 'en-US' defaults 'normalization = NFD' with 'normalization = prenormalized'
  INFO - Overriding locale 'en-US' defaults 'variable = shifted' with 'variable = non-ignorable'
  INFO - Sorting list 'nyt/global//global/global/global' of type 'entry' with template 'nyt' and locale 'en-US'
  INFO - No sort tailoring available for locale 'en-US'
  INFO - Writing 'template.bbl' with encoding 'UTF-8'
  INFO - Output to template.bbl
  
running pdflatex - 2
  This is pdfTeX, Version 3.141592653-2.6-1.40.29 (TeX Live 2026) (preloaded format=pdflatex)
   restricted \write18 enabled.
  entering extended mode
  
running pdflatex - 3
  This is pdfTeX, Version 3.141592653-2.6-1.40.29 (TeX Live 2026) (preloaded format=pdflatex)
   restricted \write18 enabled.
  entering extended mode
  

Output created: template.pdf



processing file: README.qmd
1/3                  
2/3 [unnamed-chunk-1]
Error in `library()`:
! there is no package called 'magick'
Backtrace:
    x
 1. \-base::library(magick)

Quitting from README.qmd:7-23 [unnamed-chunk-1]
Execution halted
WARN: Error encountered when rendering files
Render failed, retrying once...


processing file: README.qmd
1/3                  
2/3 [unnamed-chunk-1]
Error in `library()`:
! there is no package called 'magick'
Backtrace:
    x
 1. \-base::library(magick)

Quitting from README.qmd:7-23 [unnamed-chunk-1]
Execution halted
WARN: Error encountered when rendering files
