Cloning into 'repo'...
Installing package into '/home/runner/work/quarto-extensions/quarto-extensions/test-21/R/x86_64-pc-linux-gnu-library/4.5'
(as 'lib' is unspecified)
trying URL 'https://packagemanager.posit.co/cran/__linux__/jammy/latest/src/contrib/renv_1.1.8.tar.gz'
Content type 'binary/octet-stream' length 2336300 bytes (2.2 MB)
==================================================
downloaded 2.2 MB

* installing *binary* package 'renv' ...
* DONE (renv)

The downloaded source packages are in
	'/tmp/Rtmpfx4W5L/downloaded_packages'
The R temporary directory appears to be within a folder mounted as 'noexec'.
Installation of R packages from sources may fail.
See the section **Note** within `?INSTALL` for more details.

tempdir(): /tmp/Rtmpfx4W5L
Installing packages into '/home/runner/work/quarto-extensions/quarto-extensions/test-21/R/x86_64-pc-linux-gnu-library/4.5'
(as 'lib' is unspecified)
also installing the dependencies 'sys', 'fontBitstreamVera', 'fontLiberation', 'askpass', 'purrr', 'stringr', 'stringi', 'utf8', 'pkgconfig', 'curl', 'cpp11', 'farver', 'labeling', 'RColorBrewer', 'viridisLite', 'fontquiver', 'Rcpp', 'systemfonts', 'openssl', 'tidyr', 'zip', 'textshaping', 'generics', 'pillar', 'tibble', 'V8', 'litedown', 'reactR', 'extrafontdb', 'Rttf2pt1', 'gtable', 'isoband', 'S7', 'scales', 'vctrs', 'withr', 'data.table', 'gdtools', 'officer', 'ragg', 'uuid', 'xml2', 'bigD', 'bitops', 'commonmark', 'dplyr', 'glue', 'htmlwidgets', 'juicyjuice', 'magrittr', 'markdown', 'reactable', 'tidyselect'

trying URL 'https://cloud.r-project.org/src/contrib/sys_3.4.3.tar.gz'
trying URL 'https://cloud.r-project.org/src/contrib/fontBitstreamVera_0.1.1.tar.gz'
trying URL 'https://cloud.r-project.org/src/contrib/fontLiberation_0.1.0.tar.gz'
trying URL 'https://cloud.r-project.org/src/contrib/askpass_1.2.1.tar.gz'
trying URL 'https://cloud.r-project.org/src/contrib/purrr_1.2.1.tar.gz'
trying URL 'https://cloud.r-project.org/src/contrib/stringr_1.6.0.tar.gz'
trying URL 'https://cloud.r-project.org/src/contrib/stringi_1.8.7.tar.gz'
trying URL 'https://cloud.r-project.org/src/contrib/utf8_1.2.6.tar.gz'
trying URL 'https://cloud.r-project.org/src/contrib/pkgconfig_2.0.3.tar.gz'
trying URL 'https://cloud.r-project.org/src/contrib/curl_7.0.0.tar.gz'
trying URL 'https://cloud.r-project.org/src/contrib/cpp11_0.5.3.tar.gz'
trying URL 'https://cloud.r-project.org/src/contrib/farver_2.1.2.tar.gz'
trying URL 'https://cloud.r-project.org/src/contrib/labeling_0.4.3.tar.gz'
trying URL 'https://cloud.r-project.org/src/contrib/RColorBrewer_1.1-3.tar.gz'
trying URL 'https://cloud.r-project.org/src/contrib/viridisLite_0.4.3.tar.gz'
trying URL 'https://cloud.r-project.org/src/contrib/fontquiver_0.2.1.tar.gz'
trying URL 'https://cloud.r-project.org/src/contrib/Rcpp_1.1.1.tar.gz'
trying URL 'https://cloud.r-project.org/src/contrib/systemfonts_1.3.2.tar.gz'
trying URL 'https://cloud.r-project.org/src/contrib/openssl_2.3.5.tar.gz'
trying URL 'https://cloud.r-project.org/src/contrib/tidyr_1.3.2.tar.gz'
trying URL 'https://cloud.r-project.org/src/contrib/zip_2.3.3.tar.gz'
trying URL 'https://cloud.r-project.org/src/contrib/textshaping_1.0.5.tar.gz'
trying URL 'https://cloud.r-project.org/src/contrib/generics_0.1.4.tar.gz'
trying URL 'https://cloud.r-project.org/src/contrib/pillar_1.11.1.tar.gz'
trying URL 'https://cloud.r-project.org/src/contrib/tibble_3.3.1.tar.gz'
trying URL 'https://cloud.r-project.org/src/contrib/V8_8.0.1.tar.gz'
trying URL 'https://cloud.r-project.org/src/contrib/litedown_0.9.tar.gz'
trying URL 'https://cloud.r-project.org/src/contrib/reactR_0.6.1.tar.gz'
trying URL 'https://cloud.r-project.org/src/contrib/extrafontdb_1.1.tar.gz'
trying URL 'https://cloud.r-project.org/src/contrib/Rttf2pt1_1.3.14.tar.gz'
trying URL 'https://cloud.r-project.org/src/contrib/gtable_0.3.6.tar.gz'
trying URL 'https://cloud.r-project.org/src/contrib/isoband_0.3.0.tar.gz'
trying URL 'https://cloud.r-project.org/src/contrib/S7_0.2.1.tar.gz'
trying URL 'https://cloud.r-project.org/src/contrib/scales_1.4.0.tar.gz'
trying URL 'https://cloud.r-project.org/src/contrib/vctrs_0.7.2.tar.gz'
trying URL 'https://cloud.r-project.org/src/contrib/withr_3.0.2.tar.gz'
trying URL 'https://cloud.r-project.org/src/contrib/data.table_1.18.2.1.tar.gz'
trying URL 'https://cloud.r-project.org/src/contrib/gdtools_0.5.0.tar.gz'
trying URL 'https://cloud.r-project.org/src/contrib/officer_0.7.3.tar.gz'
trying URL 'https://cloud.r-project.org/src/contrib/ragg_1.5.1.tar.gz'
trying URL 'https://cloud.r-project.org/src/contrib/uuid_1.2-2.tar.gz'
trying URL 'https://cloud.r-project.org/src/contrib/xml2_1.5.2.tar.gz'
trying URL 'https://cloud.r-project.org/src/contrib/bigD_0.3.1.tar.gz'
trying URL 'https://cloud.r-project.org/src/contrib/bitops_1.0-9.tar.gz'
trying URL 'https://cloud.r-project.org/src/contrib/commonmark_2.0.0.tar.gz'
trying URL 'https://cloud.r-project.org/src/contrib/dplyr_1.2.0.tar.gz'
trying URL 'https://cloud.r-project.org/src/contrib/glue_1.8.0.tar.gz'
trying URL 'https://cloud.r-project.org/src/contrib/htmlwidgets_1.6.4.tar.gz'
trying URL 'https://cloud.r-project.org/src/contrib/juicyjuice_0.1.0.tar.gz'
trying URL 'https://cloud.r-project.org/src/contrib/magrittr_2.0.4.tar.gz'
trying URL 'https://cloud.r-project.org/src/contrib/markdown_2.0.tar.gz'
trying URL 'https://cloud.r-project.org/src/contrib/reactable_0.4.5.tar.gz'
trying URL 'https://cloud.r-project.org/src/contrib/tidyselect_1.2.1.tar.gz'
trying URL 'https://cloud.r-project.org/src/contrib/extrafont_0.20.tar.gz'
trying URL 'https://cloud.r-project.org/src/contrib/ggplot2_4.0.2.tar.gz'
trying URL 'https://cloud.r-project.org/src/contrib/palmerpenguins_0.1.1.tar.gz'
trying URL 'https://cloud.r-project.org/src/contrib/flextable_0.9.11.tar.gz'
trying URL 'https://cloud.r-project.org/src/contrib/gt_1.3.0.tar.gz'
* installing *source* package 'sys' ...
** this is package 'sys' version '3.4.3'
** package 'sys' successfully unpacked and MD5 sums checked
** using staged installation
** libs
using C compiler: 'gcc (Ubuntu 11.4.0-1ubuntu1~22.04.3) 11.4.0'
installing to /home/runner/work/quarto-extensions/quarto-extensions/test-21/R/x86_64-pc-linux-gnu-library/4.5/00LOCK-sys/00new/sys/libs
** R
** inst
** byte-compile and prepare package for lazy loading
** help
*** installing help indices
** building package indices
** testing if installed package can be loaded from temporary location
** checking absolute paths in shared objects and dynamic libraries
** testing if installed package can be loaded from final location
** testing if installed package keeps a record of temporary installation path
* DONE (sys)
* installing *source* package 'fontBitstreamVera' ...
** this is package 'fontBitstreamVera' version '0.1.1'
** package 'fontBitstreamVera' successfully unpacked and MD5 sums checked
** using staged installation
** inst
** help
*** installing help indices
** building package indices
** testing if installed package can be loaded from temporary location
** testing if installed package can be loaded from final location
** testing if installed package keeps a record of temporary installation path
* DONE (fontBitstreamVera)
* installing *source* package 'fontLiberation' ...
** this is package 'fontLiberation' version '0.1.0'
** package 'fontLiberation' successfully unpacked and MD5 sums checked
** using staged installation
** inst
** help
*** installing help indices
** building package indices
** testing if installed package can be loaded from temporary location
** testing if installed package can be loaded from final location
** testing if installed package keeps a record of temporary installation path
* DONE (fontLiberation)
* installing *source* package 'stringi' ...
** this is package 'stringi' version '1.8.7'
** package 'stringi' successfully unpacked and MD5 sums checked
** using staged installation
ERROR: 'configure' exists but is not executable -- see the 'R Installation and Administration Manual'
* removing '/home/runner/work/quarto-extensions/quarto-extensions/test-21/R/x86_64-pc-linux-gnu-library/4.5/stringi'
* installing *source* package 'utf8' ...
** this is package 'utf8' version '1.2.6'
** package 'utf8' successfully unpacked and MD5 sums checked
** using staged installation
** libs
using C compiler: 'gcc (Ubuntu 11.4.0-1ubuntu1~22.04.3) 11.4.0'
installing to /home/runner/work/quarto-extensions/quarto-extensions/test-21/R/x86_64-pc-linux-gnu-library/4.5/00LOCK-utf8/00new/utf8/libs
** R
** inst
** byte-compile and prepare package for lazy loading
** help
*** installing help indices
** building package indices
** installing vignettes
** testing if installed package can be loaded from temporary location
** checking absolute paths in shared objects and dynamic libraries
** testing if installed package can be loaded from final location
** testing if installed package keeps a record of temporary installation path
* DONE (utf8)
* installing *source* package 'pkgconfig' ...
** this is package 'pkgconfig' version '2.0.3'
** package 'pkgconfig' successfully unpacked and MD5 sums checked
** using staged installation
** R
** inst
** byte-compile and prepare package for lazy loading
** help
*** installing help indices
** building package indices
** testing if installed package can be loaded from temporary location
** testing if installed package can be loaded from final location
** testing if installed package keeps a record of temporary installation path
* DONE (pkgconfig)
* installing *source* package 'curl' ...
** this is package 'curl' version '7.0.0'
** package 'curl' successfully unpacked and MD5 sums checked
** using staged installation
ERROR: 'configure' exists but is not executable -- see the 'R Installation and Administration Manual'
* removing '/home/runner/work/quarto-extensions/quarto-extensions/test-21/R/x86_64-pc-linux-gnu-library/4.5/curl'
* installing *source* package 'cpp11' ...
** this is package 'cpp11' version '0.5.3'
** package 'cpp11' successfully unpacked and MD5 sums checked
** using staged installation
** R
** inst
** byte-compile and prepare package for lazy loading
** help
*** installing help indices
** building package indices
** installing vignettes
** testing if installed package can be loaded from temporary location
** testing if installed package can be loaded from final location
** testing if installed package keeps a record of temporary installation path
* DONE (cpp11)
* installing *source* package 'farver' ...
** this is package 'farver' version '2.1.2'
** package 'farver' successfully unpacked and MD5 sums checked
** using staged installation
** libs
using C++ compiler: 'g++ (Ubuntu 11.4.0-1ubuntu1~22.04.3) 11.4.0'
installing to /home/runner/work/quarto-extensions/quarto-extensions/test-21/R/x86_64-pc-linux-gnu-library/4.5/00LOCK-farver/00new/farver/libs
** R
** byte-compile and prepare package for lazy loading
** help
*** installing help indices
*** copying figures
** building package indices
** testing if installed package can be loaded from temporary location
** checking absolute paths in shared objects and dynamic libraries
** testing if installed package can be loaded from final location
** testing if installed package keeps a record of temporary installation path
* DONE (farver)
* installing *source* package 'labeling' ...
** this is package 'labeling' version '0.4.3'
** package 'labeling' successfully unpacked and MD5 sums checked
** using staged installation
** R
** byte-compile and prepare package for lazy loading
** help
*** installing help indices
** building package indices
** testing if installed package can be loaded from temporary location
** testing if installed package can be loaded from final location
** testing if installed package keeps a record of temporary installation path
* DONE (labeling)
* installing *source* package 'RColorBrewer' ...
** this is package 'RColorBrewer' version '1.1-3'
** package 'RColorBrewer' successfully unpacked and MD5 sums checked
** using staged installation
** R
** inst
** byte-compile and prepare package for lazy loading
** help
*** installing help indices
** building package indices
** testing if installed package can be loaded from temporary location
** testing if installed package can be loaded from final location
** testing if installed package keeps a record of temporary installation path
* DONE (RColorBrewer)
* installing *source* package 'viridisLite' ...
** this is package 'viridisLite' version '0.4.3'
** package 'viridisLite' successfully unpacked and MD5 sums checked
** using staged installation
** R
** inst
** byte-compile and prepare package for lazy loading
** help
*** installing help indices
*** copying figures
** building package indices
** testing if installed package can be loaded from temporary location
** testing if installed package can be loaded from final location
** testing if installed package keeps a record of temporary installation path
* DONE (viridisLite)
* installing *source* package 'Rcpp' ...
** this is package 'Rcpp' version '1.1.1'
** package 'Rcpp' successfully unpacked and MD5 sums checked
** using staged installation
** libs
using C++ compiler: 'g++ (Ubuntu 11.4.0-1ubuntu1~22.04.3) 11.4.0'
installing to /home/runner/work/quarto-extensions/quarto-extensions/test-21/R/x86_64-pc-linux-gnu-library/4.5/00LOCK-Rcpp/00new/Rcpp/libs
** R
** inst
** byte-compile and prepare package for lazy loading
** help
*** installing help indices
** building package indices
** installing vignettes
** testing if installed package can be loaded from temporary location
** checking absolute paths in shared objects and dynamic libraries
** testing if installed package can be loaded from final location
** testing if installed package keeps a record of temporary installation path
* DONE (Rcpp)
* installing *source* package 'zip' ...
** this is package 'zip' version '2.3.3'
** package 'zip' successfully unpacked and MD5 sums checked
** using staged installation
** libs
using C compiler: 'gcc (Ubuntu 11.4.0-1ubuntu1~22.04.3) 11.4.0'
rzip.c:19: warning: "S_IFLNK" redefined
   19 | #define S_IFLNK         0120000         /* [XSI] symbolic link */
      | 
In file included from rzip.c:5:
/usr/include/x86_64-linux-gnu/sys/stat.h:113: note: this is the location of the previous definition
  113 | #  define S_IFLNK       __S_IFLNK
      | 
installing via 'install.libs.R' to /home/runner/work/quarto-extensions/quarto-extensions/test-21/R/x86_64-pc-linux-gnu-library/4.5/00LOCK-zip/00new/zip
** R
** inst
** byte-compile and prepare package for lazy loading
** help
*** installing help indices
** building package indices
** testing if installed package can be loaded from temporary location
** checking absolute paths in shared objects and dynamic libraries
** testing if installed package can be loaded from final location
** testing if installed package keeps a record of temporary installation path
* DONE (zip)
* installing *source* package 'generics' ...
** this is package 'generics' version '0.1.4'
** package 'generics' successfully unpacked and MD5 sums checked
** using staged installation
** R
** byte-compile and prepare package for lazy loading
** help
*** installing help indices
** building package indices
** testing if installed package can be loaded from temporary location
** testing if installed package can be loaded from final location
** testing if installed package keeps a record of temporary installation path
* DONE (generics)
* installing *source* package 'reactR' ...
** this is package 'reactR' version '0.6.1'
** package 'reactR' successfully unpacked and MD5 sums checked
** using staged installation
** R
** inst
** byte-compile and prepare package for lazy loading
** help
*** installing help indices
** building package indices
** installing vignettes
** testing if installed package can be loaded from temporary location
** testing if installed package can be loaded from final location
** testing if installed package keeps a record of temporary installation path
* DONE (reactR)
* installing *source* package 'extrafontdb' ...
** this is package 'extrafontdb' version '1.1'
** package 'extrafontdb' successfully unpacked and MD5 sums checked
** using staged installation
** R
** inst
** byte-compile and prepare package for lazy loading
** help
*** installing help indices
** building package indices
** testing if installed package can be loaded from temporary location
** testing if installed package can be loaded from final location
** testing if installed package keeps a record of temporary installation path
* DONE (extrafontdb)
* installing *source* package 'Rttf2pt1' ...
** this is package 'Rttf2pt1' version '1.3.14'
** package 'Rttf2pt1' successfully unpacked and MD5 sums checked
** using staged installation
** libs
installing via 'install.libs.R' to /home/runner/work/quarto-extensions/quarto-extensions/test-21/R/x86_64-pc-linux-gnu-library/4.5/00LOCK-Rttf2pt1/00new/Rttf2pt1
Installing ttf2pt1/ttf2pt1 to /home/runner/work/quarto-extensions/quarto-extensions/test-21/R/x86_64-pc-linux-gnu-library/4.5/00LOCK-Rttf2pt1/00new/Rttf2pt1/exec
** R
** inst
** byte-compile and prepare package for lazy loading
** help
*** installing help indices
** building package indices
** testing if installed package can be loaded from temporary location
** testing if installed package can be loaded from final location
** testing if installed package keeps a record of temporary installation path
* DONE (Rttf2pt1)
* installing *source* package 'S7' ...
** this is package 'S7' version '0.2.1'
** package 'S7' successfully unpacked and MD5 sums checked
** using staged installation
** libs
using C compiler: 'gcc (Ubuntu 11.4.0-1ubuntu1~22.04.3) 11.4.0'
installing to /home/runner/work/quarto-extensions/quarto-extensions/test-21/R/x86_64-pc-linux-gnu-library/4.5/00LOCK-S7/00new/S7/libs
** R
** inst
** byte-compile and prepare package for lazy loading
** help
*** installing help indices
** building package indices
** installing vignettes
** testing if installed package can be loaded from temporary location
** checking absolute paths in shared objects and dynamic libraries
** testing if installed package can be loaded from final location
** testing if installed package keeps a record of temporary installation path
* DONE (S7)
* installing *source* package 'withr' ...
** this is package 'withr' version '3.0.2'
** package 'withr' successfully unpacked and MD5 sums checked
** using staged installation
** R
** inst
** byte-compile and prepare package for lazy loading
** help
*** installing help indices
*** copying figures
** building package indices
** installing vignettes
** testing if installed package can be loaded from temporary location
** testing if installed package can be loaded from final location
** testing if installed package keeps a record of temporary installation path
* DONE (withr)
* installing *source* package 'data.table' ...
** this is package 'data.table' version '1.18.2.1'
** package 'data.table' successfully unpacked and MD5 sums checked
** using staged installation
ERROR: 'configure' exists but is not executable -- see the 'R Installation and Administration Manual'
* removing '/home/runner/work/quarto-extensions/quarto-extensions/test-21/R/x86_64-pc-linux-gnu-library/4.5/data.table'
* installing *source* package 'uuid' ...
** this is package 'uuid' version '1.2-2'
** package 'uuid' successfully unpacked and MD5 sums checked
** using staged installation
ERROR: 'configure' exists but is not executable -- see the 'R Installation and Administration Manual'
* removing '/home/runner/work/quarto-extensions/quarto-extensions/test-21/R/x86_64-pc-linux-gnu-library/4.5/uuid'
* installing *source* package 'xml2' ...
** this is package 'xml2' version '1.5.2'
** package 'xml2' successfully unpacked and MD5 sums checked
** using staged installation
ERROR: 'configure' exists but is not executable -- see the 'R Installation and Administration Manual'
* removing '/home/runner/work/quarto-extensions/quarto-extensions/test-21/R/x86_64-pc-linux-gnu-library/4.5/xml2'
* installing *source* package 'bigD' ...
** this is package 'bigD' version '0.3.1'
** package 'bigD' successfully unpacked and MD5 sums checked
** using staged installation
** R
** byte-compile and prepare package for lazy loading
** help
*** installing help indices
** building package indices
** testing if installed package can be loaded from temporary location
** testing if installed package can be loaded from final location
** testing if installed package keeps a record of temporary installation path
* DONE (bigD)
* installing *source* package 'bitops' ...
** this is package 'bitops' version '1.0-9'
** package 'bitops' successfully unpacked and MD5 sums checked
** using staged installation
** libs
using C compiler: 'gcc (Ubuntu 11.4.0-1ubuntu1~22.04.3) 11.4.0'
installing to /home/runner/work/quarto-extensions/quarto-extensions/test-21/R/x86_64-pc-linux-gnu-library/4.5/00LOCK-bitops/00new/bitops/libs
** R
** byte-compile and prepare package for lazy loading
** help
*** installing help indices
** building package indices
** testing if installed package can be loaded from temporary location
** checking absolute paths in shared objects and dynamic libraries
** testing if installed package can be loaded from final location
** testing if installed package keeps a record of temporary installation path
* DONE (bitops)
* installing *source* package 'commonmark' ...
** this is package 'commonmark' version '2.0.0'
** package 'commonmark' successfully unpacked and MD5 sums checked
** using staged installation
** libs
using C compiler: 'gcc (Ubuntu 11.4.0-1ubuntu1~22.04.3) 11.4.0'
installing to /home/runner/work/quarto-extensions/quarto-extensions/test-21/R/x86_64-pc-linux-gnu-library/4.5/00LOCK-commonmark/00new/commonmark/libs
** R
** byte-compile and prepare package for lazy loading
** help
*** installing help indices
** building package indices
** testing if installed package can be loaded from temporary location
** checking absolute paths in shared objects and dynamic libraries
** testing if installed package can be loaded from final location
** testing if installed package keeps a record of temporary installation path
* DONE (commonmark)
* installing *source* package 'glue' ...
** this is package 'glue' version '1.8.0'
** package 'glue' successfully unpacked and MD5 sums checked
** using staged installation
** libs
using C compiler: 'gcc (Ubuntu 11.4.0-1ubuntu1~22.04.3) 11.4.0'
installing to /home/runner/work/quarto-extensions/quarto-extensions/test-21/R/x86_64-pc-linux-gnu-library/4.5/00LOCK-glue/00new/glue/libs
** R
** inst
** byte-compile and prepare package for lazy loading
** help
*** installing help indices
*** copying figures
** building package indices
** installing vignettes
** testing if installed package can be loaded from temporary location
** checking absolute paths in shared objects and dynamic libraries
** testing if installed package can be loaded from final location
** testing if installed package keeps a record of temporary installation path
* DONE (glue)
* installing *source* package 'htmlwidgets' ...
** this is package 'htmlwidgets' version '1.6.4'
** package 'htmlwidgets' successfully unpacked and MD5 sums checked
** using staged installation
** R
** inst
** byte-compile and prepare package for lazy loading
** help
*** installing help indices
** building package indices
** installing vignettes
** testing if installed package can be loaded from temporary location
** testing if installed package can be loaded from final location
** testing if installed package keeps a record of temporary installation path
* DONE (htmlwidgets)
* installing *source* package 'magrittr' ...
** this is package 'magrittr' version '2.0.4'
** package 'magrittr' successfully unpacked and MD5 sums checked
** using staged installation
** libs
using C compiler: 'gcc (Ubuntu 11.4.0-1ubuntu1~22.04.3) 11.4.0'
installing to /home/runner/work/quarto-extensions/quarto-extensions/test-21/R/x86_64-pc-linux-gnu-library/4.5/00LOCK-magrittr/00new/magrittr/libs
** R
** inst
** byte-compile and prepare package for lazy loading
** help
*** installing help indices
*** copying figures
** building package indices
** installing vignettes
** testing if installed package can be loaded from temporary location
** checking absolute paths in shared objects and dynamic libraries
** testing if installed package can be loaded from final location
** testing if installed package keeps a record of temporary installation path
* DONE (magrittr)
* installing *source* package 'palmerpenguins' ...
** this is package 'palmerpenguins' version '0.1.1'
** package 'palmerpenguins' successfully unpacked and MD5 sums checked
** using staged installation
** R
** data
*** moving datasets to lazyload DB
** inst
** byte-compile and prepare package for lazy loading
** help
*** installing help indices
*** copying figures
** building package indices
** testing if installed package can be loaded from temporary location
** testing if installed package can be loaded from final location
** testing if installed package keeps a record of temporary installation path
* DONE (palmerpenguins)
* installing *source* package 'askpass' ...
** this is package 'askpass' version '1.2.1'
** package 'askpass' successfully unpacked and MD5 sums checked
** using staged installation
** libs
using C compiler: 'gcc (Ubuntu 11.4.0-1ubuntu1~22.04.3) 11.4.0'
installing to /home/runner/work/quarto-extensions/quarto-extensions/test-21/R/x86_64-pc-linux-gnu-library/4.5/00LOCK-askpass/00new/askpass/libs
** R
** inst
** byte-compile and prepare package for lazy loading
** help
*** installing help indices
** building package indices
** testing if installed package can be loaded from temporary location
** checking absolute paths in shared objects and dynamic libraries
** testing if installed package can be loaded from final location
** testing if installed package keeps a record of temporary installation path
* DONE (askpass)
* installing *source* package 'fontquiver' ...
** this is package 'fontquiver' version '0.2.1'
** package 'fontquiver' successfully unpacked and MD5 sums checked
** using staged installation
** R
** inst
** byte-compile and prepare package for lazy loading
** help
*** installing help indices
** building package indices
** testing if installed package can be loaded from temporary location
** testing if installed package can be loaded from final location
** testing if installed package keeps a record of temporary installation path
* DONE (fontquiver)
* installing *source* package 'systemfonts' ...
** this is package 'systemfonts' version '1.3.2'
** package 'systemfonts' successfully unpacked and MD5 sums checked
** using staged installation
ERROR: 'configure' exists but is not executable -- see the 'R Installation and Administration Manual'
* removing '/home/runner/work/quarto-extensions/quarto-extensions/test-21/R/x86_64-pc-linux-gnu-library/4.5/systemfonts'
ERROR: dependency 'curl' is not available for package 'V8'
Perhaps try a variation of:
install.packages('curl')
* removing '/home/runner/work/quarto-extensions/quarto-extensions/test-21/R/x86_64-pc-linux-gnu-library/4.5/V8'
* installing *source* package 'litedown' ...
** this is package 'litedown' version '0.9'
** package 'litedown' successfully unpacked and MD5 sums checked
** using staged installation
** R
** inst
** byte-compile and prepare package for lazy loading
** help
*** installing help indices
** building package indices
** installing vignettes
** testing if installed package can be loaded from temporary location
** testing if installed package can be loaded from final location
** testing if installed package keeps a record of temporary installation path
* DONE (litedown)
* installing *source* package 'gtable' ...
** this is package 'gtable' version '0.3.6'
** package 'gtable' successfully unpacked and MD5 sums checked
** using staged installation
** R
** inst
** byte-compile and prepare package for lazy loading
** help
*** installing help indices
*** copying figures
** building package indices
** installing vignettes
** testing if installed package can be loaded from temporary location
** testing if installed package can be loaded from final location
** testing if installed package keeps a record of temporary installation path
* DONE (gtable)
* installing *source* package 'isoband' ...
** this is package 'isoband' version '0.3.0'
** package 'isoband' successfully unpacked and MD5 sums checked
** using staged installation
** libs
using C++ compiler: 'g++ (Ubuntu 11.4.0-1ubuntu1~22.04.3) 11.4.0'
installing to /home/runner/work/quarto-extensions/quarto-extensions/test-21/R/x86_64-pc-linux-gnu-library/4.5/00LOCK-isoband/00new/isoband/libs
** R
** inst
** byte-compile and prepare package for lazy loading
** help
*** installing help indices
*** copying figures
** building package indices
** installing vignettes
** testing if installed package can be loaded from temporary location
** checking absolute paths in shared objects and dynamic libraries
** testing if installed package can be loaded from final location
** testing if installed package keeps a record of temporary installation path
* DONE (isoband)
* installing *source* package 'scales' ...
** this is package 'scales' version '1.4.0'
** package 'scales' successfully unpacked and MD5 sums checked
** using staged installation
** R
** byte-compile and prepare package for lazy loading
** help
*** installing help indices
*** copying figures
** building package indices
** testing if installed package can be loaded from temporary location
** testing if installed package can be loaded from final location
** testing if installed package keeps a record of temporary installation path
* DONE (scales)
* installing *source* package 'vctrs' ...
** this is package 'vctrs' version '0.7.2'
** package 'vctrs' successfully unpacked and MD5 sums checked
** using staged installation
** libs
using C compiler: 'gcc (Ubuntu 11.4.0-1ubuntu1~22.04.3) 11.4.0'
installing to /home/runner/work/quarto-extensions/quarto-extensions/test-21/R/x86_64-pc-linux-gnu-library/4.5/00LOCK-vctrs/00new/vctrs/libs
** R
** inst
** byte-compile and prepare package for lazy loading
** help
*** installing help indices
*** copying figures
** building package indices
** installing vignettes
** testing if installed package can be loaded from temporary location
** checking absolute paths in shared objects and dynamic libraries
** testing if installed package can be loaded from final location
** testing if installed package keeps a record of temporary installation path
* DONE (vctrs)
* installing *source* package 'reactable' ...
** this is package 'reactable' version '0.4.5'
** package 'reactable' successfully unpacked and MD5 sums checked
** using staged installation
** R
** inst
** byte-compile and prepare package for lazy loading
** help
*** installing help indices
*** copying figures
** building package indices
** testing if installed package can be loaded from temporary location
** testing if installed package can be loaded from final location
** testing if installed package keeps a record of temporary installation path
* DONE (reactable)
* installing *source* package 'extrafont' ...
** this is package 'extrafont' version '0.20'
** package 'extrafont' successfully unpacked and MD5 sums checked
** using staged installation
** R
** byte-compile and prepare package for lazy loading
** help
*** installing help indices
** building package indices
** testing if installed package can be loaded from temporary location
** testing if installed package can be loaded from final location
** testing if installed package keeps a record of temporary installation path
* DONE (extrafont)
* installing *source* package 'purrr' ...
** this is package 'purrr' version '1.2.1'
** package 'purrr' successfully unpacked and MD5 sums checked
** using staged installation
** libs
using C compiler: 'gcc (Ubuntu 11.4.0-1ubuntu1~22.04.3) 11.4.0'
installing to /home/runner/work/quarto-extensions/quarto-extensions/test-21/R/x86_64-pc-linux-gnu-library/4.5/00LOCK-purrr/00new/purrr/libs
** R
** inst
** byte-compile and prepare package for lazy loading
** help
*** installing help indices
*** copying figures
** building package indices
** installing vignettes
** testing if installed package can be loaded from temporary location
** checking absolute paths in shared objects and dynamic libraries
** testing if installed package can be loaded from final location
** testing if installed package keeps a record of temporary installation path
* DONE (purrr)
ERROR: dependency 'stringi' is not available for package 'stringr'
Perhaps try a variation of:
install.packages('stringi')
* removing '/home/runner/work/quarto-extensions/quarto-extensions/test-21/R/x86_64-pc-linux-gnu-library/4.5/stringr'
* installing *source* package 'openssl' ...
** this is package 'openssl' version '2.3.5'
** package 'openssl' successfully unpacked and MD5 sums checked
** using staged installation
ERROR: 'configure' exists but is not executable -- see the 'R Installation and Administration Manual'
* removing '/home/runner/work/quarto-extensions/quarto-extensions/test-21/R/x86_64-pc-linux-gnu-library/4.5/openssl'
ERROR: dependencies 'stringi', 'systemfonts' are not available for package 'textshaping'
Perhaps try a variation of:
install.packages(c('stringi', 'systemfonts'))
* removing '/home/runner/work/quarto-extensions/quarto-extensions/test-21/R/x86_64-pc-linux-gnu-library/4.5/textshaping'
* installing *source* package 'pillar' ...
** this is package 'pillar' version '1.11.1'
** package 'pillar' successfully unpacked and MD5 sums checked
** using staged installation
** R
** inst
** byte-compile and prepare package for lazy loading
** help
*** installing help indices
*** copying figures
** building package indices
** installing vignettes
** testing if installed package can be loaded from temporary location
** testing if installed package can be loaded from final location
** testing if installed package keeps a record of temporary installation path
* DONE (pillar)
ERROR: dependency 'systemfonts' is not available for package 'gdtools'
Perhaps try a variation of:
install.packages('systemfonts')
* removing '/home/runner/work/quarto-extensions/quarto-extensions/test-21/R/x86_64-pc-linux-gnu-library/4.5/gdtools'
ERROR: dependency 'V8' is not available for package 'juicyjuice'
Perhaps try a variation of:
install.packages('V8')
* removing '/home/runner/work/quarto-extensions/quarto-extensions/test-21/R/x86_64-pc-linux-gnu-library/4.5/juicyjuice'
* installing *source* package 'markdown' ...
** this is package 'markdown' version '2.0'
** package 'markdown' successfully unpacked and MD5 sums checked
** using staged installation
** R
** inst
** byte-compile and prepare package for lazy loading
** help
*** installing help indices
** building package indices
** testing if installed package can be loaded from temporary location
** testing if installed package can be loaded from final location
** testing if installed package keeps a record of temporary installation path
* DONE (markdown)
* installing *source* package 'tidyselect' ...
** this is package 'tidyselect' version '1.2.1'
** package 'tidyselect' successfully unpacked and MD5 sums checked
** using staged installation
** R
** inst
** byte-compile and prepare package for lazy loading
** help
*** installing help indices
** building package indices
** installing vignettes
** testing if installed package can be loaded from temporary location
** testing if installed package can be loaded from final location
** testing if installed package keeps a record of temporary installation path
* DONE (tidyselect)
* installing *source* package 'ggplot2' ...
** this is package 'ggplot2' version '4.0.2'
** package 'ggplot2' successfully unpacked and MD5 sums checked
** using staged installation
** R
** data
*** moving datasets to lazyload DB
** inst
** byte-compile and prepare package for lazy loading
** help
*** installing help indices
*** copying figures
** building package indices
** installing vignettes
** testing if installed package can be loaded from temporary location
** testing if installed package can be loaded from final location
** testing if installed package keeps a record of temporary installation path
* DONE (ggplot2)
* installing *source* package 'tibble' ...
** this is package 'tibble' version '3.3.1'
** package 'tibble' successfully unpacked and MD5 sums checked
** using staged installation
** libs
using C compiler: 'gcc (Ubuntu 11.4.0-1ubuntu1~22.04.3) 11.4.0'
installing to /home/runner/work/quarto-extensions/quarto-extensions/test-21/R/x86_64-pc-linux-gnu-library/4.5/00LOCK-tibble/00new/tibble/libs
** R
** inst
** byte-compile and prepare package for lazy loading
** help
*** installing help indices
*** copying figures
** building package indices
** installing vignettes
** testing if installed package can be loaded from temporary location
** checking absolute paths in shared objects and dynamic libraries
** testing if installed package can be loaded from final location
** testing if installed package keeps a record of temporary installation path
* DONE (tibble)
ERROR: dependencies 'systemfonts', 'textshaping' are not available for package 'ragg'
Perhaps try a variation of:
install.packages(c('systemfonts', 'textshaping'))
* removing '/home/runner/work/quarto-extensions/quarto-extensions/test-21/R/x86_64-pc-linux-gnu-library/4.5/ragg'
* installing *source* package 'dplyr' ...
** this is package 'dplyr' version '1.2.0'
** package 'dplyr' successfully unpacked and MD5 sums checked
** using staged installation
** libs
using C++ compiler: 'g++ (Ubuntu 11.4.0-1ubuntu1~22.04.3) 11.4.0'
installing to /home/runner/work/quarto-extensions/quarto-extensions/test-21/R/x86_64-pc-linux-gnu-library/4.5/00LOCK-dplyr/00new/dplyr/libs
** R
** data
*** moving datasets to lazyload DB
** inst
** byte-compile and prepare package for lazy loading
** help
*** installing help indices
*** copying figures
** building package indices
** installing vignettes
** testing if installed package can be loaded from temporary location
** checking absolute paths in shared objects and dynamic libraries
** testing if installed package can be loaded from final location
** testing if installed package keeps a record of temporary installation path
* DONE (dplyr)
ERROR: dependency 'stringr' is not available for package 'tidyr'
Perhaps try a variation of:
install.packages('stringr')
* removing '/home/runner/work/quarto-extensions/quarto-extensions/test-21/R/x86_64-pc-linux-gnu-library/4.5/tidyr'
ERROR: dependencies 'juicyjuice', 'xml2' are not available for package 'gt'
Perhaps try a variation of:
install.packages(c('juicyjuice', 'xml2'))
* removing '/home/runner/work/quarto-extensions/quarto-extensions/test-21/R/x86_64-pc-linux-gnu-library/4.5/gt'
ERROR: dependencies 'openssl', 'ragg', 'tidyr', 'uuid', 'xml2' are not available for package 'officer'
Perhaps try a variation of:
install.packages(c('openssl', 'ragg', 'tidyr', 'uuid', 'xml2'))
* removing '/home/runner/work/quarto-extensions/quarto-extensions/test-21/R/x86_64-pc-linux-gnu-library/4.5/officer'
ERROR: dependencies 'data.table', 'gdtools', 'officer', 'ragg', 'uuid', 'xml2' are not available for package 'flextable'
Perhaps try a variation of:
install.packages(c('data.table', 'gdtools', 'officer', 'ragg', 'uuid', 'xml2'))
* removing '/home/runner/work/quarto-extensions/quarto-extensions/test-21/R/x86_64-pc-linux-gnu-library/4.5/flextable'

The downloaded source packages are in
	'/tmp/Rtmpfx4W5L/downloaded_packages'
There were 18 warnings (use warnings() to see them)
[1/8] index.qmd


processing file: index.qmd
1/10                  
2/10 [unnamed-chunk-1]
Error in `library()`:
! there is no package called 'InraeThemes'
Backtrace:
    x
 1. \-base::library(InraeThemes)

Quitting from index.qmd:64-83 [unnamed-chunk-1]
Execution halted
WARN: Error encountered when rendering files
Render failed, retrying once...
[1/8] index.qmd


processing file: index.qmd
1/10                  
2/10 [unnamed-chunk-1]
Error in `library()`:
! there is no package called 'InraeThemes'
Backtrace:
    x
 1. \-base::library(InraeThemes)

Quitting from index.qmd:64-83 [unnamed-chunk-1]
Execution halted
WARN: Error encountered when rendering files
