Cloning into 'repo'...
pandoc 
  to: html
  output-file: boxtypes.html
  standalone: true
  section-divs: true
  html-math-method: mathjax
  wrap: none
  default-image-extension: png
  
metadata
  document-css: false
  link-citations: true
  date-format: long
  lang: en
  title: Custom Numbered Blocks Extension
  search-replace:
    +rend: '`<div class=rendered>`{=html}'
    +/div: '`</div>`{=html}'
  extensions:
    custom-numbered-blocks:
      styles:
        txtbx:
          appearance: textbox
          sizes:
            margin: 1em
            padding: 1em
          color: '#aabbdd'
      classes:
        Box:
          style: txtbx
        ToDo: default
        TODOplain:
          boxtype: fallback
  crossref:
    chapters: false
  
Output created: boxtypes.html

ERROR: Include directive failed.
  in file example.qmd, 
  could not find file /home/runner/work/quarto-extensions/quarto-extensions/test-21/repo/list-of-news.qmd.

Stack trace:
    at retrieveInclude (file:///opt/quarto/bin/quarto.js:68859:17)
    at standaloneInclude (file:///opt/quarto/bin/quarto.js:68892:13)
    at processMarkdownIncludes (file:///opt/quarto/bin/quarto.js:69352:34)
    at expandIncludes (file:///opt/quarto/bin/quarto.js:69117:9)
    at async projectResolveFullMarkdownForFile (file:///opt/quarto/bin/quarto.js:76880:21)
    at async fileExecutionEngine (file:///opt/quarto/bin/quarto.js:77331:22)
    at async fileExecutionEngineAndTarget (file:///opt/quarto/bin/quarto.js:77356:18)
    at async render (file:///opt/quarto/bin/quarto.js:142495:22)
    at async _Command.actionHandler (file:///opt/quarto/bin/quarto.js:142732:24)
    at async _Command.execute (file:///opt/quarto/bin/quarto.js:102143:7)
    at async _Command.parseCommand (file:///opt/quarto/bin/quarto.js:102020:14)
    at async quarto4 (file:///opt/quarto/bin/quarto.js:188102:5)
    at async file:///opt/quarto/bin/quarto.js:188131:5
    at async file:///opt/quarto/bin/quarto.js:187985:14
    at async mainRunner (file:///opt/quarto/bin/quarto.js:187987:5)
    at async file:///opt/quarto/bin/quarto.js:188124:3
Render failed, retrying once...
ERROR: Include directive failed.
  in file example.qmd, 
  could not find file /home/runner/work/quarto-extensions/quarto-extensions/test-21/repo/list-of-news.qmd.

Stack trace:
    at retrieveInclude (file:///opt/quarto/bin/quarto.js:68859:17)
    at standaloneInclude (file:///opt/quarto/bin/quarto.js:68892:13)
    at processMarkdownIncludes (file:///opt/quarto/bin/quarto.js:69352:34)
    at expandIncludes (file:///opt/quarto/bin/quarto.js:69117:9)
    at async projectResolveFullMarkdownForFile (file:///opt/quarto/bin/quarto.js:76880:21)
    at async fileExecutionEngine (file:///opt/quarto/bin/quarto.js:77331:22)
    at async fileExecutionEngineAndTarget (file:///opt/quarto/bin/quarto.js:77356:18)
    at async render (file:///opt/quarto/bin/quarto.js:142495:22)
    at async _Command.actionHandler (file:///opt/quarto/bin/quarto.js:142732:24)
    at async _Command.execute (file:///opt/quarto/bin/quarto.js:102143:7)
    at async _Command.parseCommand (file:///opt/quarto/bin/quarto.js:102020:14)
    at async quarto4 (file:///opt/quarto/bin/quarto.js:188102:5)
    at async file:///opt/quarto/bin/quarto.js:188131:5
    at async file:///opt/quarto/bin/quarto.js:187985:14
    at async mainRunner (file:///opt/quarto/bin/quarto.js:187987:5)
    at async file:///opt/quarto/bin/quarto.js:188124:3
