Cloning into 'repo'...
Error adding css vars block SCSSParsingError: SCSS Parsing Error: Expecting punctuation: "}" (4345:53)
    at cssVarsBlock (file:///opt/quarto/bin/quarto.js:87124:15)
    at file:///opt/quarto/bin/quarto.js:87670:35
    at file:///opt/quarto/bin/quarto.js:87318:33
    at eventLoopTick (ext:core/01_core.js:179:7)
    at async handleVarsBlock (file:///opt/quarto/bin/quarto.js:87591:23)
    at async file:///opt/quarto/bin/quarto.js:87617:17
    at async SassCache.setFromHash (file:///opt/quarto/bin/quarto.js:80054:11)
    at async compileSass (file:///opt/quarto/bin/quarto.js:87429:19)
    at async revealTheme (file:///opt/quarto/bin/quarto.js:184137:15)
    at async Object.formatExtras (file:///opt/quarto/bin/quarto.js:184294:23)
    at async runPandoc (file:///opt/quarto/bin/quarto.js:129226:56)
    at async renderPandoc (file:///opt/quarto/bin/quarto.js:130931:24)
    at async Object.onRender (file:///opt/quarto/bin/quarto.js:136874:30)
    at async renderFileInternal (file:///opt/quarto/bin/quarto.js:136851:9)
    at async renderFiles (file:///opt/quarto/bin/quarto.js:136582:9)
    at async render (file:///opt/quarto/bin/quarto.js:142236:19)
    at async _Command.actionHandler (file:///opt/quarto/bin/quarto.js:142481:24)
    at async _Command.execute (file:///opt/quarto/bin/quarto.js:102102:7)
    at async _Command.parseCommand (file:///opt/quarto/bin/quarto.js:101979:14)
    at async quarto4 (file:///opt/quarto/bin/quarto.js:187653:5)
    at async file:///opt/quarto/bin/quarto.js:187681:5
    at async file:///opt/quarto/bin/quarto.js:187536:14
    at async mainRunner (file:///opt/quarto/bin/quarto.js:187538:5)
    at async file:///opt/quarto/bin/quarto.js:187674:3 {
  name: "SCSSParsingError"
}
The resulting CSS file will not have SCSS color variables exported as CSS.
This is likely a Quarto bug.
Please consider reporting it at https://github.com/quarto-dev/quarto-cli,
along with the _quarto_internal_scss_error.scss file that can be found in the current working directory.
pandoc 
  to: revealjs
  from: markdown-auto_identifiers+emoji
  output-file: template.html
  standalone: true
  embed-resources: true
  wrap: none
  default-image-extension: png
  html-math-method:
    method: mathjax
    url: >-
      https://cdn.jsdelivr.net/npm/mathjax@2.7.9/MathJax.js?config=TeX-AMS_HTML-full
  slide-level: 2
  variables: {}
  
metadata
  link-citations: true
  width: 1050
  height: 700
  margin: 0.1
  center: false
  navigationMode: linear
  controlsLayout: edges
  controlsTutorial: false
  hash: true
  history: true
  hashOneBasedIndex: false
  fragmentInURL: false
  transition: fade
  backgroundTransition: slide
  pdfSeparateFragments: false
  lang: de
  auto-stretch: true
  theme:
    - _extensions/hsnr/HSNR.scss
  date-format: DD.MM.YYYY
  csl: _extensions/hsnr/apa-single-spaced.csl
  logo: _extensions/hsnr/HSNLogo_quadrat2.jpg
  slideNumber: true
  scrollable: true
  citations-hover: true
  footnotes-hover: true
  controls: true
  hash-type: number
  hideInactiveCursor: true
  hideCursorTime: 200
  engines:
    - path: /opt/quarto/share/extension-subtrees/julia-engine/_extensions/julia-engine/julia-engine.js
  title: Quarto und Revealjs
  subtitle: Eine kurze Einführung
  author:
    - name: Prof. Dr. Klara Aufbau
  institute: Fachbereich Gesundheitswesen
  modul: M3 Spezialwissen 2024
  kohorte: MHC
  date: '2004-12-21'
  bibliography:
    - literatur.bib
  footer: Prof. Dr. Theo Rethisch | Fachbereich 10 | Hochschule Niederrhein
  
[WARNING] Could not fetch resource _extensions/produnis/hsnr/KreisschwungKrefeld.png
[WARNING] Could not fetch resource _extensions/produnis/hsnr/KreisschwungKrefeld.png
[WARNING] Could not fetch resource _extensions/produnis/hsnr/Hochschule_niederrhein.png
[WARNING] Could not fetch resource _extensions/produnis/hsnr/beforeyoustartitsnoteasy.jpg
[WARNING] Could not fetch resource _extensions/produnis/hsnr/beforeyoustartitsnoteasy.jpg
[WARNING] Could not fetch resource _extensions/produnis/hsnr/letztefolie1.webp
[WARNING] Could not fetch resource _extensions/produnis/hsnr/letztefolie2.webp
[WARNING] Could not fetch resource _extensions/produnis/hsnr/KrefeldCampus_night.webp
[WARNING] Could not fetch resource _extensions/produnis/hsnr/HSNLogo_quadrat2.jpg
[WARNING] Could not fetch resource _extensions/produnis/hsnr/GebauedeH_Rand.webp
[WARNING] Could not fetch resource _extensions/produnis/hsnr/HSNLogo_quadrat2.jpg
[WARNING] Could not fetch resource _extensions/produnis/hsnr/bibliothek.webp
Output created: template.html

