pandoc 

  to: revealjs
  from: markdown-auto_identifiers+emoji
  output-file: template.html
  standalone: true
  embed-resources: true
  wrap: none
  default-image-extension: png
  html-math-method:
    method: mathjax
    url: >-
      https://cdn.jsdelivr.net/npm/mathjax@2.7.9/MathJax.js?config=TeX-AMS_HTML-full
  slide-level: 2
  variables: {}
  

metadata

  link-citations: true
  width: 1050
  height: 700
  margin: 0.1
  center: false
  navigationMode: linear
  controlsLayout: edges
  controlsTutorial: false
  hash: true
  history: true
  hashOneBasedIndex: false
  fragmentInURL: false
  transition: fade
  backgroundTransition: slide
  pdfSeparateFragments: false
  lang: de
  auto-stretch: true
  theme:
    - _extensions/hsnr/HSNR.scss
  date-format: DD.MM.YYYY
  csl: _extensions/hsnr/apa-single-spaced.csl
  logo: _extensions/hsnr/HSNLogo_quadrat2.jpg
  slideNumber: true
  scrollable: true
  citations-hover: true
  footnotes-hover: true
  controls: true
  hash-type: number
  hideInactiveCursor: true
  hideCursorTime: 200
  engines:
    - path: /opt/quarto/share/extension-subtrees/julia-engine/_extensions/julia-engine/julia-engine.js
  title: Quarto und Revealjs
  subtitle: Eine kurze Einführung
  author:
    - name: Prof. Dr. Klara Aufbau
  institute: Fachbereich Gesundheitswesen
  modul: M3 Spezialwissen 2024
  kohorte: MHC
  date: '2004-12-21'
  bibliography:
    - literatur.bib
  footer: Prof. Dr. Theo Rethisch | Fachbereich 10 | Hochschule Niederrhein
  

[WARNING] 
Could not fetch resource _extensions/produnis/hsnr/KreisschwungKrefeld.png
[WARNING] Could not fetch resource _extensions/produnis/hsnr/KreisschwungKrefeld.png

[WARNING] Could not fetch resource _extensio
ns/produnis/hsnr/Hochschule_niederrhein.pn
g

[WAR
NING] Could not fetch resource _e
xtensions/produnis/hsnr/be
foreyoustartitsnoteasy.jpg

[WARNING
] Could not 
fetch resou
rce _extensi
ons/produ
nis/hsnr
/beforeyo
ustartit
snoteasy.
jpg

[
WARNING] 
Could n
ot fetc
h resour
ce _ex
tension
s/produ
nis/hsn
r/letzt
efolie
1.webp

[WA
RNING] C
ould no
t fetc
h resou
rce _extensi
ons/produnis
/hsnr/letztefo
lie2.webp

[WA
RNING] C
ould n
ot fet
ch res
ource 
_exten
sions/
produn
is/hs
nr/KrefeldC
ampus_night
.webp

[WARNING]
 Coul
d no
t fet
ch re
source 
_exten
sions/
produ
nis/hs
nr/HS
NLogo_quad
rat2.jpg

[
WARNING] C
ould not fetc
h resource _
extensions/pro
dunis/hsnr/G
ebauede
H_Rand
.webp

[WA
RNING] 
Could 
not fe
tch re
sourc
e _ex
tensions/produnis/hsnr/HSNLogo_quadrat2.jpg
[WARNING] Could not fetch resource _extensions/produnis/hsnr/bibliothek.webp

Output created: template.html


