

processing file: template.qmd

1/7             

2/7 [cvevents]  

3/7             

4/7 [experience]

5/7             

6/7 [education] 

7/7             

output file: template.knit.md


pandoc 

  to: latex
  output-file: template.tex
  template: _extensions/modern-cv/template.tex
  standalone: true
  pdf-engine: lualatex
  variables:
    graphics: true
    tables: true
  default-image-extension: pdf
  

metadata

  block-headings: true
  engines:
    - path: /opt/quarto/share/extension-subtrees/julia-engine/_extensions/julia-engine/julia-engine.js
  author: David Schoch
  title: R Developer
  tagline:
    field1: David Schoch
    field2: R Developer
    field3: Cologne, Germany
    colored: david@schochastics.net
    field5: Cologne, Germany
  cvfooter:
    left: mr.schochastics.net
    right: github.com/schochastics
  cvcolor: FF9600
  bgcolor: 616161
  cvfont: raleway
  cvmeta:
    - title: Status
      text: Team Lead for Transparent Social Analytics, GESIS
    - title: Field
      text: Software Engineering, Data Science
    - title: Techs
      text: R, bash, Python, javascript, Lua
  


Rendering PDF

running lualatex - 1

  This is LuaHBTeX, Version 1.24.0 (TeX Live 2026) 
   restricted system commands enabled.
  

updating tlmgr



updating existing packages

finding package for xifthen.sty

> 1 package to install

> installing xifthen (1 of 1)

(WARN) Error encountered when rendering files

(ERROR) tlmgr returned a non zero status code
You don't have permission to change the installation in any way,
specifically, the directory /opt/tinytex/tlpkg/ is not writable.
Please run this program as administrator, or contact your local admin.
tlmgr: An error has occurred. See above messages. Exiting.


Stack trace:
    at renderFiles (file:///opt/quarto/bin/quarto.js:136526:49)
    at eventLoopTick (ext:core/01_core.js:179:7)
    at async render (file:///opt/quarto/bin/quarto.js:142154:19)
    at async _Command.actionHandler (file:///opt/quarto/bin/quarto.js:142399:24)
    at async _Command.execute (file:///opt/quarto/bin/quarto.js:102022:7)
    at async _Command.parseCommand (file:///opt/quarto/bin/quarto.js:101899:14)
    at async quarto4 (file:///opt/quarto/bin/quarto.js:187547:5)
    at async file:///opt/quarto/bin/quarto.js:187575:5
    at async file:///opt/quarto/bin/quarto.js:187430:14
    at async mainRunner (file:///opt/quarto/bin/quarto.js:187432:5)
    at async file:///opt/quarto/bin/quarto.js:187568:3

