Cloning into 'repo'...
The R temporary directory appears to be within a folder mounted as 'noexec'.
Installation of R packages from sources may fail.
See the section **Note** within `?INSTALL` for more details.

tempdir(): /tmp/RtmpdtZ5pl
The R temporary directory appears to be within a folder mounted as 'noexec'.
Installation of R packages from sources may fail.
See the section **Note** within `?INSTALL` for more details.

tempdir(): /tmp/RtmpRcatbW
[1/3] template-brand.qmd
[typst]: Compiling template-brand.typ to template-brand.pdf...error: expected comma
    ┌─ template-brand.typ:307:30
    │
307 │         font-family-mono: ("("JetBrains Mono",)",),
    │                               ^

error: expected comma
    ┌─ template-brand.typ:307:39
    │
307 │         font-family-mono: ("("JetBrains Mono",)",),
    │                                        ^

error: expected comma
    ┌─ template-brand.typ:307:44
    │
307 │         font-family-mono: ("("JetBrains Mono",)",),
    │                                             ^

ERROR: error: expected comma
    ┌─ template-brand.typ:307:30
    │
307 │         font-family-mono: ("("JetBrains Mono",)",),
    │                               ^

error: expected comma
    ┌─ template-brand.typ:307:39
    │
307 │         font-family-mono: ("("JetBrains Mono",)",),
    │                                        ^

error: expected comma
    ┌─ template-brand.typ:307:44
    │
307 │         font-family-mono: ("("JetBrains Mono",)",),
    │                                             ^


ERROR: Typst compilation failed
Render failed, retrying once...
[1/3] template-brand.qmd
[typst]: Compiling template-brand.typ to template-brand.pdf...error: expected comma
    ┌─ template-brand.typ:307:30
    │
307 │         font-family-mono: ("("JetBrains Mono",)",),
    │                               ^

error: expected comma
    ┌─ template-brand.typ:307:39
    │
307 │         font-family-mono: ("("JetBrains Mono",)",),
    │                                        ^

error: expected comma
    ┌─ template-brand.typ:307:44
    │
307 │         font-family-mono: ("("JetBrains Mono",)",),
    │                                             ^

ERROR: error: expected comma
    ┌─ template-brand.typ:307:30
    │
307 │         font-family-mono: ("("JetBrains Mono",)",),
    │                               ^

error: expected comma
    ┌─ template-brand.typ:307:39
    │
307 │         font-family-mono: ("("JetBrains Mono",)",),
    │                                        ^

error: expected comma
    ┌─ template-brand.typ:307:44
    │
307 │         font-family-mono: ("("JetBrains Mono",)",),
    │                                             ^


ERROR: Typst compilation failed
