

pandoc 

  to: html
  output-file: customized_loa_header.html
  standalone: true
  title-prefix: acronyms
  section-divs: true
  html-math-method: mathjax
  wrap: none
  default-image-extension: png
  toc: true
  

metadata

  document-css: false
  link-citations: true
  date-format: long
  lang: en
  theme: cosmo
  title: Customizing the List of Acronyms title
  description: |
    Read how to customize the List of Acronyms title (header), including putting it in an unnumbered section.
  

Output created: ../_site/advanced/customized_loa_header.html


