Cloning into 'repo'...
[1/3] template.qmd
[typst]: Compiling template.typ to template.pdf...downloading @preview/wordometer:0.1.5
  5.8 KiB /   5.8 KiB (100 %)   5.8 KiB/s in 9.76 µs ETA: 0 s

DONE

[2/3] NEWS.md
[3/3] example.qmd


processing file: example.qmd
1/7               
2/7 [code-example]
3/7               
4/7 [tbl-example] 
Error in `library()`:
! there is no package called 'tinytable'
Backtrace:
    x
 1. \-base::library(tinytable)

Quitting from example.qmd:80-87 [tbl-example]
Execution halted
WARN: Error encountered when rendering files
Render failed, retrying once...
[1/3] template.qmd
[typst]: Compiling template.typ to template.pdf...DONE

[2/3] NEWS.md
[3/3] example.qmd


processing file: example.qmd
1/7               
2/7 [code-example]
3/7               
4/7 [tbl-example] 
Error in `library()`:
! there is no package called 'tinytable'
Backtrace:
    x
 1. \-base::library(tinytable)

Quitting from example.qmd:80-87 [tbl-example]
Execution halted
WARN: Error encountered when rendering files
