Cloning into 'repo'...
Installing package into '/home/runner/work/quarto-extensions/quarto-extensions/test-17/R/x86_64-pc-linux-gnu-library/4.5'
(as 'lib' is unspecified)
trying URL 'https://packagemanager.posit.co/cran/latest/src/contrib/renv_1.2.0.tar.gz'
Content type 'binary/octet-stream' length 1342988 bytes (1.3 MB)
==================================================
downloaded 1.3 MB

* installing *source* package 'renv' ...
** this is package 'renv' version '1.2.0'
** package 'renv' successfully unpacked and MD5 sums checked
** using staged installation
** R
** inst
** byte-compile and prepare package for lazy loading
** help
*** installing help indices
*** copying figures
** building package indices
** installing vignettes
** testing if installed package can be loaded from temporary location
** checking absolute paths in shared objects and dynamic libraries
** testing if installed package can be loaded from final location
** testing if installed package keeps a record of temporary installation path
* DONE (renv)

The downloaded source packages are in
	'/tmp/RtmpMvQW59/downloaded_packages'
[1/4] qsorting-hat-collapse.qmd


processing file: qsorting-hat-collapse.qmd
1/7                  
2/7 [unnamed-chunk-1]
Downloading cpython-3.12.13-linux-x86_64-gnu (download) (32.9MiB)
 Downloaded cpython-3.12.13-linux-x86_64-gnu (download)
Downloading numpy (15.9MiB)
 Downloaded numpy
Installed 1 package in 165ms
3/7                  
4/7 [unnamed-chunk-2]
5/7                  
6/7 [unnamed-chunk-3]
running: bash  -c 'echo "Loading data..."'
7/7                  
output file: qsorting-hat-collapse.knit.md

WARN: Unable to resolve link target: qsorting-hat-faq.qmd
[2/4] qsorting-hat-python-only.qmd


processing file: qsorting-hat-python-only.qmd
1/7                  
2/7 [unnamed-chunk-1]
3/7                  
4/7 [unnamed-chunk-2]
5/7                  
6/7 [unnamed-chunk-3]
running: bash  -c 'echo "Loading data..."'
7/7                  
output file: qsorting-hat-python-only.knit.md

WARN: Unable to resolve link target: qsorting-hat-faq.qmd
[3/4] qsorting-hat-release-notes.qmd
WARN: Unable to resolve link target: qsorting-hat-faq.qmd
[4/4] index.qmd


processing file: index.qmd
1/5                  
2/5 [unnamed-chunk-1]
3/5                  
4/5 [unnamed-chunk-2]
5/5                  
output file: index.knit.md

WARN: Unable to resolve link target: qsorting-hat-faq.qmd

Output created: _site/index.html

