pandoc 

  to: revealjs
  output-file: example.html
  standalone: true
  wrap: none
  default-image-extension: png
  html-math-method:
    method: mathjax
    url: >-
      https://cdn.jsdelivr.net/npm/mathjax@2.7.9/MathJax.js?config=TeX-AMS_HTML-full
  slide-level: 2
  variables: {}
  

metadata

  link-citations: true
  width: 1050
  height: 700
  margin: 0.1
  center: false
  navigationMode: linear
  controlsLayout: edges
  controlsTutorial: false
  hash: true
  history: true
  hashOneBasedIndex: false
  fragmentInURL: false
  transition: none
  backgroundTransition: none
  pdfSeparateFragments: false
  lang: en
  auto-stretch: true
  engines:
    - path: /opt/quarto/share/extension-subtrees/julia-engine/_extensions/julia-engine/julia-engine.js
  title: Excalidraw Example
  revealjs-plugins:
    - excalidraw
  resources:
    - template.excalidraw
    - library.excalidrawlib
  excalidraw:
    button: true
    shortcut: '`'
    template: template.excalidraw
    library: library.excalidrawlib
    langCode: en
    viewModeEnabled: false
    zenModeEnabled: true
    gridModeEnabled: false
    theme: light
    autoFocus: false
    useLocalStorage: true
  

Output created: example.html


