pandoc 

  to: docx
  output-file: highlight-docx.docx
  default-image-extension: png
  

metadata

  title: Highlight-text Quarto Extension
  subtitle: Quarto Extension
  author:
    - name: Mickaël CANOUIL, _Ph.D._
      orcid: 0000-0002-3396-4549
      url: https://mickael.canouil.fr
  brand:
    light:
      color:
        palette:
          fg: '#ffffff'
          bg: '#b22222'
        foreground: '#333333'
        background: '#fafafa'
    dark:
      color:
        palette:
          fg: '#b22222'
          bg: '#ffffff'
        foreground: '#fafafa'
        background: '#333333'
  

Output created: highlight-docx.docx


