[typst]: Compiling index.typ to index.pdf...
DONE


[typst]: Compiling index.typ to index.pdf...
DONE




processing file: index.qmd

1/3                  

2/3 [unnamed-chunk-1]
3/3                  

output file: index.knit.md


[typst]: Compiling index.typ to index.pdf...
DONE


[typst]: Compiling index.typ to index.pdf...
DONE


[typst]: Compiling index.typ to index.pdf...
DONE


[typst]: Compiling index.typ to index.pdf...
DONE




processing file: example.qmd

1/7               

2/7 [code-example]

3/7               

4/7 [tbl-example] 

5/7               

6/7 [tbl-appendix]

7/7               

output file: example.knit.md


[typst]: Compiling example.typ to example.pdf...
DONE


[typst]: Compiling template.typ to template.pdf...
DONE




Output created: template.pdf


