FATAL (/opt/quarto/share/filters/main.lua:3760) An error occurred:
Could not run /home/runner/work/quarto-extensions/quarto-extensions/test-22/repo/docs/panelize as a JSON filter.
Please make sure the file exists and is executable.

Did you intend 'panelize' as a Lua filter in an extension?
If so, make sure you've spelled the name of the extension correctly.

The original Pandoc error follows below.
Error running filter /home/runner/work/quarto-extensions/quarto-extensions/test-22/repo/docs/panelize:
Could not find executable /home/runner/work/quarto-extensions/quarto-extensions/test-22/repo/docs/panelize

Error ru
nning filter /opt/quarto/share/filters/main.lua:
/opt/quarto/share/filters/main.lua:588: FATAL QUARTO ERROR
stac
k traceback:
	/opt/quarto/share/filters/main.lua:2
622: in function 'fatal'
	/opt/quarto/sha
re/filters/main.lua:2202: in functio
n 'fail'
	/opt/quarto/share/fil
ters/main.lua:3760: in field 'Pandoc'
	/opt/quarto/share
/filters/main.lua:588: in function 'run_emulated_filte
r'
	/opt/quarto/share/filters/main.lua:
1317: in local 'callback
'
	/opt/quarto/share
/filters/main.lua:
1335: in upvalue
 'run_emulated_
filter_chain'
	/o
pt/quarto/share/f
ilters/main.lua:
1371: in functio
n </opt/quarto/s
hare/filters/ma
in.lua:1368>

(WARN) Error encountered when rendering files

