Cloning into 'repo'...
Installing package into '/home/runner/work/quarto-extensions/quarto-extensions/test-16/R/x86_64-pc-linux-gnu-library/4.5'
(as 'lib' is unspecified)
trying URL 'https://packagemanager.posit.co/cran/__linux__/jammy/latest/src/contrib/renv_1.1.8.tar.gz'
Content type 'binary/octet-stream' length 2336300 bytes (2.2 MB)
==================================================
downloaded 2.2 MB

* installing *binary* package 'renv' ...
* DONE (renv)

The downloaded source packages are in
	'/tmp/RtmpOgTgqL/downloaded_packages'
The R temporary directory appears to be within a folder mounted as 'noexec'.
Installation of R packages from sources may fail.
See the section **Note** within `?INSTALL` for more details.

tempdir(): /tmp/RtmpOgTgqL
Installing packages into '/home/runner/work/quarto-extensions/quarto-extensions/test-16/R/x86_64-pc-linux-gnu-library/4.5'
(as 'lib' is unspecified)
also installing the dependencies 'fontBitstreamVera', 'fontLiberation', 'proxy', 'lazyeval', 'sp', 'terra', 'later', 'otel', 'fontquiver', 'e1071', 'wk', 'ragg', 'gridExtra', 'crosstalk', 'leaflet.providers', 'raster', 'promises', 'gdtools', 'classInt', 's2', 'units'

trying URL 'https://cloud.r-project.org/src/contrib/fontBitstreamVera_0.1.1.tar.gz'
trying URL 'https://cloud.r-project.org/src/contrib/fontLiberation_0.1.0.tar.gz'
trying URL 'https://cloud.r-project.org/src/contrib/proxy_0.4-29.tar.gz'
trying URL 'https://cloud.r-project.org/src/contrib/lazyeval_0.2.2.tar.gz'
trying URL 'https://cloud.r-project.org/src/contrib/sp_2.2-1.tar.gz'
trying URL 'https://cloud.r-project.org/src/contrib/terra_1.9-1.tar.gz'
trying URL 'https://cloud.r-project.org/src/contrib/later_1.4.8.tar.gz'
trying URL 'https://cloud.r-project.org/src/contrib/otel_0.2.0.tar.gz'
trying URL 'https://cloud.r-project.org/src/contrib/fontquiver_0.2.1.tar.gz'
trying URL 'https://cloud.r-project.org/src/contrib/e1071_1.7-17.tar.gz'
trying URL 'https://cloud.r-project.org/src/contrib/wk_0.9.5.tar.gz'
trying URL 'https://cloud.r-project.org/src/contrib/ragg_1.5.2.tar.gz'
trying URL 'https://cloud.r-project.org/src/contrib/gridExtra_2.3.tar.gz'
trying URL 'https://cloud.r-project.org/src/contrib/crosstalk_1.2.2.tar.gz'
trying URL 'https://cloud.r-project.org/src/contrib/leaflet.providers_3.0.0.tar.gz'
trying URL 'https://cloud.r-project.org/src/contrib/raster_3.6-32.tar.gz'
trying URL 'https://cloud.r-project.org/src/contrib/promises_1.5.0.tar.gz'
trying URL 'https://cloud.r-project.org/src/contrib/gdtools_0.5.0.tar.gz'
trying URL 'https://cloud.r-project.org/src/contrib/classInt_0.4-11.tar.gz'
trying URL 'https://cloud.r-project.org/src/contrib/s2_1.1.9.tar.gz'
trying URL 'https://cloud.r-project.org/src/contrib/units_1.0-1.tar.gz'
trying URL 'https://cloud.r-project.org/src/contrib/patchwork_1.3.2.tar.gz'
trying URL 'https://cloud.r-project.org/src/contrib/tidyverse_2.0.0.tar.gz'
trying URL 'https://cloud.r-project.org/src/contrib/viridis_0.6.5.tar.gz'
trying URL 'https://cloud.r-project.org/src/contrib/leaflet_2.2.3.tar.gz'
trying URL 'https://cloud.r-project.org/src/contrib/DT_0.34.0.tar.gz'
trying URL 'https://cloud.r-project.org/src/contrib/ggiraph_0.9.6.tar.gz'
trying URL 'https://cloud.r-project.org/src/contrib/sf_1.1-0.tar.gz'
* installing *source* package 'fontBitstreamVera' ...
** this is package 'fontBitstreamVera' version '0.1.1'
** package 'fontBitstreamVera' successfully unpacked and MD5 sums checked
** using staged installation
** inst
** help
*** installing help indices
** building package indices
** testing if installed package can be loaded from temporary location
** testing if installed package can be loaded from final location
** testing if installed package keeps a record of temporary installation path
* DONE (fontBitstreamVera)
* installing *source* package 'fontLiberation' ...
** this is package 'fontLiberation' version '0.1.0'
** package 'fontLiberation' successfully unpacked and MD5 sums checked
** using staged installation
** inst
** help
*** installing help indices
** building package indices
** testing if installed package can be loaded from temporary location
** testing if installed package can be loaded from final location
** testing if installed package keeps a record of temporary installation path
* DONE (fontLiberation)
* installing *source* package 'proxy' ...
** this is package 'proxy' version '0.4-29'
** package 'proxy' successfully unpacked and MD5 sums checked
** using staged installation
** libs
using C compiler: 'gcc (Ubuntu 11.4.0-1ubuntu1~22.04.3) 11.4.0'
installing to /home/runner/work/quarto-extensions/quarto-extensions/test-16/R/x86_64-pc-linux-gnu-library/4.5/00LOCK-proxy/00new/proxy/libs
** R
** inst
** byte-compile and prepare package for lazy loading
** help
*** installing help indices
** building package indices
** installing vignettes
** testing if installed package can be loaded from temporary location
** checking absolute paths in shared objects and dynamic libraries
** testing if installed package can be loaded from final location
** testing if installed package keeps a record of temporary installation path
* DONE (proxy)
* installing *source* package 'lazyeval' ...
** this is package 'lazyeval' version '0.2.2'
** package 'lazyeval' successfully unpacked and MD5 sums checked
** using staged installation
** libs
using C compiler: 'gcc (Ubuntu 11.4.0-1ubuntu1~22.04.3) 11.4.0'
installing to /home/runner/work/quarto-extensions/quarto-extensions/test-16/R/x86_64-pc-linux-gnu-library/4.5/00LOCK-lazyeval/00new/lazyeval/libs
** R
** inst
** byte-compile and prepare package for lazy loading
** help
*** installing help indices
** building package indices
** installing vignettes
** testing if installed package can be loaded from temporary location
** checking absolute paths in shared objects and dynamic libraries
** testing if installed package can be loaded from final location
** testing if installed package keeps a record of temporary installation path
* DONE (lazyeval)
* installing *source* package 'sp' ...
** this is package 'sp' version '2.2-1'
** package 'sp' successfully unpacked and MD5 sums checked
** using staged installation
** libs
using C compiler: 'gcc (Ubuntu 11.4.0-1ubuntu1~22.04.3) 11.4.0'
installing to /home/runner/work/quarto-extensions/quarto-extensions/test-16/R/x86_64-pc-linux-gnu-library/4.5/00LOCK-sp/00new/sp/libs
** R
** data
** demo
** inst
** byte-compile and prepare package for lazy loading
** help
*** installing help indices
** building package indices
** installing vignettes
** testing if installed package can be loaded from temporary location
** checking absolute paths in shared objects and dynamic libraries
** testing if installed package can be loaded from final location
** testing if installed package keeps a record of temporary installation path
* DONE (sp)
* installing *source* package 'terra' ...
** this is package 'terra' version '1.9-1'
** package 'terra' successfully unpacked and MD5 sums checked
** using staged installation
ERROR: 'configure' exists but is not executable -- see the 'R Installation and Administration Manual'
* removing '/home/runner/work/quarto-extensions/quarto-extensions/test-16/R/x86_64-pc-linux-gnu-library/4.5/terra'
* installing *source* package 'later' ...
** this is package 'later' version '1.4.8'
** package 'later' successfully unpacked and MD5 sums checked
** using staged installation
ERROR: 'configure' exists but is not executable -- see the 'R Installation and Administration Manual'
* removing '/home/runner/work/quarto-extensions/quarto-extensions/test-16/R/x86_64-pc-linux-gnu-library/4.5/later'
* installing *source* package 'otel' ...
** this is package 'otel' version '0.2.0'
** package 'otel' successfully unpacked and MD5 sums checked
** using staged installation
** R
** inst
** byte-compile and prepare package for lazy loading
** help
*** installing help indices
** building package indices
** testing if installed package can be loaded from temporary location
** testing if installed package can be loaded from final location
** testing if installed package keeps a record of temporary installation path
* DONE (otel)
* installing *source* package 'wk' ...
** this is package 'wk' version '0.9.5'
** package 'wk' successfully unpacked and MD5 sums checked
** using staged installation
** libs
using C compiler: 'gcc (Ubuntu 11.4.0-1ubuntu1~22.04.3) 11.4.0'
using C++ compiler: 'g++ (Ubuntu 11.4.0-1ubuntu1~22.04.3) 11.4.0'
installing to /home/runner/work/quarto-extensions/quarto-extensions/test-16/R/x86_64-pc-linux-gnu-library/4.5/00LOCK-wk/00new/wk/libs
** R
** data
*** moving datasets to lazyload DB
** inst
** byte-compile and prepare package for lazy loading
** help
*** installing help indices
** building package indices
** testing if installed package can be loaded from temporary location
** checking absolute paths in shared objects and dynamic libraries
** testing if installed package can be loaded from final location
** testing if installed package keeps a record of temporary installation path
* DONE (wk)
* installing *source* package 'ragg' ...
** this is package 'ragg' version '1.5.2'
** package 'ragg' successfully unpacked and MD5 sums checked
** using staged installation
ERROR: 'configure' exists but is not executable -- see the 'R Installation and Administration Manual'
* removing '/home/runner/work/quarto-extensions/quarto-extensions/test-16/R/x86_64-pc-linux-gnu-library/4.5/ragg'
* installing *source* package 'gridExtra' ...
** this is package 'gridExtra' version '2.3'
** package 'gridExtra' successfully unpacked and MD5 sums checked
** using staged installation
** R
** inst
** byte-compile and prepare package for lazy loading
** help
*** installing help indices
** building package indices
** installing vignettes
** testing if installed package can be loaded from temporary location
** testing if installed package can be loaded from final location
** testing if installed package keeps a record of temporary installation path
* DONE (gridExtra)
* installing *source* package 'leaflet.providers' ...
** this is package 'leaflet.providers' version '3.0.0'
** package 'leaflet.providers' successfully unpacked and MD5 sums checked
** using staged installation
** R
** inst
** byte-compile and prepare package for lazy loading
** help
*** installing help indices
** building package indices
** testing if installed package can be loaded from temporary location
** testing if installed package can be loaded from final location
** testing if installed package keeps a record of temporary installation path
* DONE (leaflet.providers)
* installing *source* package 'units' ...
** this is package 'units' version '1.0-1'
** package 'units' successfully unpacked and MD5 sums checked
** using staged installation
ERROR: 'configure' exists but is not executable -- see the 'R Installation and Administration Manual'
* removing '/home/runner/work/quarto-extensions/quarto-extensions/test-16/R/x86_64-pc-linux-gnu-library/4.5/units'
* installing *source* package 'patchwork' ...
** this is package 'patchwork' version '1.3.2'
** package 'patchwork' successfully unpacked and MD5 sums checked
** using staged installation
** R
** inst
** byte-compile and prepare package for lazy loading
** help
*** installing help indices
*** copying figures
** building package indices
** installing vignettes
** testing if installed package can be loaded from temporary location
** testing if installed package can be loaded from final location
** testing if installed package keeps a record of temporary installation path
* DONE (patchwork)
* installing *source* package 'fontquiver' ...
** this is package 'fontquiver' version '0.2.1'
** package 'fontquiver' successfully unpacked and MD5 sums checked
** using staged installation
** R
** inst
** byte-compile and prepare package for lazy loading
** help
*** installing help indices
** building package indices
** testing if installed package can be loaded from temporary location
** testing if installed package can be loaded from final location
** testing if installed package keeps a record of temporary installation path
* DONE (fontquiver)
* installing *source* package 'e1071' ...
** this is package 'e1071' version '1.7-17'
** package 'e1071' successfully unpacked and MD5 sums checked
** using staged installation
** libs
using C compiler: 'gcc (Ubuntu 11.4.0-1ubuntu1~22.04.3) 11.4.0'
using C++ compiler: 'g++ (Ubuntu 11.4.0-1ubuntu1~22.04.3) 11.4.0'
installing to /home/runner/work/quarto-extensions/quarto-extensions/test-16/R/x86_64-pc-linux-gnu-library/4.5/00LOCK-e1071/00new/e1071/libs
** R
** inst
** byte-compile and prepare package for lazy loading
** help
*** installing help indices
** building package indices
** installing vignettes
** testing if installed package can be loaded from temporary location
** checking absolute paths in shared objects and dynamic libraries
** testing if installed package can be loaded from final location
** testing if installed package keeps a record of temporary installation path
* DONE (e1071)
* installing *source* package 'crosstalk' ...
** this is package 'crosstalk' version '1.2.2'
** package 'crosstalk' successfully unpacked and MD5 sums checked
** using staged installation
** R
** inst
** byte-compile and prepare package for lazy loading
** help
*** installing help indices
** building package indices
** testing if installed package can be loaded from temporary location
** testing if installed package can be loaded from final location
** testing if installed package keeps a record of temporary installation path
* DONE (crosstalk)
ERROR: dependency 'terra' is not available for package 'raster'
Perhaps try a variation of:
install.packages('terra')
* removing '/home/runner/work/quarto-extensions/quarto-extensions/test-16/R/x86_64-pc-linux-gnu-library/4.5/raster'
ERROR: dependency 'later' is not available for package 'promises'
Perhaps try a variation of:
install.packages('later')
* removing '/home/runner/work/quarto-extensions/quarto-extensions/test-16/R/x86_64-pc-linux-gnu-library/4.5/promises'
* installing *source* package 's2' ...
** this is package 's2' version '1.1.9'
** package 's2' successfully unpacked and MD5 sums checked
** using staged installation
ERROR: 'configure' exists but is not executable -- see the 'R Installation and Administration Manual'
* removing '/home/runner/work/quarto-extensions/quarto-extensions/test-16/R/x86_64-pc-linux-gnu-library/4.5/s2'
ERROR: dependency 'ragg' is not available for package 'tidyverse'
Perhaps try a variation of:
install.packages('ragg')
* removing '/home/runner/work/quarto-extensions/quarto-extensions/test-16/R/x86_64-pc-linux-gnu-library/4.5/tidyverse'
* installing *source* package 'viridis' ...
** this is package 'viridis' version '0.6.5'
** package 'viridis' successfully unpacked and MD5 sums checked
** using staged installation
** R
** data
*** moving datasets to lazyload DB
** inst
** byte-compile and prepare package for lazy loading
** help
*** installing help indices
*** copying figures
** building package indices
** installing vignettes
** testing if installed package can be loaded from temporary location
** testing if installed package can be loaded from final location
** testing if installed package keeps a record of temporary installation path
* DONE (viridis)
* installing *source* package 'gdtools' ...
** this is package 'gdtools' version '0.5.0'
** package 'gdtools' successfully unpacked and MD5 sums checked
** using staged installation
ERROR: 'configure' exists but is not executable -- see the 'R Installation and Administration Manual'
* removing '/home/runner/work/quarto-extensions/quarto-extensions/test-16/R/x86_64-pc-linux-gnu-library/4.5/gdtools'
* installing *source* package 'classInt' ...
** this is package 'classInt' version '0.4-11'
** package 'classInt' successfully unpacked and MD5 sums checked
** using staged installation
** libs
using C compiler: 'gcc (Ubuntu 11.4.0-1ubuntu1~22.04.3) 11.4.0'
using Fortran compiler: 'GNU Fortran (Ubuntu 11.4.0-1ubuntu1~22.04.3) 11.4.0'
installing to /home/runner/work/quarto-extensions/quarto-extensions/test-16/R/x86_64-pc-linux-gnu-library/4.5/00LOCK-classInt/00new/classInt/libs
** R
** inst
** byte-compile and prepare package for lazy loading
** help
*** installing help indices
** building package indices
** installing vignettes
** testing if installed package can be loaded from temporary location
** checking absolute paths in shared objects and dynamic libraries
** testing if installed package can be loaded from final location
** testing if installed package keeps a record of temporary installation path
* DONE (classInt)
ERROR: dependency 'promises' is not available for package 'DT'
Perhaps try a variation of:
install.packages('promises')
* removing '/home/runner/work/quarto-extensions/quarto-extensions/test-16/R/x86_64-pc-linux-gnu-library/4.5/DT'
ERROR: dependency 'gdtools' is not available for package 'ggiraph'
Perhaps try a variation of:
install.packages('gdtools')
* removing '/home/runner/work/quarto-extensions/quarto-extensions/test-16/R/x86_64-pc-linux-gnu-library/4.5/ggiraph'
ERROR: dependencies 's2', 'units' are not available for package 'sf'
Perhaps try a variation of:
install.packages(c('s2', 'units'))
* removing '/home/runner/work/quarto-extensions/quarto-extensions/test-16/R/x86_64-pc-linux-gnu-library/4.5/sf'
ERROR: dependencies 'raster', 'sf' are not available for package 'leaflet'
Perhaps try a variation of:
install.packages(c('raster', 'sf'))
* removing '/home/runner/work/quarto-extensions/quarto-extensions/test-16/R/x86_64-pc-linux-gnu-library/4.5/leaflet'

The downloaded source packages are in
	'/tmp/RtmpOgTgqL/downloaded_packages'
There were 14 warnings (use warnings() to see them)
WARN: Theme file not found: custom.scss
pandoc 
  to: html
  output-file: template.html
  standalone: true
  self-contained: true
  section-divs: true
  html-math-method: mathjax
  wrap: none
  default-image-extension: png
  toc: true
  css:
    - _extensions/lumo/style.css
  variables: {}
  
metadata
  document-css: false
  link-citations: true
  date-format: long
  lang: en
  code-summary: Code
  toc-location: left
  toc-title: ' '
  theme:
    - custom.scss
  smooth-scroll: true
  code-annotations: hover
  title-block-banner: true
  engines:
    - path: /opt/quarto/share/extension-subtrees/julia-engine/_extensions/julia-engine/julia-engine.js
  title: 'Lumo: a clean Quarto template for stunning data reports'
  subtitle: This document showcases how a Quarto report made using the <code>Lumo</code> format looks like. It also demoes a few tips and tricks I 💜
  author: Holtz Yan
  date: last-modified
  logo: logo.png
  github-repo: https://github.com/holtzy/lumo
  primary-color: '#69b3a2'
  is-particlejs-enabled: true
  bg-image: ''
  
Output created: template.html



processing file: template.qmd
1/19                  
2/19 [unnamed-chunk-1]
Error in `library()`:
! there is no package called 'tidyverse'
Backtrace:
    x
 1. \-base::library(tidyverse)

Quitting from template.qmd:43-48 [unnamed-chunk-1]
Execution halted
WARN: Error encountered when rendering files
Render failed, retrying once...


processing file: template.qmd
1/19                  
2/19 [unnamed-chunk-1]
Error in `library()`:
! there is no package called 'tidyverse'
Backtrace:
    x
 1. \-base::library(tidyverse)

Quitting from template.qmd:43-48 [unnamed-chunk-1]
Execution halted
WARN: Error encountered when rendering files
