

processing file: template.qmd

1/5                  

2/5 [unnamed-chunk-1]

3/5                  

4/5 [fig-n-lights]   

5/5                  

output file: template.knit.md


Warning message:
Duplicated chunk option(s) 'label' in both chunk header and pipe comments of the chunk 'fig-n-lights'. 



processing file: template.qmd

1/5                  

2/5 [unnamed-chunk-1]

3/5                  

4/5 [fig-n-lights]   

5/5                  

output file: template.knit.md


Warning message:
Duplicated chunk option(s) 'label' in both chunk header and pipe comments of the chunk 'fig-n-lights'. 


Rendering PDF

running lualatex - 1

  This is LuaHBTeX, Version 1.24.0 (TeX Live 2026) 
   restricted system commands enabled.
  

running lualatex - 2

  This is LuaHBTeX, Version 1.24.0 (TeX Live 2026) 
   restricted system commands enabled.
  



(ERROR) NotFound: No such file or directory (os error 2): open '/home/runner/work/quarto-extensions/quarto-extensions/test-2/repo/template.tex'

Stack trace:
    at Object.open (ext:deno_fs/30_fs.js:541:21)
    at processLines (file:///opt/quarto/bin/quarto.js:117642:27)
    at file:///opt/quarto/bin/quarto.js:117621:11
    at Object.complete (file:///opt/quarto/bin/quarto.js:116476:33)
    at eventLoopTick (ext:core/01_core.js:178:7)
    at async Object.onPostProcess (file:///opt/quarto/bin/quarto.js:125134:28)
    at async renderFileInternal (file:///opt/quarto/bin/quarto.js:125118:3)
    at async renderFiles (file:///opt/quarto/bin/quarto.js:124837:9)
    at async renderProject (file:///opt/quarto/bin/quarto.js:125362:23)
    at async _Command.actionHandler (file:///opt/quarto/bin/quarto.js:130887:24)

