(ERROR) Specified Reveal plugin directory 'editable' does not exist.

Stack trace:
    at pluginFromBundle (file:///opt/quarto/bin/quarto.js:183773:11)
    at revealPluginExtras (file:///opt/quarto/bin/quarto.js:183569:52)
    at eventLoopTick (ext:core/01_core.js:179:7)
    at async Object.formatExtras (file:///opt/quarto/bin/quarto.js:184165:34)
    at async runPandoc (file:///opt/quarto/bin/quarto.js:129144:56)
    at async renderPandoc (file:///opt/quarto/bin/quarto.js:130849:24)
    at async Object.onRender (file:///opt/quarto/bin/quarto.js:136792:30)
    at async renderFileInternal (file:///opt/quarto/bin/quarto.js:136769:9)
    at async renderFiles (file:///opt/quarto/bin/quarto.js:136500:9)
    at async renderProject (file:///opt/quarto/bin/quarto.js:137069:23)
    at async _Command.actionHandler (file:///opt/quarto/bin/quarto.js:142399:24)
    at async _Command.execute (file:///opt/quarto/bin/quarto.js:102022:7)
    at async _Command.parseCommand (file:///opt/quarto/bin/quarto.js:101899:14)
    at async quarto4 (file:///opt/quarto/bin/quarto.js:187518:5)
    at async file:///opt/quarto/bin/quarto.js:187546:5
    at async file:///opt/quarto/bin/quarto.js:187401:14
    at async mainRunner (file:///opt/quarto/bin/quarto.js:187403:5)
    at async file:///opt/quarto/bin/quarto.js:187539:3

