

processing file: example-academic.qmd

1/23                   

2/23 [unnamed-chunk-1] 

3/23                   

4/23 [unnamed-chunk-2] 

5/23                   

6/23 [unnamed-chunk-3] 

7/23                   

8/23 [unnamed-chunk-4] 

9/23                   

10/23 [unnamed-chunk-5] 

11/23                   

12/23 [unnamed-chunk-6] 

13/23                   

14/23 [unnamed-chunk-7] 

15/23                   

16/23 [unnamed-chunk-8] 

17/23                   

18/23 [unnamed-chunk-9] 

19/23                   

20/23 [unnamed-chunk-10]

21/23                   

22/23 [unnamed-chunk-11]

23/23                   

output file: example-academic.knit.md




processing file: example-long.qmd

1/9                  

2/9 [simple-plot]    


3/9                  

4/9 [unnamed-chunk-1]

5/9                  

6/9 [unnamed-chunk-2]

7/9                  

8/9 [unnamed-chunk-3]

9/9                  

output file: example-long.knit.md




processing file: example.qmd

1/9                  

2/9 [unnamed-chunk-1]

3/9                  

4/9 [unnamed-chunk-2]

5/9                  

6/9 [unnamed-chunk-3]

7/9                  

8/9 [tab-tab1]       

9/9                  

output file: example.knit.md




Output created: _site/index.html


