Cloning into 'repo'...
Installing package into '/home/runner/work/quarto-extensions/quarto-extensions/test-10/R/x86_64-pc-linux-gnu-library/4.5'
(as 'lib' is unspecified)
trying URL 'https://packagemanager.posit.co/cran/latest/src/contrib/renv_1.2.0.tar.gz'
Content type 'binary/octet-stream' length 1342988 bytes (1.3 MB)
==================================================
downloaded 1.3 MB

* installing *source* package 'renv' ...
** this is package 'renv' version '1.2.0'
** package 'renv' successfully unpacked and MD5 sums checked
** using staged installation
** R
** inst
** byte-compile and prepare package for lazy loading
** help
*** installing help indices
*** copying figures
** building package indices
** installing vignettes
** testing if installed package can be loaded from temporary location
** checking absolute paths in shared objects and dynamic libraries
** testing if installed package can be loaded from final location
** testing if installed package keeps a record of temporary installation path
* DONE (renv)

The downloaded source packages are in
	'/tmp/Rtmpt8BEJ8/downloaded_packages'
[1/6] example-academic.qmd


processing file: example-academic.qmd
1/23                   
2/23 [unnamed-chunk-1] 
3/23                   
4/23 [unnamed-chunk-2] 
5/23                   
6/23 [unnamed-chunk-3] 
7/23                   
8/23 [unnamed-chunk-4] 
9/23                   
10/23 [unnamed-chunk-5] 
11/23                   
12/23 [unnamed-chunk-6] 
13/23                   
14/23 [unnamed-chunk-7] 
15/23                   
16/23 [unnamed-chunk-8] 
17/23                   
18/23 [unnamed-chunk-9] 
19/23                   
20/23 [unnamed-chunk-10]
21/23                   
22/23 [unnamed-chunk-11]
23/23                   
output file: example-academic.knit.md

[2/6] example-long.qmd


processing file: example-long.qmd
1/9                  
2/9 [simple-plot]    
3/9                  
4/9 [unnamed-chunk-1]
5/9                  
6/9 [unnamed-chunk-2]
7/9                  
8/9 [unnamed-chunk-3]
9/9                  
output file: example-long.knit.md

[3/6] example.qmd


processing file: example.qmd
1/9                  
2/9 [unnamed-chunk-1]
3/9                  
4/9 [unnamed-chunk-2]
5/9                  
6/9 [unnamed-chunk-3]
7/9                  
8/9 [tab-tab1]       
9/9                  
output file: example.knit.md

[4/6] getting-started.qmd
[5/6] index.qmd
[6/6] reference.qmd

Output created: _site/index.html

