Cloning into 'repo'...


processing file: template.qmd
1/7             
2/7 [cvevents]  
3/7             
4/7 [experience]
Error in `loadNamespace()`:
! there is no package called 'tibble'
Backtrace:
    x
 1. +-global cvevents(...)
 2. | \-base::gsub("\n", " \\\\newline ", tbl[[where]])
 3. |   \-base::is.factor(x)
 4. \-base::loadNamespace(x)
 5.   \-base::withRestarts(stop(cond), retry_loadNamespace = function() NULL)
 6.     \-base (local) withOneRestart(expr, restarts[[1L]])
 7.       \-base (local) doWithOneRestart(return(expr), restart)

Quitting from template.qmd:127-140 [experience]
Execution halted
WARN: Error encountered when rendering files
Render failed, retrying once...


processing file: template.qmd
1/7             
2/7 [cvevents]  
3/7             
4/7 [experience]
Error in `loadNamespace()`:
! there is no package called 'tibble'
Backtrace:
    x
 1. +-global cvevents(...)
 2. | \-base::gsub("\n", " \\\\newline ", tbl[[where]])
 3. |   \-base::is.factor(x)
 4. \-base::loadNamespace(x)
 5.   \-base::withRestarts(stop(cond), retry_loadNamespace = function() NULL)
 6.     \-base (local) withOneRestart(expr, restarts[[1L]])
 7.       \-base (local) doWithOneRestart(return(expr), restart)

Quitting from template.qmd:127-140 [experience]
Execution halted
WARN: Error encountered when rendering files
