pandoc 

  to: html
  output-file: example.html
  standalone: true
  section-divs: true
  html-math-method: mathjax
  wrap: none
  default-image-extension: png
  variables: {}
  

metadata

  document-css: false
  link-citations: true
  date-format: long
  lang: en
  engines:
    - path: /opt/quarto/share/extension-subtrees/julia-engine/_extensions/julia-engine/julia-engine.js
  title: Unsplash Example
  

Error running filter /opt/quar
to/share/filters/main.lua:
Could not fetch https://source.unsplash.com/random
HttpExceptionRequest Request {
  host                 = "source.unsplash.com"
  port                 = 443
  secure               = True
  requestHeaders       = []
  path                 = "/random"
  queryString          = ""
  method               = "GET"
  proxy                = Nothing
  rawBody              = False
  redirectCount        = 10
  responseTimeout      
= ResponseTimeoutDefault
  requestVersion       = HTTP/1.1
  proxySecureMode      = ProxySecureWithConnect
}
 (StatusCodeException (Response {responseStat
us = Status {statusCode = 503, statusMessage = "Service Unavailable"}, responseVersion = HTTP/1
.1, responseHeaders = [("Cache-Control","no-cache, no-store"),("
Content-Type","text/html; charset=utf-8"),("Nel","{\"report_to\":\"heroku-nel\",\"response_headers\":[\"Via\"],\"max_ag
e\":3600,\"success_fraction\":0.01,\"failure_fraction\":0.1}"),("Report-To","{
\"group\":\"heroku-nel\",\"endpoints\":[{\"url\":\"https://nel.heroku.c
om/reports?s=GbWswNsPp4CtcQqXs3fXFEkXOaERgLuHSmsZtiPxrgo%3D
\\u0026sid=af571f24-03ee-46d1-9f90-ab9030c2c74c\\u0026ts=1776037199\"}],\"max_age\":3600}"),("Reporting-Endpoints"
,"heroku-nel=\"https://nel.heroku.com/reports?s=GbWswNsPp4CtcQqXs3fXFEkXOaERgLuHSmsZti
Pxrgo%3D&sid=af571f24-03ee-46d1-9f90-ab9030c2c74c&ts=1776037199\""),("Server","Herok
u"),("Via","1.1 heroku-router"),("Date","Sun, 12
 Apr 2026 23:39:59 GMT"),("Content-Length"
,"567")], responseBody = (), responseCoo
kieJar = CJ {expose = []}, responseClose
' = ResponseClose, responseOriginalReques
t = Request {
  host                 = "s
ource.unsplash.com"
  port            
     = 443
  secure               = True
  
requestHeaders       = []
  path                 = "/r
andom"
  queryString          = ""
  method
               = "GET"
  proxy           
     = Nothing
  rawBody              =
 False
  redirectCount        = 10
  res
ponseTimeout      = ResponseTimeoutDefa
ult
  requestVersion       = HTTP/1.1
  
proxySecureMode      = ProxySecureWithCo
nnect
}
, responseEarlyHints = []}) "<!DO
CTYPE html>\n<html>\n  <head>\n    <met
a name=\"viewport\" content=\"width=devi
ce-width, initial-scale=1\">\n    <meta
 charset=\"utf-8\">\n    <title>Applica
tion Error</title>\n    <style media=\
"screen\">\n      html,body,iframe {\n 
       margin: 0;\n        padding: 0;
\n      }\n\n      html,body {\n       
 height: 100%;\n        overflow: hid
den;\n      }\n\n      iframe {\n      
  width: 100%;\n        height: 100%;\n        border: 0;\n      }\n    </styl
e>\n  </head>\n  <body>\n    <iframe src=\
"https://www.herokucdn.com/error-pages/
application-error.html\"></iframe>\
n  </body>\n</html>")
stack traceback:

	...xtensions/test-23/repo/_extensions/
unsplash/unsplash.lua:179: in function 
<...xtensions/test-23/repo/_extensions/un
splash/unsplash.lua:41>
	(...tail call
s...)
	[string "if pandoc.system.os == "mingw32" then..."]:778: in function <[string "if p
andoc.system.os == "mingw32" then..."]:776>
	(...tail calls...)
	/opt
/quarto/share/filters/main.lua:21774: in upvalue 'handle_shortcode'

	/opt/quarto/share/filters/main.lua:21839: in function </opt/quarto/share/filters/m
ain.lua:21831>
	[C]: in ?
	[C]: in method '
walk'
	/opt/quarto/share/pandoc/datadir/_utils.lua:607: in function '
_utils.walk'
	/opt/quarto/share/filters/main.lua:574: in function
 </opt/quarto/share/filters/main.lua:552>
	(...tail calls...)
	/opt/quarto/share/f
ilters/main.lua:21879: in field 'Pandoc'
	/opt/quarto/sha
re/filters/main.lua:588: in function 'r
un_emulated_filter'
	/opt/quarto/share/
filters/main.lua:1317: in local 'callba
ck'
	/opt/quarto/share/filters/main.lua:1335: in u
pvalue 'run_emulated_filter_chain'
	/opt/q
uarto/share
/filter
s/main.l
ua:1371: in function </opt/quarto/sha
re/filters/main.lua:1368>
stack traceback:
	/opt/quarto/share/pando
c/datadir/_utils.lua:607: in function '_utils.walk'
	/opt/quarto/sh
are/filters/main.lua:574: in function </opt/quarto/share/filters/m
ain.lua:552>
	(...tail calls...)
	/opt/quarto/share/filters/main.lua:21879: in field 'Pandoc'
	/opt/quarto/share/filters/main.lua:588: in function 'run_emulated_filter'
	/opt/quarto/share/filters/main.lua:1317: in local 'callback'
	/opt/quarto/share/filters/main.lua:1335: in upvalue 'run_emulated_filter_chain'
	/opt/quarto/share/filters/main.lua:1371: in function </opt/quarto/share/filters/main.lua:1368>

(WARN) Error encountered when rendering files

