pandoc 

  to: html
  output-file: index.html
  standalone: true
  section-divs: true
  html-math-method: mathjax
  wrap: none
  default-image-extension: png
  toc: true
  variables: {}
  

metadata

  document-css: false
  link-citations: true
  date-format: long
  lang: en
  engines:
    - path: /opt/quarto/share/extension-subtrees/julia-engine/_extensions/julia-engine/julia-engine.js
  title: Swissbiopics Examples
  

FATAL (/opt/quarto/share/filters/main.lua:3760) An error occurred:
Could not run /home/runner/work/quarto-extensions/quarto-extensions/test-24/repo/docs/swissbiopics as a JSON filter.
Please make sure the file exists and is executable.

Did you intend 'swissbiopics' as a Lua filter in an extension?
If so, make sure you've spelled the name of the extension correctly.

The original Pandoc error follows below.
Error running filter /home/runner/work/quarto-extensions/quarto-extensions/test-24/repo/docs/swissbiopics:
Could not find executable /home/runner/work/quarto-extensions/quarto-extensions/test-24/repo/docs/swissbiopics

Error runn
ing filter /opt/quarto/share/filters/main.lua:
/opt/quarto/share/filters/main.lua:588: FATAL QUARTO 
ERROR
stack traceback:
	/opt/quarto/share/filters/main.lua:2622: i
n function 'fatal'
	/opt/quarto/share/filters/mai
n.lua:2202: in function 'fail'
	/opt/quarto/
share/filters/main.lua:3760: in field
 'Pandoc'
	/opt/quarto/sha
re/filters/main.lua:588: in f
unction 'run_emulated_filter'
	/opt/quarto/share/fi
lters/main.lua:1317: in local 'ca
llback'
	/opt/quarto
/share/filters/ma
in.lua:1335: in u
pvalue 'run_emulate
d_filter_chain'

	/opt/quarto/sh
are/filters/main
.lua:1371: in fu
nction </opt/qua
rto/share/filter
s/main.lua:1368>


(WARN) Error encountered when rendering files

