

processing file: template.qmd

1/11                  

2/11 [unnamed-chunk-1]

3/11                  

4/11 [unnamed-chunk-2]

5/11                  

6/11 [unnamed-chunk-3]

7/11                  

8/11 [unnamed-chunk-4]

9/11                  

10/11 [unnamed-chunk-5]

11/11                  

output file: template.knit.md


pandoc 

  to: latex
  output-file: template.tex
  standalone: true
  pdf-engine: lualatex
  variables:
    graphics: true
    tables: true
  default-image-extension: pdf
  shift-heading-level-by: -1
  cite-method: natbib
  

metadata

  block-headings: true
  knitr:
    opts_chunk:
      R.options:
        prompt: 'R> '
        continue: +
  documentclass: jss
  tbl-cap-location: bottom
  biblio-config: false
  engines:
    - path: /opt/quarto/share/extension-subtrees/julia-engine/_extensions/julia-engine/julia-engine.js
  title: 'A Short Demo Article: Regression Models for Count Data in R'
  author:
    - name: Achim Zeileis
      affiliations:
        - name: Universität Innsbruck
          department: Department of Statistics
          address: Universitätsstr. 15
          city: Innsbruck
          country: Austria
          postal-code: 6020
        - Journal of Statistical Software
      orcid: 0000-0003-0918-3766
      email: Achim.Zeileis@R-project.org
      url: https://www.zeileis.org/
    - name: Second  Author
      affiliations:
        - Plus Affiliation
  abstract: |
    This short article illustrates how to write a manuscript for the
    _Journal of Statistical Software_ (JSS) using its {{< latex >}} style files.
    Generally, we ask to follow JSS's style guide and FAQs precisely. Also,
    it is recommended to keep the {{< latex >}} code as simple as possible,
    i.e., avoid inclusion of packages/commands that are not necessary.
    For outlining the typical structure of a JSS article some brief text snippets are employed that have been inspired by @ZeileisKleiberJackman2008, discussing count data regression in [R]{.proglang}. Editorial comments and instructions are marked by vertical bars.
  keywords:
    - JSS
    - style guide
    - comma-separated
    - not capitalized
    - R
  keywords-formatted:
    - JSS
    - style guide
    - comma-separated
    - not capitalized
    - '[R]{.proglang}'
  bibliography:
    - bibliography.bib
  


Rendering PDF

running lualatex - 1

  This is LuaHBTeX, Version 1.24.0 (TeX Live 2026) 
   restricted system commands enabled.
  
  luaotfload | db : Font names database not found, generating new one.
  luaotfload | db : This can take several minutes; please be patient.

updating tlmgr



updating existing packages

finding package for ae.sty

> 1 package to install

> installing ae (1 of 1)

  This is LuaHBTeX, Version 1.24.0 (TeX Live 2026) 
   restricted system commands enabled.
  

finding package for orcidlink.sty

> 1 package to install

> installing orcidlink (1 of 1)

  This is LuaHBTeX, Version 1.24.0 (TeX Live 2026) 
   restricted system commands enabled.
  

finding package for tikz.sty

> 1 package to install

> installing pgf (1 of 1)

  This is LuaHBTeX, Version 1.24.0 (TeX Live 2026) 
   restricted system commands enabled.
  

finding package for thumbpdf.sty

> 1 package to install

> installing thumbpdf (1 of 1)

  This is LuaHBTeX, Version 1.24.0 (TeX Live 2026) 
   restricted system commands enabled.
  

finding package for tcolorbox.sty

> 1 package to install

> installing tcolorbox (1 of 1)

  This is LuaHBTeX, Version 1.24.0 (TeX Live 2026) 
   restricted system commands enabled.
  

finding package for tikzfill.image.sty

> 1 package to install

> installing tikzfill (1 of 1)

  This is LuaHBTeX, Version 1.24.0 (TeX Live 2026) 
   restricted system commands enabled.
  

finding package for pdfcol.sty

> 1 package to install

> installing pdfcol (1 of 1)

  This is LuaHBTeX, Version 1.24.0 (TeX Live 2026) 
   restricted system commands enabled.
  

finding package for fontawesome5.sty

> 1 package to install

> installing fontawesome5 (1 of 1)

  This is LuaHBTeX, Version 1.24.0 (TeX Live 2026) 
   restricted system commands enabled.
  

finding package for caption.sty

> 1 package to install

> installing caption (1 of 1)

  This is LuaHBTeX, Version 1.24.0 (TeX Live 2026) 
   restricted system commands enabled.
  

generating bibliography

  This is BibTeX, Version 0.99e (TeX Live 2026)
  The top-level auxiliary file: template.aux
  The style file: jss.bst
  Database file #1: bibliography.bib
  

running lualatex - 2

  This is LuaHBTeX, Version 1.24.0 (TeX Live 2026) 
   restricted system commands enabled.
  

running lualatex - 3

  This is LuaHBTeX, Version 1.24.0 (TeX Live 2026) 
   restricted system commands enabled.
  



Output created: template.pdf


