

processing file: data.qmd

1/17                  

2/17 [unnamed-chunk-1]

3/17                  

4/17 [unnamed-chunk-2]

5/17                  

6/17 [unnamed-chunk-3]

7/17                  

8/17 [unnamed-chunk-4]

9/17                  

10/17 [unnamed-chunk-5]

11/17                  

12/17 [unnamed-chunk-6]

13/17                  

14/17 [unnamed-chunk-7]

15/17                  

16/17 [unnamed-chunk-8]

17/17                  

output file: data.knit.md


pandoc 

  to: html
  output-file: data.html
  standalone: true
  title-prefix: Quarto Live Documentation
  section-divs: true
  html-math-method: mathjax
  wrap: none
  default-image-extension: png
  toc: true
  variables: {}
  

metadata

  document-css: false
  link-citations: true
  date-format: long
  lang: en
  ojs-engine: true
  theme:
    light: cosmo
    dark: darkly
  title: Data Conversion
  subtitle: Automatic handling of data conversion to and from WebAssembly
  webr:
    cell-options:
      autorun: true
  

Output created: ../_site/interactive/data.html


