

processing file: grading.qmd

1/19                  

2/19 [unnamed-chunk-1]

3/19                  

4/19 [unnamed-chunk-2]

5/19                  

6/19 [unnamed-chunk-3]

7/19                  

8/19 [unnamed-chunk-4]

9/19                  

10/19 [unnamed-chunk-5]

11/19                  

12/19 [unnamed-chunk-6]

13/19                  

14/19 [unnamed-chunk-7]

15/19                  

16/19 [unnamed-chunk-8]

17/19                  

18/19 [unnamed-chunk-9]

19/19                  

output file: grading.knit.md


pandoc 

  to: html
  output-file: grading.html
  standalone: true
  title-prefix: Quarto Live Documentation
  section-divs: true
  html-math-method: mathjax
  wrap: none
  default-image-extension: png
  toc: true
  variables: {}
  

metadata

  document-css: false
  link-citations: true
  date-format: long
  lang: en
  ojs-engine: true
  theme:
    light: cosmo
    dark: darkly
  title: Grading Solutions
  subtitle: Custom algorithms for grading and feedback of submitted R and Python code
  webr:
    packages:
      - dplyr
  

Output created: ../_site/exercises/grading.html


