Cloning into 'repo'...


processing file: template.qmd
1/5                  
2/5 [unnamed-chunk-1]
3/5                  
4/5 [unnamed-chunk-2]
5/5                  
output file: template.knit.md

pandoc 
  to: html
  output-file: template.html
  standalone: true
  section-divs: true
  html-math-method: mathjax
  wrap: none
  default-image-extension: png
  variables: {}
  
metadata
  document-css: false
  link-citations: true
  date-format: long
  lang: en
  ojs-engine: true
  title: Quarto Live R Template
  webr:
    packages:
      - dplyr
      - ggplot2
  
Output created: template.html



processing file: gradethis.qmd
1/13                  
2/13 [unnamed-chunk-1]
3/13                  
4/13 [unnamed-chunk-2]
5/13                  
6/13 [unnamed-chunk-3]
7/13                  
8/13 [unnamed-chunk-4]
9/13                  
10/13 [unnamed-chunk-5]
11/13                  
12/13 [unnamed-chunk-6]
13/13                  
output file: gradethis.knit.md

pandoc 
  to: html
  output-file: gradethis.html
  standalone: true
  title-prefix: Quarto Live Documentation
  section-divs: true
  html-math-method: mathjax
  wrap: none
  default-image-extension: png
  toc: true
  variables: {}
  
metadata
  document-css: false
  link-citations: true
  date-format: long
  lang: en
  ojs-engine: true
  theme:
    light: cosmo
    dark: darkly
  title: Grading with `{gradethis}`
  subtitle: Grade solutions to R exercises using the existing `{gradethis}` R package
  webr:
    packages:
      - dplyr
  
Output created: ../_site/exercises/gradethis.html



processing file: exercises.qmd
1/23                   
2/23 [unnamed-chunk-1] 
3/23                   
4/23 [unnamed-chunk-2] 
5/23                   
6/23 [unnamed-chunk-3] 
7/23                   
8/23 [unnamed-chunk-4] 
9/23                   
10/23 [unnamed-chunk-5] 
11/23                   
12/23 [unnamed-chunk-6] 
13/23                   
14/23 [unnamed-chunk-7] 
15/23                   
16/23 [unnamed-chunk-8] 
17/23                   
18/23 [unnamed-chunk-9] 
19/23                   
20/23 [unnamed-chunk-10]
21/23                   
22/23 [unnamed-chunk-11]
23/23                   
output file: exercises.knit.md

pandoc 
  to: html
  output-file: exercises.html
  standalone: true
  title-prefix: Quarto Live Documentation
  section-divs: true
  html-math-method: mathjax
  wrap: none
  default-image-extension: png
  toc: true
  variables: {}
  
metadata
  document-css: false
  link-citations: true
  date-format: long
  lang: en
  ojs-engine: true
  theme:
    light: cosmo
    dark: darkly
  title: Creating Exercises
  subtitle: Evaluate learner code, providing support with hints and solutions
  webr:
    packages:
      - dplyr
  
Output created: ../_site/exercises/exercises.html



processing file: environments.qmd
1/29                   
2/29 [unnamed-chunk-1] 
3/29                   
4/29 [unnamed-chunk-2] 
5/29                   
6/29 [unnamed-chunk-3] 
7/29                   
8/29 [unnamed-chunk-4] 
9/29                   
10/29 [unnamed-chunk-5] 
11/29                   
12/29 [unnamed-chunk-6] 
13/29                   
14/29 [unnamed-chunk-7] 
15/29                   
16/29 [unnamed-chunk-8] 
17/29                   
18/29 [unnamed-chunk-9] 
19/29                   
20/29 [unnamed-chunk-10]
21/29                   
22/29 [unnamed-chunk-11]
23/29                   
24/29 [unnamed-chunk-12]
25/29                   
26/29 [unnamed-chunk-13]
27/29                   
28/29 [unnamed-chunk-14]
29/29                   
output file: environments.knit.md

pandoc 
  to: html
  output-file: environments.html
  standalone: true
  title-prefix: Quarto Live Documentation
  section-divs: true
  html-math-method: mathjax
  wrap: none
  default-image-extension: png
  toc: true
  variables: {}
  
metadata
  document-css: false
  link-citations: true
  date-format: long
  lang: en
  ojs-engine: true
  theme:
    light: cosmo
    dark: darkly
  title: Managing Environments
  webr:
    cell-options:
      autorun: true
  
Output created: ../_site/exercises/environments.html



processing file: grading.qmd
1/19                  
2/19 [unnamed-chunk-1]
3/19                  
4/19 [unnamed-chunk-2]
5/19                  
6/19 [unnamed-chunk-3]
7/19                  
8/19 [unnamed-chunk-4]
9/19                  
10/19 [unnamed-chunk-5]
11/19                  
12/19 [unnamed-chunk-6]
13/19                  
14/19 [unnamed-chunk-7]
15/19                  
16/19 [unnamed-chunk-8]
17/19                  
18/19 [unnamed-chunk-9]
19/19                  
output file: grading.knit.md

pandoc 
  to: html
  output-file: grading.html
  standalone: true
  title-prefix: Quarto Live Documentation
  section-divs: true
  html-math-method: mathjax
  wrap: none
  default-image-extension: png
  toc: true
  variables: {}
  
metadata
  document-css: false
  link-citations: true
  date-format: long
  lang: en
  ojs-engine: true
  theme:
    light: cosmo
    dark: darkly
  title: Grading Solutions
  subtitle: Custom algorithms for grading and feedback of submitted R and Python code
  webr:
    packages:
      - dplyr
  
Output created: ../_site/exercises/grading.html



processing file: index.qmd
1/5                  
2/5 [unnamed-chunk-1]
3/5                  
4/5 [unnamed-chunk-2]
5/5                  
output file: index.knit.md

pandoc 
  to: html
  output-file: index.html
  standalone: true
  title-prefix: Quarto Live Documentation
  section-divs: true
  html-math-method: mathjax
  wrap: none
  default-image-extension: png
  toc: true
  variables: {}
  
metadata
  document-css: false
  link-citations: true
  date-format: long
  lang: en
  ojs-engine: true
  theme:
    light: cosmo
    dark: darkly
  title: Introduction
  subtitle: WebAssembly powered code blocks and exercises for Quarto HTML documents
  
Output created: _site/index.html



processing file: dynamic.qmd
1/33                   
2/33 [unnamed-chunk-1] 
3/33                   
4/33 [unnamed-chunk-2] 
5/33                   
6/33 [unnamed-chunk-3] 
7/33                   
8/33 [unnamed-chunk-4] 
9/33                   
10/33 [unnamed-chunk-5] 
11/33                   
12/33 [unnamed-chunk-6] 
13/33                   
14/33 [unnamed-chunk-7] 
15/33                   
16/33 [unnamed-chunk-8] 
17/33                   
18/33 [unnamed-chunk-9] 
19/33                   
20/33 [unnamed-chunk-10]
21/33                   
22/33 [unnamed-chunk-11]
23/33                   
24/33 [unnamed-chunk-12]
25/33                   
26/33 [unnamed-chunk-13]
27/33                   
28/33 [unnamed-chunk-14]
29/33                   
30/33 [unnamed-chunk-15]
31/33                   
32/33 [unnamed-chunk-16]
33/33                   
output file: dynamic.knit.md

pandoc 
  to: html
  output-file: dynamic.html
  standalone: true
  title-prefix: Quarto Live Documentation
  section-divs: true
  html-math-method: mathjax
  wrap: none
  default-image-extension: png
  toc: true
  variables: {}
  
metadata
  document-css: false
  link-citations: true
  date-format: long
  lang: en
  ojs-engine: true
  theme:
    light: cosmo
    dark: darkly
  title: Dynamic Exercises
  subtitle: Unique code exercises for every learner
  webr:
    packages:
      - dplyr
      - ggplot2
      - plotly
      - tidyr
      - palmerpenguins
  
Output created: ../_site/interactive/dynamic.html



processing file: data.qmd
1/17                  
2/17 [unnamed-chunk-1]
3/17                  
4/17 [unnamed-chunk-2]
5/17                  
6/17 [unnamed-chunk-3]
7/17                  
8/17 [unnamed-chunk-4]
9/17                  
10/17 [unnamed-chunk-5]
11/17                  
12/17 [unnamed-chunk-6]
13/17                  
14/17 [unnamed-chunk-7]
15/17                  
16/17 [unnamed-chunk-8]
17/17                  
output file: data.knit.md

pandoc 
  to: html
  output-file: data.html
  standalone: true
  title-prefix: Quarto Live Documentation
  section-divs: true
  html-math-method: mathjax
  wrap: none
  default-image-extension: png
  toc: true
  variables: {}
  
metadata
  document-css: false
  link-citations: true
  date-format: long
  lang: en
  ojs-engine: true
  theme:
    light: cosmo
    dark: darkly
  title: Data Conversion
  subtitle: Automatic handling of data conversion to and from WebAssembly
  webr:
    cell-options:
      autorun: true
  
Output created: ../_site/interactive/data.html



processing file: hybrid.qmd
1/15                  
2/15 [unnamed-chunk-1]
3/15                  
4/15 [unnamed-chunk-2]
5/15                  
6/15 [unnamed-chunk-3]
Error in `library()`:
! there is no package called 'ggplot2'
Backtrace:
    x
 1. \-base::library(ggplot2)

Quitting from hybrid.qmd:67-71 [unnamed-chunk-3]
Execution halted
WARN: Error encountered when rendering files
Render failed, retrying once...


processing file: hybrid.qmd
1/15                  
2/15 [unnamed-chunk-1]
3/15                  
4/15 [unnamed-chunk-2]
5/15                  
6/15 [unnamed-chunk-3]
Error in `library()`:
! there is no package called 'ggplot2'
Backtrace:
    x
 1. \-base::library(ggplot2)

Quitting from hybrid.qmd:67-71 [unnamed-chunk-3]
Execution halted
WARN: Error encountered when rendering files
