Cloning into 'repo'...
pandoc 
  to: >-
    commonmark+autolink_bare_uris+emoji+footnotes+gfm_auto_identifiers+pipe_tables+strikeout+task_lists+tex_math_dollars
  output-file: README.md
  standalone: true
  default-image-extension: png
  variables: {}
  
metadata
  engines:
    - path: /opt/quarto/share/extension-subtrees/julia-engine/_extensions/julia-engine/julia-engine.js
  title: Auto Dark Mode for Quarto
  
Output created: README.md

pandoc 
  to: html
  output-file: README.html
  standalone: true
  section-divs: true
  html-math-method: mathjax
  wrap: none
  default-image-extension: png
  toc: true
  variables: {}
  
metadata
  document-css: false
  link-citations: true
  date-format: long
  lang: en
  engines:
    - path: /opt/quarto/share/extension-subtrees/julia-engine/_extensions/julia-engine/julia-engine.js
  title: Auto Dark Mode for Quarto
  toc-level: 2
  toc-location: right
  toc-title: tachyons
  code-links:
    - text: gadenbuie/quarto-auto-dark
      href: https://github.com/gadenbuie/quarto-auto-dark
      icon: github
    - text: Question or Issue?
      href: https://github.com/gadenbuie/quarto-auto-dark/issues/new
      icon: question-circle-fill
  
Output created: README.html

