pandoc 

  to: html
  output-file: example.html
  standalone: true
  section-divs: true
  html-math-method: mathjax
  wrap: none
  default-image-extension: png
  

metadata

  document-css: false
  link-citations: true
  date-format: long
  lang: en
  title: Qreacto
  sidebar: false
  navbar: false
  

MyComponent > react-MyComponent-hzYim3oX

MyStyledComponent > react-MyStyledComponent-thQCchRw

EmojiComponent > react-EmojiComponent-TsdP0CCB

RandomWordsComponent > react-RandomWordsComponent-xGbTY5Ni

MyNestedComponent > react-MyNestedComponent-y5ONpWzJ

EnvironmentReadingComponent > react-EnvironmentReadingComponent-G3aJlvsM

Output created: example.html


