Cloning into 'repo'...
Using CPython 3.13.9 interpreter at: /usr/local/python/current/bin/python
Creating virtual environment at: .venv
Activate with: source .venv/bin/activate

Starting python3 kernel...[IPKernelApp] WARNING | Kernel is running over TCP without encryption. All communication (including code and outputs) is sent in plain text and is susceptible to eavesdropping. Use IPC transport or launch with kernel manager-provisioned CurveZMQ keys to enable transport encryption.
Done

Executing 'example.quarto_ipynb'
  Cell 1/2: 'hello_world'...Done
  Cell 2/2: 'is_unique'.....Done

pandoc 
  to: html
  output-file: example.html
  standalone: true
  embed-resources: true
  section-divs: true
  html-math-method: mathjax
  wrap: none
  default-image-extension: png
  variables: {}
  
metadata
  document-css: false
  link-citations: true
  date-format: long
  lang: en
  engines:
    - path: /opt/quarto/share/extension-subtrees/julia-engine/_extensions/julia-engine/julia-engine.js
  title: Black-formatter Example
  jupyter: python3
  
reformatted _hello_world_black_formatted.py

All done! ✨ 🍰 ✨
1 file reformatted.
reformatted _is_unique_black_formatted.py

All done! ✨ 🍰 ✨
1 file reformatted.
reformatted _lnwgwj_black_formatted.py

All done! ✨ 🍰 ✨
1 file reformatted.
reformatted _test_function_black_formatted.py

All done! ✨ 🍰 ✨
1 file reformatted.
Output created: example.html

