pandoc 

  to: html
  output-file: example.html
  standalone: true
  section-divs: true
  html-math-method: mathjax
  wrap: none
  default-image-extension: png
  variables: {}
  

metadata

  document-css: false
  link-citations: true
  date-format: long
  lang: en
  engines:
    - path: /opt/quarto/share/extension-subtrees/julia-engine/_extensions/julia-engine/julia-engine.js
  title: Unsplash Example
  

Error running fil
ter /opt/quarto/share/filters/main.lua:
Could not fetch https://source.unsplash.com/random
HttpExceptionRequest Request {
  host                 = "source.unsplash.com"
  port                 = 443
  secure   
            = True
  requestHeaders       = []
  path            
     = "/random"
  queryString          = ""
  method        
       = "GET"
  proxy                = Nothing
  ra
wBody              = False
  redirectCount  
      = 10
  responseTimeout      
= ResponseTimeoutDefault

  requestVersion       = HTTP/1
.1
  proxySecureMode      = ProxySecureWithConnect
}
 (StatusCodeExceptio
n (Response {responseStatu
s = Status {statu
sCode = 503, sta
tusMessage = "Servic
e Unavailable"}, 
responseVersion 
= HTTP/1.1, res
ponseHeaders = 
[("Cache-Contro
l","no-cache, n
o-store"),("Cont
ent-Type","text
/html; charset=
utf-8"),("Nel",
"{\"report_to\"
:\"heroku-nel\"
,\"response_hea
ders\":[\"Via\"
],\"max_age\":36
00,\"success_fr
action\":0.01,\
"failure_fracti
on\":0.1}"),("Re
port-To","{\"gr
oup\":\"heroku-
nel\",\"endpoin
ts\":[{\"url\":\"h
ttps://nel.heroku.c
om/reports?s=p%2
FRdXcc6OfsWlCx
soDlCDCLpQyo1y3
Ii9ElKPWpT2UU%3D
\\u0026sid=af57
1f24-03ee-46d1-
9f90-ab9030c2c
74c\\u0026ts=177
8184017\"}],\"m
ax_age\":3600}"
),("Reporting-Endpoints"
,"heroku-nel=\"ht
tps://nel.heroku.co
m/reports?s=p%2FR
dXcc6OfsWlCxsoD
lCDCLpQyo1y3Ii9ElKPWp
T2UU%3D&sid=af571
f24-03ee-46d1-9f90
-ab9030c2c74c&ts
=1778184017\"")
,("Server","Heroku")
,("Via","1.1 herok
u-router"),("Da
te","Thu, 07 Ma
y 2026 20:00:17
 GMT"),("Conten
t-Length","567
")], responseBo
dy = (), responseCook
ieJar = CJ {expo
se = []}, respo
nseClose' = Response
Close, response
OriginalRequest = Requ
est {
  host       
          = "so
urce.unsplash.com"
  por
t               
  = 443
  secure
              
 = True
  reque
stHeaders       
= []
  path      
           = "/r
andom"
  queryStr
ing          = ""
  method               = "GET"
  proxy                = Nothing
  rawBody              = False
  redirectCount        = 10
  responseTimeout      = ResponseTimeoutDefault
  requestVersion       = HTTP/1.1
  proxySecureMode      = ProxySecureWithConnect
}
, responseEarlyHints = []}) "<!DOCTYPE html>\n<html>\n  <head>\n    <meta name=\"viewport\" content=\"width=device-width, initial-scale=1\">\n    <meta charset=\"utf-8\">\n    <title>Application Error</title>\n    <style media=\"screen\">\n      html,body,iframe {\n        margin: 0;\n        padding: 0;\n      }\n\n      html,body {\n        height: 100%;\n        overflow: hidden;\n      }\n\n      iframe {\n        width: 100%;\n        height: 100%;\n        border: 0;\n      }\n    </style>\n  </head>\n  <body>\n    <iframe src=\"https://www.herokucdn.com/error-pages/application-error.html\"></iframe>\n  </body>\n</html>")
stack traceback:
	...xtensions/test-24/repo/_extensions/unsplash/unsplash.lua:179: in function <...xtensions/test-24/repo/_extensions/unsplash/unsplash.lua:41>
	(...tail calls...)
	[string "if pandoc.system.os == "mingw32" then..."]:778: in function <[string "if pandoc.system.os == "mingw32" then..."]:776>
	(...tail calls...)
	/opt/quarto/share/filters/main.lua:21774: in upvalue 'handle_shortcode'
	/opt/quarto/share/filters/main.lua:21839: in function </opt/quarto/share/filters/main.lua:21831>
	[C]: in ?
	[C]: in method 'walk'
	/opt/quarto/share/pandoc/datadir/_utils.lua:607: in function '_utils.walk'
	/opt/quarto/share/filters/main.lua:574: in function </opt/quarto/share/filters/main.lua:552>
	(...tail calls...)
	/opt/quarto/share/filters/main.lua:21879: in field 'Pandoc'
	/opt/quarto/share/filters/main.lua:588: in function 'run_emulated_filter'
	/opt/quarto/share/filters/main.lua:1317: in local 'callback'
	/opt/quarto/share/filters/main.lua:1335: in upvalue 'run_emulated_filter_chain'
	/opt/quarto/share/filters/main.lua:1371: in function </opt/quarto/share/filters/main.lua:1368>
stack traceback:
	/opt/quarto/share/pandoc/datadir/_utils.lua:607: in function '_utils.walk'
	/opt/quarto/share/filters/main.lua:574: in function </opt/quarto/share/filters/main.lua:552>
	(...tail calls...)
	/opt/quarto/share/filters/main.lua:21879: in field 'Pandoc'
	/opt/quarto/share/filters/main.lua:588: in function 'run_emulated_filter'
	/opt/quarto/share/filters/main.lua:1317: in local 'callback'
	/opt/quarto/share/filters/main.lua:1335: in upvalue 'run_emulated_filter_chain'
	/opt/quarto/share/filters/main.lua:1371: in function </opt/quarto/share/filters/main.lua:1368>

(WARN) Error encountered when rendering files

