pandoc 

  to: html
  output-file: example.html
  standalone: true
  section-divs: true
  html-math-method: mathjax
  wrap: none
  default-image-extension: png
  

metadata

  document-css: false
  link-citations: true
  date-format: long
  lang: en
  title: TikZ Example
  tikz:
    cache: false
    save-tex: true
    tex-dir: tikz-tex
  

ERROR (/home/runner/work/quarto-extensions/quarto-extensions/test-14/repo/_extensions/tikz/tikz.lua:279) inkscape not found. Please install it (the configured svg converter) to convert TeX output to SVG.

ERROR (/home/runner/work/quarto-extensions/quarto-extensions/test-14/repo/_extensions/tikz/tikz.lua:347) Error compiling TikZ figure 'stick-figure':
Error running pdflatex (error code 1): This is pdfTeX, Version 3.141592653-2.6-1.40.29 (TeX Live 2026) (preloaded format=pdflatex)
 restricted \write18 enabled.
entering extended mode
(./stick-figure.tex
LaTeX2e <2026-06-01>
L3 programming layer <2026-06-18>

! LaTeX Error: File `standalone.cls' not found.

Type X to quit or <RETURN> to proceed,
or enter new name. (Default extension: cls)

Enter file name: 
! Emergency stop.
<read *> 
         
l.3 ^^M
       
!  ==> Fatal error occurred, no output PDF file produced!
Transcript written on stick-figure.log.

LaTeX Log:
This is pdfTeX, Version 3.141592653-2.6-1.40.29 (TeX Live 2026) (preloaded format=pdflatex 2026.7.15)  15 JUL 2026 15:14
entering extended mode
 restricted \write18 enabled.
 %&-line parsing enabled.
**stick-figure.tex
(./stick-figure.tex
LaTeX2e <2026-06-01>
L3 programming layer <2026-06-18>

! LaTeX Error: File `standalone.cls' not found.

Type X to quit or <RETURN> to proceed,
or enter new name. (Default extension: cls)

Enter file name: 
! Emergency stop.
<read *> 
         
l.3 ^^M
       
*** (cannot \read from terminal in nonstop modes)

 
Here is how much of TeX's memory you used:
 19 strings out of 469115
 452 string characters out of 5460022
 435362 words of memory out of 5000000
 29133 multiletter control sequences out of 15000+600000
 627721 words of font info for 40 fonts, out of 8000000 for 9000
 36 hyphenation exceptions out of 8191
 19i,0n,29p,80b,17s stack positions out of 10000i,1000n,20000p,200000b,200000s
!  ==> Fatal error occurred, no output PDF file produced!

TikZ Code:
%%| filename: stick-figure
%%| caption: A Stick Figure

\begin{tikzpicture}[scale=2, transform shape]
  % Head
  \draw (0,0) circle (1cm);
  % Body
  \draw (0,-1) -- (0,-3);
  % Arms
  \draw (-1,-2) -- (0,-1) -- (1,-2);
  % Legs
  \draw (-1,-4) -- (0,-3) -- (1,-4);
\end{tikzpicture}

ERROR (/home/runner/work/quarto-extensions/quarto-extensions/test-14/repo/_extensions/tikz/tikz.lua:417) Error converting to SVG (command: inkscape) for TikZ figure 'stick-figure':
inkscape: createProcess: posix_spawnp: does not exist (No such file or directory)
TikZ Code:
%%| filename: stick-figure
%%| caption: A Stick Figure

\begin{tikzpicture}[scale=2, transform shape]
  % Head
  \draw (0,0) circle (1cm);
  % Body
  \draw (0,-1) -- (0,-3);
  % Arms
  \draw (-1,-2) -- (0,-1) -- (1,-2);
  % Legs
  \draw (-1,-4) -- (0,-3) -- (1,-4);
\end{tikzpicture}
ERROR (/home/runner/work/quarto-extensions/quarto-extensions/test-14/repo/_extensions/tikz/tikz.lua:424) Failed to read generated SVG file for TikZ figure 'stick-figure'.
TikZ Code:
%%| filename: stick-figure
%%| caption: A Stick Figure

\begin{tikzpicture}[scale=2, transform shape]
  % Head
  \draw (0,0) circle (1cm);
  % Body
  \draw (0,-1) -- (0,-3);
  % Arms
  \draw (-1,-2) -- (0,-1) -- (1,-2);
  % Legs
  \draw (-1,-4) -- (0,-3) -- (1,-4);
\end{tikzpicture}

Error runni
ng filter /opt/quarto/share/filters/main.lua:
string expected, got nil
	while retrieving function argument content
s
	while retrieving arguments for function insert
stack traceba
ck:
	...quarto-extensions/test-14/re
po/_extensions/tikz/tikz.lua:54
4: in function <...quarto-e
xtensions/test-14/repo/_extensions/tikz/tikz.lua:446
>
	[C]: in ?
	[C]: in method 'walk'
	...quarto-extensions/test-14/repo/_extensions/tikz/tikz.lua:753: in function <...quarto-extensions/test-14/repo/_extensions/tikz/tikz.lua:751>
	[C]: in ?
	[C]: in m
ethod 'walk'
	/opt/quarto/share/pandoc/datadir/_utils.lua:607
: in function '_utils.walk'
	/opt
/quarto/share/filte
rs/main.lua:574: i
n local 'checked
_walk'
	/opt/qu
arto/share/filte
rs/main.lua:62
9: in function 
'run_emulated_f
ilter'
	/opt/q
uarto/share/fil
ters/main.lua:
1317: in local
 'callback'
	[s
tring "if pando
c.system.os == 
"mingw32" then.
.."]:778: in fi
eld 'withScript
File'
	/opt/qu
arto/share/filt
ers/main.lua:13
33: in upvalue 
'run_emulated_f
ilter_chain'
	/
opt/quarto/sha
re/filters/mai
n.lua:1371: in 
function </opt/
quarto/share/fi
lters/main.lua:
1368>
stack t
raceback:
	...quar
to-extensions/
test-14/repo
/_extension
s/tikz/tikz
.lua:753: in funct
ion <...qua
rto-extensions
/test-14/repo/
_extensions/tikz/tikz.lua:751
>
	[C]: in ?

	[C]: in me
thod 'walk'

	/opt/quarto/s
hare/pandoc/dat
adir/_utils.lua
:607: in funct
ion '_utils.wal
k'
	/opt/quart
o/share/filter
s/main.lua:574
: in local 'che
cked_walk'
	/opt/q
uarto/share/
filters/ma
in.lua:629
: in funct
ion 'run_emulat
ed_filter'
	/
opt/quar
to/share/filters/main.lu
a:1317: in local 'callback'
	[string "if pandoc.system.os == "mingw32" then..."]:778: in field 'withScri
ptFile'
	/opt/quarto/share/filter
s/main.lua:1333: i
n upvalue 'run_
emulated_filter
_chain'
	/opt/
quarto/share/fi
lters/main.lu
a:1371: in fun
ction </opt/qua
rto/share/filte
rs/main.lua:136
8>
stack trace
back:
	/opt/qu
arto/share/pand
oc/datadir/_u
tils.lua:607: 
in function '_u
tils.walk'
	/opt/qua
rto/share/filters/mai
n.lua:574: in l
ocal 'checked_w
alk'
	/opt/qua
rto/share/filt
ers/main.lua:6
29: in function
 'run_emulated
_filter'
	/opt
/quarto/share/
filters/main.l
ua:1317: in loc
al 'callback'

	[string "if p
andoc.system.os
 == "mingw32" 
then..."]:778:
 in field 'wit
hScriptFile'
	
/opt/quarto/sh
are/filters/ma
in.lua:1333: i
n upvalue 'run
_emulated_filt
er_chain'
	/op
t/quarto/share
/filters/main.
lua:1371: in fu
nction </opt/qu
arto/share/filters/
main.lua:1
368>

(WARN) Error encountered when rendering files

