

processing file: example.qmd

1/9                  

2/9 [unnamed-chunk-1]

3/9                  

4/9 [unnamed-chunk-2]

5/9                  

6/9 [unnamed-chunk-3]

7/9                  

8/9 [unnamed-chunk-4]

9/9                  

output file: example.knit.md


pandoc 

  to: revealjs
  output-file: example.html
  standalone: true
  embed-resources: true
  wrap: none
  default-image-extension: png
  html-math-method:
    method: mathjax
    url: >-
      https://cdn.jsdelivr.net/npm/mathjax@2.7.9/MathJax.js?config=TeX-AMS_HTML-full
  slide-level: 2
  variables: {}
  

metadata

  link-citations: true
  width: 1050
  height: 700
  margin: 0.1
  center: false
  navigationMode: linear
  controlsLayout: edges
  controlsTutorial: false
  hash: true
  history: true
  hashOneBasedIndex: false
  fragmentInURL: false
  transition: none
  backgroundTransition: none
  pdfSeparateFragments: false
  lang: en
  auto-stretch: true
  engines:
    - path: /opt/quarto/share/extension-subtrees/julia-engine/_extensions/julia-engine/julia-engine.js
  title: Codefocus Example
  revealjs-plugins:
    - codefocus
  

Output created: example.html


