pandoc 

  to: html
  output-file: example.html
  standalone: true
  section-divs: true
  html-math-method: mathjax
  wrap: none
  default-image-extension: png
  variables: {}
  

metadata

  document-css: false
  link-citations: true
  date-format: long
  lang: en
  engines:
    - path: /opt/quarto/share/extension-subtrees/julia-engine/_extensions/julia-engine/julia-engine.js
  title: Qreacto
  sidebar: false
  navbar: false
  

MyComponent > react-MyComponent-i7XODtVN

MyStyledComponent > react-MyStyledComponent-nWi2D2OM

EmojiComponent > react-EmojiComponent-7LqLBJQp

RandomWordsComponent > react-RandomWordsComponent-z1C1Fnou

MyNestedComponent > react-MyNestedComponent-WmIvZDD5

EnvironmentReadingComponent > react-EnvironmentReadingComponent-bGw9Ljue

Output created: example.html


