pandoc 

  to: html
  output-file: example.html
  standalone: true
  section-divs: true
  html-math-method: mathjax
  wrap: none
  default-image-extension: png
  variables: {}
  

metadata

  document-css: false
  link-citations: true
  date-format: long
  lang: en
  engines:
    - path: /opt/quarto/share/extension-subtrees/julia-engine/_extensions/julia-engine/julia-engine.js
  title: Qreacto
  sidebar: false
  navbar: false
  

MyComponent > react-MyComponent-eVt5piuA

MyStyledComponent > react-MyStyledComponent-Pz9dExhk

EmojiComponent > react-EmojiComponent-CjgkwcbL

RandomWordsComponent > react-RandomWordsComponent-cWQ1yt9y

MyNestedComponent > react-MyNestedComponent-1liKE1bD

EnvironmentReadingComponent > react-EnvironmentReadingComponent-rejZQbMO

Output created: example.html


