Cloning into 'repo'...
CTAN mirror https://ctan.math.utah.edu/ctan/tex-archive/systems/texlive/tlnet failed, trying next...
pandoc 
  to: html
  output-file: example.html
  standalone: true
  section-divs: true
  html-math-method: mathjax
  wrap: none
  default-image-extension: png
  variables: {}
  
metadata
  document-css: false
  link-citations: true
  date-format: long
  lang: en
  engines:
    - path: /opt/quarto/share/extension-subtrees/julia-engine/_extensions/julia-engine/julia-engine.js
  title: Qreacto
  sidebar: false
  navbar: false
  
MyComponent > react-MyComponent-gR1Mw5Lb
MyStyledComponent > react-MyStyledComponent-3FQ5u2Gi
EmojiComponent > react-EmojiComponent-STBkJKrh
RandomWordsComponent > react-RandomWordsComponent-f0aZy9g9
MyNestedComponent > react-MyNestedComponent-0y8vClHR
EnvironmentReadingComponent > react-EnvironmentReadingComponent-AgktaLGA
Output created: example.html

