pandoc 

  to: typst
  output-file: template.typ
  standalone: true
  default-image-extension: svg
  wrap: none
  citeproc: false
  toc: true
  variables: {}
  

metadata

  date-format: long
  engines:
    - path: /opt/quarto/share/extension-subtrees/julia-engine/_extensions/julia-engine/julia-engine.js
  title: A presentation with Polylux via Quarto
  subtitle: using `projector`
  author:
    - name: Author One
      affiliations:
        - name: Harvard University
    - name: Author Two
      affiliations:
        - name: Yale University
  date: today
  bullet-incremental: true
  handout: false
  theme: greyer.typ
  

(WARN) typst-gather analyze failed; staging all packages as fallback

[typst]: Compiling template.typ to template.pdf...
