

processing file: template.qmd

1/31                   

2/31 [unnamed-chunk-1] 

3/31                   

4/31 [unnamed-chunk-2] 

5/31                   

6/31 [unnamed-chunk-3] 

7/31                   

8/31 [unnamed-chunk-4] 

9/31                   

10/31 [unnamed-chunk-5] 

11/31                   

12/31 [unnamed-chunk-6] 

13/31                   

14/31 [unnamed-chunk-7] 

15/31                   

16/31 [unnamed-chunk-8] 

17/31                   

18/31 [unnamed-chunk-9] 

19/31                   

20/31 [unnamed-chunk-10]

21/31                   

22/31 [unnamed-chunk-11]

23/31                   

24/31 [unnamed-chunk-12]

25/31                   

26/31 [unnamed-chunk-13]

27/31                   
28/31 [unnamed-chunk-14]
29/31                   
30/31 [unnamed-chunk-15]

31/31                   

output file: template.knit.md


pandoc 

  to: revealjs
  output-file: template.html
  standalone: true
  wrap: none
  default-image-extension: png
  html-math-method:
    method: mathjax
    url: >-
      https://cdn.jsdelivr.net/npm/mathjax@2.7.9/MathJax.js?config=TeX-AMS_HTML-full
  slide-level: 2
  variables: {}
  

metadata

  link-citations: true
  width: 1050
  height: 700
  margin: 0.1
  center: false
  navigationMode: linear
  controlsLayout: edges
  controlsTutorial: false
  hash: true
  history: true
  hashOneBasedIndex: false
  fragmentInURL: false
  transition: none
  backgroundTransition: none
  pdfSeparateFragments: false
  lang: en
  auto-stretch: true
  menu:
    titleSelector: h1
    useTextContentForMissingTitles: false
    hideMissingTitles: true
  slideNumber: true
  theme:
    - default
    - _extensions/thinkridentity/thinkridentity.scss
  logo: _extensions/thinkridentity/logo.png
  footer: |
    **<i class="las la-book"></i> {{< meta title >}}** |
    Retrouvez nous sur <https://thinkr.fr>
  title-slide-attributes:
    data-background-image: _extensions/thinkridentity/background.png
  code-annotations: hover
  chalkboard: true
  scrollActivationWidth: 0
  engines:
    - path: /opt/quarto/share/extension-subtrees/julia-engine/_extensions/julia-engine/julia-engine.js
  title: ThinkRidentity
  author: Arthur Bréant
  date: last-modified
  

Output created: template.html


