pandoc 

  to: html
  output-file: example.html
  standalone: true
  self-contained: true
  section-divs: true
  html-math-method: mathjax
  wrap: none
  default-image-extension: png
  metadata-files:
    - _alerts.yml
  variables: {}
  

metadata

  document-css: false
  link-citations: true
  date-format: long
  lang: en
  title: Alert Shortcode Example
  author:
    - Josh DeClercq
  date: today
  alerts_list:
    test:
      title: Important Notice
      type: warning
      content: This is a critical alert.
      icon: false
      collapse: true
      date_created: '2023-04-01'
      resolved: false
      include_extras: true
    test2:
      title: Important Notice 2
      type: warning
      content: This is a critical alert.
      icon: true
      collapse: false
      date_created: '2023-04-01'
      resolved: true
      date_resolved: '2023-04-05'
      resolution: Issue fixed by updating the server.
      include_extras: true
    test3:
      title: TIP
      type: tip
      content: Just the tip.
      collapse: true
      resolved: true
    newa:
      title: new
      type: tip
      content: something
      icon: true
      collapse: false
      date_created: ''
      resolved: true
      date_resolved: ''
      resolution: ''
    alert005:
      title: important alert
      type: important
      content: This is very important
      icon: true
      collapse: false
      date_created: ''
      resolved: false
      date_resolved: ''
      resolution: ''
  

Output created: example.html


