pandoc 

  to: typst
  output-file: example-combine.typ
  standalone: true
  shift-heading-level-by: -1
  default-image-extension: svg
  wrap: none
  citeproc: false
  number-sections: true
  variables: {}
  

metadata

  section-numbering: 1.1.a
  engines:
    - path: /opt/quarto/share/extension-subtrees/julia-engine/_extensions/julia-engine/julia-engine.js
  title: Offset Headings — Combined Rules
  subtitle: Document-level offset combined with per-heading offsets, max-level cap, and cascade depth
  author:
    - name: Mickaël CANOUIL, _Ph.D._
      orcid: 0000-0002-3396-4549
      url: https://mickael.canouil.fr
  extensions:
    offset-headings:
      by: 1
  papersize: a4
  margin:
    x: 2.5cm
    'y': 2.5cm
  

[typst]: Compiling example-combine.typ to example-combine.pdf...
DONE


Output created: example-combine-typst.pdf


