Cloning into 'repo'...
CTAN mirror https://ctan.math.utah.edu/ctan/tex-archive/systems/texlive/tlnet failed, trying next...
pandoc 
  to: html
  output-file: plantuml-quarto.html
  standalone: true
  section-divs: true
  html-math-method: mathjax
  wrap: none
  default-image-extension: png
  
metadata
  document-css: false
  link-citations: true
  date-format: long
  lang: en
  title: PlantUML diagram
  author: Tester McTestface
  diagram:
    cache: false
  
../diagram.lua: plantuml: createProcess: posix_spawnp: does not exist (No such file or directory)Output created: plantuml-quarto.html

