pandoc 

  to: html
  output-file: index.html
  standalone: true
  title-prefix: TeXnative
  section-divs: true
  html-math-method: mathjax
  wrap: none
  default-image-extension: png
  toc: true
  variables: {}
  

metadata

  document-css: false
  link-citations: true
  date-format: long
  lang: en
  engines:
    - path: /opt/quarto/share/extension-subtrees/julia-engine/_extensions/julia-engine/julia-engine.js
  theme:
    light:
      - cosmo
      - theme.scss
    dark:
      - cosmo
      - theme-dark.scss
  code-copy: true
  title: TeXnative
  

Output created: _site/index.html


