Cloning into 'repo'...
/usr/local/bin/tlmgr: open(>/opt/tinytex/tlpkg/texlive.tlpdb.tmp) failed: Permission denied at /opt/tinytex/tlpkg/TeXLive/TLPDB.pm line 611.
CTAN mirror https://ctan.math.utah.edu/ctan/tex-archive/systems/texlive/tlnet failed, trying next...
/usr/local/bin/tlmgr: open(>/opt/tinytex/tlpkg/texlive.tlpdb.tmp) failed: Permission denied at /opt/tinytex/tlpkg/TeXLive/TLPDB.pm line 611.
CTAN mirror https://ctan.math.illinois.edu/systems/texlive/tlnet failed, trying next...
/usr/local/bin/tlmgr: open(>/opt/tinytex/tlpkg/texlive.tlpdb.tmp) failed: Permission denied at /opt/tinytex/tlpkg/TeXLive/TLPDB.pm line 611.
CTAN mirror https://mirrors.rit.edu/CTAN/systems/texlive/tlnet failed, trying next...
/usr/local/bin/tlmgr: open(>/opt/tinytex/tlpkg/texlive.tlpdb.tmp) failed: Permission denied at /opt/tinytex/tlpkg/TeXLive/TLPDB.pm line 611.
CTAN mirror https://mirror.ctan.org/systems/texlive/tlnet failed, trying next...
All CTAN mirrors failed. LaTeX packages may not install.
pandoc 
  to: html
  output-file: index.html
  standalone: true
  title-prefix: TeXnative
  section-divs: true
  html-math-method: mathjax
  wrap: none
  default-image-extension: png
  toc: true
  variables: {}
  
metadata
  document-css: false
  link-citations: true
  date-format: long
  lang: en
  engines:
    - path: /opt/quarto/share/extension-subtrees/julia-engine/_extensions/julia-engine/julia-engine.js
  theme:
    light:
      - cosmo
      - theme.scss
    dark:
      - cosmo
      - theme-dark.scss
  code-copy: true
  title: TeXnative
  
Output created: _site/index.html

pandoc 
  to: html
  output-file: getting-started.html
  standalone: true
  title-prefix: TeXnative
  section-divs: true
  html-math-method: mathjax
  wrap: none
  default-image-extension: png
  toc: true
  variables: {}
  
metadata
  document-css: false
  link-citations: true
  date-format: long
  lang: en
  engines:
    - path: /opt/quarto/share/extension-subtrees/julia-engine/_extensions/julia-engine/julia-engine.js
  theme:
    light:
      - cosmo
      - theme.scss
    dark:
      - cosmo
      - theme-dark.scss
  code-copy: true
  title: Getting Started
  
Output created: _site/getting-started.html

pandoc 
  to: html
  output-file: data-classification-label.html
  standalone: true
  title-prefix: TeXnative
  section-divs: true
  html-math-method: mathjax
  wrap: none
  default-image-extension: png
  toc: true
  variables: {}
  
metadata
  document-css: false
  link-citations: true
  date-format: long
  lang: en
  engines:
    - path: /opt/quarto/share/extension-subtrees/julia-engine/_extensions/julia-engine/julia-engine.js
  theme:
    light:
      - cosmo
      - theme.scss
    dark:
      - cosmo
      - theme-dark.scss
  code-copy: true
  title: Data Classification Labels
  
Output created: _site/data-classification-label.html

pandoc 
  to: html
  output-file: configuration.html
  standalone: true
  title-prefix: TeXnative
  section-divs: true
  html-math-method: mathjax
  wrap: none
  default-image-extension: png
  toc: true
  variables: {}
  
metadata
  document-css: false
  link-citations: true
  date-format: long
  lang: en
  engines:
    - path: /opt/quarto/share/extension-subtrees/julia-engine/_extensions/julia-engine/julia-engine.js
  theme:
    light:
      - cosmo
      - theme.scss
    dark:
      - cosmo
      - theme-dark.scss
  code-copy: true
  title: Configuration Reference
  
Output created: _site/configuration.html

pandoc 
  to: html
  output-file: letterhead.html
  standalone: true
  title-prefix: TeXnative
  section-divs: true
  html-math-method: mathjax
  wrap: none
  default-image-extension: png
  toc: true
  variables: {}
  
metadata
  document-css: false
  link-citations: true
  date-format: long
  lang: en
  engines:
    - path: /opt/quarto/share/extension-subtrees/julia-engine/_extensions/julia-engine/julia-engine.js
  theme:
    light:
      - cosmo
      - theme.scss
    dark:
      - cosmo
      - theme-dark.scss
  code-copy: true
  title: Letterhead
  
Output created: _site/letterhead.html

pandoc 
  to: html
  output-file: cover-page.html
  standalone: true
  title-prefix: TeXnative
  section-divs: true
  html-math-method: mathjax
  wrap: none
  default-image-extension: png
  toc: true
  variables: {}
  
metadata
  document-css: false
  link-citations: true
  date-format: long
  lang: en
  engines:
    - path: /opt/quarto/share/extension-subtrees/julia-engine/_extensions/julia-engine/julia-engine.js
  theme:
    light:
      - cosmo
      - theme.scss
    dark:
      - cosmo
      - theme-dark.scss
  code-copy: true
  title: Cover Page
  
Output created: _site/cover-page.html

pandoc 
  to: html
  output-file: table-formatting.html
  standalone: true
  title-prefix: TeXnative
  section-divs: true
  html-math-method: mathjax
  wrap: none
  default-image-extension: png
  toc: true
  variables: {}
  
metadata
  document-css: false
  link-citations: true
  date-format: long
  lang: en
  engines:
    - path: /opt/quarto/share/extension-subtrees/julia-engine/_extensions/julia-engine/julia-engine.js
  theme:
    light:
      - cosmo
      - theme.scss
    dark:
      - cosmo
      - theme-dark.scss
  code-copy: true
  title: Table Formatting
  
Output created: _site/table-formatting.html

pandoc 
  to: latex
  output-file: template.tex
  standalone: true
  pdf-engine: lualatex
  variables:
    graphics: true
    tables: true
  default-image-extension: pdf
  toc: true
  
metadata
  block-headings: true
  toc-title: Contents
  cover_page: true
  letterhead: true
  dark_background: true
  urlcolor: magenta
  linkcolor: magenta
  colorlinks: true
  page_numbers: true
  paragraph_numbers: true
  papersize: a4
  disable_justify: true
  geometry:
    - top=60mm
  letterhead_img: bgwhite.jpg
  letterhead_img_darkbg: bgdark.jpg
  cover_illustration_img: cover-ill.png
  cover_illustration_img_darkbg: cover-ill.png
  classoption: table
  engines:
    - path: /opt/quarto/share/extension-subtrees/julia-engine/_extensions/julia-engine/julia-engine.js
  title: Some Agreement about stuff
  subtitle: Agreement for a typical business case
  author: Jane Dean
  date: last-modified
  client:
    name: Cool Customer Limited
    short_name: Cool Customer
    contact_person: Joe Johnson
    address: Somewhereroad 1, Marslands
  type: Report
  document_version: 1
  document_number: ABC013
  data_classification_label:
    level: confidential
    levels:
      confidential:
        bgcolor: '#ff0000'
        txtcolor: '#000000'
        txt: CONFIDENTIAL
      internal:
        bgcolor: '#ee7d2f'
        txtcolor: '#000000'
        txt: INTERNAL
      public:
        bgcolor: '#70ac45'
        txtcolor: '#000000'
        txt: PUBLIC
    border-radius: 2pt
    txtsize: small
    width: 40mm
    height: 10mm
    top: 15mm
    left: 20mm
  

Rendering PDF
running lualatex - 1
  This is LuaHBTeX, Version 1.24.0 (TeX Live 2026) 
   restricted system commands enabled.
  
  luaotfload | db : Font names database not found, generating new one.
  luaotfload | db : This can take several minutes; please be patient.
updating tlmgr

updating existing packages
finding package for setspace.sty
> 1 package to install
> installing setspace (1 of 1)
WARN: Error encountered when rendering files
ERROR: tlmgr returned a non zero status code
You don't have permission to change the installation in any way,
specifically, the directory /opt/tinytex/tlpkg/ is not writable.
Please run this program as administrator, or contact your local admin.
tlmgr: An error has occurred. See above messages. Exiting.


Stack trace:
    at renderFiles (file:///opt/quarto/bin/quarto.js:136533:49)
    at eventLoopTick (ext:core/01_core.js:179:7)
    at async render (file:///opt/quarto/bin/quarto.js:142161:19)
    at async _Command.actionHandler (file:///opt/quarto/bin/quarto.js:142406:24)
    at async _Command.execute (file:///opt/quarto/bin/quarto.js:102029:7)
    at async _Command.parseCommand (file:///opt/quarto/bin/quarto.js:101906:14)
    at async quarto4 (file:///opt/quarto/bin/quarto.js:187554:5)
    at async file:///opt/quarto/bin/quarto.js:187582:5
    at async file:///opt/quarto/bin/quarto.js:187437:14
    at async mainRunner (file:///opt/quarto/bin/quarto.js:187439:5)
    at async file:///opt/quarto/bin/quarto.js:187575:3
Render failed, retrying once...
pandoc 
  to: latex
  output-file: template.tex
  standalone: true
  pdf-engine: lualatex
  variables:
    graphics: true
    tables: true
  default-image-extension: pdf
  toc: true
  
metadata
  block-headings: true
  toc-title: Contents
  cover_page: true
  letterhead: true
  dark_background: true
  urlcolor: magenta
  linkcolor: magenta
  colorlinks: true
  page_numbers: true
  paragraph_numbers: true
  papersize: a4
  disable_justify: true
  geometry:
    - top=60mm
  letterhead_img: bgwhite.jpg
  letterhead_img_darkbg: bgdark.jpg
  cover_illustration_img: cover-ill.png
  cover_illustration_img_darkbg: cover-ill.png
  classoption: table
  engines:
    - path: /opt/quarto/share/extension-subtrees/julia-engine/_extensions/julia-engine/julia-engine.js
  title: Some Agreement about stuff
  subtitle: Agreement for a typical business case
  author: Jane Dean
  date: last-modified
  client:
    name: Cool Customer Limited
    short_name: Cool Customer
    contact_person: Joe Johnson
    address: Somewhereroad 1, Marslands
  type: Report
  document_version: 1
  document_number: ABC013
  data_classification_label:
    level: confidential
    levels:
      confidential:
        bgcolor: '#ff0000'
        txtcolor: '#000000'
        txt: CONFIDENTIAL
      internal:
        bgcolor: '#ee7d2f'
        txtcolor: '#000000'
        txt: INTERNAL
      public:
        bgcolor: '#70ac45'
        txtcolor: '#000000'
        txt: PUBLIC
    border-radius: 2pt
    txtsize: small
    width: 40mm
    height: 10mm
    top: 15mm
    left: 20mm
  

Rendering PDF
running lualatex - 1
  This is LuaHBTeX, Version 1.24.0 (TeX Live 2026) 
   restricted system commands enabled.
  
updating tlmgr

updating existing packages
finding package for setspace.sty
> 1 package to install
> installing setspace (1 of 1)
WARN: Error encountered when rendering files
ERROR: tlmgr returned a non zero status code
You don't have permission to change the installation in any way,
specifically, the directory /opt/tinytex/tlpkg/ is not writable.
Please run this program as administrator, or contact your local admin.
tlmgr: An error has occurred. See above messages. Exiting.


Stack trace:
    at renderFiles (file:///opt/quarto/bin/quarto.js:136533:49)
    at eventLoopTick (ext:core/01_core.js:179:7)
    at async render (file:///opt/quarto/bin/quarto.js:142161:19)
    at async _Command.actionHandler (file:///opt/quarto/bin/quarto.js:142406:24)
    at async _Command.execute (file:///opt/quarto/bin/quarto.js:102029:7)
    at async _Command.parseCommand (file:///opt/quarto/bin/quarto.js:101906:14)
    at async quarto4 (file:///opt/quarto/bin/quarto.js:187554:5)
    at async file:///opt/quarto/bin/quarto.js:187582:5
    at async file:///opt/quarto/bin/quarto.js:187437:14
    at async mainRunner (file:///opt/quarto/bin/quarto.js:187439:5)
    at async file:///opt/quarto/bin/quarto.js:187575:3
