Cloning into 'repo'...
pandoc 
  to: typst
  output-file: template.typ
  template: _extensions/invoice/template.typ
  standalone: true
  shift-heading-level-by: -1
  default-image-extension: svg
  wrap: none
  citeproc: false
  variables: {}
  
metadata
  engines:
    - path: /opt/quarto/share/extension-subtrees/julia-engine/_extensions/julia-engine/julia-engine.js
  title: Consulting 2023
  description: 2023/01/01 -- 2023/12/31
  sender:
    name: Firstname LASTNAME
    email: Firstname.LASTNAME@company.dev
    address:
      street: 123 Rue de la Paix
      zip: 75000
      city: Paris
      country: France
    registration: 123 456 789
    vat: FR1234567890
    exempted: Exempted from VAT (article 259-1 du CGI, France).
  invoice:
    number: 2023-001
    issued: '2024-01-01'
    due: '2024-01-31'
    reference: abcd1234
    fee: 2.28
    penalty: €40
  bank:
    bic: AZERTYUI
    iban: FR12 1234 4567 7890 1234 5678 901
  recipient:
    name: Company, Inc.
    address:
      street: 123 Main Street
      zip: 12345
      city: New York
      state: NY
      country: United States
  brand:
    typography:
      fonts:
        - family: Alegreya Sans
          source: google
          weight:
            - 400
            - 700
          style:
            - normal
            - italic
      base:
        family: Alegreya Sans
        size: 12pt
      headings:
        color: dodgerblue
  lang: en_UK
  papersize: a4
  margin:
    x: 2.5cm
    'y': 2.5cm
  
WARN: typst-gather analyze failed; staging all packages as fallback
[typst]: Compiling template.typ to template.pdf...error: Uncaught (in promise) TypeError: Writable stream is closed or errored.
      process4.stdin.close();
                     ^
    at writableStreamClose (ext:deno_web/06_streams.js:4352:7)
    at WritableStream.close (ext:deno_web/06_streams.js:6466:12)
    at execProcess (file:///opt/quarto/bin/quarto.js:7857:22)
    at eventLoopTick (ext:core/01_core.js:179:7)
    at async runAnalyze (file:///opt/quarto/bin/quarto.js:135839:19)
    at async analyzeNeededPackages (file:///opt/quarto/bin/quarto.js:135888:21)
    at async stageTypstPackages (file:///opt/quarto/bin/quarto.js:135939:26)
    at async Object.complete (file:///opt/quarto/bin/quarto.js:135977:27)
    at async file:///opt/quarto/bin/quarto.js:130926:23
    at async withTimingAsync (file:///opt/quarto/bin/quarto.js:15990:21)
    at async Object.complete (file:///opt/quarto/bin/quarto.js:130912:7)
    at async Object.onPostProcess (file:///opt/quarto/bin/quarto.js:136894:28)
    at async renderFileInternal (file:///opt/quarto/bin/quarto.js:136878:3)
    at async renderFiles (file:///opt/quarto/bin/quarto.js:136597:9)
    at async render (file:///opt/quarto/bin/quarto.js:142251:19)
    at async _Command.actionHandler (file:///opt/quarto/bin/quarto.js:142496:24)
    at async _Command.execute (file:///opt/quarto/bin/quarto.js:102027:7)
    at async _Command.parseCommand (file:///opt/quarto/bin/quarto.js:101904:14)
    at async quarto4 (file:///opt/quarto/bin/quarto.js:187717:5)
    at async file:///opt/quarto/bin/quarto.js:187746:5
    at async file:///opt/quarto/bin/quarto.js:187600:14
    at async mainRunner (file:///opt/quarto/bin/quarto.js:187602:5)
    at async file:///opt/quarto/bin/quarto.js:187739:3
Render failed, retrying once...
pandoc 
  to: typst
  output-file: template.typ
  template: _extensions/invoice/template.typ
  standalone: true
  shift-heading-level-by: -1
  default-image-extension: svg
  wrap: none
  citeproc: false
  variables: {}
  
metadata
  engines:
    - path: /opt/quarto/share/extension-subtrees/julia-engine/_extensions/julia-engine/julia-engine.js
  title: Consulting 2023
  description: 2023/01/01 -- 2023/12/31
  sender:
    name: Firstname LASTNAME
    email: Firstname.LASTNAME@company.dev
    address:
      street: 123 Rue de la Paix
      zip: 75000
      city: Paris
      country: France
    registration: 123 456 789
    vat: FR1234567890
    exempted: Exempted from VAT (article 259-1 du CGI, France).
  invoice:
    number: 2023-001
    issued: '2024-01-01'
    due: '2024-01-31'
    reference: abcd1234
    fee: 2.28
    penalty: €40
  bank:
    bic: AZERTYUI
    iban: FR12 1234 4567 7890 1234 5678 901
  recipient:
    name: Company, Inc.
    address:
      street: 123 Main Street
      zip: 12345
      city: New York
      state: NY
      country: United States
  brand:
    typography:
      fonts:
        - family: Alegreya Sans
          source: google
          weight:
            - 400
            - 700
          style:
            - normal
            - italic
      base:
        family: Alegreya Sans
        size: 12pt
      headings:
        color: dodgerblue
  lang: en_UK
  papersize: a4
  margin:
    x: 2.5cm
    'y': 2.5cm
  
WARN: typst-gather analyze failed; staging all packages as fallback
[typst]: Compiling template.typ to template.pdf...DONE

Output created: index.pdf

