Cloning into 'repo'...
Installing package into '/cache/r-lib-1'
(as 'lib' is unspecified)
also installing the dependencies 'lazyeval', 'later', 'crosstalk', 'promises'

trying URL 'https://packagemanager.posit.co/cran/latest/src/contrib/lazyeval_0.2.3.tar.gz'
trying URL 'https://packagemanager.posit.co/cran/latest/src/contrib/later_1.4.8.tar.gz'
trying URL 'https://packagemanager.posit.co/cran/latest/src/contrib/crosstalk_1.2.2.tar.gz'
trying URL 'https://packagemanager.posit.co/cran/latest/src/contrib/promises_1.5.0.tar.gz'
trying URL 'https://packagemanager.posit.co/cran/latest/src/contrib/DT_0.34.0.tar.gz'
* installing *source* package 'lazyeval' ...
** this is package 'lazyeval' version '0.2.3'
** package 'lazyeval' successfully unpacked and MD5 sums checked
** using staged installation
** libs
using C compiler: 'gcc (Ubuntu 13.3.0-6ubuntu2~24.04.1) 13.3.0'
installing to /cache/r-lib-1/00LOCK-lazyeval/00new/lazyeval/libs
** R
** inst
** byte-compile and prepare package for lazy loading
** help
*** installing help indices
** building package indices
** installing vignettes
** testing if installed package can be loaded from temporary location
** checking absolute paths in shared objects and dynamic libraries
** testing if installed package can be loaded from final location
** testing if installed package keeps a record of temporary installation path
* DONE (lazyeval)
* installing *source* package 'later' ...
** this is package 'later' version '1.4.8'
** package 'later' successfully unpacked and MD5 sums checked
** using staged installation
** libs
using C compiler: 'gcc (Ubuntu 13.3.0-6ubuntu2~24.04.1) 13.3.0'
using C++ compiler: 'g++ (Ubuntu 13.3.0-6ubuntu2~24.04.1) 13.3.0'
installing to /cache/r-lib-1/00LOCK-later/00new/later/libs
** R
** inst
** byte-compile and prepare package for lazy loading
** help
*** installing help indices
** building package indices
** installing vignettes
** testing if installed package can be loaded from temporary location
** checking absolute paths in shared objects and dynamic libraries
** testing if installed package can be loaded from final location
** testing if installed package keeps a record of temporary installation path
* DONE (later)
* installing *source* package 'crosstalk' ...
** this is package 'crosstalk' version '1.2.2'
** package 'crosstalk' successfully unpacked and MD5 sums checked
** using staged installation
** R
** inst
** byte-compile and prepare package for lazy loading
** help
*** installing help indices
** building package indices
** testing if installed package can be loaded from temporary location
** testing if installed package can be loaded from final location
** testing if installed package keeps a record of temporary installation path
* DONE (crosstalk)
* installing *source* package 'promises' ...
** this is package 'promises' version '1.5.0'
** package 'promises' successfully unpacked and MD5 sums checked
** using staged installation
** R
** inst
** byte-compile and prepare package for lazy loading
** help
*** installing help indices
*** copying figures
** building package indices
** installing vignettes
** testing if installed package can be loaded from temporary location
** testing if installed package can be loaded from final location
** testing if installed package keeps a record of temporary installation path
* DONE (promises)
* installing *source* package 'DT' ...
** this is package 'DT' version '0.34.0'
** package 'DT' successfully unpacked and MD5 sums checked
** using staged installation
** R
** inst
** byte-compile and prepare package for lazy loading
** help
*** installing help indices
** building package indices
** installing vignettes
** testing if installed package can be loaded from temporary location
** testing if installed package can be loaded from final location
** testing if installed package keeps a record of temporary installation path
* DONE (DT)

The downloaded source packages are in
	'/tmp/RtmprpUllG/downloaded_packages'


processing file: template.qmd
1/19                  
2/19 [setup]          
3/19                  
4/19 [unnamed-chunk-1]
5/19                  
6/19 [unnamed-chunk-2]
7/19                  
8/19 [unnamed-chunk-3]
9/19                  
10/19 [kable-ex]       
11/19                  
12/19 [kable-ex]       
13/19                  
14/19 [unnamed-chunk-4]
15/19                  
16/19 [unnamed-chunk-5]
17/19                  
18/19 [unnamed-chunk-6]
19/19                  
output file: template.knit.md

pandoc 
  to: revealjs
  output-file: template.html
  standalone: true
  wrap: none
  default-image-extension: png
  html-math-method:
    method: mathjax
    url: >-
      https://cdn.jsdelivr.net/npm/mathjax@2.7.9/MathJax.js?config=TeX-AMS_HTML-full
  slide-level: 2
  incremental: true
  
metadata
  link-citations: true
  width: 1050
  height: 700
  margin: 0.1
  center: false
  navigationMode: linear
  controlsLayout: edges
  controlsTutorial: false
  hash: true
  history: true
  hashOneBasedIndex: false
  fragmentInURL: false
  transition: fade
  backgroundTransition: fade
  pdfSeparateFragments: false
  lang: en
  auto-stretch: true
  knitr:
    opts_chunk:
      echo: true
      warning: false
      message: false
      dev: ragg_png
      dpi: 320
      out.width: 80%
      fig.width: 6
      fig.asp: 0.618
      fig.retina: 2
      fig.align: center
      fig.show: hold
  theme: _extensions/kakashi/kakashi.scss
  slideNumber: c/t
  showSlideNumber: all
  title-slide-attributes:
    data-background-color: '#23373B'
    data-color: '#EDEEF'
  previewLinks: true
  menu: false
  autoAnimate: true
  transitionSpeed: fast
  title: Quarto Kakashi Theme
  author: Malcolm Barrett
  
Output created: template.html

