Dependency install phase for wjschne/apaquarto: auto-detect
Auto-detecting R dependencies for wjschne/apaquarto (knitr engine, no renv.lock).
Installing R packages: apa7, flextable, ftExtra, tidyverse, tinytable, snakecase 
No man pages found in package  'fontBitstreamVera' 
No man pages found in package  'fontLiberation' 
gfortran  -fpic  -g -O2  -c biv-nt.f -o biv-nt.o
gcc -I"/opt/R/4.5.3/lib/R/include" -DNDEBUG   -I/usr/local/include    -fpic  -g -O2  -c mnormt_init.c -o mnormt_init.o
gfortran  -fpic  -g -O2  -c rtmng.f -o rtmng.o
gfortran  -fpic  -g -O2  -c sadmvnt.f -o sadmvnt.o
gfortran  -fpic  -g -O2  -c tvpack.f -o tvpack.o
gcc -shared -L/opt/R/4.5.3/lib/R/lib -L/usr/local/lib -o mnormt.so biv-nt.o mnormt_init.o rtmng.o sadmvnt.o tvpack.o -lgfortran -lm -lquadmath -L/opt/R/4.5.3/lib/R/lib -lR
g++ -std=gnu++17 -I"/opt/R/4.5.3/lib/R/include" -DNDEBUG -I../inst/include  -I/usr/local/include    -fpic  -g -O2   -c Reader.cpp -o Reader.o
g++ -std=gnu++17 -I"/opt/R/4.5.3/lib/R/include" -DNDEBUG -I../inst/include  -I/usr/local/include    -fpic  -g -O2   -c Tokenizer.cpp -o Tokenizer.o
gcc -I"/opt/R/4.5.3/lib/R/include" -DNDEBUG -I../inst/include  -I/usr/local/include    -fpic  -g -O2  -c sourcetools-init.c -o sourcetools-init.o
g++ -std=gnu++17 -shared -L/opt/R/4.5.3/lib/R/lib -L/usr/local/lib -o sourcetools.so Reader.o Tokenizer.o sourcetools-init.o -L/opt/R/4.5.3/lib/R/lib -lR
gcc -g -O2  miniz.c zip.c unixutils.c tools/cmdzip.c -o tools/cmdzip
gcc -g -O2  miniz.c zip.c unixutils.c tools/cmdunzip.c -o tools/cmdunzip
gcc -I"/opt/R/4.5.3/lib/R/include" -DNDEBUG   -I/usr/local/include   -fvisibility=hidden -fpic  -g -O2  -c init.c -o init.o
gcc -I"/opt/R/4.5.3/lib/R/include" -DNDEBUG   -I/usr/local/include   -fvisibility=hidden -fpic  -g -O2  -c miniz.c -o miniz.o
gcc -I"/opt/R/4.5.3/lib/R/include" -DNDEBUG   -I/usr/local/include   -fvisibility=hidden -fpic  -g -O2  -c rzip.c -o rzip.o
gcc -I"/opt/R/4.5.3/lib/R/include" -DNDEBUG   -I/usr/local/include   -fvisibility=hidden -fpic  -g -O2  -c zip.c -o zip.o
gcc -I"/opt/R/4.5.3/lib/R/include" -DNDEBUG   -I/usr/local/include   -fvisibility=hidden -fpic  -g -O2  -c unixutils.c -o unixutils.o
gcc -shared -L/opt/R/4.5.3/lib/R/lib -L/usr/local/lib -o zip.so init.o miniz.o rzip.o zip.o unixutils.o -L/opt/R/4.5.3/lib/R/lib -lR
Creating a generic function for 'nrow' from package 'base' in package 'tinytable'
Creating a generic function for 'ncol' from package 'base' in package 'tinytable'
Creating a generic function for 'colnames' from package 'base' in package 'tinytable'
Creating a generic function for 'colnames<-' from package 'base' in package 'tinytable'
Warning in parse(n = -1, file = file, srcfile = NULL, keep.source = FALSE) :
  unable to translate '<U+00C4>' to native encoding
Warning in parse(n = -1, file = file, srcfile = NULL, keep.source = FALSE) :
  unable to translate '<U+00D6>' to native encoding
Warning in parse(n = -1, file = file, srcfile = NULL, keep.source = FALSE) :
  unable to translate '<U+00DC>' to native encoding
Warning in parse(n = -1, file = file, srcfile = NULL, keep.source = FALSE) :
  unable to translate '<U+00E4>' to native encoding
Warning in parse(n = -1, file = file, srcfile = NULL, keep.source = FALSE) :
  unable to translate '<U+00F6>' to native encoding
Warning in parse(n = -1, file = file, srcfile = NULL, keep.source = FALSE) :
  unable to translate '<U+00FC>' to native encoding
Warning in parse(n = -1, file = file, srcfile = NULL, keep.source = FALSE) :
  unable to translate '<U+00DF>' to native encoding
Warning in parse(n = -1, file = file, srcfile = NULL, keep.source = FALSE) :
  unable to translate '<U+00C6>' to native encoding
Warning in parse(n = -1, file = file, srcfile = NULL, keep.source = FALSE) :
  unable to translate '<U+00E6>' to native encoding
Warning in parse(n = -1, file = file, srcfile = NULL, keep.source = FALSE) :
  unable to translate '<U+00D8>' to native encoding
Warning in parse(n = -1, file = file, srcfile = NULL, keep.source = FALSE) :
  unable to translate '<U+00F8>' to native encoding
Warning in parse(n = -1, file = file, srcfile = NULL, keep.source = FALSE) :
  unable to translate '<U+00C5>' to native encoding
Warning in parse(n = -1, file = file, srcfile = NULL, keep.source = FALSE) :
  unable to translate '<U+00E5>' to native encoding
Warning in parse(n = -1, file = file, srcfile = NULL, keep.source = FALSE) :
  unable to translate '<U+00C6>' to native encoding
Warning in parse(n = -1, file = file, srcfile = NULL, keep.source = FALSE) :
  unable to translate '<U+00E6>' to native encoding
Warning in parse(n = -1, file = file, srcfile = NULL, keep.source = FALSE) :
  unable to translate '<U+00D8>' to native encoding
Warning in parse(n = -1, file = file, srcfile = NULL, keep.source = FALSE) :
  unable to translate '<U+00F8>' to native encoding
Warning in parse(n = -1, file = file, srcfile = NULL, keep.source = FALSE) :
  unable to translate '<U+00C6>' to native encoding
Warning in parse(n = -1, file = file, srcfile = NULL, keep.source = FALSE) :
  unable to translate '<U+00E6>' to native encoding
Warning in parse(n = -1, file = file, srcfile = NULL, keep.source = FALSE) :
  unable to translate '<U+00D8>' to native encoding
Warning in parse(n = -1, file = file, srcfile = NULL, keep.source = FALSE) :
  unable to translate '<U+00F8>' to native encoding
Warning in parse(n = -1, file = file, srcfile = NULL, keep.source = FALSE) :
  unable to translate '<U+00C5>' to native encoding
Warning in parse(n = -1, file = file, srcfile = NULL, keep.source = FALSE) :
  unable to translate '<U+00E5>' to native encoding
tlmgr: package repository https://ctan.math.utah.edu/ctan/tex-archive/systems/texlive/tlnet (verified)
tlmgr: no self-updates for tlmgr available
Using CTAN mirror: https://ctan.math.utah.edu/ctan/tex-archive/systems/texlive/tlnet
