Cloning into 'repo'...
Installing package into '/home/runner/work/quarto-extensions/quarto-extensions/test-8/R/x86_64-pc-linux-gnu-library/4.5'
(as 'lib' is unspecified)
trying URL 'https://packagemanager.posit.co/cran/__linux__/jammy/latest/src/contrib/renv_1.1.8.tar.gz'
Content type 'binary/octet-stream' length 2336300 bytes (2.2 MB)
==================================================
downloaded 2.2 MB

* installing *binary* package 'renv' ...
* DONE (renv)

The downloaded source packages are in
	'/tmp/RtmpwD2rbr/downloaded_packages'
The R temporary directory appears to be within a folder mounted as 'noexec'.
Installation of R packages from sources may fail.
See the section **Note** within `?INSTALL` for more details.

tempdir(): /tmp/RtmpwD2rbr
Installing packages into '/home/runner/work/quarto-extensions/quarto-extensions/test-8/R/x86_64-pc-linux-gnu-library/4.5'
(as 'lib' is unspecified)
also installing the dependencies 'quadprog', 'progressr', 'ggdist', 'numDeriv', 'warp', 'BH', 'fabletools', 'distributional', 'slider', 'ggtime', 'anytime', 'later', 'ragg'

trying URL 'https://cloud.r-project.org/src/contrib/quadprog_1.5-8.tar.gz'
trying URL 'https://cloud.r-project.org/src/contrib/progressr_0.18.0.tar.gz'
trying URL 'https://cloud.r-project.org/src/contrib/ggdist_3.3.3.tar.gz'
trying URL 'https://cloud.r-project.org/src/contrib/numDeriv_2016.8-1.1.tar.gz'
trying URL 'https://cloud.r-project.org/src/contrib/warp_0.2.3.tar.gz'
trying URL 'https://cloud.r-project.org/src/contrib/BH_1.90.0-1.tar.gz'
trying URL 'https://cloud.r-project.org/src/contrib/fabletools_0.6.1.tar.gz'
trying URL 'https://cloud.r-project.org/src/contrib/distributional_0.7.0.tar.gz'
trying URL 'https://cloud.r-project.org/src/contrib/slider_0.3.3.tar.gz'
trying URL 'https://cloud.r-project.org/src/contrib/ggtime_0.2.0.tar.gz'
trying URL 'https://cloud.r-project.org/src/contrib/anytime_0.3.12.tar.gz'
trying URL 'https://cloud.r-project.org/src/contrib/later_1.4.8.tar.gz'
trying URL 'https://cloud.r-project.org/src/contrib/ragg_1.5.2.tar.gz'
trying URL 'https://cloud.r-project.org/src/contrib/fable_0.5.0.tar.gz'
trying URL 'https://cloud.r-project.org/src/contrib/feasts_0.5.0.tar.gz'
trying URL 'https://cloud.r-project.org/src/contrib/tsibble_1.2.0.tar.gz'
trying URL 'https://cloud.r-project.org/src/contrib/magick_2.9.1.tar.gz'
trying URL 'https://cloud.r-project.org/src/contrib/quarto_1.5.1.tar.gz'
trying URL 'https://cloud.r-project.org/src/contrib/tidyverse_2.0.0.tar.gz'
* installing *source* package 'quadprog' ...
** this is package 'quadprog' version '1.5-8'
** package 'quadprog' successfully unpacked and MD5 sums checked
** using staged installation
** libs
using C compiler: 'gcc (Ubuntu 11.4.0-1ubuntu1~22.04.3) 11.4.0'
using Fortran compiler: 'GNU Fortran (Ubuntu 11.4.0-1ubuntu1~22.04.3) 11.4.0'
installing to /home/runner/work/quarto-extensions/quarto-extensions/test-8/R/x86_64-pc-linux-gnu-library/4.5/00LOCK-quadprog/00new/quadprog/libs
** R
** byte-compile and prepare package for lazy loading
** help
*** installing help indices
** building package indices
** testing if installed package can be loaded from temporary location
** checking absolute paths in shared objects and dynamic libraries
** testing if installed package can be loaded from final location
** testing if installed package keeps a record of temporary installation path
* DONE (quadprog)
* installing *source* package 'progressr' ...
** this is package 'progressr' version '0.18.0'
** package 'progressr' successfully unpacked and MD5 sums checked
** using staged installation
** R
** demo
** inst
** byte-compile and prepare package for lazy loading
** help
*** installing help indices
*** copying figures
** building package indices
** installing vignettes
** testing if installed package can be loaded from temporary location
** testing if installed package can be loaded from final location
** testing if installed package keeps a record of temporary installation path
* DONE (progressr)
* installing *source* package 'numDeriv' ...
** this is package 'numDeriv' version '2016.8-1.1'
** package 'numDeriv' successfully unpacked and MD5 sums checked
** using staged installation
** R
** inst
** byte-compile and prepare package for lazy loading
** help
*** installing help indices
** building package indices
** installing vignettes
** testing if installed package can be loaded from temporary location
** testing if installed package can be loaded from final location
** testing if installed package keeps a record of temporary installation path
* DONE (numDeriv)
* installing *source* package 'warp' ...
** this is package 'warp' version '0.2.3'
** package 'warp' successfully unpacked and MD5 sums checked
** using staged installation
** libs
using C compiler: 'gcc (Ubuntu 11.4.0-1ubuntu1~22.04.3) 11.4.0'
installing to /home/runner/work/quarto-extensions/quarto-extensions/test-8/R/x86_64-pc-linux-gnu-library/4.5/00LOCK-warp/00new/warp/libs
** R
** inst
** byte-compile and prepare package for lazy loading
** help
*** installing help indices
** building package indices
** installing vignettes
** testing if installed package can be loaded from temporary location
** checking absolute paths in shared objects and dynamic libraries
** testing if installed package can be loaded from final location
** testing if installed package keeps a record of temporary installation path
* DONE (warp)
* installing *source* package 'BH' ...
** this is package 'BH' version '1.90.0-1'
** package 'BH' successfully unpacked and MD5 sums checked
** using staged installation
** inst
** help
*** installing help indices
** building package indices
** testing if installed package can be loaded from temporary location
** testing if installed package can be loaded from final location
** testing if installed package keeps a record of temporary installation path
* DONE (BH)
* installing *source* package 'later' ...
** this is package 'later' version '1.4.8'
** package 'later' successfully unpacked and MD5 sums checked
** using staged installation
ERROR: 'configure' exists but is not executable -- see the 'R Installation and Administration Manual'
* removing '/home/runner/work/quarto-extensions/quarto-extensions/test-8/R/x86_64-pc-linux-gnu-library/4.5/later'
* installing *source* package 'ragg' ...
** this is package 'ragg' version '1.5.2'
** package 'ragg' successfully unpacked and MD5 sums checked
** using staged installation
ERROR: 'configure' exists but is not executable -- see the 'R Installation and Administration Manual'
* removing '/home/runner/work/quarto-extensions/quarto-extensions/test-8/R/x86_64-pc-linux-gnu-library/4.5/ragg'
* installing *source* package 'magick' ...
** this is package 'magick' version '2.9.1'
** package 'magick' successfully unpacked and MD5 sums checked
** using staged installation
ERROR: 'configure' exists but is not executable -- see the 'R Installation and Administration Manual'
* removing '/home/runner/work/quarto-extensions/quarto-extensions/test-8/R/x86_64-pc-linux-gnu-library/4.5/magick'
* installing *source* package 'distributional' ...
** this is package 'distributional' version '0.7.0'
** package 'distributional' successfully unpacked and MD5 sums checked
** using staged installation
** R
** byte-compile and prepare package for lazy loading
** help
*** installing help indices
*** copying figures
** building package indices
** testing if installed package can be loaded from temporary location
** testing if installed package can be loaded from final location
** testing if installed package keeps a record of temporary installation path
* DONE (distributional)
* installing *source* package 'slider' ...
** this is package 'slider' version '0.3.3'
** package 'slider' successfully unpacked and MD5 sums checked
** using staged installation
** libs
using C compiler: 'gcc (Ubuntu 11.4.0-1ubuntu1~22.04.3) 11.4.0'
using C++ compiler: 'g++ (Ubuntu 11.4.0-1ubuntu1~22.04.3) 11.4.0'
installing to /home/runner/work/quarto-extensions/quarto-extensions/test-8/R/x86_64-pc-linux-gnu-library/4.5/00LOCK-slider/00new/slider/libs
** R
** inst
** byte-compile and prepare package for lazy loading
** help
*** installing help indices
** building package indices
** installing vignettes
** testing if installed package can be loaded from temporary location
** checking absolute paths in shared objects and dynamic libraries
** testing if installed package can be loaded from final location
** testing if installed package keeps a record of temporary installation path
* DONE (slider)
* installing *source* package 'anytime' ...
** this is package 'anytime' version '0.3.12'
** package 'anytime' successfully unpacked and MD5 sums checked
** using staged installation
ERROR: 'configure' exists but is not executable -- see the 'R Installation and Administration Manual'
* removing '/home/runner/work/quarto-extensions/quarto-extensions/test-8/R/x86_64-pc-linux-gnu-library/4.5/anytime'
ERROR: dependency 'later' is not available for package 'quarto'
Perhaps try a variation of:
install.packages('later')
* removing '/home/runner/work/quarto-extensions/quarto-extensions/test-8/R/x86_64-pc-linux-gnu-library/4.5/quarto'
ERROR: dependency 'ragg' is not available for package 'tidyverse'
Perhaps try a variation of:
install.packages('ragg')
* removing '/home/runner/work/quarto-extensions/quarto-extensions/test-8/R/x86_64-pc-linux-gnu-library/4.5/tidyverse'
* installing *source* package 'ggdist' ...
** this is package 'ggdist' version '3.3.3'
** package 'ggdist' successfully unpacked and MD5 sums checked
** using staged installation
** libs
using C++ compiler: 'g++ (Ubuntu 11.4.0-1ubuntu1~22.04.3) 11.4.0'
installing to /home/runner/work/quarto-extensions/quarto-extensions/test-8/R/x86_64-pc-linux-gnu-library/4.5/00LOCK-ggdist/00new/ggdist/libs
** R
** data
*** moving datasets to lazyload DB
** inst
** byte-compile and prepare package for lazy loading
** help
*** installing help indices
** building package indices
** installing vignettes
** testing if installed package can be loaded from temporary location
** checking absolute paths in shared objects and dynamic libraries
** testing if installed package can be loaded from final location
** testing if installed package keeps a record of temporary installation path
* DONE (ggdist)
ERROR: dependency 'anytime' is not available for package 'tsibble'
Perhaps try a variation of:
install.packages('anytime')
* removing '/home/runner/work/quarto-extensions/quarto-extensions/test-8/R/x86_64-pc-linux-gnu-library/4.5/tsibble'
ERROR: dependency 'tsibble' is not available for package 'fabletools'
Perhaps try a variation of:
install.packages('tsibble')
* removing '/home/runner/work/quarto-extensions/quarto-extensions/test-8/R/x86_64-pc-linux-gnu-library/4.5/fabletools'
ERROR: dependencies 'tsibble', 'fabletools' are not available for package 'ggtime'
Perhaps try a variation of:
install.packages(c('tsibble', 'fabletools'))
* removing '/home/runner/work/quarto-extensions/quarto-extensions/test-8/R/x86_64-pc-linux-gnu-library/4.5/ggtime'
ERROR: dependencies 'fabletools', 'tsibble' are not available for package 'fable'
Perhaps try a variation of:
install.packages(c('fabletools', 'tsibble'))
* removing '/home/runner/work/quarto-extensions/quarto-extensions/test-8/R/x86_64-pc-linux-gnu-library/4.5/fable'
ERROR: dependencies 'fabletools', 'tsibble', 'ggtime' are not available for package 'feasts'
Perhaps try a variation of:
install.packages(c('fabletools', 'tsibble', 'ggtime'))
* removing '/home/runner/work/quarto-extensions/quarto-extensions/test-8/R/x86_64-pc-linux-gnu-library/4.5/feasts'

The downloaded source packages are in
	'/tmp/RtmpwD2rbr/downloaded_packages'
There were 11 warnings (use warnings() to see them)
/usr/local/bin/tlmgr: open(>/opt/tinytex/tlpkg/texlive.tlpdb.tmp) failed: Permission denied at /opt/tinytex/tlpkg/TeXLive/TLPDB.pm line 611.
CTAN mirror https://ctan.math.utah.edu/ctan/tex-archive/systems/texlive/tlnet failed, trying next...
/usr/local/bin/tlmgr: open(>/opt/tinytex/tlpkg/texlive.tlpdb.tmp) failed: Permission denied at /opt/tinytex/tlpkg/TeXLive/TLPDB.pm line 611.
CTAN mirror https://ctan.math.illinois.edu/systems/texlive/tlnet failed, trying next...
/usr/local/bin/tlmgr: open(>/opt/tinytex/tlpkg/texlive.tlpdb.tmp) failed: Permission denied at /opt/tinytex/tlpkg/TeXLive/TLPDB.pm line 611.
CTAN mirror https://mirrors.rit.edu/CTAN/systems/texlive/tlnet failed, trying next...
/usr/local/bin/tlmgr: open(>/opt/tinytex/tlpkg/texlive.tlpdb.tmp) failed: Permission denied at /opt/tinytex/tlpkg/TeXLive/TLPDB.pm line 611.
CTAN mirror https://mirror.ctan.org/systems/texlive/tlnet failed, trying next...
All CTAN mirrors failed. LaTeX packages may not install.
[1/4] index.qmd


processing file: index.qmd
1/9                  
2/9 [unnamed-chunk-1]
3/9                  
4/9 [unnamed-chunk-2]
Error in `library()`:
! there is no package called 'tidyverse'
Backtrace:
    x
 1. \-base::library(tidyverse)

Quitting from index.qmd:62-72 [unnamed-chunk-2]
Execution halted
WARN: Error encountered when rendering files
Render failed, retrying once...
[1/4] index.qmd


processing file: index.qmd
1/9                  
2/9 [unnamed-chunk-1]
3/9                  
4/9 [unnamed-chunk-2]
Error in `library()`:
! there is no package called 'tidyverse'
Backtrace:
    x
 1. \-base::library(tidyverse)

Quitting from index.qmd:62-72 [unnamed-chunk-2]
Execution halted
WARN: Error encountered when rendering files
