pandoc 

  to: latex
  output-file: template.tex
  standalone: true
  pdf-engine: lualatex
  variables:
    graphics: true
    tables: true
  default-image-extension: pdf
  

metadata

  block-headings: true
  date: '2023-02-15'
  date-format: long
  lang: de
  babel-lang: ngerman
  documentclass: scrlttr2
  classoption:
    - version=last
    - fromalign=right
    - paper=A4
  engines:
    - path: /opt/quarto/share/extension-subtrees/julia-engine/_extensions/julia-engine/julia-engine.js
  author:
    - name: Matthias Vallentin
      email: matthias@example.com
      phone: +49 123 4567890
      affiliation:
        - address: Foostraße 42
          postal-code: 1337
          city: Barstadt
          country: Bazmanien
  address:
    - Corge Grault
    - Quuxstraße 314
    - 4711 Garply
    - Xyzzilien
  date_label: Datum
  yourmail_label: Ihre Mail
  yourmail: 1. Januar 2023
  yourref_label: Ihre Nummer
  yourref: 123
  myref_label: Meine Nummer
  myref: 456
  customer_label: Kunde
  customer: 789
  invoice_label: Rechnung
  invoice: '001'
  subject: Betreffzeile
  opening: Sehr geehrte Damen und Herren,
  closing: Mit freundlichem Gruß
  encl:
    - Anlage 1
    - Anlage 2
  ps: |
    PS: Lorem ipsum dolor sit amet, *consectetur* adipiscing elit.
  


Rendering PDF

running lualatex - 1

  This is LuaHBTeX, Version 1.24.0 (TeX Live 2026) 
   restricted system commands enabled.
  

updating tlmgr



updating existing packages

finding package for scrlttr2.cls

> 1 package to install

> installing koma-script (1 of 1)

(WARN) Error encountered when rendering files

(ERROR) tlmgr returned a non zero status code
You don't have permission to change the installation in any way,
specifically, the directory /opt/tinytex/tlpkg/ is not writable.
Please run this program as administrator, or contact your local admin.
tlmgr: An error has occurred. See above messages. Exiting.


Stack trace:
    at renderFiles (file:///opt/quarto/bin/quarto.js:136533:49)
    at eventLoopTick (ext:core/01_core.js:179:7)
    at async render (file:///opt/quarto/bin/quarto.js:142161:19)
    at async _Command.actionHandler (file:///opt/quarto/bin/quarto.js:142406:24)
    at async _Command.execute (file:///opt/quarto/bin/quarto.js:102029:7)
    at async _Command.parseCommand (file:///opt/quarto/bin/quarto.js:101906:14)
    at async quarto4 (file:///opt/quarto/bin/quarto.js:187554:5)
    at async file:///opt/quarto/bin/quarto.js:187582:5
    at async file:///opt/quarto/bin/quarto.js:187437:14
    at async mainRunner (file:///opt/quarto/bin/quarto.js:187439:5)
    at async file:///opt/quarto/bin/quarto.js:187575:3

