Cloning into 'repo'...
[1/7] qregurgitate-faq.qmd
[2/7] index.qmd
[3/7] qregurgitate-grouped.qmd


processing file: qregurgitate-grouped.qmd
1/3                  
2/3 [unnamed-chunk-1]
3/3                  
output file: qregurgitate-grouped.knit.md

[4/7] qregurgitate-code-only.qmd


processing file: qregurgitate-code-only.qmd
1/5                  
2/5 [unnamed-chunk-1]
Error in loadNamespace(x) : there is no package called 'reticulate'
Calls: .main ... loadNamespace -> withRestarts -> withOneRestart -> doWithOneRestart
In addition: Warning message:
The 'python' engine in knitr requires the reticulate package. If you do not want to use the reticulate package, set the chunk option python.reticulate = FALSE. 

Quitting from qregurgitate-code-only.qmd:23-27 [unnamed-chunk-1]
Execution halted
WARN: Error encountered when rendering files
Render failed, retrying once...
[1/7] qregurgitate-faq.qmd
[2/7] index.qmd
[3/7] qregurgitate-grouped.qmd


processing file: qregurgitate-grouped.qmd
1/3                  
2/3 [unnamed-chunk-1]
3/3                  
output file: qregurgitate-grouped.knit.md

[4/7] qregurgitate-code-only.qmd


processing file: qregurgitate-code-only.qmd
1/5                  
2/5 [unnamed-chunk-1]
Error in loadNamespace(x) : there is no package called 'reticulate'
Calls: .main ... loadNamespace -> withRestarts -> withOneRestart -> doWithOneRestart
In addition: Warning message:
The 'python' engine in knitr requires the reticulate package. If you do not want to use the reticulate package, set the chunk option python.reticulate = FALSE. 

Quitting from qregurgitate-code-only.qmd:23-27 [unnamed-chunk-1]
Execution halted
WARN: Error encountered when rendering files
