

processing file: template.qmd

1/5                  

2/5 [fig-meaningless]

3/5                  

4/5 [tbl-simple]     

5/5                  

output file: template.knit.md


pandoc 

  to: latex
  output-file: template.tex
  standalone: true
  pdf-engine: lualatex
  variables:
    graphics: true
    tables: true
  default-image-extension: pdf
  cite-method: natbib
  number-sections: true
  

metadata

  block-headings: true
  date-format: full
  documentclass: elsarticle
  title: Short Paper
  subtitle: A Short Subtitle
  author:
    - name: Alice Anonymous
      email: alice@example.com
      affiliations:
        - id: some-tech
          name: Some Institute of Technology
          department: Department Name
          address: Street Address
          city: City
          state: State
          postal-code: Postal Code
      attributes:
        corresponding: true
      note: This is the first author footnote.
    - name: Bob Security
      email: bob@example.com
      affiliations:
        - id: another-u
          name: Another University
          department: Department Name
          address: Street Address
          city: City
          state: State
          postal-code: Postal Code
      note: |
        Another author footnote, this is a very long footnote and it should be a really long footnote. But this footnote is not yet sufficiently long enough to make two lines of footnote text.
    - name: Cat Memes
      email: cat@example.com
      affiliations:
        - ref: another-u
      note: Yet another author footnote.
    - name: Derek Zoolander
      email: derek@example.com
      affilations:
        - ref: some-tech
  abstract: |
    This is the abstract. Lorem ipsum dolor sit amet, consectetur adipiscing elit. Vestibulum augue turpis, dictum non malesuada a, volutpat eget velit. Nam placerat turpis purus, eu tristique ex tincidunt et. Mauris sed augue eget turpis ultrices tincidunt. Sed et mi in leo porta egestas. Aliquam non laoreet velit. Nunc quis ex vitae eros aliquet auctor nec ac libero. Duis laoreet sapien eu mi luctus, in bibendum leo molestie. Sed hendrerit diam diam, ac dapibus nisl volutpat vitae. Aliquam bibendum varius libero, eu efficitur justo rutrum at. Sed at tempus elit.
  keywords:
    - keyword1
    - keyword2
  date: last-modified
  bibliography:
    - bibliography.bib
  journal:
    name: Journal Name
    formatting: preprint
    cite-style: authoryear
  


Rendering PDF

running lualatex - 1

  This is LuaHBTeX, Version 1.24.0 (TeX Live 2026) 
   restricted system commands enabled.
  
  luaotfload | db : Font names database not found, generating new one.
  luaotfload | db : This can take several minutes; please be patient.

updating tlmgr



updating existing packages

finding package for caption.sty

> 1 package to install

> installing caption (1 of 1)

  This is LuaHBTeX, Version 1.24.0 (TeX Live 2026) 
   restricted system commands enabled.
  

generating bibliography

  This is BibTeX, Version 0.99e (TeX Live 2026)
  The top-level auxiliary file: template.aux
  The style file: elsarticle-harv.bst
  Database file #1: bibliography.bib
  

running lualatex - 2

  This is LuaHBTeX, Version 1.24.0 (TeX Live 2026) 
   restricted system commands enabled.
  

running lualatex - 3

  This is LuaHBTeX, Version 1.24.0 (TeX Live 2026) 
   restricted system commands enabled.
  



Output created: template.pdf


