

processing file: _revealjs-example.qmd

1/9                  

2/9 [unnamed-chunk-1]

3/9                  

4/
9 [unnamed-chunk-2]

5/9                  

6/9 [unnamed-chunk-3]

7/9                  

8/9 [unnamed-chunk-4]

9/9                  

output file: _revealjs-example.knit.md


pandoc 

  to: revealjs
  output-file: _revealjs-example.html
  template: _extensions/mcanouil/revealjs/template.html
  standalone: true
  embed-resources: true
  wrap: none
  default-image-extension: png
  html-math-method:
    method: mathjax
    url: >-
      https://cdn.jsdelivr.net/npm/mathjax@2.7.9/MathJax.js?config=TeX-AMS_HTML-full
  slide-level: 2
  variables: {}
  

metadata

  link-citations: true
  width: 1050
  height: 700
  margin: 0.1
  center: false
  navigationMode: linear
  controlsLayout: edges
  controlsTutorial: false
  hash: true
  history: true
  hashOneBasedIndex: false
  fragmentInURL: false
  transition: slide
  backgroundTransition: none
  pdfSeparateFragments: false
  lang: en
  auto-stretch: true
  author:
    - name:
        given: Mickaël
        family: CANOUIL
      degrees: Ph.D.
      email: pro@mickael.canouil.dev
      orcid: 0000-0002-3396-4549
      url: https://mickael.canouil.fr
      attributes:
        corresponding: true
      affiliations:
        - name: Independent Contractor
          city: Lille
          country: France
  copyright: © 2026 Mickaël CANOUIL
  license: CC BY-NC-SA
  code-copy: true
  date: today
  date-format: dddd[, the] Do [of] MMMM, YYYY
  mermaid:
    theme: dark
  extensions:
    mcanouil:
      grid-background: true
      section-outline: true
      date-superscript: true
      hide-title-slide-chrome: true
      favicon-from-logo: true
      code-annotation-fragments: true
      debug-borders: true
  brand-mode: dark
  logo:
    light: light
    dark: dark
  theme:
    - default
    - _extensions/mcanouil/revealjs/theme.scss
    - brand
  revealjs-plugins:
    - /home/runner/work/quarto-extensions/quarto-extensions/test-0/repo/_extensions/mcanouil/revealjs-plugin/mcanouil
    - /home/runner/work/quarto-extensions/quarto-extensions/test-0/repo/_extensions/mcanouil/revealjs-plugin/tabset
    - /home/runner/work/quarto-extensions/quarto-extensions/test-0/repo/_extensions/mcanouil/revealjs-plugin/line-fragment-indices
    - /home/runner/work/quarto-extensions/quarto-extensions/test-0/repo/_extensions/mcanouil/revealjs-plugin/code-annotation-fragments
  slideNumber: c
  code-annotations: select
  footer: |
    <a href="https://mickael.canouil.fr/" target="_blank" rel="noopener noreferrer">mickael.canouil.fr</a>
    |
    <a href="https://creativecommons.org/licenses/by-nc-sa/4.0/" target="_blank" rel="noopener noreferrer">License: CC BY-NC-SA 4.0</a>
  closing-slide:
    photo: https://github.com/mcanouil.png
    social:
      website: https://mickael.canouil.fr
      github: mcanouil
      linkedin: MickaelCanouil
      bluesky: mickael.canouil.fr
      mastodon: https://fosstodon.org/%40MickaelCanouil
  engines:
    - path: /opt/quarto/share/extension-subtrees/julia-engine/_extensions/julia-engine/julia-engine.js
  title: Reveal.js Format Test
  subtitle: Comprehensive Component Testing
  

[WARNING] 
Could not fetch resource https://fonts.googleapis.com/css2?family=Alegreya+Sans:ital,wght@0,400;0,700;1,400;1,700&disp
lay=swap: HttpExceptionRequest 
Request {
    host     
            = "fonts.
googleapis.com"
    
port                
 = 443
    secure
               = Tr
ue
    requestHeade
rs       = []
    path
                 = "/
css2"
    queryStrin
g          = "?family=Alegrey
a+Sans:ital,wgh
t@0,400;0,700;1
,400;1,700&dis
play=swap"
    met
hod               = "G
ET"
    proxy      
          = Nothing

    rawBody      
        = False
   
 redirectCount     
   = 10
    respon
seTimeout      
= ResponseTimeoutDe
fault
    requestVersion       = HTTP/1.1
    proxySecureMode      = ProxySecureWithConnect
  }
   (ConnectionFailure Network.Socket.getAddrInfo (called with preferred socket type/protocol: AddrInfo {addrFlags = [AI_ADDRCON
FIG], addrFamily = AF_UNSPEC, addr
SocketType = Stream, addrPr
otocol = 0, add
rAddress = 0.
0.0.0:0, addrCan
onName = Nothing}
, host name: "fo
nts.googleapis.co
m", service name
: "443"): does n
ot exist (Try ag
ain))

[WARNIN
G] Could not fetch resource https://fonts.googleapis.com/css2?family=Fira+Code:ital,wght@0,400;0,700;1,400;1,700&display=swap: HttpExceptionRequest Request {
    host                 = "fonts.googleapis.com"
    port                 = 443
    secure               = True
    requestHeaders       = []
    path                 = "/css2"
    queryString          = "?family=Fira+Code:ital,wght@0,400;0,700;1,400;1,700&display=swap"
    method               = "GET"
    proxy                = Nothing
    rawBody              = False
    redirectCount        = 10
    responseTimeout      = ResponseTimeoutDefault
    requestVersion       = HTTP/1.1
    proxySecureMode      = ProxySecureWithConnect
  }
   (ConnectionFailure Network.Socket.getAddrInfo (called with preferred socket type/protocol: AddrInfo {addrFlags = [AI_ADDRCONFIG], addrFamily = AF_UNSPEC, addrSocketType = Stream, addrProtocol = 0, addrAddress = 0.0.0.0:0, addrCanonName = Nothing}, host name: "fonts.googleapis.com", service name: "443"): does not exist (Try again))

[WARNING]
 Could not fetch resource https://github.com/mcanouil.png: HttpExceptionRequest Request {
    host                 = "github.com"
    port                 = 443
    secure               = True
    requestHeaders       = []
    path                 = "/mcanouil.png"
    queryString          = ""
    method               = "GET"
    proxy                = Nothing
    rawBody              = False
    redirectCount        = 10
    responseTimeout      = ResponseTimeoutDefault
    requestVersion       = HTTP/1.1
    proxySecureMode      = ProxySecureWithConnect
  }
   (ConnectionFailure Network.Socket.getAddrInfo (called with preferred socket type/protocol: AddrInfo {addrFlags = [AI_ADDRCONFIG], addrFamily = AF_UNSPEC, addrSocketType = Stream, addrProtocol = 0, addrAddress = 0.0.0.0:0, addrCanonName = Nothing}, host name: "github.com", service name: "443"): does not exist (Try again))

Output created: _revealjs-example.html


