pandoc 

  to: html
  output-file: index.html
  standalone: true
  section-divs: true
  html-math-method: mathjax
  wrap: none
  default-image-extension: png
  toc: true
  toc-depth: 3
  variables: {}
  

metadata

  document-css: false
  link-citations: true
  lang: en-GB
  author:
    - name:
        given: Mickaël
        family: CANOUIL
      degrees: Ph.D.
      email: pro@mickael.canouil.dev
      orcid: 0000-0002-3396-4549
      url: https://mickael.canouil.fr
      attributes:
        corresponding: true
      affiliations:
        - name: Independent Contractor
          city: Lille
          country: France
    - name:
        given: Jane
        family: Doe
      orcid: 0000-0001-2345-6789
      affiliations:
        - name: Example University
          department: Department of Statistics
          city: London
          country: United Kingdom
  copyright: © 2026 Mickaël CANOUIL
  license: CC BY-NC-SA
  code-copy: true
  date: today
  date-format: dddd[, the] Do [of] MMMM, YYYY
  mermaid:
    theme: dark
  extensions:
    mcanouil:
      grid-background: true
  respect-user-color-scheme: true
  theme:
    light:
      - cosmo
      - brand
      - _extensions/mcanouil/html/theme.scss
    dark:
      - cosmo
      - brand
      - _extensions/mcanouil/html/theme.scss
  grid:
    sidebar-width: 300px
    body-width: 900px
    margin-width: 300px
  anchor-sections: true
  email-obfuscate: javascript
  engines:
    - path: /opt/quarto/share/extension-subtrees/julia-engine/_extensions/julia-engine/julia-engine.js
  title: Mickaël CANOUIL Template
  subtitle: Complete Guide
  date-modified: today
  abstract: |
    This document showcases all features of the Mickaël CANOUIL template for Quarto, spanning HTML, Typst (PDF), and Reveal.js (presentations) formats.
    It demonstrates template-specific components including value boxes, info panels, status badges, dividers, progress bars, cards, card grids, executive summaries, and highlighted blocks.
    Additionally, it covers standard Quarto features such as figures, tables, mathematical notation, callouts, code blocks, code annotations, mermaid diagrams, and cross-references.
    Use this document as both a learning resource and a quick reference guide for all available template capabilities.
  keywords:
    - Quarto
    - Typst
    - Template
    - Documentation
    - Tutorial
  crossref:
    custom:
      - kind: float
        reference-prefix: Text
        key: txt
  references:
    - id: example_2024
      author:
        - family: Example
          given: Jane
        - family: Author
          given: John
      container-title: Journal of Examples
      doi: 10.1234/example.2024
      issued: 2024
      title: An Example Article for Demonstrating Citations
      type: article-journal
  style: professional
  other-links:
    - text: HTML (Academic Style)
      href: example-academic.html
      target: _blank
      rel: noopener noreferrer
  

ERROR (/opt/quarto/share/extensions/quarto/placeholder/placeholder.lua:33) Error rendering placeholder
ERROR (/opt/quarto/share/extensions/quarto/placeholder/placeholder.lua:34) nil

ERROR (/opt/quarto/share/extensions/quarto/placeholder/placeholder.lua:33) Error rendering placeholder
ERROR (/opt/quarto/share/extensions/quarto/placeholder/placeholder.lua:34) nil

ERROR (/opt/quarto/share/extensions/quarto/placeholder/placeholder.lua:33) Error rendering placeholder
ERROR (/opt/quarto/share/extensions/quarto/placeholder/placeholder.lua:34) nil

ERROR (/opt/quarto/share/extensions/quarto/placeholder/placeholder.lua:33) Error rendering placeholder
ERROR (/opt/quarto/share/extensions/quarto/placeholder/placeholder.lua:34) nil

pandoc 

  to: html
  output-file: example-academic.html
  standalone: true
  embed-resources: true
  section-divs: true
  html-math-method: mathjax
  wrap: none
  default-image-extension: png
  toc: true
  toc-depth: 3
  variables: {}
  

metadata

  document-css: false
  link-citations: true
  lang: en-GB
  author:
    - name:
        given: Mickaël
        family: CANOUIL
      degrees: Ph.D.
      email: pro@mickael.canouil.dev
      orcid: 0000-0002-3396-4549
      url: https://mickael.canouil.fr
      attributes:
        corresponding: true
      affiliations:
        - name: Independent Contractor
          city: Lille
          country: France
    - name:
        given: Jane
        family: Doe
      orcid: 0000-0001-2345-6789
      affiliations:
        - name: Example University
          department: Department of Statistics
          city: London
          country: United Kingdom
  copyright: © 2026 Mickaël CANOUIL
  license: CC BY-NC-SA
  code-copy: true
  date: today
  date-format: dddd[, the] Do [of] MMMM, YYYY
  mermaid:
    theme: dark
  extensions:
    mcanouil:
      grid-background: true
  respect-user-color-scheme: true
  theme:
    light:
      - cosmo
      - brand
      - _extensions/mcanouil/html/theme.scss
    dark:
      - cosmo
      - brand
      - _extensions/mcanouil/html/theme.scss
  grid:
    sidebar-width: 300px
    body-width: 900px
    margin-width: 300px
  anchor-sections: true
  email-obfuscate: javascript
  engines:
    - path: /opt/quarto/share/extension-subtrees/julia-engine/_extensions/julia-engine/julia-engine.js
  title: Mickaël CANOUIL Template
  subtitle: Complete Guide
  date-modified: today
  abstract: |
    This document showcases all features of the Mickaël CANOUIL template for Quarto, spanning HTML, Typst (PDF), and Reveal.js (presentations) formats.
    It demonstrates template-specific components including value boxes, info panels, status badges, dividers, progress bars, cards, card grids, executive summaries, and highlighted blocks.
    Additionally, it covers standard Quarto features such as figures, tables, mathematical notation, callouts, code blocks, code annotations, mermaid diagrams, and cross-references.
    Use this document as both a learning resource and a quick reference guide for all available template capabilities.
  keywords:
    - Quarto
    - Typst
    - Template
    - Documentation
    - Tutorial
  crossref:
    custom:
      - kind: float
        reference-prefix: Text
        key: txt
  references:
    - id: example_2024
      author:
        - family: Example
          given: Jane
        - family: Author
          given: John
      container-title: Journal of Examples
      doi: 10.1234/example.2024
      issued: 2024
      title: An Example Article for Demonstrating Citations
      type: article-journal
  style: academic
  other-links:
    - text: HTML (Academic Style)
      href: example-academic.html
      target: _blank
      rel: noopener noreferrer
  

ERROR (/opt/quarto/share/extensions/quarto/placeholder/placeholder.lua:33) Error rendering placeholder
ERROR (/opt/quarto/share/extensions/quarto/placeholder/placeholder.lua:34) nil

ERROR (/opt/quarto/share/extensions/quarto/placeholder/placeholder.lua:33) Error rendering placeholder
ERROR (/opt/quarto/share/extensions/quarto/placeholder/placeholder.lua:34) nil

ERROR (/opt/quarto/share/extensions/quarto/placeholder/placeholder.lua:33) Error rendering placeholder
ERROR (/opt/quarto/share/extensions/quarto/placeholder/placeholder.lua:34) nil

ERROR (/opt/quarto/share/extensions/quarto/placeholder/placeholder.lua:33) Error rendering placeholder
ERROR (/opt/quarto/share/extensions/quarto/placeholder/placeholder.lua:34) nil

pandoc 

  to: revealjs
  output-file: example-revealjs-dark.html
  template: _extensions/mcanouil/revealjs/template.html
  standalone: true
  embed-resources: true
  wrap: none
  default-image-extension: png
  html-math-method:
    method: mathjax
    url: >-
      https://cdn.jsdelivr.net/npm/mathjax@2.7.9/MathJax.js?config=TeX-AMS_HTML-full
  slide-level: 2
  variables: {}
  

metadata

  link-citations: true
  width: 1050
  height: 700
  margin: 0.1
  center: false
  navigationMode: linear
  controlsLayout: edges
  controlsTutorial: false
  hash: true
  history: true
  hashOneBasedIndex: false
  fragmentInURL: false
  transition: slide
  backgroundTransition: none
  pdfSeparateFragments: false
  lang: en-GB
  auto-stretch: true
  author:
    - name:
        given: Mickaël
        family: CANOUIL
      degrees: Ph.D.
      email: pro@mickael.canouil.dev
      orcid: 0000-0002-3396-4549
      url: https://mickael.canouil.fr
      attributes:
        corresponding: true
      affiliations:
        - name: Independent Contractor
          city: Lille
          country: France
    - name:
        given: Jane
        family: Doe
      orcid: 0000-0001-2345-6789
      affiliations:
        - name: Example University
          department: Department of Statistics
          city: London
          country: United Kingdom
  copyright: © 2026 Mickaël CANOUIL
  license: CC BY-NC-SA
  code-copy: true
  date: today
  date-format: dddd[, the] Do [of] MMMM, YYYY
  mermaid:
    theme: dark
  extensions:
    mcanouil:
      grid-background: true
      section-outline: true
      date-superscript: true
      hide-title-slide-chrome: true
      favicon-from-logo: true
      code-annotation-fragments: true
      debug-borders: false
  brand-mode: dark
  logo:
    light: light
    dark: dark
  theme:
    - default
    - _extensions/mcanouil/revealjs/theme.scss
    - brand
  revealjs-plugins:
    - /home/runner/work/quarto-extensions/quarto-extensions/test-0/repo/_extensions/mcanouil/revealjs-plugin/mcanouil
    - /home/runner/work/quarto-extensions/quarto-extensions/test-0/repo/_extensions/mcanouil/revealjs-plugin/tabset
    - /home/runner/work/quarto-extensions/quarto-extensions/test-0/repo/_extensions/mcanouil/revealjs-plugin/line-fragment-indices
    - /home/runner/work/quarto-extensions/quarto-extensions/test-0/repo/_extensions/mcanouil/revealjs-plugin/code-annotation-fragments
  slideNumber: c
  code-annotations: select
  footer: |
    <a href="https://mickael.canouil.fr/" target="_blank" rel="noopener noreferrer">mickael.canouil.fr</a>
    |
    <a href="https://creativecommons.org/licenses/by-nc-sa/4.0/" target="_blank" rel="noopener noreferrer">License: CC BY-NC-SA 4.0</a>
  closing-slide:
    photo: https://github.com/mcanouil.png
    social:
      website: https://mickael.canouil.fr
      github: mcanouil
      linkedin: MickaelCanouil
      bluesky: mickael.canouil.fr
      mastodon: https://fosstodon.org/%40MickaelCanouil
  engines:
    - path: /opt/quarto/share/extension-subtrees/julia-engine/_extensions/julia-engine/julia-engine.js
  title: Mickaël CANOUIL Template
  subtitle: Complete Guide
  date-modified: today
  abstract: |
    This document showcases all features of the Mickaël CANOUIL template for Quarto, spanning HTML, Typst (PDF), and Reveal.js (presentations) formats.
    It demonstrates template-specific components including value boxes, info panels, status badges, dividers, progress bars, cards, card grids, executive summaries, and highlighted blocks.
    Additionally, it covers standard Quarto features such as figures, tables, mathematical notation, callouts, code blocks, code annotations, mermaid diagrams, and cross-references.
    Use this document as both a learning resource and a quick reference guide for all available template capabilities.
  keywords:
    - Quarto
    - Typst
    - Template
    - Documentation
    - Tutorial
  crossref:
    custom:
      - kind: float
        reference-prefix: Text
        key: txt
  references:
    - id: example_2024
      author:
        - family: Example
          given: Jane
        - family: Author
          given: John
      container-title: Journal of Examples
      doi: 10.1234/example.2024
      issued: 2024
      title: An Example Article for Demonstrating Citations
      type: article-journal
  style: professional
  other-links:
    - text: HTML (Academic Style)
      href: example-academic.html
      target: _blank
      rel: noopener noreferrer
  scrollable: true
  smaller: true
  

ERROR (/opt/quarto/share/extensions/quarto/placeholder/placeholder.lua:33) Error rendering placeholder
ERROR (/opt/quarto/share/extensions/quarto/placeholder/placeholder.lua:34) nil

ERROR (/opt/quarto/share/extensions/quarto/placeholder/placeholder.lua:33) Error rendering placeholder
ERROR (/opt/quarto/share/extensions/quarto/placeholder/placeholder.lua:34) nil

ERROR (/opt/quarto/share/extensions/quarto/placeholder/placeholder.lua:33) Error rendering placeholder
ERROR (/opt/quarto/share/extensions/quarto/placeholder/placeholder.lua:34) nil

ERROR (/opt/quarto/share/extensions/quarto/placeholder/placeholder.lua:33) Error rendering placeholder
ERROR (/opt/quarto/share/extensions/quarto/placeholder/placeholder.lua:34) nil

pandoc 

  to: revealjs
  output-file: example-revealjs-light.html
  template: _extensions/mcanouil/revealjs/template.html
  standalone: true
  embed-resources: true
  wrap: none
  default-image-extension: png
  html-math-method:
    method: mathjax
    url: >-
      https://cdn.jsdelivr.net/npm/mathjax@2.7.9/MathJax.js?config=TeX-AMS_HTML-full
  slide-level: 2
  variables: {}
  

metadata

  link-citations: true
  width: 1050
  height: 700
  margin: 0.1
  center: false
  navigationMode: linear
  controlsLayout: edges
  controlsTutorial: false
  hash: true
  history: true
  hashOneBasedIndex: false
  fragmentInURL: false
  transition: slide
  backgroundTransition: none
  pdfSeparateFragments: false
  lang: en-GB
  auto-stretch: true
  author:
    - name:
        given: Mickaël
        family: CANOUIL
      degrees: Ph.D.
      email: pro@mickael.canouil.dev
      orcid: 0000-0002-3396-4549
      url: https://mickael.canouil.fr
      attributes:
        corresponding: true
      affiliations:
        - name: Independent Contractor
          city: Lille
          country: France
    - name:
        given: Jane
        family: Doe
      orcid: 0000-0001-2345-6789
      affiliations:
        - name: Example University
          department: Department of Statistics
          city: London
          country: United Kingdom
  copyright: © 2026 Mickaël CANOUIL
  license: CC BY-NC-SA
  code-copy: true
  date: today
  date-format: dddd[, the] Do [of] MMMM, YYYY
  mermaid:
    theme: dark
  extensions:
    mcanouil:
      grid-background: true
      section-outline: true
      date-superscript: true
      hide-title-slide-chrome: true
      favicon-from-logo: true
      code-annotation-fragments: true
      debug-borders: false
  brand-mode: light
  logo:
    light: light
    dark: dark
  theme:
    - default
    - _extensions/mcanouil/revealjs/theme.scss
    - brand
  revealjs-plugins:
    - /home/runner/work/quarto-extensions/quarto-extensions/test-0/repo/_extensions/mcanouil/revealjs-plugin/mcanouil
    - /home/runner/work/quarto-extensions/quarto-extensions/test-0/repo/_extensions/mcanouil/revealjs-plugin/tabset
    - /home/runner/work/quarto-extensions/quarto-extensions/test-0/repo/_extensions/mcanouil/revealjs-plugin/line-fragment-indices
    - /home/runner/work/quarto-extensions/quarto-extensions/test-0/repo/_extensions/mcanouil/revealjs-plugin/code-annotation-fragments
  slideNumber: c
  code-annotations: select
  footer: |
    <a href="https://mickael.canouil.fr/" target="_blank" rel="noopener noreferrer">mickael.canouil.fr</a>
    |
    <a href="https://creativecommons.org/licenses/by-nc-sa/4.0/" target="_blank" rel="noopener noreferrer">License: CC BY-NC-SA 4.0</a>
  closing-slide:
    photo: https://github.com/mcanouil.png
    social:
      website: https://mickael.canouil.fr
      github: mcanouil
      linkedin: MickaelCanouil
      bluesky: mickael.canouil.fr
      mastodon: https://fosstodon.org/%40MickaelCanouil
  engines:
    - path: /opt/quarto/share/extension-subtrees/julia-engine/_extensions/julia-engine/julia-engine.js
  title: Mickaël CANOUIL Template
  subtitle: Complete Guide
  date-modified: today
  abstract: |
    This document showcases all features of the Mickaël CANOUIL template for Quarto, spanning HTML, Typst (PDF), and Reveal.js (presentations) formats.
    It demonstrates template-specific components including value boxes, info panels, status badges, dividers, progress bars, cards, card grids, executive summaries, and highlighted blocks.
    Additionally, it covers standard Quarto features such as figures, tables, mathematical notation, callouts, code blocks, code annotations, mermaid diagrams, and cross-references.
    Use this document as both a learning resource and a quick reference guide for all available template capabilities.
  keywords:
    - Quarto
    - Typst
    - Template
    - Documentation
    - Tutorial
  crossref:
    custom:
      - kind: float
        reference-prefix: Text
        key: txt
  references:
    - id: example_2024
      author:
        - family: Example
          given: Jane
        - family: Author
          given: John
      container-title: Journal of Examples
      doi: 10.1234/example.2024
      issued: 2024
      title: An Example Article for Demonstrating Citations
      type: article-journal
  style: professional
  other-links:
    - text: HTML (Academic Style)
      href: example-academic.html
      target: _blank
      rel: noopener noreferrer
  scrollable: true
  smaller: true
  

ERROR (/opt/quarto/share/extensions/quarto/placeholder/placeholder.lua:33) Error rendering placeholder
ERROR (/opt/quarto/share/extensions/quarto/placeholder/placeholder.lua:34) nil

ERROR (/opt/quarto/share/extensions/quarto/placeholder/placeholder.lua:33) Error rendering placeholder
ERROR (/opt/quarto/share/extensions/quarto/placeholder/placeholder.lua:34) nil

ERROR (/opt/quarto/share/extensions/quarto/placeholder/placeholder.lua:33) Error rendering placeholder
ERROR (/opt/quarto/share/extensions/quarto/placeholder/placeholder.lua:34) nil

ERROR (/opt/quarto/share/extensions/quarto/placeholder/placeholder.lua:33) Error rendering placeholder
ERROR (/opt/quarto/share/extensions/quarto/placeholder/placeholder.lua:34) nil

(ERROR) TypeError: error sending request for url (https://fonts.googleapis.com/css?family=Alegreya%20Sans): client error (Connect): dns error: failed to lookup address information: Temporary failure in name resolution: failed to lookup address information: Temporary failure in name resolution

Stack trace:
    at async mainFetch (ext:deno_fetch/26_fetch.js:192:12)
    at async fetch (ext:deno_fetch/26_fetch.js:475:11)
    at async resolveExtras (file:///opt/quarto/bin/quarto.js:129804:28)
    at async runPandoc (file:///opt/quarto/bin/quarto.js:129164:20)
    at async renderPandoc (file:///opt/quarto/bin/quarto.js:130849:24)
    at async Object.onRender (file:///opt/quarto/bin/quarto.js:136792:30)
    at async renderFileInternal (file:///opt/quarto/bin/quarto.js:136769:9)
    at async renderFiles (file:///opt/quarto/bin/quarto.js:136500:9)
    at async render (file:///opt/quarto/bin/quarto.js:142154:19)
    at async _Command.actionHandler (file:///opt/quarto/bin/quarto.js:142399:24)
    at async _Command.execute (file:///opt/quarto/bin/quarto.js:102022:7)
    at async _Command.parseCommand (file:///opt/quarto/bin/quarto.js:101899:14)
    at async quarto4 (file:///opt/quarto/bin/quarto.js:187518:5)
    at async file:///opt/quarto/bin/quarto.js:187546:5
    at async file:///opt/quarto/bin/quarto.js:187401:14
    at async mainRunner (file:///opt/quarto/bin/quarto.js:187403:5)
    at async file:///opt/quarto/bin/quarto.js:187539:3

