Cloning into 'repo'...
Installing package into '/home/runner/work/quarto-extensions/quarto-extensions/test-10/R/x86_64-pc-linux-gnu-library/4.6'
(as 'lib' is unspecified)
trying URL 'https://packagemanager.posit.co/cran/latest/src/contrib/renv_1.2.3.tar.gz'
Content type 'binary/octet-stream' length 1375285 bytes (1.3 MB)
==================================================
downloaded 1.3 MB

* installing *source* package 'renv' ...
** this is package 'renv' version '1.2.3'
** package 'renv' successfully unpacked and MD5 sums checked
** using staged installation
** R
** inst
** byte-compile and prepare package for lazy loading
** help
*** installing help indices
*** copying figures
** building package indices
** installing vignettes
** testing if installed package can be loaded from temporary location
** checking absolute paths in shared objects and dynamic libraries
** testing if installed package can be loaded from final location
** testing if installed package keeps a record of temporary installation path
* DONE (renv)

The downloaded source packages are in
	'/tmp/Rtmpqn3E3F/downloaded_packages'
CTAN mirror https://ctan.math.utah.edu/ctan/tex-archive/systems/texlive/tlnet failed, trying next...


processing file: template.qmd
1/4                  
2/4 [unnamed-chunk-1]
3/4                  
4/4 [unnamed-chunk-2]
output file: template.knit.md

Error adding css vars block SCSSParsingError: SCSS Parsing Error: Expecting punctuation: ")" (3143:53)
    at cssVarsBlock (file:///opt/quarto/bin/quarto.js:87102:15)
    at file:///opt/quarto/bin/quarto.js:87648:35
    at file:///opt/quarto/bin/quarto.js:87296:33
    at async handleVarsBlock (file:///opt/quarto/bin/quarto.js:87569:23)
    at async file:///opt/quarto/bin/quarto.js:87595:17
    at async SassCache.setFromHash (file:///opt/quarto/bin/quarto.js:80032:11)
    at async compileSass (file:///opt/quarto/bin/quarto.js:87407:19)
    at async revealTheme (file:///opt/quarto/bin/quarto.js:184529:15)
    at async Object.formatExtras (file:///opt/quarto/bin/quarto.js:184686:23)
    at async runPandoc (file:///opt/quarto/bin/quarto.js:129292:56)
    at async renderPandoc (file:///opt/quarto/bin/quarto.js:131004:24)
    at async Object.onRender (file:///opt/quarto/bin/quarto.js:137068:30)
    at async renderFileInternal (file:///opt/quarto/bin/quarto.js:137045:9)
    at async renderFiles (file:///opt/quarto/bin/quarto.js:136776:9)
    at async render (file:///opt/quarto/bin/quarto.js:142430:19)
    at async _Command.actionHandler (file:///opt/quarto/bin/quarto.js:142675:24)
    at async _Command.execute (file:///opt/quarto/bin/quarto.js:102086:7)
    at async _Command.parseCommand (file:///opt/quarto/bin/quarto.js:101963:14)
    at async quarto4 (file:///opt/quarto/bin/quarto.js:188045:5)
    at async file:///opt/quarto/bin/quarto.js:188074:5
    at async file:///opt/quarto/bin/quarto.js:187928:14
    at async mainRunner (file:///opt/quarto/bin/quarto.js:187930:5)
    at async file:///opt/quarto/bin/quarto.js:188067:3
The resulting CSS file will not have SCSS color variables exported as CSS.
This is likely a Quarto bug.
Please consider reporting it at https://github.com/quarto-dev/quarto-cli,
along with the _quarto_internal_scss_error.scss file that can be found in the current working directory.
ERROR: Theme file compilation failed:

Error: There is no module with the namespace "sass-color".
     ╷
3131 │ @if (sass-color.blackness($backgroundColor) > $code-block-theme-dark-threshhold) {
     │      ^^^^^^^^^^^^^^^^^^^^^^^^^^^^^^^^^^^^^^
     ╵

Stack trace:
    at dartCommand (file:///opt/quarto/bin/quarto.js:79915:11)
    at async dartCompile (file:///opt/quarto/bin/quarto.js:79869:3)
    at async file:///opt/quarto/bin/quarto.js:87596:9
    at async SassCache.setFromHash (file:///opt/quarto/bin/quarto.js:80032:11)
    at async compileSass (file:///opt/quarto/bin/quarto.js:87407:19)
    at async revealTheme (file:///opt/quarto/bin/quarto.js:184529:15)
    at async Object.formatExtras (file:///opt/quarto/bin/quarto.js:184686:23)
    at async runPandoc (file:///opt/quarto/bin/quarto.js:129292:56)
    at async renderPandoc (file:///opt/quarto/bin/quarto.js:131004:24)
    at async Object.onRender (file:///opt/quarto/bin/quarto.js:137068:30)
    at async renderFileInternal (file:///opt/quarto/bin/quarto.js:137045:9)
    at async renderFiles (file:///opt/quarto/bin/quarto.js:136776:9)
    at async render (file:///opt/quarto/bin/quarto.js:142430:19)
    at async _Command.actionHandler (file:///opt/quarto/bin/quarto.js:142675:24)
    at async _Command.execute (file:///opt/quarto/bin/quarto.js:102086:7)
    at async _Command.parseCommand (file:///opt/quarto/bin/quarto.js:101963:14)
    at async quarto4 (file:///opt/quarto/bin/quarto.js:188045:5)
    at async file:///opt/quarto/bin/quarto.js:188074:5
    at async file:///opt/quarto/bin/quarto.js:187928:14
    at async mainRunner (file:///opt/quarto/bin/quarto.js:187930:5)
    at async file:///opt/quarto/bin/quarto.js:188067:3
Render failed, retrying once...


processing file: template.qmd
1/4                  
2/4 [unnamed-chunk-1]
3/4                  
4/4 [unnamed-chunk-2]
output file: template.knit.md

Error adding css vars block SCSSParsingError: SCSS Parsing Error: Expecting punctuation: ")" (3143:53)
    at cssVarsBlock (file:///opt/quarto/bin/quarto.js:87102:15)
    at file:///opt/quarto/bin/quarto.js:87648:35
    at file:///opt/quarto/bin/quarto.js:87296:33
    at async handleVarsBlock (file:///opt/quarto/bin/quarto.js:87569:23)
    at async file:///opt/quarto/bin/quarto.js:87595:17
    at async SassCache.setFromHash (file:///opt/quarto/bin/quarto.js:80032:11)
    at async compileSass (file:///opt/quarto/bin/quarto.js:87407:19)
    at async revealTheme (file:///opt/quarto/bin/quarto.js:184529:15)
    at async Object.formatExtras (file:///opt/quarto/bin/quarto.js:184686:23)
    at async runPandoc (file:///opt/quarto/bin/quarto.js:129292:56)
    at async renderPandoc (file:///opt/quarto/bin/quarto.js:131004:24)
    at async Object.onRender (file:///opt/quarto/bin/quarto.js:137068:30)
    at async renderFileInternal (file:///opt/quarto/bin/quarto.js:137045:9)
    at async renderFiles (file:///opt/quarto/bin/quarto.js:136776:9)
    at async render (file:///opt/quarto/bin/quarto.js:142430:19)
    at async _Command.actionHandler (file:///opt/quarto/bin/quarto.js:142675:24)
    at async _Command.execute (file:///opt/quarto/bin/quarto.js:102086:7)
    at async _Command.parseCommand (file:///opt/quarto/bin/quarto.js:101963:14)
    at async quarto4 (file:///opt/quarto/bin/quarto.js:188045:5)
    at async file:///opt/quarto/bin/quarto.js:188074:5
    at async file:///opt/quarto/bin/quarto.js:187928:14
    at async mainRunner (file:///opt/quarto/bin/quarto.js:187930:5)
    at async file:///opt/quarto/bin/quarto.js:188067:3
The resulting CSS file will not have SCSS color variables exported as CSS.
This is likely a Quarto bug.
Please consider reporting it at https://github.com/quarto-dev/quarto-cli,
along with the _quarto_internal_scss_error.scss file that can be found in the current working directory.
ERROR: Theme file compilation failed:

Error: There is no module with the namespace "sass-color".
     ╷
3131 │ @if (sass-color.blackness($backgroundColor) > $code-block-theme-dark-threshhold) {
     │      ^^^^^^^^^^^^^^^^^^^^^^^^^^^^^^^^^^^^^^
     ╵

Stack trace:
    at dartCommand (file:///opt/quarto/bin/quarto.js:79915:11)
    at async dartCompile (file:///opt/quarto/bin/quarto.js:79869:3)
    at async file:///opt/quarto/bin/quarto.js:87596:9
    at async SassCache.setFromHash (file:///opt/quarto/bin/quarto.js:80032:11)
    at async compileSass (file:///opt/quarto/bin/quarto.js:87407:19)
    at async revealTheme (file:///opt/quarto/bin/quarto.js:184529:15)
    at async Object.formatExtras (file:///opt/quarto/bin/quarto.js:184686:23)
    at async runPandoc (file:///opt/quarto/bin/quarto.js:129292:56)
    at async renderPandoc (file:///opt/quarto/bin/quarto.js:131004:24)
    at async Object.onRender (file:///opt/quarto/bin/quarto.js:137068:30)
    at async renderFileInternal (file:///opt/quarto/bin/quarto.js:137045:9)
    at async renderFiles (file:///opt/quarto/bin/quarto.js:136776:9)
    at async render (file:///opt/quarto/bin/quarto.js:142430:19)
    at async _Command.actionHandler (file:///opt/quarto/bin/quarto.js:142675:24)
    at async _Command.execute (file:///opt/quarto/bin/quarto.js:102086:7)
    at async _Command.parseCommand (file:///opt/quarto/bin/quarto.js:101963:14)
    at async quarto4 (file:///opt/quarto/bin/quarto.js:188045:5)
    at async file:///opt/quarto/bin/quarto.js:188074:5
    at async file:///opt/quarto/bin/quarto.js:187928:14
    at async mainRunner (file:///opt/quarto/bin/quarto.js:187930:5)
    at async file:///opt/quarto/bin/quarto.js:188067:3
