

processing file: template.qmd

1/4                  

2/4 [unnamed-chunk-1]

3/4                  

4/4 [unnamed-chunk-2]

output file: template.knit.md


(ERROR) Theme file compilation failed:

Error: There is no module with the namespace "sass-color".
     ╷
3131 │ @if (sass-color.blackness($backgroundColor) > $code-block-theme-dark-threshhold) {
     │      ^^^^^^^^^^^^^^^^^^^^^^^^^^^^^^^^^^^^^^
     ╵

Stack trace:
    at dartCommand (file:///opt/quarto/bin/quarto.js:79915:11)
    at async dartCompile (file:///opt/quarto/bin/quarto.js:79869:3)
    at async file:///opt/quarto/bin/quarto.js:87596:9
    at async SassCache.setFromHash (file:///opt/quarto/bin/quarto.js:80032:11)
    at async compileSass (file:///opt/quarto/bin/quarto.js:87407:19)
    at async revealTheme (file:///opt/quarto/bin/quarto.js:184529:15)
    at async Object.formatExtras (file:///opt/quarto/bin/quarto.js:184686:23)
    at async runPandoc (file:///opt/quarto/bin/quarto.js:129292:56)
    at async renderPandoc (file:///opt/quarto/bin/quarto.js:131004:24)
    at async Object.onRender (file:///opt/quarto/bin/quarto.js:137068:30)
    at async renderFileInternal (file:///opt/quarto/bin/quarto.js:137045:9)
    at async renderFiles (file:///opt/quarto/bin/quarto.js:136776:9)
    at async render (file:///opt/quarto/bin/quarto.js:142430:19)
    at async _Command.actionHandler (file:///opt/quarto/bin/quarto.js:142675:24)
    at async _Command.execute (file:///opt/quarto/bin/quarto.js:102086:7)
    at async _Command.parseCommand (file:///opt/quarto/bin/quarto.js:101963:14)
    at async quarto4 (file:///opt/quarto/bin/quarto.js:188045:5)
    at async file:///opt/quarto/bin/quarto.js:188074:5
    at async file:///opt/quarto/bin/quarto.js:187928:14
    at async mainRunner (file:///opt/quarto/bin/quarto.js:187930:5)
    at async file:///opt/quarto/bin/quarto.js:188067:3

