
Starting python3 kernel...
Done


Executing 'asce-template.quarto_ipynb'

  Cell 1/1: 'fig-fill-between'...
Done



pandoc 

  to: latex
  output-file: asce-template.tex
  template: _extensions/asce/partials/ascelike-new-template.tex
  standalone: true
  pdf-engine: pdflatex
  variables:
    graphics: true
    tables: true
    quarto:
      language:
        toc-title-document: Table of contents
        toc-title-website: On this page
        related-formats-title: Other Formats
        related-notebooks-title: Notebooks
        source-notebooks-prefix: Source
        other-links-title: Other Links
        code-links-title: Code Links
        launch-dev-container-title: Launch Dev Container
        launch-binder-title: Launch Binder
        article-notebook-label: Article Notebook
        notebook-preview-download: Download Notebook
        notebook-preview-download-src: Download Source
        notebook-preview-back: Back to Article
        manuscript-meca-bundle: MECA Bundle
        section-title-abstract: Abstract
        section-title-appendices: Appendices
        section-title-footnotes: Footnotes
        section-title-references: References
        section-title-reuse: Reuse
        section-title-copyright: Copyright
        section-title-citation: Citation
        appendix-attribution-cite-as: 'For attribution, please cite this work as:'
        appendix-attribution-bibtex: 'BibTeX citation:'
        appendix-view-license: View License
        title-block-author-single: Author
        title-block-author-plural: Authors
        title-block-affiliation-single: Affiliation
        title-block-affiliation-plural: Affiliations
        title-block-published: Published
        title-block-modified: Modified
        title-block-keywords: Keywords
        callout-tip-title: Tip
        callout-note-title: Note
        callout-warning-title: Warning
        callout-important-title: Important
        callout-caution-title: Caution
        code-summary: Code
        code-tools-menu-caption: Code
        code-tools-show-all-code: Show All Code
        code-tools-hide-all-code: Hide All Code
        code-tools-view-source: View Source
        code-tools-source-code: Source Code
        tools-share: Share
        tools-download: Download
        code-line: Line
        code-lines: Lines
        copy-button-tooltip: Copy to Clipboard
        copy-button-tooltip-success: Copied!
        repo-action-links-edit: Edit this page
        repo-action-links-source: View source
        repo-action-links-issue: Report an issue
        back-to-top: Back to top
        search-no-results-text: No results
        search-matching-documents-text: matching documents
        search-copy-link-title: Copy link to search
        search-hide-matches-text: Hide additional matches
        search-more-match-text: more match in this document
        search-more-matches-text: more matches in this document
        search-clear-button-title: Clear
        search-text-placeholder: ''
        search-detached-cancel-button-title: Cancel
        search-submit-button-title: Submit
        search-label: Search
        toggle-section: Toggle section
        toggle-sidebar: Toggle sidebar navigation
        toggle-dark-mode: Toggle dark mode
        toggle-reader-mode: Toggle reader mode
        toggle-navigation: Toggle navigation
        crossref-fig-title: Figure
        crossref-tbl-title: Table
        crossref-lst-title: Listing
        crossref-thm-title: Theorem
        crossref-lem-title: Lemma
        crossref-cor-title: Corollary
        crossref-prp-title: Proposition
        crossref-cnj-title: Conjecture
        crossref-def-title: Definition
        crossref-exm-title: Example
        crossref-exr-title: Exercise
        crossref-ch-prefix: Chapter
        crossref-apx-prefix: Appendix
        crossref-sec-prefix: Section
        crossref-eq-prefix: Equation
        crossref-lof-title: List of Figures
        crossref-lot-title: List of Tables
        crossref-lol-title: List of Listings
        environment-proof-title: Proof
        environment-remark-title: Remark
        environment-solution-title: Solution
        listing-page-order-by: Order By
        listing-page-order-by-default: Default
        listing-page-order-by-date-asc: Oldest
        listing-page-order-by-date-desc: Newest
        listing-page-order-by-number-desc: High to Low
        listing-page-order-by-number-asc: Low to High
        listing-page-field-date: Date
        listing-page-field-title: Title
        listing-page-field-description: Description
        listing-page-field-author: Author
        listing-page-field-filename: File Name
        listing-page-field-filemodified: Modified
        listing-page-field-subtitle: Subtitle
        listing-page-field-readingtime: Reading Time
        listing-page-field-wordcount: Word Count
        listing-page-field-categories: Categories
        listing-page-minutes-compact: '{0} min'
        listing-page-category-all: All
        listing-page-no-matches: No matching items
        listing-page-words: '{0} words'
        listing-page-filter: Filter
        draft: Draft
  default-image-extension: pdf
  cite-method: natbib
  

metadata

  block-headings: true
  citproc: false
  crossref:
    fig-prefix: Fig.
    fig-title: '**Fig.**'
    tbl-prefix: Table
    tbl-title: '**Table**'
    eq-prefix: Eq.
    sec-prefix: Section
    title-delim: \.
  knitr:
    opts_chunk:
      echo: false
  documentclass: ascelike-new
  title: Template for Preparing Your Submission to the American Society Of Civil Engineers (ASCE)
  author:
    - name: Author One, S.M. ASCE
      affiliations: Graduate Research Associate, First affiliation address
      email: author.one@email.com
    - name: Author Two, M. ASCE
      affiliations: Assistant Professor, Second affiliation address
      email: author.two@email.com
    - name: Author three, A.M. ASCE
      affiliations: Associate Professor, Third affiliation address
      email: author.three@email.com
      corresponding: true
  code-highlighter: true
  abstract: |
    The abstract should be a single paragraph (150-175 words long) written
    in plain language and include a summary of the key conclusions of the
    manuscript. It should clearly state the purpose of the work, the scope
    of the effort, the procedures used to execute the work, and major
    findings. The abstract is the second most important online search
    discovery element, after the title. Authors should review the abstract
    to ensure that it accurately reflects the revised paper and should
    strive to include any applicable keywords that would likely be used
    during an online search. Mathematics and references are not permitted
    in the abstract and will be removed by the copyeditors.
  keywords: template, quarto, asce
  bibliography:
    - references.bib
  publication-type: Journal
  footer-lastname: Author1
  classoption:
    - LineNumbers
  

[WARNING] Citeproc
: citation eq-Einstein not found
[WARNING] Citeproc: citation fig-asce-logo not found
[WARNING] Citeproc: citation fig-fill-between not found
[WARNING] Citeproc: citation sec-a
pp-notation not found
[WARNING] Citepr
oc: citation sec-app-options n
ot found

Overall totals:
---------------------------------
- 4385 total words
- 3770 words in body and notes

Section totals:
---------------------------------
- 3770 words in text body
- 615 words in reference section



Rendering PDF

running pdflatex - 1

  This is pdfTeX, Version 3.141592653-2.6-1.40.29 (TeX Live 2026) (preloaded format=pdflatex)
   restricted \write18 enabled.
  entering extended mode
  

updating tlmgr



updating existing packages

finding package for authblk.sty

> 1 package to install

> installing preprint (1 of 1)

  This is pdfTeX, Version 3.141592653-2.6-1.40.29 (TeX Live 2026) (preloaded format=pdflatex)
   restricted \write18 enabled.
  entering extended mode
  

finding package for silence.sty

> 1 package to install

> installing silence (1 of 1)

  This is pdfTeX, Version 3.141592653-2.6-1.40.29 (TeX Live 2026) (preloaded format=pdflatex)
   restricted \write18 enabled.
  entering extended mode
  

finding package for newfloat.sty

> 1 package to install

> installing newfloat (1 of 1)

  This is pdfTeX, Version 3.141592653-2.6-1.40.29 (TeX Live 2026) (preloaded format=pdflatex)
   restricted \write18 enabled.
  entering extended mode
  

finding package for newtxtext.sty

> 1 package to install

> installing newtx (1 of 1)

  This is pdfTeX, Version 3.141592653-2.6-1.40.29 (TeX Live 2026) (preloaded format=pdflatex)
   restricted \write18 enabled.
  entering extended mode
  

finding package for xpatch.sty

> 1 package to install

> installing xpatch (1 of 1)

  This is pdfTeX, Version 3.141592653-2.6-1.40.29 (TeX Live 2026) (preloaded format=pdflatex)
   restricted \write18 enabled.
  entering extended mode
  

finding package for xstring.sty

> 1 package to install

> installing xstring (1 of 1)

  This is pdfTeX, Version 3.141592653-2.6-1.40.29 (TeX Live 2026) (preloaded format=pdflatex)
   restricted \write18 enabled.
  entering extended mode
  

finding package for scalefnt.sty

> 1 package to install

> installing carlisle (1 of 1)

  This is pdfTeX, Version 3.141592653-2.6-1.40.29 (TeX Live 2026) (preloaded format=pdflatex)
   restricted \write18 enabled.
  entering extended mode
  

finding package for fontaxes.sty

> 1 package to install

> installing fontaxes (1 of 1)

  This is pdfTeX, Version 3.141592653-2.6-1.40.29 (TeX Live 2026) (preloaded format=pdflatex)
   restricted \write18 enabled.
  entering extended mode
  

finding package for endfloat.sty

> 1 package to install

> installing endfloat (1 of 1)

  This is pdfTeX, Version 3.141592653-2.6-1.40.29 (TeX Live 2026) (preloaded format=pdflatex)
   restricted \write18 enabled.
  entering extended mode
  

finding package for setspace.sty

> 1 package to install

> installing setspace (1 of 1)

  This is pdfTeX, Version 3.141592653-2.6-1.40.29 (TeX Live 2026) (preloaded format=pdflatex)
   restricted \write18 enabled.
  entering extended mode
  

finding package for lineno.sty

> 1 package to install

> installing lineno (1 of 1)

  This is pdfTeX, Version 3.141592653-2.6-1.40.29 (TeX Live 2026) (preloaded format=pdflatex)
   restricted \write18 enabled.
  entering extended mode
  

generating bibliography

  This is BibTeX, Version 0.99e (TeX Live 2026)
  The top-level auxiliary file: asce-template.aux
  The style file: ascelike-new.bst
  Database file #1: references.bib
  

running pdflatex - 2

  This is pdfTeX, Version 3.141592653-2.6-1.40.29 (TeX Live 2026) (preloaded format=pdflatex)
   restricted \write18 enabled.
  entering extended mode
  

running pdflatex - 3

  This is pdfTeX, Version 3.141592653-2.6-1.40.29 (TeX Live 2026) (preloaded format=pdflatex)
   restricted \write18 enabled.
  entering extended mode
  



Output created: asce-template.pdf


