pandoc 

  to: html
  output-file: example.html
  standalone: true
  section-divs: true
  html-math-method: mathjax
  wrap: none
  default-image-extension: png
  variables: {}
  

metadata

  document-css: false
  link-citations: true
  date-format: long
  lang: en
  engines:
    - path: /opt/quarto/share/extension-subtrees/julia-engine/_extensions/julia-engine/julia-engine.js
  title: Unsplash Example
  

Error running f
ilter /opt/quarto/share/filters/main.lua:
Could not fetch https://source.unsplash.com/random
HttpExceptionRequest Request {
  host                 = "source.unsplash.com"
  port                 = 443

  secure               = True
  requestHeaders       = []
  path                 = "
/random"
  queryString          = ""
  method               = "GET"
  proxy                = Nothing

  rawBody              = False
  redirectCount        = 10
  responseTimeout   
   = ResponseTimeoutDefault
  requestVersion       = HTTP/1.1
  proxySecureMode      = Proxy
SecureWithConnect
}
 (StatusCodeException (Response {responseSta
tus = Status {statusCode = 503, statusM
essage = "Service Unavailable"}, responseVersion = HTTP/1.1, re
sponseHeaders = [("Cache-Control","no-cache, no-store"),("Content-Type","tex
t/html; charset=utf-8"),("Ne
l","{\"report_to\":\"herok
u-nel\",\"response_head
ers\":[\"Via\"],\"max_a
ge\":3600,\"success_fra
ction\":0.01,\"failure
_fraction\":0.1}"),("R
eport-To","{\"group\":
\"heroku-nel\",\"endpo
ints\":[{\"url\":\"htt
ps://nel.heroku.com/r
eports?s=CSdLgGgdAx6kR
4%2FVuwSZSYaUfFSMjrCA
mQp%2Fje4TkTA%3D\\u00
26sid=af571f24-03ee-4
6d1-9f90-ab9030c2c74c
\\u0026ts=1774205988\
"}],\"max_age\":3600}"),("R
eporting-Endpoints","heroku-ne
l=\"https://nel.heroku.co
m/reports?s=CSdLgGgdAx6
kR4%2FVuwSZSYaUfFSMjrC
AmQp%2Fje4TkTA%3D&sid=a
f571f24-03ee-46d1-9f9
0-ab9030c2c74c&ts=1774
205988\""),("Server",
"Heroku"),("Via","1.1
 heroku-router"),("Da
te","Sun, 22 Mar 2026
 18:59:48 GMT"),("Cont
ent-Length","567")], r
esponseBody = (), resp
onseCookieJar = CJ {exp
ose = []}, responseClose
' = ResponseClose, re
sponseOriginalRequest 
= Request {
  host   
              = "sour
ce.unsplash.com"
  port                 =
 443
  secure               = Tr
ue
  requestHeaders     
  = []
  path         
        = "/random"
  
queryString          = ""

  method               = 
"GET"
  proxy      
          = Nothing
 
 rawBody             
 = False
  redirectCo
unt        = 10
  resp
onseTimeout      = Res
ponseTimeoutDefault
 
 requestVersion      
 = HTTP/1.1
  proxySe
cureMode      = Prox
ySecureWithConnect
}
, 
responseEarlyHints = []}) "<!DOCTYPE ht
ml>\n<html>\n  
<head>\n    <m
eta name=\"viewport
\" content=\"width=
device-width, initial-
scale=1\">\n    <
meta charset=\"utf-8\
">\n    <title>Applicat
ion Error</title>\n   
 <style media=\"screen
\">\n      html,body,
iframe {\n        ma
rgin: 0;\n        pa
dding: 0;\n      }\n\
n      html,body {\n 
       height: 100%;\
n        overflow: h
idden;\n      }\n\n      iframe 
{\n        width: 100%;\n   
     height: 100%;\n   
     border: 0;\n    
  }\n    </style>\n  
</head>\n  <body>\n  
  <iframe src=\"https
://www.herokucdn.com/
error-pages/application
-error.html\"></iframe
>\n  </body>\n</html>"
)
stack traceback:
	.
..xtensions/test-11/r
epo/_extensions/unspl
ash/unsplash.lua:179
: in function <...xte
nsions/test-11/repo/_ex
tensions/unsplash/unsp
lash.lua:41>
	(...tai
l calls...)
	[string "if pa
ndoc.system.os == "mi
ngw32
" the
n..."]:778: in function <[str
ing "if pandoc.system.os
 == "mingw32" then..."]
:776>
	(...tail calls.
..)
	/opt/quarto/share/
filters/main.lua:2177
4: in upvalue 'handle
_shortcode'
	/opt/qua
rto/share/filters/mai
n.lua:21839: in functi
on </opt/quarto/share
/filters/main.lua:218
31>
	[C]: in ?
	[C]: 
in method 'walk'
	/opt
/quarto/share/pandoc
/datadir/_utils.lua:60
7: in function '_utils.
walk'
	/opt/quarto/share/filters/main.lua:574: in function </opt/quarto/share/filters/main.lua:552>
	(...tail calls...)
	/opt/quarto/share/filters/main.lua:21879: in field 'Pandoc'
	/opt/quarto/share/filters/main.lua:588: in function 'run_emulated_filter'
	/opt/quarto/share/filters/main.lua:1317: in local 'callback'
	/opt/quarto/share/filters/main.lua:1335: in upvalue 'run_emulated_filter_chain'
	/opt/quarto/share/filters/main.lua:1371: in function </opt/quarto/share/filters/main.lua:1368>
stack traceback:
	/opt/quarto/share/pandoc/datadir/_utils.lua:607: in function '_utils.walk'
	/opt/quarto/share/filters/main.lua:574: in function </opt/quarto/share/filters/main.lua:552>
	(...tail calls...)
	/opt/quarto/share/filters/main.lua:21879: in field 'Pandoc'
	/opt/quarto/share/filters/main.lua:588: in function 'run_emulated_filter'
	/opt/quarto/share/filters/main.lua:1317: in local 'callback'
	/opt/quarto/share/filters/main.lua:1335: in upvalue 'run_emulated_filter_chain'
	/opt/quarto/share/filters/main.lua:1371: in function </opt/quarto/share/filters/main.lua:1368>

(WARN) Error encountered when rendering files

