Cloning into 'repo'...
pandoc 
  to: markdown
  output-file: input.md
  standalone: true
  default-image-extension: png
  markdown-headings: atx
  wrap: preserve
  variables: {}
  
metadata
  keep-yaml: false
  acronyms:
    insert_links: false
    keys:
      - shortname: RL
        longname: Reinforcement Learning
  
[31mFATAL (/opt/quarto/share/filters/main.lua:3757) An error occurred:
Could not run /home/runner/work/quarto-extensions/quarto-extensions/test-23/repo/tests/10-no-links/acronyms as a JSON filter.
Please make sure the file exists and is executable.

Did you intend 'acronyms' as a Lua filter in an extension?
If so, make sure you've spelled the name of the extension correctly.

The original Pandoc error follows below.
Error running filter /home/runner/work/quarto-extensions/quarto-extensions/test-23/repo/tests/10-no-links/acronyms:
Could not find executable /home/runner/work/quarto-extensions/quarto-extensions/test-23/repo/tests/10-no-links/acronyms
[39mError running filter /opt/quarto/share/filters/main.lua:
/opt/quarto/share/filters/main.lua:586: FATAL QUARTO ERROR
stack traceback:
	/opt/quarto/share/filters/main.lua:2619: in function 'fatal'
	/opt/quarto/share/filters/main.lua:2199: in function 'fail'
	/opt/quarto/share/filters/main.lua:3757: in field 'Pandoc'
	/opt/quarto/share/filters/main.lua:586: in function 'run_emulated_filter'
	/opt/quarto/share/filters/main.lua:1314: in local 'callback'
	/opt/quarto/share/filters/main.lua:1332: in upvalue 'run_emulated_filter_chain'
	/opt/quarto/share/filters/main.lua:1368: in function </opt/quarto/share/filters/main.lua:1365>
WARN: Error encountered when rendering files
Render failed, retrying once...
pandoc 
  to: markdown
  output-file: input.md
  standalone: true
  default-image-extension: png
  markdown-headings: atx
  wrap: preserve
  variables: {}
  
metadata
  keep-yaml: false
  acronyms:
    insert_links: false
    keys:
      - shortname: RL
        longname: Reinforcement Learning
  
[31mFATAL (/opt/quarto/share/filters/main.lua:3757) An error occurred:
Could not run /home/runner/work/quarto-extensions/quarto-extensions/test-23/repo/tests/10-no-links/acronyms as a JSON filter.
Please make sure the file exists and is executable.

Did you intend 'acronyms' as a Lua filter in an extension?
If so, make sure you've spelled the name of the extension correctly.

The original Pandoc error follows below.
Error running filter /home/runner/work/quarto-extensions/quarto-extensions/test-23/repo/tests/10-no-links/acronyms:
Could not find executable /home/runner/work/quarto-extensions/quarto-extensions/test-23/repo/tests/10-no-links/acronyms
[39mError running filter /opt/quarto/share/filters/main.lua:
/opt/quarto/share/filters/main.lua:586: FATAL QUARTO ERROR
stack traceback:
	/opt/quarto/share/filters/main.lua:2619: in function 'fatal'
	/opt/quarto/share/filters/main.lua:2199: in function 'fail'
	/opt/quarto/share/filters/main.lua:3757: in field 'Pandoc'
	/opt/quarto/share/filters/main.lua:586: in function 'run_emulated_filter'
	/opt/quarto/share/filters/main.lua:1314: in local 'callback'
	/opt/quarto/share/filters/main.lua:1332: in upvalue 'run_emulated_filter_chain'
	/opt/quarto/share/filters/main.lua:1368: in function </opt/quarto/share/filters/main.lua:1365>
WARN: Error encountered when rendering files
