Cloning into 'repo'...
/usr/local/bin/tlmgr: open(>/opt/tinytex/tlpkg/texlive.tlpdb.tmp) failed: Permission denied at /opt/tinytex/tlpkg/TeXLive/TLPDB.pm line 611.
CTAN mirror https://ctan.math.utah.edu/ctan/tex-archive/systems/texlive/tlnet failed, trying next...
/usr/local/bin/tlmgr: open(>/opt/tinytex/tlpkg/texlive.tlpdb.tmp) failed: Permission denied at /opt/tinytex/tlpkg/TeXLive/TLPDB.pm line 611.
CTAN mirror https://ctan.math.illinois.edu/systems/texlive/tlnet failed, trying next...
/usr/local/bin/tlmgr: open(>/opt/tinytex/tlpkg/texlive.tlpdb.tmp) failed: Permission denied at /opt/tinytex/tlpkg/TeXLive/TLPDB.pm line 611.
CTAN mirror https://mirrors.rit.edu/CTAN/systems/texlive/tlnet failed, trying next...
/usr/local/bin/tlmgr: open(>/opt/tinytex/tlpkg/texlive.tlpdb.tmp) failed: Permission denied at /opt/tinytex/tlpkg/TeXLive/TLPDB.pm line 611.
CTAN mirror https://mirror.ctan.org/systems/texlive/tlnet failed, trying next...
All CTAN mirrors failed. LaTeX packages may not install.
[1/8] index.qmd
[33mWARNING (/opt/quarto/share/filters/main.lua:21973) Shortcode 'fa' not found
[39m[33mWARNING (/opt/quarto/share/filters/main.lua:21973) Shortcode 'fa' not found
[39m[33mWARNING (/opt/quarto/share/filters/main.lua:21973) Shortcode 'fa' not found
[39m[33mWARNING (/opt/quarto/share/filters/main.lua:21973) Shortcode 'fa' not found
[39m[33mWARNING (/opt/quarto/share/filters/main.lua:21973) Shortcode 'fa' not found
[39m[33mWARNING (/opt/quarto/share/filters/main.lua:21973) Shortcode 'fa' not found
[39m[33mWARNING (/opt/quarto/share/filters/main.lua:21973) Shortcode 'fa' not found
[39m[33mWARNING (/opt/quarto/share/filters/main.lua:21973) Shortcode 'fa' not found
[39m[33mWARNING (/opt/quarto/share/filters/main.lua:21973) Shortcode 'fa' not found
[39m[2/8] docs_qmd/01-basics.qmd
[33mWARNING (/opt/quarto/share/filters/main.lua:21973) Shortcode 'fa' not found
[39m[33mWARNING (/opt/quarto/share/filters/main.lua:21973) Shortcode 'fa' not found
[39m[33mWARNING (/opt/quarto/share/filters/main.lua:21973) Shortcode 'fa' not found
[39m[3/8] docs_qmd/04-citation-backlinks.qmd
[4/8] docs_qmd/03-cite-field.qmd
[5/8] docs_qmd/02-multibib.qmd
[6/8] docs_qmd/05-about.qmd
[7/8] changelog.md
[8/8] input.qmd

Output created: docs/index.html

