

processing file: index.qmd

1/13                  

2/13 [unnamed-chunk-1]

3/13                  

4/13 [unnamed-chunk-2]

5/13                  

6/13 [unnamed-chunk-3]

7/13                  

8/13 [unnamed-chunk-4]

9/13                  

10/13 [unnamed-chunk-5]

11/13                  

12/13 [unnamed-chunk-6]

13/13                  

output file: index.knit.md


Starting julia control server process. This might take a while...

(ERROR) NotFound: Failed to spawn 'julia': entity not found

Stack trace:
    at spawnChildInner (ext:deno_process/40_process.js:186:17)
    at spawnChild (ext:deno_process/40_process.js:210:10)
    at Command.spawn (ext:deno_process/40_process.js:493:12)
    at ensureQuartoNotebookRunnerEnvironment (file:///opt/quarto/share/extension-subtrees/julia-engine/_extensions/julia-engine/julia-engine.js:775:24)
    at startOrReuseJuliaServer (file:///opt/quarto/share/extension-subtrees/julia-engine/_extensions/julia-engine/julia-engine.js:688:13)
    at getJuliaServerConnection (file:///opt/quarto/share/extension-subtrees/julia-engine/_extensions/julia-engine/julia-engine.js:834:28)
    at executeJulia (file:///opt/quarto/share/extension-subtrees/julia-engine/_extensions/julia-engine/julia-engine.js:935:22)
    at Object.execute (file:///opt/quarto/share/extension-subtrees/julia-engine/_extensions/julia-engine/julia-engine.js:594:26)
    at renderExecute (file:///opt/quarto/bin/quarto.js:136451:46)
    at renderFileInternal (file:///opt/quarto/bin/quarto.js:136704:41)
    at eventLoopTick (ext:core/01_core.js:179:7)
    at async renderFiles (file:///opt/quarto/bin/quarto.js:136500:9)
    at async renderProject (file:///opt/quarto/bin/quarto.js:137069:23)
    at async _Command.actionHandler (file:///opt/quarto/bin/quarto.js:142399:24)
    at async _Command.execute (file:///opt/quarto/bin/quarto.js:102022:7)
    at async _Command.parseCommand (file:///opt/quarto/bin/quarto.js:101899:14)
    at async quarto4 (file:///opt/quarto/bin/quarto.js:187518:5)
    at async file:///opt/quarto/bin/quarto.js:187546:5
    at async file:///opt/quarto/bin/quarto.js:187401:14
    at async mainRunner (file:///opt/quarto/bin/quarto.js:187403:5)
    at async file:///opt/quarto/bin/quarto.js:187539:3

