Running script './copy_extension.sh'

> closeread extension retrieved





processing file: index.qmd

1/9                  

2/9 [unnamed-chunk-1]

3/9                  

4/9 [unnamed-chunk-2]

5/9                  

6/9 [unnamed-chunk-3]

7/9                  

8/9 [unnamed-chunk-4]

9/9                  

output file: index.knit.md




processing file: index.qmd

1/11                  

2/11 [setup]          

Error in `library()`:
! there is no package called 'dplyr'
Backtrace:
    x
 1. \-base::library(dplyr)


Quitting from index.qmd:17-31 [setup]

Execution halted

(WARN) Error encountered when rendering files

