Cloning into 'repo'...
Installing package into '/home/runner/work/quarto-extensions/quarto-extensions/test-23/R/x86_64-pc-linux-gnu-library/4.6'
(as 'lib' is unspecified)
trying URL 'https://packagemanager.posit.co/cran/latest/src/contrib/renv_1.2.3.tar.gz'
Content type 'binary/octet-stream' length 1375285 bytes (1.3 MB)
==================================================
downloaded 1.3 MB

* installing *source* package 'renv' ...
** this is package 'renv' version '1.2.3'
** package 'renv' successfully unpacked and MD5 sums checked
** using staged installation
** R
** inst
** byte-compile and prepare package for lazy loading
** help
*** installing help indices
*** copying figures
** building package indices
** installing vignettes
** testing if installed package can be loaded from temporary location
** checking absolute paths in shared objects and dynamic libraries
** testing if installed package can be loaded from final location
** testing if installed package keeps a record of temporary installation path
* DONE (renv)

The downloaded source packages are in
	'/tmp/RtmpgTeJhk/downloaded_packages'
Installing packages into '/home/runner/work/quarto-extensions/quarto-extensions/test-23/R/x86_64-pc-linux-gnu-library/4.6'
(as 'lib' is unspecified)
also installing the dependencies 'fontBitstreamVera', 'fontLiberation', 'proxy', 'lazyeval', 'sp', 'terra', 'later', 'otel', 'fontquiver', 'e1071', 'wk', 'gridExtra', 'crosstalk', 'leaflet.providers', 'raster', 'promises', 'gdtools', 'classInt', 's2', 'units'

trying URL 'https://packagemanager.posit.co/cran/latest/src/contrib/fontBitstreamVera_0.1.1.tar.gz'
trying URL 'https://packagemanager.posit.co/cran/latest/src/contrib/fontLiberation_0.1.0.tar.gz'
trying URL 'https://packagemanager.posit.co/cran/latest/src/contrib/proxy_0.4-29.tar.gz'
trying URL 'https://packagemanager.posit.co/cran/latest/src/contrib/lazyeval_0.2.3.tar.gz'
trying URL 'https://packagemanager.posit.co/cran/latest/src/contrib/sp_2.2-1.tar.gz'
trying URL 'https://packagemanager.posit.co/cran/latest/src/contrib/terra_1.9-27.tar.gz'
trying URL 'https://packagemanager.posit.co/cran/latest/src/contrib/later_1.4.8.tar.gz'
trying URL 'https://packagemanager.posit.co/cran/latest/src/contrib/otel_0.2.0.tar.gz'
trying URL 'https://packagemanager.posit.co/cran/latest/src/contrib/fontquiver_0.2.1.tar.gz'
trying URL 'https://packagemanager.posit.co/cran/latest/src/contrib/e1071_1.7-17.tar.gz'
trying URL 'https://packagemanager.posit.co/cran/latest/src/contrib/wk_0.9.5.tar.gz'
trying URL 'https://packagemanager.posit.co/cran/latest/src/contrib/gridExtra_2.3.tar.gz'
trying URL 'https://packagemanager.posit.co/cran/latest/src/contrib/crosstalk_1.2.2.tar.gz'
trying URL 'https://packagemanager.posit.co/cran/latest/src/contrib/leaflet.providers_3.0.0.tar.gz'
trying URL 'https://packagemanager.posit.co/cran/latest/src/contrib/raster_3.6-32.tar.gz'
trying URL 'https://packagemanager.posit.co/cran/latest/src/contrib/promises_1.5.0.tar.gz'
trying URL 'https://packagemanager.posit.co/cran/latest/src/contrib/gdtools_0.5.0.tar.gz'
trying URL 'https://packagemanager.posit.co/cran/latest/src/contrib/classInt_0.4-11.tar.gz'
trying URL 'https://packagemanager.posit.co/cran/latest/src/contrib/s2_1.1.9.tar.gz'
trying URL 'https://packagemanager.posit.co/cran/latest/src/contrib/units_1.0-1.tar.gz'
trying URL 'https://packagemanager.posit.co/cran/latest/src/contrib/hrbrthemes_0.9.3.tar.gz'
trying URL 'https://packagemanager.posit.co/cran/latest/src/contrib/patchwork_1.3.2.tar.gz'
trying URL 'https://packagemanager.posit.co/cran/latest/src/contrib/viridis_0.6.5.tar.gz'
trying URL 'https://packagemanager.posit.co/cran/latest/src/contrib/leaflet_2.2.3.tar.gz'
trying URL 'https://packagemanager.posit.co/cran/latest/src/contrib/DT_0.34.0.tar.gz'
trying URL 'https://packagemanager.posit.co/cran/latest/src/contrib/ggiraph_0.9.6.tar.gz'
trying URL 'https://packagemanager.posit.co/cran/latest/src/contrib/sf_1.1-1.tar.gz'
* installing *source* package 'fontBitstreamVera' ...
** this is package 'fontBitstreamVera' version '0.1.1'
** package 'fontBitstreamVera' successfully unpacked and MD5 sums checked
** using staged installation
** inst
** help
*** installing help indices
** building package indices
** testing if installed package can be loaded from temporary location
** testing if installed package can be loaded from final location
** testing if installed package keeps a record of temporary installation path
* DONE (fontBitstreamVera)
* installing *source* package 'fontLiberation' ...
** this is package 'fontLiberation' version '0.1.0'
** package 'fontLiberation' successfully unpacked and MD5 sums checked
** using staged installation
** inst
** help
*** installing help indices
** building package indices
** testing if installed package can be loaded from temporary location
** testing if installed package can be loaded from final location
** testing if installed package keeps a record of temporary installation path
* DONE (fontLiberation)
* installing *source* package 'proxy' ...
** this is package 'proxy' version '0.4-29'
** package 'proxy' successfully unpacked and MD5 sums checked
** using staged installation
** libs
using C compiler: 'gcc (Ubuntu 13.3.0-6ubuntu2~24.04.1) 13.3.0'
installing to /home/runner/work/quarto-extensions/quarto-extensions/test-23/R/x86_64-pc-linux-gnu-library/4.6/00LOCK-proxy/00new/proxy/libs
** R
** inst
** byte-compile and prepare package for lazy loading
** help
*** installing help indices
** building package indices
** installing vignettes
** testing if installed package can be loaded from temporary location
** checking absolute paths in shared objects and dynamic libraries
** testing if installed package can be loaded from final location
** testing if installed package keeps a record of temporary installation path
* DONE (proxy)
* installing *source* package 'lazyeval' ...
** this is package 'lazyeval' version '0.2.3'
** package 'lazyeval' successfully unpacked and MD5 sums checked
** using staged installation
** libs
using C compiler: 'gcc (Ubuntu 13.3.0-6ubuntu2~24.04.1) 13.3.0'
installing to /home/runner/work/quarto-extensions/quarto-extensions/test-23/R/x86_64-pc-linux-gnu-library/4.6/00LOCK-lazyeval/00new/lazyeval/libs
** R
** inst
** byte-compile and prepare package for lazy loading
** help
*** installing help indices
** building package indices
** installing vignettes
** testing if installed package can be loaded from temporary location
** checking absolute paths in shared objects and dynamic libraries
** testing if installed package can be loaded from final location
** testing if installed package keeps a record of temporary installation path
* DONE (lazyeval)
* installing *source* package 'sp' ...
** this is package 'sp' version '2.2-1'
** package 'sp' successfully unpacked and MD5 sums checked
** using staged installation
** libs
using C compiler: 'gcc (Ubuntu 13.3.0-6ubuntu2~24.04.1) 13.3.0'
installing to /home/runner/work/quarto-extensions/quarto-extensions/test-23/R/x86_64-pc-linux-gnu-library/4.6/00LOCK-sp/00new/sp/libs
** R
** data
** demo
** inst
** byte-compile and prepare package for lazy loading
** help
*** installing help indices
** building package indices
** installing vignettes
** testing if installed package can be loaded from temporary location
** checking absolute paths in shared objects and dynamic libraries
** testing if installed package can be loaded from final location
** testing if installed package keeps a record of temporary installation path
* DONE (sp)
* installing *source* package 'terra' ...
** this is package 'terra' version '1.9-27'
** package 'terra' successfully unpacked and MD5 sums checked
** using staged installation
configure: error: gdal-config not found or not executable. 
*** Installing this package from source requires the prior
*** installation of external software, see for details
*** https://r-spatial.github.io/sf/#installing
ERROR: configuration failed for package 'terra'
* removing '/home/runner/work/quarto-extensions/quarto-extensions/test-23/R/x86_64-pc-linux-gnu-library/4.6/terra'
* installing *source* package 'later' ...
** this is package 'later' version '1.4.8'
** package 'later' successfully unpacked and MD5 sums checked
** using staged installation
** libs
using C compiler: 'gcc (Ubuntu 13.3.0-6ubuntu2~24.04.1) 13.3.0'
using C++ compiler: 'g++ (Ubuntu 13.3.0-6ubuntu2~24.04.1) 13.3.0'
installing to /home/runner/work/quarto-extensions/quarto-extensions/test-23/R/x86_64-pc-linux-gnu-library/4.6/00LOCK-later/00new/later/libs
** R
** inst
** byte-compile and prepare package for lazy loading
** help
*** installing help indices
** building package indices
** installing vignettes
** testing if installed package can be loaded from temporary location
** checking absolute paths in shared objects and dynamic libraries
** testing if installed package can be loaded from final location
** testing if installed package keeps a record of temporary installation path
* DONE (later)
* installing *source* package 'otel' ...
** this is package 'otel' version '0.2.0'
** package 'otel' successfully unpacked and MD5 sums checked
** using staged installation
** R
** inst
** byte-compile and prepare package for lazy loading
** help
*** installing help indices
** building package indices
** testing if installed package can be loaded from temporary location
** testing if installed package can be loaded from final location
** testing if installed package keeps a record of temporary installation path
* DONE (otel)
* installing *source* package 'wk' ...
** this is package 'wk' version '0.9.5'
** package 'wk' successfully unpacked and MD5 sums checked
** using staged installation
** libs
using C compiler: 'gcc (Ubuntu 13.3.0-6ubuntu2~24.04.1) 13.3.0'
using C++ compiler: 'g++ (Ubuntu 13.3.0-6ubuntu2~24.04.1) 13.3.0'
installing to /home/runner/work/quarto-extensions/quarto-extensions/test-23/R/x86_64-pc-linux-gnu-library/4.6/00LOCK-wk/00new/wk/libs
** R
** data
*** moving datasets to lazyload DB
** inst
** byte-compile and prepare package for lazy loading
** help
*** installing help indices
** building package indices
** testing if installed package can be loaded from temporary location
** checking absolute paths in shared objects and dynamic libraries
** testing if installed package can be loaded from final location
** testing if installed package keeps a record of temporary installation path
* DONE (wk)
* installing *source* package 'gridExtra' ...
** this is package 'gridExtra' version '2.3'
** package 'gridExtra' successfully unpacked and MD5 sums checked
** using staged installation
** R
** inst
** byte-compile and prepare package for lazy loading
** help
*** installing help indices
** building package indices
** installing vignettes
** testing if installed package can be loaded from temporary location
** testing if installed package can be loaded from final location
** testing if installed package keeps a record of temporary installation path
* DONE (gridExtra)
* installing *source* package 'leaflet.providers' ...
** this is package 'leaflet.providers' version '3.0.0'
** package 'leaflet.providers' successfully unpacked and MD5 sums checked
** using staged installation
** R
** inst
** byte-compile and prepare package for lazy loading
** help
*** installing help indices
** building package indices
** testing if installed package can be loaded from temporary location
** testing if installed package can be loaded from final location
** testing if installed package keeps a record of temporary installation path
* DONE (leaflet.providers)
* installing *source* package 'units' ...
** this is package 'units' version '1.0-1'
** package 'units' successfully unpacked and MD5 sums checked
** using staged installation
configure: error: in '/tmp/RtmpbcxOPy/R.INSTALL73b7b8f462b/units':
configure: error: 
--------------------------------------------------------------------------------
  Configuration failed because libudunits2.so was not found. Try installing:
    * deb: libudunits2-dev (Debian, Ubuntu, ...)
    * rpm: udunits2-devel (Fedora, EPEL, ...)
    * brew: udunits (OSX)
  If udunits2 is already installed in a non-standard location, use:
    --configure-args='--with-udunits2-lib=/usr/local/lib'
  if the library was not found, and/or:
    --configure-args='--with-udunits2-include=/usr/include/udunits2'
  if the header was not found, replacing paths with appropriate values.
  You can alternatively set UDUNITS2_INCLUDE and UDUNITS2_LIBS manually.
--------------------------------------------------------------------------------

See 'config.log' for more details
ERROR: configuration failed for package 'units'
* removing '/home/runner/work/quarto-extensions/quarto-extensions/test-23/R/x86_64-pc-linux-gnu-library/4.6/units'
* installing *source* package 'hrbrthemes' ...
** this is package 'hrbrthemes' version '0.9.3'
** package 'hrbrthemes' successfully unpacked and MD5 sums checked
** using staged installation
** R
** inst
** byte-compile and prepare package for lazy loading
** help
*** installing help indices
*** copying figures
** building package indices
** testing if installed package can be loaded from temporary location
** testing if installed package can be loaded from final location
** testing if installed package keeps a record of temporary installation path
* DONE (hrbrthemes)
* installing *source* package 'patchwork' ...
** this is package 'patchwork' version '1.3.2'
** package 'patchwork' successfully unpacked and MD5 sums checked
** using staged installation
** R
** inst
** byte-compile and prepare package for lazy loading
** help
*** installing help indices
*** copying figures
** building package indices
** installing vignettes
** testing if installed package can be loaded from temporary location
** testing if installed package can be loaded from final location
** testing if installed package keeps a record of temporary installation path
* DONE (patchwork)
* installing *source* package 'fontquiver' ...
** this is package 'fontquiver' version '0.2.1'
** package 'fontquiver' successfully unpacked and MD5 sums checked
** using staged installation
** R
** inst
** byte-compile and prepare package for lazy loading
** help
*** installing help indices
** building package indices
** testing if installed package can be loaded from temporary location
** testing if installed package can be loaded from final location
** testing if installed package keeps a record of temporary installation path
* DONE (fontquiver)
* installing *source* package 'e1071' ...
** this is package 'e1071' version '1.7-17'
** package 'e1071' successfully unpacked and MD5 sums checked
** using staged installation
** libs
using C compiler: 'gcc (Ubuntu 13.3.0-6ubuntu2~24.04.1) 13.3.0'
using C++ compiler: 'g++ (Ubuntu 13.3.0-6ubuntu2~24.04.1) 13.3.0'
installing to /home/runner/work/quarto-extensions/quarto-extensions/test-23/R/x86_64-pc-linux-gnu-library/4.6/00LOCK-e1071/00new/e1071/libs
** R
** inst
** byte-compile and prepare package for lazy loading
** help
*** installing help indices
** building package indices
** installing vignettes
** testing if installed package can be loaded from temporary location
** checking absolute paths in shared objects and dynamic libraries
** testing if installed package can be loaded from final location
** testing if installed package keeps a record of temporary installation path
* DONE (e1071)
* installing *source* package 'crosstalk' ...
** this is package 'crosstalk' version '1.2.2'
** package 'crosstalk' successfully unpacked and MD5 sums checked
** using staged installation
** R
** inst
** byte-compile and prepare package for lazy loading
** help
*** installing help indices
** building package indices
** testing if installed package can be loaded from temporary location
** testing if installed package can be loaded from final location
** testing if installed package keeps a record of temporary installation path
* DONE (crosstalk)
ERROR: dependency 'terra' is not available for package 'raster'
Perhaps try a variation of:
install.packages('terra')
* removing '/home/runner/work/quarto-extensions/quarto-extensions/test-23/R/x86_64-pc-linux-gnu-library/4.6/raster'
* installing *source* package 'promises' ...
** this is package 'promises' version '1.5.0'
** package 'promises' successfully unpacked and MD5 sums checked
** using staged installation
** R
** inst
** byte-compile and prepare package for lazy loading
** help
*** installing help indices
*** copying figures
** building package indices
** installing vignettes
** testing if installed package can be loaded from temporary location
** testing if installed package can be loaded from final location
** testing if installed package keeps a record of temporary installation path
* DONE (promises)
* installing *source* package 's2' ...
** this is package 's2' version '1.1.9'
** package 's2' successfully unpacked and MD5 sums checked
** using staged installation
Warning message:
In readRenviron("~/.R/Makevars") :
  file '/home/runner/work/quarto-extensions/quarto-extensions/test-23/.R/Makevars' cannot be opened for reading
In file included from /tmp/RtmpcR8wmm/R.INSTALLbe77a94ffc5/s2/tools/vendor/abseil-cpp/absl/container/inlined_vector.h:53,
                 from /tmp/RtmpcR8wmm/R.INSTALLbe77a94ffc5/s2/tools/vendor/abseil-cpp/absl/strings/cord.h:78,
                 from /tmp/RtmpcR8wmm/R.INSTALLbe77a94ffc5/s2/tools/vendor/abseil-cpp/absl/strings/cord.cc:15:
In member function 'absl::s2_lts_20230802::inlined_vector_internal::Pointer<A> absl::s2_lts_20230802::inlined_vector_internal::Storage<T, N, A>::GetAllocatedData() [with T = absl::s2_lts_20230802::cord_internal::CordRep*; long unsigned int N = 47; A = std::allocator<absl::s2_lts_20230802::cord_internal::CordRep*>]',
    inlined from 'absl::s2_lts_20230802::InlinedVector<T, N, A>::pointer absl::s2_lts_20230802::InlinedVector<T, N, A>::data() [with T = absl::s2_lts_20230802::cord_internal::CordRep*; long unsigned int N = 47; A = std::allocator<absl::s2_lts_20230802::cord_internal::CordRep*>]' at /tmp/RtmpcR8wmm/R.INSTALLbe77a94ffc5/s2/tools/vendor/abseil-cpp/absl/container/inlined_vector.h:345:65,
    inlined from 'absl::s2_lts_20230802::inlined_vector_internal::ValueType<A>& absl::s2_lts_20230802::InlinedVector<T, N, A>::back() [with T = absl::s2_lts_20230802::cord_internal::CordRep*; long unsigned int N = 47; A = std::allocator<absl::s2_lts_20230802::cord_internal::CordRep*>]' at /tmp/RtmpcR8wmm/R.INSTALLbe77a94ffc5/s2/tools/vendor/abseil-cpp/absl/container/inlined_vector.h:421:16,
    inlined from 'void absl::s2_lts_20230802::DumpNode(cord_internal::CordRep*, bool, std::ostream*, int)' at /tmp/RtmpcR8wmm/R.INSTALLbe77a94ffc5/s2/tools/vendor/abseil-cpp/absl/strings/cord.cc:1297:23,
    inlined from 'std::string absl::s2_lts_20230802::ReportError(cord_internal::CordRep*, cord_internal::CordRep*)' at /tmp/RtmpcR8wmm/R.INSTALLbe77a94ffc5/s2/tools/vendor/abseil-cpp/absl/strings/cord.cc:1309:11:
/tmp/RtmpcR8wmm/R.INSTALLbe77a94ffc5/s2/tools/vendor/abseil-cpp/absl/container/internal/inlined_vector.h:387:58: warning: 'stack.absl::s2_lts_20230802::InlinedVector<absl::s2_lts_20230802::cord_internal::CordRep*, 47, std::allocator<absl::s2_lts_20230802::cord_internal::CordRep*> >::storage_.absl::s2_lts_20230802::inlined_vector_internal::Storage<absl::s2_lts_20230802::cord_internal::CordRep*, 47, std::allocator<absl::s2_lts_20230802::cord_internal::CordRep*> >::data_.absl::s2_lts_20230802::inlined_vector_internal::Storage<absl::s2_lts_20230802::cord_internal::CordRep*, 47, std::allocator<absl::s2_lts_20230802::cord_internal::CordRep*> >::Data::allocated.absl::s2_lts_20230802::inlined_vector_internal::Storage<absl::s2_lts_20230802::cord_internal::CordRep*, 47, std::allocator<absl::s2_lts_20230802::cord_internal::CordRep*> >::Allocated::allocated_data' may be used uninitialized [-Wmaybe-uninitialized]
  387 |   Pointer<A> GetAllocatedData() { return data_.allocated.allocated_data; }
      |                                                          ^~~~~~~~~~~~~~
/tmp/RtmpcR8wmm/R.INSTALLbe77a94ffc5/s2/tools/vendor/abseil-cpp/absl/strings/cord.cc: In function 'std::string absl::s2_lts_20230802::ReportError(cord_internal::CordRep*, cord_internal::CordRep*)':
/tmp/RtmpcR8wmm/R.INSTALLbe77a94ffc5/s2/tools/vendor/abseil-cpp/absl/strings/cord.cc:1258:53: note: 'stack' declared here
 1258 |   absl::InlinedVector<CordRep*, kInlinedVectorSize> stack;
      |                                                     ^~~~~
In function 'void absl::s2_lts_20230802::DumpNode(cord_internal::CordRep*, bool, std::ostream*, int)',
    inlined from 'std::string absl::s2_lts_20230802::ReportError(cord_internal::CordRep*, cord_internal::CordRep*)' at /tmp/RtmpcR8wmm/R.INSTALLbe77a94ffc5/s2/tools/vendor/abseil-cpp/absl/strings/cord.cc:1309:11:
/tmp/RtmpcR8wmm/R.INSTALLbe77a94ffc5/s2/tools/vendor/abseil-cpp/absl/strings/cord.cc:1299:14: warning: 'indents.absl::s2_lts_20230802::InlinedVector<int, 47, std::allocator<int> >::storage_.absl::s2_lts_20230802::inlined_vector_internal::Storage<int, 47, std::allocator<int> >::data_.absl::s2_lts_20230802::inlined_vector_internal::Storage<int, 47, std::allocator<int> >::Data::inlined.absl::s2_lts_20230802::inlined_vector_internal::Storage<int, 47, std::allocator<int> >::Inlined::inlined_data' may be used uninitialized [-Wmaybe-uninitialized]
 1299 |       indent = indents.back();
      |       ~~~~~~~^~~~~~~~~~~~~~~~
/tmp/RtmpcR8wmm/R.INSTALLbe77a94ffc5/s2/tools/vendor/abseil-cpp/absl/strings/cord.cc: In function 'std::string absl::s2_lts_20230802::ReportError(cord_internal::CordRep*, cord_internal::CordRep*)':
/tmp/RtmpcR8wmm/R.INSTALLbe77a94ffc5/s2/tools/vendor/abseil-cpp/absl/strings/cord.cc:1259:48: note: 'indents' declared here
 1259 |   absl::InlinedVector<int, kInlinedVectorSize> indents;
      |                                                ^~~~~~~
In member function 'absl::s2_lts_20230802::inlined_vector_internal::Pointer<A> absl::s2_lts_20230802::inlined_vector_internal::Storage<T, N, A>::GetAllocatedData() [with T = int; long unsigned int N = 47; A = std::allocator<int>]',
    inlined from 'absl::s2_lts_20230802::InlinedVector<T, N, A>::pointer absl::s2_lts_20230802::InlinedVector<T, N, A>::data() [with T = int; long unsigned int N = 47; A = std::allocator<int>]' at /tmp/RtmpcR8wmm/R.INSTALLbe77a94ffc5/s2/tools/vendor/abseil-cpp/absl/container/inlined_vector.h:345:65,
    inlined from 'absl::s2_lts_20230802::inlined_vector_internal::ValueType<A>& absl::s2_lts_20230802::InlinedVector<T, N, A>::back() [with T = int; long unsigned int N = 47; A = std::allocator<int>]' at /tmp/RtmpcR8wmm/R.INSTALLbe77a94ffc5/s2/tools/vendor/abseil-cpp/absl/container/inlined_vector.h:421:16,
    inlined from 'void absl::s2_lts_20230802::DumpNode(cord_internal::CordRep*, bool, std::ostream*, int)' at /tmp/RtmpcR8wmm/R.INSTALLbe77a94ffc5/s2/tools/vendor/abseil-cpp/absl/strings/cord.cc:1299:28,
    inlined from 'std::string absl::s2_lts_20230802::ReportError(cord_internal::CordRep*, cord_internal::CordRep*)' at /tmp/RtmpcR8wmm/R.INSTALLbe77a94ffc5/s2/tools/vendor/abseil-cpp/absl/strings/cord.cc:1309:11:
/tmp/RtmpcR8wmm/R.INSTALLbe77a94ffc5/s2/tools/vendor/abseil-cpp/absl/container/internal/inlined_vector.h:387:58: warning: 'indents.absl::s2_lts_20230802::InlinedVector<int, 47, std::allocator<int> >::storage_.absl::s2_lts_20230802::inlined_vector_internal::Storage<int, 47, std::allocator<int> >::data_.absl::s2_lts_20230802::inlined_vector_internal::Storage<int, 47, std::allocator<int> >::Data::allocated.absl::s2_lts_20230802::inlined_vector_internal::Storage<int, 47, std::allocator<int> >::Allocated::allocated_data' may be used uninitialized [-Wmaybe-uninitialized]
  387 |   Pointer<A> GetAllocatedData() { return data_.allocated.allocated_data; }
      |                                                          ^~~~~~~~~~~~~~
/tmp/RtmpcR8wmm/R.INSTALLbe77a94ffc5/s2/tools/vendor/abseil-cpp/absl/strings/cord.cc: In function 'std::string absl::s2_lts_20230802::ReportError(cord_internal::CordRep*, cord_internal::CordRep*)':
/tmp/RtmpcR8wmm/R.INSTALLbe77a94ffc5/s2/tools/vendor/abseil-cpp/absl/strings/cord.cc:1259:48: note: 'indents' declared here
 1259 |   absl::InlinedVector<int, kInlinedVectorSize> indents;
      |                                                ^~~~~~~
In member function 'absl::s2_lts_20230802::inlined_vector_internal::SizeType<A> absl::s2_lts_20230802::inlined_vector_internal::Storage<T, N, A>::GetAllocatedCapacity() const [with T = int; long unsigned int N = 47; A = std::allocator<int>]',
    inlined from 'void absl::s2_lts_20230802::inlined_vector_internal::Storage<T, N, A>::DeallocateIfAllocated() [with T = int; long unsigned int N = 47; A = std::allocator<int>]' at /tmp/RtmpcR8wmm/R.INSTALLbe77a94ffc5/s2/tools/vendor/abseil-cpp/absl/container/internal/inlined_vector.h:526:35,
    inlined from 'void absl::s2_lts_20230802::inlined_vector_internal::Storage<T, N, A>::DeallocateIfAllocated() [with T = int; long unsigned int N = 47; A = std::allocator<int>]' at /tmp/RtmpcR8wmm/R.INSTALLbe77a94ffc5/s2/tools/vendor/abseil-cpp/absl/container/internal/inlined_vector.h:524:8,
    inlined from 'absl::s2_lts_20230802::inlined_vector_internal::Storage<T, N, A>::~Storage() [with T = int; long unsigned int N = 47; A = std::allocator<int>]' at /tmp/RtmpcR8wmm/R.INSTALLbe77a94ffc5/s2/tools/vendor/abseil-cpp/absl/container/internal/inlined_vector.h:366:28,
    inlined from 'absl::s2_lts_20230802::InlinedVector<T, N, A>::~InlinedVector() [with T = int; long unsigned int N = 47; A = std::allocator<int>]' at /tmp/RtmpcR8wmm/R.INSTALLbe77a94ffc5/s2/tools/vendor/abseil-cpp/absl/container/inlined_vector.h:296:21,
    inlined from 'void absl::s2_lts_20230802::DumpNode(cord_internal::CordRep*, bool, std::ostream*, int)' at /tmp/RtmpcR8wmm/R.INSTALLbe77a94ffc5/s2/tools/vendor/abseil-cpp/absl/strings/cord.cc:1304:1,
    inlined from 'std::string absl::s2_lts_20230802::ReportError(cord_internal::CordRep*, cord_internal::CordRep*)' at /tmp/RtmpcR8wmm/R.INSTALLbe77a94ffc5/s2/tools/vendor/abseil-cpp/absl/strings/cord.cc:1309:11:
/tmp/RtmpcR8wmm/R.INSTALLbe77a94ffc5/s2/tools/vendor/abseil-cpp/absl/container/internal/inlined_vector.h:408:28: warning: 'indents.absl::s2_lts_20230802::InlinedVector<int, 47, std::allocator<int> >::storage_.absl::s2_lts_20230802::inlined_vector_internal::Storage<int, 47, std::allocator<int> >::data_.absl::s2_lts_20230802::inlined_vector_internal::Storage<int, 47, std::allocator<int> >::Data::allocated.absl::s2_lts_20230802::inlined_vector_internal::Storage<int, 47, std::allocator<int> >::Allocated::allocated_capacity' may be used uninitialized [-Wmaybe-uninitialized]
  408 |     return data_.allocated.allocated_capacity;
      |                            ^~~~~~~~~~~~~~~~~~
/tmp/RtmpcR8wmm/R.INSTALLbe77a94ffc5/s2/tools/vendor/abseil-cpp/absl/strings/cord.cc: In function 'std::string absl::s2_lts_20230802::ReportError(cord_internal::CordRep*, cord_internal::CordRep*)':
/tmp/RtmpcR8wmm/R.INSTALLbe77a94ffc5/s2/tools/vendor/abseil-cpp/absl/strings/cord.cc:1259:48: note: 'indents' declared here
 1259 |   absl::InlinedVector<int, kInlinedVectorSize> indents;
      |                                                ^~~~~~~
In member function 'absl::s2_lts_20230802::inlined_vector_internal::Pointer<A> absl::s2_lts_20230802::inlined_vector_internal::Storage<T, N, A>::GetAllocatedData() [with T = int; long unsigned int N = 47; A = std::allocator<int>]',
    inlined from 'void absl::s2_lts_20230802::inlined_vector_internal::Storage<T, N, A>::DeallocateIfAllocated() [with T = int; long unsigned int N = 47; A = std::allocator<int>]' at /tmp/RtmpcR8wmm/R.INSTALLbe77a94ffc5/s2/tools/vendor/abseil-cpp/absl/container/internal/inlined_vector.h:526:35,
    inlined from 'void absl::s2_lts_20230802::inlined_vector_internal::Storage<T, N, A>::DeallocateIfAllocated() [with T = int; long unsigned int N = 47; A = std::allocator<int>]' at /tmp/RtmpcR8wmm/R.INSTALLbe77a94ffc5/s2/tools/vendor/abseil-cpp/absl/container/internal/inlined_vector.h:524:8,
    inlined from 'absl::s2_lts_20230802::inlined_vector_internal::Storage<T, N, A>::~Storage() [with T = int; long unsigned int N = 47; A = std::allocator<int>]' at /tmp/RtmpcR8wmm/R.INSTALLbe77a94ffc5/s2/tools/vendor/abseil-cpp/absl/container/internal/inlined_vector.h:366:28,
    inlined from 'absl::s2_lts_20230802::InlinedVector<T, N, A>::~InlinedVector() [with T = int; long unsigned int N = 47; A = std::allocator<int>]' at /tmp/RtmpcR8wmm/R.INSTALLbe77a94ffc5/s2/tools/vendor/abseil-cpp/absl/container/inlined_vector.h:296:21,
    inlined from 'void absl::s2_lts_20230802::DumpNode(cord_internal::CordRep*, bool, std::ostream*, int)' at /tmp/RtmpcR8wmm/R.INSTALLbe77a94ffc5/s2/tools/vendor/abseil-cpp/absl/strings/cord.cc:1304:1,
    inlined from 'std::string absl::s2_lts_20230802::ReportError(cord_internal::CordRep*, cord_internal::CordRep*)' at /tmp/RtmpcR8wmm/R.INSTALLbe77a94ffc5/s2/tools/vendor/abseil-cpp/absl/strings/cord.cc:1309:11:
/tmp/RtmpcR8wmm/R.INSTALLbe77a94ffc5/s2/tools/vendor/abseil-cpp/absl/container/internal/inlined_vector.h:387:58: warning: 'indents.absl::s2_lts_20230802::InlinedVector<int, 47, std::allocator<int> >::storage_.absl::s2_lts_20230802::inlined_vector_internal::Storage<int, 47, std::allocator<int> >::data_.absl::s2_lts_20230802::inlined_vector_internal::Storage<int, 47, std::allocator<int> >::Data::allocated.absl::s2_lts_20230802::inlined_vector_internal::Storage<int, 47, std::allocator<int> >::Allocated::allocated_data' may be used uninitialized [-Wmaybe-uninitialized]
  387 |   Pointer<A> GetAllocatedData() { return data_.allocated.allocated_data; }
      |                                                          ^~~~~~~~~~~~~~
/tmp/RtmpcR8wmm/R.INSTALLbe77a94ffc5/s2/tools/vendor/abseil-cpp/absl/strings/cord.cc: In function 'std::string absl::s2_lts_20230802::ReportError(cord_internal::CordRep*, cord_internal::CordRep*)':
/tmp/RtmpcR8wmm/R.INSTALLbe77a94ffc5/s2/tools/vendor/abseil-cpp/absl/strings/cord.cc:1259:48: note: 'indents' declared here
 1259 |   absl::InlinedVector<int, kInlinedVectorSize> indents;
      |                                                ^~~~~~~
In member function 'absl::s2_lts_20230802::inlined_vector_internal::SizeType<A> absl::s2_lts_20230802::inlined_vector_internal::Storage<T, N, A>::GetAllocatedCapacity() const [with T = absl::s2_lts_20230802::cord_internal::CordRep*; long unsigned int N = 2; A = std::allocator<absl::s2_lts_20230802::cord_internal::CordRep*>]',
    inlined from 'void absl::s2_lts_20230802::inlined_vector_internal::Storage<T, N, A>::DeallocateIfAllocated() [with T = absl::s2_lts_20230802::cord_internal::CordRep*; long unsigned int N = 2; A = std::allocator<absl::s2_lts_20230802::cord_internal::CordRep*>]' at /tmp/RtmpcR8wmm/R.INSTALLbe77a94ffc5/s2/tools/vendor/abseil-cpp/absl/container/internal/inlined_vector.h:526:35,
    inlined from 'void absl::s2_lts_20230802::inlined_vector_internal::Storage<T, N, A>::DeallocateIfAllocated() [with T = absl::s2_lts_20230802::cord_internal::CordRep*; long unsigned int N = 47; A = std::allocator<absl::s2_lts_20230802::cord_internal::CordRep*>]' at /tmp/RtmpcR8wmm/R.INSTALLbe77a94ffc5/s2/tools/vendor/abseil-cpp/absl/container/internal/inlined_vector.h:524:8,
    inlined from 'absl::s2_lts_20230802::inlined_vector_internal::Storage<T, N, A>::~Storage() [with T = absl::s2_lts_20230802::cord_internal::CordRep*; long unsigned int N = 47; A = std::allocator<absl::s2_lts_20230802::cord_internal::CordRep*>]' at /tmp/RtmpcR8wmm/R.INSTALLbe77a94ffc5/s2/tools/vendor/abseil-cpp/absl/container/internal/inlined_vector.h:366:28,
    inlined from 'absl::s2_lts_20230802::InlinedVector<T, N, A>::~InlinedVector() [with T = absl::s2_lts_20230802::cord_internal::CordRep*; long unsigned int N = 47; A = std::allocator<absl::s2_lts_20230802::cord_internal::CordRep*>]' at /tmp/RtmpcR8wmm/R.INSTALLbe77a94ffc5/s2/tools/vendor/abseil-cpp/absl/container/inlined_vector.h:296:21,
    inlined from 'void absl::s2_lts_20230802::DumpNode(cord_internal::CordRep*, bool, std::ostream*, int)' at /tmp/RtmpcR8wmm/R.INSTALLbe77a94ffc5/s2/tools/vendor/abseil-cpp/absl/strings/cord.cc:1304:1,
    inlined from 'std::string absl::s2_lts_20230802::ReportError(cord_internal::CordRep*, cord_internal::CordRep*)' at /tmp/RtmpcR8wmm/R.INSTALLbe77a94ffc5/s2/tools/vendor/abseil-cpp/absl/strings/cord.cc:1309:11:
/tmp/RtmpcR8wmm/R.INSTALLbe77a94ffc5/s2/tools/vendor/abseil-cpp/absl/container/internal/inlined_vector.h:408:28: warning: '*(const absl::s2_lts_20230802::inlined_vector_internal::Storage<absl::s2_lts_20230802::cord_internal::CordRep*, 2, std::allocator<absl::s2_lts_20230802::cord_internal::CordRep*> >*)((char*)&stack + offsetof(absl::s2_lts_20230802::InlinedVector<absl::s2_lts_20230802::cord_internal::CordRep*, 47, std::allocator<absl::s2_lts_20230802::cord_internal::CordRep*> >,absl::s2_lts_20230802::InlinedVector<absl::s2_lts_20230802::cord_internal::CordRep*, 47, std::allocator<absl::s2_lts_20230802::cord_internal::CordRep*> >::storage_.absl::s2_lts_20230802::inlined_vector_internal::Storage<absl::s2_lts_20230802::cord_internal::CordRep*, 47, std::allocator<absl::s2_lts_20230802::cord_internal::CordRep*> >::metadata_.absl::s2_lts_20230802::container_internal::CompressedTuple<std::allocator<absl::s2_lts_20230802::cord_internal::CordRep*>, long unsigned int>::<unnamed>.absl::s2_lts_20230802::container_internal::internal_compressed_tuple::CompressedTupleImpl<absl::s2_lts_20230802::container_internal::CompressedTuple<std::allocator<absl::s2_lts_20230802::cord_internal::CordRep*>, long unsigned int>, absl::s2_lts_20230802::integer_sequence<long unsigned int, 0, 1>, true>::<unnamed>)).absl::s2_lts_20230802::inlined_vector_internal::Storage<absl::s2_lts_20230802::cord_internal::CordRep*, 2, std::allocator<absl::s2_lts_20230802::cord_internal::CordRep*> >::data_.absl::s2_lts_20230802::inlined_vector_internal::Storage<absl::s2_lts_20230802::cord_internal::CordRep*, 2, std::allocator<absl::s2_lts_20230802::cord_internal::CordRep*> >::Data::allocated.absl::s2_lts_20230802::inlined_vector_internal::Storage<absl::s2_lts_20230802::cord_internal::CordRep*, 2, std::allocator<absl::s2_lts_20230802::cord_internal::CordRep*> >::Allocated::allocated_capacity' may be used uninitialized [-Wmaybe-uninitialized]
  408 |     return data_.allocated.allocated_capacity;
      |                            ^~~~~~~~~~~~~~~~~~
/tmp/RtmpcR8wmm/R.INSTALLbe77a94ffc5/s2/tools/vendor/abseil-cpp/absl/strings/cord.cc: In function 'std::string absl::s2_lts_20230802::ReportError(cord_internal::CordRep*, cord_internal::CordRep*)':
/tmp/RtmpcR8wmm/R.INSTALLbe77a94ffc5/s2/tools/vendor/abseil-cpp/absl/strings/cord.cc:1258:53: note: 'stack' declared here
 1258 |   absl::InlinedVector<CordRep*, kInlinedVectorSize> stack;
      |                                                     ^~~~~
In member function 'absl::s2_lts_20230802::inlined_vector_internal::Pointer<A> absl::s2_lts_20230802::inlined_vector_internal::Storage<T, N, A>::GetAllocatedData() [with T = absl::s2_lts_20230802::cord_internal::CordRep*; long unsigned int N = 2; A = std::allocator<absl::s2_lts_20230802::cord_internal::CordRep*>]',
    inlined from 'void absl::s2_lts_20230802::inlined_vector_internal::Storage<T, N, A>::DeallocateIfAllocated() [with T = absl::s2_lts_20230802::cord_internal::CordRep*; long unsigned int N = 2; A = std::allocator<absl::s2_lts_20230802::cord_internal::CordRep*>]' at /tmp/RtmpcR8wmm/R.INSTALLbe77a94ffc5/s2/tools/vendor/abseil-cpp/absl/container/internal/inlined_vector.h:526:35,
    inlined from 'void absl::s2_lts_20230802::inlined_vector_internal::Storage<T, N, A>::DeallocateIfAllocated() [with T = absl::s2_lts_20230802::cord_internal::CordRep*; long unsigned int N = 47; A = std::allocator<absl::s2_lts_20230802::cord_internal::CordRep*>]' at /tmp/RtmpcR8wmm/R.INSTALLbe77a94ffc5/s2/tools/vendor/abseil-cpp/absl/container/internal/inlined_vector.h:524:8,
    inlined from 'absl::s2_lts_20230802::inlined_vector_internal::Storage<T, N, A>::~Storage() [with T = absl::s2_lts_20230802::cord_internal::CordRep*; long unsigned int N = 47; A = std::allocator<absl::s2_lts_20230802::cord_internal::CordRep*>]' at /tmp/RtmpcR8wmm/R.INSTALLbe77a94ffc5/s2/tools/vendor/abseil-cpp/absl/container/internal/inlined_vector.h:366:28,
    inlined from 'absl::s2_lts_20230802::InlinedVector<T, N, A>::~InlinedVector() [with T = absl::s2_lts_20230802::cord_internal::CordRep*; long unsigned int N = 47; A = std::allocator<absl::s2_lts_20230802::cord_internal::CordRep*>]' at /tmp/RtmpcR8wmm/R.INSTALLbe77a94ffc5/s2/tools/vendor/abseil-cpp/absl/container/inlined_vector.h:296:21,
    inlined from 'void absl::s2_lts_20230802::DumpNode(cord_internal::CordRep*, bool, std::ostream*, int)' at /tmp/RtmpcR8wmm/R.INSTALLbe77a94ffc5/s2/tools/vendor/abseil-cpp/absl/strings/cord.cc:1304:1,
    inlined from 'std::string absl::s2_lts_20230802::ReportError(cord_internal::CordRep*, cord_internal::CordRep*)' at /tmp/RtmpcR8wmm/R.INSTALLbe77a94ffc5/s2/tools/vendor/abseil-cpp/absl/strings/cord.cc:1309:11:
/tmp/RtmpcR8wmm/R.INSTALLbe77a94ffc5/s2/tools/vendor/abseil-cpp/absl/container/internal/inlined_vector.h:387:58: warning: '*(absl::s2_lts_20230802::inlined_vector_internal::Storage<absl::s2_lts_20230802::cord_internal::CordRep*, 2, std::allocator<absl::s2_lts_20230802::cord_internal::CordRep*> >*)((char*)&stack + offsetof(absl::s2_lts_20230802::InlinedVector<absl::s2_lts_20230802::cord_internal::CordRep*, 47, std::allocator<absl::s2_lts_20230802::cord_internal::CordRep*> >,absl::s2_lts_20230802::InlinedVector<absl::s2_lts_20230802::cord_internal::CordRep*, 47, std::allocator<absl::s2_lts_20230802::cord_internal::CordRep*> >::storage_.absl::s2_lts_20230802::inlined_vector_internal::Storage<absl::s2_lts_20230802::cord_internal::CordRep*, 47, std::allocator<absl::s2_lts_20230802::cord_internal::CordRep*> >::metadata_.absl::s2_lts_20230802::container_internal::CompressedTuple<std::allocator<absl::s2_lts_20230802::cord_internal::CordRep*>, long unsigned int>::<unnamed>.absl::s2_lts_20230802::container_internal::internal_compressed_tuple::CompressedTupleImpl<absl::s2_lts_20230802::container_internal::CompressedTuple<std::allocator<absl::s2_lts_20230802::cord_internal::CordRep*>, long unsigned int>, absl::s2_lts_20230802::integer_sequence<long unsigned int, 0, 1>, true>::<unnamed>)).absl::s2_lts_20230802::inlined_vector_internal::Storage<absl::s2_lts_20230802::cord_internal::CordRep*, 2, std::allocator<absl::s2_lts_20230802::cord_internal::CordRep*> >::data_.absl::s2_lts_20230802::inlined_vector_internal::Storage<absl::s2_lts_20230802::cord_internal::CordRep*, 2, std::allocator<absl::s2_lts_20230802::cord_internal::CordRep*> >::Data::allocated.absl::s2_lts_20230802::inlined_vector_internal::Storage<absl::s2_lts_20230802::cord_internal::CordRep*, 2, std::allocator<absl::s2_lts_20230802::cord_internal::CordRep*> >::Allocated::allocated_data' may be used uninitialized [-Wmaybe-uninitialized]
  387 |   Pointer<A> GetAllocatedData() { return data_.allocated.allocated_data; }
      |                                                          ^~~~~~~~~~~~~~
/tmp/RtmpcR8wmm/R.INSTALLbe77a94ffc5/s2/tools/vendor/abseil-cpp/absl/strings/cord.cc: In function 'std::string absl::s2_lts_20230802::ReportError(cord_internal::CordRep*, cord_internal::CordRep*)':
/tmp/RtmpcR8wmm/R.INSTALLbe77a94ffc5/s2/tools/vendor/abseil-cpp/absl/strings/cord.cc:1258:53: note: 'stack' declared here
 1258 |   absl::InlinedVector<CordRep*, kInlinedVectorSize> stack;
      |                                                     ^~~~~
In member function 'absl::s2_lts_20230802::inlined_vector_internal::SizeType<A> absl::s2_lts_20230802::inlined_vector_internal::Storage<T, N, A>::GetAllocatedCapacity() const [with T = int; long unsigned int N = 47; A = std::allocator<int>]',
    inlined from 'void absl::s2_lts_20230802::inlined_vector_internal::Storage<T, N, A>::DeallocateIfAllocated() [with T = int; long unsigned int N = 47; A = std::allocator<int>]' at /tmp/RtmpcR8wmm/R.INSTALLbe77a94ffc5/s2/tools/vendor/abseil-cpp/absl/container/internal/inlined_vector.h:526:35,
    inlined from 'void absl::s2_lts_20230802::inlined_vector_internal::Storage<T, N, A>::DeallocateIfAllocated() [with T = int; long unsigned int N = 47; A = std::allocator<int>]' at /tmp/RtmpcR8wmm/R.INSTALLbe77a94ffc5/s2/tools/vendor/abseil-cpp/absl/container/internal/inlined_vector.h:524:8,
    inlined from 'absl::s2_lts_20230802::inlined_vector_internal::Storage<T, N, A>::~Storage() [with T = int; long unsigned int N = 47; A = std::allocator<int>]' at /tmp/RtmpcR8wmm/R.INSTALLbe77a94ffc5/s2/tools/vendor/abseil-cpp/absl/container/internal/inlined_vector.h:366:28,
    inlined from 'absl::s2_lts_20230802::InlinedVector<T, N, A>::~InlinedVector() [with T = int; long unsigned int N = 47; A = std::allocator<int>]' at /tmp/RtmpcR8wmm/R.INSTALLbe77a94ffc5/s2/tools/vendor/abseil-cpp/absl/container/inlined_vector.h:296:21,
    inlined from 'void absl::s2_lts_20230802::DumpNode(cord_internal::CordRep*, bool, std::ostream*, int)' at /tmp/RtmpcR8wmm/R.INSTALLbe77a94ffc5/s2/tools/vendor/abseil-cpp/absl/strings/cord.cc:1304:1,
    inlined from 'std::string absl::s2_lts_20230802::ReportError(cord_internal::CordRep*, cord_internal::CordRep*)' at /tmp/RtmpcR8wmm/R.INSTALLbe77a94ffc5/s2/tools/vendor/abseil-cpp/absl/strings/cord.cc:1309:11:
/tmp/RtmpcR8wmm/R.INSTALLbe77a94ffc5/s2/tools/vendor/abseil-cpp/absl/container/internal/inlined_vector.h:408:28: warning: 'indents.absl::s2_lts_20230802::InlinedVector<int, 47, std::allocator<int> >::storage_.absl::s2_lts_20230802::inlined_vector_internal::Storage<int, 47, std::allocator<int> >::data_.absl::s2_lts_20230802::inlined_vector_internal::Storage<int, 47, std::allocator<int> >::Data::allocated.absl::s2_lts_20230802::inlined_vector_internal::Storage<int, 47, std::allocator<int> >::Allocated::allocated_capacity' may be used uninitialized [-Wmaybe-uninitialized]
  408 |     return data_.allocated.allocated_capacity;
      |                            ^~~~~~~~~~~~~~~~~~
/tmp/RtmpcR8wmm/R.INSTALLbe77a94ffc5/s2/tools/vendor/abseil-cpp/absl/strings/cord.cc: In function 'std::string absl::s2_lts_20230802::ReportError(cord_internal::CordRep*, cord_internal::CordRep*)':
/tmp/RtmpcR8wmm/R.INSTALLbe77a94ffc5/s2/tools/vendor/abseil-cpp/absl/strings/cord.cc:1259:48: note: 'indents' declared here
 1259 |   absl::InlinedVector<int, kInlinedVectorSize> indents;
      |                                                ^~~~~~~
In member function 'absl::s2_lts_20230802::inlined_vector_internal::Pointer<A> absl::s2_lts_20230802::inlined_vector_internal::Storage<T, N, A>::GetAllocatedData() [with T = int; long unsigned int N = 47; A = std::allocator<int>]',
    inlined from 'void absl::s2_lts_20230802::inlined_vector_internal::Storage<T, N, A>::DeallocateIfAllocated() [with T = int; long unsigned int N = 47; A = std::allocator<int>]' at /tmp/RtmpcR8wmm/R.INSTALLbe77a94ffc5/s2/tools/vendor/abseil-cpp/absl/container/internal/inlined_vector.h:526:35,
    inlined from 'void absl::s2_lts_20230802::inlined_vector_internal::Storage<T, N, A>::DeallocateIfAllocated() [with T = int; long unsigned int N = 47; A = std::allocator<int>]' at /tmp/RtmpcR8wmm/R.INSTALLbe77a94ffc5/s2/tools/vendor/abseil-cpp/absl/container/internal/inlined_vector.h:524:8,
    inlined from 'absl::s2_lts_20230802::inlined_vector_internal::Storage<T, N, A>::~Storage() [with T = int; long unsigned int N = 47; A = std::allocator<int>]' at /tmp/RtmpcR8wmm/R.INSTALLbe77a94ffc5/s2/tools/vendor/abseil-cpp/absl/container/internal/inlined_vector.h:366:28,
    inlined from 'absl::s2_lts_20230802::InlinedVector<T, N, A>::~InlinedVector() [with T = int; long unsigned int N = 47; A = std::allocator<int>]' at /tmp/RtmpcR8wmm/R.INSTALLbe77a94ffc5/s2/tools/vendor/abseil-cpp/absl/container/inlined_vector.h:296:21,
    inlined from 'void absl::s2_lts_20230802::DumpNode(cord_internal::CordRep*, bool, std::ostream*, int)' at /tmp/RtmpcR8wmm/R.INSTALLbe77a94ffc5/s2/tools/vendor/abseil-cpp/absl/strings/cord.cc:1304:1,
    inlined from 'std::string absl::s2_lts_20230802::ReportError(cord_internal::CordRep*, cord_internal::CordRep*)' at /tmp/RtmpcR8wmm/R.INSTALLbe77a94ffc5/s2/tools/vendor/abseil-cpp/absl/strings/cord.cc:1309:11:
/tmp/RtmpcR8wmm/R.INSTALLbe77a94ffc5/s2/tools/vendor/abseil-cpp/absl/container/internal/inlined_vector.h:387:58: warning: 'indents.absl::s2_lts_20230802::InlinedVector<int, 47, std::allocator<int> >::storage_.absl::s2_lts_20230802::inlined_vector_internal::Storage<int, 47, std::allocator<int> >::data_.absl::s2_lts_20230802::inlined_vector_internal::Storage<int, 47, std::allocator<int> >::Data::allocated.absl::s2_lts_20230802::inlined_vector_internal::Storage<int, 47, std::allocator<int> >::Allocated::allocated_data' may be used uninitialized [-Wmaybe-uninitialized]
  387 |   Pointer<A> GetAllocatedData() { return data_.allocated.allocated_data; }
      |                                                          ^~~~~~~~~~~~~~
/tmp/RtmpcR8wmm/R.INSTALLbe77a94ffc5/s2/tools/vendor/abseil-cpp/absl/strings/cord.cc: In function 'std::string absl::s2_lts_20230802::ReportError(cord_internal::CordRep*, cord_internal::CordRep*)':
/tmp/RtmpcR8wmm/R.INSTALLbe77a94ffc5/s2/tools/vendor/abseil-cpp/absl/strings/cord.cc:1259:48: note: 'indents' declared here
 1259 |   absl::InlinedVector<int, kInlinedVectorSize> indents;
      |                                                ^~~~~~~
In member function 'absl::s2_lts_20230802::inlined_vector_internal::SizeType<A> absl::s2_lts_20230802::inlined_vector_internal::Storage<T, N, A>::GetAllocatedCapacity() const [with T = absl::s2_lts_20230802::cord_internal::CordRep*; long unsigned int N = 2; A = std::allocator<absl::s2_lts_20230802::cord_internal::CordRep*>]',
    inlined from 'void absl::s2_lts_20230802::inlined_vector_internal::Storage<T, N, A>::DeallocateIfAllocated() [with T = absl::s2_lts_20230802::cord_internal::CordRep*; long unsigned int N = 2; A = std::allocator<absl::s2_lts_20230802::cord_internal::CordRep*>]' at /tmp/RtmpcR8wmm/R.INSTALLbe77a94ffc5/s2/tools/vendor/abseil-cpp/absl/container/internal/inlined_vector.h:526:35,
    inlined from 'void absl::s2_lts_20230802::inlined_vector_internal::Storage<T, N, A>::DeallocateIfAllocated() [with T = absl::s2_lts_20230802::cord_internal::CordRep*; long unsigned int N = 47; A = std::allocator<absl::s2_lts_20230802::cord_internal::CordRep*>]' at /tmp/RtmpcR8wmm/R.INSTALLbe77a94ffc5/s2/tools/vendor/abseil-cpp/absl/container/internal/inlined_vector.h:524:8,
    inlined from 'absl::s2_lts_20230802::inlined_vector_internal::Storage<T, N, A>::~Storage() [with T = absl::s2_lts_20230802::cord_internal::CordRep*; long unsigned int N = 47; A = std::allocator<absl::s2_lts_20230802::cord_internal::CordRep*>]' at /tmp/RtmpcR8wmm/R.INSTALLbe77a94ffc5/s2/tools/vendor/abseil-cpp/absl/container/internal/inlined_vector.h:366:28,
    inlined from 'absl::s2_lts_20230802::InlinedVector<T, N, A>::~InlinedVector() [with T = absl::s2_lts_20230802::cord_internal::CordRep*; long unsigned int N = 47; A = std::allocator<absl::s2_lts_20230802::cord_internal::CordRep*>]' at /tmp/RtmpcR8wmm/R.INSTALLbe77a94ffc5/s2/tools/vendor/abseil-cpp/absl/container/inlined_vector.h:296:21,
    inlined from 'void absl::s2_lts_20230802::DumpNode(cord_internal::CordRep*, bool, std::ostream*, int)' at /tmp/RtmpcR8wmm/R.INSTALLbe77a94ffc5/s2/tools/vendor/abseil-cpp/absl/strings/cord.cc:1304:1,
    inlined from 'std::string absl::s2_lts_20230802::ReportError(cord_internal::CordRep*, cord_internal::CordRep*)' at /tmp/RtmpcR8wmm/R.INSTALLbe77a94ffc5/s2/tools/vendor/abseil-cpp/absl/strings/cord.cc:1309:11:
/tmp/RtmpcR8wmm/R.INSTALLbe77a94ffc5/s2/tools/vendor/abseil-cpp/absl/container/internal/inlined_vector.h:408:28: warning: '*(const absl::s2_lts_20230802::inlined_vector_internal::Storage<absl::s2_lts_20230802::cord_internal::CordRep*, 2, std::allocator<absl::s2_lts_20230802::cord_internal::CordRep*> >*)((char*)&stack + offsetof(absl::s2_lts_20230802::InlinedVector<absl::s2_lts_20230802::cord_internal::CordRep*, 47, std::allocator<absl::s2_lts_20230802::cord_internal::CordRep*> >,absl::s2_lts_20230802::InlinedVector<absl::s2_lts_20230802::cord_internal::CordRep*, 47, std::allocator<absl::s2_lts_20230802::cord_internal::CordRep*> >::storage_.absl::s2_lts_20230802::inlined_vector_internal::Storage<absl::s2_lts_20230802::cord_internal::CordRep*, 47, std::allocator<absl::s2_lts_20230802::cord_internal::CordRep*> >::metadata_.absl::s2_lts_20230802::container_internal::CompressedTuple<std::allocator<absl::s2_lts_20230802::cord_internal::CordRep*>, long unsigned int>::<unnamed>.absl::s2_lts_20230802::container_internal::internal_compressed_tuple::CompressedTupleImpl<absl::s2_lts_20230802::container_internal::CompressedTuple<std::allocator<absl::s2_lts_20230802::cord_internal::CordRep*>, long unsigned int>, absl::s2_lts_20230802::integer_sequence<long unsigned int, 0, 1>, true>::<unnamed>)).absl::s2_lts_20230802::inlined_vector_internal::Storage<absl::s2_lts_20230802::cord_internal::CordRep*, 2, std::allocator<absl::s2_lts_20230802::cord_internal::CordRep*> >::data_.absl::s2_lts_20230802::inlined_vector_internal::Storage<absl::s2_lts_20230802::cord_internal::CordRep*, 2, std::allocator<absl::s2_lts_20230802::cord_internal::CordRep*> >::Data::allocated.absl::s2_lts_20230802::inlined_vector_internal::Storage<absl::s2_lts_20230802::cord_internal::CordRep*, 2, std::allocator<absl::s2_lts_20230802::cord_internal::CordRep*> >::Allocated::allocated_capacity' may be used uninitialized [-Wmaybe-uninitialized]
  408 |     return data_.allocated.allocated_capacity;
      |                            ^~~~~~~~~~~~~~~~~~
/tmp/RtmpcR8wmm/R.INSTALLbe77a94ffc5/s2/tools/vendor/abseil-cpp/absl/strings/cord.cc: In function 'std::string absl::s2_lts_20230802::ReportError(cord_internal::CordRep*, cord_internal::CordRep*)':
/tmp/RtmpcR8wmm/R.INSTALLbe77a94ffc5/s2/tools/vendor/abseil-cpp/absl/strings/cord.cc:1258:53: note: 'stack' declared here
 1258 |   absl::InlinedVector<CordRep*, kInlinedVectorSize> stack;
      |                                                     ^~~~~
In member function 'absl::s2_lts_20230802::inlined_vector_internal::Pointer<A> absl::s2_lts_20230802::inlined_vector_internal::Storage<T, N, A>::GetAllocatedData() [with T = absl::s2_lts_20230802::cord_internal::CordRep*; long unsigned int N = 2; A = std::allocator<absl::s2_lts_20230802::cord_internal::CordRep*>]',
    inlined from 'void absl::s2_lts_20230802::inlined_vector_internal::Storage<T, N, A>::DeallocateIfAllocated() [with T = absl::s2_lts_20230802::cord_internal::CordRep*; long unsigned int N = 2; A = std::allocator<absl::s2_lts_20230802::cord_internal::CordRep*>]' at /tmp/RtmpcR8wmm/R.INSTALLbe77a94ffc5/s2/tools/vendor/abseil-cpp/absl/container/internal/inlined_vector.h:526:35,
    inlined from 'void absl::s2_lts_20230802::inlined_vector_internal::Storage<T, N, A>::DeallocateIfAllocated() [with T = absl::s2_lts_20230802::cord_internal::CordRep*; long unsigned int N = 47; A = std::allocator<absl::s2_lts_20230802::cord_internal::CordRep*>]' at /tmp/RtmpcR8wmm/R.INSTALLbe77a94ffc5/s2/tools/vendor/abseil-cpp/absl/container/internal/inlined_vector.h:524:8,
    inlined from 'absl::s2_lts_20230802::inlined_vector_internal::Storage<T, N, A>::~Storage() [with T = absl::s2_lts_20230802::cord_internal::CordRep*; long unsigned int N = 47; A = std::allocator<absl::s2_lts_20230802::cord_internal::CordRep*>]' at /tmp/RtmpcR8wmm/R.INSTALLbe77a94ffc5/s2/tools/vendor/abseil-cpp/absl/container/internal/inlined_vector.h:366:28,
    inlined from 'absl::s2_lts_20230802::InlinedVector<T, N, A>::~InlinedVector() [with T = absl::s2_lts_20230802::cord_internal::CordRep*; long unsigned int N = 47; A = std::allocator<absl::s2_lts_20230802::cord_internal::CordRep*>]' at /tmp/RtmpcR8wmm/R.INSTALLbe77a94ffc5/s2/tools/vendor/abseil-cpp/absl/container/inlined_vector.h:296:21,
    inlined from 'void absl::s2_lts_20230802::DumpNode(cord_internal::CordRep*, bool, std::ostream*, int)' at /tmp/RtmpcR8wmm/R.INSTALLbe77a94ffc5/s2/tools/vendor/abseil-cpp/absl/strings/cord.cc:1304:1,
    inlined from 'std::string absl::s2_lts_20230802::ReportError(cord_internal::CordRep*, cord_internal::CordRep*)' at /tmp/RtmpcR8wmm/R.INSTALLbe77a94ffc5/s2/tools/vendor/abseil-cpp/absl/strings/cord.cc:1309:11:
/tmp/RtmpcR8wmm/R.INSTALLbe77a94ffc5/s2/tools/vendor/abseil-cpp/absl/container/internal/inlined_vector.h:387:58: warning: '*(absl::s2_lts_20230802::inlined_vector_internal::Storage<absl::s2_lts_20230802::cord_internal::CordRep*, 2, std::allocator<absl::s2_lts_20230802::cord_internal::CordRep*> >*)((char*)&stack + offsetof(absl::s2_lts_20230802::InlinedVector<absl::s2_lts_20230802::cord_internal::CordRep*, 47, std::allocator<absl::s2_lts_20230802::cord_internal::CordRep*> >,absl::s2_lts_20230802::InlinedVector<absl::s2_lts_20230802::cord_internal::CordRep*, 47, std::allocator<absl::s2_lts_20230802::cord_internal::CordRep*> >::storage_.absl::s2_lts_20230802::inlined_vector_internal::Storage<absl::s2_lts_20230802::cord_internal::CordRep*, 47, std::allocator<absl::s2_lts_20230802::cord_internal::CordRep*> >::metadata_.absl::s2_lts_20230802::container_internal::CompressedTuple<std::allocator<absl::s2_lts_20230802::cord_internal::CordRep*>, long unsigned int>::<unnamed>.absl::s2_lts_20230802::container_internal::internal_compressed_tuple::CompressedTupleImpl<absl::s2_lts_20230802::container_internal::CompressedTuple<std::allocator<absl::s2_lts_20230802::cord_internal::CordRep*>, long unsigned int>, absl::s2_lts_20230802::integer_sequence<long unsigned int, 0, 1>, true>::<unnamed>)).absl::s2_lts_20230802::inlined_vector_internal::Storage<absl::s2_lts_20230802::cord_internal::CordRep*, 2, std::allocator<absl::s2_lts_20230802::cord_internal::CordRep*> >::data_.absl::s2_lts_20230802::inlined_vector_internal::Storage<absl::s2_lts_20230802::cord_internal::CordRep*, 2, std::allocator<absl::s2_lts_20230802::cord_internal::CordRep*> >::Data::allocated.absl::s2_lts_20230802::inlined_vector_internal::Storage<absl::s2_lts_20230802::cord_internal::CordRep*, 2, std::allocator<absl::s2_lts_20230802::cord_internal::CordRep*> >::Allocated::allocated_data' may be used uninitialized [-Wmaybe-uninitialized]
  387 |   Pointer<A> GetAllocatedData() { return data_.allocated.allocated_data; }
      |                                                          ^~~~~~~~~~~~~~
/tmp/RtmpcR8wmm/R.INSTALLbe77a94ffc5/s2/tools/vendor/abseil-cpp/absl/strings/cord.cc: In function 'std::string absl::s2_lts_20230802::ReportError(cord_internal::CordRep*, cord_internal::CordRep*)':
/tmp/RtmpcR8wmm/R.INSTALLbe77a94ffc5/s2/tools/vendor/abseil-cpp/absl/strings/cord.cc:1258:53: note: 'stack' declared here
 1258 |   absl::InlinedVector<CordRep*, kInlinedVectorSize> stack;
      |                                                     ^~~~~
In member function 'absl::s2_lts_20230802::inlined_vector_internal::SizeType<A> absl::s2_lts_20230802::inlined_vector_internal::Storage<T, N, A>::GetAllocatedCapacity() const [with T = absl::s2_lts_20230802::cord_internal::CordRep*; long unsigned int N = 2; A = std::allocator<absl::s2_lts_20230802::cord_internal::CordRep*>]',
    inlined from 'void absl::s2_lts_20230802::inlined_vector_internal::Storage<T, N, A>::DeallocateIfAllocated() [with T = absl::s2_lts_20230802::cord_internal::CordRep*; long unsigned int N = 2; A = std::allocator<absl::s2_lts_20230802::cord_internal::CordRep*>]' at /tmp/RtmpcR8wmm/R.INSTALLbe77a94ffc5/s2/tools/vendor/abseil-cpp/absl/container/internal/inlined_vector.h:526:35,
    inlined from 'void absl::s2_lts_20230802::inlined_vector_internal::Storage<T, N, A>::DeallocateIfAllocated() [with T = absl::s2_lts_20230802::cord_internal::CordRep*; long unsigned int N = 2; A = std::allocator<absl::s2_lts_20230802::cord_internal::CordRep*>]' at /tmp/RtmpcR8wmm/R.INSTALLbe77a94ffc5/s2/tools/vendor/abseil-cpp/absl/container/internal/inlined_vector.h:524:8,
    inlined from 'absl::s2_lts_20230802::inlined_vector_internal::Storage<T, N, A>::~Storage() [with T = absl::s2_lts_20230802::cord_internal::CordRep*; long unsigned int N = 2; A = std::allocator<absl::s2_lts_20230802::cord_internal::CordRep*>]' at /tmp/RtmpcR8wmm/R.INSTALLbe77a94ffc5/s2/tools/vendor/abseil-cpp/absl/container/internal/inlined_vector.h:366:28,
    inlined from 'absl::s2_lts_20230802::InlinedVector<T, N, A>::~InlinedVector() [with T = absl::s2_lts_20230802::cord_internal::CordRep*; long unsigned int N = 2; A = std::allocator<absl::s2_lts_20230802::cord_internal::CordRep*>]' at /tmp/RtmpcR8wmm/R.INSTALLbe77a94ffc5/s2/tools/vendor/abseil-cpp/absl/container/inlined_vector.h:296:21,
    inlined from 'bool absl::s2_lts_20230802::VerifyNode(cord_internal::CordRep*, cord_internal::CordRep*, bool)' at /tmp/RtmpcR8wmm/R.INSTALLbe77a94ffc5/s2/tools/vendor/abseil-cpp/absl/strings/cord.cc:1352:1:
/tmp/RtmpcR8wmm/R.INSTALLbe77a94ffc5/s2/tools/vendor/abseil-cpp/absl/container/internal/inlined_vector.h:408:28: warning: 'worklist.absl::s2_lts_20230802::InlinedVector<absl::s2_lts_20230802::cord_internal::CordRep*, 2, std::allocator<absl::s2_lts_20230802::cord_internal::CordRep*> >::storage_.absl::s2_lts_20230802::inlined_vector_internal::Storage<absl::s2_lts_20230802::cord_internal::CordRep*, 2, std::allocator<absl::s2_lts_20230802::cord_internal::CordRep*> >::data_.absl::s2_lts_20230802::inlined_vector_internal::Storage<absl::s2_lts_20230802::cord_internal::CordRep*, 2, std::allocator<absl::s2_lts_20230802::cord_internal::CordRep*> >::Data::allocated.absl::s2_lts_20230802::inlined_vector_internal::Storage<absl::s2_lts_20230802::cord_internal::CordRep*, 2, std::allocator<absl::s2_lts_20230802::cord_internal::CordRep*> >::Allocated::allocated_capacity' may be used uninitialized [-Wmaybe-uninitialized]
  408 |     return data_.allocated.allocated_capacity;
      |                            ^~~~~~~~~~~~~~~~~~
/tmp/RtmpcR8wmm/R.INSTALLbe77a94ffc5/s2/tools/vendor/abseil-cpp/absl/strings/cord.cc: In function 'bool absl::s2_lts_20230802::VerifyNode(cord_internal::CordRep*, cord_internal::CordRep*, bool)':
/tmp/RtmpcR8wmm/R.INSTALLbe77a94ffc5/s2/tools/vendor/abseil-cpp/absl/strings/cord.cc:1315:36: note: 'worklist' declared here
 1315 |   absl::InlinedVector<CordRep*, 2> worklist;
      |                                    ^~~~~~~~
** libs
specified C++17
using C compiler: 'gcc (Ubuntu 13.3.0-6ubuntu2~24.04.1) 13.3.0'
using C++ compiler: 'g++ (Ubuntu 13.3.0-6ubuntu2~24.04.1) 13.3.0'
using C++17
In file included from /opt/R/4.6.0/lib/R/library/Rcpp/include/RcppCommon.h:29,
                 from /opt/R/4.6.0/lib/R/library/Rcpp/include/Rcpp.h:27,
                 from geography.h:5,
                 from s2-constructors-formatters.cpp:9:
/opt/R/4.6.0/lib/R/library/Rcpp/include/Rcpp/r/check_r_headers.h:27:21: note: '#pragma message: R.h has been included before any Rcpp headers. This can lead to hard-to-debug errors, and is not necessary. See https://github.com/RcppCore/Rcpp/issues/1410'
   27 |     #pragma message "R.h has been included before any Rcpp headers. This can lead to hard-to-debug errors, and is not necessary. See https://github.com/RcppCore/Rcpp/issues/1410"
      |                     ^~~~~~~~~~~~~~~~~~~~~~~~~~~~~~~~~~~~~~~~~~~~~~~~~~~~~~~~~~~~~~~~~~~~~~~~~~~~~~~~~~~~~~~~~~~~~~~~~~~~~~~~~~~~~~~~~~~~~~~~~~~~~~~~~~~~~~~~~~~~~~~~~~~~~~~~~~~~~~
/opt/R/4.6.0/lib/R/library/Rcpp/include/Rcpp/r/check_r_headers.h:35:21: note: '#pragma message: Rinternals.h has been included before any Rcpp headers. This can lead to hard-to-debug errors, and is not necessary. See https://github.com/RcppCore/Rcpp/issues/1410'
   35 |     #pragma message "Rinternals.h has been included before any Rcpp headers. This can lead to hard-to-debug errors, and is not necessary. See https://github.com/RcppCore/Rcpp/issues/1410"
      |                     ^~~~~~~~~~~~~~~~~~~~~~~~~~~~~~~~~~~~~~~~~~~~~~~~~~~~~~~~~~~~~~~~~~~~~~~~~~~~~~~~~~~~~~~~~~~~~~~~~~~~~~~~~~~~~~~~~~~~~~~~~~~~~~~~~~~~~~~~~~~~~~~~~~~~~~~~~~~~~~~~~~~~~~~
installing to /home/runner/work/quarto-extensions/quarto-extensions/test-23/R/x86_64-pc-linux-gnu-library/4.6/00LOCK-s2/00new/s2/libs
** R
** data
*** moving datasets to lazyload DB
** inst
** byte-compile and prepare package for lazy loading
** help
*** installing help indices
*** copying figures
** building package indices
** testing if installed package can be loaded from temporary location
** checking absolute paths in shared objects and dynamic libraries
** testing if installed package can be loaded from final location
** testing if installed package keeps a record of temporary installation path
* DONE (s2)
* installing *source* package 'viridis' ...
** this is package 'viridis' version '0.6.5'
** package 'viridis' successfully unpacked and MD5 sums checked
** using staged installation
** R
** data
*** moving datasets to lazyload DB
** inst
** byte-compile and prepare package for lazy loading
** help
*** installing help indices
*** copying figures
** building package indices
** installing vignettes
** testing if installed package can be loaded from temporary location
** testing if installed package can be loaded from final location
** testing if installed package keeps a record of temporary installation path
* DONE (viridis)
* installing *source* package 'gdtools' ...
** this is package 'gdtools' version '0.5.0'
** package 'gdtools' successfully unpacked and MD5 sums checked
** using staged installation
** libs
using C++ compiler: 'g++ (Ubuntu 13.3.0-6ubuntu2~24.04.1) 13.3.0'
installing to /home/runner/work/quarto-extensions/quarto-extensions/test-23/R/x86_64-pc-linux-gnu-library/4.6/00LOCK-gdtools/00new/gdtools/libs
** R
** inst
** byte-compile and prepare package for lazy loading
** help
*** installing help indices
** building package indices
** testing if installed package can be loaded from temporary location
** checking absolute paths in shared objects and dynamic libraries
** testing if installed package can be loaded from final location
** testing if installed package keeps a record of temporary installation path
* DONE (gdtools)
* installing *source* package 'classInt' ...
** this is package 'classInt' version '0.4-11'
** package 'classInt' successfully unpacked and MD5 sums checked
** using staged installation
** libs
using C compiler: 'gcc (Ubuntu 13.3.0-6ubuntu2~24.04.1) 13.3.0'
using Fortran compiler: 'GNU Fortran (Ubuntu 13.3.0-6ubuntu2~24.04.1) 13.3.0'
installing to /home/runner/work/quarto-extensions/quarto-extensions/test-23/R/x86_64-pc-linux-gnu-library/4.6/00LOCK-classInt/00new/classInt/libs
** R
** inst
** byte-compile and prepare package for lazy loading
** help
*** installing help indices
** building package indices
** installing vignettes
** testing if installed package can be loaded from temporary location
** checking absolute paths in shared objects and dynamic libraries
** testing if installed package can be loaded from final location
** testing if installed package keeps a record of temporary installation path
* DONE (classInt)
* installing *source* package 'DT' ...
** this is package 'DT' version '0.34.0'
** package 'DT' successfully unpacked and MD5 sums checked
** using staged installation
** R
** inst
** byte-compile and prepare package for lazy loading
** help
*** installing help indices
** building package indices
** installing vignettes
** testing if installed package can be loaded from temporary location
** testing if installed package can be loaded from final location
** testing if installed package keeps a record of temporary installation path
* DONE (DT)
* installing *source* package 'ggiraph' ...
** this is package 'ggiraph' version '0.9.6'
** package 'ggiraph' successfully unpacked and MD5 sums checked
** using staged installation
** libs
using C++ compiler: 'g++ (Ubuntu 13.3.0-6ubuntu2~24.04.1) 13.3.0'
installing to /home/runner/work/quarto-extensions/quarto-extensions/test-23/R/x86_64-pc-linux-gnu-library/4.6/00LOCK-ggiraph/00new/ggiraph/libs
** R
** inst
** byte-compile and prepare package for lazy loading
** help
*** installing help indices
*** copying figures
** building package indices
** installing vignettes
** testing if installed package can be loaded from temporary location
** checking absolute paths in shared objects and dynamic libraries
** testing if installed package can be loaded from final location
** testing if installed package keeps a record of temporary installation path
* DONE (ggiraph)
ERROR: dependency 'units' is not available for package 'sf'
Perhaps try a variation of:
install.packages('units')
* removing '/home/runner/work/quarto-extensions/quarto-extensions/test-23/R/x86_64-pc-linux-gnu-library/4.6/sf'
ERROR: dependencies 'raster', 'sf' are not available for package 'leaflet'
Perhaps try a variation of:
install.packages(c('raster', 'sf'))
* removing '/home/runner/work/quarto-extensions/quarto-extensions/test-23/R/x86_64-pc-linux-gnu-library/4.6/leaflet'

The downloaded source packages are in
	'/tmp/RtmpgTeJhk/downloaded_packages'
Warning messages:
1: In install.packages(deps, repos = ppm) :
  installation of package 'terra' had non-zero exit status
2: In install.packages(deps, repos = ppm) :
  installation of package 'units' had non-zero exit status
3: In install.packages(deps, repos = ppm) :
  installation of package 'raster' had non-zero exit status
4: In install.packages(deps, repos = ppm) :
  installation of package 'sf' had non-zero exit status
5: In install.packages(deps, repos = ppm) :
  installation of package 'leaflet' had non-zero exit status
WARN: Theme file not found: custom.scss
pandoc 
  to: html
  output-file: template.html
  standalone: true
  self-contained: true
  section-divs: true
  html-math-method: mathjax
  wrap: none
  default-image-extension: png
  toc: true
  css:
    - _extensions/lumo/style.css
  variables:
    quarto:
      language:
        toc-title-document: Table of contents
        toc-title-website: On this page
        related-formats-title: Other Formats
        related-notebooks-title: Notebooks
        source-notebooks-prefix: Source
        other-links-title: Other Links
        code-links-title: Code Links
        launch-dev-container-title: Launch Dev Container
        launch-binder-title: Launch Binder
        article-notebook-label: Article Notebook
        notebook-preview-download: Download Notebook
        notebook-preview-download-src: Download Source
        notebook-preview-back: Back to Article
        manuscript-meca-bundle: MECA Bundle
        section-title-abstract: Abstract
        section-title-appendices: Appendices
        section-title-footnotes: Footnotes
        section-title-references: References
        section-title-reuse: Reuse
        section-title-copyright: Copyright
        section-title-citation: Citation
        appendix-attribution-cite-as: 'For attribution, please cite this work as:'
        appendix-attribution-bibtex: 'BibTeX citation:'
        appendix-view-license: View License
        title-block-author-single: Author
        title-block-author-plural: Authors
        title-block-affiliation-single: Affiliation
        title-block-affiliation-plural: Affiliations
        title-block-published: Published
        title-block-modified: Modified
        title-block-keywords: Keywords
        callout-tip-title: Tip
        callout-note-title: Note
        callout-warning-title: Warning
        callout-important-title: Important
        callout-caution-title: Caution
        code-summary: Code
        code-tools-menu-caption: Code
        code-tools-show-all-code: Show All Code
        code-tools-hide-all-code: Hide All Code
        code-tools-view-source: View Source
        code-tools-source-code: Source Code
        tools-share: Share
        tools-download: Download
        code-line: Line
        code-lines: Lines
        copy-button-tooltip: Copy to Clipboard
        copy-button-tooltip-success: Copied!
        repo-action-links-edit: Edit this page
        repo-action-links-source: View source
        repo-action-links-issue: Report an issue
        back-to-top: Back to top
        search-no-results-text: No results
        search-matching-documents-text: matching documents
        search-copy-link-title: Copy link to search
        search-hide-matches-text: Hide additional matches
        search-more-match-text: more match in this document
        search-more-matches-text: more matches in this document
        search-clear-button-title: Clear
        search-text-placeholder: ''
        search-detached-cancel-button-title: Cancel
        search-submit-button-title: Submit
        search-label: Search
        toggle-section: Toggle section
        toggle-sidebar: Toggle sidebar navigation
        toggle-dark-mode: Toggle dark mode
        toggle-reader-mode: Toggle reader mode
        toggle-navigation: Toggle navigation
        crossref-fig-title: Figure
        crossref-tbl-title: Table
        crossref-lst-title: Listing
        crossref-thm-title: Theorem
        crossref-lem-title: Lemma
        crossref-cor-title: Corollary
        crossref-prp-title: Proposition
        crossref-cnj-title: Conjecture
        crossref-def-title: Definition
        crossref-exm-title: Example
        crossref-exr-title: Exercise
        crossref-ch-prefix: Chapter
        crossref-apx-prefix: Appendix
        crossref-sec-prefix: Section
        crossref-eq-prefix: Equation
        crossref-lof-title: List of Figures
        crossref-lot-title: List of Tables
        crossref-lol-title: List of Listings
        environment-proof-title: Proof
        environment-remark-title: Remark
        environment-solution-title: Solution
        listing-page-order-by: Order By
        listing-page-order-by-default: Default
        listing-page-order-by-date-asc: Oldest
        listing-page-order-by-date-desc: Newest
        listing-page-order-by-number-desc: High to Low
        listing-page-order-by-number-asc: Low to High
        listing-page-field-date: Date
        listing-page-field-title: Title
        listing-page-field-description: Description
        listing-page-field-author: Author
        listing-page-field-filename: File Name
        listing-page-field-filemodified: Modified
        listing-page-field-subtitle: Subtitle
        listing-page-field-readingtime: Reading Time
        listing-page-field-wordcount: Word Count
        listing-page-field-categories: Categories
        listing-page-minutes-compact: '{0} min'
        listing-page-category-all: All
        listing-page-no-matches: No matching items
        listing-page-words: '{0} words'
        listing-page-filter: Filter
        draft: Draft
  
metadata
  document-css: false
  link-citations: true
  date-format: long
  lang: en
  code-summary: Code
  toc-location: left
  toc-title: ' '
  theme:
    - custom.scss
  smooth-scroll: true
  code-annotations: hover
  title-block-banner: true
  title: 'Lumo: a clean Quarto template for stunning data reports'
  subtitle: This document showcases how a Quarto report made using the <code>Lumo</code> format looks like. It also demoes a few tips and tricks I 💜
  author: Holtz Yan
  date: last-modified
  logo: logo.png
  github-repo: https://github.com/holtzy/lumo
  primary-color: '#69b3a2'
  is-particlejs-enabled: true
  bg-image: ''
  
Output created: template.html



processing file: template.qmd
1/19                  
2/19 [unnamed-chunk-1]
3/19                  
4/19 [unnamed-chunk-2]
5/19                  
6/19 [unnamed-chunk-3]
7/19                  
8/19 [unnamed-chunk-4]
Error in `library()`:
! there is no package called 'leaflet'
Backtrace:
    x
 1. \-base::library(leaflet)

Quitting from template.qmd:109-120 [unnamed-chunk-4]
Execution halted
WARN: Error encountered when rendering files
Render failed, retrying once...


processing file: template.qmd
1/19                  
2/19 [unnamed-chunk-1]
3/19                  
4/19 [unnamed-chunk-2]
5/19                  
6/19 [unnamed-chunk-3]
7/19                  
8/19 [unnamed-chunk-4]
Error in `library()`:
! there is no package called 'leaflet'
Backtrace:
    x
 1. \-base::library(leaflet)

Quitting from template.qmd:109-120 [unnamed-chunk-4]
Execution halted
WARN: Error encountered when rendering files
