Cloning into 'repo'...
pandoc 
  to: html
  output-file: index.html
  standalone: true
  section-divs: true
  html-math-method: mathjax
  wrap: none
  default-image-extension: png
  toc: true
  variables: {}
  
metadata
  document-css: false
  link-citations: true
  date-format: long
  lang: en
  engines:
    - path: /opt/quarto/share/extension-subtrees/julia-engine/_extensions/julia-engine/julia-engine.js
  title: Autolinked references and URLs
  subtitle: Quarto Extension
  author:
    - name: Mickaël CANOUIL, _Ph.D._
      orcid: 0000-0002-3396-4549
      url: https://mickael.canouil.fr
  description: |
    References to GitHub issues, pull requests, and commits are automatically shortened and converted into links.
  page-layout: full
  
(W) The "GitHub" extension has been superseded by the "Git Link" extension. Please update your extension following the instructions at: https://github.com/mcanouil/quarto-gitlink?tab=readme-ov-file#installation
Output created: index.html

