Cloning into 'repo'...
Installing package into '/home/runner/work/quarto-extensions/quarto-extensions/test-19/R/x86_64-pc-linux-gnu-library/4.5'
(as 'lib' is unspecified)
trying URL 'https://packagemanager.posit.co/cran/__linux__/jammy/latest/src/contrib/renv_1.1.8.tar.gz'
Content type 'binary/octet-stream' length 2336300 bytes (2.2 MB)
==================================================
downloaded 2.2 MB

* installing *binary* package 'renv' ...
* DONE (renv)

The downloaded source packages are in
	'/tmp/RtmpP27ILY/downloaded_packages'
The R temporary directory appears to be within a folder mounted as 'noexec'.
Installation of R packages from sources may fail.
See the section **Note** within `?INSTALL` for more details.

tempdir(): /tmp/RtmpP27ILY
/usr/local/bin/tlmgr: open(>/opt/tinytex/tlpkg/texlive.tlpdb.tmp) failed: Permission denied at /opt/tinytex/tlpkg/TeXLive/TLPDB.pm line 611.
CTAN mirror https://ctan.math.utah.edu/ctan/tex-archive/systems/texlive/tlnet failed, trying next...
/usr/local/bin/tlmgr: open(>/opt/tinytex/tlpkg/texlive.tlpdb.tmp) failed: Permission denied at /opt/tinytex/tlpkg/TeXLive/TLPDB.pm line 611.
CTAN mirror https://ctan.math.illinois.edu/systems/texlive/tlnet failed, trying next...
/usr/local/bin/tlmgr: open(>/opt/tinytex/tlpkg/texlive.tlpdb.tmp) failed: Permission denied at /opt/tinytex/tlpkg/TeXLive/TLPDB.pm line 611.
CTAN mirror https://mirrors.rit.edu/CTAN/systems/texlive/tlnet failed, trying next...
/usr/local/bin/tlmgr: open(>/opt/tinytex/tlpkg/texlive.tlpdb.tmp) failed: Permission denied at /opt/tinytex/tlpkg/TeXLive/TLPDB.pm line 611.
CTAN mirror https://mirror.ctan.org/systems/texlive/tlnet failed, trying next...
All CTAN mirrors failed. LaTeX packages may not install.


processing file: template.qmd
1/11                  
2/11 [unnamed-chunk-1]
3/11                  
4/11 [unnamed-chunk-2]
5/11                  
6/11 [unnamed-chunk-3]
7/11                  
8/11 [unnamed-chunk-4]
9/11                  
10/11 [unnamed-chunk-5]
11/11                  
output file: template.knit.md

pandoc 
  to: html
  output-file: template.html
  standalone: true
  section-divs: true
  html-math-method: mathjax
  wrap: none
  default-image-extension: png
  number-sections: true
  toc: true
  variables: {}
  
metadata
  document-css: false
  link-citations: true
  date-format: long
  lang: en
  knitr:
    opts_chunk:
      R.options:
        prompt: 'R> '
        continue: +
  engines:
    - path: /opt/quarto/share/extension-subtrees/julia-engine/_extensions/julia-engine/julia-engine.js
  title: 'A Short Demo Article: Regression Models for Count Data in R'
  author:
    - name: Achim Zeileis
      affiliations:
        - name: Universität Innsbruck
          department: Department of Statistics
          address: Universitätsstr. 15
          city: Innsbruck
          country: Austria
          postal-code: 6020
        - Journal of Statistical Software
      orcid: 0000-0003-0918-3766
      email: Achim.Zeileis@R-project.org
      url: https://www.zeileis.org/
    - name: Second  Author
      affiliations:
        - Plus Affiliation
  abstract: |
    This short article illustrates how to write a manuscript for the
    _Journal of Statistical Software_ (JSS) using its {{< latex >}} style files.
    Generally, we ask to follow JSS's style guide and FAQs precisely. Also,
    it is recommended to keep the {{< latex >}} code as simple as possible,
    i.e., avoid inclusion of packages/commands that are not necessary.
    For outlining the typical structure of a JSS article some brief text snippets are employed that have been inspired by @ZeileisKleiberJackman2008, discussing count data regression in [R]{.proglang}. Editorial comments and instructions are marked by vertical bars.
  keywords:
    - JSS
    - style guide
    - comma-separated
    - not capitalized
    - R
  keywords-formatted:
    - JSS
    - style guide
    - comma-separated
    - not capitalized
    - '[R]{.proglang}'
  bibliography:
    - bibliography.bib
  
Output created: template.html



processing file: template.qmd
1/11                  
2/11 [unnamed-chunk-1]
3/11                  
4/11 [unnamed-chunk-2]
5/11                  
6/11 [unnamed-chunk-3]
7/11                  
8/11 [unnamed-chunk-4]
9/11                  
10/11 [unnamed-chunk-5]
11/11                  
output file: template.knit.md

pandoc 
  to: latex
  output-file: template.tex
  standalone: true
  pdf-engine: lualatex
  variables:
    graphics: true
    tables: true
  default-image-extension: pdf
  shift-heading-level-by: -1
  cite-method: natbib
  
metadata
  block-headings: true
  knitr:
    opts_chunk:
      R.options:
        prompt: 'R> '
        continue: +
  documentclass: jss
  tbl-cap-location: bottom
  biblio-config: false
  engines:
    - path: /opt/quarto/share/extension-subtrees/julia-engine/_extensions/julia-engine/julia-engine.js
  title: 'A Short Demo Article: Regression Models for Count Data in R'
  author:
    - name: Achim Zeileis
      affiliations:
        - name: Universität Innsbruck
          department: Department of Statistics
          address: Universitätsstr. 15
          city: Innsbruck
          country: Austria
          postal-code: 6020
        - Journal of Statistical Software
      orcid: 0000-0003-0918-3766
      email: Achim.Zeileis@R-project.org
      url: https://www.zeileis.org/
    - name: Second  Author
      affiliations:
        - Plus Affiliation
  abstract: |
    This short article illustrates how to write a manuscript for the
    _Journal of Statistical Software_ (JSS) using its {{< latex >}} style files.
    Generally, we ask to follow JSS's style guide and FAQs precisely. Also,
    it is recommended to keep the {{< latex >}} code as simple as possible,
    i.e., avoid inclusion of packages/commands that are not necessary.
    For outlining the typical structure of a JSS article some brief text snippets are employed that have been inspired by @ZeileisKleiberJackman2008, discussing count data regression in [R]{.proglang}. Editorial comments and instructions are marked by vertical bars.
  keywords:
    - JSS
    - style guide
    - comma-separated
    - not capitalized
    - R
  keywords-formatted:
    - JSS
    - style guide
    - comma-separated
    - not capitalized
    - '[R]{.proglang}'
  bibliography:
    - bibliography.bib
  

Rendering PDF
running lualatex - 1
  This is LuaHBTeX, Version 1.24.0 (TeX Live 2026) 
   restricted system commands enabled.
  
  luaotfload | db : Font names database not found, generating new one.
  luaotfload | db : This can take several minutes; please be patient.
updating tlmgr

updating existing packages
finding package for ae.sty
> 1 package to install
> installing ae (1 of 1)
WARN: Error encountered when rendering files
ERROR: tlmgr returned a non zero status code
You don't have permission to change the installation in any way,
specifically, the directory /opt/tinytex/tlpkg/ is not writable.
Please run this program as administrator, or contact your local admin.
tlmgr: An error has occurred. See above messages. Exiting.


Stack trace:
    at renderFiles (file:///opt/quarto/bin/quarto.js:136526:49)
    at eventLoopTick (ext:core/01_core.js:179:7)
    at async render (file:///opt/quarto/bin/quarto.js:142154:19)
    at async _Command.actionHandler (file:///opt/quarto/bin/quarto.js:142399:24)
    at async _Command.execute (file:///opt/quarto/bin/quarto.js:102022:7)
    at async _Command.parseCommand (file:///opt/quarto/bin/quarto.js:101899:14)
    at async quarto4 (file:///opt/quarto/bin/quarto.js:187547:5)
    at async file:///opt/quarto/bin/quarto.js:187575:5
    at async file:///opt/quarto/bin/quarto.js:187430:14
    at async mainRunner (file:///opt/quarto/bin/quarto.js:187432:5)
    at async file:///opt/quarto/bin/quarto.js:187568:3
Render failed, retrying once...


processing file: template.qmd
1/11                  
2/11 [unnamed-chunk-1]
3/11                  
4/11 [unnamed-chunk-2]
5/11                  
6/11 [unnamed-chunk-3]
7/11                  
8/11 [unnamed-chunk-4]
9/11                  
10/11 [unnamed-chunk-5]
11/11                  
output file: template.knit.md

pandoc 
  to: latex
  output-file: template.tex
  standalone: true
  pdf-engine: lualatex
  variables:
    graphics: true
    tables: true
  default-image-extension: pdf
  shift-heading-level-by: -1
  cite-method: natbib
  
metadata
  block-headings: true
  knitr:
    opts_chunk:
      R.options:
        prompt: 'R> '
        continue: +
  documentclass: jss
  tbl-cap-location: bottom
  biblio-config: false
  engines:
    - path: /opt/quarto/share/extension-subtrees/julia-engine/_extensions/julia-engine/julia-engine.js
  title: 'A Short Demo Article: Regression Models for Count Data in R'
  author:
    - name: Achim Zeileis
      affiliations:
        - name: Universität Innsbruck
          department: Department of Statistics
          address: Universitätsstr. 15
          city: Innsbruck
          country: Austria
          postal-code: 6020
        - Journal of Statistical Software
      orcid: 0000-0003-0918-3766
      email: Achim.Zeileis@R-project.org
      url: https://www.zeileis.org/
    - name: Second  Author
      affiliations:
        - Plus Affiliation
  abstract: |
    This short article illustrates how to write a manuscript for the
    _Journal of Statistical Software_ (JSS) using its {{< latex >}} style files.
    Generally, we ask to follow JSS's style guide and FAQs precisely. Also,
    it is recommended to keep the {{< latex >}} code as simple as possible,
    i.e., avoid inclusion of packages/commands that are not necessary.
    For outlining the typical structure of a JSS article some brief text snippets are employed that have been inspired by @ZeileisKleiberJackman2008, discussing count data regression in [R]{.proglang}. Editorial comments and instructions are marked by vertical bars.
  keywords:
    - JSS
    - style guide
    - comma-separated
    - not capitalized
    - R
  keywords-formatted:
    - JSS
    - style guide
    - comma-separated
    - not capitalized
    - '[R]{.proglang}'
  bibliography:
    - bibliography.bib
  

Rendering PDF
running lualatex - 1
  This is LuaHBTeX, Version 1.24.0 (TeX Live 2026) 
   restricted system commands enabled.
  
updating tlmgr

updating existing packages
finding package for ae.sty
> 1 package to install
> installing ae (1 of 1)
WARN: Error encountered when rendering files
ERROR: tlmgr returned a non zero status code
You don't have permission to change the installation in any way,
specifically, the directory /opt/tinytex/tlpkg/ is not writable.
Please run this program as administrator, or contact your local admin.
tlmgr: An error has occurred. See above messages. Exiting.


Stack trace:
    at renderFiles (file:///opt/quarto/bin/quarto.js:136526:49)
    at eventLoopTick (ext:core/01_core.js:179:7)
    at async render (file:///opt/quarto/bin/quarto.js:142154:19)
    at async _Command.actionHandler (file:///opt/quarto/bin/quarto.js:142399:24)
    at async _Command.execute (file:///opt/quarto/bin/quarto.js:102022:7)
    at async _Command.parseCommand (file:///opt/quarto/bin/quarto.js:101899:14)
    at async quarto4 (file:///opt/quarto/bin/quarto.js:187547:5)
    at async file:///opt/quarto/bin/quarto.js:187575:5
    at async file:///opt/quarto/bin/quarto.js:187430:14
    at async mainRunner (file:///opt/quarto/bin/quarto.js:187432:5)
    at async file:///opt/quarto/bin/quarto.js:187568:3
