Cloning into 'repo'...
pandoc 
  to: latex
  output-file: example.tex
  standalone: true
  pdf-engine: lualatex
  variables:
    graphics: true
    tables: true
  default-image-extension: pdf
  toc: true
  cite-method: biblatex
  
metadata
  block-headings: true
  date-format: full
  documentclass: article
  papersize: letter
  fontsize: 12pt
  geometry:
    - top=1in
    - bottom=1in
    - left=1in
    - right=1in
  colorlinks: true
  linkcolor: DarkSlateBlue
  urlcolor: DarkSlateBlue
  citecolor: DarkSlateBlue
  link-citation: true
  biblio-title: References
  biblio-config: false
  biblatex-chicago: false
  biblio-style: apa
  biblatexoptions:
    - backend=biber
  indent: true
  engines:
    - path: /opt/quarto/share/extension-subtrees/julia-engine/_extensions/julia-engine/julia-engine.js
  title: fancy-doc
  subtitle: A Quarto Extension
  author:
    - name: Damon C. Roberts
      affiliations:
        - name: Univeristy of Colorado Boulder
      email: damon.roberts-1@colorado.edu
  bibliography:
    - bibliography.bib
  

Rendering PDF
running lualatex - 1
  This is LuaHBTeX, Version 1.24.0 (TeX Live 2026) 
   restricted system commands enabled.
  
  luaotfload | db : Font names database not found, generating new one.
  luaotfload | db : This can take several minutes; please be patient.
updating tlmgr

updating existing packages
finding package for setspace.sty
> 1 package to install
> installing setspace (1 of 1)
  This is LuaHBTeX, Version 1.24.0 (TeX Live 2026) 
   restricted system commands enabled.
  
finding package for biblatex.sty
> 1 package to install
> installing biblatex (1 of 1)
  This is LuaHBTeX, Version 1.24.0 (TeX Live 2026) 
   restricted system commands enabled.
  
finding package for apa.dbx
finding package for biblatex-dm.cfg
finding package for apa.bbx
> 1 package to install
> installing biblatex-apa (1 of 1)
  This is LuaHBTeX, Version 1.24.0 (TeX Live 2026) 
   restricted system commands enabled.
  
finding package for pdfpages.sty
finding package for biblatex-dm.cfg
> 1 package to install
> installing pdfpages (1 of 1)
  This is LuaHBTeX, Version 1.24.0 (TeX Live 2026) 
   restricted system commands enabled.
  
  luaotfload | db : Reload initiated (formats: otf,ttf,ttc); reason: Font "Helvetica Neue" not found.
finding package for Helvetica\s*Neue(-(Bold|Italic|Regular).*)?[.](tfm|afm|mf|otf|ttf)
finding package for biblatex-dm.cfg
ERROR: 
compilation failed- no matching packages
Package fontspec Error: 
(fontspec)                The font "Helvetica Neue" cannot be found; this
(fontspec)                may be but usually is not a fontspec bug. Either
(fontspec)                there is a typo in the font name/file, the font is
(fontspec)                not installed (correctly), or there is a bug in
(fontspec)                the underlying font loading engine
(fontspec)                (XeTeX/luaotfload).

For immediate help type H <return>.
 ...                                              
                                                  
l.125 \makeatletter
                 


see example.log for more information.
WARN: Error encountered when rendering files
Render failed, retrying once...
pandoc 
  to: latex
  output-file: example.tex
  standalone: true
  pdf-engine: lualatex
  variables:
    graphics: true
    tables: true
  default-image-extension: pdf
  toc: true
  cite-method: biblatex
  
metadata
  block-headings: true
  date-format: full
  documentclass: article
  papersize: letter
  fontsize: 12pt
  geometry:
    - top=1in
    - bottom=1in
    - left=1in
    - right=1in
  colorlinks: true
  linkcolor: DarkSlateBlue
  urlcolor: DarkSlateBlue
  citecolor: DarkSlateBlue
  link-citation: true
  biblio-title: References
  biblio-config: false
  biblatex-chicago: false
  biblio-style: apa
  biblatexoptions:
    - backend=biber
  indent: true
  engines:
    - path: /opt/quarto/share/extension-subtrees/julia-engine/_extensions/julia-engine/julia-engine.js
  title: fancy-doc
  subtitle: A Quarto Extension
  author:
    - name: Damon C. Roberts
      affiliations:
        - name: Univeristy of Colorado Boulder
      email: damon.roberts-1@colorado.edu
  bibliography:
    - bibliography.bib
  

Rendering PDF
running lualatex - 1
  This is LuaHBTeX, Version 1.24.0 (TeX Live 2026) 
   restricted system commands enabled.
  
  luaotfload | db : Reload initiated (formats: otf,ttf,ttc); reason: Font "Helvetica Neue" not found.
updating tlmgr

updating existing packages
finding package for Helvetica\s*Neue(-(Bold|Italic|Regular).*)?[.](tfm|afm|mf|otf|ttf)
finding package for biblatex-dm.cfg
ERROR: 
compilation failed- no matching packages
Package fontspec Error: 
(fontspec)                The font "Helvetica Neue" cannot be found; this
(fontspec)                may be but usually is not a fontspec bug. Either
(fontspec)                there is a typo in the font name/file, the font is
(fontspec)                not installed (correctly), or there is a bug in
(fontspec)                the underlying font loading engine
(fontspec)                (XeTeX/luaotfload).

For immediate help type H <return>.
 ...                                              
                                                  
l.125 \makeatletter
                 


see example.log for more information.
WARN: Error encountered when rendering files
