Cloning into 'repo'...
Installing package into '/home/runner/work/quarto-extensions/quarto-extensions/test-8/R/x86_64-pc-linux-gnu-library/4.5'
(as 'lib' is unspecified)
trying URL 'https://packagemanager.posit.co/cran/__linux__/jammy/latest/src/contrib/renv_1.1.8.tar.gz'
Content type 'binary/octet-stream' length 2336300 bytes (2.2 MB)
==================================================
downloaded 2.2 MB

* installing *binary* package 'renv' ...
* DONE (renv)

The downloaded source packages are in
	'/tmp/Rtmp0WXy8n/downloaded_packages'
The R temporary directory appears to be within a folder mounted as 'noexec'.
Installation of R packages from sources may fail.
See the section **Note** within `?INSTALL` for more details.

tempdir(): /tmp/Rtmp0WXy8n
[1/4] index.qmd


processing file: index.qmd
1/5                  
2/5 [unnamed-chunk-1]
3/5                  
4/5 [unnamed-chunk-2]
Downloading cpython-3.12.13-linux-x86_64-gnu (download) (32.3MiB)
 Downloaded cpython-3.12.13-linux-x86_64-gnu (download)
Downloading numpy (15.9MiB)
 Downloaded numpy
Installed 1 package in 189ms
5/5                  
output file: index.knit.md

WARN: Unable to resolve link target: qsorting-hat-faq.qmd
[2/4] qsorting-hat-collapse.qmd


processing file: qsorting-hat-collapse.qmd
1/7                  
2/7 [unnamed-chunk-1]
3/7                  
4/7 [unnamed-chunk-2]
5/7                  
6/7 [unnamed-chunk-3]
running: bash  -c 'echo "Loading data..."'
7/7                  
output file: qsorting-hat-collapse.knit.md

WARN: Unable to resolve link target: qsorting-hat-faq.qmd
[3/4] qsorting-hat-release-notes.qmd
WARN: Unable to resolve link target: qsorting-hat-faq.qmd
[4/4] qsorting-hat-python-only.qmd


processing file: qsorting-hat-python-only.qmd
1/7                  
2/7 [unnamed-chunk-1]
3/7                  
4/7 [unnamed-chunk-2]
5/7                  
6/7 [unnamed-chunk-3]
running: bash  -c 'echo "Loading data..."'
7/7                  
output file: qsorting-hat-python-only.knit.md

WARN: Unable to resolve link target: qsorting-hat-faq.qmd

Output created: _site/index.html

