Cloning into 'repo'...
/usr/local/bin/tlmgr: open(>/opt/tinytex/tlpkg/texlive.tlpdb.tmp) failed: Permission denied at /opt/tinytex/tlpkg/TeXLive/TLPDB.pm line 611.
CTAN mirror https://ctan.math.utah.edu/ctan/tex-archive/systems/texlive/tlnet failed, trying next...
/usr/local/bin/tlmgr: open(>/opt/tinytex/tlpkg/texlive.tlpdb.tmp) failed: Permission denied at /opt/tinytex/tlpkg/TeXLive/TLPDB.pm line 611.
CTAN mirror https://ctan.math.illinois.edu/systems/texlive/tlnet failed, trying next...
/usr/local/bin/tlmgr: open(>/opt/tinytex/tlpkg/texlive.tlpdb.tmp) failed: Permission denied at /opt/tinytex/tlpkg/TeXLive/TLPDB.pm line 611.
CTAN mirror https://mirrors.rit.edu/CTAN/systems/texlive/tlnet failed, trying next...
/usr/local/bin/tlmgr: open(>/opt/tinytex/tlpkg/texlive.tlpdb.tmp) failed: Permission denied at /opt/tinytex/tlpkg/TeXLive/TLPDB.pm line 611.
CTAN mirror https://mirror.ctan.org/systems/texlive/tlnet failed, trying next...
All CTAN mirrors failed. LaTeX packages may not install.
[1/8] index.qmd

Starting python3 kernel...Done

Executing 'index.quarto_ipynb'

[2/8] qpyodide-acknowledgements.md
[3/8] qpyodide-release-notes.qmd
[4/8] qpyodide-first-steps.qmd

Starting python3 kernel...Done

Executing 'qpyodide-first-steps.quarto_ipynb'

[5/8] qpyodide-deployment-templates.qmd
[6/8] qpyodide-code-cell-demo.qmd

Starting python3 kernel...Done

Executing 'qpyodide-code-cell-demo.quarto_ipynb'

[7/8] qpyodide-dev-notes.qmd
[8/8] qpyodide-faq.qmd

Output created: _site/index.html

