

processing file: example-academic.qmd

1/23                   

2/23 [unnamed-chunk-1] 

3/23                   

4/23 [unnamed-chunk-2] 

5/23                   

6/23 [unnamed-chunk-3] 

7/23                   

8/23 [unnamed-chunk-4] 

9/23                   

10/23 [unnamed-chunk-5] 

11/23                   

12/23 [unnamed-chunk-6] 

13/23                   

14/23 [unnamed-chunk-7] 

15/23                   

16/23 [unnamed-chunk-8] 

Error in `library()`:
! there is no package called 'ggplot2'
Backtrace:
    x
 1. \-base::library(ggplot2)


Quitting from example-academic.qmd:256-266 [unnamed-chunk-8]

Execution halted

(WARN) Error encountered when rendering files

