

processing file: example_html.qmd

1/3                  

2/3 [unnamed-chunk-1]

3/3                  

output file: example_html.knit.md


pandoc 

  to: html
  output-file: example_html.html
  standalone: true
  self-contained: true
  section-divs: true
  html-math-method: mathjax
  wrap: none
  default-image-extension: png
  

metadata

  document-css: false
  link-citations: true
  lang: en
  title: bsicons Example
  author: Shafayet Khan Shafee
  date: last-modified
  date-format: DD MMM, YYYY
  

WARNING (/opt/quarto/share/filters/main.lua:22030) Shortcode 'bi' not found

WARNING (/opt/quarto/share/filters/main.lua:22030) Shortcode 'bi' not found
WARNING (/opt/quarto/share/filters/main.lua:22030) Shortcode 'bi' not found

WARNING (/opt/quarto/share/filters/main.lua:22030) Shortcode 'bi' not found

WARNING (/opt/quarto/share/filters/main.lua:22030) Shortcode 'bi' not found

WARNING (/opt/quarto/share/filters/main.lua:22030) Shortcode 'bi' not found

WARNING (/opt/quarto/share/filters/main.lua:22030) Shortcode 'bi' not found

WARNING (/opt/quarto/share/filters/main.lua:22030) Shortcode 'bi' not found

WARNING (/opt/quarto/share/filters/main.lua:22030) Shortcode 'bi' not found

WARNING (/opt/quarto/share/filters/main.lua:22030) Shortcode 'bi' not found

WARNING (/opt/quarto/share/filters/main.lua:22030) Shortcode 'bi' not found

WARNING (/opt/quarto/share/filters/main.lua:22030) Shortcode 'bi' not found

WARNING (/opt/quarto/share/filters/main.lua:22030) Shortcode 'bi' not found

WARNING (/opt/quarto/share/filters/main.lua:22030) Shortcode 'bi' not found

WARNING (/opt/quarto/share/filters/main.lua:22030) Shortcode 'bi' not found

WARNING (/opt/quarto/share/filters/main.lua:22030) Shortcode 'bi' not found
WARNING (/opt/quarto/share/filters/main.lua:22030) Shortcode 'bi' not found

WARNING (/opt/quarto/share/filters/main.lua:22030) Shortcode 'bi' not found

WARNING (/opt/quarto/share/filters/main.lua:22030) Shortcode 'bi' not found

WARNING (/opt/quarto/share/filters/main.lua:22030) Shortcode 'bi' not found

WARNING (/opt/quarto/share/filters/main.lua:22030) Shortcode 'bi' not found

Output created: example_html.html


