Cloning into 'repo'...


processing file: example_html.qmd
1/3                  
2/3 [unnamed-chunk-1]
3/3                  
output file: example_html.knit.md

pandoc 
  to: html
  output-file: example_html.html
  standalone: true
  self-contained: true
  section-divs: true
  html-math-method: mathjax
  wrap: none
  default-image-extension: png
  
metadata
  document-css: false
  link-citations: true
  lang: en
  title: bsicons Example
  author: Shafayet Khan Shafee
  date: last-modified
  date-format: DD MMM, YYYY
  
[33mWARNING (/opt/quarto/share/filters/main.lua:22030) Shortcode 'bi' not found
[39m[33mWARNING (/opt/quarto/share/filters/main.lua:22030) Shortcode 'bi' not found
[39m[33mWARNING (/opt/quarto/share/filters/main.lua:22030) Shortcode 'bi' not found
[39m[33mWARNING (/opt/quarto/share/filters/main.lua:22030) Shortcode 'bi' not found
[39m[33mWARNING (/opt/quarto/share/filters/main.lua:22030) Shortcode 'bi' not found
[39m[33mWARNING (/opt/quarto/share/filters/main.lua:22030) Shortcode 'bi' not found
[39m[33mWARNING (/opt/quarto/share/filters/main.lua:22030) Shortcode 'bi' not found
[39m[33mWARNING (/opt/quarto/share/filters/main.lua:22030) Shortcode 'bi' not found
[39m[33mWARNING (/opt/quarto/share/filters/main.lua:22030) Shortcode 'bi' not found
[39m[33mWARNING (/opt/quarto/share/filters/main.lua:22030) Shortcode 'bi' not found
[39m[33mWARNING (/opt/quarto/share/filters/main.lua:22030) Shortcode 'bi' not found
[39m[33mWARNING (/opt/quarto/share/filters/main.lua:22030) Shortcode 'bi' not found
[39m[33mWARNING (/opt/quarto/share/filters/main.lua:22030) Shortcode 'bi' not found
[39m[33mWARNING (/opt/quarto/share/filters/main.lua:22030) Shortcode 'bi' not found
[39m[33mWARNING (/opt/quarto/share/filters/main.lua:22030) Shortcode 'bi' not found
[39m[33mWARNING (/opt/quarto/share/filters/main.lua:22030) Shortcode 'bi' not found
[39m[33mWARNING (/opt/quarto/share/filters/main.lua:22030) Shortcode 'bi' not found
[39m[33mWARNING (/opt/quarto/share/filters/main.lua:22030) Shortcode 'bi' not found
[39m[33mWARNING (/opt/quarto/share/filters/main.lua:22030) Shortcode 'bi' not found
[39m[33mWARNING (/opt/quarto/share/filters/main.lua:22030) Shortcode 'bi' not found
[39m[33mWARNING (/opt/quarto/share/filters/main.lua:22030) Shortcode 'bi' not found
[39mOutput created: example_html.html



processing file: example.qmd
1/3                  
2/3 [unnamed-chunk-1]
3/3                  
output file: example.knit.md

pandoc 
  to: revealjs
  output-file: example.html
  standalone: true
  self-contained: true
  wrap: none
  default-image-extension: png
  html-math-method:
    method: mathjax
    url: >-
      https://cdn.jsdelivr.net/npm/mathjax@2.7.9/MathJax.js?config=TeX-AMS_HTML-full
  slide-level: 2
  
metadata
  link-citations: true
  width: 1050
  height: 700
  margin: 0.1
  center: false
  navigationMode: linear
  controlsLayout: edges
  controlsTutorial: false
  hash: true
  history: true
  hashOneBasedIndex: false
  fragmentInURL: false
  transition: none
  backgroundTransition: none
  pdfSeparateFragments: false
  lang: en
  auto-stretch: true
  title: bsicons Example
  author: Shafayet Khan Shafee
  date: last-modified
  date-format: DD MMM, YYYY
  
[33mWARNING (/opt/quarto/share/filters/main.lua:22030) Shortcode 'bi' not found
[39m[33mWARNING (/opt/quarto/share/filters/main.lua:22030) Shortcode 'bi' not found
[39m[33mWARNING (/opt/quarto/share/filters/main.lua:22030) Shortcode 'bi' not found
[39m[33mWARNING (/opt/quarto/share/filters/main.lua:22030) Shortcode 'bi' not found
[39m[33mWARNING (/opt/quarto/share/filters/main.lua:22030) Shortcode 'bi' not found
[39m[33mWARNING (/opt/quarto/share/filters/main.lua:22030) Shortcode 'bi' not found
[39m[33mWARNING (/opt/quarto/share/filters/main.lua:22030) Shortcode 'bi' not found
[39m[33mWARNING (/opt/quarto/share/filters/main.lua:22030) Shortcode 'bi' not found
[39m[33mWARNING (/opt/quarto/share/filters/main.lua:22030) Shortcode 'bi' not found
[39m[33mWARNING (/opt/quarto/share/filters/main.lua:22030) Shortcode 'bi' not found
[39m[33mWARNING (/opt/quarto/share/filters/main.lua:22030) Shortcode 'bi' not found
[39m[33mWARNING (/opt/quarto/share/filters/main.lua:22030) Shortcode 'bi' not found
[39m[33mWARNING (/opt/quarto/share/filters/main.lua:22030) Shortcode 'bi' not found
[39m[33mWARNING (/opt/quarto/share/filters/main.lua:22030) Shortcode 'bi' not found
[39m[33mWARNING (/opt/quarto/share/filters/main.lua:22030) Shortcode 'bi' not found
[39m[33mWARNING (/opt/quarto/share/filters/main.lua:22030) Shortcode 'bi' not found
[39m[33mWARNING (/opt/quarto/share/filters/main.lua:22030) Shortcode 'bi' not found
[39m[33mWARNING (/opt/quarto/share/filters/main.lua:22030) Shortcode 'bi' not found
[39m[33mWARNING (/opt/quarto/share/filters/main.lua:22030) Shortcode 'bi' not found
[39m[33mWARNING (/opt/quarto/share/filters/main.lua:22030) Shortcode 'bi' not found
[39m[33mWARNING (/opt/quarto/share/filters/main.lua:22030) Shortcode 'bi' not found
[39mOutput created: example.html

pandoc 
  to: html
  output-file: example_simpleicons.html
  standalone: true
  self-contained: true
  section-divs: true
  html-math-method: mathjax
  wrap: none
  default-image-extension: png
  
metadata
  document-css: false
  link-citations: true
  date-format: long
  lang: en
  title: simpleicons Example (HTML)
  
Error running filter /opt/quarto/share/filters/main.lua:
Could not fetch https://simpleicons.org/icons/slack.svg
HttpExceptionRequest Request {
  host                 = "simpleicons.org"
  port                 = 443
  secure               = True
  requestHeaders       = []
  path                 = "/icons/slack.svg"
  queryString          = ""
  method               = "GET"
  proxy                = Nothing
  rawBody              = False
  redirectCount        = 10
  responseTimeout      = ResponseTimeoutDefault
  requestVersion       = HTTP/1.1
  proxySecureMode      = ProxySecureWithConnect
}
 (StatusCodeException (Response {responseStatus = Status {statusCode = 404, statusMessage = "Not Found"}, responseVersion = HTTP/1.1, responseHeaders = [("Date","Sun, 12 Jul 2026 20:16:49 GMT"),("Content-Type","text/html; charset=utf-8"),("Transfer-Encoding","chunked"),("Connection","keep-alive"),("X-Content-Type-Options","nosniff"),("Report-To","{\"group\":\"cf-nel\",\"max_age\":604800,\"endpoints\":[{\"url\":\"https://a.nel.cloudflare.com/report/v4?s=QNPU5YUO6w87Hr1Kgl2BbrTCzY9mJdiIjolpXdDd1c8fNYtaz8%2F45QpS2TjVrZeTrSS2pBwS6SYg0nbPH4YIbwlx1Hi5I%2BVqEpaQLOg1qOBZUCYZr7fZP9sViwC8VaQ%2BlCg%3D\"}]}"),("Nel","{\"report_to\":\"cf-nel\",\"success_fraction\":0.0,\"max_age\":604800}"),("Access-Control-Allow-Origin","*"),("Cache-Control","no-store"),("Referrer-Policy","strict-origin-when-cross-origin"),("Speculation-Rules","\"/cdn-cgi/speculation\""),("Server-Timing","cfCacheStatus;desc=\"BYPASS\""),("Server-Timing","cfEdge;dur=9,cfOrigin;dur=42"),("Server","cloudflare"),("Cf-Cache-Status","BYPASS"),("Vary","accept-encoding"),("Content-Encoding","gzip"),("CF-RAY","a1a2ba5318bfe9e3-LAX"),("alt-svc","h3=\":443\"; ma=86400")], responseBody = (), responseCookieJar = CJ {expose = []}, responseClose' = ResponseClose, responseOriginalRequest = Request {
  host                 = "simpleicons.org"
  port                 = 443
  secure               = True
  requestHeaders       = []
  path                 = "/icons/slack.svg"
  queryString          = ""
  method               = "GET"
  proxy                = Nothing
  rawBody              = False
  redirectCount        = 10
  responseTimeout      = ResponseTimeoutDefault
  requestVersion       = HTTP/1.1
  proxySecureMode      = ProxySecureWithConnect
}
, responseEarlyHints = []}) "<!doctype html><script type=\"70e6d5f3660daf7da98276da-text/javascript\">const PATH=`404/`,params=new URL(window.location).searchParams.toString(),opts=params?`?${params}`:``;window.location=`https://simpleicons.org/404/${opts}`;</script><noscript><meta content=\"0; URL=https://simpleicons.org/404/\" http-equiv=refresh></head></noscript></html><script defer src=\"https://static.cloudflareinsights.com/beacon.min.js/v4513226cdae34746b4dedf0b4dfa099e1781791509496\" integrity=\"sha512-ZE9pZaUXND66v380QUtch/5sE9tPFh2zg45pR2PB0CVkCtOREv2AJKkSidISWkysEuQ0EH8faUU5du78bx87UQ==\" data-cf-beacon='{\"version\":\"2024.11.0\",\"token\":\"6119c6c2ff1c4ac59e73ca98c9a7d467\",\"r\":1,\"server_timing\":{\"name\":{\"cfCacheStatus\":true,\"cfEdge\":true,\"cfExtPri\":true,\"cfL4\":true,\"cfOrigin\":true,\"cfSpeedBrain\":true},\"location_startswith\":null}}' crossorigin=\"anonymous\"></script>\n<script src=\"/cdn-cgi/scripts/7d0fa10a/cloudflare-static/rocket-loader.min.js\" data-cf-settings=\"70e6d5f3660daf7da98276da-|49\" defer></script>")
stack traceback:
	...ons/test-15/repo/_extensions/simpleicons/simpleicons.lua:18: in function <...ons/test-15/repo/_extensions/simpleicons/simpleicons.lua:8>
	(...tail calls...)
	[string "if pandoc.system.os == "mingw32" then..."]:778: in function <[string "if pandoc.system.os == "mingw32" then..."]:776>
	(...tail calls...)
	/opt/quarto/share/filters/main.lua:21769: in upvalue 'handle_shortcode'
	/opt/quarto/share/filters/main.lua:21839: in local 'filter_fn'
	/opt/quarto/share/filters/main.lua:655: in function </opt/quarto/share/filters/main.lua:645>
	(...tail calls...)
	[C]: in ?
	[C]: in method 'walk'
	/opt/quarto/share/pandoc/datadir/_utils.lua:607: in function '_utils.walk'
	/opt/quarto/share/filters/main.lua:574: in function </opt/quarto/share/filters/main.lua:552>
	(...tail calls...)
	/opt/quarto/share/filters/main.lua:21894: in field 'Pandoc'
	/opt/quarto/share/filters/main.lua:588: in function 'run_emulated_filter'
	/opt/quarto/share/filters/main.lua:1317: in local 'callback'
	/opt/quarto/share/filters/main.lua:1335: in upvalue 'run_emulated_filter_chain'
	/opt/quarto/share/filters/main.lua:1371: in function </opt/quarto/share/filters/main.lua:1368>
stack traceback:
	/opt/quarto/share/pandoc/datadir/_utils.lua:607: in function '_utils.walk'
	/opt/quarto/share/filters/main.lua:574: in function </opt/quarto/share/filters/main.lua:552>
	(...tail calls...)
	/opt/quarto/share/filters/main.lua:21894: in field 'Pandoc'
	/opt/quarto/share/filters/main.lua:588: in function 'run_emulated_filter'
	/opt/quarto/share/filters/main.lua:1317: in local 'callback'
	/opt/quarto/share/filters/main.lua:1335: in upvalue 'run_emulated_filter_chain'
	/opt/quarto/share/filters/main.lua:1371: in function </opt/quarto/share/filters/main.lua:1368>
WARN: Error encountered when rendering files
Render failed, retrying once...
pandoc 
  to: html
  output-file: example_simpleicons.html
  standalone: true
  self-contained: true
  section-divs: true
  html-math-method: mathjax
  wrap: none
  default-image-extension: png
  
metadata
  document-css: false
  link-citations: true
  date-format: long
  lang: en
  title: simpleicons Example (HTML)
  
Error running filter /opt/quarto/share/filters/main.lua:
Could not fetch https://simpleicons.org/icons/slack.svg
HttpExceptionRequest Request {
  host                 = "simpleicons.org"
  port                 = 443
  secure               = True
  requestHeaders       = []
  path                 = "/icons/slack.svg"
  queryString          = ""
  method               = "GET"
  proxy                = Nothing
  rawBody              = False
  redirectCount        = 10
  responseTimeout      = ResponseTimeoutDefault
  requestVersion       = HTTP/1.1
  proxySecureMode      = ProxySecureWithConnect
}
 (StatusCodeException (Response {responseStatus = Status {statusCode = 404, statusMessage = "Not Found"}, responseVersion = HTTP/1.1, responseHeaders = [("Date","Sun, 12 Jul 2026 20:16:52 GMT"),("Content-Type","text/html; charset=utf-8"),("Transfer-Encoding","chunked"),("Connection","keep-alive"),("X-Content-Type-Options","nosniff"),("Report-To","{\"group\":\"cf-nel\",\"max_age\":604800,\"endpoints\":[{\"url\":\"https://a.nel.cloudflare.com/report/v4?s=guEPPAfDKYvievx2KYsljORTg1ypsQPABLb0BPsaC%2B2y0rGXbDo%2Fn7gte%2BTnqLKT%2BnTENu%2FWs8zmVI98g6og7SLXmTXz4EKnmXEajaeJkiAYmQgEKLNrffeQq1m27Y37vQo%3D\"}]}"),("Nel","{\"report_to\":\"cf-nel\",\"success_fraction\":0.0,\"max_age\":604800}"),("Access-Control-Allow-Origin","*"),("Cache-Control","no-store"),("Referrer-Policy","strict-origin-when-cross-origin"),("Speculation-Rules","\"/cdn-cgi/speculation\""),("Server-Timing","cfCacheStatus;desc=\"BYPASS\""),("Server-Timing","cfEdge;dur=5,cfOrigin;dur=13"),("Server","cloudflare"),("Cf-Cache-Status","BYPASS"),("Vary","accept-encoding"),("Content-Encoding","gzip"),("CF-RAY","a1a2ba659962e4ec-LAX"),("alt-svc","h3=\":443\"; ma=86400")], responseBody = (), responseCookieJar = CJ {expose = []}, responseClose' = ResponseClose, responseOriginalRequest = Request {
  host                 = "simpleicons.org"
  port                 = 443
  secure               = True
  requestHeaders       = []
  path                 = "/icons/slack.svg"
  queryString          = ""
  method               = "GET"
  proxy                = Nothing
  rawBody              = False
  redirectCount        = 10
  responseTimeout      = ResponseTimeoutDefault
  requestVersion       = HTTP/1.1
  proxySecureMode      = ProxySecureWithConnect
}
, responseEarlyHints = []}) "<!doctype html><script type=\"995cf43dfb211b01689faf7d-text/javascript\">const PATH=`404/`,params=new URL(window.location).searchParams.toString(),opts=params?`?${params}`:``;window.location=`https://simpleicons.org/404/${opts}`;</script><noscript><meta content=\"0; URL=https://simpleicons.org/404/\" http-equiv=refresh></head></noscript></html><script defer src=\"https://static.cloudflareinsights.com/beacon.min.js/v4513226cdae34746b4dedf0b4dfa099e1781791509496\" integrity=\"sha512-ZE9pZaUXND66v380QUtch/5sE9tPFh2zg45pR2PB0CVkCtOREv2AJKkSidISWkysEuQ0EH8faUU5du78bx87UQ==\" data-cf-beacon='{\"version\":\"2024.11.0\",\"token\":\"6119c6c2ff1c4ac59e73ca98c9a7d467\",\"r\":1,\"server_timing\":{\"name\":{\"cfCacheStatus\":true,\"cfEdge\":true,\"cfExtPri\":true,\"cfL4\":true,\"cfOrigin\":true,\"cfSpeedBrain\":true},\"location_startswith\":null}}' crossorigin=\"anonymous\"></script>\n<script src=\"/cdn-cgi/scripts/7d0fa10a/cloudflare-static/rocket-loader.min.js\" data-cf-settings=\"995cf43dfb211b01689faf7d-|49\" defer></script>")
stack traceback:
	...ons/test-15/repo/_extensions/simpleicons/simpleicons.lua:18: in function <...ons/test-15/repo/_extensions/simpleicons/simpleicons.lua:8>
	(...tail calls...)
	[string "if pandoc.system.os == "mingw32" then..."]:778: in function <[string "if pandoc.system.os == "mingw32" then..."]:776>
	(...tail calls...)
	/opt/quarto/share/filters/main.lua:21769: in upvalue 'handle_shortcode'
	/opt/quarto/share/filters/main.lua:21839: in local 'filter_fn'
	/opt/quarto/share/filters/main.lua:655: in function </opt/quarto/share/filters/main.lua:645>
	(...tail calls...)
	[C]: in ?
	[C]: in method 'walk'
	/opt/quarto/share/pandoc/datadir/_utils.lua:607: in function '_utils.walk'
	/opt/quarto/share/filters/main.lua:574: in function </opt/quarto/share/filters/main.lua:552>
	(...tail calls...)
	/opt/quarto/share/filters/main.lua:21894: in field 'Pandoc'
	/opt/quarto/share/filters/main.lua:588: in function 'run_emulated_filter'
	/opt/quarto/share/filters/main.lua:1317: in local 'callback'
	/opt/quarto/share/filters/main.lua:1335: in upvalue 'run_emulated_filter_chain'
	/opt/quarto/share/filters/main.lua:1371: in function </opt/quarto/share/filters/main.lua:1368>
stack traceback:
	/opt/quarto/share/pandoc/datadir/_utils.lua:607: in function '_utils.walk'
	/opt/quarto/share/filters/main.lua:574: in function </opt/quarto/share/filters/main.lua:552>
	(...tail calls...)
	/opt/quarto/share/filters/main.lua:21894: in field 'Pandoc'
	/opt/quarto/share/filters/main.lua:588: in function 'run_emulated_filter'
	/opt/quarto/share/filters/main.lua:1317: in local 'callback'
	/opt/quarto/share/filters/main.lua:1335: in upvalue 'run_emulated_filter_chain'
	/opt/quarto/share/filters/main.lua:1371: in function </opt/quarto/share/filters/main.lua:1368>
WARN: Error encountered when rendering files
