Cloning into 'repo'...
Installing package into '/home/runner/work/quarto-extensions/quarto-extensions/test-24/R/x86_64-pc-linux-gnu-library/4.6'
(as 'lib' is unspecified)
trying URL 'https://packagemanager.posit.co/cran/latest/src/contrib/renv_1.2.2.tar.gz'
Content type 'binary/octet-stream' length 1356485 bytes (1.3 MB)
==================================================
downloaded 1.3 MB

* installing *source* package 'renv' ...
** this is package 'renv' version '1.2.2'
** package 'renv' successfully unpacked and MD5 sums checked
** using staged installation
** R
** inst
** byte-compile and prepare package for lazy loading
** help
*** installing help indices
*** copying figures
** building package indices
** installing vignettes
** testing if installed package can be loaded from temporary location
** checking absolute paths in shared objects and dynamic libraries
** testing if installed package can be loaded from final location
** testing if installed package keeps a record of temporary installation path
* DONE (renv)

The downloaded source packages are in
	'/tmp/RtmpMift5T/downloaded_packages'
Installing packages into '/home/runner/work/quarto-extensions/quarto-extensions/test-24/R/x86_64-pc-linux-gnu-library/4.6'
(as 'lib' is unspecified)
also installing the dependencies 'fs', 'sass', 'sysfonts', 'showtextdb', 'bslib'

trying URL 'https://packagemanager.posit.co/cran/latest/src/contrib/fs_2.1.0.tar.gz'
trying URL 'https://packagemanager.posit.co/cran/latest/src/contrib/sass_0.4.10.tar.gz'
trying URL 'https://packagemanager.posit.co/cran/latest/src/contrib/sysfonts_0.8.9.tar.gz'
trying URL 'https://packagemanager.posit.co/cran/latest/src/contrib/showtextdb_3.0.tar.gz'
trying URL 'https://packagemanager.posit.co/cran/latest/src/contrib/bslib_0.10.0.tar.gz'
trying URL 'https://packagemanager.posit.co/cran/latest/src/contrib/showtext_0.9-8.tar.gz'
trying URL 'https://packagemanager.posit.co/cran/latest/src/contrib/rmarkdown_2.31.tar.gz'
* installing *source* package 'fs' ...
** this is package 'fs' version '2.1.0'
** package 'fs' successfully unpacked and MD5 sums checked
** using staged installation
Package libuv was not found in the pkg-config search path.
Perhaps you should add the directory containing `libuv.pc'
to the PKG_CONFIG_PATH environment variable
No package 'libuv' found
ERROR: configuration failed for package 'fs'
* removing '/home/runner/work/quarto-extensions/quarto-extensions/test-24/R/x86_64-pc-linux-gnu-library/4.6/fs'
* installing *source* package 'sysfonts' ...
** this is package 'sysfonts' version '0.8.9'
** package 'sysfonts' successfully unpacked and MD5 sums checked
** using staged installation
** libs
using C compiler: 'gcc (Ubuntu 11.4.0-1ubuntu1~22.04.3) 11.4.0'
installing to /home/runner/work/quarto-extensions/quarto-extensions/test-24/R/x86_64-pc-linux-gnu-library/4.6/00LOCK-sysfonts/00new/sysfonts/libs
** R
** inst
** byte-compile and prepare package for lazy loading
** help
*** installing help indices
** building package indices
** testing if installed package can be loaded from temporary location
** checking absolute paths in shared objects and dynamic libraries
** testing if installed package can be loaded from final location
** testing if installed package keeps a record of temporary installation path
* DONE (sysfonts)
ERROR: dependency 'fs' is not available for package 'sass'
Perhaps try a variation of:
install.packages('fs')
* removing '/home/runner/work/quarto-extensions/quarto-extensions/test-24/R/x86_64-pc-linux-gnu-library/4.6/sass'
* installing *source* package 'showtextdb' ...
** this is package 'showtextdb' version '3.0'
** package 'showtextdb' successfully unpacked and MD5 sums checked
** using staged installation
** R
** inst
** byte-compile and prepare package for lazy loading
** help
*** installing help indices
** building package indices
** testing if installed package can be loaded from temporary location
** testing if installed package can be loaded from final location
** testing if installed package keeps a record of temporary installation path
* DONE (showtextdb)
ERROR: dependency 'sass' is not available for package 'bslib'
Perhaps try a variation of:
install.packages('sass')
* removing '/home/runner/work/quarto-extensions/quarto-extensions/test-24/R/x86_64-pc-linux-gnu-library/4.6/bslib'
* installing *source* package 'showtext' ...
** this is package 'showtext' version '0.9-8'
** package 'showtext' successfully unpacked and MD5 sums checked
** using staged installation
** libs
using C compiler: 'gcc (Ubuntu 11.4.0-1ubuntu1~22.04.3) 11.4.0'
installing to /home/runner/work/quarto-extensions/quarto-extensions/test-24/R/x86_64-pc-linux-gnu-library/4.6/00LOCK-showtext/00new/showtext/libs
** R
** inst
** byte-compile and prepare package for lazy loading
** help
*** installing help indices
** building package indices
** installing vignettes
** testing if installed package can be loaded from temporary location
** checking absolute paths in shared objects and dynamic libraries
** testing if installed package can be loaded from final location
** testing if installed package keeps a record of temporary installation path
* DONE (showtext)
ERROR: dependency 'bslib' is not available for package 'rmarkdown'
Perhaps try a variation of:
install.packages('bslib')
* removing '/home/runner/work/quarto-extensions/quarto-extensions/test-24/R/x86_64-pc-linux-gnu-library/4.6/rmarkdown'

The downloaded source packages are in
	'/tmp/RtmpMift5T/downloaded_packages'
Warning messages:
1: In install.packages(deps, repos = ppm) :
  installation of package 'fs' had non-zero exit status
2: In install.packages(deps, repos = ppm) :
  installation of package 'sass' had non-zero exit status
3: In install.packages(deps, repos = ppm) :
  installation of package 'bslib' had non-zero exit status
4: In install.packages(deps, repos = ppm) :
  installation of package 'rmarkdown' had non-zero exit status
Error in loadNamespace(x) : there is no package called 'rmarkdown'
Calls: loadNamespace -> withRestarts -> withOneRestart -> doWithOneRestart
Execution halted
R installation:
  Version: 4.6.0
  Path: /opt/R/4.6.0/lib/R
  LibPaths:
    - /home/runner/work/quarto-extensions/quarto-extensions/test-24/R/x86_64-pc-linux-gnu-library/4.6
    - /opt/R/4.6.0/lib/R/library
  knitr: 1.51
  rmarkdown: (None)

The rmarkdown package is not available in this R installation.
Install with install.packages("rmarkdown")

WARN: Error encountered when rendering files
Render failed, retrying once...
Error in loadNamespace(x) : there is no package called 'rmarkdown'
Calls: loadNamespace -> withRestarts -> withOneRestart -> doWithOneRestart
Execution halted
R installation:
  Version: 4.6.0
  Path: /opt/R/4.6.0/lib/R
  LibPaths:
    - /home/runner/work/quarto-extensions/quarto-extensions/test-24/R/x86_64-pc-linux-gnu-library/4.6
    - /opt/R/4.6.0/lib/R/library
  knitr: 1.51
  rmarkdown: (None)

The rmarkdown package is not available in this R installation.
Install with install.packages("rmarkdown")

WARN: Error encountered when rendering files
