Cloning into 'repo'...
Installing package into '/home/runner/work/quarto-extensions/quarto-extensions/test-22/R/x86_64-pc-linux-gnu-library/4.5'
(as 'lib' is unspecified)
trying URL 'https://packagemanager.posit.co/cran/latest/src/contrib/renv_1.2.1.tar.gz'
Content type 'binary/octet-stream' length 1357218 bytes (1.3 MB)
==================================================
downloaded 1.3 MB

* installing *source* package 'renv' ...
** this is package 'renv' version '1.2.1'
** package 'renv' successfully unpacked and MD5 sums checked
** using staged installation
** R
** inst
** byte-compile and prepare package for lazy loading
** help
*** installing help indices
*** copying figures
** building package indices
** installing vignettes
** testing if installed package can be loaded from temporary location
** checking absolute paths in shared objects and dynamic libraries
** testing if installed package can be loaded from final location
** testing if installed package keeps a record of temporary installation path
* DONE (renv)

The downloaded source packages are in
	'/tmp/Rtmpg6TD7e/downloaded_packages'


processing file: template.qmd
1/5                  
2/5 [unnamed-chunk-1]
3/5                  
4/5 [unnamed-chunk-2]
5/5                  
output file: template.knit.md

pandoc 
  to: latex
  output-file: template.tex
  standalone: true
  pdf-engine: lualatex
  variables:
    graphics: true
    tables: true
  default-image-extension: pdf
  toc: false
  
metadata
  documentclass: scrartcl
  classoption:
    - DIV=11
    - numbers=noendperiod
  papersize: letter
  header-includes:
    - \KOMAoption{captions}{tableheading}
  block-headings: true
  code-block-bg: light
  linkcolor: highlight
  urlcolor: highlight
  engines:
    - path: /opt/quarto/share/extension-subtrees/julia-engine/_extensions/julia-engine/julia-engine.js
  title: Pretty PDFs with Quarto
  

Rendering PDF
running lualatex - 1
  This is LuaHBTeX, Version 1.24.0 (TeX Live 2026) 
   restricted system commands enabled.
  
updating tlmgr

updating existing packages
finding package for scrartcl.cls
> 1 package to install
> installing koma-script (1 of 1)
  This is LuaHBTeX, Version 1.24.0 (TeX Live 2026) 
   restricted system commands enabled.
  
  luaotfload | db : Font names database not found, generating new one.
  luaotfload | db : This can take several minutes; please be patient.
finding package for eso-pic.sty
> 1 package to install
> installing eso-pic (1 of 1)
  This is LuaHBTeX, Version 1.24.0 (TeX Live 2026) 
   restricted system commands enabled.
  
finding package for sectsty.sty
> 1 package to install
> installing sectsty (1 of 1)
  This is LuaHBTeX, Version 1.24.0 (TeX Live 2026) 
   restricted system commands enabled.
  
  luaotfload | db : Reload initiated (formats: otf,ttf,ttc); reason: File not found: "_extensions/nrennie/PrettyPDF/Ubuntu/Ubuntu-Regular.ttf".
finding package for Ubuntu-Regular(-(Bold|Italic|Regular).*)?[.](tfm|afm|mf|otf|ttf)
ERROR: 
compilation failed- no matching packages
Package fontspec Error: 
(fontspec)                The font "Ubuntu-Regular" cannot be found; this
(fontspec)                may be but usually is not a fontspec bug. Either
(fontspec)                there is a typo in the font name/file, the font is
(fontspec)                not installed (correctly), or there is a bug in
(fontspec)                the underlying font loading engine
(fontspec)                (XeTeX/luaotfload).

For immediate help type H <return>.
 ...                                              
                                                  
l.217     ]
         


see template.log for more information.
WARN: Error encountered when rendering files
Render failed, retrying once...


processing file: template.qmd
1/5                  
2/5 [unnamed-chunk-1]
3/5                  
4/5 [unnamed-chunk-2]
5/5                  
output file: template.knit.md

pandoc 
  to: latex
  output-file: template.tex
  standalone: true
  pdf-engine: lualatex
  variables:
    graphics: true
    tables: true
  default-image-extension: pdf
  toc: false
  
metadata
  documentclass: scrartcl
  classoption:
    - DIV=11
    - numbers=noendperiod
  papersize: letter
  header-includes:
    - \KOMAoption{captions}{tableheading}
  block-headings: true
  code-block-bg: light
  linkcolor: highlight
  urlcolor: highlight
  engines:
    - path: /opt/quarto/share/extension-subtrees/julia-engine/_extensions/julia-engine/julia-engine.js
  title: Pretty PDFs with Quarto
  

Rendering PDF
running lualatex - 1
  This is LuaHBTeX, Version 1.24.0 (TeX Live 2026) 
   restricted system commands enabled.
  
  luaotfload | db : Reload initiated (formats: otf,ttf,ttc); reason: File not found: "_extensions/nrennie/PrettyPDF/Ubuntu/Ubuntu-Regular.ttf".
updating tlmgr

updating existing packages
finding package for Ubuntu-Regular(-(Bold|Italic|Regular).*)?[.](tfm|afm|mf|otf|ttf)
ERROR: 
compilation failed- no matching packages
Package fontspec Error: 
(fontspec)                The font "Ubuntu-Regular" cannot be found; this
(fontspec)                may be but usually is not a fontspec bug. Either
(fontspec)                there is a typo in the font name/file, the font is
(fontspec)                not installed (correctly), or there is a bug in
(fontspec)                the underlying font loading engine
(fontspec)                (XeTeX/luaotfload).

For immediate help type H <return>.
 ...                                              
                                                  
l.217     ]
         


see template.log for more information.
WARN: Error encountered when rendering files
