pandoc 

  to: html
  output-file: example.html
  standalone: true
  section-divs: true
  html-math-method: mathjax
  wrap: none
  default-image-extension: png
  variables: {}
  

metadata

  document-css: false
  link-citations: true
  date-format: long
  lang: en
  engines:
    - path: /opt/quarto/share/extension-subtrees/julia-engine/_extensions/julia-engine/julia-engine.js
  title: Quarto-svgbob Example
  

Error running 
filter /opt/quarto/share/filters/main.lua:
svgbob: createProcess: posix_spawnp: does not exist (No such file or directory)
stack traceback:
	...test-18/repo/_extensions/quarto-svgbob/quarto-svgbob.lua:27: i
n local 'render_cmd'
	...test-18/repo/_extensions/quarto-svgbob/quarto-svgb
ob.lu
a:43: in global 'Render'
	...test-18/repo/_extensions/qua
rto-svgbob/quarto-svgbob.lua:64: in function <...test-18
/repo/_extensions/quarto-svgbob/quarto-svgbob.lu
a:63>
	[C]: in ?
	[C]: in method 'walk'
	
/opt/quarto/share/pandoc/datadir/_utils.
lua:607: in function '_utils.walk'
	/opt/quarto/share/fil
ter
s/mai
n.lua:574: in local 'checked_walk'
	/opt/quarto/shar
e/filters/main.lua:629: in fu
nction 'run_emulated_filter
'
	/opt/quarto/share/filters
/main.lua:1317: in local 'c
allback'
	[string "if pan
doc.system.os == "mingw32"
 then..."]:778: in field '
withScriptFile'

	/opt/quarto/share/filters/m
ain.lua:1333: in upvalue 
'run_emulated_filter_chai
n'
	/opt/quarto/share/fil
ters/main.lua:1371: in fun
ction </opt/quarto/share/filter
s/main.lua:1368>
stack tr
aceback:
	/opt/quarto/sha
re/pandoc/datadir/_utils.lua:60
7: in function '_utils.wa
lk'
	/opt/quarto/share/fi
lters/main.lua:574: in l
ocal 'checked_walk'
	/opt
/quarto/share/filters/mai
n.lua:629: in function 'run_emulated
_filter'
	/opt/quarto/share
/filters/main.lua:1317: in loca
l 'callback'
	[string "if pandoc.s
ystem.os == "mingw32" the
n..."]:778: in field 'wi
thScriptFile'
	/opt/quarto/sha
re/filters/main.lua:1333:
 in upvalue 'run_emulated
_filter_chain'
	/opt/qua
rto/share/filters/main.l
ua:1371: in function </o
pt/quarto/share/filters/ma
in.lua:1368>

(WARN) Error encountered when rendering files

