Cloning into 'repo'...
Installing package into '/home/runner/work/quarto-extensions/quarto-extensions/test-9/R/x86_64-pc-linux-gnu-library/4.5'
(as 'lib' is unspecified)
trying URL 'https://packagemanager.posit.co/cran/__linux__/jammy/latest/src/contrib/renv_1.1.8.tar.gz'
Content type 'binary/octet-stream' length 2336300 bytes (2.2 MB)
==================================================
downloaded 2.2 MB

* installing *binary* package 'renv' ...
* DONE (renv)

The downloaded source packages are in
	'/tmp/Rtmp4NMdgI/downloaded_packages'
The R temporary directory appears to be within a folder mounted as 'noexec'.
Installation of R packages from sources may fail.
See the section **Note** within `?INSTALL` for more details.

tempdir(): /tmp/Rtmp4NMdgI
[1/6] index.qmd
[2/6] demos/template-pdf-lor.qmd


processing file: template-pdf-lor.qmd
1/1
output file: template-pdf-lor.knit.md


Rendering PDF
running lualatex - 1
  This is LuaHBTeX, Version 1.24.0 (TeX Live 2026) 
   restricted system commands enabled.
  
updating tlmgr

updating existing packages
finding package for newlfm.cls
> 1 package to install
> installing newlfm (1 of 1)
  This is LuaHBTeX, Version 1.24.0 (TeX Live 2026) 
   restricted system commands enabled.
  
finding package for eso-pic.sty
> 1 package to install
> installing eso-pic (1 of 1)
  This is LuaHBTeX, Version 1.24.0 (TeX Live 2026) 
   restricted system commands enabled.
  
finding package for setspace.sty
> 1 package to install
> installing setspace (1 of 1)
  This is LuaHBTeX, Version 1.24.0 (TeX Live 2026) 
   restricted system commands enabled.
  
finding package for lastpage.sty
> 1 package to install
> installing lastpage (1 of 1)
  This is LuaHBTeX, Version 1.24.0 (TeX Live 2026) 
   restricted system commands enabled.
  
  luaotfload | db : Font names database not found, generating new one.
  luaotfload | db : This can take several minutes; please be patient.
finding package for bbding.sty
> 1 package to install
> installing bbding (1 of 1)
  This is LuaHBTeX, Version 1.24.0 (TeX Live 2026) 
   restricted system commands enabled.
  
running lualatex - 2
  This is LuaHBTeX, Version 1.24.0 (TeX Live 2026) 
   restricted system commands enabled.
  

[3/6] demos/template-beamer.qmd

Rendering PDF
running lualatex - 1
  This is LuaHBTeX, Version 1.24.0 (TeX Live 2026) 
   restricted system commands enabled.
  
updating tlmgr

updating existing packages
finding package for units.sty
> 1 package to install
> installing units (1 of 1)
  This is LuaHBTeX, Version 1.24.0 (TeX Live 2026) 
   restricted system commands enabled.
  
finding package for physics.sty
> 1 package to install
> installing physics (1 of 1)
  This is LuaHBTeX, Version 1.24.0 (TeX Live 2026) 
   restricted system commands enabled.
  
finding package for _extensions/coatless-quarto/stanford/beamer/beamerthemeStanford.sty
ERROR: 
compilation failed- no matching packages
LaTeX Error: File `_extensions/coatless-quarto/stanford/beamer/beamerthemeStanford.sty' not found.

Type X to quit or <RETURN> to proceed,
or enter new name. (Default extension: sty)

Enter file name: 
! Emergency stop.
<read *> 
   
l.205 \usetheme{Stanford}
                       


see /home/runner/work/quarto-extensions/quarto-extensions/test-9/repo/docs/demos/template-beamer.log for more information.
WARN: Error encountered when rendering files
Render failed, retrying once...
[1/6] index.qmd
[2/6] demos/template-pdf-lor.qmd


processing file: template-pdf-lor.qmd
1/1
output file: template-pdf-lor.knit.md


Rendering PDF
running lualatex - 1
  This is LuaHBTeX, Version 1.24.0 (TeX Live 2026) 
   restricted system commands enabled.
  
running lualatex - 2
  This is LuaHBTeX, Version 1.24.0 (TeX Live 2026) 
   restricted system commands enabled.
  

[3/6] demos/template-beamer.qmd

Rendering PDF
running lualatex - 1
  This is LuaHBTeX, Version 1.24.0 (TeX Live 2026) 
   restricted system commands enabled.
  
updating tlmgr

updating existing packages
finding package for _extensions/coatless-quarto/stanford/beamer/beamerthemeStanford.sty
ERROR: 
compilation failed- no matching packages
LaTeX Error: File `_extensions/coatless-quarto/stanford/beamer/beamerthemeStanford.sty' not found.

Type X to quit or <RETURN> to proceed,
or enter new name. (Default extension: sty)

Enter file name: 
! Emergency stop.
<read *> 
   
l.205 \usetheme{Stanford}
                       


see /home/runner/work/quarto-extensions/quarto-extensions/test-9/repo/docs/demos/template-beamer.log for more information.
WARN: Error encountered when rendering files
