Error running fil
ter /opt/quarto/share/filters/main.lua:
Cannot get Attr from TypeNil
stack traceback:
	/opt/quarto/share/filters/main.lua:21822: in function </opt/quarto/share/filters/main.lua:21790>
	[C]: in function 'lpeg.match'
	/opt/quarto/share/pandoc/datadir/lpegshortcode.lua:308: in function 'lpegshortcode.wrap_lpeg_match'
	/opt/quarto/share/filters/main.lua:21826: in upvalue 'apply_code_shortcode'
	/opt/quarto/share/filters/main.lua:21863: in function </opt/quarto/share/filters/main.lua:21850>
	[C]: in ?
	[C]: in method 'walk'
	/opt/
quarto/share/pandoc/datadir/_utils.lua:607: in functio
n '_utils.walk'
	/opt/quarto/share/filters/main.lu
a:574: in function </opt/quarto/share/filters/mai
n.lua:552>
	(...tail calls...)
	/opt/quarto/share/
filters/main.lua:21879: in field
 'Pandoc'
	/opt/quarto/sha
re/filters/main.lua:588: in funct
ion 'run_emulated_filter'
	/opt/quarto/share/filters/mai
n.lua:1317: in local 'callback'
	/
opt/quarto/share/filte
rs/main.lua:1335: 
in upvalue 'run_e
mulated_filter_c
hain'
	/opt/quart
o/share/filter
s/main.lua:1371: in func
tion </opt/quarto
/share/filters/
main.lua:1368>
s
tack traceback:

	/opt/quarto/sh
are/pandoc/datad
ir/_utils.lua:607
: in function '
_utils.walk'
	/op
t/quarto/share/f
ilters/main.lua
:574: in functio
n </opt/quarto/s
hare/filters/mai
n.lua:552>
	(..
.tail calls...)

	/opt/quarto/sha
re/filters/main
.lua:21879: in 
field 'Pandoc'
	/opt
/quarto/share/fil
ters/main.lua:5
88: in function 
'run_emulated_f
ilter'
	/opt/qua
rto/share/filter
s/main.lua:1317
: in local 'call
back'
	/opt/qua
rto/share/filters/main.lua:1335:
 in upvalue 'run_
emulated_filter_
chain'
	/opt/qua
rto/share/filter
s/main.lua:1371
: in function </opt/q
uarto/share/filter
s/main.lua:1368>

(WARN) Error encountered when rendering files

