Cloning into 'repo'...
/usr/local/bin/tlmgr: open(>/opt/tinytex/tlpkg/texlive.tlpdb.tmp) failed: Permission denied at /opt/tinytex/tlpkg/TeXLive/TLPDB.pm line 611.
CTAN mirror https://ctan.math.utah.edu/ctan/tex-archive/systems/texlive/tlnet failed, trying next...
/usr/local/bin/tlmgr: open(>/opt/tinytex/tlpkg/texlive.tlpdb.tmp) failed: Permission denied at /opt/tinytex/tlpkg/TeXLive/TLPDB.pm line 611.
CTAN mirror https://ctan.math.illinois.edu/systems/texlive/tlnet failed, trying next...
/usr/local/bin/tlmgr: open(>/opt/tinytex/tlpkg/texlive.tlpdb.tmp) failed: Permission denied at /opt/tinytex/tlpkg/TeXLive/TLPDB.pm line 611.
CTAN mirror https://mirrors.rit.edu/CTAN/systems/texlive/tlnet failed, trying next...
/usr/local/bin/tlmgr: open(>/opt/tinytex/tlpkg/texlive.tlpdb.tmp) failed: Permission denied at /opt/tinytex/tlpkg/TeXLive/TLPDB.pm line 611.
CTAN mirror https://mirror.ctan.org/systems/texlive/tlnet failed, trying next...
All CTAN mirrors failed. LaTeX packages may not install.
pandoc 
  to: latex
  output-file: template.tex
  standalone: true
  pdf-engine: xelatex
  variables:
    graphics: true
    tables: true
  default-image-extension: pdf
  reference-location: margin
  
metadata
  block-headings: true
  documentclass: scrartcl
  classoption:
    - oneside
    - numbers=noendperiod
    - DIV=11
    - a4paper
  geometry:
    - left=1in
    - marginparwidth=2.0666666666667in
    - textwidth=4.1333333333333in
    - marginparsep=0.3in
  engines:
    - path: /opt/quarto/share/extension-subtrees/julia-engine/_extensions/julia-engine/julia-engine.js
  title: Title
  subtitle: Notes on...
  author: Nelson Areal
  date: '2023-12-24'
  citation-location: margin
  coursename: Course name
  academicyear: 2022/2023
  degree: 'Undergratuate degree in '
  university: University of Minho
  school: School of Economics and Management
  

Rendering PDF
running xelatex - 1
  This is XeTeX, Version 3.141592653-2.6-0.999998 (TeX Live 2026) (preloaded format=xelatex)
   restricted \write18 enabled.
  entering extended mode
  
updating tlmgr

updating existing packages
finding package for scrartcl.cls
> 1 package to install
> installing koma-script (1 of 1)
WARN: Error encountered when rendering files
ERROR: tlmgr returned a non zero status code
You don't have permission to change the installation in any way,
specifically, the directory /opt/tinytex/tlpkg/ is not writable.
Please run this program as administrator, or contact your local admin.
tlmgr: An error has occurred. See above messages. Exiting.


Stack trace:
    at renderFiles (file:///opt/quarto/bin/quarto.js:136526:49)
    at eventLoopTick (ext:core/01_core.js:179:7)
    at async render (file:///opt/quarto/bin/quarto.js:142154:19)
    at async _Command.actionHandler (file:///opt/quarto/bin/quarto.js:142399:24)
    at async _Command.execute (file:///opt/quarto/bin/quarto.js:102022:7)
    at async _Command.parseCommand (file:///opt/quarto/bin/quarto.js:101899:14)
    at async quarto4 (file:///opt/quarto/bin/quarto.js:187547:5)
    at async file:///opt/quarto/bin/quarto.js:187575:5
    at async file:///opt/quarto/bin/quarto.js:187430:14
    at async mainRunner (file:///opt/quarto/bin/quarto.js:187432:5)
    at async file:///opt/quarto/bin/quarto.js:187568:3
Render failed, retrying once...
pandoc 
  to: latex
  output-file: template.tex
  standalone: true
  pdf-engine: xelatex
  variables:
    graphics: true
    tables: true
  default-image-extension: pdf
  reference-location: margin
  
metadata
  block-headings: true
  documentclass: scrartcl
  classoption:
    - oneside
    - numbers=noendperiod
    - DIV=11
    - a4paper
  geometry:
    - left=1in
    - marginparwidth=2.0666666666667in
    - textwidth=4.1333333333333in
    - marginparsep=0.3in
  engines:
    - path: /opt/quarto/share/extension-subtrees/julia-engine/_extensions/julia-engine/julia-engine.js
  title: Title
  subtitle: Notes on...
  author: Nelson Areal
  date: '2023-12-24'
  citation-location: margin
  coursename: Course name
  academicyear: 2022/2023
  degree: 'Undergratuate degree in '
  university: University of Minho
  school: School of Economics and Management
  

Rendering PDF
running xelatex - 1
  This is XeTeX, Version 3.141592653-2.6-0.999998 (TeX Live 2026) (preloaded format=xelatex)
   restricted \write18 enabled.
  entering extended mode
  
updating tlmgr

updating existing packages
finding package for scrartcl.cls
> 1 package to install
> installing koma-script (1 of 1)
WARN: Error encountered when rendering files
ERROR: tlmgr returned a non zero status code
You don't have permission to change the installation in any way,
specifically, the directory /opt/tinytex/tlpkg/ is not writable.
Please run this program as administrator, or contact your local admin.
tlmgr: An error has occurred. See above messages. Exiting.


Stack trace:
    at renderFiles (file:///opt/quarto/bin/quarto.js:136526:49)
    at eventLoopTick (ext:core/01_core.js:179:7)
    at async render (file:///opt/quarto/bin/quarto.js:142154:19)
    at async _Command.actionHandler (file:///opt/quarto/bin/quarto.js:142399:24)
    at async _Command.execute (file:///opt/quarto/bin/quarto.js:102022:7)
    at async _Command.parseCommand (file:///opt/quarto/bin/quarto.js:101899:14)
    at async quarto4 (file:///opt/quarto/bin/quarto.js:187547:5)
    at async file:///opt/quarto/bin/quarto.js:187575:5
    at async file:///opt/quarto/bin/quarto.js:187430:14
    at async mainRunner (file:///opt/quarto/bin/quarto.js:187432:5)
    at async file:///opt/quarto/bin/quarto.js:187568:3
