Cloning into 'repo'...
Installing package into '/home/runner/work/quarto-extensions/quarto-extensions/test-3/R/x86_64-pc-linux-gnu-library/4.5'
(as 'lib' is unspecified)
trying URL 'https://packagemanager.posit.co/cran/latest/src/contrib/renv_1.2.1.tar.gz'
Content type 'binary/octet-stream' length 1357218 bytes (1.3 MB)
==================================================
downloaded 1.3 MB

* installing *source* package 'renv' ...
** this is package 'renv' version '1.2.1'
** package 'renv' successfully unpacked and MD5 sums checked
** using staged installation
** R
** inst
** byte-compile and prepare package for lazy loading
** help
*** installing help indices
*** copying figures
** building package indices
** installing vignettes
** testing if installed package can be loaded from temporary location
** checking absolute paths in shared objects and dynamic libraries
** testing if installed package can be loaded from final location
** testing if installed package keeps a record of temporary installation path
* DONE (renv)

The downloaded source packages are in
	'/tmp/RtmpY5zHNN/downloaded_packages'


processing file: index.qmd
1/27                   
2/27 [unnamed-chunk-1] 
3/27                   
4/27 [unnamed-chunk-2] 
5/27                   
6/27 [unnamed-chunk-3] 
7/27                   
8/27 [unnamed-chunk-4] 
9/27                   
10/27 [unnamed-chunk-5] 
11/27                   
12/27 [unnamed-chunk-6] 
13/27                   
14/27 [unnamed-chunk-7] 
15/27                   
16/27 [unnamed-chunk-8] 
17/27                   
18/27 [unnamed-chunk-9] 
19/27                   
20/27 [unnamed-chunk-10]
21/27                   
22/27 [unnamed-chunk-11]
23/27                   
24/27 [unnamed-chunk-12]
25/27                   
26/27 [unnamed-chunk-13]
27/27                   
output file: index.knit.md

pandoc 
  to: revealjs
  output-file: index.html
  standalone: true
  wrap: none
  default-image-extension: png
  html-math-method:
    method: mathjax
    url: >-
      https://cdn.jsdelivr.net/npm/mathjax@2.7.9/MathJax.js?config=TeX-AMS_HTML-full
  slide-level: 2
  variables: {}
  
metadata
  link-citations: true
  width: 1050
  height: 700
  margin: 0.1
  center: false
  navigationMode: linear
  controlsLayout: edges
  controlsTutorial: false
  hash: true
  history: true
  hashOneBasedIndex: false
  fragmentInURL: false
  transition: none
  backgroundTransition: none
  pdfSeparateFragments: false
  lang: en
  auto-stretch: true
  engines:
    - path: /opt/quarto/share/extension-subtrees/julia-engine/_extensions/julia-engine/julia-engine.js
  title: Detective Example
  revealjs-plugins:
    - detective
  theme: custom.scss
  slideNumber: true
  
Output created: _slides/index.html

