pandoc 

  to: revealjs
  output-file: preview-colour-revealjs.html
  standalone: true
  embed-resources: true
  wrap: none
  default-image-extension: png
  html-math-method:
    method: mathjax
    url: >-
      https://cdn.jsdelivr.net/npm/mathjax@2.7.9/MathJax.js?config=TeX-AMS_HTML-full
  slide-level: 2
  shift-heading-level-by: -1
  variables: {}
  

metadata

  link-citations: true
  width: 1050
  height: 700
  margin: 0.1
  center: false
  navigationMode: linear
  controlsLayout: edges
  controlsTutorial: false
  hash: true
  history: true
  hashOneBasedIndex: false
  fragmentInURL: false
  transition: none
  backgroundTransition: none
  pdfSeparateFragments: false
  lang: en
  auto-stretch: true
  engines:
    - path: /opt/quarto/share/extension-subtrees/julia-engine/_extensions/julia-engine/julia-engine.js
  title: Preview Colour Example
  subtitle: Quarto Extension
  author:
    - name: Mickaël CANOUIL, _Ph.D._
      orcid: 0000-0002-3396-4549
      url: https://mickael.canouil.fr
  extensions:
    preview-colour:
      code: true
      text: true
      glyph:
        default: ●
        html: '&#9673;'
        latex: \\textbullet
        typst: ◉
        docx: ●
        pptx: ●
  

ERROR (/home/runner/work/quarto-extensions/quarto-extensions/test-17/repo/_extensions/preview-colour/_modules/colour.lua:141) Unsupported colour format: named
ERROR (/home/runner/work/quarto-extensions/quarto-extensions/test-17/repo/_extensions/preview-colour/_modules/colour.lua:141) Unsupported colour format: named
ERROR (/home/runner/work/quarto-extensions/quarto-extensions/test-17/repo/_extensions/preview-colour/_modules/colour.lua:141) Unsupported colour format: named

ERROR (/home/runner/work/quarto-extensions/quarto-extensions/test-17/repo/_extensions/preview-colour/_modules/colour.lua:141) Unsupported colour format: named
ERROR (/home/runner/work/quarto-extensions/quarto-extensions/test-17/repo/_extensions/preview-colour/_modules/colour.lua:141) Unsupported colour format: named
ERROR (/home/runner/work/quarto-extensions/quarto-extensions/test-17/repo/_extensions/preview-colour/_modules/colour.lua:141) Unsupported colour format: named
ERROR (/home/runner/work/quarto-extensions/quarto-extensions/test-17/repo/_extensions/preview-colour/_modules/colour.lua:141) Unsupported colour format: named
ERROR (/home/runner/work/quarto-extensions/quarto-extensions/test-17/repo/_extensions/preview-colour/_modules/colour.lua:141) Unsupported colour format: named
ERROR (/home/runner/work/quarto-extensions/quarto-extensions/test-17/repo/_extensions/preview-colour/_modules/colour.lua:141) Unsupported colour format: named
ERROR (/home/runner/work/quarto-extensions/quarto-extensions/test-17/repo/_extensions/preview-colour/_modules/colour.lua:141) Unsupported colour format: named
ERROR (/home/runner/work/quarto-extensions/quarto-extensions/test-17/repo/_extensions/preview-colour/_modules/colour.lua:141) Unsupported colour format: named
ERROR (/home/runner/work/quarto-extensions/quarto-extensions/test-17/repo/_extensions/preview-colour/_modules/colour.lua:141) Unsupported colour format: named
ERROR (/home/runner/work/quarto-extensions/quarto-extensions/test-17/repo/_extensions/preview-colour/_modules/colour.lua:141) Unsupported colour format: named
ERROR (/home/runner/work/quarto-extensions/quarto-extensions/test-17/repo/_extensions/preview-colour/_modules/colour.lua:141) Unsupported colour format: named
ERROR (/home/runner/work/quarto-extensions/quarto-extensions/test-17/repo/_extensions/preview-colour/_modules/colour.lua:141) Unsupported colour format: named
ERROR (/home/runner/work/quarto-extensions/quarto-extensions/test-17/repo/_extensions/preview-colour/_modules/colour.lua:141) Unsupported colour format: named
ERROR (/home/runner/work/quarto-extensions/quarto-extensions/test-17/repo/_extensions/preview-colour/_modules/colour.lua:141) Unsupported colour format: named
ERROR (/home/runner/work/quarto-extensions/quarto-extensions/test-17/repo/_extensions/preview-colour/_modules/colour.lua:141) Unsupported colour format: named
ERROR (/home/runner/work/quarto-extensions/quarto-extensions/test-17/repo/_extensions/preview-colour/_modules/colour.lua:141) Unsupported colour format: named
ERROR (/home/runner/work/quarto-extensions/quarto-extensions/test-17/repo/_extensions/preview-colour/_modules/colour.lua:141) Unsupported colour format: named
ERROR (/home/runner/work/quarto-extensions/quarto-extensions/test-17/repo/_extensions/preview-colour/_modules/colour.lua:141) Unsupported colour format: named
ERROR (/home/runner/work/quarto-extensions/quarto-extensions/test-17/repo/_extensions/preview-colour/_modules/colour.lua:141) Unsupported colour format: named
ERROR (/home/runner/work/quarto-extensions/quarto-extensions/test-17/repo/_extensions/preview-colour/_modules/colour.lua:141) Unsupported colour format: named
ERROR (/home/runner/work/quarto-extensions/quarto-extensions/test-17/repo/_extensions/preview-colour/_modules/colour.lua:141) Unsupported colour format: named
ERROR (/home/runner/work/quarto-extensions/quarto-extensions/test-17/repo/_extensions/preview-colour/_modules/colour.lua:141) Unsupported colour format: named
ERROR (/home/runner/work/quarto-extensions/quarto-extensions/test-17/repo/_extensions/preview-colour/_modules/colour.lua:141) Unsupported colour format: named
ERROR (/home/runner/work/quarto-extensions/quarto-extensions/test-17/repo/_extensions/preview-colour/_modules/colour.lua:141) Unsupported colour format: named
ERROR (/home/runner/work/quarto-extensions/quarto-extensions/test-17/repo/_extensions/preview-colour/_modules/colour.lua:141) Unsupported colour format: named
ERROR (/home/runner/work/quarto-extensions/quarto-extensions/test-17/repo/_extensions/preview-colour/_modules/colour.lua:141) Unsupported colour format: named
ERROR (/home/runner/work/quarto-extensions/quarto-extensions/test-17/repo/_extensions/preview-colour/_modules/colour.lua:141) Unsupported colour format: named

ERROR (/home/runner/work/quarto-extensions/quarto-extensions/test-17/repo/_extensions/preview-colour/_modules/colour.lua:141) Unsupported colour format: named
ERROR (/home/runner/work/quarto-extensions/quarto-extensions/test-17/repo/_extensions/preview-colour/_modules/colour.lua:141) Unsupported colour format: named
ERROR (/home/runner/work/quarto-extensions/quarto-extensions/test-17/repo/_extensions/preview-colour/_modules/colour.lua:141) Unsupported colour format: named
ERROR (/home/runner/work/quarto-extensions/quarto-extensions/test-17/repo/_extensions/preview-colour/_modules/colour.lua:141) Unsupported colour format: named
ERROR (/home/runner/work/quarto-extensions/quarto-extensions/test-17/repo/_extensions/preview-colour/_modules/colour.lua:141) Unsupported colour format: named
ERROR (/home/runner/work/quarto-extensions/quarto-extensions/test-17/repo/_extensions/preview-colour/_modules/colour.lua:141) Unsupported colour format: named
ERROR (/home/runner/work/quarto-extensions/quarto-extensions/test-17/repo/_extensions/preview-colour/_modules/colour.lua:141) Unsupported colour format: named
ERROR (/home/runner/work/quarto-extensions/quarto-extensions/test-17/repo/_extensions/preview-colour/_modules/colour.lua:141) Unsupported colour format: named
ERROR (/home/runner/work/quarto-extensions/quarto-extensions/test-17/repo/_extensions/preview-colour/_modules/colour.lua:141) Unsupported colour format: named
ERROR (/home/runner/work/quarto-extensions/quarto-extensions/test-17/repo/_extensions/preview-colour/_modules/colour.lua:141) Unsupported colour format: named
ERROR (/home/runner/work/quarto-extensions/quarto-extensions/test-17/repo/_extensions/preview-colour/_modules/colour.lua:141) Unsupported colour format: named
ERROR (/home/runner/work/quarto-extensions/quarto-extensions/test-17/repo/_extensions/preview-colour/_modules/colour.lua:141) Unsupported colour format: named
ERROR (/home/runner/work/quarto-extensions/quarto-extensions/test-17/repo/_extensions/preview-colour/_modules/colour.lua:141) Unsupported colour format: named
ERROR (/home/runner/work/quarto-extensions/quarto-extensions/test-17/repo/_extensions/preview-colour/_modules/colour.lua:141) Unsupported colour format: named
ERROR (/home/runner/work/quarto-extensions/quarto-extensions/test-17/repo/_extensions/preview-colour/_modules/colour.lua:141) Unsupported colour format: named
ERROR (/home/runner/work/quarto-extensions/quarto-extensions/test-17/repo/_extensions/preview-colour/_modules/colour.lua:141) Unsupported colour format: named
ERROR (/home/runner/work/quarto-extensions/quarto-extensions/test-17/repo/_extensions/preview-colour/_modules/colour.lua:141) Unsupported colour format: named
ERROR (/home/runner/work/quarto-extensions/quarto-extensions/test-17/repo/_extensions/preview-colour/_modules/colour.lua:141) Unsupported colour format: named

ERROR (/home/runner/work/quarto-extensions/quarto-extensions/test-17/repo/_extensions/preview-colour/_modules/colour.lua:141) Unsupported colour format: named
ERROR (/home/runner/work/quarto-extensions/quarto-extensions/test-17/repo/_extensions/preview-colour/_modules/colour.lua:141) Unsupported colour format: named

ERROR (/home/runner/work/quarto-extensions/quarto-extensions/test-17/repo/_extensions/preview-colour/_modules/colour.lua:141) Unsupported colour format: named
ERROR (/home/runner/work/quarto-extensions/quarto-extensions/test-17/repo/_extensions/preview-colour/_modules/colour.lua:141) Unsupported colour format: named

ERROR (/home/runner/work/quarto-extensions/quarto-extensions/test-17/repo/_extensions/preview-colour/_modules/colour.lua:141) Unsupported colour format: named

ERROR (/home/runner/work/quarto-extensions/quarto-extensions/test-17/repo/_extensions/preview-colour/_modules/colour.lua:141) Unsupported colour format: named

ERROR (/home/runner/work/quarto-extensions/quarto-extensions/test-17/repo/_extensions/preview-colour/_modules/colour.lua:141) Unsupported colour format: named
ERROR (/home/runner/work/quarto-extensions/quarto-extensions/test-17/repo/_extensions/preview-colour/_modules/colour.lua:141) Unsupported colour format: named

ERROR (/home/runner/work/quarto-extensions/quarto-extensions/test-17/repo/_extensions/preview-colour/_modules/colour.lua:141) Unsupported colour format: named

ERROR (/home/runner/work/quarto-extensions/quarto-extensions/test-17/repo/_extensions/preview-colour/_modules/colour.lua:141) Unsupported colour format: named
ERROR (/home/runner/work/quarto-extensions/quarto-extensions/test-17/repo/_extensions/preview-colour/_modules/colour.lua:141) Unsupported colour format: named

ERROR (/home/runner/work/quarto-extensions/quarto-extensions/test-17/repo/_extensions/preview-colour/_modules/colour.lua:141) Unsupported colour format: named
ERROR (/home/runner/work/quarto-extensions/quarto-extensions/test-17/repo/_extensions/preview-colour/_modules/colour.lua:141) Unsupported colour format: named
ERROR (/home/runner/work/quarto-extensions/quarto-extensions/test-17/repo/_extensions/preview-colour/_modules/colour.lua:141) Unsupported colour format: named

ERROR (/home/runner/work/quarto-extensions/quarto-extensions/test-17/repo/_extensions/preview-colour/_modules/colour.lua:141) Unsupported colour format: named
ERROR (/home/runner/work/quarto-extensions/quarto-extensions/test-17/repo/_extensions/preview-colour/_modules/colour.lua:141) Unsupported colour format: named
ERROR (/home/runner/work/quarto-extensions/quarto-extensions/test-17/repo/_extensions/preview-colour/_modules/colour.lua:141) Unsupported colour format: named
ERROR (/home/runner/work/quarto-extensions/quarto-extensions/test-17/repo/_extensions/preview-colour/_modules/colour.lua:141) Unsupported colour format: named
ERROR (/home/runner/work/quarto-extensions/quarto-extensions/test-17/repo/_extensions/preview-colour/_modules/colour.lua:141) Unsupported colour format: named
ERROR (/home/runner/work/quarto-extensions/quarto-extensions/test-17/repo/_extensions/preview-colour/_modules/colour.lua:141) Unsupported colour format: named

ERROR (/home/runner/work/quarto-extensions/quarto-extensions/test-17/repo/_extensions/preview-colour/_modules/colour.lua:141) Unsupported colour format: named
ERROR (/home/runner/work/quarto-extensions/quarto-extensions/test-17/repo/_extensions/preview-colour/_modules/colour.lua:141) Unsupported colour format: named
ERROR (/home/runner/work/quarto-extensions/quarto-extensions/test-17/repo/_extensions/preview-colour/_modules/colour.lua:141) Unsupported colour format: named
ERROR (/home/runner/work/quarto-extensions/quarto-extensions/test-17/repo/_extensions/preview-colour/_modules/colour.lua:141) Unsupported colour format: named
ERROR (/home/runner/work/quarto-extensions/quarto-extensions/test-17/repo/_extensions/preview-colour/_modules/colour.lua:141) Unsupported colour format: named
ERROR (/home/runner/work/quarto-extensions/quarto-extensions/test-17/repo/_extensions/preview-colour/_modules/colour.lua:141) Unsupported colour format: named
ERROR (/home/runner/work/quarto-extensions/quarto-extensions/test-17/repo/_extensions/preview-colour/_modules/colour.lua:141) Unsupported colour format: named

ERROR (/home/runner/work/quarto-extensions/quarto-extensions/test-17/repo/_extensions/preview-colour/_modules/colour.lua:141) Unsupported colour format: named
ERROR (/home/runner/work/quarto-extensions/quarto-extensions/test-17/repo/_extensions/preview-colour/_modules/colour.lua:141) Unsupported colour format: named
ERROR (/home/runner/work/quarto-extensions/quarto-extensions/test-17/repo/_extensions/preview-colour/_modules/colour.lua:141) Unsupported colour format: named
ERROR (/home/runner/work/quarto-extensions/quarto-extensions/test-17/repo/_extensions/preview-colour/_modules/colour.lua:141) Unsupported colour format: named
ERROR (/home/runner/work/quarto-extensions/quarto-extensions/test-17/repo/_extensions/preview-colour/_modules/colour.lua:141) Unsupported colour format: named
ERROR (/home/runner/work/quarto-extensions/quarto-extensions/test-17/repo/_extensions/preview-colour/_modules/colour.lua:141) Unsupported colour format: named
ERROR (/home/runner/work/quarto-extensions/quarto-extensions/test-17/repo/_extensions/preview-colour/_modules/colour.lua:141) Unsupported colour format: named

ERROR (/home/runner/work/quarto-extensions/quarto-extensions/test-17/repo/_extensions/preview-colour/_modules/colour.lua:141) Unsupported colour format: named
ERROR (/home/runner/work/quarto-extensions/quarto-extensions/test-17/repo/_extensions/preview-colour/_modules/colour.lua:141) Unsupported colour format: named
ERROR (/home/runner/work/quarto-extensions/quarto-extensions/test-17/repo/_extensions/preview-colour/_modules/colour.lua:141) Unsupported colour format: named
ERROR (/home/runner/work/quarto-extensions/quarto-extensions/test-17/repo/_extensions/preview-colour/_modules/colour.lua:141) Unsupported colour format: named
ERROR (/home/runner/work/quarto-extensions/quarto-extensions/test-17/repo/_extensions/preview-colour/_modules/colour.lua:141) Unsupported colour format: named
ERROR (/home/runner/work/quarto-extensions/quarto-extensions/test-17/repo/_extensions/preview-colour/_modules/colour.lua:141) Unsupported colour format: named
ERROR (/home/runner/work/quarto-extensions/quarto-extensions/test-17/repo/_extensions/preview-colour/_modules/colour.lua:141) Unsupported colour format: named
ERROR (/home/runner/work/quarto-extensions/quarto-extensions/test-17/repo/_extensions/preview-colour/_modules/colour.lua:141) Unsupported colour format: named

ERROR (/home/runner/work/quarto-extensions/quarto-extensions/test-17/repo/_extensions/preview-colour/_modules/colour.lua:141) Unsupported colour format: named
ERROR (/home/runner/work/quarto-extensions/quarto-extensions/test-17/repo/_extensions/preview-colour/_modules/colour.lua:141) Unsupported colour format: named
ERROR (/home/runner/work/quarto-extensions/quarto-extensions/test-17/repo/_extensions/preview-colour/_modules/colour.lua:141) Unsupported colour format: named
ERROR (/home/runner/work/quarto-extensions/quarto-extensions/test-17/repo/_extensions/preview-colour/_modules/colour.lua:141) Unsupported colour format: named
ERROR (/home/runner/work/quarto-extensions/quarto-extensions/test-17/repo/_extensions/preview-colour/_modules/colour.lua:141) Unsupported colour format: named
ERROR (/home/runner/work/quarto-extensions/quarto-extensions/test-17/repo/_extensions/preview-colour/_modules/colour.lua:141) Unsupported colour format: named
ERROR (/home/runner/work/quarto-extensions/quarto-extensions/test-17/repo/_extensions/preview-colour/_modules/colour.lua:141) Unsupported colour format: named

ERROR (/home/runner/work/quarto-extensions/quarto-extensions/test-17/repo/_extensions/preview-colour/_modules/colour.lua:141) Unsupported colour format: named
ERROR (/home/runner/work/quarto-extensions/quarto-extensions/test-17/repo/_extensions/preview-colour/_modules/colour.lua:141) Unsupported colour format: named
ERROR (/home/runner/work/quarto-extensions/quarto-extensions/test-17/repo/_extensions/preview-colour/_modules/colour.lua:141) Unsupported colour format: named
ERROR (/home/runner/work/quarto-extensions/quarto-extensions/test-17/repo/_extensions/preview-colour/_modules/colour.lua:141) Unsupported colour format: named
ERROR (/home/runner/work/quarto-extensions/quarto-extensions/test-17/repo/_extensions/preview-colour/_modules/colour.lua:141) Unsupported colour format: named
ERROR (/home/runner/work/quarto-extensions/quarto-extensions/test-17/repo/_extensions/preview-colour/_modules/colour.lua:141) Unsupported colour format: named
ERROR (/home/runner/work/quarto-extensions/quarto-extensions/test-17/repo/_extensions/preview-colour/_modules/colour.lua:141) Unsupported colour format: named
ERROR (/home/runner/work/quarto-extensions/quarto-extensions/test-17/repo/_extensions/preview-colour/_modules/colour.lua:141) Unsupported colour format: named
ERROR (/home/runner/work/quarto-extensions/quarto-extensions/test-17/repo/_extensions/preview-colour/_modules/colour.lua:141) Unsupported colour format: named
ERROR (/home/runner/work/quarto-extensions/quarto-extensions/test-17/repo/_extensions/preview-colour/_modules/colour.lua:141) Unsupported colour format: named

ERROR (/home/runner/work/quarto-extensions/quarto-extensions/test-17/repo/_extensions/preview-colour/_modules/colour.lua:141) Unsupported colour format: named
ERROR (/home/runner/work/quarto-extensions/quarto-extensions/test-17/repo/_extensions/preview-colour/_modules/colour.lua:141) Unsupported colour format: named
ERROR (/home/runner/work/quarto-extensions/quarto-extensions/test-17/repo/_extensions/preview-colour/_modules/colour.lua:141) Unsupported colour format: named
ERROR (/home/runner/work/quarto-extensions/quarto-extensions/test-17/repo/_extensions/preview-colour/_modules/colour.lua:141) Unsupported colour format: named
ERROR (/home/runner/work/quarto-extensions/quarto-extensions/test-17/repo/_extensions/preview-colour/_modules/colour.lua:141) Unsupported colour format: named
ERROR (/home/runner/work/quarto-extensions/quarto-extensions/test-17/repo/_extensions/preview-colour/_modules/colour.lua:141) Unsupported colour format: named

ERROR (/home/runner/work/quarto-extensions/quarto-extensions/test-17/repo/_extensions/preview-colour/_modules/colour.lua:141) Unsupported colour format: named
ERROR (/home/runner/work/quarto-extensions/quarto-extensions/test-17/repo/_extensions/preview-colour/_modules/colour.lua:141) Unsupported colour format: named
ERROR (/home/runner/work/quarto-extensions/quarto-extensions/test-17/repo/_extensions/preview-colour/_modules/colour.lua:141) Unsupported colour format: named
ERROR (/home/runner/work/quarto-extensions/quarto-extensions/test-17/repo/_extensions/preview-colour/_modules/colour.lua:141) Unsupported colour format: named

ERROR (/home/runner/work/quarto-extensions/quarto-extensions/test-17/repo/_extensions/preview-colour/_modules/colour.lua:141) Unsupported colour format: named
ERROR (/home/runner/work/quarto-extensions/quarto-extensions/test-17/repo/_extensions/preview-colour/_modules/colour.lua:141) Unsupported colour format: named
ERROR (/home/runner/work/quarto-extensions/quarto-extensions/test-17/repo/_extensions/preview-colour/_modules/colour.lua:141) Unsupported colour format: named
ERROR (/home/runner/work/quarto-extensions/quarto-extensions/test-17/repo/_extensions/preview-colour/_modules/colour.lua:141) Unsupported colour format: named
ERROR (/home/runner/work/quarto-extensions/quarto-extensions/test-17/repo/_extensions/preview-colour/_modules/colour.lua:141) Unsupported colour format: named
ERROR (/home/runner/work/quarto-extensions/quarto-extensions/test-17/repo/_extensions/preview-colour/_modules/colour.lua:141) Unsupported colour format: named

ERROR (/home/runner/work/quarto-extensions/quarto-extensions/test-17/repo/_extensions/preview-colour/_modules/colour.lua:141) Unsupported colour format: named
ERROR (/home/runner/work/quarto-extensions/quarto-extensions/test-17/repo/_extensions/preview-colour/_modules/colour.lua:141) Unsupported colour format: named
ERROR (/home/runner/work/quarto-extensions/quarto-extensions/test-17/repo/_extensions/preview-colour/_modules/colour.lua:141) Unsupported colour format: named

ERROR (/home/runner/work/quarto-extensions/quarto-extensions/test-17/repo/_extensions/preview-colour/_modules/colour.lua:141) Unsupported colour format: named
ERROR (/home/runner/work/quarto-extensions/quarto-extensions/test-17/repo/_extensions/preview-colour/_modules/colour.lua:141) Unsupported colour format: named
ERROR (/home/runner/work/quarto-extensions/quarto-extensions/test-17/repo/_extensions/preview-colour/_modules/colour.lua:141) Unsupported colour format: named

ERROR (/home/runner/work/quarto-extensions/quarto-extensions/test-17/repo/_extensions/preview-colour/_modules/colour.lua:141) Unsupported colour format: named
ERROR (/home/runner/work/quarto-extensions/quarto-extensions/test-17/repo/_extensions/preview-colour/_modules/colour.lua:141) Unsupported colour format: named
ERROR (/home/runner/work/quarto-extensions/quarto-extensions/test-17/repo/_extensions/preview-colour/_modules/colour.lua:141) Unsupported colour format: named

ERROR (/home/runner/work/quarto-extensions/quarto-extensions/test-17/repo/_extensions/preview-colour/_modules/colour.lua:141) Unsupported colour format: named
ERROR (/home/runner/work/quarto-extensions/quarto-extensions/test-17/repo/_extensions/preview-colour/_modules/colour.lua:141) Unsupported colour format: named

ERROR (/home/runner/work/quarto-extensions/quarto-extensions/test-17/repo/_extensions/preview-colour/_modules/colour.lua:141) Unsupported colour format: named
ERROR (/home/runner/work/quarto-extensions/quarto-extensions/test-17/repo/_extensions/preview-colour/_modules/colour.lua:141) Unsupported colour format: named

ERROR (/home/runner/work/quarto-extensions/quarto-extensions/test-17/repo/_extensions/preview-colour/_modules/colour.lua:141) Unsupported colour format: named

ERROR (/home/runner/work/quarto-extensions/quarto-extensions/test-17/repo/_extensions/preview-colour/_modules/colour.lua:141) Unsupported colour format: named

ERROR (/home/runner/work/quarto-extensions/quarto-extensions/test-17/repo/_extensions/preview-colour/_modules/colour.lua:141) Unsupported colour format: named

ERROR (/home/runner/work/quarto-extensions/quarto-extensions/test-17/repo/_extensions/preview-colour/_modules/colour.lua:141) Unsupported colour format: named
ERROR (/home/runner/work/quarto-extensions/quarto-extensions/test-17/repo/_extensions/preview-colour/_modules/colour.lua:141) Unsupported colour format: named

ERROR (/home/runner/work/quarto-extensions/quarto-extensions/test-17/repo/_extensions/preview-colour/_modules/colour.lua:141) Unsupported colour format: named
ERROR (/home/runner/work/quarto-extensions/quarto-extensions/test-17/repo/_extensions/preview-colour/_modules/colour.lua:141) Unsupported colour format: named

ERROR (/home/runner/work/quarto-extensions/quarto-extensions/test-17/repo/_extensions/preview-colour/_modules/colour.lua:141) Unsupported colour format: named
ERROR (/home/runner/work/quarto-extensions/quarto-extensions/test-17/repo/_extensions/preview-colour/_modules/colour.lua:141) Unsupported colour format: named
ERROR (/home/runner/work/quarto-extensions/quarto-extensions/test-17/repo/_extensions/preview-colour/_modules/colour.lua:141) Unsupported colour format: named

ERROR (/home/runner/work/quarto-extensions/quarto-extensions/test-17/repo/_extensions/preview-colour/_modules/colour.lua:141) Unsupported colour format: named
ERROR (/home/runner/work/quarto-extensions/quarto-extensions/test-17/repo/_extensions/preview-colour/_modules/colour.lua:141) Unsupported colour format: named

ERROR (/home/runner/work/quarto-extensions/quarto-extensions/test-17/repo/_extensions/preview-colour/_modules/colour.lua:141) Unsupported colour format: named

ERROR (/home/runner/work/quarto-extensions/quarto-extensions/test-17/repo/_extensions/preview-colour/_modules/colour.lua:141) Unsupported colour format: named

ERROR (/home/runner/work/quarto-extensions/quarto-extensions/test-17/repo/_extensions/preview-colour/_modules/colour.lua:141) Unsupported colour format: named
ERROR (/home/runner/work/quarto-extensions/quarto-extensions/test-17/repo/_extensions/preview-colour/_modules/colour.lua:141) Unsupported colour format: named

ERROR (/home/runner/work/quarto-extensions/quarto-extensions/test-17/repo/_extensions/preview-colour/_modules/colour.lua:141) Unsupported colour format: named
ERROR (/home/runner/work/quarto-extensions/quarto-extensions/test-17/repo/_extensions/preview-colour/_modules/colour.lua:141) Unsupported colour format: named

ERROR (/home/runner/work/quarto-extensions/quarto-extensions/test-17/repo/_extensions/preview-colour/_modules/colour.lua:141) Unsupported colour format: named

ERROR (/home/runner/work/quarto-extensions/quarto-extensions/test-17/repo/_extensions/preview-colour/_modules/colour.lua:141) Unsupported colour format: named

ERROR (/home/runner/work/quarto-extensions/quarto-extensions/test-17/repo/_extensions/preview-colour/_modules/colour.lua:141) Unsupported colour format: named
ERROR (/home/runner/work/quarto-extensions/quarto-extensions/test-17/repo/_extensions/preview-colour/_modules/colour.lua:141) Unsupported colour format: named

ERROR (/home/runner/work/quarto-extensions/quarto-extensions/test-17/repo/_extensions/preview-colour/_modules/colour.lua:141) Unsupported colour format: named
ERROR (/home/runner/work/quarto-extensions/quarto-extensions/test-17/repo/_extensions/preview-colour/_modules/colour.lua:141) Unsupported colour format: named

ERROR (/home/runner/work/quarto-extensions/quarto-extensions/test-17/repo/_extensions/preview-colour/_modules/colour.lua:141) Unsupported colour format: named

ERROR (/home/runner/work/quarto-extensions/quarto-extensions/test-17/repo/_extensions/preview-colour/_modules/colour.lua:141) Unsupported colour format: named
ERROR (/home/runner/work/quarto-extensions/quarto-extensions/test-17/repo/_extensions/preview-colour/_modules/colour.lua:141) Unsupported colour format: named

ERROR (/home/runner/work/quarto-extensions/quarto-extensions/test-17/repo/_extensions/preview-colour/_modules/colour.lua:141) Unsupported colour format: named
ERROR (/home/runner/work/quarto-extensions/quarto-extensions/test-17/repo/_extensions/preview-colour/_modules/colour.lua:141) Unsupported colour format: named

ERROR (/home/runner/work/quarto-extensions/quarto-extensions/test-17/repo/_extensions/preview-colour/_modules/colour.lua:141) Unsupported colour format: named

ERROR (/home/runner/work/quarto-extensions/quarto-extensions/test-17/repo/_extensions/preview-colour/_modules/colour.lua:141) Unsupported colour format: named
ERROR (/home/runner/work/quarto-extensions/quarto-extensions/test-17/repo/_extensions/preview-colour/_modules/colour.lua:141) Unsupported colour format: named
ERROR (/home/runner/work/quarto-extensions/quarto-extensions/test-17/repo/_extensions/preview-colour/_modules/colour.lua:141) Unsupported colour format: named

ERROR (/home/runner/work/quarto-extensions/quarto-extensions/test-17/repo/_extensions/preview-colour/_modules/colour.lua:141) Unsupported colour format: named

ERROR (/home/runner/work/quarto-extensions/quarto-extensions/test-17/repo/_extensions/preview-colour/_modules/colour.lua:141) Unsupported colour format: named

ERROR (/home/runner/work/quarto-extensions/quarto-extensions/test-17/repo/_extensions/preview-colour/_modules/colour.lua:141) Unsupported colour format: named
ERROR (/home/runner/work/quarto-extensions/quarto-extensions/test-17/repo/_extensions/preview-colour/_modules/colour.lua:141) Unsupported colour format: named

ERROR (/home/runner/work/quarto-extensions/quarto-extensions/test-17/repo/_extensions/preview-colour/_modules/colour.lua:141) Unsupported colour format: named

ERROR (/home/runner/work/quarto-extensions/quarto-extensions/test-17/repo/_extensions/preview-colour/_modules/colour.lua:141) Unsupported colour format: named
ERROR (/home/runner/work/quarto-extensions/quarto-extensions/test-17/repo/_extensions/preview-colour/_modules/colour.lua:141) Unsupported colour format: named
ERROR (/home/runner/work/quarto-extensions/quarto-extensions/test-17/repo/_extensions/preview-colour/_modules/colour.lua:141) Unsupported colour format: named
ERROR (/home/runner/work/quarto-extensions/quarto-extensions/test-17/repo/_extensions/preview-colour/_modules/colour.lua:141) Unsupported colour format: named
ERROR (/home/runner/work/quarto-extensions/quarto-extensions/test-17/repo/_extensions/preview-colour/_modules/colour.lua:141) Unsupported colour format: named
ERROR (/home/runner/work/quarto-extensions/quarto-extensions/test-17/repo/_extensions/preview-colour/_modules/colour.lua:141) Unsupported colour format: named
ERROR (/home/runner/work/quarto-extensions/quarto-extensions/test-17/repo/_extensions/preview-colour/_modules/colour.lua:141) Unsupported colour format: named

ERROR (/home/runner/work/quarto-extensions/quarto-extensions/test-17/repo/_extensions/preview-colour/_modules/colour.lua:141) Unsupported colour format: named
ERROR (/home/runner/work/quarto-extensions/quarto-extensions/test-17/repo/_extensions/preview-colour/_modules/colour.lua:141) Unsupported colour format: named
ERROR (/home/runner/work/quarto-extensions/quarto-extensions/test-17/repo/_extensions/preview-colour/_modules/colour.lua:141) Unsupported colour format: named

ERROR (/home/runner/work/quarto-extensions/quarto-extensions/test-17/repo/_extensions/preview-colour/_modules/colour.lua:141) Unsupported colour format: named
ERROR (/home/runner/work/quarto-extensions/quarto-extensions/test-17/repo/_extensions/preview-colour/_modules/colour.lua:141) Unsupported colour format: named
ERROR (/home/runner/work/quarto-extensions/quarto-extensions/test-17/repo/_extensions/preview-colour/_modules/colour.lua:141) Unsupported colour format: named

ERROR (/home/runner/work/quarto-extensions/quarto-extensions/test-17/repo/_extensions/preview-colour/_modules/colour.lua:141) Unsupported colour format: named
ERROR (/home/runner/work/quarto-extensions/quarto-extensions/test-17/repo/_extensions/preview-colour/_modules/colour.lua:141) Unsupported colour format: named
ERROR (/home/runner/work/quarto-extensions/quarto-extensions/test-17/repo/_extensions/preview-colour/_modules/colour.lua:141) Unsupported colour format: named

ERROR (/home/runner/work/quarto-extensions/quarto-extensions/test-17/repo/_extensions/preview-colour/_modules/colour.lua:141) Unsupported colour format: named

ERROR (/home/runner/work/quarto-extensions/quarto-extensions/test-17/repo/_extensions/preview-colour/_modules/colour.lua:141) Unsupported colour format: named

ERROR (/home/runner/work/quarto-extensions/quarto-extensions/test-17/repo/_extensions/preview-colour/_modules/colour.lua:141) Unsupported colour format: named

ERROR (/home/runner/work/quarto-extensions/quarto-extensions/test-17/repo/_extensions/preview-colour/_modules/colour.lua:141) Unsupported colour format: named
ERROR (/home/runner/work/quarto-extensions/quarto-extensions/test-17/repo/_extensions/preview-colour/_modules/colour.lua:141) Unsupported colour format: named

ERROR (/home/runner/work/quarto-extensions/quarto-extensions/test-17/repo/_extensions/preview-colour/_modules/colour.lua:141) Unsupported colour format: named

ERROR (/home/runner/work/quarto-extensions/quarto-extensions/test-17/repo/_extensions/preview-colour/_modules/colour.lua:141) Unsupported colour format: named
ERROR (/home/runner/work/quarto-extensions/quarto-extensions/test-17/repo/_extensions/preview-colour/_modules/colour.lua:141) Unsupported colour format: named
ERROR (/home/runner/work/quarto-extensions/quarto-extensions/test-17/repo/_extensions/preview-colour/_modules/colour.lua:141) Unsupported colour format: named

ERROR (/home/runner/work/quarto-extensions/quarto-extensions/test-17/repo/_extensions/preview-colour/_modules/colour.lua:141) Unsupported colour format: named

ERROR (/home/runner/work/quarto-extensions/quarto-extensions/test-17/repo/_extensions/preview-colour/_modules/colour.lua:141) Unsupported colour format: named
ERROR (/home/runner/work/quarto-extensions/quarto-extensions/test-17/repo/_extensions/preview-colour/_modules/colour.lua:141) Unsupported colour format: named

ERROR (/home/runner/work/quarto-extensions/quarto-extensions/test-17/repo/_extensions/preview-colour/_modules/colour.lua:141) Unsupported colour format: named

ERROR (/home/runner/work/quarto-extensions/quarto-extensions/test-17/repo/_extensions/preview-colour/_modules/colour.lua:141) Unsupported colour format: named
ERROR (/home/runner/work/quarto-extensions/quarto-extensions/test-17/repo/_extensions/preview-colour/_modules/colour.lua:141) Unsupported colour format: named

ERROR (/home/runner/work/quarto-extensions/quarto-extensions/test-17/repo/_extensions/preview-colour/_modules/colour.lua:141) Unsupported colour format: named

ERROR (/home/runner/work/quarto-extensions/quarto-extensions/test-17/repo/_extensions/preview-colour/_modules/colour.lua:141) Unsupported colour format: named
ERROR (/home/runner/work/quarto-extensions/quarto-extensions/test-17/repo/_extensions/preview-colour/_modules/colour.lua:141) Unsupported colour format: named

ERROR (/home/runner/work/quarto-extensions/quarto-extensions/test-17/repo/_extensions/preview-colour/_modules/colour.lua:141) Unsupported colour format: named
ERROR (/home/runner/work/quarto-extensions/quarto-extensions/test-17/repo/_extensions/preview-colour/_modules/colour.lua:141) Unsupported colour format: named

ERROR (/home/runner/work/quarto-extensions/quarto-extensions/test-17/repo/_extensions/preview-colour/_modules/colour.lua:141) Unsupported colour format: named

ERROR (/home/runner/work/quarto-extensions/quarto-extensions/test-17/repo/_extensions/preview-colour/_modules/colour.lua:141) Unsupported colour format: named
ERROR (/home/runner/work/quarto-extensions/quarto-extensions/test-17/repo/_extensions/preview-colour/_modules/colour.lua:141) Unsupported colour format: named
ERROR (/home/runner/work/quarto-extensions/quarto-extensions/test-17/repo/_extensions/preview-colour/_modules/colour.lua:141) Unsupported colour format: named

ERROR (/home/runner/work/quarto-extensions/quarto-extensions/test-17/repo/_extensions/preview-colour/_modules/colour.lua:141) Unsupported colour format: named
ERROR (/home/runner/work/quarto-extensions/quarto-extensions/test-17/repo/_extensions/preview-colour/_modules/colour.lua:141) Unsupported colour format: named
ERROR (/home/runner/work/quarto-extensions/quarto-extensions/test-17/repo/_extensions/preview-colour/_modules/colour.lua:141) Unsupported colour format: named
ERROR (/home/runner/work/quarto-extensions/quarto-extensions/test-17/repo/_extensions/preview-colour/_modules/colour.lua:141) Unsupported colour format: named
ERROR (/home/runner/work/quarto-extensions/quarto-extensions/test-17/repo/_extensions/preview-colour/_modules/colour.lua:141) Unsupported colour format: named
ERROR (/home/runner/work/quarto-extensions/quarto-extensions/test-17/repo/_extensions/preview-colour/_modules/colour.lua:141) Unsupported colour format: named

ERROR (/home/runner/work/quarto-extensions/quarto-extensions/test-17/repo/_extensions/preview-colour/_modules/colour.lua:141) Unsupported colour format: named
ERROR (/home/runner/work/quarto-extensions/quarto-extensions/test-17/repo/_extensions/preview-colour/_modules/colour.lua:141) Unsupported colour format: named

ERROR (/home/runner/work/quarto-extensions/quarto-extensions/test-17/repo/_extensions/preview-colour/_modules/colour.lua:141) Unsupported colour format: named
ERROR (/home/runner/work/quarto-extensions/quarto-extensions/test-17/repo/_extensions/preview-colour/_modules/colour.lua:141) Unsupported colour format: named

Output created: preview-colour-revealjs.html


