Dependency install phase for thinkr-open/quarto-detective: auto-detect
Auto-detecting R dependencies for thinkr-open/quarto-detective (knitr engine, no renv.lock).
Installing R packages: ggplot2 
gcc -I"/opt/R/4.5.3/lib/R/include" -DNDEBUG   -I/usr/local/include   -fvisibility=hidden -fpic  -g -O2  -c glue.c -o glue.o
gcc -I"/opt/R/4.5.3/lib/R/include" -DNDEBUG   -I/usr/local/include   -fvisibility=hidden -fpic  -g -O2  -c init.c -o init.o
gcc -I"/opt/R/4.5.3/lib/R/include" -DNDEBUG   -I/usr/local/include   -fvisibility=hidden -fpic  -g -O2  -c trim.c -o trim.o
gcc -shared -L/opt/R/4.5.3/lib/R/lib -L/usr/local/lib -o glue.so glue.o init.o trim.o -L/opt/R/4.5.3/lib/R/lib -lR
g++ -std=gnu++17 -I"/opt/R/4.5.3/lib/R/include" -DNDEBUG   -I/usr/local/include    -fpic  -g -O2   -c ColorSpace.cpp -o ColorSpace.o
g++ -std=gnu++17 -I"/opt/R/4.5.3/lib/R/include" -DNDEBUG   -I/usr/local/include    -fpic  -g -O2   -c Comparison.cpp -o Comparison.o
g++ -std=gnu++17 -I"/opt/R/4.5.3/lib/R/include" -DNDEBUG   -I/usr/local/include    -fpic  -g -O2   -c Conversion.cpp -o Conversion.o
g++ -std=gnu++17 -I"/opt/R/4.5.3/lib/R/include" -DNDEBUG   -I/usr/local/include    -fpic  -g -O2   -c encode.cpp -o encode.o
g++ -std=gnu++17 -I"/opt/R/4.5.3/lib/R/include" -DNDEBUG   -I/usr/local/include    -fpic  -g -O2   -c farver.cpp -o farver.o
g++ -std=gnu++17 -I"/opt/R/4.5.3/lib/R/include" -DNDEBUG   -I/usr/local/include    -fpic  -g -O2   -c init.cpp -o init.o
g++ -std=gnu++17 -shared -L/opt/R/4.5.3/lib/R/lib -L/usr/local/lib -o farver.so ColorSpace.o Comparison.o Conversion.o encode.o farver.o init.o -L/opt/R/4.5.3/lib/R/lib -lR
gcc -I"/opt/R/4.5.3/lib/R/include" -DNDEBUG   -I/usr/local/include    -fpic  -g -O2  -c init.c -o init.o
gcc -I"/opt/R/4.5.3/lib/R/include" -DNDEBUG   -I/usr/local/include    -fpic  -g -O2  -c method-dispatch.c -o method-dispatch.o
gcc -I"/opt/R/4.5.3/lib/R/include" -DNDEBUG   -I/usr/local/include    -fpic  -g -O2  -c prop.c -o prop.o
gcc -shared -L/opt/R/4.5.3/lib/R/lib -L/usr/local/lib -o S7.so init.o method-dispatch.o prop.o -L/opt/R/4.5.3/lib/R/lib -lR
g++ -std=gnu++17 -I"/opt/R/4.5.3/lib/R/include" -DNDEBUG  -I'/home/runner/work/quarto-extensions/quarto-extensions/test-13/R/x86_64-pc-linux-gnu-library/4.5/cpp11/include' -I/usr/local/include    -fpic  -g -O2   -c clip-lines.cpp -o clip-lines.o
g++ -std=gnu++17 -I"/opt/R/4.5.3/lib/R/include" -DNDEBUG  -I'/home/runner/work/quarto-extensions/quarto-extensions/test-13/R/x86_64-pc-linux-gnu-library/4.5/cpp11/include' -I/usr/local/include    -fpic  -g -O2   -c cpp11.cpp -o cpp11.o
g++ -std=gnu++17 -I"/opt/R/4.5.3/lib/R/include" -DNDEBUG  -I'/home/runner/work/quarto-extensions/quarto-extensions/test-13/R/x86_64-pc-linux-gnu-library/4.5/cpp11/include' -I/usr/local/include    -fpic  -g -O2   -c isoband.cpp -o isoband.o
g++ -std=gnu++17 -I"/opt/R/4.5.3/lib/R/include" -DNDEBUG  -I'/home/runner/work/quarto-extensions/quarto-extensions/test-13/R/x86_64-pc-linux-gnu-library/4.5/cpp11/include' -I/usr/local/include    -fpic  -g -O2   -c polygon.cpp -o polygon.o
g++ -std=gnu++17 -I"/opt/R/4.5.3/lib/R/include" -DNDEBUG  -I'/home/runner/work/quarto-extensions/quarto-extensions/test-13/R/x86_64-pc-linux-gnu-library/4.5/cpp11/include' -I/usr/local/include    -fpic  -g -O2   -c separate-polygons.cpp -o separate-polygons.o
g++ -std=gnu++17 -I"/opt/R/4.5.3/lib/R/include" -DNDEBUG  -I'/home/runner/work/quarto-extensions/quarto-extensions/test-13/R/x86_64-pc-linux-gnu-library/4.5/cpp11/include' -I/usr/local/include    -fpic  -g -O2   -c test-clip-lines.cpp -o test-clip-lines.o
g++ -std=gnu++17 -I"/opt/R/4.5.3/lib/R/include" -DNDEBUG  -I'/home/runner/work/quarto-extensions/quarto-extensions/test-13/R/x86_64-pc-linux-gnu-library/4.5/cpp11/include' -I/usr/local/include    -fpic  -g -O2   -c test-runner.cpp -o test-runner.o
g++ -std=gnu++17 -I"/opt/R/4.5.3/lib/R/include" -DNDEBUG  -I'/home/runner/work/quarto-extensions/quarto-extensions/test-13/R/x86_64-pc-linux-gnu-library/4.5/cpp11/include' -I/usr/local/include    -fpic  -g -O2   -c test-separate-polygons.cpp -o test-separate-polygons.o
g++ -std=gnu++17 -shared -L/opt/R/4.5.3/lib/R/lib -L/usr/local/lib -o isoband.so clip-lines.o cpp11.o isoband.o polygon.o separate-polygons.o test-clip-lines.o test-runner.o test-separate-polygons.o -L/opt/R/4.5.3/lib/R/lib -lR
gcc -I"/opt/R/4.5.3/lib/R/include" -DNDEBUG -I./rlang  -I/usr/local/include   -fvisibility=hidden -fpic  -g -O2  -c altrep-lazy-character.c -o altrep-lazy-character.o
gcc -I"/opt/R/4.5.3/lib/R/include" -DNDEBUG -I./rlang  -I/usr/local/include   -fvisibility=hidden -fpic  -g -O2  -c altrep-rle.c -o altrep-rle.o
gcc -I"/opt/R/4.5.3/lib/R/include" -DNDEBUG -I./rlang  -I/usr/local/include   -fvisibility=hidden -fpic  -g -O2  -c altrep.c -o altrep.o
gcc -I"/opt/R/4.5.3/lib/R/include" -DNDEBUG -I./rlang  -I/usr/local/include   -fvisibility=hidden -fpic  -g -O2  -c arg-counter.c -o arg-counter.o
gcc -I"/opt/R/4.5.3/lib/R/include" -DNDEBUG -I./rlang  -I/usr/local/include   -fvisibility=hidden -fpic  -g -O2  -c arg.c -o arg.o
gcc -I"/opt/R/4.5.3/lib/R/include" -DNDEBUG -I./rlang  -I/usr/local/include   -fvisibility=hidden -fpic  -g -O2  -c assert.c -o assert.o
gcc -I"/opt/R/4.5.3/lib/R/include" -DNDEBUG -I./rlang  -I/usr/local/include   -fvisibility=hidden -fpic  -g -O2  -c bind.c -o bind.o
gcc -I"/opt/R/4.5.3/lib/R/include" -DNDEBUG -I./rlang  -I/usr/local/include   -fvisibility=hidden -fpic  -g -O2  -c c.c -o c.o
gcc -I"/opt/R/4.5.3/lib/R/include" -DNDEBUG -I./rlang  -I/usr/local/include   -fvisibility=hidden -fpic  -g -O2  -c callables.c -o callables.o
gcc -I"/opt/R/4.5.3/lib/R/include" -DNDEBUG -I./rlang  -I/usr/local/include   -fvisibility=hidden -fpic  -g -O2  -c case-when.c -o case-when.o
gcc -I"/opt/R/4.5.3/lib/R/include" -DNDEBUG -I./rlang  -I/usr/local/include   -fvisibility=hidden -fpic  -g -O2  -c cast-bare.c -o cast-bare.o
gcc -I"/opt/R/4.5.3/lib/R/include" -DNDEBUG -I./rlang  -I/usr/local/include   -fvisibility=hidden -fpic  -g -O2  -c cast-dispatch.c -o cast-dispatch.o
gcc -I"/opt/R/4.5.3/lib/R/include" -DNDEBUG -I./rlang  -I/usr/local/include   -fvisibility=hidden -fpic  -g -O2  -c cast.c -o cast.o
gcc -I"/opt/R/4.5.3/lib/R/include" -DNDEBUG -I./rlang  -I/usr/local/include   -fvisibility=hidden -fpic  -g -O2  -c compare.c -o compare.o
gcc -I"/opt/R/4.5.3/lib/R/include" -DNDEBUG -I./rlang  -I/usr/local/include   -fvisibility=hidden -fpic  -g -O2  -c complete.c -o complete.o
gcc -I"/opt/R/4.5.3/lib/R/include" -DNDEBUG -I./rlang  -I/usr/local/include   -fvisibility=hidden -fpic  -g -O2  -c conditions.c -o conditions.o
gcc -I"/opt/R/4.5.3/lib/R/include" -DNDEBUG -I./rlang  -I/usr/local/include   -fvisibility=hidden -fpic  -g -O2  -c dictionary.c -o dictionary.o
gcc -I"/opt/R/4.5.3/lib/R/include" -DNDEBUG -I./rlang  -I/usr/local/include   -fvisibility=hidden -fpic  -g -O2  -c dim.c -o dim.o
gcc -I"/opt/R/4.5.3/lib/R/include" -DNDEBUG -I./rlang  -I/usr/local/include   -fvisibility=hidden -fpic  -g -O2  -c empty.c -o empty.o
gcc -I"/opt/R/4.5.3/lib/R/include" -DNDEBUG -I./rlang  -I/usr/local/include   -fvisibility=hidden -fpic  -g -O2  -c encoding.c -o encoding.o
gcc -I"/opt/R/4.5.3/lib/R/include" -DNDEBUG -I./rlang  -I/usr/local/include   -fvisibility=hidden -fpic  -g -O2  -c equal.c -o equal.o
gcc -I"/opt/R/4.5.3/lib/R/include" -DNDEBUG -I./rlang  -I/usr/local/include   -fvisibility=hidden -fpic  -g -O2  -c expand.c -o expand.o
gcc -I"/opt/R/4.5.3/lib/R/include" -DNDEBUG -I./rlang  -I/usr/local/include   -fvisibility=hidden -fpic  -g -O2  -c fields.c -o fields.o
gcc -I"/opt/R/4.5.3/lib/R/include" -DNDEBUG -I./rlang  -I/usr/local/include   -fvisibility=hidden -fpic  -g -O2  -c fill.c -o fill.o
gcc -I"/opt/R/4.5.3/lib/R/include" -DNDEBUG -I./rlang  -I/usr/local/include   -fvisibility=hidden -fpic  -g -O2  -c globals.c -o globals.o
gcc -I"/opt/R/4.5.3/lib/R/include" -DNDEBUG -I./rlang  -I/usr/local/include   -fvisibility=hidden -fpic  -g -O2  -c group.c -o group.o
gcc -I"/opt/R/4.5.3/lib/R/include" -DNDEBUG -I./rlang  -I/usr/local/include   -fvisibility=hidden -fpic  -g -O2  -c growable.c -o growable.o
gcc -I"/opt/R/4.5.3/lib/R/include" -DNDEBUG -I./rlang  -I/usr/local/include   -fvisibility=hidden -fpic  -g -O2  -c hash.c -o hash.o
gcc -I"/opt/R/4.5.3/lib/R/include" -DNDEBUG -I./rlang  -I/usr/local/include   -fvisibility=hidden -fpic  -g -O2  -c if-else.c -o if-else.o
gcc -I"/opt/R/4.5.3/lib/R/include" -DNDEBUG -I./rlang  -I/usr/local/include   -fvisibility=hidden -fpic  -g -O2  -c init.c -o init.o
gcc -I"/opt/R/4.5.3/lib/R/include" -DNDEBUG -I./rlang  -I/usr/local/include   -fvisibility=hidden -fpic  -g -O2  -c interval.c -o interval.o
gcc -I"/opt/R/4.5.3/lib/R/include" -DNDEBUG -I./rlang  -I/usr/local/include   -fvisibility=hidden -fpic  -g -O2  -c list-combine.c -o list-combine.o
gcc -I"/opt/R/4.5.3/lib/R/include" -DNDEBUG -I./rlang  -I/usr/local/include   -fvisibility=hidden -fpic  -g -O2  -c list-unchop.c -o list-unchop.o
gcc -I"/opt/R/4.5.3/lib/R/include" -DNDEBUG -I./rlang  -I/usr/local/include   -fvisibility=hidden -fpic  -g -O2  -c match-joint.c -o match-joint.o
gcc -I"/opt/R/4.5.3/lib/R/include" -DNDEBUG -I./rlang  -I/usr/local/include   -fvisibility=hidden -fpic  -g -O2  -c match.c -o match.o
gcc -I"/opt/R/4.5.3/lib/R/include" -DNDEBUG -I./rlang  -I/usr/local/include   -fvisibility=hidden -fpic  -g -O2  -c missing.c -o missing.o
gcc -I"/opt/R/4.5.3/lib/R/include" -DNDEBUG -I./rlang  -I/usr/local/include   -fvisibility=hidden -fpic  -g -O2  -c names.c -o names.o
gcc -I"/opt/R/4.5.3/lib/R/include" -DNDEBUG -I./rlang  -I/usr/local/include   -fvisibility=hidden -fpic  -g -O2  -c order-collate.c -o order-collate.o
gcc -I"/opt/R/4.5.3/lib/R/include" -DNDEBUG -I./rlang  -I/usr/local/include   -fvisibility=hidden -fpic  -g -O2  -c order-groups.c -o order-groups.o
gcc -I"/opt/R/4.5.3/lib/R/include" -DNDEBUG -I./rlang  -I/usr/local/include   -fvisibility=hidden -fpic  -g -O2  -c order-sortedness.c -o order-sortedness.o
gcc -I"/opt/R/4.5.3/lib/R/include" -DNDEBUG -I./rlang  -I/usr/local/include   -fvisibility=hidden -fpic  -g -O2  -c order.c -o order.o
gcc -I"/opt/R/4.5.3/lib/R/include" -DNDEBUG -I./rlang  -I/usr/local/include   -fvisibility=hidden -fpic  -g -O2  -c parallel.c -o parallel.o
gcc -I"/opt/R/4.5.3/lib/R/include" -DNDEBUG -I./rlang  -I/usr/local/include   -fvisibility=hidden -fpic  -g -O2  -c poly-op.c -o poly-op.o
gcc -I"/opt/R/4.5.3/lib/R/include" -DNDEBUG -I./rlang  -I/usr/local/include   -fvisibility=hidden -fpic  -g -O2  -c proxy-restore.c -o proxy-restore.o
gcc -I"/opt/R/4.5.3/lib/R/include" -DNDEBUG -I./rlang  -I/usr/local/include   -fvisibility=hidden -fpic  -g -O2  -c proxy.c -o proxy.o
gcc -I"/opt/R/4.5.3/lib/R/include" -DNDEBUG -I./rlang  -I/usr/local/include   -fvisibility=hidden -fpic  -g -O2  -c ptype-common.c -o ptype-common.o
gcc -I"/opt/R/4.5.3/lib/R/include" -DNDEBUG -I./rlang  -I/usr/local/include   -fvisibility=hidden -fpic  -g -O2  -c ptype.c -o ptype.o
gcc -I"/opt/R/4.5.3/lib/R/include" -DNDEBUG -I./rlang  -I/usr/local/include   -fvisibility=hidden -fpic  -g -O2  -c ptype2-dispatch.c -o ptype2-dispatch.o
gcc -I"/opt/R/4.5.3/lib/R/include" -DNDEBUG -I./rlang  -I/usr/local/include   -fvisibility=hidden -fpic  -g -O2  -c ptype2.c -o ptype2.o
gcc -I"/opt/R/4.5.3/lib/R/include" -DNDEBUG -I./rlang  -I/usr/local/include   -fvisibility=hidden -fpic  -g -O2  -c rank.c -o rank.o
gcc -I"/opt/R/4.5.3/lib/R/include" -DNDEBUG -I./rlang  -I/usr/local/include   -fvisibility=hidden -fpic  -g -O2  -c recode.c -o recode.o
gcc -I"/opt/R/4.5.3/lib/R/include" -DNDEBUG -I./rlang  -I/usr/local/include   -fvisibility=hidden -fpic  -g -O2  -c rep.c -o rep.o
gcc -I"/opt/R/4.5.3/lib/R/include" -DNDEBUG -I./rlang  -I/usr/local/include   -fvisibility=hidden -fpic  -g -O2  -c rlang-dev.c -o rlang-dev.o
gcc -I"/opt/R/4.5.3/lib/R/include" -DNDEBUG -I./rlang  -I/usr/local/include   -fvisibility=hidden -fpic  -g -O2  -c rlang.c -o rlang.o
gcc -I"/opt/R/4.5.3/lib/R/include" -DNDEBUG -I./rlang  -I/usr/local/include   -fvisibility=hidden -fpic  -g -O2  -c runs.c -o runs.o
gcc -I"/opt/R/4.5.3/lib/R/include" -DNDEBUG -I./rlang  -I/usr/local/include   -fvisibility=hidden -fpic  -g -O2  -c set.c -o set.o
gcc -I"/opt/R/4.5.3/lib/R/include" -DNDEBUG -I./rlang  -I/usr/local/include   -fvisibility=hidden -fpic  -g -O2  -c shape.c -o shape.o
gcc -I"/opt/R/4.5.3/lib/R/include" -DNDEBUG -I./rlang  -I/usr/local/include   -fvisibility=hidden -fpic  -g -O2  -c size-common.c -o size-common.o
gcc -I"/opt/R/4.5.3/lib/R/include" -DNDEBUG -I./rlang  -I/usr/local/include   -fvisibility=hidden -fpic  -g -O2  -c size.c -o size.o
gcc -I"/opt/R/4.5.3/lib/R/include" -DNDEBUG -I./rlang  -I/usr/local/include   -fvisibility=hidden -fpic  -g -O2  -c slice-array.c -o slice-array.o
gcc -I"/opt/R/4.5.3/lib/R/include" -DNDEBUG -I./rlang  -I/usr/local/include   -fvisibility=hidden -fpic  -g -O2  -c slice-assign-array.c -o slice-assign-array.o
gcc -I"/opt/R/4.5.3/lib/R/include" -DNDEBUG -I./rlang  -I/usr/local/include   -fvisibility=hidden -fpic  -g -O2  -c slice-assign.c -o slice-assign.o
gcc -I"/opt/R/4.5.3/lib/R/include" -DNDEBUG -I./rlang  -I/usr/local/include   -fvisibility=hidden -fpic  -g -O2  -c slice-chop.c -o slice-chop.o
gcc -I"/opt/R/4.5.3/lib/R/include" -DNDEBUG -I./rlang  -I/usr/local/include   -fvisibility=hidden -fpic  -g -O2  -c slice-interleave.c -o slice-interleave.o
gcc -I"/opt/R/4.5.3/lib/R/include" -DNDEBUG -I./rlang  -I/usr/local/include   -fvisibility=hidden -fpic  -g -O2  -c slice.c -o slice.o
gcc -I"/opt/R/4.5.3/lib/R/include" -DNDEBUG -I./rlang  -I/usr/local/include   -fvisibility=hidden -fpic  -g -O2  -c split.c -o split.o
gcc -I"/opt/R/4.5.3/lib/R/include" -DNDEBUG -I./rlang  -I/usr/local/include   -fvisibility=hidden -fpic  -g -O2  -c subscript-loc.c -o subscript-loc.o
gcc -I"/opt/R/4.5.3/lib/R/include" -DNDEBUG -I./rlang  -I/usr/local/include   -fvisibility=hidden -fpic  -g -O2  -c subscript.c -o subscript.o
gcc -I"/opt/R/4.5.3/lib/R/include" -DNDEBUG -I./rlang  -I/usr/local/include   -fvisibility=hidden -fpic  -g -O2  -c type-data-frame.c -o type-data-frame.o
gcc -I"/opt/R/4.5.3/lib/R/include" -DNDEBUG -I./rlang  -I/usr/local/include   -fvisibility=hidden -fpic  -g -O2  -c type-date-time.c -o type-date-time.o
gcc -I"/opt/R/4.5.3/lib/R/include" -DNDEBUG -I./rlang  -I/usr/local/include   -fvisibility=hidden -fpic  -g -O2  -c type-factor.c -o type-factor.o
gcc -I"/opt/R/4.5.3/lib/R/include" -DNDEBUG -I./rlang  -I/usr/local/include   -fvisibility=hidden -fpic  -g -O2  -c type-info.c -o type-info.o
gcc -I"/opt/R/4.5.3/lib/R/include" -DNDEBUG -I./rlang  -I/usr/local/include   -fvisibility=hidden -fpic  -g -O2  -c type-integer64.c -o type-integer64.o
gcc -I"/opt/R/4.5.3/lib/R/include" -DNDEBUG -I./rlang  -I/usr/local/include   -fvisibility=hidden -fpic  -g -O2  -c type-tibble.c -o type-tibble.o
gcc -I"/opt/R/4.5.3/lib/R/include" -DNDEBUG -I./rlang  -I/usr/local/include   -fvisibility=hidden -fpic  -g -O2  -c typeof2-s3.c -o typeof2-s3.o
gcc -I"/opt/R/4.5.3/lib/R/include" -DNDEBUG -I./rlang  -I/usr/local/include   -fvisibility=hidden -fpic  -g -O2  -c typeof2.c -o typeof2.o
gcc -I"/opt/R/4.5.3/lib/R/include" -DNDEBUG -I./rlang  -I/usr/local/include   -fvisibility=hidden -fpic  -g -O2  -c unspecified.c -o unspecified.o
gcc -I"/opt/R/4.5.3/lib/R/include" -DNDEBUG -I./rlang  -I/usr/local/include   -fvisibility=hidden -fpic  -g -O2  -c utils-dispatch.c -o utils-dispatch.o
gcc -I"/opt/R/4.5.3/lib/R/include" -DNDEBUG -I./rlang  -I/usr/local/include   -fvisibility=hidden -fpic  -g -O2  -c utils.c -o utils.o
gcc -I"/opt/R/4.5.3/lib/R/include" -DNDEBUG -I./rlang  -I/usr/local/include   -fvisibility=hidden -fpic  -g -O2  -c version.c -o version.o
gcc -shared -L/opt/R/4.5.3/lib/R/lib -L/usr/local/lib -o vctrs.so altrep-lazy-character.o altrep-rle.o altrep.o arg-counter.o arg.o assert.o bind.o c.o callables.o case-when.o cast-bare.o cast-dispatch.o cast.o compare.o complete.o conditions.o dictionary.o dim.o empty.o encoding.o equal.o expand.o fields.o fill.o globals.o group.o growable.o hash.o if-else.o init.o interval.o list-combine.o list-unchop.o match-joint.o match.o missing.o names.o order-collate.o order-groups.o order-sortedness.o order.o parallel.o poly-op.o proxy-restore.o proxy.o ptype-common.o ptype.o ptype2-dispatch.o ptype2.o rank.o recode.o rep.o rlang-dev.o rlang.o runs.o set.o shape.o size-common.o size.o slice-array.o slice-assign-array.o slice-assign.o slice-chop.o slice-interleave.o slice.o split.o subscript-loc.o subscript.o type-data-frame.o type-date-time.o type-factor.o type-info.o type-integer64.o type-tibble.o typeof2-s3.o typeof2.o unspecified.o utils-dispatch.o utils.o version.o -L/opt/R/4.5.3/lib/R/lib -lR
tlmgr: package repository https://ctan.math.illinois.edu/systems/texlive/tlnet (verified)
tlmgr: no self-updates for tlmgr available
