Cloning into 'repo'...


processing file: template.qmd
1/3              
2/3 [fig-density]
3/3              
output file: template.knit.md

pandoc 
  to: latex
  output-file: template.tex
  standalone: true
  pdf-engine: pdflatex
  variables:
    graphics: true
    tables: true
    secnumdepth: 2
  default-image-extension: pdf
  toc: false
  cite-method: biblatex
  number-sections: true
  
metadata
  block-headings: false
  documentclass: article
  papersize: a4
  fontsize: 11pt
  date: today
  date-format: D MMMM YYYY
  linestretch: 1.5
  geometry:
    - top=2.5cm
    - bottom=2.5cm
    - left=2.5cm
    - right=2.5cm
  biblio-style: authoryear-comp
  colorlinks: true
  number-depth: 2
  knitr:
    opts_chunk:
      echo: false
      warning: false
      message: false
  header-includes:
    - |
      \usepackage{orcidlink}
      \definecolor{mypink}{RGB}{219, 48, 122}
  engines:
    - path: /opt/quarto/share/extension-subtrees/julia-engine/_extensions/julia-engine/julia-engine.js
  title: Our great idea
  author:
    - name: Marie Curie
      affiliations:
        - name: University of Paris
          department: Department of Radiation
          address: Somewhere
          city: Paris
          country: France
          postal-code: PX2039
      email: mcurie.notreal@gmail.com
      corresponding: true
    - name: Genghis Khan
      affiliations:
        - name: Monash University
          department: Department of Econometrics & Business Statistics
          city: Clayton VIC
          country: Australia
          postal-code: 3800
    - name: Monique Ash
      email: Monique.Ash@monash.edu
  abstract: |
    A brief summary of our ideas
  keywords:
    - blah
  bibliography:
    - references.bib
  wpnumber: no/yr
  jelcodes: C10,C14,C22
  blind: false
  cover: true
  

Rendering PDF
running pdflatex - 1
  This is pdfTeX, Version 3.141592653-2.6-1.40.29 (TeX Live 2026) (preloaded format=pdflatex)
   restricted \write18 enabled.
  entering extended mode
  
updating tlmgr

updating existing packages
finding package for setspace.sty
> 1 package to install
> installing setspace (1 of 1)
  This is pdfTeX, Version 3.141592653-2.6-1.40.29 (TeX Live 2026) (preloaded format=pdflatex)
   restricted \write18 enabled.
  entering extended mode
  
finding package for biblatex.sty
> 1 package to install
> installing biblatex (1 of 1)
  This is pdfTeX, Version 3.141592653-2.6-1.40.29 (TeX Live 2026) (preloaded format=pdflatex)
   restricted \write18 enabled.
  entering extended mode
  
finding package for orcidlink.sty
finding package for authoryear-comp.dbx
finding package for biblatex-dm.cfg
> 1 package to install
> installing orcidlink (1 of 1)
  This is pdfTeX, Version 3.141592653-2.6-1.40.29 (TeX Live 2026) (preloaded format=pdflatex)
   restricted \write18 enabled.
  entering extended mode
  
finding package for bera.sty
finding package for authoryear-comp.dbx
finding package for biblatex-dm.cfg
> 1 package to install
> installing bera (1 of 1)
  This is pdfTeX, Version 3.141592653-2.6-1.40.29 (TeX Live 2026) (preloaded format=pdflatex)
   restricted \write18 enabled.
  entering extended mode
  
finding package for mathdesign.sty
finding package for authoryear-comp.dbx
finding package for biblatex-dm.cfg
> 1 package to install
> installing mathdesign (1 of 1)
  This is pdfTeX, Version 3.141592653-2.6-1.40.29 (TeX Live 2026) (preloaded format=pdflatex)
   restricted \write18 enabled.
  entering extended mode
  
finding package for fontaxes.sty
finding package for authoryear-comp.dbx
finding package for biblatex-dm.cfg
> 1 package to install
> installing fontaxes (1 of 1)
  This is pdfTeX, Version 3.141592653-2.6-1.40.29 (TeX Live 2026) (preloaded format=pdflatex)
   restricted \write18 enabled.
  entering extended mode
  
finding package for xpatch.sty
finding package for authoryear-comp.dbx
finding package for biblatex-dm.cfg
> 1 package to install
> installing xpatch (1 of 1)
  This is pdfTeX, Version 3.141592653-2.6-1.40.29 (TeX Live 2026) (preloaded format=pdflatex)
   restricted \write18 enabled.
  entering extended mode
  
finding package for microtype.sty
finding package for authoryear-comp.dbx
finding package for biblatex-dm.cfg
> 1 package to install
> installing microtype (1 of 1)
  This is pdfTeX, Version 3.141592653-2.6-1.40.29 (TeX Live 2026) (preloaded format=pdflatex)
   restricted \write18 enabled.
  entering extended mode
  
finding package for textpos.sty
finding package for authoryear-comp.dbx
finding package for biblatex-dm.cfg
> 1 package to install
> installing textpos (1 of 1)
  This is pdfTeX, Version 3.141592653-2.6-1.40.29 (TeX Live 2026) (preloaded format=pdflatex)
   restricted \write18 enabled.
  entering extended mode
  
finding package for texnansi.enc
finding package for authoryear-comp.dbx
finding package for biblatex-dm.cfg
finding package for template.bbl
> 1 package to install
> installing ly1 (1 of 1)
  This is pdfTeX, Version 3.141592653-2.6-1.40.29 (TeX Live 2026) (preloaded format=pdflatex)
   restricted \write18 enabled.
  entering extended mode
  
finding package for bchb8a.pfb
finding package for authoryear-comp.dbx
finding package for biblatex-dm.cfg
finding package for template.bbl
> 2 packages to install
> installing charter (1 of 2)
> installing tlgs (2 of 2)
WARN: Error encountered when rendering files
ERROR: tlmgr returned a non zero status code
tlmgr install: package tlgs not present in repository.
tlmgr: action install returned an error; continuing.
tlmgr: An error has occurred. See above messages. Exiting.


Stack trace:
    at renderFiles (file:///opt/quarto/bin/quarto.js:136597:49)
    at eventLoopTick (ext:core/01_core.js:179:7)
    at async render (file:///opt/quarto/bin/quarto.js:142225:19)
    at async _Command.actionHandler (file:///opt/quarto/bin/quarto.js:142470:24)
    at async _Command.execute (file:///opt/quarto/bin/quarto.js:102091:7)
    at async _Command.parseCommand (file:///opt/quarto/bin/quarto.js:101968:14)
    at async quarto4 (file:///opt/quarto/bin/quarto.js:187649:5)
    at async file:///opt/quarto/bin/quarto.js:187677:5
    at async file:///opt/quarto/bin/quarto.js:187532:14
    at async mainRunner (file:///opt/quarto/bin/quarto.js:187534:5)
    at async file:///opt/quarto/bin/quarto.js:187670:3
Render failed, retrying once...


processing file: template.qmd
1/3              
2/3 [fig-density]
3/3              
output file: template.knit.md

pandoc 
  to: latex
  output-file: template.tex
  standalone: true
  pdf-engine: pdflatex
  variables:
    graphics: true
    tables: true
    secnumdepth: 2
  default-image-extension: pdf
  toc: false
  cite-method: biblatex
  number-sections: true
  
metadata
  block-headings: false
  documentclass: article
  papersize: a4
  fontsize: 11pt
  date: today
  date-format: D MMMM YYYY
  linestretch: 1.5
  geometry:
    - top=2.5cm
    - bottom=2.5cm
    - left=2.5cm
    - right=2.5cm
  biblio-style: authoryear-comp
  colorlinks: true
  number-depth: 2
  knitr:
    opts_chunk:
      echo: false
      warning: false
      message: false
  header-includes:
    - |
      \usepackage{orcidlink}
      \definecolor{mypink}{RGB}{219, 48, 122}
  engines:
    - path: /opt/quarto/share/extension-subtrees/julia-engine/_extensions/julia-engine/julia-engine.js
  title: Our great idea
  author:
    - name: Marie Curie
      affiliations:
        - name: University of Paris
          department: Department of Radiation
          address: Somewhere
          city: Paris
          country: France
          postal-code: PX2039
      email: mcurie.notreal@gmail.com
      corresponding: true
    - name: Genghis Khan
      affiliations:
        - name: Monash University
          department: Department of Econometrics & Business Statistics
          city: Clayton VIC
          country: Australia
          postal-code: 3800
    - name: Monique Ash
      email: Monique.Ash@monash.edu
  abstract: |
    A brief summary of our ideas
  keywords:
    - blah
  bibliography:
    - references.bib
  wpnumber: no/yr
  jelcodes: C10,C14,C22
  blind: false
  cover: true
  

Rendering PDF
running pdflatex - 1
  This is pdfTeX, Version 3.141592653-2.6-1.40.29 (TeX Live 2026) (preloaded format=pdflatex)
   restricted \write18 enabled.
  entering extended mode
  
generating bibliography
command biber not found, attempting install
finding package for biber
> 1 package to install
> installing biber (1 of 1)
  INFO - This is Biber 2.21
  INFO - Logfile is 'template.blg'
  INFO - Reading 'template.bcf'
  INFO - Found 2 citekeys in bib section 0
  INFO - Processing section 0
  INFO - Looking for bibtex file 'references.bib' for section 0
  INFO - LaTeX decoding ...
  INFO - Found BibTeX data source 'references.bib'
  INFO - Overriding locale 'en-US' defaults 'normalization = NFD' with 'normalization = prenormalized'
  INFO - Overriding locale 'en-US' defaults 'variable = shifted' with 'variable = non-ignorable'
  INFO - Sorting list 'nyt/global//global/global/global' of type 'entry' with template 'nyt' and locale 'en-US'
  INFO - No sort tailoring available for locale 'en-US'
  INFO - Writing 'template.bbl' with encoding 'UTF-8'
  INFO - Output to template.bbl
  
running pdflatex - 2
  This is pdfTeX, Version 3.141592653-2.6-1.40.29 (TeX Live 2026) (preloaded format=pdflatex)
   restricted \write18 enabled.
  entering extended mode
  
running pdflatex - 3
  This is pdfTeX, Version 3.141592653-2.6-1.40.29 (TeX Live 2026) (preloaded format=pdflatex)
   restricted \write18 enabled.
  entering extended mode
  

Output created: template.pdf



processing file: README.qmd
1/3                  
2/3 [unnamed-chunk-1]
Error in `loadNamespace()`:
! there is no package called 'pdftools'
Backtrace:
     x
  1. +-magick::image_write(...)
  2. | \-magick:::assert_image(image)
  3. +-magick::image_convert(...)
  4. | \-magick:::assert_image(image)
  5. +-magick::image_montage(...)
  6. | \-magick:::assert_image(image)
  7. +-magick::image_read_pdf("template.pdf")
  8. \-base::loadNamespace(x)
  9.   \-base::withRestarts(stop(cond), retry_loadNamespace = function() NULL)
 10.     \-base (local) withOneRestart(expr, restarts[[1L]])
 11.       \-base (local) doWithOneRestart(return(expr), restart)

Quitting from README.qmd:7-23 [unnamed-chunk-1]
Execution halted
WARN: Error encountered when rendering files
Render failed, retrying once...


processing file: README.qmd
1/3                  
2/3 [unnamed-chunk-1]
Error in `loadNamespace()`:
! there is no package called 'pdftools'
Backtrace:
     x
  1. +-magick::image_write(...)
  2. | \-magick:::assert_image(image)
  3. +-magick::image_convert(...)
  4. | \-magick:::assert_image(image)
  5. +-magick::image_montage(...)
  6. | \-magick:::assert_image(image)
  7. +-magick::image_read_pdf("template.pdf")
  8. \-base::loadNamespace(x)
  9.   \-base::withRestarts(stop(cond), retry_loadNamespace = function() NULL)
 10.     \-base (local) withOneRestart(expr, restarts[[1L]])
 11.       \-base (local) doWithOneRestart(return(expr), restart)

Quitting from README.qmd:7-23 [unnamed-chunk-1]
Execution halted
WARN: Error encountered when rendering files
