Cloning into 'repo'...
Using CPython 3.13.9 interpreter at: /usr/local/python/current/bin/python
Creating virtual environment at: .venv
Activate with: source .venv/bin/activate
Resolved 11 packages in 168ms
Downloading fonttools (4.7MiB)
Downloading numpy (15.9MiB)
Downloading kiwisolver (1.4MiB)
Downloading matplotlib (8.3MiB)
Downloading pillow (6.8MiB)
 Downloaded kiwisolver
 Downloaded pillow
 Downloaded fonttools
 Downloaded matplotlib
 Downloaded numpy
Prepared 11 packages in 471ms
Installed 11 packages in 242ms
 + contourpy==1.3.3
 + cycler==0.12.1
 + fonttools==4.62.1
 + kiwisolver==1.5.0
 + matplotlib==3.10.8
 + numpy==2.4.4
 + packaging==26.0
 + pillow==12.2.0
 + pyparsing==3.3.2
 + python-dateutil==2.9.0.post0
 + six==1.17.0

Starting python3 kernel...Traceback (most recent call last):
  File "/opt/quarto/share/jupyter/jupyter.py", line 20, in <module>
    from notebook import notebook_execute, RestartKernel
  File "/opt/quarto/share/jupyter/notebook.py", line 15, in <module>
    from yaml import safe_load as parse_string
ModuleNotFoundError: No module named 'yaml'
Python 3 installation:
{}

Jupyter is not available in this Python installation.
Install with python3 -m pip install jupyter

WARN: Error encountered when rendering files
Render failed, retrying once...

Starting python3 kernel...Traceback (most recent call last):
  File "/opt/quarto/share/jupyter/jupyter.py", line 20, in <module>
    from notebook import notebook_execute, RestartKernel
  File "/opt/quarto/share/jupyter/notebook.py", line 15, in <module>
    from yaml import safe_load as parse_string
ModuleNotFoundError: No module named 'yaml'
Python 3 installation:
{}

Jupyter is not available in this Python installation.
Install with python3 -m pip install jupyter

WARN: Error encountered when rendering files
