

processing file: example.qmd

1/3
             

2/3 [parameters]

3/3             

output file: example.knit.md


pandoc 

  to: html
  output-file: example.html
  standalone: true
  embed-resources: true
  section-divs: true
  html-math-method: mathjax
  wrap: none
  default-image-extension: png
  variables: {}
  

metadata

  document-css: false
  link-citations: true
  date-format: long
  lang: en
  engines:
    - path: /opt/quarto/share/extension-subtrees/julia-engine/_extensions/julia-engine/julia-engine.js
  title: Quarto Style Text Extension Example
  abstract: This is an example document of quarto style text extension.
  

[WARNING] 
Could not fetch resource https://cdnjs.cloudflare.com/polyfill/v3/polyfill.min.js?features=es6: HttpExceptionRequest Request {
 
   host                 = "cdnjs.cloud
flare.com"
    port           
      = 443
    secure    
           = True
    reque
stHeaders       = []
    
path                 = "
/polyfill/v3/polyfill.mi
n.js"
    queryString   
       = "?features=es6"

    method            
   = "GET"
    proxy   
             = Nothing

    rawBody              = False
    redirectCount        = 10
    responseTimeout      = ResponseTimeoutDefault
    requestVersion       = HTTP/1.1
    proxySecureMode
      = ProxySecureWithConnect
  }
  
 (ConnectionFailure Networ
k.Socket.getAddrInfo (
called with preferred
 socket type/protocol
: AddrInfo {addrFlags
 = [AI_ADDRCONFIG], 
addrFamily = AF_UNSP
EC, addrSocketType 
= Stream, addrProtoc
ol = 0, addrAddress 
= 0.0.0.0:0, addrCa
nonName = Nothing}, host 
name: "cdnjs.cloudflare
.com", service name:
 "443"): does not e
xist (Try again))

Output created: example.html


