

processing file: qripper-output-dir.qmd

1/5                 

2/5 [r-example]     

3/5                 

4/5 [python-example]

Downloading cpython-3.12.13-linux-x86_64-gnu (download) (32.3MiB)

 Downloaded cpython-3.12.13-linux-x86_64-gnu (download)

Downloading numpy (15.9MiB)

 Downloaded numpy

Installed 1 package in 187ms

5/5                 

output file: qripper-output-dir.knit.md




processing file: qripper-custom-placement.qmd

1/7                  

2/7 [r-analysis]     

3/7                  

4/7 [python-analysis]

5/7                  

6/7 [r-plotting]     

7/7                  

output file: qripper-custom-placement.knit.md


[ripper] Configuration loaded: include_yaml=true, script_links_position=custom, output_name=auto, output_dir=same as document, debug=true

[ripper] Skipping unsupported language: markdown

[ripper] Skipping unsupported language: markdown
[ripper] Initialized storage for language: r

[ripper] Collected code block for language: r (28 bytes)
[ripper] Initialized storage for language: python
[ripper] Collected code block for language: python (70 bytes)

[ripper] === Starting document processing ===

[ripper] Output base name: qripper-custom-placement
[ripper] Writing all scripts with base name: qripper-custom-placement
[ripper] Found code blocks in 2 language(s)
[ripper] Building content for python with 1 code block(s)
[ripper] Building YAML header for python
[ripper] Writing file: qripper-custom-placement.py (130 bytes)

[ripper] Successfully wrote qripper-custom-placement.py
[ripper] Building content for r with 1 code block(s)
[ripper] Building YAML header for r

[ripper] Writing file: qripper-custom-placement.R (88 bytes)

[ripper] Successfully wrote qripper-custom-placement.R
[ripper] Successfully created 2 file(s)
[ripper] Creating script links section with 2 file(s)

[ripper] Insert position: custom
[ripper] Searching for custom position div: #ripper-links

[ripper] Found custom position div at block 10, inserting 3 block(s)
[ripper] === Document processing complete ===



processing file: qripper-default-config.qmd

1/5                     

2/5 [simple-calculation]

3/5                     

4/5 [python-calculation]

5/5                     

output file: qripper-default-config.knit.md




processing file: qripper-revealjs-slides.qmd

1/5                  

2/5 [unnamed-chunk-1]

3
/5                  

4/5 [unnamed-chunk-2]

5/5                  

output file: qripper-revealjs-slides.knit.md




Output created: _site/index.html


