Cloning into 'repo'...
Installing package into '/home/runner/work/quarto-extensions/quarto-extensions/test-23/R/x86_64-pc-linux-gnu-library/4.5'
(as 'lib' is unspecified)
trying URL 'https://packagemanager.posit.co/cran/__linux__/jammy/latest/src/contrib/renv_1.1.8.tar.gz'
Content type 'binary/octet-stream' length 2336300 bytes (2.2 MB)
==================================================
downloaded 2.2 MB

* installing *binary* package 'renv' ...
* DONE (renv)

The downloaded source packages are in
	'/tmp/Rtmpiv7naG/downloaded_packages'
The R temporary directory appears to be within a folder mounted as 'noexec'.
Installation of R packages from sources may fail.
See the section **Note** within `?INSTALL` for more details.

tempdir(): /tmp/Rtmpiv7naG
/usr/local/bin/tlmgr: open(>/opt/tinytex/tlpkg/texlive.tlpdb.tmp) failed: Permission denied at /opt/tinytex/tlpkg/TeXLive/TLPDB.pm line 611.
CTAN mirror https://ctan.math.utah.edu/ctan/tex-archive/systems/texlive/tlnet failed, trying next...
/usr/local/bin/tlmgr: open(>/opt/tinytex/tlpkg/texlive.tlpdb.tmp) failed: Permission denied at /opt/tinytex/tlpkg/TeXLive/TLPDB.pm line 611.
CTAN mirror https://ctan.math.illinois.edu/systems/texlive/tlnet failed, trying next...
/usr/local/bin/tlmgr: open(>/opt/tinytex/tlpkg/texlive.tlpdb.tmp) failed: Permission denied at /opt/tinytex/tlpkg/TeXLive/TLPDB.pm line 611.
CTAN mirror https://mirrors.rit.edu/CTAN/systems/texlive/tlnet failed, trying next...
/usr/local/bin/tlmgr: open(>/opt/tinytex/tlpkg/texlive.tlpdb.tmp) failed: Permission denied at /opt/tinytex/tlpkg/TeXLive/TLPDB.pm line 611.
CTAN mirror https://mirror.ctan.org/systems/texlive/tlnet failed, trying next...
All CTAN mirrors failed. LaTeX packages may not install.
[1/8] index.qmd
[2/8] qripper-faq.qmd
[3/8] qripper-release-notes.qmd
[4/8] qripper-output-dir.qmd


processing file: qripper-output-dir.qmd
1/5                 
2/5 [r-example]     
3/5                 
4/5 [python-example]
Downloading cpython-3.12.13-linux-x86_64-gnu (download) (32.3MiB)
 Downloaded cpython-3.12.13-linux-x86_64-gnu (download)
Downloading numpy (15.9MiB)
 Downloaded numpy
Installed 1 package in 184ms
5/5                 
output file: qripper-output-dir.knit.md

[5/8] qripper-custom-placement.qmd


processing file: qripper-custom-placement.qmd
1/7                  
2/7 [r-analysis]     
3/7                  
4/7 [python-analysis]
5/7                  
6/7 [r-plotting]     
7/7                  
output file: qripper-custom-placement.knit.md

[ripper] Configuration loaded: include_yaml=true, script_links_position=custom, output_name=auto, output_dir=same as document, debug=true
[ripper] Skipping unsupported language: markdown
[ripper] Skipping unsupported language: markdown
[ripper] Initialized storage for language: r
[ripper] Collected code block for language: r (28 bytes)
[ripper] Initialized storage for language: python
[ripper] Collected code block for language: python (70 bytes)
[ripper] === Starting document processing ===
[ripper] Output base name: qripper-custom-placement
[ripper] Writing all scripts with base name: qripper-custom-placement
[ripper] Found code blocks in 2 language(s)
[ripper] Building content for r with 1 code block(s)
[ripper] Building YAML header for r
[ripper] Writing file: qripper-custom-placement.R (88 bytes)
[ripper] Successfully wrote qripper-custom-placement.R
[ripper] Building content for python with 1 code block(s)
[ripper] Building YAML header for python
[ripper] Writing file: qripper-custom-placement.py (130 bytes)
[ripper] Successfully wrote qripper-custom-placement.py
[ripper] Successfully created 2 file(s)
[ripper] Creating script links section with 2 file(s)
[ripper] Insert position: custom
[ripper] Searching for custom position div: #ripper-links
[ripper] Found custom position div at block 10, inserting 3 block(s)
[ripper] === Document processing complete ===
[6/8] qripper-default-config.qmd


processing file: qripper-default-config.qmd
1/5                     
2/5 [simple-calculation]
3/5                     
4/5 [python-calculation]
5/5                     
output file: qripper-default-config.knit.md

[7/8] qripper-revealjs-slides.qmd


processing file: qripper-revealjs-slides.qmd
1/5                  
2/5 [unnamed-chunk-1]
3/5                  
4/5 [unnamed-chunk-2]
5/5                  
output file: qripper-revealjs-slides.knit.md

[8/8] qripper-revealjs.qmd

Output created: _site/index.html

