pandoc 

  to: html
  output-file: qstamp-release-notes.html
  standalone: true
  title-prefix: colab
  section-divs: true
  html-math-method: mathjax
  wrap: none
  default-image-extension: png
  toc: true
  variables: {}
  

metadata

  document-css: false
  link-citations: true
  date-format: long
  lang: en
  engines:
    - path: /opt/quarto/share/extension-subtrees/julia-engine/_extensions/julia-engine/julia-engine.js
  title: Release Notes
  date: 02-24-2024
  date-modified: last-modified
  

Output created: _site/qstamp-release-notes.html


