Cloning into 'repo'...
Error: Error installing package 'rlang':
=================================

* installing *source* package 'rlang' ...
** this is package 'rlang' version '1.1.6'
** package 'rlang' successfully unpacked and MD5 sums checked
** using staged installation
** libs
using C compiler: 'gcc (Ubuntu 11.4.0-1ubuntu1~22.04.3) 11.4.0'
gcc -I"/opt/R/4.6.0/lib/R/include" -DNDEBUG -I./rlang/  -I/usr/local/include   -fvisibility=hidden -fpic  -g -O2  -c capture.c -o capture.o
capture.c: In function 'new_captured_promise':
capture.c:39:20: warning: implicit declaration of function 'PRENV' [-Wimplicit-function-declaration]
   39 |         expr_env = PRENV(expr);
      |                    ^~~~~
capture.c:39:18: warning: assignment to 'SEXP' {aka 'struct SEXPREC *'} from 'int' makes pointer from integer without a cast [-Wint-conversion]
   39 |         expr_env = PRENV(expr);
      |                  ^
capture.c:40:16: warning: implicit declaration of function 'PREXPR' [-Wimplicit-function-declaration]
   40 |         expr = PREXPR(expr);
      |                ^~~~~~
capture.c:40:14: warning: assignment to 'SEXP' {aka 'struct SEXPREC *'} from 'int' makes pointer from integer without a cast [-Wint-conversion]
   40 |         expr = PREXPR(expr);
      |              ^
In file included from capture.c:1:
capture.c: In function 'rlang_capturearginfo':
/opt/R/4.6.0/lib/R/include/Rinternals.h:920:33: warning: implicit declaration of function 'Rf_findVarInFrame3'; did you mean 'findVarInFrame3'? [-Wimplicit-function-declaration]
  920 | #define findVarInFrame3         Rf_findVarInFrame3
      |                                 ^~~~~~~~~~~~~~~~~~
capture.c:70:16: note: in expansion of macro 'findVarInFrame3'
   70 |     SEXP sym = findVarInFrame3(rho, install("arg"), TRUE);
      |                ^~~~~~~~~~~~~~~
/opt/R/4.6.0/lib/R/include/Rinternals.h:920:33: warning: initialization of 'SEXP' {aka 'struct SEXPREC *'} from 'int' makes pointer from integer without a cast [-Wint-conversion]
  920 | #define findVarInFrame3         Rf_findVarInFrame3
      |                                 ^~~~~~~~~~~~~~~~~~
capture.c:70:16: note: in expansion of macro 'findVarInFrame3'
   70 |     SEXP sym = findVarInFrame3(rho, install("arg"), TRUE);
      |                ^~~~~~~~~~~~~~~
capture.c:80:9: warning: assignment to 'SEXP' {aka 'struct SEXPREC *'} from 'int' makes pointer from integer without a cast [-Wint-conversion]
   80 |     sym = PREXPR(sym);
      |         ^
In file included from capture.c:1:
/opt/R/4.6.0/lib/R/include/Rinternals.h:918:33: warning: implicit declaration of function 'Rf_findVar'; did you mean 'Rf_findFun'? [-Wimplicit-function-declaration]
  918 | #define findVar                 Rf_findVar
      |                                 ^~~~~~~~~~
capture.c:94:15: note: in expansion of macro 'findVar'
   94 |         arg = findVar(sym, frame);
      |               ^~~~~~~
capture.c:94:13: warning: assignment to 'SEXP' {aka 'struct SEXPREC *'} from 'int' makes pointer from integer without a cast [-Wint-conversion]
   94 |         arg = findVar(sym, frame);
      |             ^
In file included from capture.c:1:
capture.c: In function 'capturedots':
/opt/R/4.6.0/lib/R/include/Rinternals.h:918:33: warning: passing argument 1 of 'Rf_protect' makes pointer from integer without a cast [-Wint-conversion]
  918 | #define findVar                 Rf_findVar
/opt/R/4.6.0/lib/R/include/Rinternals.h:357:36: note: in definition of macro 'PROTECT'
  357 | #define PROTECT(s)      Rf_protect(s)
      |                                    ^
capture.c:113:25: note: in expansion of macro 'findVar'
  113 |     SEXP dots = PROTECT(findVar(R_DotsSymbol, frame));
      |                         ^~~~~~~
In file included from capture.c:1:
/opt/R/4.6.0/lib/R/include/Rinternals.h:1117:17: note: expected 'SEXP' {aka 'struct SEXPREC *'} but argument is of type 'int'
 1117 | SEXP Rf_protect(SEXP);
      |                 ^~~~
In file included from capture.c:1:
capture.c: In function 'capturedot':
/opt/R/4.6.0/lib/R/include/Rinternals.h:918:33: warning: passing argument 1 of 'Rf_protect' makes pointer from integer without a cast [-Wint-conversion]
  918 | #define findVar                 Rf_findVar
/opt/R/4.6.0/lib/R/include/Rinternals.h:357:36: note: in definition of macro 'PROTECT'
  357 | #define PROTECT(s)      Rf_protect(s)
      |                                    ^
capture.c:177:25: note: in expansion of macro 'findVar'
  177 |     SEXP dots = PROTECT(findVar(R_DotsSymbol, frame));
      |                         ^~~~~~~
In file included from capture.c:1:
/opt/R/4.6.0/lib/R/include/Rinternals.h:1117:17: note: expected 'SEXP' {aka 'struct SEXPREC *'} but argument is of type 'int'
 1117 | SEXP Rf_protect(SEXP);
      |                 ^~~~
gcc -I"/opt/R/4.6.0/lib/R/include" -DNDEBUG -I./rlang/  -I/usr/local/include   -fvisibility=hidden -fpic  -g -O2  -c internal.c -o internal.o
In file included from ./rlang/rlang.h:44,
                 from internal/internal.c:2,
                 from internal.c:1:
./rlang/obj.h: In function 'r_mark_object':
./rlang/obj.h:60:3: warning: implicit declaration of function 'SET_OBJECT' [-Wimplicit-function-declaration]
   60 |   SET_OBJECT(x, 1);
      |   ^~~~~~~~~~
./rlang/obj.h: In function 'r_is_object':
./rlang/obj.h:68:10: warning: implicit declaration of function 'OBJECT' [-Wimplicit-function-declaration]
   68 |   return OBJECT(x);
      |          ^~~~~~
./rlang/obj.h: In function 'r_poke_type':
./rlang/obj.h:95:3: warning: implicit declaration of function 'SET_TYPEOF'; did you mean 'TYPEOF'? [-Wimplicit-function-declaration]
   95 |   SET_TYPEOF(x, type);
      |   ^~~~~~~~~~
      |   TYPEOF
In file included from ./rlang/rlang.h:49,
                 from internal/internal.c:2,
                 from internal.c:1:
./rlang/attrib.h: In function 'r_attrib':
./rlang/attrib.h:13:10: warning: implicit declaration of function 'ATTRIB' [-Wimplicit-function-declaration]
   13 |   return ATTRIB(x);
      |          ^~~~~~
./rlang/attrib.h:13:10: warning: returning 'int' from a function with return type 'r_obj *' {aka 'struct SEXPREC *'} makes pointer from integer without a cast [-Wint-conversion]
   13 |   return ATTRIB(x);
      |          ^~~~~~~~~
./rlang/attrib.h: In function 'r_poke_attrib':
./rlang/attrib.h:17:3: warning: implicit declaration of function 'SET_ATTRIB'; did you mean 'ANY_ATTRIB'? [-Wimplicit-function-declaration]
   17 |   SET_ATTRIB(x, attrs);
      |   ^~~~~~~~~~
      |   ANY_ATTRIB
In file included from ./rlang/rlang.h:58,
                 from internal/internal.c:2,
                 from internal.c:1:
./rlang/env.h: In function 'r_env_parent':
./rlang/env.h:37:10: warning: implicit declaration of function 'ENCLOS' [-Wimplicit-function-declaration]
   37 |   return ENCLOS(env);
      |          ^~~~~~
./rlang/env.h:37:10: warning: returning 'int' from a function with return type 'r_obj *' {aka 'struct SEXPREC *'} makes pointer from integer without a cast [-Wint-conversion]
   37 |   return ENCLOS(env);
      |          ^~~~~~~~~~~
./rlang/env.h: In function 'r_env_poke_parent':
./rlang/env.h:41:3: warning: implicit declaration of function 'SET_ENCLOS' [-Wimplicit-function-declaration]
   41 |   SET_ENCLOS(env, new_parent);
      |   ^~~~~~~~~~
./rlang/env.h: In function 'r_env_find':
./rlang/env.h:55:10: warning: implicit declaration of function 'Rf_findVarInFrame3' [-Wimplicit-function-declaration]
   55 |   return Rf_findVarInFrame3(env, sym, FALSE);
      |          ^~~~~~~~~~~~~~~~~~
./rlang/env.h:55:10: warning: returning 'int' from a function with return type 'r_obj *' {aka 'struct SEXPREC *'} makes pointer from integer without a cast [-Wint-conversion]
   55 |   return Rf_findVarInFrame3(env, sym, FALSE);
      |          ^~~~~~~~~~~~~~~~~~~~~~~~~~~~~~~~~~~
./rlang/env.h: In function 'r_env_find_anywhere':
./rlang/env.h:59:10: warning: implicit declaration of function 'Rf_findVar'; did you mean 'Rf_findFun'? [-Wimplicit-function-declaration]
   59 |   return Rf_findVar(sym, env);
      |          ^~~~~~~~~~
      |          Rf_findFun
./rlang/env.h:59:10: warning: returning 'int' from a function with return type 'r_obj *' {aka 'struct SEXPREC *'} makes pointer from integer without a cast [-Wint-conversion]
   59 |   return Rf_findVar(sym, env);
      |          ^~~~~~~~~~~~~~~~~~~~
./rlang/env.h: In function 'r_alloc_empty_environment':
./rlang/env.h:145:16: warning: implicit declaration of function 'Rf_allocSExp'; did you mean 'Rf_allocList'? [-Wimplicit-function-declaration]
  145 |   r_obj* env = Rf_allocSExp(R_TYPE_environment);
      |                ^~~~~~~~~~~~
      |                Rf_allocList
./rlang/env.h:145:16: warning: initialization of 'r_obj *' {aka 'struct SEXPREC *'} from 'int' makes pointer from integer without a cast [-Wint-conversion]
In file included from ./rlang/rlang.h:62,
                 from internal/internal.c:2,
                 from internal.c:1:
./rlang/fn.h: In function 'r_fn_poke_body':
./rlang/fn.h:15:3: warning: implicit declaration of function 'SET_BODY' [-Wimplicit-function-declaration]
   15 |   SET_BODY(fn, body);
      |   ^~~~~~~~
./rlang/fn.h: In function 'r_fn_env':
./rlang/fn.h:20:10: warning: implicit declaration of function 'CLOENV' [-Wimplicit-function-declaration]
   20 |   return CLOENV(fn);
      |          ^~~~~~
./rlang/fn.h:20:10: warning: returning 'int' from a function with return type 'r_obj *' {aka 'struct SEXPREC *'} makes pointer from integer without a cast [-Wint-conversion]
   20 |   return CLOENV(fn);
      |          ^~~~~~~~~~
./rlang/fn.h: In function 'r_fn_poke_env':
./rlang/fn.h:24:3: warning: implicit declaration of function 'SET_CLOENV' [-Wimplicit-function-declaration]
   24 |   SET_CLOENV(fn, env);
      |   ^~~~~~~~~~
./rlang/fn.h: In function 'r_new_function':
./rlang/fn.h:29:13: warning: initialization of 'SEXP' {aka 'struct SEXPREC *'} from 'int' makes pointer from integer without a cast [-Wint-conversion]
   29 |   SEXP fn = Rf_allocSExp(R_TYPE_closure);
      |             ^~~~~~~~~~~~
./rlang/fn.h:30:3: warning: implicit declaration of function 'SET_FORMALS' [-Wimplicit-function-declaration]
   30 |   SET_FORMALS(fn, formals);
      |   ^~~~~~~~~~~
In file included from internal/internal.c:13,
                 from internal.c:1:
internal/dots-ellipsis.c: In function 'ellipsis_promise_forced':
internal/dots-ellipsis.c:59:12: warning: implicit declaration of function 'PRVALUE' [-Wimplicit-function-declaration]
   59 |     return PRVALUE(x) != r_syms.unbound;
      |            ^~~~~~~
internal/dots-ellipsis.c:59:23: warning: comparison between pointer and integer
   59 |     return PRVALUE(x) != r_syms.unbound;
      |                       ^~
In file included from internal/internal.c:19,
                 from internal.c:1:
internal/exported.c: In function 'ffi_ns_registry_env':
internal/exported.c:509:10: error: 'R_NamespaceRegistry' undeclared (first use in this function)
  509 |   return R_NamespaceRegistry;
      |          ^~~~~~~~~~~~~~~~~~~
internal/exported.c:509:10: note: each undeclared identifier is reported only once for each function it appears in
In file included from internal/internal.c:19,
                 from internal.c:1:
internal/exported.c: In function 'ffi_true_length':
internal/exported.c:704:16: warning: implicit declaration of function 'XTRUELENGTH'; did you mean 'XLENGTH'? [-Wimplicit-function-declaration]
  704 |   return r_int(XTRUELENGTH(x));
      |                ^~~~~~~~~~~
      |                XLENGTH
internal/exported.c: In function 'ffi_promise_expr':
internal/exported.c:767:10: warning: implicit declaration of function 'PREXPR'; did you mean 'PRIXPTR'? [-Wimplicit-function-declaration]
  767 |   return PREXPR(prom);
      |          ^~~~~~
      |          PRIXPTR
internal/exported.c:767:10: warning: returning 'int' from a function with return type 'r_obj *' {aka 'struct SEXPREC *'} makes pointer from integer without a cast [-Wint-conversion]
  767 |   return PREXPR(prom);
      |          ^~~~~~~~~~~~
internal/exported.c: In function 'ffi_promise_env':
internal/exported.c:771:10: warning: implicit declaration of function 'PRENV' [-Wimplicit-function-declaration]
  771 |   return PRENV(prom);
      |          ^~~~~
internal/exported.c:771:10: warning: returning 'int' from a function with return type 'r_obj *' {aka 'struct SEXPREC *'} makes pointer from integer without a cast [-Wint-conversion]
  771 |   return PRENV(prom);
      |          ^~~~~~~~~~~
internal/exported.c: In function 'ffi_promise_value':
internal/exported.c:775:18: warning: initialization of 'r_obj *' {aka 'struct SEXPREC *'} from 'int' makes pointer from integer without a cast [-Wint-conversion]
  775 |   r_obj* value = PRVALUE(prom);
      |                  ^~~~~~~
internal/exported.c: In function 'ffi_find_var':
internal/exported.c:784:10: warning: returning 'int' from a function with return type 'r_obj *' {aka 'struct SEXPREC *'} makes pointer from integer without a cast [-Wint-conversion]
  784 |   return Rf_findVar(sym, env);
      |          ^~~~~~~~~~~~~~~~~~~~
internal/exported.c: In function 'ffi_find_var_in_frame':
internal/exported.c:787:10: warning: implicit declaration of function 'Rf_findVarInFrame'; did you mean 'R_existsVarInFrame'? [-Wimplicit-function-declaration]
  787 |   return Rf_findVarInFrame(env, sym);
      |          ^~~~~~~~~~~~~~~~~
      |          R_existsVarInFrame
internal/exported.c:787:10: warning: returning 'int' from a function with return type 'r_obj *' {aka 'struct SEXPREC *'} makes pointer from integer without a cast [-Wint-conversion]
  787 |   return Rf_findVarInFrame(env, sym);
      |          ^~~~~~~~~~~~~~~~~~~~~~~~~~~
make: *** [/opt/R/4.6.0/lib/R/etc/Makeconf:190: internal.o] Error 1
ERROR: compilation failed for package 'rlang'
* removing '/home/runner/work/quarto-extensions/quarto-extensions/test-10/repo/renv/staging/1/rlang'
install of package 'rlang' failed [error code 1]
Execution halted
renv restore failed for kazuyanagimoto/quarto-clean-typst.
Dependency install failed (exit 1) for kazuyanagimoto/quarto-clean-typst.
