

pandoc 

  to: html
  output-file: getting_started.html
  standalone: true
  title-prefix: acronyms
  section-divs: true
  html-math-method: mathjax
  wrap: none
  default-image-extension: png
  toc: true
  variables: {}
  

metadata

  document-css: false
  link-citations: true
  date-format: long
  lang: en
  engines:
    - path: /opt/quarto/share/extension-subtrees/julia-engine/_extensions/julia-engine/julia-engine.js
  theme: cosmo
  title: Introduction to acronyms
  description: |
    Learn how to get started with the basics of the **acronyms** extension.
  

Output created: _site/getting_started.html


