


Starting python3 kernel...
[IPKernelApp] WARNING | Kernel is running over TCP without encryption. All communication (including code and outputs) is sent in plain text and is susceptible to eavesdropping. Use IPC transport or launch with kernel manager-provisioned CurveZMQ keys to enable transport encryption.

Done


Executing 'index.quarto_ipynb'



pandoc 

  to: html
  from: markdown+emoji
  output-file: index.html
  standalone: true
  title-prefix: acronyms
  section-divs: true
  html-math-method: mathjax
  wrap: none
  default-image-extension: png
  toc: true
  variables: {}
  

metadata

  pagetitle: acronyms
  document-css: false
  link-citations: true
  date-format: long
  lang: en
  engines:
    - path: /opt/quarto/share/extension-subtrees/julia-engine/_extensions/julia-engine/julia-engine.js
  theme: cosmo
  

Output created: _site/index.html


