pandoc 

  to: markdown
  output-file: input.md
  standalone: true
  default-image-extension: png
  markdown-headings: atx
  wrap: preserve
  variables: {}
  

metadata

  engines:
    - path: /opt/quarto/share/extension-subtrees/julia-engine/_extensions/julia-engine/julia-engine.js
  keep-yaml: false
  acronyms:
    sorting: alphabetical-case-insensitive
    include_unused: false
    keys:
      - shortname: Qt
        longname: Quarto
      - shortname: iQt
        longname: inside-Quarto
      - shortname: aA
        longname: alphabetically
      - shortname: H
        longname: handle
  

FATAL (/opt/quarto/share/filters/main.lua:3760) An error occurred:
Could not run /home/runner/work/quarto-extensions/quarto-extensions/test-19/repo/tests/20-sorting-alphabetical-case-insensitive/acronyms as a JSON filter.
Please make sure the file exists and is executable.

Did you intend 'acronyms' as a Lua filter in an extension?
If so, make sure you've spelled the name of the extension correctly.

The original Pandoc error follows below.
Error running filter /home/runner/work/quarto-extensions/quarto-extensions/test-19/repo/tests/20-sorting-alphabetical-case-insensitive/acronyms:
Could not find executable /home/runner/work/quarto-extensions/quarto-extensions/test-19/repo/tests/20-sorting-alphabetical-case-insensitive/acronyms

Error runnin
g filter /opt/quarto/share/filters/main.lua:
/opt/quarto/share/filters/main.lua:588: FATAL QUARTO ERROR
stack traceback:
	/opt/quarto/share/fi
lters/main.lua:2622: in function 'fatal'
	/opt/quarto/share/filters/main.lua:2202: 
in function 'fail'
	/opt/quarto/share/filters/main.lua:3
760: in field 'Pandoc'
	/opt/quarto/share/filters/main.lua:588: in 
function 'run_emulated_filter'
	/opt/quarto/share/filters/main.l
ua:1317: in local 'callback'
	/opt/quarto/share/filter
s/main.lua:1335: in upvalue 'run_emulated_filte
r_chain'
	/opt/quarto/share/filters/main.lua:1371: in fun
ction </opt/quarto/share/filters/main.lua:136
8>

(WARN) Error encountered when rendering files

