pandoc 

  to: html
  output-file: example.html
  standalone: true
  section-divs: true
  html-math-method: mathjax
  wrap: none
  default-image-extension: png
  variables: {}
  

metadata

  document-css: false
  link-citations: true
  date-format: long
  lang: en
  engines:
    - path: /opt/quarto/share/extension-subtrees/julia-engine/_extensions/julia-engine/julia-engine.js
  title: Qreacto
  sidebar: false
  navbar: false
  

MyComponent > react-MyComponent-1z3RL9f7

MyStyledComponent > react-MyStyledComponent-zsM1l66n

EmojiComponent > react-EmojiComponent-VdpIr29Z

RandomWordsComponent > react-RandomWordsComponent-q7WMMRRk

MyNestedComponent > react-MyNestedComponent-VPa6UCLQ

EnvironmentReadingComponent > react-EnvironmentReadingComponent-FUOj6St9

Output created: example.html


