pandoc 

  to: html
  output-file: example.html
  standalone: true
  section-divs: true
  html-math-method: mathjax
  wrap: none
  default-image-extension: png
  variables: {}
  

metadata

  document-css: false
  link-citations: true
  date-format: long
  lang: en
  engines:
    - path: /opt/quarto/share/extension-subtrees/julia-engine/_extensions/julia-engine/julia-engine.js
  title: Qreacto
  sidebar: false
  navbar: false
  

MyComponent > react-MyComponent-XumYhvSN

MyStyledComponent > react-MyStyledComponent-U3lDGqRq

EmojiComponent > react-EmojiComponent-mMk4oJ41

RandomWordsComponent > react-RandomWordsComponent-MCKlD2kp

MyNestedComponent > react-MyNestedComponent-lnt6lraZ

EnvironmentReadingComponent > react-EnvironmentReadingComponent-mexKIQdJ

Output created: example.html


