Cloning into 'repo'...
pandoc 
  to: html
  output-file: example.html
  standalone: true
  section-divs: true
  html-math-method: mathjax
  wrap: none
  default-image-extension: png
  variables: {}
  
metadata
  document-css: false
  link-citations: true
  date-format: long
  lang: en
  engines:
    - path: /opt/quarto/share/extension-subtrees/julia-engine/_extensions/julia-engine/julia-engine.js
  title: Qreacto
  sidebar: false
  navbar: false
  
MyComponent > react-MyComponent-vzydadnd
MyStyledComponent > react-MyStyledComponent-MtYsAepm
EmojiComponent > react-EmojiComponent-QTC0tfUH
RandomWordsComponent > react-RandomWordsComponent-zvSvsLpH
MyNestedComponent > react-MyNestedComponent-UeoLh53g
EnvironmentReadingComponent > react-EnvironmentReadingComponent-bk3WhF8o
Output created: example.html

