Cloning into 'repo'...
pandoc 
  to: html
  output-file: template.html
  standalone: true
  section-divs: true
  html-math-method: mathjax
  wrap: none
  default-image-extension: png
  toc: true
  variables: {}
  
metadata
  document-css: false
  link-citations: true
  date-format: long
  lang: en
  embed-fonts: true
  theme:
    light:
      - _extensions/bookup/bookup.scss
    dark:
      - _extensions/bookup/bookup.scss
      - _extensions/bookup/bookup_dark.scss
  title: ''
  author: ''
  date: today
  
Output created: template.html



processing file: bookup.qmd
1/15               
2/15 [setup]       
3/15               
4/15 [sh]          
5/15               
6/15 [penguins_str]
Error in `library()`:
! there is no package called 'palmerpenguins'
Backtrace:
    x
 1. \-base::library(palmerpenguins)

Quitting from bookup.qmd:49-55 [penguins_str]
Execution halted
WARN: Error encountered when rendering files
Render failed, retrying once...


processing file: bookup.qmd
1/15               
2/15 [setup]       
3/15               
4/15 [sh]          
5/15               
6/15 [penguins_str]
Error in `library()`:
! there is no package called 'palmerpenguins'
Backtrace:
    x
 1. \-base::library(palmerpenguins)

Quitting from bookup.qmd:49-55 [penguins_str]
Execution halted
WARN: Error encountered when rendering files
