Cloning into 'repo'...
pandoc 
  to: latex
  output-file: template.tex
  template: _extensions/quarto-cv/template.tex
  standalone: true
  pdf-engine: pdflatex
  variables:
    graphics: true
    tables: true
  default-image-extension: pdf
  cite-method: biblatex
  
metadata
  block-headings: true
  documentclass: moderncv
  moderncvtheme: classic
  cvoption: blue
  biblatexoptions:
    - style=apa
    - backend=biber
    - sortcites=true
    - sorting=ydnt
  lang: de
  date-format: DD.MM.YYYY
  subbibliography: false
  linkcolor: black
  engines:
    - path: /opt/quarto/share/extension-subtrees/julia-engine/_extensions/julia-engine/julia-engine.js
  date: '2022-12-24'
  vorname: Prof. Dr. Georg
  nachname: Mustermann
  strasse: Reinarzstr. 49
  plz: 47805
  ort: Krefeld
  graduate: Professor für Alles
  telefon: +49 555 822 5555
  email: mustermann@hs-niederrhein.de
  passbild: foto.png
  extrainfo: 'orcid: 0000-0002-XXXX-YYYY'
  bibliography:
    - literatur.bib
  publikationen:
    - list:
        key: auswahl
        title: Publikationen (Auswahl)
  

Rendering PDF
running pdflatex - 1
  This is pdfTeX, Version 3.141592653-2.6-1.40.29 (TeX Live 2026) (preloaded format=pdflatex)
   restricted \write18 enabled.
  entering extended mode
  
updating tlmgr

updating existing packages
finding package for moderncv.cls
> 1 package to install
> installing moderncv (1 of 1)
  This is pdfTeX, Version 3.141592653-2.6-1.40.29 (TeX Live 2026) (preloaded format=pdflatex)
   restricted \write18 enabled.
  entering extended mode
  
finding package for ngerman.ldf
> 1 package to install
> installing babel-german (1 of 1)
  This is pdfTeX, Version 3.141592653-2.6-1.40.29 (TeX Live 2026) (preloaded format=pdflatex)
   restricted \write18 enabled.
  entering extended mode
  
finding package for lastpage.sty
> 1 package to install
> installing lastpage (1 of 1)
  This is pdfTeX, Version 3.141592653-2.6-1.40.29 (TeX Live 2026) (preloaded format=pdflatex)
   restricted \write18 enabled.
  entering extended mode
  
finding package for biblatex.sty
> 1 package to install
> installing biblatex (1 of 1)
  This is pdfTeX, Version 3.141592653-2.6-1.40.29 (TeX Live 2026) (preloaded format=pdflatex)
   restricted \write18 enabled.
  entering extended mode
  
finding package for apa.dbx
finding package for biblatex-dm.cfg
finding package for apa.bbx
> 1 package to install
> installing biblatex-apa (1 of 1)
  This is pdfTeX, Version 3.141592653-2.6-1.40.29 (TeX Live 2026) (preloaded format=pdflatex)
   restricted \write18 enabled.
  entering extended mode
  
generating bibliography
command biber not found, attempting install
finding package for biber
> 1 package to install
> installing biber (1 of 1)
  INFO - This is Biber 2.21
  INFO - Logfile is 'template.blg'
  INFO - Reading 'template.bcf'
  INFO - Using all citekeys in bib section 0
  INFO - Processing section 0
  INFO - Looking for bibtex file 'literatur.bib' for section 0
  INFO - LaTeX decoding ...
  INFO - Found BibTeX data source 'literatur.bib'
  INFO - Overriding locale 'de-DE' defaults 'variable = shifted' with 'variable = non-ignorable'
  INFO - Overriding locale 'de-DE' defaults 'normalization = NFD' with 'normalization = prenormalized'
  INFO - Sorting list 'ydnt/apasortcite//global/global/global' of type 'entry' with template 'ydnt' and locale 'de-DE'
  INFO - No sort tailoring available for locale 'de-DE'
  INFO - Overriding locale 'de-DE' defaults 'normalization = NFD' with 'normalization = prenormalized'
  INFO - Overriding locale 'de-DE' defaults 'variable = shifted' with 'variable = non-ignorable'
  INFO - Sorting list 'ydnt/global//global/global/global' of type 'entry' with template 'ydnt' and locale 'de-DE'
  INFO - No sort tailoring available for locale 'de-DE'
  INFO - Writing 'template.bbl' with encoding 'UTF-8'
  INFO - Output to template.bbl
  
running pdflatex - 2
  This is pdfTeX, Version 3.141592653-2.6-1.40.29 (TeX Live 2026) (preloaded format=pdflatex)
   restricted \write18 enabled.
  entering extended mode
  
running pdflatex - 3
  This is pdfTeX, Version 3.141592653-2.6-1.40.29 (TeX Live 2026) (preloaded format=pdflatex)
   restricted \write18 enabled.
  entering extended mode
  

Output created: template.pdf

pandoc 
  to: latex
  output-file: example-multi-bib.tex
  template: _extensions/quarto-cv/template.tex
  standalone: true
  pdf-engine: pdflatex
  variables:
    graphics: true
    tables: true
  default-image-extension: pdf
  cite-method: biblatex
  
metadata
  block-headings: true
  documentclass: moderncv
  moderncvtheme: casual
  cvoption: green
  biblatexoptions:
    - style=apa
    - backend=biber
    - sortcites=true
    - sorting=ydnt
  lang: de
  date-format: DD.MM.YYYY
  subbibliography: true
  linkcolor: black
  engines:
    - path: /opt/quarto/share/extension-subtrees/julia-engine/_extensions/julia-engine/julia-engine.js
  date: '2022-12-24'
  vorname: Prof. Dr. Georg
  nachname: Mustermann
  strasse: Reinarzstr. 49
  plz: 47805
  ort: Krefeld
  graduate: Professor für Alles
  telefon: +49 555 822 5555
  email: mustermann@hs-niederrhein.de
  passbild: foto.png
  extrainfo: 'orcid: 0000-0002-XXXX-YYYY'
  bibliography:
    - literatur.bib
  publikationen:
    - list:
        key: journal
        title: Zeitschriftenartikel (peer-reviewed)
    - list:
        key: buch
        title: Bücher
    - list:
        key: buchkapitel
        title: Buchkapitel
    - list:
        key: konferenz
        title: Konferenzbeiträge (peer-reviewed)
  

Rendering PDF
running pdflatex - 1
  This is pdfTeX, Version 3.141592653-2.6-1.40.29 (TeX Live 2026) (preloaded format=pdflatex)
   restricted \write18 enabled.
  entering extended mode
  
generating bibliography
  INFO - This is Biber 2.21
  INFO - Logfile is 'example-multi-bib.blg'
  INFO - Reading 'example-multi-bib.bcf'
  INFO - Using all citekeys in bib section 0
  INFO - Processing section 0
  INFO - Looking for bibtex file 'literatur.bib' for section 0
  INFO - LaTeX decoding ...
  INFO - Found BibTeX data source 'literatur.bib'
  INFO - Overriding locale 'de-DE' defaults 'normalization = NFD' with 'normalization = prenormalized'
  INFO - Overriding locale 'de-DE' defaults 'variable = shifted' with 'variable = non-ignorable'
  INFO - Sorting list 'ydnt/apasortcite//global/global/global' of type 'entry' with template 'ydnt' and locale 'de-DE'
  INFO - No sort tailoring available for locale 'de-DE'
  INFO - Overriding locale 'de-DE' defaults 'normalization = NFD' with 'normalization = prenormalized'
  INFO - Overriding locale 'de-DE' defaults 'variable = shifted' with 'variable = non-ignorable'
  INFO - Sorting list 'ydnt/global//global/global/global' of type 'entry' with template 'ydnt' and locale 'de-DE'
  INFO - No sort tailoring available for locale 'de-DE'
  INFO - Writing 'example-multi-bib.bbl' with encoding 'UTF-8'
  INFO - Output to example-multi-bib.bbl
  
running pdflatex - 2
  This is pdfTeX, Version 3.141592653-2.6-1.40.29 (TeX Live 2026) (preloaded format=pdflatex)
   restricted \write18 enabled.
  entering extended mode
  
running pdflatex - 3
  This is pdfTeX, Version 3.141592653-2.6-1.40.29 (TeX Live 2026) (preloaded format=pdflatex)
   restricted \write18 enabled.
  entering extended mode
  

Output created: example-multi-bib.pdf

