

processing file: chunk-figures.qmd

1/11                  

2/11 [unnamed-chunk-1]

3/11                  

4/11 [unnamed-chunk-2]

5/11                  

6/11 [named-single]   

7/11                  

8/11 [named-multi]    

9/11                  

10/11 [with-cap]       

11/11                  

output file: chunk-figures.knit.md


pandoc 

  to: revealjs
  output-file: chunk-figures.html
  standalone: true
  wrap: none
  default-image-extension: png
  html-math-method:
    method: mathjax
    url: >-
      https://cdn.jsdelivr.net/npm/mathjax@2.7.9/MathJax.js?config=TeX-AMS_HTML-full
  slide-level: 2
  variables: {}
  

metadata

  link-citations: true
  width: 1050
  height: 700
  margin: 0.1
  center: false
  navigationMode: linear
  controlsLayout: edges
  controlsTutorial: false
  hash: true
  history: true
  hashOneBasedIndex: false
  fragmentInURL: false
  transition: none
  backgroundTransition: none
  pdfSeparateFragments: false
  lang: en
  auto-stretch: true
  revealjs-plugins:
    - editable
  engines:
    - path: /opt/quarto/share/extension-subtrees/julia-engine/_extensions/julia-engine/julia-engine.js
  theme: default
  

Output created: chunk-figures.html


