Cloning into 'repo'...
[1/8] index.qmd


processing file: index.qmd
1/10                  
2/10 [unnamed-chunk-1]
Error in `library()`:
! there is no package called 'InraeThemes'
Backtrace:
    x
 1. \-base::library(InraeThemes)

Quitting from index.qmd:64-83 [unnamed-chunk-1]
Execution halted
WARN: Error encountered when rendering files
Render failed, retrying once...
[1/8] index.qmd


processing file: index.qmd
1/10                  
2/10 [unnamed-chunk-1]
Error in `library()`:
! there is no package called 'InraeThemes'
Backtrace:
    x
 1. \-base::library(InraeThemes)

Quitting from index.qmd:64-83 [unnamed-chunk-1]
Execution halted
WARN: Error encountered when rendering files
