
Starting python3 kernel...
Done


Executing 'example.quarto_ipynb'



pandoc 

  to: html
  output-file: example.html
  standalone: true
  section-divs: true
  html-math-method: mathjax
  wrap: none
  default-image-extension: png
  variables: {}
  

metadata

  document-css: false
  link-citations: true
  date-format: long
  lang: en
  engines:
    - path: /opt/quarto/share/extension-subtrees/julia-engine/_extensions/julia-engine/julia-engine.js
  Ykeys:
    A: awesome
    B: bold
    D: disastrous
    X:
      d: dumb
  Zkeys:
    a: nice
    'n': 3
  title: Mergemeta Example
  Ykeys-local:
    B: better
    C: cool
    X:
      a: aha
      b: bla
  Xkeys-local:
    x: 42
  mergemeta:
    Ykeys: Ykeys-local
    Xkeys: Xkeys-local
  

merging meta keys
update Ykeys with Ykeys-local
no original key Xkeys - create new from Xkeys-local

WARNING (/opt/quarto/share/filters/main.lua:19059) Unknown meta key Zkeys.a specified in a metadata Shortcode.

Output created: example.html


