pandoc 

  to: latex
  output-file: example.tex
  standalone: true
  pdf-engine: lualatex
  variables:
    graphics: true
    tables: true
  default-image-extension: pdf
  

metadata

  documentclass: scrartcl
  classoption:
    - DIV=11
    - numbers=noendperiod
  papersize: letter
  header-includes:
    - \KOMAoption{captions}{tableheading}
  block-headings: true
  title: Wordcount Example
  subtitle: Example with {{wordcount}} words
  wordcount:
    count-code-blocks: false
    count-inline-code: false
  references:
    - id: knuth1984
      author:
        - Donald Ervin Knuth
        - Duane Bibby
      title: The TeXBook
      year: 1984
  

----------------------------------------
📊 Word Count by Section:
  • Heading           :   55 words (cumulative:    55)
  • Words by section  :   13 words (cumulative:    68)
    • Lower-level...  :    9 words (cumulative:    77)

    • Behavior of...  :   59 words (cumulative:   136)
  • References        :    7 words (cumulative:   143)
----------------------------------------
📝 Footnote words: 9
----------------------------------------
🔎 Total words: 143
----------------------------------------


Rendering PDF

running lualatex - 1

  This is LuaHBTeX, Version 1.24.0 (TeX Live 2026) 
   restricted system commands enabled.
  

updating tlmgr



updating existing packages

finding package for scrartcl.cls

> 1 package to install

> installing koma-script (1 of 1)

  This is LuaHBTeX, Version 1.24.0 (TeX Live 2026) 
   restricted system commands enabled.
  
  luaotfload | db : Font names database not found, generating new one.
  luaotfload | db : This can take several minutes; please be patient.

finding package for caption.sty

> 1 package to install

> installing caption (1 of 1)

  This is LuaHBTeX, Version 1.24.0 (TeX Live 2026) 
   restricted system commands enabled.
  

running lualatex - 2

  This is LuaHBTeX, Version 1.24.0 (TeX Live 2026) 
   restricted system commands enabled.
  



Output created: example.pdf


