pandoc 

  to: pptx
  output-file: div-reuse-pptx.pptx
  default-image-extension: png
  variables: {}
  

metadata

  engines:
    - path: /opt/quarto/share/extension-subtrees/julia-engine/_extensions/julia-engine/julia-engine.js
  title: Div Reuse Quarto Extension
  subtitle: Quarto Extension
  author:
    - name: Mickaël CANOUIL, _Ph.D._
      orcid: 0000-0002-3396-4549
      url: https://mickael.canouil.fr
  div-reuse:
    limit: 1
    vars:
      project: Quarto Extensions
      author:
        name: Mickaël Canouil
      year: 2026
  

(W) [div-reuse] Div "labelled" has been reused but contains 1 Div(s) with an identifier.

(W) [div-reuse] Reuse limit (1) reached for "welcome"; subsequent reuses are skipped.

Output created: div-reuse-pptx.pptx


