Cloning into 'repo'...
pandoc 
  to: html
  output-file: index.html
  standalone: true
  section-divs: true
  html-math-method: mathjax
  wrap: none
  default-image-extension: png
  toc: true
  reference-location: margin
  variables: {}
  
metadata
  document-css: false
  link-citations: true
  date-format: long
  lang: en
  engines:
    - path: /opt/quarto/share/extension-subtrees/julia-engine/_extensions/julia-engine/julia-engine.js
  title: Iconify Quarto Extension
  subtitle: Quarto Extension
  author:
    - name: Mickaël CANOUIL, _Ph.D._
      orcid: 0000-0002-3396-4549
      url: https://mickael.canouil.fr
  extensions:
    iconify:
      style: 'color: #b22222;'
  
Output created: index.html

pandoc 
  to: typst
  output-file: example.typ
  standalone: true
  shift-heading-level-by: -1
  default-image-extension: svg
  wrap: none
  citeproc: false
  variables: {}
  
metadata
  engines:
    - path: /opt/quarto/share/extension-subtrees/julia-engine/_extensions/julia-engine/julia-engine.js
  title: Iconify Quarto Extension
  subtitle: Quarto Extension
  author:
    - name: Mickaël CANOUIL, _Ph.D._
      orcid: 0000-0002-3396-4549
      url: https://mickael.canouil.fr
  extensions:
    iconify:
      style: 'color: #b22222;'
  papersize: a4
  margin:
    x: 2.5cm
    'y': 2.5cm
  
(W) [iconify] Could not retrieve icon "fluent-emoji:no-such-icon-9999" for Typst output; using fallback.
(W) [iconify] Could not retrieve icon "fluent-emoji:also-missing" for Typst output; using fallback.
[typst]: Compiling example.typ to example.pdf...DONE

Output created: iconify-typst.pdf

