pandoc 

  to: html
  output-file: minimum.html
  standalone: true
  section-divs: true
  html-math-method: mathjax
  wrap: none
  default-image-extension: png
  variables: {}
  

metadata

  document-css: false
  link-citations: true
  date-format: long
  lang: en
  engines:
    - path: /opt/quarto/share/extension-subtrees/julia-engine/_extensions/julia-engine/julia-engine.js
  title: D2 Example
  

sh: 1: d2: Permission denied

Error runnin
g filter /opt/quarto/share/filters/main.lua:
/opt/quarto/share/pandoc/datadir/_base64.lua:81: attempt to get length of a nil value (local 'str')
stack traceback:
	...uarto-exten
sions/test-9/repo/tests/_extensions/d2/d2.lua:210: in function 
<...uarto-extensions/test-9/repo/tests/_extensions/d2/d2.lu
a:181>
	[C]: in ?
	[C]: in method 'walk'
	...uarto-extensi
ons/test-9/repo/tests/_extensions/d2/d2.lua:366: in function <
...uarto-extensions/test-9/repo/tests/_extensions/d2/d2.l
ua:339>
	[C]: in ?
	[C]: in method 'walk'
	/
opt/quarto/share/pandoc/datadir/_utils.lua:607: in function '_utils.walk'
	/opt/quarto/share/filte
rs/main.lua:574: in local 'checked_walk'
	/opt/quarto/share/filters/main.lua:629: in function 
'run_emulated_filter'
	/opt/quarto/share/filters
/main.lua:1317: in local 'callback'
	[st
ring "if pandoc.system.os == "mingw32" then..."]:
778: in field 'withScriptFile'
	/op
t/quarto/share/filters/main.lua:1333
: in upvalue 'run_emulated_filter_
chain'
	/opt/quarto/share/filters
/main.lua:1371: in function </op
t/quarto/share/filters/main.lua:
1368>
stack traceback:
	...uar
to-extensions/test-9/repo/tests
/_extensions/d2/d2.lua:366: in
 function <...uarto-extensions
/test-9/repo/tests/_extensions
/d2/d2.lua:339>
	[C]: in ?
	[C]: in method 'walk'
	/opt/quart
o/share/pandoc/datadir/_utils.lua:607: in fun
ction '_utils.walk'
	/opt/quarto/
share/filters/main.lua:574: in 
local 'checked_walk'
	/opt/quar
to/share/filters/main.lua:629:
 in function 'run_emulated_fil
ter'
	/opt/quarto/share/filter
s/main.lua:1317: in local 'cal
lback'
	[string "if pandoc.sy
stem.os == "mingw32" then..."]
:778: in field 'withScriptFil
e'
	/opt/quarto/share/filters/
main.lua:1333: in upvalue 'ru
n_emulated_filter_chain'
	/opt/
quarto/share/filters/main.lua
:1371: in function </opt/quart
o/share/filters/main.lua:13
68>
stack traceback:
	/opt/quar
to/share/pandoc/datadir/_utils
.lua:607: in function '_utils.
walk'
	/opt/quarto/share/fil
ters/main.lua:574: in local 'checked_walk'

	/opt/quarto/share/filters/main.lua:629: in function 'run_emulat
ed_filter'
	/opt/quarto/share/filters/main.lua:1317: in local
 'callback'
	[string "if pandoc.system.os == "mingw32" then..."]:778:
 in field 'withScriptFile'
	/opt/qua
rto/share/filters/main.lua:1333: 
in upvalue 'run_emulated_filter_chain'
	/opt/quarto/shar
e/filters/main.lua:1371: in function </opt/quarto/share/filt
ers/main.lua:1368>

(WARN) Error encountered when rendering files

