Cloning into 'repo'...
Error adding css vars block SCSSParsingError: SCSS Parsing Error: Selector ("class") expected "identifier" or "interpolation" (2764:29)
    at cssVarsBlock (file:///opt/quarto/bin/quarto.js:88814:11)
    at file:///opt/quarto/bin/quarto.js:89263:31
    at file:///opt/quarto/bin/quarto.js:88996:29
    at eventLoopTick (ext:core/01_core.js:178:7)
    at async handleVarsBlock (file:///opt/quarto/bin/quarto.js:89276:23)
    at async file:///opt/quarto/bin/quarto.js:89303:17
    at async SassCache.setFromHash (file:///opt/quarto/bin/quarto.js:81818:7)
    at async compileSass (file:///opt/quarto/bin/quarto.js:89106:19)
    at async revealTheme (file:///opt/quarto/bin/quarto.js:173581:15)
    at async Object.formatExtras (file:///opt/quarto/bin/quarto.js:173743:23) {
  name: "SCSSParsingError"
}
The resulting CSS file will not have SCSS color variables exported as CSS.
This is likely a Quarto bug.
Please consider reporting it at https://github.com/quarto-dev/quarto-cli,
along with the _quarto_internal_scss_error.scss file that can be found in the current working directory.
pandoc 
  to: revealjs
  output-file: template.html
  standalone: true
  wrap: none
  default-image-extension: png
  html-math-method:
    method: mathjax
    url: >-
      https://cdn.jsdelivr.net/npm/mathjax@2.7.9/MathJax.js?config=TeX-AMS_HTML-full
  slide-level: 2
  variables: {}
  
metadata
  link-citations: true
  width: 1050
  height: 700
  margin: 0.1
  center: false
  navigationMode: linear
  controlsLayout: edges
  controlsTutorial: false
  hash: true
  history: true
  hashOneBasedIndex: false
  fragmentInURL: false
  transition: none
  backgroundTransition: none
  pdfSeparateFragments: false
  lang: en
  auto-stretch: true
  theme:
    - default
    - _extensions/illinois/imtheme.scss
  slideNumber: true
  date-format: long
  logo: _extensions/illinois/logo-illinois-block-i.png
  title: Overview of the Illinois Revealjs Theme
  subtitle: Your Course - Semester YYYY @ Illinois
  author: First Last
  date: last-modified
  
Output created: template.html

