Cloning into 'repo'...
Error: Error installing package 'base64enc':
=====================================

* installing *source* package 'base64enc' ...
** this is package 'base64enc' version '0.1-3'
** package 'base64enc' successfully unpacked and MD5 sums checked
** using staged installation
** libs
using C compiler: 'gcc (Ubuntu 13.3.0-6ubuntu2~24.04.1) 13.3.0'
gcc -std=gnu2x -I"/opt/R/4.6.0/lib/R/include" -DNDEBUG   -I/usr/local/include    -fpic  -g -O2  -c base64.c -o base64.o
base64.c: In function 'B64_encode':
base64.c:147:30: warning: implicit declaration of function 'SETLENGTH'; did you mean 'XLENGTH'? [-Wimplicit-function-declaration]
  147 |         if (i < LENGTH(res)) SETLENGTH(res, i);
      |                              ^~~~~~~~~
      |                              XLENGTH
gcc -std=gnu2x -I"/opt/R/4.6.0/lib/R/include" -DNDEBUG   -I/usr/local/include    -fpic  -g -O2  -c uriencode.c -o uriencode.o
gcc -std=gnu2x -I"/opt/R/4.6.0/lib/R/include" -DNDEBUG   -I/usr/local/include    -fpic  -g -O2  -c utf8.c -o utf8.o
gcc -std=gnu2x -shared -L/opt/R/4.6.0/lib/R/lib -L/usr/local/lib -o base64enc.so base64.o uriencode.o utf8.o -L/opt/R/4.6.0/lib/R/lib -lR
installing to /home/runner/work/quarto-extensions/quarto-extensions/test-8/repo/renv/staging/1/00LOCK-base64enc/00new/base64enc/libs
** R
** byte-compile and prepare package for lazy loading
** help
*** installing help indices
** building package indices
** testing if installed package can be loaded from temporary location
Error: package or namespace load failed for 'base64enc' in dyn.load(file, DLLpath = DLLpath, ...):
 unable to load shared object '/home/runner/work/quarto-extensions/quarto-extensions/test-8/repo/renv/staging/1/00LOCK-base64enc/00new/base64enc/libs/base64enc.so':
  /home/runner/work/quarto-extensions/quarto-extensions/test-8/repo/renv/staging/1/00LOCK-base64enc/00new/base64enc/libs/base64enc.so: undefined symbol: SETLENGTH
Error: loading failed
Execution halted
ERROR: loading failed
* removing '/home/runner/work/quarto-extensions/quarto-extensions/test-8/repo/renv/staging/1/base64enc'
install of package 'base64enc' failed [error code 1]
Execution halted
renv restore failed for kazuyanagimoto/quarto-academic-typst.
Dependency install failed (exit 1) for kazuyanagimoto/quarto-academic-typst.
