

processing file: example.qmd

1/3             

2/3 [parameters]

3/3             

output file: example.knit.md


pandoc 

  to: html
  output-file: example.html
  standalone: true
  embed-resources: true
  section-divs: true
  html-math-method: mathjax
  wrap: none
  default-image-extension: png
  variables: {}
  

metadata

  document-css: false
  link-citations: true
  date-format: long
  lang: en
  engines:
    - path: /opt/quarto/share/extension-subtrees/julia-engine/_extensions/julia-engine/julia-engine.js
  title: Quarto Style Text Extension Example
  abstract: This is an example document of quarto style text extension.
  

[WARNING] 
Could not fetch resource https://cdnjs.cloudflare.com/polyfill/v3/polyfill.min.js?features=es6: HttpExceptionRequest Request {
    host                 = "cdnjs.cloudflare.com"
    port                 = 443
    secure               = True
    requestHeaders       = []
    path                 = "/polyfill/v3/polyfill.min.js"
    queryString          = "?features=es6"
    method               = "GET"
    proxy                = Nothing
    rawBody              = False
    redirectCount        = 10
    responseTimeout      = ResponseTimeoutDefault
    requestVersion       = HTTP/1.1
    proxySecureMode      = ProxySecureWithConnect
  }
   ConnectionTimeout

Output created: example.html


