

processing file: template.qmd

1/7             

2/7 [cvevents]  

3/7             

4/7 [experience]

5/7             

6/7 [proj]      

7/7             

output file: template.knit.md


pandoc 

  to: latex
  output-file: template.tex
  template: _extensions/modern2-cv/template.tex
  standalone: true
  pdf-engine: lualatex
  variables:
    graphics: true
    tables: true
  default-image-extension: pdf
  

metadata

  block-headings: true
  engines:
    - path: /opt/quarto/share/extension-subtrees/julia-engine/_extensions/julia-engine/julia-engine.js
  title: Untitled
  author: David Schoch
  cvfont: raleway
  cvcolor:
    main: B83B5E
    accent: 6A2C70
  jobtitle: Team Lead "Transparent Social Analytics"
  sidebar:
    image: portrait.jpg
    bullets:
      - Konstanz, Germany
      - german
      - married
    sections:
      - name: Skills
        items:
          - text: R
            exp:
              text: 10+ yrs.
              num: 1
          - text: Python
            exp:
              text: 2 yrs.
              num: 0.2
          - text: JavaScript
            exp:
              text: 4 yrs.
              num: 0.4
          - text: Lua
            exp:
              text: 1 yr.
              num: 0.1
          - text: Rmarkdown
            exp:
              text: 6 yrs.
              num: 0.6
          - text: Quarto
            exp:
              text: 1 yr.
              num: 0.1
          - text: Data Analysis
            exp:
              text: 9 years
              num: 0.9
          - text: Web Scraping
            exp:
              text: 8 yrs.
              num: 0.8
          - text: Web Development
            exp:
              text: 8 years
              num: 0.8
      - name: Tools
        items:
          - Git
          - RStudio
          - VS Code
          - Terminal
      - name: Education
        items:
          - text: Ph.D. Computer Science
            inst: University of Konstanz
            time: 09/2012 - 11/2015
            details: 'Thesis: Positional Approach for Network Centrality'
          - text: Businessmathematics (Dipl.)
            inst: Karlsruhe Institute of Technology
            time: 10/2006 - 07/2012
            details: 'Thesis: Modularity Maximization'
      - name: Contact
        items:
          - icon: map-marker
            text: Konstanz, Germany
          - icon: phone
            text: +XX XXXX XXXX
          - icon: envelope
            text: david@schochastics.net
          - icon: home
            text: mr.schochastics.net
            href: https://mr.schochastics.net
          - icon: github
            text: schochastics
            href: https://github.com/schochastics
          - icon: twitter
            text: schochastics
            href: https://twitter.com/schochastics
  


Rendering PDF

running lualatex - 1

  This is LuaHBTeX, Version 1.24.0 (TeX Live 2026) 
   restricted system commands enabled.
  
  luaotfload | db : Font names database not found, generating new one.
  luaotfload | db : This can take several minutes; please be patient.

updating tlmgr



updating existing packages

finding package for isodate.sty

> 1 package to install

> installing isodate (1 of 1)

  This is LuaHBTeX, Version 1.24.0 (TeX Live 2026) 
   restricted system commands enabled.
  

finding package for substr.sty

> 1 package to install

> installing substr (1 of 1)

  This is LuaHBTeX, Version 1.24.0 (TeX Live 2026) 
   restricted system commands enabled.
  

finding package for fancyhdr.sty

> 2 packages to install

> installing fancyhdr (1 of 2)

> installing pdftex (2 of 2)

  This is LuaHBTeX, Version 1.24.0 (TeX Live 2026) 
   restricted system commands enabled.
  

finding package for xstring.sty

> 1 package to install

> installing xstring (1 of 1)

  This is LuaHBTeX, Version 1.24.0 (TeX Live 2026) 
   restricted system commands enabled.
  

finding package for xifthen.sty

> 1 package to install

> installing xifthen (1 of 1)

  This is LuaHBTeX, Version 1.24.0 (TeX Live 2026) 
   restricted system commands enabled.
  

finding package for ifmtarg.sty

> 1 package to install

> installing ifmtarg (1 of 1)

  This is LuaHBTeX, Version 1.24.0 (TeX Live 2026) 
   restricted system commands enabled.
  

finding package for enumitem.sty

> 1 package to install

> installing enumitem (1 of 1)

  This is LuaHBTeX, Version 1.24.0 (TeX Live 2026) 
   restricted system commands enabled.
  

finding package for english.ldf

> 1 package to install

> installing babel-english (1 of 1)

  This is LuaHBTeX, Version 1.24.0 (TeX Live 2026) 
   restricted system commands enabled.
  

finding package for blindtext.sty

> 1 package to install

> installing blindtext (1 of 1)

  This is LuaHBTeX, Version 1.24.0 (TeX Live 2026) 
   restricted system commands enabled.
  

finding package for pdfpages.sty

> 1 package to install

> installing pdfpages (1 of 1)

  This is LuaHBTeX, Version 1.24.0 (TeX Live 2026) 
   restricted system commands enabled.
  

finding package for changepage.sty

> 1 package to install

> installing changepage (1 of 1)

  This is LuaHBTeX, Version 1.24.0 (TeX Live 2026) 
   restricted system commands enabled.
  

finding package for raleway.sty

> 1 package to install

> installing raleway (1 of 1)

  This is LuaHBTeX, Version 1.24.0 (TeX Live 2026) 
   restricted system commands enabled.
  

finding package for t1raleway(0).fd

finding package for moresize.sty

> 1 package to install

> installing moresize (1 of 1)

  This is LuaHBTeX, Version 1.24.0 (TeX Live 2026) 
   restricted system commands enabled.
  

finding package for t1raleway(0).fd

finding package for fontawesome5.sty

> 1 package to install

> installing fontawesome5 (1 of 1)

  This is LuaHBTeX, Version 1.24.0 (TeX Live 2026) 
   restricted system commands enabled.
  

finding package for t1raleway(0).fd

finding package for paracol.sty

> 1 package to install

> installing paracol (1 of 1)

  This is LuaHBTeX, Version 1.24.0 (TeX Live 2026) 
   restricted system commands enabled.
  

finding package for t1raleway(0).fd

finding package for tikzpagenodes.sty

> 1 package to install

> installing tikzpagenodes (1 of 1)

  This is LuaHBTeX, Version 1.24.0 (TeX Live 2026) 
   restricted system commands enabled.
  

finding package for t1raleway(0).fd

finding package for tikz.sty

> 1 package to install

> installing pgf (1 of 1)

  This is LuaHBTeX, Version 1.24.0 (TeX Live 2026) 
   restricted system commands enabled.
  

finding package for t1raleway(0).fd

finding package for ifoddpage.sty

> 1 package to install

> installing ifoddpage (1 of 1)

  This is LuaHBTeX, Version 1.24.0 (TeX Live 2026) 
   restricted system commands enabled.
  

finding package for t1raleway(0).fd

finding package for lipsum.sty

> 1 package to install

> installing lipsum (1 of 1)

  This is LuaHBTeX, Version 1.24.0 (TeX Live 2026) 
   restricted system commands enabled.
  

finding package for t1raleway(0).fd

finding package for ragged2e.sty

> 1 package to install

> installing ragged2e (1 of 1)

  This is LuaHBTeX, Version 1.24.0 (TeX Live 2026) 
   restricted system commands enabled.
  

finding package for t1raleway(0).fd

finding package for transparent.sty

> 1 package to install

> installing transparent (1 of 1)

  This is LuaHBTeX, Version 1.24.0 (TeX Live 2026) 
   restricted system commands enabled.
  

running lualatex - 2

  This is LuaHBTeX, Version 1.24.0 (TeX Live 2026) 
   restricted system commands enabled.
  



Output created: template.pdf


