Cloning into 'repo'...
CTAN mirror https://ctan.math.utah.edu/ctan/tex-archive/systems/texlive/tlnet failed, trying next...
[ 1/10] example.qmd
https://mastodon.social/@sellorm/109376707453406631
https://publish.twitter.com/oembed?url=https://twitter.com/juliesquid/status/1557485909486059523&align=center
[ 2/10] index.qmd
[ 3/10] 404.qmd
[ 4/10] examples/twitter.qmd
https://publish.twitter.com/oembed?url=https://twitter.com/juliesquid/status/1557485909486059523&align=center
[ 5/10] examples/vimeo.qmd
[ 6/10] examples/bsky.qmd
https://bsky.app/profile/smachlis.bsky.social/post/3m33g524hb22o
https://bsky.app/profile/smachlis.bsky.social/post/3m2ihwojd7s2f
https://bsky.app/profile/smachlis.bsky.social/post/3m4nkjl3xxc27
[ 7/10] examples/youtube.qmd
[ 8/10] examples/loom.qmd
[ 9/10] examples/mastodon.qmd
https://mastodon.social/@sellorm/109376707453406631
[10/10] examples/gists.qmd

Output created: _site/index.html

