Dependency source policy check passed for kazuyanagimoto/quarto-clean-typst.
Dependency install phase for kazuyanagimoto/quarto-clean-typst: renv.lock
Installing R dependencies from renv.lock for kazuyanagimoto/quarto-clean-typst.
# Bootstrapping renv 1.1.5 ---------------------------------------------------
- Downloading renv ... OK
- Installing renv  ... OK

- One or more packages recorded in the lockfile are not installed.
- Use `renv::status()` for more details.
- One or more packages recorded in the lockfile are not installed.
- Use `renv::status()` for more details.
The following required system packages are not installed:
- pandoc  [required by knitr, rmarkdown, tables]
The R packages depending on these system packages may fail to install.

An administrator can install these packages with:
- sudo apt install pandoc

The following package(s) will be updated:

# CRAN -----------------------------------------------------------------------
- base64enc      [0.1-6 -> 0.1-3]
- fs             [2.0.0 -> 1.6.6]
- highr          [0.12 -> 0.11]
- knitr          [1.51 -> 1.50]
- rappdirs       [0.3.4 -> 0.3.3]
- xfun           [0.57 -> 0.55]
- RColorBrewer   [* -> 1.1-3]
- S7             [* -> 0.2.1]
- backports      [* -> 1.5.0]
- bayestestR     [* -> 0.17.0]
- checkmate      [* -> 2.3.3]
- cpp11          [* -> 0.5.2]
- data.table     [* -> 1.17.8]
- datawizard     [* -> 1.3.0]
- dplyr          [* -> 1.1.4]
- farver         [* -> 2.1.2]
- generics       [* -> 0.1.4]
- ggplot2        [* -> 4.0.1]
- glue           [* -> 1.8.0]
- gtable         [* -> 0.3.6]
- insight        [* -> 1.4.4]
- isoband        [* -> 0.3.0]
- labeling       [* -> 0.4.3]
- modelsummary   [* -> 2.5.0]
- parameters     [* -> 0.28.3]
- performance    [* -> 0.15.3]
- pkgconfig      [* -> 2.0.3]
- scales         [* -> 1.4.0]
- showtext       [* -> 0.9-7]
- showtextdb     [* -> 3.0]
- sysfonts       [* -> 0.8.9]
- tables         [* -> 0.9.33]
- tibble         [* -> 3.3.0]
- tinytable      [* -> 0.15.1]
- utf8           [* -> 1.2.6]

# RSPM -----------------------------------------------------------------------
- bslib          [repo: CRAN -> RSPM; ver: 0.10.0 -> 0.9.0]
- lifecycle      [repo: CRAN -> RSPM; ver: 1.0.5 -> 1.0.4]
- rlang          [repo: CRAN -> RSPM; ver: 1.1.7 -> 1.1.6]
- magrittr       [* -> 2.0.4]
- pillar         [* -> 1.11.1]
- purrr          [* -> 1.2.0]
- stringi        [* -> 1.8.7]
- stringr        [* -> 1.6.0]
- tidyr          [* -> 1.3.1]
- tidyselect     [* -> 1.2.1]
- vctrs          [* -> 0.6.5]
- viridisLite    [* -> 0.4.2]
- withr          [* -> 3.0.2]

# Downloading packages -------------------------------------------------------
- Querying repositories for available source packages ... Done!
- Downloading knitr from CRAN ...               OK [521.7 Kb in 0.19s]
- Downloading highr from CRAN ...               OK [13.5 Kb]
- Downloading xfun from CRAN ...                OK [167.6 Kb in 0.16s]
- Downloading rlang from RSPM ...               OK [749.9 Kb in 0.2s]
- Downloading rappdirs from CRAN ...            OK [12 Kb in 0.12s]
- Downloading base64enc from CRAN ...           OK [7.6 Kb]
- Downloading lifecycle from RSPM ...           OK [105.1 Kb in 0.15s]
- Downloading glue from CRAN ...                OK [123.7 Kb in 0.13s]
- Downloading fs from CRAN ...                  OK [1.1 Mb in 0.18s]
- Downloading bslib from RSPM ...               OK [5.2 Mb in 0.22s]
- Downloading RColorBrewer from CRAN ...        OK [11.4 Kb in 0.13s]
- Downloading S7 from CRAN ...                  OK [179.8 Kb in 0.14s]
- Downloading backports from CRAN ...           OK [30 Kb in 0.1s]
- Downloading bayestestR from CRAN ...          OK [420.6 Kb in 0.16s]
- Downloading insight from CRAN ...             OK [1.1 Mb in 0.18s]
- Downloading datawizard from CRAN ...          OK [427.8 Kb in 0.16s]
- Downloading checkmate from CRAN ...           OK [255.4 Kb in 0.15s]
- Downloading cpp11 from CRAN ...               OK [285.1 Kb in 0.18s]
- Downloading data.table from CRAN ...          OK [5.5 Mb in 0.25s]
- Downloading dplyr from CRAN ...               OK [1.2 Mb in 0.18s]
- Downloading generics from CRAN ...            OK [46.1 Kb in 0.12s]
- Downloading magrittr from RSPM ...            OK [275.2 Kb in 0.15s]
- Downloading pillar from RSPM ...              OK [399.9 Kb in 0.19s]
- Downloading utf8 from CRAN ...                OK [238.1 Kb in 0.15s]
- Downloading vctrs from RSPM ...               OK [946.4 Kb in 0.2s]
- Downloading tibble from CRAN ...              OK [574.9 Kb in 0.24s]
- Downloading pkgconfig from CRAN ...           OK [5.9 Kb]
- Downloading tidyselect from RSPM ...          OK [101.2 Kb in 0.12s]
- Downloading withr from RSPM ...               OK [100.8 Kb in 0.12s]
- Downloading farver from CRAN ...              OK [1.2 Mb in 0.24s]
- Downloading ggplot2 from CRAN ...             OK [6 Mb in 0.22s]
- Downloading gtable from CRAN ...              OK [144.7 Kb in 0.14s]
- Downloading isoband from CRAN ...             OK [1.5 Mb in 0.19s]
- Downloading scales from CRAN ...              OK [321 Kb in 0.17s]
- Downloading labeling from CRAN ...            OK [9.9 Kb]
- Downloading viridisLite from RSPM ...         OK [1.2 Mb in 0.21s]
- Downloading modelsummary from CRAN ...        OK [3 Mb in 0.21s]
- Downloading parameters from CRAN ...          OK [718.7 Kb in 0.17s]
- Downloading performance from CRAN ...         OK [2.1 Mb in 0.2s]
- Downloading tables from CRAN ...              OK [703.2 Kb in 0.17s]
- Downloading tinytable from CRAN ...           OK [381.4 Kb in 0.18s]
- Downloading purrr from RSPM ...               OK [271.7 Kb in 0.17s]
- Downloading showtext from CRAN ...            OK [432.2 Kb in 0.16s]
- Downloading sysfonts from CRAN ...            OK [1.2 Mb in 0.18s]
- Downloading showtextdb from CRAN ...          OK [1.9 Mb in 0.2s]
- Downloading stringi from RSPM ...             OK [11.4 Mb in 0.25s]
- Downloading stringr from RSPM ...             OK [191.2 Kb in 0.14s]
- Downloading tidyr from RSPM ...               OK [790.1 Kb in 0.2s]
Successfully downloaded 48 packages in 13 seconds.

# Installing packages --------------------------------------------------------
- Installing xfun ...                           OK [built from source and cached in 3.8s]
- Installing highr ...                          OK [built from source and cached in 1.3s]
- Installing knitr ...                          OK [built from source and cached in 5.0s]
- Installing rlang ...                          OK [built from source and cached in 10s]
- Installing rappdirs ...                       OK [built from source and cached in 1.4s]
- Installing base64enc ...                      OK [built from source and cached in 1.5s]
- Installing glue ...                           OK [built from source and cached in 1.9s]
- Installing lifecycle ...                      OK [built from source and cached in 1.8s]
- Installing fs ...                             FAILED
Traceback (most recent calls last):
13: renv::restore()
12: renv_restore_run_actions(project, diff, current, lockfile, rebuild)
11: renv_install_impl(records)
10: renv_install_staged(records)
 9: renv_install_default(records)
 8: handler(package, renv_install_package(record))
 7: renv_install_package(record)
 6: withCallingHandlers(renv_install_package_impl(record), error = function(e) writef("FAILED"))
 5: renv_install_package_impl(record)
 4: r_cmd_install(package, path)
 3: r_exec_error(package, output, "install", status)
 2: abort(all)
 1: stop(fallback)
