Cloning into 'repo'...
Installing package into '/home/runner/work/quarto-extensions/quarto-extensions/test-10/R/x86_64-pc-linux-gnu-library/4.5'
(as 'lib' is unspecified)
trying URL 'https://packagemanager.posit.co/cran/__linux__/jammy/latest/src/contrib/renv_1.1.8.tar.gz'
Content type 'binary/octet-stream' length 2336300 bytes (2.2 MB)
==================================================
downloaded 2.2 MB

* installing *binary* package 'renv' ...
* DONE (renv)

The downloaded source packages are in
	'/tmp/RtmpnMtXI4/downloaded_packages'
The R temporary directory appears to be within a folder mounted as 'noexec'.
Installation of R packages from sources may fail.
See the section **Note** within `?INSTALL` for more details.

tempdir(): /tmp/RtmpnMtXI4
/usr/local/bin/tlmgr: open(>/opt/tinytex/tlpkg/texlive.tlpdb.tmp) failed: Permission denied at /opt/tinytex/tlpkg/TeXLive/TLPDB.pm line 611.
CTAN mirror https://ctan.math.utah.edu/ctan/tex-archive/systems/texlive/tlnet failed, trying next...
/usr/local/bin/tlmgr: open(>/opt/tinytex/tlpkg/texlive.tlpdb.tmp) failed: Permission denied at /opt/tinytex/tlpkg/TeXLive/TLPDB.pm line 611.
CTAN mirror https://ctan.math.illinois.edu/systems/texlive/tlnet failed, trying next...
/usr/local/bin/tlmgr: open(>/opt/tinytex/tlpkg/texlive.tlpdb.tmp) failed: Permission denied at /opt/tinytex/tlpkg/TeXLive/TLPDB.pm line 611.
CTAN mirror https://mirrors.rit.edu/CTAN/systems/texlive/tlnet failed, trying next...
/usr/local/bin/tlmgr: open(>/opt/tinytex/tlpkg/texlive.tlpdb.tmp) failed: Permission denied at /opt/tinytex/tlpkg/TeXLive/TLPDB.pm line 611.
CTAN mirror https://mirror.ctan.org/systems/texlive/tlnet failed, trying next...
All CTAN mirrors failed. LaTeX packages may not install.


processing file: example.qmd
1/17                  
2/17 [unnamed-chunk-1]
3/17                  
4/17 [unnamed-chunk-2]
5/17                  
6/17 [unnamed-chunk-3]
7/17                  
8/17 [unnamed-chunk-4]
9/17                  
10/17 [unnamed-chunk-5]
11/17                  
12/17 [unnamed-chunk-6]
13/17                  
14/17 [unnamed-chunk-7]
15/17                  
16/17 [unnamed-chunk-8]
17/17                  
output file: example.knit.md

pandoc 
  to: html
  output-file: example.html
  standalone: true
  embed-resources: true
  section-divs: true
  html-math-method: mathjax
  wrap: none
  default-image-extension: png
  toc: true
  variables: {}
  
metadata
  document-css: false
  link-citations: true
  date-format: long
  lang: en
  engines:
    - path: /opt/quarto/share/extension-subtrees/julia-engine/_extensions/julia-engine/julia-engine.js
  title: Code Line Highlight in html
  author: Shafayet Khan Shafee
  date: 01-06-2023
  date-modified: last-modified
  
Output created: example.html

