Cloning into 'repo'...
Installing package into '/home/runner/work/quarto-extensions/quarto-extensions/test-19/R/x86_64-pc-linux-gnu-library/4.6'
(as 'lib' is unspecified)
trying URL 'https://packagemanager.posit.co/cran/latest/src/contrib/renv_1.2.3.tar.gz'
Content type 'binary/octet-stream' length 1375285 bytes (1.3 MB)
==================================================
downloaded 1.3 MB

* installing *source* package 'renv' ...
** this is package 'renv' version '1.2.3'
** package 'renv' successfully unpacked and MD5 sums checked
** using staged installation
** R
** inst
** byte-compile and prepare package for lazy loading
** help
*** installing help indices
*** copying figures
** building package indices
** installing vignettes
** testing if installed package can be loaded from temporary location
** checking absolute paths in shared objects and dynamic libraries
** testing if installed package can be loaded from final location
** testing if installed package keeps a record of temporary installation path
* DONE (renv)

The downloaded source packages are in
	'/tmp/RtmpqdGmlt/downloaded_packages'
Installing package into '/home/runner/work/quarto-extensions/quarto-extensions/test-19/R/x86_64-pc-linux-gnu-library/4.6'
(as 'lib' is unspecified)
also installing the dependencies 'lazyeval', 'later', 'otel', 'crosstalk', 'promises'

trying URL 'https://packagemanager.posit.co/cran/latest/src/contrib/lazyeval_0.2.3.tar.gz'
trying URL 'https://packagemanager.posit.co/cran/latest/src/contrib/later_1.4.8.tar.gz'
trying URL 'https://packagemanager.posit.co/cran/latest/src/contrib/otel_0.2.0.tar.gz'
trying URL 'https://packagemanager.posit.co/cran/latest/src/contrib/crosstalk_1.2.2.tar.gz'
trying URL 'https://packagemanager.posit.co/cran/latest/src/contrib/promises_1.5.0.tar.gz'
trying URL 'https://packagemanager.posit.co/cran/latest/src/contrib/DT_0.34.0.tar.gz'
* installing *source* package 'lazyeval' ...
** this is package 'lazyeval' version '0.2.3'
** package 'lazyeval' successfully unpacked and MD5 sums checked
** using staged installation
** libs
using C compiler: 'gcc (Ubuntu 13.3.0-6ubuntu2~24.04.1) 13.3.0'
installing to /home/runner/work/quarto-extensions/quarto-extensions/test-19/R/x86_64-pc-linux-gnu-library/4.6/00LOCK-lazyeval/00new/lazyeval/libs
** R
** inst
** byte-compile and prepare package for lazy loading
** help
*** installing help indices
** building package indices
** installing vignettes
** testing if installed package can be loaded from temporary location
** checking absolute paths in shared objects and dynamic libraries
** testing if installed package can be loaded from final location
** testing if installed package keeps a record of temporary installation path
* DONE (lazyeval)
* installing *source* package 'later' ...
** this is package 'later' version '1.4.8'
** package 'later' successfully unpacked and MD5 sums checked
** using staged installation
** libs
using C compiler: 'gcc (Ubuntu 13.3.0-6ubuntu2~24.04.1) 13.3.0'
using C++ compiler: 'g++ (Ubuntu 13.3.0-6ubuntu2~24.04.1) 13.3.0'
installing to /home/runner/work/quarto-extensions/quarto-extensions/test-19/R/x86_64-pc-linux-gnu-library/4.6/00LOCK-later/00new/later/libs
** R
** inst
** byte-compile and prepare package for lazy loading
** help
*** installing help indices
** building package indices
** installing vignettes
** testing if installed package can be loaded from temporary location
** checking absolute paths in shared objects and dynamic libraries
** testing if installed package can be loaded from final location
** testing if installed package keeps a record of temporary installation path
* DONE (later)
* installing *source* package 'otel' ...
** this is package 'otel' version '0.2.0'
** package 'otel' successfully unpacked and MD5 sums checked
** using staged installation
** R
** inst
** byte-compile and prepare package for lazy loading
** help
*** installing help indices
** building package indices
** testing if installed package can be loaded from temporary location
** testing if installed package can be loaded from final location
** testing if installed package keeps a record of temporary installation path
* DONE (otel)
* installing *source* package 'crosstalk' ...
** this is package 'crosstalk' version '1.2.2'
** package 'crosstalk' successfully unpacked and MD5 sums checked
** using staged installation
** R
** inst
** byte-compile and prepare package for lazy loading
** help
*** installing help indices
** building package indices
** testing if installed package can be loaded from temporary location
** testing if installed package can be loaded from final location
** testing if installed package keeps a record of temporary installation path
* DONE (crosstalk)
* installing *source* package 'promises' ...
** this is package 'promises' version '1.5.0'
** package 'promises' successfully unpacked and MD5 sums checked
** using staged installation
** R
** inst
** byte-compile and prepare package for lazy loading
** help
*** installing help indices
*** copying figures
** building package indices
** installing vignettes
** testing if installed package can be loaded from temporary location
** testing if installed package can be loaded from final location
** testing if installed package keeps a record of temporary installation path
* DONE (promises)
* installing *source* package 'DT' ...
** this is package 'DT' version '0.34.0'
** package 'DT' successfully unpacked and MD5 sums checked
** using staged installation
** R
** inst
** byte-compile and prepare package for lazy loading
** help
*** installing help indices
** building package indices
** installing vignettes
** testing if installed package can be loaded from temporary location
** testing if installed package can be loaded from final location
** testing if installed package keeps a record of temporary installation path
* DONE (DT)

The downloaded source packages are in
	'/tmp/RtmpqdGmlt/downloaded_packages'


processing file: template.qmd
1/19                  
2/19 [setup]          
3/19                  
4/19 [unnamed-chunk-1]
5/19                  
6/19 [unnamed-chunk-2]
7/19                  
8/19 [unnamed-chunk-3]
9/19                  
10/19 [kable-ex]       
11/19                  
12/19 [kable-ex]       
13/19                  
14/19 [unnamed-chunk-4]
15/19                  
16/19 [unnamed-chunk-5]
17/19                  
18/19 [unnamed-chunk-6]
19/19                  
output file: template.knit.md

pandoc 
  to: revealjs
  output-file: template.html
  standalone: true
  wrap: none
  default-image-extension: png
  html-math-method:
    method: mathjax
    url: >-
      https://cdn.jsdelivr.net/npm/mathjax@2.7.9/MathJax.js?config=TeX-AMS_HTML-full
  slide-level: 2
  incremental: true
  variables:
    quarto:
      language:
        toc-title-document: Table of contents
        toc-title-website: On this page
        related-formats-title: Other Formats
        related-notebooks-title: Notebooks
        source-notebooks-prefix: Source
        other-links-title: Other Links
        code-links-title: Code Links
        launch-dev-container-title: Launch Dev Container
        launch-binder-title: Launch Binder
        article-notebook-label: Article Notebook
        notebook-preview-download: Download Notebook
        notebook-preview-download-src: Download Source
        notebook-preview-back: Back to Article
        manuscript-meca-bundle: MECA Bundle
        section-title-abstract: Abstract
        section-title-appendices: Appendices
        section-title-footnotes: Footnotes
        section-title-references: References
        section-title-reuse: Reuse
        section-title-copyright: Copyright
        section-title-citation: Citation
        appendix-attribution-cite-as: 'For attribution, please cite this work as:'
        appendix-attribution-bibtex: 'BibTeX citation:'
        appendix-view-license: View License
        title-block-author-single: Author
        title-block-author-plural: Authors
        title-block-affiliation-single: Affiliation
        title-block-affiliation-plural: Affiliations
        title-block-published: Published
        title-block-modified: Modified
        title-block-keywords: Keywords
        callout-tip-title: Tip
        callout-note-title: Note
        callout-warning-title: Warning
        callout-important-title: Important
        callout-caution-title: Caution
        code-summary: Code
        code-tools-menu-caption: Code
        code-tools-show-all-code: Show All Code
        code-tools-hide-all-code: Hide All Code
        code-tools-view-source: View Source
        code-tools-source-code: Source Code
        tools-share: Share
        tools-download: Download
        code-line: Line
        code-lines: Lines
        copy-button-tooltip: Copy to Clipboard
        copy-button-tooltip-success: Copied!
        repo-action-links-edit: Edit this page
        repo-action-links-source: View source
        repo-action-links-issue: Report an issue
        back-to-top: Back to top
        search-no-results-text: No results
        search-matching-documents-text: matching documents
        search-copy-link-title: Copy link to search
        search-hide-matches-text: Hide additional matches
        search-more-match-text: more match in this document
        search-more-matches-text: more matches in this document
        search-clear-button-title: Clear
        search-text-placeholder: ''
        search-detached-cancel-button-title: Cancel
        search-submit-button-title: Submit
        search-label: Search
        toggle-section: Toggle section
        toggle-sidebar: Toggle sidebar navigation
        toggle-dark-mode: Toggle dark mode
        toggle-reader-mode: Toggle reader mode
        toggle-navigation: Toggle navigation
        crossref-fig-title: Figure
        crossref-tbl-title: Table
        crossref-lst-title: Listing
        crossref-thm-title: Theorem
        crossref-lem-title: Lemma
        crossref-cor-title: Corollary
        crossref-prp-title: Proposition
        crossref-cnj-title: Conjecture
        crossref-def-title: Definition
        crossref-exm-title: Example
        crossref-exr-title: Exercise
        crossref-ch-prefix: Chapter
        crossref-apx-prefix: Appendix
        crossref-sec-prefix: Section
        crossref-eq-prefix: Equation
        crossref-lof-title: List of Figures
        crossref-lot-title: List of Tables
        crossref-lol-title: List of Listings
        environment-proof-title: Proof
        environment-remark-title: Remark
        environment-solution-title: Solution
        listing-page-order-by: Order By
        listing-page-order-by-default: Default
        listing-page-order-by-date-asc: Oldest
        listing-page-order-by-date-desc: Newest
        listing-page-order-by-number-desc: High to Low
        listing-page-order-by-number-asc: Low to High
        listing-page-field-date: Date
        listing-page-field-title: Title
        listing-page-field-description: Description
        listing-page-field-author: Author
        listing-page-field-filename: File Name
        listing-page-field-filemodified: Modified
        listing-page-field-subtitle: Subtitle
        listing-page-field-readingtime: Reading Time
        listing-page-field-wordcount: Word Count
        listing-page-field-categories: Categories
        listing-page-minutes-compact: '{0} min'
        listing-page-category-all: All
        listing-page-no-matches: No matching items
        listing-page-words: '{0} words'
        listing-page-filter: Filter
        draft: Draft
  
metadata
  link-citations: true
  width: 1050
  height: 700
  margin: 0.1
  center: false
  navigationMode: linear
  controlsLayout: edges
  controlsTutorial: false
  hash: true
  history: true
  hashOneBasedIndex: false
  fragmentInURL: false
  transition: fade
  backgroundTransition: fade
  pdfSeparateFragments: false
  lang: en
  auto-stretch: true
  knitr:
    opts_chunk:
      echo: true
      warning: false
      message: false
      dev: ragg_png
      dpi: 320
      out.width: 80%
      fig.width: 6
      fig.asp: 0.618
      fig.retina: 2
      fig.align: center
      fig.show: hold
  theme: _extensions/kakashi/kakashi.scss
  slideNumber: c/t
  showSlideNumber: all
  title-slide-attributes:
    data-background-color: '#23373B'
    data-color: '#EDEEF'
  previewLinks: true
  menu: false
  autoAnimate: true
  transitionSpeed: fast
  title: Quarto Kakashi Theme
  author: Malcolm Barrett
  
Output created: template.html

