Cloning into 'repo'...
pandoc 
  to: html
  output-file: example.html
  standalone: true
  section-divs: true
  html-math-method: mathjax
  wrap: none
  default-image-extension: png
  variables: {}
  
metadata
  document-css: false
  link-citations: true
  date-format: long
  lang: en
  engines:
    - path: /opt/quarto/share/extension-subtrees/julia-engine/_extensions/julia-engine/julia-engine.js
  title: Qreacto
  sidebar: false
  navbar: false
  
MyComponent > react-MyComponent-o6pWTXaR
MyStyledComponent > react-MyStyledComponent-ovuQdu1s
EmojiComponent > react-EmojiComponent-GuUyTWjN
RandomWordsComponent > react-RandomWordsComponent-NtXrz72T
MyNestedComponent > react-MyNestedComponent-rThiPy5o
EnvironmentReadingComponent > react-EnvironmentReadingComponent-hP96ekMR
Output created: example.html

