

processing file: index.qmd

1/9                  

2/9 [unnamed-chunk-1]

3/9                  

4/9 [unnamed-chunk-2]

5/9                  

6/9 [unnamed-chunk-3]

7/9                  

8/9 [unnamed-chunk-4]

9/9                  

output file: index.knit.md




processing file: index.qmd

1/9                  

2/9 [unnamed-chunk-1]

3/9                  

4/9 [unnamed-chunk-2]

5/9                  

6/9 [unnamed-chunk-3]

7/9                  

8/9 [unnamed-chunk-4]

9/9                  

output file: index.knit.md


Warning message:
The downlit and xml2 packages are required for code linking 



processing file: 01-chap1.qmd

1/11                  

2/11 [load_packages]  

3/11                  

4/11 [load_data]      

5/11                  

6/11 [fig-deaths]     

7/11                  

8/11 [unnamed-chunk-1]

9/11                  

10/11 [tbl-coef]       

11/11                  

output file: 01-chap1.knit.md




processing file: 01-chap1.qmd

1/11                  

2/11 [load_packages]  

3/11                  

4/11 [load_data]      

5/11                  

6/11 [fig-deaths]     

7/11                  

8/11 [unnamed-chunk-1]

9/11                  

10/11 [tbl-coef]       

11/11                  

output file: 01-chap1.knit.md


Warning message:
The downlit and xml2 packages are required for code linking 



pandoc 

  to: latex
  output-file: index.tex
  standalone: true
  toc: true
  number-sections: true
  top-level-division: chapter
  pdf-engine: pdflatex
  variables:
    graphics: true
    tables: true
    quarto:
      language:
        toc-title-document: Table of contents
        toc-title-website: On this page
        related-formats-title: Other Formats
        related-notebooks-title: Notebooks
        source-notebooks-prefix: Source
        other-links-title: Other Links
        code-links-title: Code Links
        launch-dev-container-title: Launch Dev Container
        launch-binder-title: Launch Binder
        article-notebook-label: Article Notebook
        notebook-preview-download: Download Notebook
        notebook-preview-download-src: Download Source
        notebook-preview-back: Back to Article
        manuscript-meca-bundle: MECA Bundle
        section-title-abstract: Abstract
        section-title-appendices: Appendices
        section-title-footnotes: Footnotes
        section-title-references: References
        section-title-reuse: Reuse
        section-title-copyright: Copyright
        section-title-citation: Citation
        appendix-attribution-cite-as: 'For attribution, please cite this work as:'
        appendix-attribution-bibtex: 'BibTeX citation:'
        appendix-view-license: View License
        title-block-author-single: Author
        title-block-author-plural: Authors
        title-block-affiliation-single: Affiliation
        title-block-affiliation-plural: Affiliations
        title-block-published: Published
        title-block-modified: Modified
        title-block-keywords: Keywords
        callout-tip-title: Tip
        callout-note-title: Note
        callout-warning-title: Warning
        callout-important-title: Important
        callout-caution-title: Caution
        code-summary: Code
        code-tools-menu-caption: Code
        code-tools-show-all-code: Show All Code
        code-tools-hide-all-code: Hide All Code
        code-tools-view-source: View Source
        code-tools-source-code: Source Code
        tools-share: Share
        tools-download: Download
        code-line: Line
        code-lines: Lines
        copy-button-tooltip: Copy to Clipboard
        copy-button-tooltip-success: Copied!
        repo-action-links-edit: Edit this page
        repo-action-links-source: View source
        repo-action-links-issue: Report an issue
        back-to-top: Back to top
        search-no-results-text: No results
        search-matching-documents-text: matching documents
        search-copy-link-title: Copy link to search
        search-hide-matches-text: Hide additional matches
        search-more-match-text: more match in this document
        search-more-matches-text: more matches in this document
        search-clear-button-title: Clear
        search-text-placeholder: ''
        search-detached-cancel-button-title: Cancel
        search-submit-button-title: Submit
        search-label: Search
        toggle-section: Toggle section
        toggle-sidebar: Toggle sidebar navigation
        toggle-dark-mode: Toggle dark mode
        toggle-reader-mode: Toggle reader mode
        toggle-navigation: Toggle navigation
        crossref-fig-title: Figure
        crossref-tbl-title: Table
        crossref-lst-title: Listing
        crossref-thm-title: Theorem
        crossref-lem-title: Lemma
        crossref-cor-title: Corollary
        crossref-prp-title: Proposition
        crossref-cnj-title: Conjecture
        crossref-def-title: Definition
        crossref-exm-title: Example
        crossref-exr-title: Exercise
        crossref-ch-prefix: Chapter
        crossref-apx-prefix: Appendix
        crossref-sec-prefix: Section
        crossref-eq-prefix: Equation
        crossref-lof-title: List of Figures
        crossref-lot-title: List of Tables
        crossref-lol-title: List of Listings
        environment-proof-title: Proof
        environment-remark-title: Remark
        environment-solution-title: Solution
        listing-page-order-by: Order By
        listing-page-order-by-default: Default
        listing-page-order-by-date-asc: Oldest
        listing-page-order-by-date-desc: Newest
        listing-page-order-by-number-desc: High to Low
        listing-page-order-by-number-asc: Low to High
        listing-page-field-date: Date
        listing-page-field-title: Title
        listing-page-field-description: Description
        listing-page-field-author: Author
        listing-page-field-filename: File Name
        listing-page-field-filemodified: Modified
        listing-page-field-subtitle: Subtitle
        listing-page-field-readingtime: Reading Time
        listing-page-field-wordcount: Word Count
        listing-page-field-categories: Categories
        listing-page-minutes-compact: '{0} min'
        listing-page-category-all: All
        listing-page-no-matches: No matching items
        listing-page-words: '{0} words'
        listing-page-filter: Filter
        draft: Draft
    secnumdepth: 2
  default-image-extension: pdf
  toc-depth: 2
  cite-method: biblatex
  

metadata

  crossref:
    chapters: true
  documentclass: report
  papersize: a4
  block-headings: false
  date-format: D MMMM YYYY
  number-depth: 2
  knitr:
    opts_chunk:
      echo: false
      warning: false
      message: false
  fontsize: 11pt
  geometry:
    - top=2.5cm
    - bottom=2.5cm
    - left=2.5cm
    - right=2.5cm
  biblio-style: authoryear-comp
  colorlinks: true
  linestretch: 1.5
  bibliography:
    - thesisrefs.bib
  csl: american-statistical-association.csl
  degreetype: Doctor of Philosophy
  submitted: 2024
  affiliation: Department of Econometrics & Business Statistics
  degrees: B.Sc. (Hons), University of Tangambalanga
  title: This is my thesis
  author: Susan Su
  


Rendering PDF

running pdflatex - 1

  This is pdfTeX, Version 3.141592653-2.6-1.40.29 (TeX Live 2026) (preloaded format=pdflatex)
   restricted \write18 enabled.
  entering extended mode
  

generating bibliography

command biber not found, attempting install

finding package for biber

> 1 package to install

> installing biber (1 of 1)

  INFO - This is Biber 2.21
  INFO - Logfile is 'index.blg'
  INFO - Reading 'index.bcf'
  INFO - Found 10 citekeys in bib section 0
  INFO - Processing section 0
  INFO - Looking for bibtex file 'thesisrefs.bib' for section 0
  INFO - LaTeX decoding ...
  INFO - Found BibTeX data source 'thesisrefs.bib'
  INFO - Overriding locale 'en-US' defaults 'normalization = NFD' with 'normalization = prenormalized'
  INFO - Overriding locale 'en-US' defaults 'variable = shifted' with 'variable = non-ignorable'
  INFO - Sorting list 'nyt/global//global/global/global' of type 'entry' with template 'nyt' and locale 'en-US'
  INFO - No sort tailoring available for locale 'en-US'
  INFO - Writing 'index.bbl' with encoding 'UTF-8'
  INFO - Output to index.bbl
  

running pdflatex - 2

  This is pdfTeX, Version 3.141592653-2.6-1.40.29 (TeX Live 2026) (preloaded format=pdflatex)
   restricted \write18 enabled.
  entering extended mode
  

running pdflatex - 3

  This is pdfTeX, Version 3.141592653-2.6-1.40.29 (TeX Live 2026) (preloaded format=pdflatex)
   restricted \write18 enabled.
  entering extended mode
  



Output created: _book/index.html


