pandoc 

  to: html
  output-file: index.html
  standalone: true
  section-divs: true
  html-math-method: mathjax
  wrap: none
  default-image-extension: png
  toc: true
  variables: {}
  

metadata

  document-css: false
  link-citations: true
  date-format: long
  lang: en
  engines:
    - path: /opt/quarto/share/extension-subtrees/julia-engine/_extensions/julia-engine/julia-engine.js
  title: External
  subtitle: Quarto Extension
  author:
    - name: Mickaël CANOUIL, _Ph.D._
      orcid: 0000-0002-3396-4549
      url: https://mickael.canouil.fr
  

WARNING (/opt/quarto/share/filters/main.lua:21977) Shortcode 'iconify' not found

WARNING (/opt/quarto/share/filters/main.lua:21977) Shortcode 'iconify' not found

WARNING (/opt/quarto/share/filters/main.lua:21977) Shortcode 'iconify' not found

Output created: index.html


