Cloning into 'repo'...
Installing package into '/home/runner/work/quarto-extensions/quarto-extensions/test-4/R/x86_64-pc-linux-gnu-library/4.5'
(as 'lib' is unspecified)
trying URL 'https://packagemanager.posit.co/cran/__linux__/jammy/latest/src/contrib/renv_1.1.8.tar.gz'
Content type 'binary/octet-stream' length 2336300 bytes (2.2 MB)
==================================================
downloaded 2.2 MB

* installing *binary* package 'renv' ...
* DONE (renv)

The downloaded source packages are in
	'/tmp/Rtmpix3maY/downloaded_packages'
The R temporary directory appears to be within a folder mounted as 'noexec'.
Installation of R packages from sources may fail.
See the section **Note** within `?INSTALL` for more details.

tempdir(): /tmp/Rtmpix3maY
[1/7] qregurgitate-faq.qmd
[2/7] index.qmd
[3/7] qregurgitate-grouped.qmd


processing file: qregurgitate-grouped.qmd
1/3                  
2/3 [unnamed-chunk-1]
3/3                  
output file: qregurgitate-grouped.knit.md

[4/7] qregurgitate-code-only.qmd


processing file: qregurgitate-code-only.qmd
1/5                  
2/5 [unnamed-chunk-1]
Downloading cpython-3.12.13-linux-x86_64-gnu (download) (32.3MiB)
 Downloaded cpython-3.12.13-linux-x86_64-gnu (download)
Downloading numpy (15.9MiB)
 Downloaded numpy
Installed 1 package in 189ms
3/5                  
4/5 [unnamed-chunk-2]
5/5                  
output file: qregurgitate-code-only.knit.md

[5/7] qregurgitate-with-results.qmd


processing file: qregurgitate-with-results.qmd
1/5                  
2/5 [unnamed-chunk-1]
3/5                  
4/5 [unnamed-chunk-2]
5/5                  
output file: qregurgitate-with-results.knit.md

[6/7] qregurgitate-remove-inline.qmd
[7/7] qregurgitate-release-notes.qmd

Output created: _site/index.html

