Cloning into 'repo'...
Installing package into '/home/runner/work/quarto-extensions/quarto-extensions/test-12/R/x86_64-pc-linux-gnu-library/4.5'
(as 'lib' is unspecified)
trying URL 'https://packagemanager.posit.co/cran/latest/src/contrib/renv_1.2.0.tar.gz'
Content type 'binary/octet-stream' length 1342988 bytes (1.3 MB)
==================================================
downloaded 1.3 MB

* installing *source* package 'renv' ...
** this is package 'renv' version '1.2.0'
** package 'renv' successfully unpacked and MD5 sums checked
** using staged installation
** R
** inst
** byte-compile and prepare package for lazy loading
** help
*** installing help indices
*** copying figures
** building package indices
** installing vignettes
** testing if installed package can be loaded from temporary location
** checking absolute paths in shared objects and dynamic libraries
** testing if installed package can be loaded from final location
** testing if installed package keeps a record of temporary installation path
* DONE (renv)

The downloaded source packages are in
	'/tmp/Rtmp0R7Y8O/downloaded_packages'


processing file: template.qmd
1/5                  
2/5 [unnamed-chunk-1]
3/5                  
4/5 [tbl-glm]        
5/5                  
output file: template.knit.md

pandoc 
  to: latex
  output-file: template.tex
  standalone: true
  pdf-engine: lualatex
  variables:
    graphics: true
    tables: true
  default-image-extension: pdf
  number-sections: true
  
metadata
  block-headings: true
  knitr:
    opts_chunk:
      echo: false
  documentclass: interact
  colorlinks: true
  header-includes:
    - |
      \usepackage{orcidlink}
  engines:
    - path: /opt/quarto/share/extension-subtrees/julia-engine/_extensions/julia-engine/julia-engine.js
  title: Demo Taylor and Francis template
  author:
    - name: Michael J Mahoney
      affiliations:
        - ref: GPES
      orcid: 0000-0003-2402-304X
      email: fake.email@fakeyfake.com
      url: https://mm218.dev
    - name: Another One
      affiliations:
        - ref: GPES
    - name: Someone Else
      email: test@email.com
      affiliations:
        - ref: SRM
  affiliations:
    - id: GPES
      name: State University of New York College of Environmental Science and Forestry
      department: Graduate Program in Environmental Science
      address: 1 Forestry Drive
      city: Syracuse, NY
      country: USA
      postal-code: 13210
    - id: SRM
      name: State University of New York College of Environmental Science and Forestry
      department: Department of Sustainable Resources Management
      address: 1 Forestry Drive
      city: Syracuse, NY
      country: USA
      postal-code: 13210
  abstract: |
    This document is only a demo explaining how to use the template.
  keywords:
    - template
    - demo
  bibliography:
    - bibliography.bib
  


processing file: template.qmd
1/5                  
2/5 [unnamed-chunk-1]
3/5                  
4/5 [tbl-glm]        
5/5                  
output file: template.knit.md

pandoc 
  to: html
  output-file: template.html
  standalone: true
  section-divs: true
  html-math-method: mathjax
  wrap: none
  default-image-extension: png
  number-sections: true
  toc: true
  variables: {}
  
metadata
  document-css: false
  link-citations: true
  date-format: long
  lang: en
  knitr:
    opts_chunk:
      echo: false
  csl: https://www.zotero.org/styles/taylor-and-francis-chicago-author-date
  engines:
    - path: /opt/quarto/share/extension-subtrees/julia-engine/_extensions/julia-engine/julia-engine.js
  title: Demo Taylor and Francis template
  author:
    - name: Michael J Mahoney
      affiliations:
        - ref: GPES
      orcid: 0000-0003-2402-304X
      email: fake.email@fakeyfake.com
      url: https://mm218.dev
    - name: Another One
      affiliations:
        - ref: GPES
    - name: Someone Else
      email: test@email.com
      affiliations:
        - ref: SRM
  affiliations:
    - id: GPES
      name: State University of New York College of Environmental Science and Forestry
      department: Graduate Program in Environmental Science
      address: 1 Forestry Drive
      city: Syracuse, NY
      country: USA
      postal-code: 13210
    - id: SRM
      name: State University of New York College of Environmental Science and Forestry
      department: Department of Sustainable Resources Management
      address: 1 Forestry Drive
      city: Syracuse, NY
      country: USA
      postal-code: 13210
  abstract: |
    This document is only a demo explaining how to use the template.
  keywords:
    - template
    - demo
  bibliography:
    - bibliography.bib
  

Rendering PDF
running lualatex - 1
  This is LuaHBTeX, Version 1.24.0 (TeX Live 2026) 
   restricted system commands enabled.
  
  luaotfload | db : Font names database not found, generating new one.
  luaotfload | db : This can take several minutes; please be patient.
updating tlmgr

updating existing packages
finding package for luacolor.sty
> 1 package to install
> installing luacolor (1 of 1)
  This is LuaHBTeX, Version 1.24.0 (TeX Live 2026) 
   restricted system commands enabled.
  
finding package for lua-ul.sty
> 1 package to install
> installing lua-ul (1 of 1)
  This is LuaHBTeX, Version 1.24.0 (TeX Live 2026) 
   restricted system commands enabled.
  
finding package for pdflscape.sty
> 1 package to install
> installing pdflscape (1 of 1)
  This is LuaHBTeX, Version 1.24.0 (TeX Live 2026) 
   restricted system commands enabled.
  
running lualatex - 2
  This is LuaHBTeX, Version 1.24.0 (TeX Live 2026) 
   restricted system commands enabled.
  

Output created: template.pdf

