Cloning into 'repo'...
Using CPython 3.13.9 interpreter at: /usr/local/python/current/bin/python3
Creating virtual environment at: .venv
Activate with: source .venv/bin/activate
Resolved 128 packages in 0.68ms
Downloading scipy (34.0MiB)
Downloading pandas (11.7MiB)
Downloading matplotlib (8.3MiB)
Downloading fonttools (4.7MiB)
Downloading babel (9.7MiB)
Downloading debugpy (4.1MiB)
Downloading widgetsnbextension (2.1MiB)
Downloading jedi (1.5MiB)
Downloading kiwisolver (1.4MiB)
Downloading setuptools (1.1MiB)
Downloading plotnine (1.3MiB)
Downloading statsmodels (10.0MiB)
Downloading notebook (13.7MiB)
Downloading polars-runtime-32 (38.4MiB)
Downloading jupyterlab (11.7MiB)
Downloading pygments (1.2MiB)
Downloading numpy (15.9MiB)
Downloading pillow (6.3MiB)
Downloading pyarrow (40.8MiB)
 Downloaded kiwisolver
 Downloaded widgetsnbextension
 Downloaded plotnine
 Downloaded pygments
 Downloaded setuptools
 Downloaded debugpy
 Downloaded fonttools
 Downloaded pillow
 Downloaded babel
 Downloaded matplotlib
 Downloaded jupyterlab
 Downloaded notebook
 Downloaded numpy
 Downloaded statsmodels
 Downloaded jedi
 Downloaded polars-runtime-32
 Downloaded scipy
 Downloaded pandas
 Downloaded pyarrow
Prepared 123 packages in 5.06s
Installed 123 packages in 4.02s
 + ansicolors==1.1.8
 + anyio==4.11.0
 + argon2-cffi==25.1.0
 + argon2-cffi-bindings==25.1.0
 + arrow==1.3.0
 + asttokens==3.0.0
 + async-lru==2.0.5
 + attrs==25.4.0
 + babel==2.17.0
 + beautifulsoup4==4.14.2
 + bleach==6.2.0
 + certifi==2025.10.5
 + cffi==2.0.0
 + charset-normalizer==3.4.3
 + click==8.3.0
 + comm==0.2.3
 + contourpy==1.3.3
 + cycler==0.12.1
 + debugpy==1.8.17
 + decorator==5.2.1
 + defusedxml==0.7.1
 + entrypoints==0.4
 + executing==2.2.1
 + fastjsonschema==2.21.2
 + fonttools==4.60.1
 + fqdn==1.5.1
 + h11==0.16.0
 + httpcore==1.0.9
 + httpx==0.28.1
 + idna==3.10
 + ipykernel==6.30.1
 + ipython==9.6.0
 + ipython-pygments-lexers==1.1.1
 + ipywidgets==8.1.7
 + isoduration==20.11.0
 + jedi==0.19.2
 + jinja2==3.1.6
 + json5==0.12.1
 + jsonpointer==3.0.0
 + jsonschema==4.25.1
 + jsonschema-specifications==2025.9.1
 + jupyter==1.1.1
 + jupyter-client==8.6.3
 + jupyter-console==6.6.3
 + jupyter-core==5.8.1
 + jupyter-events==0.12.0
 + jupyter-lsp==2.3.0
 + jupyter-server==2.17.0
 + jupyter-server-terminals==0.5.3
 + jupyterlab==4.4.9
 + jupyterlab-pygments==0.3.0
 + jupyterlab-server==2.27.3
 + jupyterlab-widgets==3.0.15
 + kiwisolver==1.4.9
 + lark==1.3.0
 + markupsafe==3.0.3
 + matplotlib==3.10.7
 + matplotlib-inline==0.1.7
 + mistune==3.1.4
 + mizani==0.14.2
 + nbclient==0.10.2
 + nbconvert==7.16.6
 + nbformat==5.10.4
 + nest-asyncio==1.6.0
 + notebook==7.4.7
 + notebook-shim==0.2.4
 + numpy==2.3.3
 + packaging==25.0
 + pandas==2.3.3
 + pandocfilters==1.5.1
 + papermill==2.6.0
 + parso==0.8.5
 + patsy==1.0.1
 + pexpect==4.9.0
 + pillow==11.3.0
 + platformdirs==4.5.0
 + plotnine==0.15.0
 + polars==1.34.0
 + polars-runtime-32==1.34.0
 + prometheus-client==0.23.1
 + prompt-toolkit==3.0.52
 + psutil==7.1.0
 + ptyprocess==0.7.0
 + pure-eval==0.2.3
 + pyarrow==21.0.0
 + pycparser==2.23
 + pygments==2.19.2
 + pyparsing==3.2.5
 + python-dateutil==2.9.0.post0
 + python-json-logger==4.0.0
 + pytz==2025.2
 + pyyaml==6.0.3
 + pyzmq==27.1.0
 + referencing==0.36.2
 + requests==2.32.5
 + rfc3339-validator==0.1.4
 + rfc3986-validator==0.1.1
 + rfc3987-syntax==1.1.0
 + rpds-py==0.27.1
 + scipy==1.16.2
 + send2trash==1.8.3
 + setuptools==80.9.0
 + six==1.17.0
 + sniffio==1.3.1
 + soupsieve==2.8
 + stack-data==0.6.3
 + statsmodels==0.14.5
 + tenacity==9.1.2
 + terminado==0.18.1
 + tinycss2==1.4.0
 + tornado==6.5.2
 + tqdm==4.67.1
 + traitlets==5.14.3
 + types-python-dateutil==2.9.0.20251008
 + typing-extensions==4.15.0
 + tzdata==2025.2
 + uri-template==1.3.0
 + urllib3==2.5.0
 + wcwidth==0.2.14
 + webcolors==24.11.1
 + webencodings==0.5.1
 + websocket-client==1.9.0
 + widgetsnbextension==4.0.14

Starting python3 kernel...Done

Executing 'example.quarto_ipynb'
  Cell 1/4: 'code'.......Done
  Cell 2/4: 'table'......Done
  Cell 3/4: 'figure-1'...Done
  Cell 4/4: 'figure-2'...Done

pandoc 
  to: html
  output-file: index.html
  standalone: true
  embed-resources: true
  section-divs: true
  html-math-method: mathjax
  wrap: none
  default-image-extension: png
  toc: true
  variables: {}
  
metadata
  document-css: false
  link-citations: true
  date-format: long
  lang: en
  engines:
    - path: /opt/quarto/share/extension-subtrees/julia-engine/_extensions/julia-engine/julia-engine.js
  title: Collapse Output
  subtitle: Quarto Extension
  author:
    - name: Mickaël CANOUIL, _Ph.D._
      orcid: 0000-0002-3396-4549
      url: https://mickael.canouil.fr
  extensions:
    collapse-output:
      method: javascript
  
Output created: index.html

