

processing file: template.qmd

1/5                  

2/5 [unnamed-chunk-1]

3/5                  

4/5 [fig-n-lights]   

5/5                  

output file: template.knit.md


Warning message:
Duplicated chunk option(s) 'label' in both chunk header and pipe comments of the chunk 'fig-n-lights'. 



processing file: template.qmd

1/5                  

2/5 [unnamed-chunk-1]

3/5                  

4/5 [fig-n-lights]   

5/5                  

output file: template.knit.md


Warning message:
Duplicated chunk option(s) 'label' in both chunk header and pipe comments of the chunk 'fig-n-lights'. 


Rendering PDF

running lualatex - 1

  This is LuaHBTeX, Version 1.24.0 (TeX Live 2026) 
   restricted system commands enabled.
  

updating tlmgr



updating existing packages

finding package for setspace.sty

> 1 package to install

> installing setspace (1 of 1)

(WARN) Error encountered when rendering files

(ERROR) tlmgr returned a non zero status code
You don't have permission to change the installation in any way,
specifically, the directory /opt/tinytex/tlpkg/ is not writable.
Please run this program as administrator, or contact your local admin.
tlmgr: An error has occurred. See above messages. Exiting.


Stack trace:
    at renderFiles (file:///opt/quarto/bin/quarto.js:136533:49)
    at eventLoopTick (ext:core/01_core.js:179:7)
    at async renderProject (file:///opt/quarto/bin/quarto.js:137076:23)
    at async _Command.actionHandler (file:///opt/quarto/bin/quarto.js:142406:24)
    at async _Command.execute (file:///opt/quarto/bin/quarto.js:102029:7)
    at async _Command.parseCommand (file:///opt/quarto/bin/quarto.js:101906:14)
    at async quarto4 (file:///opt/quarto/bin/quarto.js:187554:5)
    at async file:///opt/quarto/bin/quarto.js:187582:5
    at async file:///opt/quarto/bin/quarto.js:187437:14
    at async mainRunner (file:///opt/quarto/bin/quarto.js:187439:5)
    at async file:///opt/quarto/bin/quarto.js:187575:3

