Cloning into 'repo'...
Installing package into '/home/runner/work/quarto-extensions/quarto-extensions/test-2/R/x86_64-pc-linux-gnu-library/4.5'
(as 'lib' is unspecified)
trying URL 'https://packagemanager.posit.co/cran/__linux__/jammy/latest/src/contrib/renv_1.1.8.tar.gz'
Content type 'binary/octet-stream' length 2336300 bytes (2.2 MB)
==================================================
downloaded 2.2 MB

* installing *binary* package 'renv' ...
* DONE (renv)

The downloaded source packages are in
	'/tmp/RtmpZ1chK2/downloaded_packages'
The R temporary directory appears to be within a folder mounted as 'noexec'.
Installation of R packages from sources may fail.
See the section **Note** within `?INSTALL` for more details.

tempdir(): /tmp/RtmpZ1chK2
Installing packages into '/home/runner/work/quarto-extensions/quarto-extensions/test-2/R/x86_64-pc-linux-gnu-library/4.5'
(as 'lib' is unspecified)
also installing the dependencies 'later', 'ragg'

trying URL 'https://cloud.r-project.org/src/contrib/later_1.4.8.tar.gz'
trying URL 'https://cloud.r-project.org/src/contrib/ragg_1.5.2.tar.gz'
trying URL 'https://cloud.r-project.org/src/contrib/magick_2.9.1.tar.gz'
trying URL 'https://cloud.r-project.org/src/contrib/quarto_1.5.1.tar.gz'
trying URL 'https://cloud.r-project.org/src/contrib/tidyverse_2.0.0.tar.gz'
* installing *source* package 'later' ...
** this is package 'later' version '1.4.8'
** package 'later' successfully unpacked and MD5 sums checked
** using staged installation
ERROR: 'configure' exists but is not executable -- see the 'R Installation and Administration Manual'
* removing '/home/runner/work/quarto-extensions/quarto-extensions/test-2/R/x86_64-pc-linux-gnu-library/4.5/later'
* installing *source* package 'ragg' ...
** this is package 'ragg' version '1.5.2'
** package 'ragg' successfully unpacked and MD5 sums checked
** using staged installation
ERROR: 'configure' exists but is not executable -- see the 'R Installation and Administration Manual'
* removing '/home/runner/work/quarto-extensions/quarto-extensions/test-2/R/x86_64-pc-linux-gnu-library/4.5/ragg'
* installing *source* package 'magick' ...
** this is package 'magick' version '2.9.1'
** package 'magick' successfully unpacked and MD5 sums checked
** using staged installation
ERROR: 'configure' exists but is not executable -- see the 'R Installation and Administration Manual'
* removing '/home/runner/work/quarto-extensions/quarto-extensions/test-2/R/x86_64-pc-linux-gnu-library/4.5/magick'
ERROR: dependency 'later' is not available for package 'quarto'
Perhaps try a variation of:
install.packages('later')
* removing '/home/runner/work/quarto-extensions/quarto-extensions/test-2/R/x86_64-pc-linux-gnu-library/4.5/quarto'
ERROR: dependency 'ragg' is not available for package 'tidyverse'
Perhaps try a variation of:
install.packages('ragg')
* removing '/home/runner/work/quarto-extensions/quarto-extensions/test-2/R/x86_64-pc-linux-gnu-library/4.5/tidyverse'

The downloaded source packages are in
	'/tmp/RtmpZ1chK2/downloaded_packages'
Warning messages:
1: In install.packages(deps, repos = "https://cloud.r-project.org") :
  installation of package 'later' had non-zero exit status
2: In install.packages(deps, repos = "https://cloud.r-project.org") :
  installation of package 'ragg' had non-zero exit status
3: In install.packages(deps, repos = "https://cloud.r-project.org") :
  installation of package 'magick' had non-zero exit status
4: In install.packages(deps, repos = "https://cloud.r-project.org") :
  installation of package 'quarto' had non-zero exit status
5: In install.packages(deps, repos = "https://cloud.r-project.org") :
  installation of package 'tidyverse' had non-zero exit status
/usr/local/bin/tlmgr: open(>/opt/tinytex/tlpkg/texlive.tlpdb.tmp) failed: Permission denied at /opt/tinytex/tlpkg/TeXLive/TLPDB.pm line 611.
CTAN mirror https://ctan.math.utah.edu/ctan/tex-archive/systems/texlive/tlnet failed, trying next...
/usr/local/bin/tlmgr: open(>/opt/tinytex/tlpkg/texlive.tlpdb.tmp) failed: Permission denied at /opt/tinytex/tlpkg/TeXLive/TLPDB.pm line 611.
CTAN mirror https://ctan.math.illinois.edu/systems/texlive/tlnet failed, trying next...
/usr/local/bin/tlmgr: open(>/opt/tinytex/tlpkg/texlive.tlpdb.tmp) failed: Permission denied at /opt/tinytex/tlpkg/TeXLive/TLPDB.pm line 611.
CTAN mirror https://mirrors.rit.edu/CTAN/systems/texlive/tlnet failed, trying next...
/usr/local/bin/tlmgr: open(>/opt/tinytex/tlpkg/texlive.tlpdb.tmp) failed: Permission denied at /opt/tinytex/tlpkg/TeXLive/TLPDB.pm line 611.
CTAN mirror https://mirror.ctan.org/systems/texlive/tlnet failed, trying next...
All CTAN mirrors failed. LaTeX packages may not install.
[1/5] template.qmd


processing file: template.qmd
1/5                  
2/5 [unnamed-chunk-1]
3/5                  
4/5 [fig-n-lights]   
5/5                  
output file: template.knit.md

Warning message:
Duplicated chunk option(s) 'label' in both chunk header and pipe comments of the chunk 'fig-n-lights'. 


processing file: template.qmd
1/5                  
2/5 [unnamed-chunk-1]
3/5                  
4/5 [fig-n-lights]   
5/5                  
output file: template.knit.md

Warning message:
Duplicated chunk option(s) 'label' in both chunk header and pipe comments of the chunk 'fig-n-lights'. 

Rendering PDF
running lualatex - 1
  This is LuaHBTeX, Version 1.24.0 (TeX Live 2026) 
   restricted system commands enabled.
  
  luaotfload | db : Font names database not found, generating new one.
  luaotfload | db : This can take several minutes; please be patient.
updating tlmgr

updating existing packages
finding package for setspace.sty
> 1 package to install
> installing setspace (1 of 1)
WARN: Error encountered when rendering files
ERROR: tlmgr returned a non zero status code
You don't have permission to change the installation in any way,
specifically, the directory /opt/tinytex/tlpkg/ is not writable.
Please run this program as administrator, or contact your local admin.
tlmgr: An error has occurred. See above messages. Exiting.


Stack trace:
    at renderFiles (file:///opt/quarto/bin/quarto.js:136533:49)
    at eventLoopTick (ext:core/01_core.js:179:7)
    at async renderProject (file:///opt/quarto/bin/quarto.js:137076:23)
    at async _Command.actionHandler (file:///opt/quarto/bin/quarto.js:142406:24)
    at async _Command.execute (file:///opt/quarto/bin/quarto.js:102029:7)
    at async _Command.parseCommand (file:///opt/quarto/bin/quarto.js:101906:14)
    at async quarto4 (file:///opt/quarto/bin/quarto.js:187554:5)
    at async file:///opt/quarto/bin/quarto.js:187582:5
    at async file:///opt/quarto/bin/quarto.js:187437:14
    at async mainRunner (file:///opt/quarto/bin/quarto.js:187439:5)
    at async file:///opt/quarto/bin/quarto.js:187575:3
Render failed, retrying once...
[1/5] template.qmd


processing file: template.qmd
1/5                  
2/5 [unnamed-chunk-1]
3/5                  
4/5 [fig-n-lights]   
5/5                  
output file: template.knit.md

Warning message:
Duplicated chunk option(s) 'label' in both chunk header and pipe comments of the chunk 'fig-n-lights'. 


processing file: template.qmd
1/5                  
2/5 [unnamed-chunk-1]
3/5                  
4/5 [fig-n-lights]   
5/5                  
output file: template.knit.md

Warning message:
Duplicated chunk option(s) 'label' in both chunk header and pipe comments of the chunk 'fig-n-lights'. 

Rendering PDF
running lualatex - 1
  This is LuaHBTeX, Version 1.24.0 (TeX Live 2026) 
   restricted system commands enabled.
  
updating tlmgr

updating existing packages
finding package for setspace.sty
> 1 package to install
> installing setspace (1 of 1)
WARN: Error encountered when rendering files
ERROR: tlmgr returned a non zero status code
You don't have permission to change the installation in any way,
specifically, the directory /opt/tinytex/tlpkg/ is not writable.
Please run this program as administrator, or contact your local admin.
tlmgr: An error has occurred. See above messages. Exiting.


Stack trace:
    at renderFiles (file:///opt/quarto/bin/quarto.js:136533:49)
    at eventLoopTick (ext:core/01_core.js:179:7)
    at async renderProject (file:///opt/quarto/bin/quarto.js:137076:23)
    at async _Command.actionHandler (file:///opt/quarto/bin/quarto.js:142406:24)
    at async _Command.execute (file:///opt/quarto/bin/quarto.js:102029:7)
    at async _Command.parseCommand (file:///opt/quarto/bin/quarto.js:101906:14)
    at async quarto4 (file:///opt/quarto/bin/quarto.js:187554:5)
    at async file:///opt/quarto/bin/quarto.js:187582:5
    at async file:///opt/quarto/bin/quarto.js:187437:14
    at async mainRunner (file:///opt/quarto/bin/quarto.js:187439:5)
    at async file:///opt/quarto/bin/quarto.js:187575:3
