Cloning into 'repo'...
Installing package into '/home/runner/work/quarto-extensions/quarto-extensions/test-15/R/x86_64-pc-linux-gnu-library/4.6'
(as 'lib' is unspecified)
trying URL 'https://packagemanager.posit.co/cran/latest/src/contrib/renv_1.2.2.tar.gz'
Content type 'binary/octet-stream' length 1356485 bytes (1.3 MB)
==================================================
downloaded 1.3 MB

* installing *source* package 'renv' ...
** this is package 'renv' version '1.2.2'
** package 'renv' successfully unpacked and MD5 sums checked
** using staged installation
** R
** inst
** byte-compile and prepare package for lazy loading
** help
*** installing help indices
*** copying figures
** building package indices
** installing vignettes
** testing if installed package can be loaded from temporary location
** checking absolute paths in shared objects and dynamic libraries
** testing if installed package can be loaded from final location
** testing if installed package keeps a record of temporary installation path
* DONE (renv)

The downloaded source packages are in
	'/tmp/RtmpZHK4wu/downloaded_packages'
CTAN mirror https://ctan.math.utah.edu/ctan/tex-archive/systems/texlive/tlnet failed, trying next...


processing file: modify-mode-all.qmd
1/5            
2/5 [chunk-out]
3/5            
4/5 [chunk-fig]
5/5            
output file: modify-mode-all.knit.md

ERROR: Specified Reveal plugin directory 'editable' does not exist.

Stack trace:
    at pluginFromBundle (file:///opt/quarto/bin/quarto.js:183972:11)
    at revealPluginExtras (file:///opt/quarto/bin/quarto.js:183768:52)
    at eventLoopTick (ext:core/01_core.js:179:7)
    at async Object.formatExtras (file:///opt/quarto/bin/quarto.js:184364:34)
    at async runPandoc (file:///opt/quarto/bin/quarto.js:129151:56)
    at async renderPandoc (file:///opt/quarto/bin/quarto.js:130856:24)
    at async Object.onRender (file:///opt/quarto/bin/quarto.js:136889:30)
    at async renderFileInternal (file:///opt/quarto/bin/quarto.js:136866:9)
    at async renderFiles (file:///opt/quarto/bin/quarto.js:136597:9)
    at async renderProject (file:///opt/quarto/bin/quarto.js:137166:23)
    at async _Command.actionHandler (file:///opt/quarto/bin/quarto.js:142496:24)
    at async _Command.execute (file:///opt/quarto/bin/quarto.js:102027:7)
    at async _Command.parseCommand (file:///opt/quarto/bin/quarto.js:101904:14)
    at async quarto4 (file:///opt/quarto/bin/quarto.js:187717:5)
    at async file:///opt/quarto/bin/quarto.js:187746:5
    at async file:///opt/quarto/bin/quarto.js:187600:14
    at async mainRunner (file:///opt/quarto/bin/quarto.js:187602:5)
    at async file:///opt/quarto/bin/quarto.js:187739:3
Render failed, retrying once...


processing file: modify-mode-all.qmd
1/5            
2/5 [chunk-out]
3/5            
4/5 [chunk-fig]
5/5            
output file: modify-mode-all.knit.md

ERROR: Specified Reveal plugin directory 'editable' does not exist.

Stack trace:
    at pluginFromBundle (file:///opt/quarto/bin/quarto.js:183972:11)
    at revealPluginExtras (file:///opt/quarto/bin/quarto.js:183768:52)
    at eventLoopTick (ext:core/01_core.js:179:7)
    at async Object.formatExtras (file:///opt/quarto/bin/quarto.js:184364:34)
    at async runPandoc (file:///opt/quarto/bin/quarto.js:129151:56)
    at async renderPandoc (file:///opt/quarto/bin/quarto.js:130856:24)
    at async Object.onRender (file:///opt/quarto/bin/quarto.js:136889:30)
    at async renderFileInternal (file:///opt/quarto/bin/quarto.js:136866:9)
    at async renderFiles (file:///opt/quarto/bin/quarto.js:136597:9)
    at async renderProject (file:///opt/quarto/bin/quarto.js:137166:23)
    at async _Command.actionHandler (file:///opt/quarto/bin/quarto.js:142496:24)
    at async _Command.execute (file:///opt/quarto/bin/quarto.js:102027:7)
    at async _Command.parseCommand (file:///opt/quarto/bin/quarto.js:101904:14)
    at async quarto4 (file:///opt/quarto/bin/quarto.js:187717:5)
    at async file:///opt/quarto/bin/quarto.js:187746:5
    at async file:///opt/quarto/bin/quarto.js:187600:14
    at async mainRunner (file:///opt/quarto/bin/quarto.js:187602:5)
    at async file:///opt/quarto/bin/quarto.js:187739:3
