pandoc 

  to: revealjs
  from: markdown-auto_identifiers+emoji
  output-file: template.html
  standalone: true
  embed-resources: true
  wrap: none
  default-image-extension: png
  html-math-method:
    method: mathjax
    url: >-
      https://cdn.jsdelivr.net/npm/mathjax@2.7.9/MathJax.js?config=TeX-AMS_HTML-full
  slide-level: 2
  

metadata

  link-citations: true
  width: 1050
  height: 700
  margin: 0.1
  center: false
  navigationMode: linear
  controlsLayout: edges
  controlsTutorial: false
  hash: true
  history: true
  hashOneBasedIndex: false
  fragmentInURL: false
  transition: fade
  backgroundTransition: slide
  pdfSeparateFragments: false
  lang: de
  auto-stretch: true
  theme:
    - _extensions/hsnr/HSNR.scss
  date-format: DD.MM.YYYY
  csl: _extensions/hsnr/apa-single-spaced.csl
  logo: _extensions/hsnr/HSNLogo_quadrat2.jpg
  slideNumber: true
  scrollable: true
  citations-hover: true
  footnotes-hover: true
  controls: true
  hash-type: number
  hideInactiveCursor: true
  hideCursorTime: 200
  title: Quarto und Revealjs
  subtitle: Eine kurze Einführung
  author:
    - name: Prof. Dr. Klara Aufbau
  institute: Fachbereich Gesundheitswesen
  modul: M3 Spezialwissen 2024
  kohorte: MHC
  date: '2004-12-21'
  bibliography:
    - literatur.bib
  footer: Prof. Dr. Theo Rethisch | Fachbereich 10 | Hochschule Niederrhein
  

[WARNING] 
Could not fetch resource _extensions/produnis/hsnr/KreisschwungKrefeld.png
[WARNING] Could not fetch resource _extensions/produnis/hsnr/KreisschwungKrefeld.
png
[WARNING] Coul
d not fetch resource _exten
sions/produnis/hsnr/
Hochschule_niederrhein.png


[WA
RNING] Could not fet
ch resource
 _exten
sions/
produnis
/hsnr/
befor
eyous
tartit
snote
asy.jp
g

[W
ARNING] Co
uld no
t fet
ch re
source
 _ext
ensio
ns/pr
oduni
s/hsnr/beforeyoustartitsnoteasy.jpg

[W
ARNING] C
ould not 
fetch
 reso
urce
 _ex
tensions/
prod
unis
/hsnr
/let
ztef
olie
1.we
bp

[WA
RNING
] Co
uld no
t fe
tch 
resour
ce _
exte
nsion
s/pr
odun
is/
hsnr
/let
ztef
olie2
.webp

[W
ARNING] Co
uld n
ot f
etch
 reso
urce _ex
tens
ions
/pro
duni
s/hs
nr/K
refe
ldCam
pus_
nig
ht.w
ebp

[W
ARNING]
 Coul
d no
t fe
tch
 res
ourc
e _e
xten
sion
s/pr
odu
nis/
hsnr
/HSN
Logo
_quadrat2.jpg

[WARNING
] Cou
ld no
t fetc
h resou
rce 
_ex
tens
ions
/pr
odun
is/
hsnr
/Ge
baue
deH
_Ran
d.w
ebp

[W
ARNING]
 Coul
d no
t fet
ch re
sour
ce _ex
ten
sion
s/pr
odun
is/hs
nr/
HSNL
ogo
_qua
dra
t2.j
pg

[W
ARNING
] Co
uld 
not
 fe
tch 
res
ourc
e _
exten
sion
s/p
rod
uni
s/hs
nr/
bibl
iot
hek.
web
p

Output created: template.html


