Cloning into 'repo'...
pandoc 
  to: >-
    commonmark+autolink_bare_uris+emoji+footnotes+gfm_auto_identifiers+pipe_tables+strikeout+task_lists+tex_math_dollars
  output-file: gfm.md
  standalone: true
  default-image-extension: png
  variables: {}
  
metadata
  title: D2 Extension For Quarto
  d2:
    layout: elk
  
sh: 1: d2: Permission denied
Error running filter /opt/quarto/share/filters/main.lua:
string expected, got nil
	while retrieving function argument contents
	while retrieving arguments for function insert
stack traceback:
	...arto-extensions/test-17/repo/tests/_extensions/d2/d2.lua:210: in function <...arto-extensions/test-17/repo/tests/_extensions/d2/d2.lua:181>
	[C]: in ?
	[C]: in method 'walk'
	...arto-extensions/test-17/repo/tests/_extensions/d2/d2.lua:366: in function <...arto-extensions/test-17/repo/tests/_extensions/d2/d2.lua:339>
	[C]: in ?
	[C]: in method 'walk'
	/opt/quarto/share/pandoc/datadir/_utils.lua:607: in function '_utils.walk'
	/opt/quarto/share/filters/main.lua:572: in local 'checked_walk'
	/opt/quarto/share/filters/main.lua:627: in function 'run_emulated_filter'
	/opt/quarto/share/filters/main.lua:1314: in local 'callback'
	[string "if pandoc.system.os == "mingw32" then..."]:778: in field 'withScriptFile'
	/opt/quarto/share/filters/main.lua:1330: in upvalue 'run_emulated_filter_chain'
	/opt/quarto/share/filters/main.lua:1368: in function </opt/quarto/share/filters/main.lua:1365>
stack traceback:
	...arto-extensions/test-17/repo/tests/_extensions/d2/d2.lua:366: in function <...arto-extensions/test-17/repo/tests/_extensions/d2/d2.lua:339>
	[C]: in ?
	[C]: in method 'walk'
	/opt/quarto/share/pandoc/datadir/_utils.lua:607: in function '_utils.walk'
	/opt/quarto/share/filters/main.lua:572: in local 'checked_walk'
	/opt/quarto/share/filters/main.lua:627: in function 'run_emulated_filter'
	/opt/quarto/share/filters/main.lua:1314: in local 'callback'
	[string "if pandoc.system.os == "mingw32" then..."]:778: in field 'withScriptFile'
	/opt/quarto/share/filters/main.lua:1330: in upvalue 'run_emulated_filter_chain'
	/opt/quarto/share/filters/main.lua:1368: in function </opt/quarto/share/filters/main.lua:1365>
stack traceback:
	/opt/quarto/share/pandoc/datadir/_utils.lua:607: in function '_utils.walk'
	/opt/quarto/share/filters/main.lua:572: in local 'checked_walk'
	/opt/quarto/share/filters/main.lua:627: in function 'run_emulated_filter'
	/opt/quarto/share/filters/main.lua:1314: in local 'callback'
	[string "if pandoc.system.os == "mingw32" then..."]:778: in field 'withScriptFile'
	/opt/quarto/share/filters/main.lua:1330: in upvalue 'run_emulated_filter_chain'
	/opt/quarto/share/filters/main.lua:1368: in function </opt/quarto/share/filters/main.lua:1365>
WARN: Error encountered when rendering files
Render failed, retrying once...
pandoc 
  to: >-
    commonmark+autolink_bare_uris+emoji+footnotes+gfm_auto_identifiers+pipe_tables+strikeout+task_lists+tex_math_dollars
  output-file: gfm.md
  standalone: true
  default-image-extension: png
  variables: {}
  
metadata
  title: D2 Extension For Quarto
  d2:
    layout: elk
  
sh: 1: d2: Permission denied
Error running filter /opt/quarto/share/filters/main.lua:
string expected, got nil
	while retrieving function argument contents
	while retrieving arguments for function insert
stack traceback:
	...arto-extensions/test-17/repo/tests/_extensions/d2/d2.lua:210: in function <...arto-extensions/test-17/repo/tests/_extensions/d2/d2.lua:181>
	[C]: in ?
	[C]: in method 'walk'
	...arto-extensions/test-17/repo/tests/_extensions/d2/d2.lua:366: in function <...arto-extensions/test-17/repo/tests/_extensions/d2/d2.lua:339>
	[C]: in ?
	[C]: in method 'walk'
	/opt/quarto/share/pandoc/datadir/_utils.lua:607: in function '_utils.walk'
	/opt/quarto/share/filters/main.lua:572: in local 'checked_walk'
	/opt/quarto/share/filters/main.lua:627: in function 'run_emulated_filter'
	/opt/quarto/share/filters/main.lua:1314: in local 'callback'
	[string "if pandoc.system.os == "mingw32" then..."]:778: in field 'withScriptFile'
	/opt/quarto/share/filters/main.lua:1330: in upvalue 'run_emulated_filter_chain'
	/opt/quarto/share/filters/main.lua:1368: in function </opt/quarto/share/filters/main.lua:1365>
stack traceback:
	...arto-extensions/test-17/repo/tests/_extensions/d2/d2.lua:366: in function <...arto-extensions/test-17/repo/tests/_extensions/d2/d2.lua:339>
	[C]: in ?
	[C]: in method 'walk'
	/opt/quarto/share/pandoc/datadir/_utils.lua:607: in function '_utils.walk'
	/opt/quarto/share/filters/main.lua:572: in local 'checked_walk'
	/opt/quarto/share/filters/main.lua:627: in function 'run_emulated_filter'
	/opt/quarto/share/filters/main.lua:1314: in local 'callback'
	[string "if pandoc.system.os == "mingw32" then..."]:778: in field 'withScriptFile'
	/opt/quarto/share/filters/main.lua:1330: in upvalue 'run_emulated_filter_chain'
	/opt/quarto/share/filters/main.lua:1368: in function </opt/quarto/share/filters/main.lua:1365>
stack traceback:
	/opt/quarto/share/pandoc/datadir/_utils.lua:607: in function '_utils.walk'
	/opt/quarto/share/filters/main.lua:572: in local 'checked_walk'
	/opt/quarto/share/filters/main.lua:627: in function 'run_emulated_filter'
	/opt/quarto/share/filters/main.lua:1314: in local 'callback'
	[string "if pandoc.system.os == "mingw32" then..."]:778: in field 'withScriptFile'
	/opt/quarto/share/filters/main.lua:1330: in upvalue 'run_emulated_filter_chain'
	/opt/quarto/share/filters/main.lua:1368: in function </opt/quarto/share/filters/main.lua:1365>
WARN: Error encountered when rendering files
