

processing file: template.qmd

1/5                  

2/5 [unnamed-chunk-1]

3/5                  

4/5 [scatter]        

5/5                  

output file: template.knit.md


pandoc 

  to: revealjs
  output-file: template.html
  standalone: true
  wrap: none
  default-image-extension: png
  html-math-method:
    method: mathjax
    url: >-
      https://cdn.jsdelivr.net/npm/mathjax@2.7.9/MathJax.js?config=TeX-AMS_HTML-full
  slide-level: 2
  variables: {}
  

metadata

  link-citations: true
  width: 1050
  height: 700
  margin: 0.1
  center: false
  navigationMode: linear
  controlsLayout: edges
  controlsTutorial: false
  hash: true
  history: true
  hashOneBasedIndex: false
  fragmentInURL: false
  transition: none
  backgroundTransition: none
  pdfSeparateFragments: false
  lang: en
  auto-stretch: true
  theme:
    - default
    - _extensions/nes/nes.scss
    - _extensions/nes/icons.scss
  code-copy: false
  engines:
    - path: /opt/quarto/share/extension-subtrees/julia-engine/_extensions/julia-engine/julia-engine.js
  title: |
    <i class="nes-icon coin is-large"></i>
    NES.css Theme
    <i class="nes-icon coin is-large"></i>
  subtitle: for Quarto revealjs
  author: Emil Hvitfeldt
  

Output created: template.html


