Cloning into 'repo'...
Installing package into '/home/runner/work/quarto-extensions/quarto-extensions/test-6/R/x86_64-pc-linux-gnu-library/4.5'
(as 'lib' is unspecified)
trying URL 'https://packagemanager.posit.co/cran/__linux__/jammy/latest/src/contrib/renv_1.1.8.tar.gz'
Content type 'binary/octet-stream' length 2336300 bytes (2.2 MB)
==================================================
downloaded 2.2 MB

* installing *binary* package 'renv' ...
* DONE (renv)

The downloaded source packages are in
	'/tmp/Rtmpuiad87/downloaded_packages'
The R temporary directory appears to be within a folder mounted as 'noexec'.
Installation of R packages from sources may fail.
See the section **Note** within `?INSTALL` for more details.

tempdir(): /tmp/Rtmpuiad87
Installing packages into '/home/runner/work/quarto-extensions/quarto-extensions/test-6/R/x86_64-pc-linux-gnu-library/4.5'
(as 'lib' is unspecified)
also installing the dependencies 'later', 'ragg'

trying URL 'https://cloud.r-project.org/src/contrib/later_1.4.8.tar.gz'
trying URL 'https://cloud.r-project.org/src/contrib/ragg_1.5.2.tar.gz'
trying URL 'https://cloud.r-project.org/src/contrib/magick_2.9.1.tar.gz'
trying URL 'https://cloud.r-project.org/src/contrib/quarto_1.5.1.tar.gz'
trying URL 'https://cloud.r-project.org/src/contrib/tidyverse_2.0.0.tar.gz'
* installing *source* package 'later' ...
** this is package 'later' version '1.4.8'
** package 'later' successfully unpacked and MD5 sums checked
** using staged installation
ERROR: 'configure' exists but is not executable -- see the 'R Installation and Administration Manual'
* removing '/home/runner/work/quarto-extensions/quarto-extensions/test-6/R/x86_64-pc-linux-gnu-library/4.5/later'
* installing *source* package 'ragg' ...
** this is package 'ragg' version '1.5.2'
** package 'ragg' successfully unpacked and MD5 sums checked
** using staged installation
ERROR: 'configure' exists but is not executable -- see the 'R Installation and Administration Manual'
* removing '/home/runner/work/quarto-extensions/quarto-extensions/test-6/R/x86_64-pc-linux-gnu-library/4.5/ragg'
* installing *source* package 'magick' ...
** this is package 'magick' version '2.9.1'
** package 'magick' successfully unpacked and MD5 sums checked
** using staged installation
ERROR: 'configure' exists but is not executable -- see the 'R Installation and Administration Manual'
* removing '/home/runner/work/quarto-extensions/quarto-extensions/test-6/R/x86_64-pc-linux-gnu-library/4.5/magick'
ERROR: dependency 'later' is not available for package 'quarto'
Perhaps try a variation of:
install.packages('later')
* removing '/home/runner/work/quarto-extensions/quarto-extensions/test-6/R/x86_64-pc-linux-gnu-library/4.5/quarto'
ERROR: dependency 'ragg' is not available for package 'tidyverse'
Perhaps try a variation of:
install.packages('ragg')
* removing '/home/runner/work/quarto-extensions/quarto-extensions/test-6/R/x86_64-pc-linux-gnu-library/4.5/tidyverse'

The downloaded source packages are in
	'/tmp/Rtmpuiad87/downloaded_packages'
Warning messages:
1: In install.packages(deps, repos = "https://cloud.r-project.org") :
  installation of package 'later' had non-zero exit status
2: In install.packages(deps, repos = "https://cloud.r-project.org") :
  installation of package 'ragg' had non-zero exit status
3: In install.packages(deps, repos = "https://cloud.r-project.org") :
  installation of package 'magick' had non-zero exit status
4: In install.packages(deps, repos = "https://cloud.r-project.org") :
  installation of package 'quarto' had non-zero exit status
5: In install.packages(deps, repos = "https://cloud.r-project.org") :
  installation of package 'tidyverse' had non-zero exit status
pandoc 
  to: typst
  output-file: template.typ
  standalone: true
  shift-heading-level-by: -1
  default-image-extension: svg
  wrap: none
  citeproc: false
  variables: {}
  
metadata
  date: today
  date-format: D MMMM YYYY
  fontsize: 11pt
  papersize: a4
  font-paths:
    - _extensions/letter/fonts
  engines:
    - path: /opt/quarto/share/extension-subtrees/julia-engine/_extensions/julia-engine/julia-engine.js
  author: Pierre Curie
  qualifications: Nobel Prize, PhD
  position: Professor
  www: curie.com
  email: Pierre.Curie@monash.edu
  phone: +61 3 9905 5555
  address:
    - Hypatia
    - University of Alexandria
    - Egypt
  subject: Application for a position
  opening: Dear Hypatia
  closing: Sincerely
  linestretch: 1.4
  ps: |
    PS: Lorem ipsum dolor sit amet, *consectetur* adipiscing elit.
  
[typst]: Compiling template.typ to template.pdf...DONE

Output created: template.pdf



processing file: README.qmd
1/3                  
2/3 [unnamed-chunk-1]
Error in `library()`:
! there is no package called 'tidyverse'
Backtrace:
    x
 1. \-base::library(tidyverse)

Quitting from README.qmd:7-27 [unnamed-chunk-1]
Execution halted
WARN: Error encountered when rendering files
Render failed, retrying once...


processing file: README.qmd
1/3                  
2/3 [unnamed-chunk-1]
Error in `library()`:
! there is no package called 'tidyverse'
Backtrace:
    x
 1. \-base::library(tidyverse)

Quitting from README.qmd:7-27 [unnamed-chunk-1]
Execution halted
WARN: Error encountered when rendering files
