pandoc 

  to: pptx
  output-file: preview-colour-pptx.pptx
  embed-resources: true
  default-image-extension: png
  variables: {}
  

metadata

  engines:
    - path: /opt/quarto/share/extension-subtrees/julia-engine/_extensions/julia-engine/julia-engine.js
  title: Preview Colour Example
  subtitle: Quarto Extension
  author:
    - name: Mickaël CANOUIL, _Ph.D._
      orcid: 0000-0002-3396-4549
      url: https://mickael.canouil.fr
  extensions:
    preview-colour:
      code: true
      text: true
      glyph:
        default: ●
        html: '&#9673;'
        latex: \\textbullet
        typst: ◉
        docx: ●
        pptx: ●
  

ERROR (/home/runner/work/quarto-extensions/quarto-extensions/test-17/repo/_extensions/preview-colour/_modules/colour.lua:141) Unsupported colour format: named
ERROR (/home/runner/work/quarto-extensions/quarto-extensions/test-17/repo/_extensions/preview-colour/_modules/colour.lua:141) Unsupported colour format: named
ERROR (/home/runner/work/quarto-extensions/quarto-extensions/test-17/repo/_extensions/preview-colour/_modules/colour.lua:141) Unsupported colour format: named

ERROR (/home/runner/work/quarto-extensions/quarto-extensions/test-17/repo/_extensions/preview-colour/_modules/colour.lua:141) Unsupported colour format: named
ERROR (/home/runner/work/quarto-extensions/quarto-extensions/test-17/repo/_extensions/preview-colour/_modules/colour.lua:141) Unsupported colour format: named
ERROR (/home/runner/work/quarto-extensions/quarto-extensions/test-17/repo/_extensions/preview-colour/_modules/colour.lua:141) Unsupported colour format: named
ERROR (/home/runner/work/quarto-extensions/quarto-extensions/test-17/repo/_extensions/preview-colour/_modules/colour.lua:141) Unsupported colour format: named
ERROR (/home/runner/work/quarto-extensions/quarto-extensions/test-17/repo/_extensions/preview-colour/_modules/colour.lua:141) Unsupported colour format: named
ERROR (/home/runner/work/quarto-extensions/quarto-extensions/test-17/repo/_extensions/preview-colour/_modules/colour.lua:141) Unsupported colour format: named
ERROR (/home/runner/work/quarto-extensions/quarto-extensions/test-17/repo/_extensions/preview-colour/_modules/colour.lua:141) Unsupported colour format: named
ERROR (/home/runner/work/quarto-extensions/quarto-extensions/test-17/repo/_extensions/preview-colour/_modules/colour.lua:141) Unsupported colour format: named
ERROR (/home/runner/work/quarto-extensions/quarto-extensions/test-17/repo/_extensions/preview-colour/_modules/colour.lua:141) Unsupported colour format: named
ERROR (/home/runner/work/quarto-extensions/quarto-extensions/test-17/repo/_extensions/preview-colour/_modules/colour.lua:141) Unsupported colour format: named
ERROR (/home/runner/work/quarto-extensions/quarto-extensions/test-17/repo/_extensions/preview-colour/_modules/colour.lua:141) Unsupported colour format: named
ERROR (/home/runner/work/quarto-extensions/quarto-extensions/test-17/repo/_extensions/preview-colour/_modules/colour.lua:141) Unsupported colour format: named
ERROR (/home/runner/work/quarto-extensions/quarto-extensions/test-17/repo/_extensions/preview-colour/_modules/colour.lua:141) Unsupported colour format: named
ERROR (/home/runner/work/quarto-extensions/quarto-extensions/test-17/repo/_extensions/preview-colour/_modules/colour.lua:141) Unsupported colour format: named
ERROR (/home/runner/work/quarto-extensions/quarto-extensions/test-17/repo/_extensions/preview-colour/_modules/colour.lua:141) Unsupported colour format: named
ERROR (/home/runner/work/quarto-extensions/quarto-extensions/test-17/repo/_extensions/preview-colour/_modules/colour.lua:141) Unsupported colour format: named
ERROR (/home/runner/work/quarto-extensions/quarto-extensions/test-17/repo/_extensions/preview-colour/_modules/colour.lua:141) Unsupported colour format: named
ERROR (/home/runner/work/quarto-extensions/quarto-extensions/test-17/repo/_extensions/preview-colour/_modules/colour.lua:141) Unsupported colour format: named
ERROR (/home/runner/work/quarto-extensions/quarto-extensions/test-17/repo/_extensions/preview-colour/_modules/colour.lua:141) Unsupported colour format: named
ERROR (/home/runner/work/quarto-extensions/quarto-extensions/test-17/repo/_extensions/preview-colour/_modules/colour.lua:141) Unsupported colour format: named
ERROR (/home/runner/work/quarto-extensions/quarto-extensions/test-17/repo/_extensions/preview-colour/_modules/colour.lua:141) Unsupported colour format: named
ERROR (/home/runner/work/quarto-extensions/quarto-extensions/test-17/repo/_extensions/preview-colour/_modules/colour.lua:141) Unsupported colour format: named
ERROR (/home/runner/work/quarto-extensions/quarto-extensions/test-17/repo/_extensions/preview-colour/_modules/colour.lua:141) Unsupported colour format: named
ERROR (/home/runner/work/quarto-extensions/quarto-extensions/test-17/repo/_extensions/preview-colour/_modules/colour.lua:141) Unsupported colour format: named
ERROR (/home/runner/work/quarto-extensions/quarto-extensions/test-17/repo/_extensions/preview-colour/_modules/colour.lua:141) Unsupported colour format: named
ERROR (/home/runner/work/quarto-extensions/quarto-extensions/test-17/repo/_extensions/preview-colour/_modules/colour.lua:141) Unsupported colour format: named
ERROR (/home/runner/work/quarto-extensions/quarto-extensions/test-17/repo/_extensions/preview-colour/_modules/colour.lua:141) Unsupported colour format: named
ERROR (/home/runner/work/quarto-extensions/quarto-extensions/test-17/repo/_extensions/preview-colour/_modules/colour.lua:141) Unsupported colour format: named
ERROR (/home/runner/work/quarto-extensions/quarto-extensions/test-17/repo/_extensions/preview-colour/_modules/colour.lua:141) Unsupported colour format: named
ERROR (/home/runner/work/quarto-extensions/quarto-extensions/test-17/repo/_extensions/preview-colour/_modules/colour.lua:141) Unsupported colour format: named
ERROR (/home/runner/work/quarto-extensions/quarto-extensions/test-17/repo/_extensions/preview-colour/_modules/colour.lua:141) Unsupported colour format: named
ERROR (/home/runner/work/quarto-extensions/quarto-extensions/test-17/repo/_extensions/preview-colour/_modules/colour.lua:141) Unsupported colour format: named
ERROR (/home/runner/work/quarto-extensions/quarto-extensions/test-17/repo/_extensions/preview-colour/_modules/colour.lua:141) Unsupported colour format: named

ERROR (/home/runner/work/quarto-extensions/quarto-extensions/test-17/repo/_extensions/preview-colour/_modules/colour.lua:141) Unsupported colour format: named
ERROR (/home/runner/work/quarto-extensions/quarto-extensions/test-17/repo/_extensions/preview-colour/_modules/colour.lua:141) Unsupported colour format: named
ERROR (/home/runner/work/quarto-extensions/quarto-extensions/test-17/repo/_extensions/preview-colour/_modules/colour.lua:141) Unsupported colour format: named
ERROR (/home/runner/work/quarto-extensions/quarto-extensions/test-17/repo/_extensions/preview-colour/_modules/colour.lua:141) Unsupported colour format: named
ERROR (/home/runner/work/quarto-extensions/quarto-extensions/test-17/repo/_extensions/preview-colour/_modules/colour.lua:141) Unsupported colour format: named
ERROR (/home/runner/work/quarto-extensions/quarto-extensions/test-17/repo/_extensions/preview-colour/_modules/colour.lua:141) Unsupported colour format: named
ERROR (/home/runner/work/quarto-extensions/quarto-extensions/test-17/repo/_extensions/preview-colour/_modules/colour.lua:141) Unsupported colour format: named
ERROR (/home/runner/work/quarto-extensions/quarto-extensions/test-17/repo/_extensions/preview-colour/_modules/colour.lua:141) Unsupported colour format: named
ERROR (/home/runner/work/quarto-extensions/quarto-extensions/test-17/repo/_extensions/preview-colour/_modules/colour.lua:141) Unsupported colour format: named
ERROR (/home/runner/work/quarto-extensions/quarto-extensions/test-17/repo/_extensions/preview-colour/_modules/colour.lua:141) Unsupported colour format: named
ERROR (/home/runner/work/quarto-extensions/quarto-extensions/test-17/repo/_extensions/preview-colour/_modules/colour.lua:141) Unsupported colour format: named
ERROR (/home/runner/work/quarto-extensions/quarto-extensions/test-17/repo/_extensions/preview-colour/_modules/colour.lua:141) Unsupported colour format: named
ERROR (/home/runner/work/quarto-extensions/quarto-extensions/test-17/repo/_extensions/preview-colour/_modules/colour.lua:141) Unsupported colour format: named
ERROR (/home/runner/work/quarto-extensions/quarto-extensions/test-17/repo/_extensions/preview-colour/_modules/colour.lua:141) Unsupported colour format: named
ERROR (/home/runner/work/quarto-extensions/quarto-extensions/test-17/repo/_extensions/preview-colour/_modules/colour.lua:141) Unsupported colour format: named
ERROR (/home/runner/work/quarto-extensions/quarto-extensions/test-17/repo/_extensions/preview-colour/_modules/colour.lua:141) Unsupported colour format: named

ERROR (/home/runner/work/quarto-extensions/quarto-extensions/test-17/repo/_extensions/preview-colour/_modules/colour.lua:141) Unsupported colour format: named
ERROR (/home/runner/work/quarto-extensions/quarto-extensions/test-17/repo/_extensions/preview-colour/_modules/colour.lua:141) Unsupported colour format: named
ERROR (/home/runner/work/quarto-extensions/quarto-extensions/test-17/repo/_extensions/preview-colour/_modules/colour.lua:141) Unsupported colour format: named
ERROR (/home/runner/work/quarto-extensions/quarto-extensions/test-17/repo/_extensions/preview-colour/_modules/colour.lua:141) Unsupported colour format: named
ERROR (/home/runner/work/quarto-extensions/quarto-extensions/test-17/repo/_extensions/preview-colour/_modules/colour.lua:141) Unsupported colour format: named
ERROR (/home/runner/work/quarto-extensions/quarto-extensions/test-17/repo/_extensions/preview-colour/_modules/colour.lua:141) Unsupported colour format: named
ERROR (/home/runner/work/quarto-extensions/quarto-extensions/test-17/repo/_extensions/preview-colour/_modules/colour.lua:141) Unsupported colour format: named
ERROR (/home/runner/work/quarto-extensions/quarto-extensions/test-17/repo/_extensions/preview-colour/_modules/colour.lua:141) Unsupported colour format: named
ERROR (/home/runner/work/quarto-extensions/quarto-extensions/test-17/repo/_extensions/preview-colour/_modules/colour.lua:141) Unsupported colour format: named

ERROR (/home/runner/work/quarto-extensions/quarto-extensions/test-17/repo/_extensions/preview-colour/_modules/colour.lua:141) Unsupported colour format: named
ERROR (/home/runner/work/quarto-extensions/quarto-extensions/test-17/repo/_extensions/preview-colour/_modules/colour.lua:141) Unsupported colour format: named
ERROR (/home/runner/work/quarto-extensions/quarto-extensions/test-17/repo/_extensions/preview-colour/_modules/colour.lua:141) Unsupported colour format: named
ERROR (/home/runner/work/quarto-extensions/quarto-extensions/test-17/repo/_extensions/preview-colour/_modules/colour.lua:141) Unsupported colour format: named
ERROR (/home/runner/work/quarto-extensions/quarto-extensions/test-17/repo/_extensions/preview-colour/_modules/colour.lua:141) Unsupported colour format: named
ERROR (/home/runner/work/quarto-extensions/quarto-extensions/test-17/repo/_extensions/preview-colour/_modules/colour.lua:141) Unsupported colour format: named
ERROR (/home/runner/work/quarto-extensions/quarto-extensions/test-17/repo/_extensions/preview-colour/_modules/colour.lua:141) Unsupported colour format: named

ERROR (/home/runner/work/quarto-extensions/quarto-extensions/test-17/repo/_extensions/preview-colour/_modules/colour.lua:141) Unsupported colour format: named

ERROR (/home/runner/work/quarto-extensions/quarto-extensions/test-17/repo/_extensions/preview-colour/_modules/colour.lua:141) Unsupported colour format: named
ERROR (/home/runner/work/quarto-extensions/quarto-extensions/test-17/repo/_extensions/preview-colour/_modules/colour.lua:141) Unsupported colour format: named
ERROR (/home/runner/work/quarto-extensions/quarto-extensions/test-17/repo/_extensions/preview-colour/_modules/colour.lua:141) Unsupported colour format: named

ERROR (/home/runner/work/quarto-extensions/quarto-extensions/test-17/repo/_extensions/preview-colour/_modules/colour.lua:141) Unsupported colour format: named

ERROR (/home/runner/work/quarto-extensions/quarto-extensions/test-17/repo/_extensions/preview-colour/_modules/colour.lua:141) Unsupported colour format: named
ERROR (/home/runner/work/quarto-extensions/quarto-extensions/test-17/repo/_extensions/preview-colour/_modules/colour.lua:141) Unsupported colour format: named

ERROR (/home/runner/work/quarto-extensions/quarto-extensions/test-17/repo/_extensions/preview-colour/_modules/colour.lua:141) Unsupported colour format: named

ERROR (/home/runner/work/quarto-extensions/quarto-extensions/test-17/repo/_extensions/preview-colour/_modules/colour.lua:141) Unsupported colour format: named
ERROR (/home/runner/work/quarto-extensions/quarto-extensions/test-17/repo/_extensions/preview-colour/_modules/colour.lua:141) Unsupported colour format: named

ERROR (/home/runner/work/quarto-extensions/quarto-extensions/test-17/repo/_extensions/preview-colour/_modules/colour.lua:141) Unsupported colour format: named

ERROR (/home/runner/work/quarto-extensions/quarto-extensions/test-17/repo/_extensions/preview-colour/_modules/colour.lua:141) Unsupported colour format: named
ERROR (/home/runner/work/quarto-extensions/quarto-extensions/test-17/repo/_extensions/preview-colour/_modules/colour.lua:141) Unsupported colour format: named

ERROR (/home/runner/work/quarto-extensions/quarto-extensions/test-17/repo/_extensions/preview-colour/_modules/colour.lua:141) Unsupported colour format: named
ERROR (/home/runner/work/quarto-extensions/quarto-extensions/test-17/repo/_extensions/preview-colour/_modules/colour.lua:141) Unsupported colour format: named

ERROR (/home/runner/work/quarto-extensions/quarto-extensions/test-17/repo/_extensions/preview-colour/_modules/colour.lua:141) Unsupported colour format: named
ERROR (/home/runner/work/quarto-extensions/quarto-extensions/test-17/repo/_extensions/preview-colour/_modules/colour.lua:141) Unsupported colour format: named

ERROR (/home/runner/work/quarto-extensions/quarto-extensions/test-17/repo/_extensions/preview-colour/_modules/colour.lua:141) Unsupported colour format: named

ERROR (/home/runner/work/quarto-extensions/quarto-extensions/test-17/repo/_extensions/preview-colour/_modules/colour.lua:141) Unsupported colour format: named
ERROR (/home/runner/work/quarto-extensions/quarto-extensions/test-17/repo/_extensions/preview-colour/_modules/colour.lua:141) Unsupported colour format: named

ERROR (/home/runner/work/quarto-extensions/quarto-extensions/test-17/repo/_extensions/preview-colour/_modules/colour.lua:141) Unsupported colour format: named

ERROR (/home/runner/work/quarto-extensions/quarto-extensions/test-17/repo/_extensions/preview-colour/_modules/colour.lua:141) Unsupported colour format: named

ERROR (/home/runner/work/quarto-extensions/quarto-extensions/test-17/repo/_extensions/preview-colour/_modules/colour.lua:141) Unsupported colour format: named

ERROR (/home/runner/work/quarto-extensions/quarto-extensions/test-17/repo/_extensions/preview-colour/_modules/colour.lua:141) Unsupported colour format: named

ERROR (/home/runner/work/quarto-extensions/quarto-extensions/test-17/repo/_extensions/preview-colour/_modules/colour.lua:141) Unsupported colour format: named

ERROR (/home/runner/work/quarto-extensions/quarto-extensions/test-17/repo/_extensions/preview-colour/_modules/colour.lua:141) Unsupported colour format: named

ERROR (/home/runner/work/quarto-extensions/quarto-extensions/test-17/repo/_extensions/preview-colour/_modules/colour.lua:141) Unsupported colour format: named

ERROR (/home/runner/work/quarto-extensions/quarto-extensions/test-17/repo/_extensions/preview-colour/_modules/colour.lua:141) Unsupported colour format: named

ERROR (/home/runner/work/quarto-extensions/quarto-extensions/test-17/repo/_extensions/preview-colour/_modules/colour.lua:141) Unsupported colour format: named

ERROR (/home/runner/work/quarto-extensions/quarto-extensions/test-17/repo/_extensions/preview-colour/_modules/colour.lua:141) Unsupported colour format: named
ERROR (/home/runner/work/quarto-extensions/quarto-extensions/test-17/repo/_extensions/preview-colour/_modules/colour.lua:141) Unsupported colour format: named

ERROR (/home/runner/work/quarto-extensions/quarto-extensions/test-17/repo/_extensions/preview-colour/_modules/colour.lua:141) Unsupported colour format: named

ERROR (/home/runner/work/quarto-extensions/quarto-extensions/test-17/repo/_extensions/preview-colour/_modules/colour.lua:141) Unsupported colour format: named

ERROR (/home/runner/work/quarto-extensions/quarto-extensions/test-17/repo/_extensions/preview-colour/_modules/colour.lua:141) Unsupported colour format: named
ERROR (/home/runner/work/quarto-extensions/quarto-extensions/test-17/repo/_extensions/preview-colour/_modules/colour.lua:141) Unsupported colour format: named

ERROR (/home/runner/work/quarto-extensions/quarto-extensions/test-17/repo/_extensions/preview-colour/_modules/colour.lua:141) Unsupported colour format: named
ERROR (/home/runner/work/quarto-extensions/quarto-extensions/test-17/repo/_extensions/preview-colour/_modules/colour.lua:141) Unsupported colour format: named

ERROR (/home/runner/work/quarto-extensions/quarto-extensions/test-17/repo/_extensions/preview-colour/_modules/colour.lua:141) Unsupported colour format: named

ERROR (/home/runner/work/quarto-extensions/quarto-extensions/test-17/repo/_extensions/preview-colour/_modules/colour.lua:141) Unsupported colour format: named
ERROR (/home/runner/work/quarto-extensions/quarto-extensions/test-17/repo/_extensions/preview-colour/_modules/colour.lua:141) Unsupported colour format: named

ERROR (/home/runner/work/quarto-extensions/quarto-extensions/test-17/repo/_extensions/preview-colour/_modules/colour.lua:141) Unsupported colour format: named

ERROR (/home/runner/work/quarto-extensions/quarto-extensions/test-17/repo/_extensions/preview-colour/_modules/colour.lua:141) Unsupported colour format: named

ERROR (/home/runner/work/quarto-extensions/quarto-extensions/test-17/repo/_extensions/preview-colour/_modules/colour.lua:141) Unsupported colour format: named

ERROR (/home/runner/work/quarto-extensions/quarto-extensions/test-17/repo/_extensions/preview-colour/_modules/colour.lua:141) Unsupported colour format: named

ERROR (/home/runner/work/quarto-extensions/quarto-extensions/test-17/repo/_extensions/preview-colour/_modules/colour.lua:141) Unsupported colour format: named

ERROR (/home/runner/work/quarto-extensions/quarto-extensions/test-17/repo/_extensions/preview-colour/_modules/colour.lua:141) Unsupported colour format: named
ERROR (/home/runner/work/quarto-extensions/quarto-extensions/test-17/repo/_extensions/preview-colour/_modules/colour.lua:141) Unsupported colour format: named

ERROR (/home/runner/work/quarto-extensions/quarto-extensions/test-17/repo/_extensions/preview-colour/_modules/colour.lua:141) Unsupported colour format: named
ERROR (/home/runner/work/quarto-extensions/quarto-extensions/test-17/repo/_extensions/preview-colour/_modules/colour.lua:141) Unsupported colour format: named

ERROR (/home/runner/work/quarto-extensions/quarto-extensions/test-17/repo/_extensions/preview-colour/_modules/colour.lua:141) Unsupported colour format: named

ERROR (/home/runner/work/quarto-extensions/quarto-extensions/test-17/repo/_extensions/preview-colour/_modules/colour.lua:141) Unsupported colour format: named
ERROR (/home/runner/work/quarto-extensions/quarto-extensions/test-17/repo/_extensions/preview-colour/_modules/colour.lua:141) Unsupported colour format: named

ERROR (/home/runner/work/quarto-extensions/quarto-extensions/test-17/repo/_extensions/preview-colour/_modules/colour.lua:141) Unsupported colour format: named

ERROR (/home/runner/work/quarto-extensions/quarto-extensions/test-17/repo/_extensions/preview-colour/_modules/colour.lua:141) Unsupported colour format: named
ERROR (/home/runner/work/quarto-extensions/quarto-extensions/test-17/repo/_extensions/preview-colour/_modules/colour.lua:141) Unsupported colour format: named
ERROR (/home/runner/work/quarto-extensions/quarto-extensions/test-17/repo/_extensions/preview-colour/_modules/colour.lua:141) Unsupported colour format: named

ERROR (/home/runner/work/quarto-extensions/quarto-extensions/test-17/repo/_extensions/preview-colour/_modules/colour.lua:141) Unsupported colour format: named
ERROR (/home/runner/work/quarto-extensions/quarto-extensions/test-17/repo/_extensions/preview-colour/_modules/colour.lua:141) Unsupported colour format: named

ERROR (/home/runner/work/quarto-extensions/quarto-extensions/test-17/repo/_extensions/preview-colour/_modules/colour.lua:141) Unsupported colour format: named
ERROR (/home/runner/work/quarto-extensions/quarto-extensions/test-17/repo/_extensions/preview-colour/_modules/colour.lua:141) Unsupported colour format: named

ERROR (/home/runner/work/quarto-extensions/quarto-extensions/test-17/repo/_extensions/preview-colour/_modules/colour.lua:141) Unsupported colour format: named

ERROR (/home/runner/work/quarto-extensions/quarto-extensions/test-17/repo/_extensions/preview-colour/_modules/colour.lua:141) Unsupported colour format: named

ERROR (/home/runner/work/quarto-extensions/quarto-extensions/test-17/repo/_extensions/preview-colour/_modules/colour.lua:141) Unsupported colour format: named

ERROR (/home/runner/work/quarto-extensions/quarto-extensions/test-17/repo/_extensions/preview-colour/_modules/colour.lua:141) Unsupported colour format: named
ERROR (/home/runner/work/quarto-extensions/quarto-extensions/test-17/repo/_extensions/preview-colour/_modules/colour.lua:141) Unsupported colour format: named
ERROR (/home/runner/work/quarto-extensions/quarto-extensions/test-17/repo/_extensions/preview-colour/_modules/colour.lua:141) Unsupported colour format: named

ERROR (/home/runner/work/quarto-extensions/quarto-extensions/test-17/repo/_extensions/preview-colour/_modules/colour.lua:141) Unsupported colour format: named

ERROR (/home/runner/work/quarto-extensions/quarto-extensions/test-17/repo/_extensions/preview-colour/_modules/colour.lua:141) Unsupported colour format: named

ERROR (/home/runner/work/quarto-extensions/quarto-extensions/test-17/repo/_extensions/preview-colour/_modules/colour.lua:141) Unsupported colour format: named
ERROR (/home/runner/work/quarto-extensions/quarto-extensions/test-17/repo/_extensions/preview-colour/_modules/colour.lua:141) Unsupported colour format: named

ERROR (/home/runner/work/quarto-extensions/quarto-extensions/test-17/repo/_extensions/preview-colour/_modules/colour.lua:141) Unsupported colour format: named
ERROR (/home/runner/work/quarto-extensions/quarto-extensions/test-17/repo/_extensions/preview-colour/_modules/colour.lua:141) Unsupported colour format: named

ERROR (/home/runner/work/quarto-extensions/quarto-extensions/test-17/repo/_extensions/preview-colour/_modules/colour.lua:141) Unsupported colour format: named

ERROR (/home/runner/work/quarto-extensions/quarto-extensions/test-17/repo/_extensions/preview-colour/_modules/colour.lua:141) Unsupported colour format: named
ERROR (/home/runner/work/quarto-extensions/quarto-extensions/test-17/repo/_extensions/preview-colour/_modules/colour.lua:141) Unsupported colour format: named
ERROR (/home/runner/work/quarto-extensions/quarto-extensions/test-17/repo/_extensions/preview-colour/_modules/colour.lua:141) Unsupported colour format: named
ERROR (/home/runner/work/quarto-extensions/quarto-extensions/test-17/repo/_extensions/preview-colour/_modules/colour.lua:141) Unsupported colour format: named

ERROR (/home/runner/work/quarto-extensions/quarto-extensions/test-17/repo/_extensions/preview-colour/_modules/colour.lua:141) Unsupported colour format: named

ERROR (/home/runner/work/quarto-extensions/quarto-extensions/test-17/repo/_extensions/preview-colour/_modules/colour.lua:141) Unsupported colour format: named
ERROR (/home/runner/work/quarto-extensions/quarto-extensions/test-17/repo/_extensions/preview-colour/_modules/colour.lua:141) Unsupported colour format: named
ERROR (/home/runner/work/quarto-extensions/quarto-extensions/test-17/repo/_extensions/preview-colour/_modules/colour.lua:141) Unsupported colour format: named
ERROR (/home/runner/work/quarto-extensions/quarto-extensions/test-17/repo/_extensions/preview-colour/_modules/colour.lua:141) Unsupported colour format: named

ERROR (/home/runner/work/quarto-extensions/quarto-extensions/test-17/repo/_extensions/preview-colour/_modules/colour.lua:141) Unsupported colour format: named
ERROR (/home/runner/work/quarto-extensions/quarto-extensions/test-17/repo/_extensions/preview-colour/_modules/colour.lua:141) Unsupported colour format: named
ERROR (/home/runner/work/quarto-extensions/quarto-extensions/test-17/repo/_extensions/preview-colour/_modules/colour.lua:141) Unsupported colour format: named
ERROR (/home/runner/work/quarto-extensions/quarto-extensions/test-17/repo/_extensions/preview-colour/_modules/colour.lua:141) Unsupported colour format: named
ERROR (/home/runner/work/quarto-extensions/quarto-extensions/test-17/repo/_extensions/preview-colour/_modules/colour.lua:141) Unsupported colour format: named

ERROR (/home/runner/work/quarto-extensions/quarto-extensions/test-17/repo/_extensions/preview-colour/_modules/colour.lua:141) Unsupported colour format: named
ERROR (/home/runner/work/quarto-extensions/quarto-extensions/test-17/repo/_extensions/preview-colour/_modules/colour.lua:141) Unsupported colour format: named

ERROR (/home/runner/work/quarto-extensions/quarto-extensions/test-17/repo/_extensions/preview-colour/_modules/colour.lua:141) Unsupported colour format: named
ERROR (/home/runner/work/quarto-extensions/quarto-extensions/test-17/repo/_extensions/preview-colour/_modules/colour.lua:141) Unsupported colour format: named

Output created: preview-colour-pptx.pptx


