Cloning into 'repo'...
Installing package into '/home/runner/work/quarto-extensions/quarto-extensions/test-12/R/x86_64-pc-linux-gnu-library/4.5'
(as 'lib' is unspecified)
trying URL 'https://packagemanager.posit.co/cran/__linux__/jammy/latest/src/contrib/renv_1.1.8.tar.gz'
Content type 'binary/octet-stream' length 2336300 bytes (2.2 MB)
==================================================
downloaded 2.2 MB

* installing *binary* package 'renv' ...
* DONE (renv)

The downloaded source packages are in
	'/tmp/RtmpJH3Vn9/downloaded_packages'
The R temporary directory appears to be within a folder mounted as 'noexec'.
Installation of R packages from sources may fail.
See the section **Note** within `?INSTALL` for more details.

tempdir(): /tmp/RtmpJH3Vn9


processing file: template.qmd
1/7                  
2/7 [unnamed-chunk-1]
3/7                  
4/7 [unnamed-chunk-2]
5/7                  
6/7 [unnamed-chunk-3]
7/7                  
output file: template.knit.md

Warning message:
In get_engine(options$engine) :
  Unknown language engine 'yaml' (must be registered via knit_engines$set()).
pandoc 
  to: html
  output-file: template.html
  standalone: true
  section-divs: true
  html-math-method: mathjax
  wrap: none
  default-image-extension: png
  number-sections: true
  toc: true
  variables: {}
  
metadata
  document-css: false
  link-citations: true
  date-format: long
  lang: en
  knitr:
    opts_chunk:
      echo: false
  theme: _extensions/iop/custom.scss
  csl: https://www.zotero.org/styles/institute-of-physics-numeric
  engines:
    - path: /opt/quarto/share/extension-subtrees/julia-engine/_extensions/julia-engine/julia-engine.js
  title: So you want to publish in IOP? Here's a template for you.
  short-title: IOP Template Format
  titlepage: true
  author:
    - name: John Smith
      affiliations:
        - id: eri
          number: 1
          name: Ecological Research Institute
          department: Department of Biodiversity Conservation
          address: 123 Willow Road
          city: Anytown
          country: UK
          postal-code: NW 123
      orcid: 0000-0000-0000-0000
      email: johnsmith@fakeemail.com
    - name: Jane Doe
      affiliations:
        - ref: eri
        - id: ues
          number: 2
          name: University of Environmental Science
          department: Department of Ecosystem Management
          address: 456 Birch Lane
          city: Anycity
          country: UK
          postal-code: NR 543
      orcid: 0000-0000-0000-0000
      email: janedoe@fakeemail.com
    - name: Michael Johnson
      affiliations:
        - id: iccs
          number: 3
          name: Institute of Climate Change and Sustainability
          department: Department of Renewable Energy and Carbon Sequestration
          address: 789 Oak Street
          city: Anybury
          country: UK
          postal-code: BT 987
      orcid: 0000-0000-0000-0000
      email: michaeljohnson@fakeemail.com
      corresponding: true
  display-orcids: true
  abstract: |
    The ecological emergency refers to the current state of the global environment, characterized by unprecedented declines in biodiversity, rapid loss of natural habitats, and increasing frequency of extreme weather events. The root cause of the ecological emergency is human activity, specifically the overconsumption of resources and the release of greenhouse gases. The situation is dire, with scientists warning that up to one million species are at risk of extinction due to human activities. The ecological emergency also poses a threat to human well-being as it disrupts the provision of vital ecosystem services such as air and water purification, pollination, and climate regulation. The time to act is now, as the window of opportunity to prevent the worst outcomes of the ecological emergency is rapidly closing. It is crucial that immediate and ambitious actions are taken at the global, national, and local levels to reduce greenhouse gas emissions, protect biodiversity, and restore natural habitats. This requires a transformation of our economic and societal systems towards sustainability.
  keywords:
    - extinction
    - deforestation
    - species
    - breakdown
    - survival
  submitted-to: \ERL
  twocol: false
  iop-vancouver: true
  bibliography:
    - bibliography.bib
  reference-section-title: References
  classoption:
    - 12pt
  nocite: |
    @*
  
Output created: template.html



processing file: template.qmd
1/7                  
2/7 [unnamed-chunk-1]
3/7                  
4/7 [unnamed-chunk-2]
5/7                  
6/7 [unnamed-chunk-3]
7/7                  
output file: template.knit.md

Warning message:
In get_engine(options$engine) :
  Unknown language engine 'yaml' (must be registered via knit_engines$set()).
pandoc 
  to: latex
  output-file: template.tex
  standalone: true
  pdf-engine: lualatex
  variables:
    graphics: true
    tables: true
  default-image-extension: pdf
  number-sections: true
  cite-method: natbib
  
metadata
  block-headings: true
  knitr:
    opts_chunk:
      echo: false
  documentclass: iopart
  colorlinks: false
  biblio-config: false
  header-includes:
    - |
      \usepackage{orcidlink}
      \definecolor{mypink}{RGB}{219, 48, 122}
      \usepackage{fvextra}
      \DefineVerbatimEnvironment{Highlighting}{Verbatim}{breaklines,commandchars=\\\{\}}
  engines:
    - path: /opt/quarto/share/extension-subtrees/julia-engine/_extensions/julia-engine/julia-engine.js
  title: So you want to publish in IOP? Here's a template for you.
  short-title: IOP Template Format
  titlepage: true
  author:
    - name: John Smith
      affiliations:
        - id: eri
          number: 1
          name: Ecological Research Institute
          department: Department of Biodiversity Conservation
          address: 123 Willow Road
          city: Anytown
          country: UK
          postal-code: NW 123
      orcid: 0000-0000-0000-0000
      email: johnsmith@fakeemail.com
    - name: Jane Doe
      affiliations:
        - ref: eri
        - id: ues
          number: 2
          name: University of Environmental Science
          department: Department of Ecosystem Management
          address: 456 Birch Lane
          city: Anycity
          country: UK
          postal-code: NR 543
      orcid: 0000-0000-0000-0000
      email: janedoe@fakeemail.com
    - name: Michael Johnson
      affiliations:
        - id: iccs
          number: 3
          name: Institute of Climate Change and Sustainability
          department: Department of Renewable Energy and Carbon Sequestration
          address: 789 Oak Street
          city: Anybury
          country: UK
          postal-code: BT 987
      orcid: 0000-0000-0000-0000
      email: michaeljohnson@fakeemail.com
      corresponding: true
  display-orcids: true
  abstract: |
    The ecological emergency refers to the current state of the global environment, characterized by unprecedented declines in biodiversity, rapid loss of natural habitats, and increasing frequency of extreme weather events. The root cause of the ecological emergency is human activity, specifically the overconsumption of resources and the release of greenhouse gases. The situation is dire, with scientists warning that up to one million species are at risk of extinction due to human activities. The ecological emergency also poses a threat to human well-being as it disrupts the provision of vital ecosystem services such as air and water purification, pollination, and climate regulation. The time to act is now, as the window of opportunity to prevent the worst outcomes of the ecological emergency is rapidly closing. It is crucial that immediate and ambitious actions are taken at the global, national, and local levels to reduce greenhouse gas emissions, protect biodiversity, and restore natural habitats. This requires a transformation of our economic and societal systems towards sustainability.
  keywords:
    - extinction
    - deforestation
    - species
    - breakdown
    - survival
  submitted-to: \ERL
  twocol: false
  iop-vancouver: true
  bibliography:
    - bibliography.bib
  reference-section-title: References
  classoption:
    - 12pt
  nocite: |
    @*
  

Rendering PDF
running lualatex - 1
  This is LuaHBTeX, Version 1.24.0 (TeX Live 2026) 
   restricted system commands enabled.
  
  luaotfload | db : Font names database not found, generating new one.
  luaotfload | db : This can take several minutes; please be patient.
updating tlmgr

updating existing packages
finding package for orcidlink.sty
> 1 package to install
> installing orcidlink (1 of 1)
  This is LuaHBTeX, Version 1.24.0 (TeX Live 2026) 
   restricted system commands enabled.
  
finding package for fvextra.sty
> 1 package to install
> installing fvextra (1 of 1)
  This is LuaHBTeX, Version 1.24.0 (TeX Live 2026) 
   restricted system commands enabled.
  
generating bibliography
  This is BibTeX, Version 0.99e (TeX Live 2026)
  The top-level auxiliary file: template.aux
  The style file: iopart-num.bst
  Database file #1: bibliography.bib
  
running lualatex - 2
  This is LuaHBTeX, Version 1.24.0 (TeX Live 2026) 
   restricted system commands enabled.
  
running lualatex - 3
  This is LuaHBTeX, Version 1.24.0 (TeX Live 2026) 
   restricted system commands enabled.
  

Output created: template.pdf

