pandoc 

  to: html
  output-file: example.html
  standalone: true
  section-divs: true
  html-math-method: mathjax
  wrap: none
  default-image-extension: png
  variables: {}
  

metadata

  document-css: false
  link-citations: true
  date-format: long
  lang: en
  engines:
    - path: /opt/quarto/share/extension-subtrees/julia-engine/_extensions/julia-engine/julia-engine.js
  title: Qreacto
  sidebar: false
  navbar: false
  

MyComponent > react-MyComponent-xI19Wd0q

MyStyledComponent > react-MyStyledComponent-JYH6ZhQL

EmojiComponent > react-EmojiComponent-sfb8Friz

RandomWordsComponent > react-RandomWordsComponent-Gm3k4TOE

MyNestedComponent > react-MyNestedComponent-nspQnsxt

EnvironmentReadingComponent > react-EnvironmentReadingComponent-kQmqm7y4

Output created: example.html


