Cloning into 'repo'...
pandoc 
  to: html
  output-file: example.html
  standalone: true
  section-divs: true
  html-math-method: mathjax
  wrap: none
  default-image-extension: png
  variables: {}
  
metadata
  document-css: false
  link-citations: true
  date-format: long
  lang: en
  engines:
    - path: /opt/quarto/share/extension-subtrees/julia-engine/_extensions/julia-engine/julia-engine.js
  title: Qreacto
  sidebar: false
  navbar: false
  
MyComponent > react-MyComponent-kBWTXuTt
MyStyledComponent > react-MyStyledComponent-ZN9UxX9O
EmojiComponent > react-EmojiComponent-lXhQTgzB
RandomWordsComponent > react-RandomWordsComponent-uXJJexzo
MyNestedComponent > react-MyNestedComponent-YGgqQRD3
EnvironmentReadingComponent > react-EnvironmentReadingComponent-brbFc487
Output created: example.html

