

processing file: template.qmd

1/5                  

2/5 [unnamed-chunk-1]

3/5                  

4/5 [tbl-glm]        

5/5                  

output file: template.knit.md


pandoc 

  to: latex
  output-file: template.tex
  standalone: true
  pdf-engine: lualatex
  variables:
    graphics: true
    tables: true
  default-image-extension: pdf
  number-sections: true
  

metadata

  block-headings: true
  knitr:
    opts_chunk:
      echo: false
  documentclass: article
  linenumbers: false
  doublespacing: false
  authorcols: false
  header-includes:
    - |
      \usepackage{arxiv}
      \usepackage{orcidlink}
      \usepackage{amsmath}
      \usepackage[T1]{fontenc}
  mathfont: Latin Modern Math
  mainfont: Latin Modern Roman
  engines:
    - path: /opt/quarto/share/extension-subtrees/julia-engine/_extensions/julia-engine/julia-engine.js
  title: Demo arXiv template
  author:
    - name: Michael J Mahoney
      affiliations:
        - name: State University of New York College of Environmental Science and Forestry
          department: Graduate Program in Environmental Science
          address: 1 Forestry Drive
          city: Syracuse, NY
          country: USA
          postal-code: 13210
      orcid: 0000-0003-2402-304X
      email: fake_email@fakeyfake.com
      url: https://mm218.dev
    - name: Someone Else
      affiliations:
        - name: State University of New York College of Environmental Science and Forestry
          department: Department of Sustainable Resources Management
          address: 1 Forestry Drive
          city: Syracuse, NY
          country: USA
          postal-code: 13210
  abstract: |
    This document is only a demo explaining how to use the template.
  keywords:
    - template
    - demo
  bibliography:
    - bibliography.bib
  runninghead: A Preprint
  



processing file: template.qmd

1/5                  

2/5 [unnamed-chunk-1]

3/5                  

4/5 [tbl-glm]        

5/5                  

output file: template.knit.md


pandoc 

  to: html
  output-file: template.html
  standalone: true
  section-divs: true
  html-math-method: mathjax
  wrap: none
  default-image-extension: png
  number-sections: true
  toc: true
  variables: {}
  

metadata

  document-css: false
  link-citations: true
  date-format: long
  lang: en
  knitr:
    opts_chunk:
      echo: false
  csl: https://www.zotero.org/styles/chicago-author-date-16th-edition
  engines:
    - path: /opt/quarto/share/extension-subtrees/julia-engine/_extensions/julia-engine/julia-engine.js
  title: Demo arXiv template
  author:
    - name: Michael J Mahoney
      affiliations:
        - name: State University of New York College of Environmental Science and Forestry
          department: Graduate Program in Environmental Science
          address: 1 Forestry Drive
          city: Syracuse, NY
          country: USA
          postal-code: 13210
      orcid: 0000-0003-2402-304X
      email: fake_email@fakeyfake.com
      url: https://mm218.dev
    - name: Someone Else
      affiliations:
        - name: State University of New York College of Environmental Science and Forestry
          department: Department of Sustainable Resources Management
          address: 1 Forestry Drive
          city: Syracuse, NY
          country: USA
          postal-code: 13210
  abstract: |
    This document is only a demo explaining how to use the template.
  keywords:
    - template
    - demo
  bibliography:
    - bibliography.bib
  


Rendering PDF

running lualatex - 1

  This is LuaHBTeX, Version 1.24.0 (TeX Live 2026) 
   restricted system commands enabled.
  
  luaotfload | db : Font names database not found, generating new one.
  luaotfload | db : This can take several minutes; please be patient.

updating tlmgr



updating existing packages

finding package for luacolor.sty

> 1 package to install

> installing luacolor (1 of 1)

  This is LuaHBTeX, Version 1.24.0 (TeX Live 2026) 
   restricted system commands enabled.
  

finding package for lua-ul.sty

> 1 package to install

> installing lua-ul (1 of 1)

  This is LuaHBTeX, Version 1.24.0 (TeX Live 2026) 
   restricted system commands enabled.
  

finding package for multirow.sty

> 1 package to install

> installing multirow (1 of 1)

  This is LuaHBTeX, Version 1.24.0 (TeX Live 2026) 
   restricted system commands enabled.
  

finding package for wrapfig.sty

> 1 package to install

> installing wrapfig (1 of 1)

  This is LuaHBTeX, Version 1.24.0 (TeX Live 2026) 
   restricted system commands enabled.
  

finding package for colortbl.sty

> 1 package to install

> installing colortbl (1 of 1)

  This is LuaHBTeX, Version 1.24.0 (TeX Live 2026) 
   restricted system commands enabled.
  

finding package for pdflscape.sty

> 1 package to install

> installing pdflscape (1 of 1)

  This is LuaHBTeX, Version 1.24.0 (TeX Live 2026) 
   restricted system commands enabled.
  

finding package for tabu.sty

> 1 package to install

> installing tabu (1 of 1)

  This is LuaHBTeX, Version 1.24.0 (TeX Live 2026) 
   restricted system commands enabled.
  

finding package for threeparttable.sty

> 1 package to install

> installing threeparttable (1 of 1)

  This is LuaHBTeX, Version 1.24.0 (TeX Live 2026) 
   restricted system commands enabled.
  

finding package for threeparttablex.sty

> 1 package to install

> installing threeparttablex (1 of 1)

  This is LuaHBTeX, Version 1.24.0 (TeX Live 2026) 
   restricted system commands enabled.
  

finding package for environ.sty

> 1 package to install

> installing environ (1 of 1)

  This is LuaHBTeX, Version 1.24.0 (TeX Live 2026) 
   restricted system commands enabled.
  

finding package for ulem.sty

> 1 package to install

> installing ulem (1 of 1)

  This is LuaHBTeX, Version 1.24.0 (TeX Live 2026) 
   restricted system commands enabled.
  

finding package for makecell.sty

> 1 package to install

> installing makecell (1 of 1)

  This is LuaHBTeX, Version 1.24.0 (TeX Live 2026) 
   restricted system commands enabled.
  

finding package for fancyhdr.sty

> 2 packages to install

> installing fancyhdr (1 of 2)

> installing pdftex (2 of 2)

  This is LuaHBTeX, Version 1.24.0 (TeX Live 2026) 
   restricted system commands enabled.
  

finding package for tikz.sty

> 1 package to install

> installing pgf (1 of 1)

  This is LuaHBTeX, Version 1.24.0 (TeX Live 2026) 
   restricted system commands enabled.
  

finding package for caption.sty

> 1 package to install

> installing caption (1 of 1)

  This is LuaHBTeX, Version 1.24.0 (TeX Live 2026) 
   restricted system commands enabled.
  

running lualatex - 2

  This is LuaHBTeX, Version 1.24.0 (TeX Live 2026) 
   restricted system commands enabled.
  



Output created: template.pdf


