Cloning into 'repo'...


processing file: example_html.qmd
1/3                  
2/3 [unnamed-chunk-1]
3/3                  
output file: example_html.knit.md

pandoc 
  to: html
  output-file: example_html.html
  standalone: true
  self-contained: true
  section-divs: true
  html-math-method: mathjax
  wrap: none
  default-image-extension: png
  variables: {}
  
metadata
  document-css: false
  link-citations: true
  lang: en
  title: bsicons Example
  author: Shafayet Khan Shafee
  date: last-modified
  date-format: DD MMM, YYYY
  
Output created: example_html.html



processing file: example.qmd
1/3                  
2/3 [unnamed-chunk-1]
3/3                  
output file: example.knit.md

pandoc 
  to: revealjs
  output-file: example.html
  standalone: true
  self-contained: true
  wrap: none
  default-image-extension: png
  html-math-method:
    method: mathjax
    url: >-
      https://cdn.jsdelivr.net/npm/mathjax@2.7.9/MathJax.js?config=TeX-AMS_HTML-full
  slide-level: 2
  variables: {}
  
metadata
  link-citations: true
  width: 1050
  height: 700
  margin: 0.1
  center: false
  navigationMode: linear
  controlsLayout: edges
  controlsTutorial: false
  hash: true
  history: true
  hashOneBasedIndex: false
  fragmentInURL: false
  transition: none
  backgroundTransition: none
  pdfSeparateFragments: false
  lang: en
  auto-stretch: true
  title: bsicons Example
  author: Shafayet Khan Shafee
  date: last-modified
  date-format: DD MMM, YYYY
  
Output created: example.html

