Cloning into 'repo'...
Using CPython 3.13.9 interpreter at: /usr/local/python/current/bin/python
Creating virtual environment at: .venv
Activate with: source .venv/bin/activate
Resolved 11 packages in 153ms
Downloading numpy (15.9MiB)
Downloading fonttools (4.7MiB)
Downloading kiwisolver (1.4MiB)
Downloading matplotlib (8.4MiB)
Downloading pillow (6.8MiB)
 Downloaded kiwisolver
 Downloaded pillow
 Downloaded fonttools
 Downloaded matplotlib
 Downloaded numpy
Prepared 11 packages in 477ms
Installed 11 packages in 250ms
 + contourpy==1.3.3
 + cycler==0.12.1
 + fonttools==4.63.0
 + kiwisolver==1.5.0
 + matplotlib==3.10.9
 + numpy==2.4.6
 + packaging==26.2
 + pillow==12.2.0
 + pyparsing==3.3.2
 + python-dateutil==2.9.0.post0
 + six==1.17.0

Starting python3 kernel...Done

Executing 'asce-template.quarto_ipynb'
  Cell 1/1: 'fig-fill-between'...Done

pandoc 
  to: latex
  output-file: asce-template.tex
  template: _extensions/asce/partials/ascelike-new-template.tex
  standalone: true
  pdf-engine: pdflatex
  variables:
    graphics: true
    tables: true
  default-image-extension: pdf
  cite-method: natbib
  
metadata
  block-headings: true
  citproc: false
  crossref:
    fig-prefix: Fig.
    fig-title: '**Fig.**'
    tbl-prefix: Table
    tbl-title: '**Table**'
    eq-prefix: Eq.
    sec-prefix: Section
    title-delim: \.
  knitr:
    opts_chunk:
      echo: false
  documentclass: ascelike-new
  engines:
    - path: /opt/quarto/share/extension-subtrees/julia-engine/_extensions/julia-engine/julia-engine.js
  title: Template for Preparing Your Submission to the American Society Of Civil Engineers (ASCE)
  author:
    - name: Author One, S.M. ASCE
      affiliations: Graduate Research Associate, First affiliation address
      email: author.one@email.com
    - name: Author Two, M. ASCE
      affiliations: Assistant Professor, Second affiliation address
      email: author.two@email.com
    - name: Author three, A.M. ASCE
      affiliations: Associate Professor, Third affiliation address
      email: author.three@email.com
      corresponding: true
  code-highlighter: true
  abstract: |
    The abstract should be a single paragraph (150-175 words long) written
    in plain language and include a summary of the key conclusions of the
    manuscript. It should clearly state the purpose of the work, the scope
    of the effort, the procedures used to execute the work, and major
    findings. The abstract is the second most important online search
    discovery element, after the title. Authors should review the abstract
    to ensure that it accurately reflects the revised paper and should
    strive to include any applicable keywords that would likely be used
    during an online search. Mathematics and references are not permitted
    in the abstract and will be removed by the copyeditors.
  keywords: template, quarto, asce
  bibliography:
    - references.bib
  publication-type: Journal
  footer-lastname: Author1
  classoption:
    - LineNumbers
  
[WARNING] Citeproc: citation eq-Einstein not found
[WARNING] Citeproc: citation fig-asce-logo not found
[WARNING] Citeproc: citation fig-fill-between not found
[WARNING] Citeproc: citation sec-app-notation not found
[WARNING] Citeproc: citation sec-app-options not found
Overall totals:
---------------------------------
- 4385 total words
- 3770 words in body and notes

Section totals:
---------------------------------
- 3770 words in text body
- 615 words in reference section


Rendering PDF
running pdflatex - 1
  This is pdfTeX, Version 3.141592653-2.6-1.40.29 (TeX Live 2026) (preloaded format=pdflatex)
   restricted \write18 enabled.
  entering extended mode
  
updating tlmgr

updating existing packages
finding package for authblk.sty
> 1 package to install
> installing preprint (1 of 1)
  This is pdfTeX, Version 3.141592653-2.6-1.40.29 (TeX Live 2026) (preloaded format=pdflatex)
   restricted \write18 enabled.
  entering extended mode
  
finding package for silence.sty
> 1 package to install
> installing silence (1 of 1)
  This is pdfTeX, Version 3.141592653-2.6-1.40.29 (TeX Live 2026) (preloaded format=pdflatex)
   restricted \write18 enabled.
  entering extended mode
  
finding package for newfloat.sty
> 1 package to install
> installing newfloat (1 of 1)
  This is pdfTeX, Version 3.141592653-2.6-1.40.29 (TeX Live 2026) (preloaded format=pdflatex)
   restricted \write18 enabled.
  entering extended mode
  
finding package for newtxtext.sty
> 1 package to install
> installing newtx (1 of 1)
  This is pdfTeX, Version 3.141592653-2.6-1.40.29 (TeX Live 2026) (preloaded format=pdflatex)
   restricted \write18 enabled.
  entering extended mode
  
finding package for xpatch.sty
> 1 package to install
> installing xpatch (1 of 1)
  This is pdfTeX, Version 3.141592653-2.6-1.40.29 (TeX Live 2026) (preloaded format=pdflatex)
   restricted \write18 enabled.
  entering extended mode
  
finding package for xstring.sty
> 1 package to install
> installing xstring (1 of 1)
  This is pdfTeX, Version 3.141592653-2.6-1.40.29 (TeX Live 2026) (preloaded format=pdflatex)
   restricted \write18 enabled.
  entering extended mode
  
finding package for scalefnt.sty
> 1 package to install
> installing carlisle (1 of 1)
  This is pdfTeX, Version 3.141592653-2.6-1.40.29 (TeX Live 2026) (preloaded format=pdflatex)
   restricted \write18 enabled.
  entering extended mode
  
finding package for fontaxes.sty
> 1 package to install
> installing fontaxes (1 of 1)
  This is pdfTeX, Version 3.141592653-2.6-1.40.29 (TeX Live 2026) (preloaded format=pdflatex)
   restricted \write18 enabled.
  entering extended mode
  
finding package for endfloat.sty
> 1 package to install
> installing endfloat (1 of 1)
  This is pdfTeX, Version 3.141592653-2.6-1.40.29 (TeX Live 2026) (preloaded format=pdflatex)
   restricted \write18 enabled.
  entering extended mode
  
finding package for setspace.sty
> 1 package to install
> installing setspace (1 of 1)
  This is pdfTeX, Version 3.141592653-2.6-1.40.29 (TeX Live 2026) (preloaded format=pdflatex)
   restricted \write18 enabled.
  entering extended mode
  
finding package for lineno.sty
> 1 package to install
> installing lineno (1 of 1)
  This is pdfTeX, Version 3.141592653-2.6-1.40.29 (TeX Live 2026) (preloaded format=pdflatex)
   restricted \write18 enabled.
  entering extended mode
  
generating bibliography
  This is BibTeX, Version 0.99e (TeX Live 2026)
  The top-level auxiliary file: asce-template.aux
  The style file: ascelike-new.bst
  Database file #1: references.bib
  
running pdflatex - 2
  This is pdfTeX, Version 3.141592653-2.6-1.40.29 (TeX Live 2026) (preloaded format=pdflatex)
   restricted \write18 enabled.
  entering extended mode
  
running pdflatex - 3
  This is pdfTeX, Version 3.141592653-2.6-1.40.29 (TeX Live 2026) (preloaded format=pdflatex)
   restricted \write18 enabled.
  entering extended mode
  

Output created: asce-template.pdf

