Cloning into 'repo'...
pandoc 
  to: html
  output-file: index.html
  standalone: true
  section-divs: true
  html-math-method: mathjax
  wrap: none
  default-image-extension: png
  toc: true
  variables: {}
  
metadata
  document-css: false
  link-citations: true
  date-format: long
  lang: en
  engines:
    - path: /opt/quarto/share/extension-subtrees/julia-engine/_extensions/julia-engine/julia-engine.js
  title: code-line-style
  subtitle: Named visual treatments for code blocks in Quarto
  
Output created: index.html

