pandoc 

  to: revealjs
  output-file: index.html
  standalone: true
  wrap: none
  default-image-extension: png
  html-math-method:
    method: mathjax
    url: >-
      https://cdn.jsdelivr.net/npm/mathjax@2.7.9/MathJax.js?config=TeX-AMS_HTML-full
  slide-level: 2
  variables: {}
  

metadata

  link-citations: true
  width: 1050
  height: 700
  margin: 0.1
  center: false
  navigationMode: linear
  controlsLayout: edges
  controlsTutorial: false
  hash: true
  history: true
  hashOneBasedIndex: false
  fragmentInURL: false
  transition: none
  backgroundTransition: none
  pdfSeparateFragments: false
  lang: en
  auto-stretch: true
  engines:
    - path: /opt/quarto/share/extension-subtrees/julia-engine/_extensions/julia-engine/julia-engine.js
  title: Reveal.js A11y
  subtitle: Accessibility Plugin Demo
  authors:
    - name: Mickaël CANOUIL, _Ph.D._
      orcid: 0000-0002-3396-4549
      url: https://mickael.canouil.fr
  revealjs-plugins:
    - a11y
  revealjs-a11y:
    skip-navigation: true
    focus-indicators: true
    reduced-motion: true
    high-contrast: false
    font-size-controls: true
    font-selection: true
    text-spacing: true
    link-highlight: true
    slide-landmarks: true
    alt-text-warnings: true
    announce-slide-numbers: true
    announce-fragments: true
    announce-language-changes: true
    transcript: true
    pointer-indicator: true
    slide-menu-a11y: true
    slide-change-cue:
      visual: true
      audio: true
    menu: true
  

Output created: index.html


