Cloning into 'repo'...
Installing package into '/home/runner/work/quarto-extensions/quarto-extensions/test-9/R/x86_64-pc-linux-gnu-library/4.5'
(as 'lib' is unspecified)
trying URL 'https://packagemanager.posit.co/cran/__linux__/jammy/latest/src/contrib/renv_1.1.8.tar.gz'
Content type 'binary/octet-stream' length 2336300 bytes (2.2 MB)
==================================================
downloaded 2.2 MB

* installing *binary* package 'renv' ...
* DONE (renv)

The downloaded source packages are in
	'/tmp/RtmpSDDwnu/downloaded_packages'
The R temporary directory appears to be within a folder mounted as 'noexec'.
Installation of R packages from sources may fail.
See the section **Note** within `?INSTALL` for more details.

tempdir(): /tmp/RtmpSDDwnu


processing file: template.qmd
1/5           
2/5 [fig-test]
3/5           
4/5 [tbl-test]
5/5           
output file: template.knit.md

pandoc 
  to: latex
  output-file: template.tex
  template: _extensions/mdpi/template_mdpicompat.tex
  standalone: true
  pdf-engine: lualatex
  variables:
    graphics: true
    tables: true
  default-image-extension: pdf
  toc: false
  cite-method: natbib
  
metadata
  block-headings: true
  engines:
    - path: /opt/quarto/share/extension-subtrees/julia-engine/_extensions/julia-engine/julia-engine.js
  title: Mdpi Template
  runningtitle: MDPI-quarto
  mdpi_journal: behavsci
  article_type: article
  article_status: submit
  author:
    - name: Mehmet Mehmetoglu
      corresponding: true
      orcid: 0000-0002-6092-8551
      email: mehmet.mehmetoglu@ntnu.no
      role:
        - Conceptualization
        - Project administration
        - Investigation
        - Supervision
        - Methodology
        - Formal analysis
        - Writing - review and editing
      affiliations:
        - name: Norwegian University of Science and Technology
          department: Institute for Psychology
          id: 1
          address: 1 Edvards Bull veg
          postal-code: 7049
          city: Trondheim
          country: Norway
    - name: Ilmari Määttänen
      orcid: 0000-0003-3149-6099
      role:
        - Conceptualization
        - Project administration
        - Investigation
        - Supervision
        - Methodology
        - Formal analysis
        - Writing - review and editing
      affiliations:
        - name: University of Helsinki
          id: 2
          department: Department of Psychology and Logopedics
          city: Helsinki
          country: Finland
    - name: Matthias Mittner
      orcid: 0000-0003-0205-7353
      role:
        - Conceptualization
        - Project administration
        - Investigation
        - Supervision
        - Methodology
        - Formal analysis
        - Writing - review and editing
      affiliations:
        - ref: 1
        - name: UiT - The Arctic University of Norway
          id: 3
          department: Institute for Psychology
          city: Tromsø
          country: Norway
  fundingstatement: |
    This research was funded by the Norwegian Research Council under grant number 123456.
  institutionalreview: |
    The study was conducted in accordance with the Declaration of Helsinki, and approved by the Ethics Committee of UiT - The Arctic University of Norway (protocol code 14/23 and 07.08.2023).
  informedconsent: |
    Informed consent was obtained from all subjects involved in the study.
  dataavailability: |
    The data presented in this study are publicly available at the Open Science Framework <https://osf.io/ak76r/>.
  acknowledgements: |
    Thanks to our good friend, the late Professor John Doe, for his valuable comments on an earlier version of this manuscript.
  conflictsofinterest: |
    The authors declare no conflict of interest.
  abstract: |
    This document is a template demonstrating the Mdpi format.
    Lorem ipsum dolor sit amet, consectetur adipiscing elit, sed do eiusmod tempor incididunt ut labore et dolore magna aliqua. Ut enim ad minim veniam, quis nostrud exercitation ullamco laboris nisi ut aliquip ex ea commodo consequat. Duis aute irure dolor in reprehenderit in voluptate velit esse cillum dolore eu fugiat nulla pariatur. Excepteur sint occaecat cupidatat non proident, sunt in culpa qui officia deserunt mollit anim id est laborum.
  keywords:
    - template
    - demo
  bibliography:
    - bibliography.bib
  

Rendering PDF
running lualatex - 1
  This is LuaHBTeX, Version 1.24.0 (TeX Live 2026) 
   restricted system commands enabled.
  
  luaotfload | db : Font names database not found, generating new one.
  luaotfload | db : This can take several minutes; please be patient.
updating tlmgr

updating existing packages
finding package for fancyhdr.sty
> 2 packages to install
> installing fancyhdr (1 of 2)
> installing pdftex (2 of 2)
  This is LuaHBTeX, Version 1.24.0 (TeX Live 2026) 
   restricted system commands enabled.
  
finding package for grfext.sty
> 1 package to install
> installing grfext (1 of 1)
  This is LuaHBTeX, Version 1.24.0 (TeX Live 2026) 
   restricted system commands enabled.
  
finding package for lastpage.sty
> 1 package to install
> installing lastpage (1 of 1)
  This is LuaHBTeX, Version 1.24.0 (TeX Live 2026) 
   restricted system commands enabled.
  
finding package for lineno.sty
> 1 package to install
> installing lineno (1 of 1)
  This is LuaHBTeX, Version 1.24.0 (TeX Live 2026) 
   restricted system commands enabled.
  
finding package for setspace.sty
> 1 package to install
> installing setspace (1 of 1)
  This is LuaHBTeX, Version 1.24.0 (TeX Live 2026) 
   restricted system commands enabled.
  
finding package for enumitem.sty
> 1 package to install
> installing enumitem (1 of 1)
  This is LuaHBTeX, Version 1.24.0 (TeX Live 2026) 
   restricted system commands enabled.
  
finding package for titlesec.sty
> 1 package to install
> installing titlesec (1 of 1)
  This is LuaHBTeX, Version 1.24.0 (TeX Live 2026) 
   restricted system commands enabled.
  
finding package for tabto.sty
> 1 package to install
> installing tabto-ltx (1 of 1)
  This is LuaHBTeX, Version 1.24.0 (TeX Live 2026) 
   restricted system commands enabled.
  
finding package for colortbl.sty
> 1 package to install
> installing colortbl (1 of 1)
  This is LuaHBTeX, Version 1.24.0 (TeX Live 2026) 
   restricted system commands enabled.
  
finding package for soul.sty
> 1 package to install
> installing soul (1 of 1)
  This is LuaHBTeX, Version 1.24.0 (TeX Live 2026) 
   restricted system commands enabled.
  
finding package for multirow.sty
> 1 package to install
> installing multirow (1 of 1)
  This is LuaHBTeX, Version 1.24.0 (TeX Live 2026) 
   restricted system commands enabled.
  
finding package for microtype.sty
> 1 package to install
> installing microtype (1 of 1)
  This is LuaHBTeX, Version 1.24.0 (TeX Live 2026) 
   restricted system commands enabled.
  
finding package for tikz.sty
> 1 package to install
> installing pgf (1 of 1)
  This is LuaHBTeX, Version 1.24.0 (TeX Live 2026) 
   restricted system commands enabled.
  
finding package for changepage.sty
> 1 package to install
> installing changepage (1 of 1)
  This is LuaHBTeX, Version 1.24.0 (TeX Live 2026) 
   restricted system commands enabled.
  
finding package for attrib.sty
> 1 package to install
> installing frankenstein (1 of 1)
  This is LuaHBTeX, Version 1.24.0 (TeX Live 2026) 
   restricted system commands enabled.
  
finding package for upgreek.sty
> 1 package to install
> installing was (1 of 1)
  This is LuaHBTeX, Version 1.24.0 (TeX Live 2026) 
   restricted system commands enabled.
  
finding package for pbox.sty
> 1 package to install
> installing pbox (1 of 1)
  This is LuaHBTeX, Version 1.24.0 (TeX Live 2026) 
   restricted system commands enabled.
  
finding package for ragged2e.sty
> 1 package to install
> installing ragged2e (1 of 1)
  This is LuaHBTeX, Version 1.24.0 (TeX Live 2026) 
   restricted system commands enabled.
  
finding package for tocloft.sty
> 1 package to install
> installing tocloft (1 of 1)
  This is LuaHBTeX, Version 1.24.0 (TeX Live 2026) 
   restricted system commands enabled.
  
finding package for marginnote.sty
> 1 package to install
> installing marginnote (1 of 1)
  This is LuaHBTeX, Version 1.24.0 (TeX Live 2026) 
   restricted system commands enabled.
  
finding package for marginfix.sty
> 1 package to install
> installing marginfix (1 of 1)
  This is LuaHBTeX, Version 1.24.0 (TeX Live 2026) 
   restricted system commands enabled.
  
finding package for enotez.sty
> 1 package to install
> installing enotez (1 of 1)
  This is LuaHBTeX, Version 1.24.0 (TeX Live 2026) 
   restricted system commands enabled.
  
finding package for translations.sty
> 1 package to install
> installing translations (1 of 1)
  This is LuaHBTeX, Version 1.24.0 (TeX Live 2026) 
   restricted system commands enabled.
  
finding package for xstring.sty
> 1 package to install
> installing xstring (1 of 1)
  This is LuaHBTeX, Version 1.24.0 (TeX Live 2026) 
   restricted system commands enabled.
  
finding package for scrextend.sty
> 1 package to install
> installing koma-script (1 of 1)
  This is LuaHBTeX, Version 1.24.0 (TeX Live 2026) 
   restricted system commands enabled.
  
finding package for newfloat.sty
> 1 package to install
> installing newfloat (1 of 1)
  This is LuaHBTeX, Version 1.24.0 (TeX Live 2026) 
   restricted system commands enabled.
  
finding package for caption.sty
> 1 package to install
> installing caption (1 of 1)
  This is LuaHBTeX, Version 1.24.0 (TeX Live 2026) 
   restricted system commands enabled.
  
finding package for seqsplit.sty
> 1 package to install
> installing seqsplit (1 of 1)
  This is LuaHBTeX, Version 1.24.0 (TeX Live 2026) 
   restricted system commands enabled.
  
finding package for anyfontsize.sty
> 1 package to install
> installing anyfontsize (1 of 1)
  This is LuaHBTeX, Version 1.24.0 (TeX Live 2026) 
   restricted system commands enabled.
  
finding package for cleveref.sty
> 1 package to install
> installing cleveref (1 of 1)
  This is LuaHBTeX, Version 1.24.0 (TeX Live 2026) 
   restricted system commands enabled.
  
  luaotfload | db : Reload initiated (formats: otf,ttf,ttc); reason: Font "zplmr7t" not found.
  luaotfload | resolve : sequence of 3 lookups yielded nothing appropriate.
finding package for zplmr7t(-(Bold|Italic|Regular).*)?[.](tfm|afm|mf|otf|ttf)
> 1 package to install
> installing mathpazo (1 of 1)
  This is LuaHBTeX, Version 1.24.0 (TeX Live 2026) 
   restricted system commands enabled.
  
generating bibliography
  This is BibTeX, Version 0.99e (TeX Live 2026)
  The top-level auxiliary file: template.aux
  The style file: mdpi.bst
  Illegal, another \bibstyle command---line 8 of file template.aux
   : \bibstyle
   :          {plainnat}
  I'm skipping whatever remains of this command
  Illegal, another \bibstyle command---line 9 of file template.aux
   : \bibstyle
   :          {plainnat}
  I'm skipping whatever remains of this command
  Database file #1: bibliography.bib
  (There were 2 error messages)
  
running lualatex - 2
  This is LuaHBTeX, Version 1.24.0 (TeX Live 2026) 
   restricted system commands enabled.
  
running lualatex - 3
  This is LuaHBTeX, Version 1.24.0 (TeX Live 2026) 
   restricted system commands enabled.
  

Output created: template.pdf

