

processing file: example_gif.qmd

1/7                  

2/7 [unnamed-chunk-1]

3/7                  

4/7 [unnamed-chunk-2]

5/7                  
6/7 [unnamed-chunk-3]

7/7                  

output file: example_gif.knit.md


pandoc 

  to: revealjs
  output-file: example_gif.html
  standalone: true
  embed-resources: true
  wrap: none
  default-image-extension: png
  html-math-method:
    method: mathjax
    url: >-
      https://cdn.jsdelivr.net/npm/mathjax@2.7.9/MathJax.js?config=TeX-AMS_HTML-full
  slide-level: 2
  variables: {}
  

metadata

  link-citations: true
  width: 1050
  height: 700
  margin: 0.1
  center: false
  navigationMode: linear
  controlsLayout: edges
  controlsTutorial: false
  hash: true
  history: true
  hashOneBasedIndex: false
  fragmentInURL: false
  transition: none
  backgroundTransition: none
  pdfSeparateFragments: false
  lang: en
  auto-stretch: true
  theme:
    - serif
    - _extensions/metropolis/metropolis.scss
  engines:
    - path: /opt/quarto/share/extension-subtrees/julia-engine/_extensions/julia-engine/julia-engine.js
  title: Metropolis-Revealjs
  subtitle: A reveal.js theme inspired by Beamer Metropolis Theme.
  institute: University of Dhaka
  author: Shafayet Khan Shafee
  footer: <https://quarto.org>
  date: last-modified
  date-format: DD MMM, YYYY
  logo: metropolis_template_images/quarto.png
  slideNumber: true
  

Output created: example_gif.html


