Cloning into 'repo'...
Installing package into '/home/runner/work/quarto-extensions/quarto-extensions/test-1/R/x86_64-pc-linux-gnu-library/4.5'
(as 'lib' is unspecified)
trying URL 'https://packagemanager.posit.co/cran/latest/src/contrib/renv_1.2.0.tar.gz'
Content type 'binary/octet-stream' length 1342988 bytes (1.3 MB)
==================================================
downloaded 1.3 MB

* installing *source* package 'renv' ...
** this is package 'renv' version '1.2.0'
** package 'renv' successfully unpacked and MD5 sums checked
** using staged installation
** R
** inst
** byte-compile and prepare package for lazy loading
** help
*** installing help indices
*** copying figures
** building package indices
** installing vignettes
** testing if installed package can be loaded from temporary location
** checking absolute paths in shared objects and dynamic libraries
** testing if installed package can be loaded from final location
** testing if installed package keeps a record of temporary installation path
* DONE (renv)

The downloaded source packages are in
	'/tmp/Rtmplq3q9Q/downloaded_packages'
pandoc 
  to: revealjs
  output-file: example_header03.html
  standalone: true
  embed-resources: true
  wrap: none
  default-image-extension: png
  html-math-method:
    method: mathjax
    url: >-
      https://cdn.jsdelivr.net/npm/mathjax@2.7.9/MathJax.js?config=TeX-AMS_HTML-full
  slide-level: 3
  variables: {}
  
metadata
  link-citations: true
  width: 1050
  height: 700
  margin: 0.1
  center: false
  navigationMode: linear
  controlsLayout: edges
  controlsTutorial: false
  hash: true
  history: true
  hashOneBasedIndex: false
  fragmentInURL: false
  transition: none
  backgroundTransition: none
  pdfSeparateFragments: false
  lang: en
  auto-stretch: true
  theme:
    - serif
    - _extensions/metropolis/metropolis.scss
  engines:
    - path: /opt/quarto/share/extension-subtrees/julia-engine/_extensions/julia-engine/julia-engine.js
  title: Metropolis-Revealjs
  subtitle: A reveal.js theme inspired by Beamer Metropolis Theme.
  institute: University of Dhaka
  author: Shafayet Khan Shafee
  reveal-header:
    sc-sb-title: true
  slideNumber: true
  
[WARNING] Could not fetch resource 
Output created: example_header03.html

pandoc 
  to: revealjs
  output-file: example_header02.html
  standalone: true
  embed-resources: true
  wrap: none
  default-image-extension: png
  html-math-method:
    method: mathjax
    url: >-
      https://cdn.jsdelivr.net/npm/mathjax@2.7.9/MathJax.js?config=TeX-AMS_HTML-full
  slide-level: 3
  variables: {}
  
metadata
  link-citations: true
  width: 1050
  height: 700
  margin: 0.1
  center: false
  navigationMode: linear
  controlsLayout: edges
  controlsTutorial: false
  hash: true
  history: true
  hashOneBasedIndex: false
  fragmentInURL: false
  transition: none
  backgroundTransition: none
  pdfSeparateFragments: false
  lang: en
  auto-stretch: true
  theme:
    - serif
    - _extensions/metropolis/metropolis.scss
  engines:
    - path: /opt/quarto/share/extension-subtrees/julia-engine/_extensions/julia-engine/julia-engine.js
  title: Metropolis-Revealjs
  subtitle: A reveal.js theme inspired by Beamer Metropolis Theme.
  institute: University of Dhaka
  author: Shafayet Khan Shafee
  reveal-header:
    sc-sb-title: true
    header-logo: images/reveal_logo.svg
    subtitle-as-header: true
  slideNumber: true
  logo: images/quarto.png
  footer: <https://quarto.org>
  
[WARNING] Could not fetch resource images/reveal_logo.svg
[WARNING] Could not fetch resource images/quarto.png
Output created: example_header02.html



processing file: template.qmd
1/9                  
2/9 [unnamed-chunk-1]
3/9                  
4/9 [unnamed-chunk-2]
5/9                  
6/9 [unnamed-chunk-3]
7/9                  
8/9 [unnamed-chunk-4]
9/9                  
output file: template.knit.md

pandoc 
  to: revealjs
  output-file: template.html
  standalone: true
  embed-resources: true
  wrap: none
  default-image-extension: png
  html-math-method:
    method: mathjax
    url: >-
      https://cdn.jsdelivr.net/npm/mathjax@2.7.9/MathJax.js?config=TeX-AMS_HTML-full
  slide-level: 2
  variables: {}
  
metadata
  link-citations: true
  width: 1050
  height: 700
  margin: 0.1
  center: false
  navigationMode: linear
  controlsLayout: edges
  controlsTutorial: false
  hash: true
  history: true
  hashOneBasedIndex: false
  fragmentInURL: false
  transition: none
  backgroundTransition: none
  pdfSeparateFragments: false
  lang: en
  auto-stretch: true
  theme:
    - serif
    - _extensions/metropolis/metropolis.scss
  engines:
    - path: /opt/quarto/share/extension-subtrees/julia-engine/_extensions/julia-engine/julia-engine.js
  title: Metropolis-Revealjs
  subtitle: A reveal.js theme inspired by Beamer Metropolis Theme.
  institute: University of Dhaka
  author: Shafayet Khan Shafee
  footer: <https://quarto.org>
  date: last-modified
  date-format: DD MMM, YYYY
  logo: metropolis_template_images/quarto.png
  slideNumber: true
  
Output created: template.html



processing file: example_fullscreen.qmd
1/3                  
2/3 [unnamed-chunk-1]
3/3                  
output file: example_fullscreen.knit.md

pandoc 
  to: revealjs
  output-file: example_fullscreen.html
  standalone: true
  embed-resources: true
  wrap: none
  default-image-extension: png
  html-math-method:
    method: mathjax
    url: >-
      https://cdn.jsdelivr.net/npm/mathjax@2.7.9/MathJax.js?config=TeX-AMS_HTML-full
  slide-level: 2
  variables: {}
  
metadata
  link-citations: true
  width: 1050
  height: 700
  margin: 0.1
  center: false
  navigationMode: linear
  controlsLayout: edges
  controlsTutorial: false
  hash: true
  history: true
  hashOneBasedIndex: false
  fragmentInURL: false
  transition: none
  backgroundTransition: none
  pdfSeparateFragments: false
  lang: en
  auto-stretch: true
  theme:
    - serif
    - _extensions/metropolis/metropolis.scss
  engines:
    - path: /opt/quarto/share/extension-subtrees/julia-engine/_extensions/julia-engine/julia-engine.js
  title: code-fullscreen in Metropolis-Revealjs
  subtitle: A reveal.js theme inspired by Beamer Metropolis Theme.
  institute: University of Dhaka
  author: Shafayet Khan Shafee
  
Output created: example_fullscreen.html



processing file: example_gif.qmd
1/7                  
2/7 [unnamed-chunk-1]
3/7                  
4/7 [unnamed-chunk-2]
5/7                  
6/7 [unnamed-chunk-3]
7/7                  
output file: example_gif.knit.md

pandoc 
  to: revealjs
  output-file: example_gif.html
  standalone: true
  embed-resources: true
  wrap: none
  default-image-extension: png
  html-math-method:
    method: mathjax
    url: >-
      https://cdn.jsdelivr.net/npm/mathjax@2.7.9/MathJax.js?config=TeX-AMS_HTML-full
  slide-level: 2
  variables: {}
  
metadata
  link-citations: true
  width: 1050
  height: 700
  margin: 0.1
  center: false
  navigationMode: linear
  controlsLayout: edges
  controlsTutorial: false
  hash: true
  history: true
  hashOneBasedIndex: false
  fragmentInURL: false
  transition: none
  backgroundTransition: none
  pdfSeparateFragments: false
  lang: en
  auto-stretch: true
  theme:
    - serif
    - _extensions/metropolis/metropolis.scss
  engines:
    - path: /opt/quarto/share/extension-subtrees/julia-engine/_extensions/julia-engine/julia-engine.js
  title: Metropolis-Revealjs
  subtitle: A reveal.js theme inspired by Beamer Metropolis Theme.
  institute: University of Dhaka
  author: Shafayet Khan Shafee
  footer: <https://quarto.org>
  date: last-modified
  date-format: DD MMM, YYYY
  logo: metropolis_template_images/quarto.png
  slideNumber: true
  
Output created: example_gif.html



processing file: example_header01.qmd
1/3                  
2/3 [unnamed-chunk-1]
3/3                  
output file: example_header01.knit.md

pandoc 
  to: revealjs
  output-file: example_header01.html
  standalone: true
  embed-resources: true
  wrap: none
  default-image-extension: png
  html-math-method:
    method: mathjax
    url: >-
      https://cdn.jsdelivr.net/npm/mathjax@2.7.9/MathJax.js?config=TeX-AMS_HTML-full
  slide-level: 2
  variables: {}
  
metadata
  link-citations: true
  width: 1050
  height: 700
  margin: 0.1
  center: false
  navigationMode: linear
  controlsLayout: edges
  controlsTutorial: false
  hash: true
  history: true
  hashOneBasedIndex: false
  fragmentInURL: false
  transition: none
  backgroundTransition: none
  pdfSeparateFragments: false
  lang: en
  auto-stretch: true
  theme:
    - serif
    - _extensions/metropolis/metropolis.scss
  engines:
    - path: /opt/quarto/share/extension-subtrees/julia-engine/_extensions/julia-engine/julia-engine.js
  title: Metropolis-Revealjs
  subtitle: A reveal.js theme inspired by Beamer Metropolis Theme.
  institute: University of Dhaka
  author: Shafayet Khan Shafee
  reveal-header:
    sc-sb-title: true
    header-logo: images/reveal_logo.svg
    header-text: Quarto Presentations with beautiful slide decks made by RevealJs
  slideNumber: true
  logo: images/quarto.png
  footer: <https://quarto.org>
  
[WARNING] Could not fetch resource images/reveal_logo.svg
[WARNING] Could not fetch resource images/quarto.png
Output created: example_header01.html

