Cloning into 'repo'...
pandoc 
  to: html
  output-file: example.html
  standalone: true
  section-divs: true
  html-math-method: mathjax
  wrap: none
  default-image-extension: png
  variables: {}
  
metadata
  document-css: false
  link-citations: true
  date-format: long
  lang: en
  title: Example
  github-corner:
    url: https://www.github.com/parmsam/quarto-github-corner
    logo-color: white
    background-color: '#1c84e5'
    size: 150
    position: left
  
Output created: example.html

