pandoc 

  to: html
  output-file: example.html
  standalone: true
  section-divs: true
  html-math-method: mathjax
  wrap: none
  default-image-extension: png
  variables: {}
  

metadata

  document-css: false
  link-citations: true
  date-format: long
  lang: en
  engines:
    - path: /opt/quarto/share/extension-subtrees/julia-engine/_extensions/julia-engine/julia-engine.js
  title: Quarto-svgbob Example
  

Error running 
filter /opt/quarto/share/filters/main.lua:
svgbob: createProcess: posix_spawnp: permission denied (Permission denied)
stack traceback:
	.../test-3/repo/_extensions/quarto-svgbob/qua
rto-svgbob.lua:27: in local 'render_cmd'
	.../test-3/repo/_extensions/quarto-svgbob/
quarto-svgbob.lua:43: in global 'Render'
	.../test-3/repo/_extensions/quarto-svgbob/quar
to-svgbob.lua:64: in function <.../test-3/repo/_extensions/quarto-svgbob/quarto-svgb
ob.lua:63>
	[C]: in ?
	[C]: in method 'walk'
	/opt/quarto/share/pandoc/datadir/_ut
ils.lua:607: in function '_utils.walk'
	/opt/quarto/share/filt
ers/main.lua:574: in local 'checked_walk'
	
/opt/quarto/share/filters/main.lua:629: in function 'run_emulated_filter
'
	/opt/quarto/share/filters/main.lua:1317: in local 'callback'
	[strin
g "if pandoc.system.os == 
"mingw32" then..."]:778: in fi
eld 'withScriptFile'
	/opt
/quarto/share/filters/ma
in.lua:1333: in upvalue 
'run_emulated_filter_ch
ain'
	/opt/quarto/share
/filters/main.lua:1371
: in function </opt/qu
arto/share/filters/mai
n.lua:1368>
stack trac
eback:
	/opt/quarto/sh
are/pandoc/datadir/_ut
ils.lua:607: in funct
ion '_utils.walk'
	/o
pt/quarto/share/filter
s/main.lua:574: in loc
al 'checked_walk'
	/o
pt/quarto/share
/filters/main.lu
a:629: in function 'run
_emulated_filter'
	/opt/quarto
/share/filters/main.lua:
1317: in local 'callbac
k'
	[string "if pandoc
.system.os == "mingw32"
 then..."]:778: in fie
ld 'withScriptFile'
	/
opt/quarto/share/filte
rs/main.lua:1333: in u
pvalue 'run_emulated_
filter_chain'
	/opt/qu
arto/share/filters/mai
n.lua:1371: in functi
on </opt/quarto/share/
filters/main.lua:1368
>

(WARN) Error encountered when rendering files

