Cloning into 'repo'...
pandoc 
  to: html
  output-file: template.html
  standalone: true
  section-divs: true
  html-math-method: mathjax
  wrap: none
  default-image-extension: png
  variables: {}
  
metadata
  document-css: false
  link-citations: true
  date-format: long
  lang: en
  engines:
    - path: /opt/quarto/share/extension-subtrees/julia-engine/_extensions/julia-engine/julia-engine.js
  title: Example article for AAAI 2026 using Quarto
  author:
    - name: Max Mustermann
      orcid: 0000-0000-0000-0000
      email: name@example.com
      affiliation:
        - ref: 1
    - name: Author Two
      orcid: 0000-0000-0000-0001
      email: name2@example.com
      affiliation:
        - ref: 1
  affiliations:
    - id: 1
      name: Association for the Advancement of Artificial Intelligence
      department: Data Science and its Applications
      address: 1101 Pennsylvania Ave, NW Suite 300
      city: Washington
      country: USA
      state: DC
      url: https://aaai.org
  abstract: |
    AAAI creates proceedings, working notes, and technical reports directly from electronic source furnished by the authors. To ensure that all papers in the publication have a uniform appearance, authors must adhere to the following instructions.
  links:
    - name: Code
      url: https://aaai.org/example/code
    - name: Datasets
      url: https://aaai.org/example/datasets
  keywords:
    - template
    - demo
  bibliography:
    - bibliography.bib
  
Output created: template.html

pandoc 
  to: latex
  output-file: template.tex
  template: _extensions/aaai2026/aaai2026-template.latex
  standalone: true
  pdf-engine: pdflatex
  variables:
    graphics: true
    tables: true
    secnumdepth: 2
  default-image-extension: pdf
  number-sections: true
  cite-method: natbib
  
metadata
  block-headings: true
  number-depth: 2
  biblio-style: aaai2026.bst
  fig-cap-location: bottom
  tbl-cap-location: bottom
  engines:
    - path: /opt/quarto/share/extension-subtrees/julia-engine/_extensions/julia-engine/julia-engine.js
  title: Example article for AAAI 2026 using Quarto
  author:
    - name: Max Mustermann
      orcid: 0000-0000-0000-0000
      email: name@example.com
      affiliation:
        - ref: 1
    - name: Author Two
      orcid: 0000-0000-0000-0001
      email: name2@example.com
      affiliation:
        - ref: 1
  affiliations:
    - id: 1
      name: Association for the Advancement of Artificial Intelligence
      department: Data Science and its Applications
      address: 1101 Pennsylvania Ave, NW Suite 300
      city: Washington
      country: USA
      state: DC
      url: https://aaai.org
  abstract: |
    AAAI creates proceedings, working notes, and technical reports directly from electronic source furnished by the authors. To ensure that all papers in the publication have a uniform appearance, authors must adhere to the following instructions.
  links:
    - name: Code
      url: https://aaai.org/example/code
    - name: Datasets
      url: https://aaai.org/example/datasets
  keywords:
    - template
    - demo
  bibliography:
    - bibliography.bib
  header-includes:
    - \usepackage{amsmath,amssymb}
    - \usepackage{booktabs}
  
Error running filter /opt/quarto/share/filters/main.lua:
Could not fetch https://upload.wikimedia.org/wikipedia/commons/f/ff/AAAI_Conference.png
HttpExceptionRequest Request {
  host                 = "upload.wikimedia.org"
  port                 = 443
  secure               = True
  requestHeaders       = []
  path                 = "/wikipedia/commons/f/ff/AAAI_Conference.png"
  queryString          = ""
  method               = "GET"
  proxy                = Nothing
  rawBody              = False
  redirectCount        = 10
  responseTimeout      = ResponseTimeoutDefault
  requestVersion       = HTTP/1.1
  proxySecureMode      = ProxySecureWithConnect
}
 (StatusCodeException (Response {responseStatus = Status {statusCode = 403, statusMessage = "Forbidden"}, responseVersion = HTTP/1.1, responseHeaders = [("content-length","126"),("content-type","text/plain"),("x-request-id","39082225-83e8-4c0b-9176-a76c9bfd995e"),("server","HAProxy"),("x-cache","cp1105 int"),("x-cache-status","int-tls"),("x-analytics","")], responseBody = (), responseCookieJar = CJ {expose = []}, responseClose' = ResponseClose, responseOriginalRequest = Request {
  host                 = "upload.wikimedia.org"
  port                 = 443
  secure               = True
  requestHeaders       = []
  path                 = "/wikipedia/commons/f/ff/AAAI_Conference.png"
  queryString          = ""
  method               = "GET"
  proxy                = Nothing
  rawBody              = False
  redirectCount        = 10
  responseTimeout      = ResponseTimeoutDefault
  requestVersion       = HTTP/1.1
  proxySecureMode      = ProxySecureWithConnect
}
, responseEarlyHints = []}) "Please set a user-agent and respect our robot policy https://w.wiki/4wJS. See also https://phabricator.wikimedia.org/T400119.\n")
stack traceback:
	.../share/pandoc/datadir/../../filters/modules/mediabag.lua:29: in function 'modules/mediabag.fetch_and_store_image'
	.../share/pandoc/datadir/../../filters/modules/mediabag.lua:72: in function 'modules/mediabag.resolve_image_from_url'
	(...tail calls...)
	/opt/quarto/share/filters/main.lua:2930: in local 'fn'
	...uarto/share/pandoc/datadir/../../filters/modules/jog.lua:34: in upvalue 'run_filter_function'
	...uarto/share/pandoc/datadir/../../filters/modules/jog.lua:223: in function <...uarto/share/pandoc/datadir/../../filters/modules/jog.lua:202>
	(...tail calls...)
	[C]: in function 'tmap'
	...uarto/share/pandoc/datadir/../../filters/modules/jog.lua:125: in upvalue 'recurse'
	...uarto/share/pandoc/datadir/../../filters/modules/jog.lua:222: in local 'jogger'
	...uarto/share/pandoc/datadir/../../filters/modules/jog.lua:98: in upvalue 'recurse'
	...uarto/share/pandoc/datadir/../../filters/modules/jog.lua:222: in function <...uarto/share/pandoc/datadir/../../filters/modules/jog.lua:202>
	(...tail calls...)
	...	(skipping 2 levels)
	...uarto/share/pandoc/datadir/../../filters/modules/jog.lua:111: in upvalue 'recurse'
	...uarto/share/pandoc/datadir/../../filters/modules/jog.lua:222: in function <...uarto/share/pandoc/datadir/../../filters/modules/jog.lua:202>
	(...tail calls...)
	[C]: in function 'tmap'
	...uarto/share/pandoc/datadir/../../filters/modules/jog.lua:125: in upvalue 'recurse'
	...uarto/share/pandoc/datadir/../../filters/modules/jog.lua:222: in local 'jogger'
	...uarto/share/pandoc/datadir/../../filters/modules/jog.lua:171: in upvalue 'recurse'
	...uarto/share/pandoc/datadir/../../filters/modules/jog.lua:222: in function <...uarto/share/pandoc/datadir/../../filters/modules/jog.lua:202>
	(...tail calls...)
	/opt/quarto/share/filters/main.lua:574: in function </opt/quarto/share/filters/main.lua:552>
	(...tail calls...)
	/opt/quarto/share/filters/main.lua:1317: in local 'callback'
	/opt/quarto/share/filters/main.lua:1335: in upvalue 'run_emulated_filter_chain'
	/opt/quarto/share/filters/main.lua:1371: in function </opt/quarto/share/filters/main.lua:1368>
WARN: Error encountered when rendering files
Render failed, retrying once...
pandoc 
  to: latex
  output-file: template.tex
  template: _extensions/aaai2026/aaai2026-template.latex
  standalone: true
  pdf-engine: pdflatex
  variables:
    graphics: true
    tables: true
    secnumdepth: 2
  default-image-extension: pdf
  number-sections: true
  cite-method: natbib
  
metadata
  block-headings: true
  number-depth: 2
  biblio-style: aaai2026.bst
  fig-cap-location: bottom
  tbl-cap-location: bottom
  engines:
    - path: /opt/quarto/share/extension-subtrees/julia-engine/_extensions/julia-engine/julia-engine.js
  title: Example article for AAAI 2026 using Quarto
  author:
    - name: Max Mustermann
      orcid: 0000-0000-0000-0000
      email: name@example.com
      affiliation:
        - ref: 1
    - name: Author Two
      orcid: 0000-0000-0000-0001
      email: name2@example.com
      affiliation:
        - ref: 1
  affiliations:
    - id: 1
      name: Association for the Advancement of Artificial Intelligence
      department: Data Science and its Applications
      address: 1101 Pennsylvania Ave, NW Suite 300
      city: Washington
      country: USA
      state: DC
      url: https://aaai.org
  abstract: |
    AAAI creates proceedings, working notes, and technical reports directly from electronic source furnished by the authors. To ensure that all papers in the publication have a uniform appearance, authors must adhere to the following instructions.
  links:
    - name: Code
      url: https://aaai.org/example/code
    - name: Datasets
      url: https://aaai.org/example/datasets
  keywords:
    - template
    - demo
  bibliography:
    - bibliography.bib
  header-includes:
    - \usepackage{amsmath,amssymb}
    - \usepackage{booktabs}
  
Error running filter /opt/quarto/share/filters/main.lua:
Could not fetch https://upload.wikimedia.org/wikipedia/commons/f/ff/AAAI_Conference.png
HttpExceptionRequest Request {
  host                 = "upload.wikimedia.org"
  port                 = 443
  secure               = True
  requestHeaders       = []
  path                 = "/wikipedia/commons/f/ff/AAAI_Conference.png"
  queryString          = ""
  method               = "GET"
  proxy                = Nothing
  rawBody              = False
  redirectCount        = 10
  responseTimeout      = ResponseTimeoutDefault
  requestVersion       = HTTP/1.1
  proxySecureMode      = ProxySecureWithConnect
}
 (StatusCodeException (Response {responseStatus = Status {statusCode = 403, statusMessage = "Forbidden"}, responseVersion = HTTP/1.1, responseHeaders = [("content-length","126"),("content-type","text/plain"),("x-request-id","39fc2cd6-7931-4842-9376-4ad186417345"),("server","HAProxy"),("x-cache","cp1105 int"),("x-cache-status","int-tls"),("x-analytics","")], responseBody = (), responseCookieJar = CJ {expose = []}, responseClose' = ResponseClose, responseOriginalRequest = Request {
  host                 = "upload.wikimedia.org"
  port                 = 443
  secure               = True
  requestHeaders       = []
  path                 = "/wikipedia/commons/f/ff/AAAI_Conference.png"
  queryString          = ""
  method               = "GET"
  proxy                = Nothing
  rawBody              = False
  redirectCount        = 10
  responseTimeout      = ResponseTimeoutDefault
  requestVersion       = HTTP/1.1
  proxySecureMode      = ProxySecureWithConnect
}
, responseEarlyHints = []}) "Please set a user-agent and respect our robot policy https://w.wiki/4wJS. See also https://phabricator.wikimedia.org/T400119.\n")
stack traceback:
	.../share/pandoc/datadir/../../filters/modules/mediabag.lua:29: in function 'modules/mediabag.fetch_and_store_image'
	.../share/pandoc/datadir/../../filters/modules/mediabag.lua:72: in function 'modules/mediabag.resolve_image_from_url'
	(...tail calls...)
	/opt/quarto/share/filters/main.lua:2930: in local 'fn'
	...uarto/share/pandoc/datadir/../../filters/modules/jog.lua:34: in upvalue 'run_filter_function'
	...uarto/share/pandoc/datadir/../../filters/modules/jog.lua:223: in function <...uarto/share/pandoc/datadir/../../filters/modules/jog.lua:202>
	(...tail calls...)
	[C]: in function 'pandoc.List.map'
	...uarto/share/pandoc/datadir/../../filters/modules/jog.lua:125: in upvalue 'recurse'
	...uarto/share/pandoc/datadir/../../filters/modules/jog.lua:222: in local 'jogger'
	...uarto/share/pandoc/datadir/../../filters/modules/jog.lua:98: in upvalue 'recurse'
	...uarto/share/pandoc/datadir/../../filters/modules/jog.lua:222: in function <...uarto/share/pandoc/datadir/../../filters/modules/jog.lua:202>
	(...tail calls...)
	...	(skipping 2 levels)
	...uarto/share/pandoc/datadir/../../filters/modules/jog.lua:111: in upvalue 'recurse'
	...uarto/share/pandoc/datadir/../../filters/modules/jog.lua:222: in function <...uarto/share/pandoc/datadir/../../filters/modules/jog.lua:202>
	(...tail calls...)
	[C]: in function 'pandoc.List.map'
	...uarto/share/pandoc/datadir/../../filters/modules/jog.lua:125: in upvalue 'recurse'
	...uarto/share/pandoc/datadir/../../filters/modules/jog.lua:222: in local 'jogger'
	...uarto/share/pandoc/datadir/../../filters/modules/jog.lua:171: in upvalue 'recurse'
	...uarto/share/pandoc/datadir/../../filters/modules/jog.lua:222: in function <...uarto/share/pandoc/datadir/../../filters/modules/jog.lua:202>
	(...tail calls...)
	/opt/quarto/share/filters/main.lua:574: in function </opt/quarto/share/filters/main.lua:552>
	(...tail calls...)
	/opt/quarto/share/filters/main.lua:1317: in local 'callback'
	/opt/quarto/share/filters/main.lua:1335: in upvalue 'run_emulated_filter_chain'
	/opt/quarto/share/filters/main.lua:1371: in function </opt/quarto/share/filters/main.lua:1368>
WARN: Error encountered when rendering files
