pandoc 

  to: latex
  output-file: template.tex
  template: _extensions/aaai2026/aaai2026-template.latex
  standalone: true
  pdf-engine: pdflatex
  variables:
    graphics: true
    tables: true
    secnumdepth: 2
  default-image-extension: pdf
  number-sections: true
  cite-method: natbib
  

metadata

  block-headings: true
  number-depth: 2
  biblio-style: aaai2026.bst
  fig-cap-location: bottom
  tbl-cap-location: bottom
  engines:
    - path: /opt/quarto/share/extension-subtrees/julia-engine/_extensions/julia-engine/julia-engine.js
  title: Example article for AAAI 2026 using Quarto
  author:
    - name: Max Mustermann
      orcid: 0000-0000-0000-0000
      email: name@example.com
      affiliation:
        - ref: 1
    - name: Author Two
      orcid: 0000-0000-0000-0001
      email: name2@example.com
      affiliation:
        - ref: 1
  affiliations:
    - id: 1
      name: Association for the Advancement of Artificial Intelligence
      department: Data Science and its Applications
      address: 1101 Pennsylvania Ave, NW Suite 300
      city: Washington
      country: USA
      state: DC
      url: https://aaai.org
  abstract: |
    AAAI creates proceedings, working notes, and technical reports directly from electronic source furnished by the authors. To ensure that all papers in the publication have a uniform appearance, authors must adhere to the following instructions.
  links:
    - name: Code
      url: https://aaai.org/example/code
    - name: Datasets
      url: https://aaai.org/example/datasets
  keywords:
    - template
    - demo
  bibliography:
    - bibliography.bib
  header-includes:
    - \usepackage{amsmath,amssymb}
    - \usepackage{booktabs}
  

Error running filter 
/opt/quarto/share/filters/main.lua:
Could not fetch https://upload.wikimedia.org/wikipedia/commons/f/ff/AAAI_Conference.png
HttpExceptionRequest Request {
  host                 = "upload.wikimedia.org"
  port                 = 443
  secure               = True
  requestHeader
s       = []
  path                 = "/wikipedia/commons/f/ff/AAAI_Conference.p
ng"
  queryString          = ""
  method            
   = "GET"
  proxy                = Nothing
  rawBody    
          = False
  redirectCount        = 10
  
responseTimeout      = ResponseTimeoutDefault
  requestVersion       = HTTP/1.1
  proxySecureMode      = Pr
oxySecureWithConnect
}
 (StatusCodeException (Response {responseSta
tus = Status {statusCode = 403, statusMessage = "Forbidden"}, resp
onseVersion = HTTP/1.1, responseHeaders = [(
"content-length","126"),("content-typ
e","text/plain"),("x-request-id",
"fa299ff9-b71b-44f8-915b-4c8f05331
1b9"),("server","HAProxy"),("x-
cache","cp4049 int"),("x-cache
-status","int-tls"),("x-analyti
cs","")], responseBody = (), r
esponseCookieJar = CJ {expose 
= []}, responseClose' = Response
Close, responseOriginalRequest =
 Request {
  host                 = "u
pload.wikimedia.org"
  port          
       = 443
  secure          
     = True
  requestHeaders 
      = []
  path            
     = "/wikipedia/commons/f/ff
/AAAI_Conference.png"
  querySt
ring          = ""
  method    
           = "GET"
  proxy    
            = Nothing
  rawBod
y              = False
  redir
ectCount        = 10
  responseTimeout      = R
esponseTimeoutDefault
  requestVersio
n       = HTTP/1.1
  proxySecur
eMode      = ProxySecureWithCo
nnect
}
, responseEarlyHints 
= []}) "Please set a user-age
nt and respect our robot poli
cy https://w.wiki/4wJS. See a
lso https://phabricator.wikime
dia.org/T400119.\n")
stack tr
aceback:
	.../share/pandoc/
datadir/../../filters/modules/mediabag
.lua:29: in function 'modules/m
ediabag.fetch_and_store_image
'
	.../share/pandoc/datadir/..
/../filters/modules/mediabag.
lua:72: in function 'modules/
mediabag.resolve_image_from_u
rl'
	(...tail calls...)
	/opt/quarto/
share/filters/main.lua:
2930: in local 'fn'

	...uarto/share/pando
c/datadir/../../filters/modu
les/jog.lua:34: in up
value 'run_filter_f
unction'
	...uarto/share
/pandoc/datadir/../../filters/
modules/jog.lua:223: in functi
on <...uarto/share/pandoc/data
dir/../../filters/modules/jog
.lua:202>
	(...tail calls...)
	[C]: i
n function 'pandoc.List.map'
	...uarto/share
/pandoc/datadir/../../filters/mo
dules/jog.lua:125: in upvalue 'r
ecurse'
	...uarto/share/pandoc/datadi
r/../../filters/modules/
jog.lua:222: in lo
cal 'jogger'
	...uarto
/share/pandoc/datadir/..
/../filters/modules/jog.lua:98: in 
upvalue 'recurse'
	
...uarto/share/pandoc/dat
adir/../../filters/modules/jog.lu
a:222: in function <...
uarto/share/pandoc/datadir/
../../filters/modules/jog.lua
:202>
	(...tail calls...)
	...	(
skipping 2 levels)
	...uarto/s
hare/pandoc/datadir/../../filters/modules
/jog.lua:111: in upvalue 'recu
rse'
	...uarto/share/pandoc/datadir/../../f
ilters/modules/jog.lua:222: in funct
ion <...uarto/share/pandoc/data
dir/../../filters/modules/jo
g.lua:202>
	(...tail calls...
)
	[C]: in function 'pandoc.L
ist.map'
	...uarto/share/pando
c/datadir/../../filters/modu
les/jog.lua:125: in upvalue '
recurse'
	...uarto/share/pan
doc/datadir/../../filters/mo
dules/jog.lua:222: in local 
'jogger'
	...uarto/share/pandoc/da
tadir/../../filters/modules/j
og.lua:171: in upvalue 'recu
rse'
	...uarto/share/pandoc/d
atadir/../../filters/modules
/jog.lua:222: in function <..
.uarto/share/pandoc/datadir/.
./../filters/modules/jog.lua
:202>
	(...tail calls...)
	/
opt/quarto/share/filters/main
.lua:574: in function </opt/quarto/share
/filters/main.lua:552>
	(...tail c
alls...)
	/opt/quarto/share/f
ilters/main.lua:1317: in loca
l 'callback'
	/opt/quarto/sh
are/filters/main.lua:1335: in
 upvalue 'run_emulated_filter
_chain'
	/opt/quarto/share/filters/
main.lua:1371: in function </
opt/quarto/share/filters/mai
n.lua:1368>

(WARN) Error encountered when rendering files

