Cloning into 'repo'...
pandoc 
  to: >-
    commonmark+autolink_bare_uris+emoji+footnotes+gfm_auto_identifiers+pipe_tables+strikeout+task_lists+tex_math_dollars
  output-file: README.md
  standalone: true
  default-image-extension: png
  wrap: preserve
  variables: {}
  
metadata
  engines:
    - path: /opt/quarto/share/extension-subtrees/julia-engine/_extensions/julia-engine/julia-engine.js
  
Output created: README.md

pandoc 
  to: docx
  output-file: example.docx
  default-image-extension: png
  variables: {}
  
metadata
  engines:
    - path: /opt/quarto/share/extension-subtrees/julia-engine/_extensions/julia-engine/julia-engine.js
  title: Fancy epigraphs
  
Output created: example.docx

pandoc 
  to: html
  output-file: example.html
  standalone: true
  section-divs: true
  html-math-method: mathjax
  wrap: none
  default-image-extension: png
  css:
    - _extensions/epigraph/epigraph.css
  variables: {}
  
metadata
  document-css: false
  link-citations: true
  date-format: long
  lang: en
  engines:
    - path: /opt/quarto/share/extension-subtrees/julia-engine/_extensions/julia-engine/julia-engine.js
  title: Fancy epigraphs
  
Output created: example.html

pandoc 
  to: latex
  output-file: example.tex
  standalone: true
  pdf-engine: lualatex
  variables:
    graphics: true
    tables: true
  default-image-extension: pdf
  
metadata
  documentclass: scrartcl
  classoption:
    - DIV=11
    - numbers=noendperiod
  papersize: letter
  header-includes:
    - \KOMAoption{captions}{tableheading}
  block-headings: true
  engines:
    - path: /opt/quarto/share/extension-subtrees/julia-engine/_extensions/julia-engine/julia-engine.js
  title: Fancy epigraphs
  

Rendering PDF
running lualatex - 1
  This is LuaHBTeX, Version 1.24.0 (TeX Live 2026) 
   restricted system commands enabled.
  
updating tlmgr

updating existing packages
finding package for scrartcl.cls
> 1 package to install
> installing koma-script (1 of 1)
  This is LuaHBTeX, Version 1.24.0 (TeX Live 2026) 
   restricted system commands enabled.
  
  luaotfload | db : Font names database not found, generating new one.
  luaotfload | db : This can take several minutes; please be patient.
finding package for epigraph.sty
> 1 package to install
> installing epigraph (1 of 1)
  This is LuaHBTeX, Version 1.24.0 (TeX Live 2026) 
   restricted system commands enabled.
  
finding package for nextpage.sty
> 1 package to install
> installing nextpage (1 of 1)
  This is LuaHBTeX, Version 1.24.0 (TeX Live 2026) 
   restricted system commands enabled.
  
running lualatex - 2
  This is LuaHBTeX, Version 1.24.0 (TeX Live 2026) 
   restricted system commands enabled.
  

Output created: example-latex.pdf

pandoc 
  to: >-
    commonmark+autolink_bare_uris+emoji+footnotes+gfm_auto_identifiers+pipe_tables+strikeout+task_lists+tex_math_dollars
  output-file: example.md
  standalone: true
  default-image-extension: png
  variables: {}
  
metadata
  engines:
    - path: /opt/quarto/share/extension-subtrees/julia-engine/_extensions/julia-engine/julia-engine.js
  title: Fancy epigraphs
  
Output created: example.md

pandoc 
  to: html
  output-file: example.html
  standalone: true
  section-divs: true
  html-math-method: mathjax
  wrap: none
  default-image-extension: png
  css:
    - _extensions/epigraph/epigraph.css
  variables: {}
  
metadata
  document-css: false
  link-citations: true
  date-format: long
  lang: en
  engines:
    - path: /opt/quarto/share/extension-subtrees/julia-engine/_extensions/julia-engine/julia-engine.js
  title: Fancy epigraphs
  
Output created: example.html

pandoc 
  to: latex
  output-file: example.tex
  standalone: true
  pdf-engine: lualatex
  variables:
    graphics: true
    tables: true
  default-image-extension: pdf
  
metadata
  documentclass: scrartcl
  classoption:
    - DIV=11
    - numbers=noendperiod
  papersize: letter
  header-includes:
    - \KOMAoption{captions}{tableheading}
  block-headings: true
  engines:
    - path: /opt/quarto/share/extension-subtrees/julia-engine/_extensions/julia-engine/julia-engine.js
  title: Fancy epigraphs
  

Rendering PDF
running lualatex - 1
  This is LuaHBTeX, Version 1.24.0 (TeX Live 2026) 
   restricted system commands enabled.
  
running lualatex - 2
  This is LuaHBTeX, Version 1.24.0 (TeX Live 2026) 
   restricted system commands enabled.
  

Output created: example.pdf

pandoc 
  to: typst
  output-file: example.typ
  standalone: true
  shift-heading-level-by: -1
  default-image-extension: svg
  wrap: none
  citeproc: false
  variables: {}
  
metadata
  engines:
    - path: /opt/quarto/share/extension-subtrees/julia-engine/_extensions/julia-engine/julia-engine.js
  title: Fancy epigraphs
  
WARN: typst-gather analyze failed; staging all packages as fallback
[typst]: Compiling example.typ to example.pdf...DONE

Output created: example-typst.pdf

pandoc 
  to: typst
  output-file: minimal-example.typ
  standalone: true
  shift-heading-level-by: -1
  default-image-extension: svg
  wrap: none
  citeproc: false
  variables: {}
  
metadata
  engines:
    - path: /opt/quarto/share/extension-subtrees/julia-engine/_extensions/julia-engine/julia-engine.js
  title: Fancy epigraphs
  
WARN: typst-gather analyze failed; staging all packages as fallback
[typst]: Compiling minimal-example.typ to minimal-example.pdf...error: Uncaught (in promise) TypeError: Writable stream is closed or errored.
      process4.stdin.close();
                     ^
    at writableStreamClose (ext:deno_web/06_streams.js:4352:7)
    at WritableStream.close (ext:deno_web/06_streams.js:6466:12)
    at execProcess (file:///opt/quarto/bin/quarto.js:7857:22)
    at eventLoopTick (ext:core/01_core.js:179:7)
    at async runAnalyze (file:///opt/quarto/bin/quarto.js:135839:19)
    at async analyzeNeededPackages (file:///opt/quarto/bin/quarto.js:135888:21)
    at async stageTypstPackages (file:///opt/quarto/bin/quarto.js:135939:26)
    at async Object.complete (file:///opt/quarto/bin/quarto.js:135977:27)
    at async file:///opt/quarto/bin/quarto.js:130926:23
    at async withTimingAsync (file:///opt/quarto/bin/quarto.js:15990:21)
    at async Object.complete (file:///opt/quarto/bin/quarto.js:130912:7)
    at async Object.onPostProcess (file:///opt/quarto/bin/quarto.js:136894:28)
    at async renderFileInternal (file:///opt/quarto/bin/quarto.js:136878:3)
    at async renderFiles (file:///opt/quarto/bin/quarto.js:136597:9)
    at async render (file:///opt/quarto/bin/quarto.js:142251:19)
    at async _Command.actionHandler (file:///opt/quarto/bin/quarto.js:142496:24)
    at async _Command.execute (file:///opt/quarto/bin/quarto.js:102027:7)
    at async _Command.parseCommand (file:///opt/quarto/bin/quarto.js:101904:14)
    at async quarto4 (file:///opt/quarto/bin/quarto.js:187717:5)
    at async file:///opt/quarto/bin/quarto.js:187746:5
    at async file:///opt/quarto/bin/quarto.js:187600:14
    at async mainRunner (file:///opt/quarto/bin/quarto.js:187602:5)
    at async file:///opt/quarto/bin/quarto.js:187739:3
Render failed, retrying once...
pandoc 
  to: typst
  output-file: minimal-example.typ
  standalone: true
  shift-heading-level-by: -1
  default-image-extension: svg
  wrap: none
  citeproc: false
  variables: {}
  
metadata
  engines:
    - path: /opt/quarto/share/extension-subtrees/julia-engine/_extensions/julia-engine/julia-engine.js
  title: Fancy epigraphs
  
WARN: typst-gather analyze failed; staging all packages as fallback
[typst]: Compiling minimal-example.typ to minimal-example.pdf...DONE

Output created: minimal-example.pdf

