pandoc 

  to: html
  output-file: example.html
  standalone: true
  section-divs: true
  html-math-method: mathjax
  wrap: none
  default-image-extension: png
  

metadata

  document-css: false
  link-citations: true
  date-format: long
  lang: en
  title: Unsplash Example
  

Error running filter 
/opt/quarto/share/filters/main.lua:
Could not fetch https://source.unsplash.com/random
HttpExceptionRequest Request {
  host                 = "source.unsplash.com"
  port                 = 443
  secure               = T
rue
  requestHeaders       = []
  path                 = "/random"
  queryS
tring          = ""
  method               = "GET"
  proxy        
        = Nothing
  rawBody              = False
  redirectCount    
    = 10
  responseTimeout      = ResponseTimeoutDefault
  reques
tVersion       = HTTP/1.1
  proxySecureMode      = 
ProxySecureWithConnect
}
 (StatusCodeExcep
tion (Response {responseStatus = Status {status
Code = 503, statusMessage = "Service Unavailable"}, respon
seVersion = HTTP/1.1, responseHeaders = [
("Cache-Control","no-cache, no-store")
,("Content-Type","text/html; charset
=utf-8"),("Nel","{\"report_to
\":\"heroku-nel\",\"response
_headers\":[\"Via\"],\"ma
x_age\":3600,\"success_fraction\":0.01,\"failure_fraction\":0.1}"),("Report-To","{\"group\":\"heroku-nel\",\"endpoints\":[{\"url\":\"https://nel.heroku.com/reports?s=VWTN5XkqY0iZ0PHvdVw4%2BLxZRpM4aS
m26MV8kenCB9E%3D\\u0026sid=af571f24-03ee-
46d1-9f90-ab9030c2c74c\\u00
26ts=1783892523\"}],\"max_
age\":3600}"),("Reporting
-Endpoints","heroku-nel=\"https:/
/nel.heroku.com/reports?s=
VWTN5XkqY0iZ0PHvdVw4%2BLx
ZRpM4aSm26MV8kenCB9E%3D&
sid=af571f24-03ee-46d1-9
f90-ab9030c2c74c&ts=178
3892523\""),("Server","
Heroku"),("Via","1.1 her
oku-router"),("Date","Su
n, 12 Jul 2026 21:42:03 G
MT"),("Content-Length",
"567")], responseBody = 
(), responseCookieJar = C
J {expose = []}, respon
seClose' = ResponseClose
, responseOriginalRequest =
 Request {
  host            
     = "source.unsplash.
com"
  port              
   = 443
  secure      
         = True
  reques
tHeaders       = []
  
path                 = "
/random"
  queryString          = ""

  method               = "
GET"
  proxy                = No
thing
  rawBody          
    = False
  redirectCo
unt        = 10
  responseTimeou
t      = ResponseTimeoutDefault

  requestVersion       = HTTP/1.1

  proxySecureMode      = 
ProxySecureWithConnect
}
, respons
eEarlyHints = []}) "<!DOCTYPE
 html>\n<html>\n  <head>\n    <
meta name=\"viewport\" co
ntent=\"width=device-wi
dth, initial-scale=1\">
\n    <meta charset=\"u
tf-8\">\n    <title>Appl
ication Error</title>\
n    <style media=\"scr
een\">\n      html,body
,iframe {\n        mar
gin: 0;\n        paddin
g: 0;\n      }\n\n      html,body {\n 
       height: 100%;\n       
 overflow: hidden;\n      }\n
\n      iframe {\n      
  width: 100%;\n       
 height: 100%;\n        
border: 0;\n      }\n  
  </style>\n  </head>\n
  <body>\n    <iframe sr
c=\"https://www.herokucd
n.com/error-pages/applicat
ion-error.html\"></ifram
e>\n  </body>\n</html>"
)
stack traceback:
	...
xtensions/test-14/repo/
_extensions/unsplash/unsplash.lua:179: in function <...xtensions/test-14/repo/_extensions/unsplash/unsplash.lua:41>
	(...tail calls...)
	[string
 "if pandoc.system.os == "mingw32" then...
"]:778: in function <[stri
ng "if pandoc.system.os =
= "mingw32" then..."]:7
76>
	(...tail calls...)
	
/opt/quarto/share/filte
rs/main.lua:21769: in up
value 'handle_shortcode
'
	/opt/quarto/share/fi
lters/main.lua:21834: in function 
</opt/q
uarto/share/fi
lters/main.lua:21826>
	[C]
: in ?
	[C]: in method '
walk'
	/opt/quarto/shar
e/pandoc/datadir/_utils.l
ua:607: in function '_u
tils.walk'
	/opt/quarto
/share/filters/main.lua:
574: in function </opt/q
uarto/share/filters/mai
n.lua:552>
	(...tail cal
ls...)
	/opt/quarto/sha
re/filters/main.lua:218
74: in field 'Pandoc'
	/o
pt/quarto/share/filters/m
ain.lua:588: in function 'run_em
ulated_filter'
	/opt/qua
rto/share/filters/main.l
ua:1317: in local 'callb
ack'
	/opt/quarto/share/f
ilters/main.lua:1335: in
 upvalue 'run_emulated_
filter_chain'
	/opt/quarto/sh
are/filters/main.lua:137
1: in function </opt/qu
arto/share/filters/main
.lua:1368>
stack traceb
ack:
	/opt/quarto/share
/pandoc/datadir/_utils.
lua:607: in function '_ut
ils.walk'
	/opt/quarto/share/filters/m
ain.lua:574: in function </opt/quart
o/share/filters/main.lua:
552>
	(...tail calls...)

	/opt/quarto/share/filters/main.
lua:21874: in field 'Pandoc'
	/
opt/quarto/share/filters
/main.lua:588: in funct
ion 'run_emulated_filt
er'
	/opt/quarto/share/f
ilters/main.lua:1317: i
n local 'callback'
	/o
pt/quarto/share/filters/
main.lua:1335: in upva
lue 'run_emulated_filte
r_chain'
	/opt/quarto/s
hare/filters/main.lua:1371: in 
function </opt/quarto/s
hare/filters/main.lua:1368>

(WARN) Error encountered when rendering files

