pandoc 

  to: latex
  output-file: template-cover-letter.tex
  template: _extensions/modern2-cover-letter/cover-letter-template.tex
  standalone: true
  pdf-engine: lualatex
  variables:
    graphics: true
    tables: true
  default-image-extension: pdf
  

metadata

  block-headings: true
  engines:
    - path: /opt/quarto/share/extension-subtrees/julia-engine/_extensions/julia-engine/julia-engine.js
  author: David Schoch
  date: today
  date-format: long
  cvfont: raleway
  cvcolor:
    main: B83B5E
    accent: 6A2C70
  title: Motivation letter
  sub-title: Application as Team Lead "Transparent Social Analytics"
  contact:
    street: First Street 1
    zip: 1234
    city: Some City
    phone: +1 2345 6789
    mail: some.mail@mailbox.com
  organization:
    contact-person: Big Boss
    name: Important Corporation
    street: Second Street 2
    zip: 1234
    city: Some City
  


Rendering PDF

running lualatex - 1

  This is LuaHBTeX, Version 1.24.0 (TeX Live 2026) 
   restricted system commands enabled.
  

updating tlmgr



updating existing packages

finding package for t1raleway(0).fd

(ERROR) 
compilation failed- no matching packages

Package babel Error: You haven't defined the language 'ngerman' yet.
(babel)                Perhaps you misspelled it or your installation
(babel)                is not complete.

See the babel package documentation for explanation.
Type  H <return>  for immediate help.
 ...                                              
                                                  
l.268 \begin{document}
                    



see template-cover-letter.log for more information.

(WARN) Error encountered when rendering files

