Cloning into 'repo'...

/usr/local/bin/tlmgr: TLPDB::from_file could not get texlive.tlpdb from: https://ctan.math.illinois.edu/systems/texlive/tlnet/tlpkg/texlive.tlpdb
Maybe the repository setting should be changed.
More info: https://tug.org/texlive/acquire.html
pandoc 
  to: docx
  output-file: example.docx
  default-image-extension: png
  variables: {}
  
metadata
  engines:
    - path: /opt/quarto/share/extension-subtrees/julia-engine/_extensions/julia-engine/julia-engine.js
  title: Speaker Notes Example
  
Output created: example.docx

pandoc 
  to: html
  output-file: example.html
  standalone: true
  section-divs: true
  html-math-method: mathjax
  wrap: none
  default-image-extension: png
  variables: {}
  
metadata
  document-css: false
  link-citations: true
  date-format: long
  lang: en
  engines:
    - path: /opt/quarto/share/extension-subtrees/julia-engine/_extensions/julia-engine/julia-engine.js
  title: Speaker Notes Example
  speakernotes:
    displayNotes: true
    borderColor: black
    backgroundColor: gray
    notesTitle: Mama
  
Output created: example.html

pandoc 
  to: odt
  output-file: example.odt
  default-image-extension: png
  variables: {}
  
metadata
  engines:
    - path: /opt/quarto/share/extension-subtrees/julia-engine/_extensions/julia-engine/julia-engine.js
  title: Speaker Notes Example
  speakernotes:
    displayNotes: true
    notesTitle: Notes in ODT format
  
Output created: example.odt

pandoc 
  to: latex
  output-file: example.tex
  standalone: true
  pdf-engine: lualatex
  variables:
    graphics: true
    tables: true
  default-image-extension: pdf
  
metadata
  documentclass: scrartcl
  classoption:
    - DIV=11
    - numbers=noendperiod
  papersize: letter
  header-includes:
    - \KOMAoption{captions}{tableheading}
  block-headings: true
  engines:
    - path: /opt/quarto/share/extension-subtrees/julia-engine/_extensions/julia-engine/julia-engine.js
  title: Speaker Notes Example
  speakernotes:
    displayNotes: true
    customStyle: |
      roundcorner=5pt,
      subtitlebelowline=true,
      subtitleaboveline=true,
      subtitlebackgroundcolor=yellow!70!white,
      backgroundcolor=blue!20!white,
      frametitle={Theorem},
      frametitlerule=true,
      frametitlebackgroundcolor=yellow!70!white,
  

Rendering PDF
running lualatex - 1
  This is LuaHBTeX, Version 1.24.0 (TeX Live 2026) 
   restricted system commands enabled.
  
updating tlmgr
