

processing file: template.qmd

1/7             

2/7 [cvevents]  

3/7             

4/7 [experience]

5/7             

6/7 [education] 

7/7             

output file: template.knit.md


pandoc 

  to: latex
  output-file: template.tex
  template: _extensions/modern-cv/template.tex
  standalone: true
  pdf-engine: lualatex
  variables:
    graphics: true
    tables: true
    quarto:
      language:
        toc-title-document: Table of contents
        toc-title-website: On this page
        related-formats-title: Other Formats
        related-notebooks-title: Notebooks
        source-notebooks-prefix: Source
        other-links-title: Other Links
        code-links-title: Code Links
        launch-dev-container-title: Launch Dev Container
        launch-binder-title: Launch Binder
        article-notebook-label: Article Notebook
        notebook-preview-download: Download Notebook
        notebook-preview-download-src: Download Source
        notebook-preview-back: Back to Article
        manuscript-meca-bundle: MECA Bundle
        section-title-abstract: Abstract
        section-title-appendices: Appendices
        section-title-footnotes: Footnotes
        section-title-references: References
        section-title-reuse: Reuse
        section-title-copyright: Copyright
        section-title-citation: Citation
        appendix-attribution-cite-as: 'For attribution, please cite this work as:'
        appendix-attribution-bibtex: 'BibTeX citation:'
        appendix-view-license: View License
        title-block-author-single: Author
        title-block-author-plural: Authors
        title-block-affiliation-single: Affiliation
        title-block-affiliation-plural: Affiliations
        title-block-published: Published
        title-block-modified: Modified
        title-block-keywords: Keywords
        callout-tip-title: Tip
        callout-note-title: Note
        callout-warning-title: Warning
        callout-important-title: Important
        callout-caution-title: Caution
        code-summary: Code
        code-tools-menu-caption: Code
        code-tools-show-all-code: Show All Code
        code-tools-hide-all-code: Hide All Code
        code-tools-view-source: View Source
        code-tools-source-code: Source Code
        tools-share: Share
        tools-download: Download
        code-line: Line
        code-lines: Lines
        copy-button-tooltip: Copy to Clipboard
        copy-button-tooltip-success: Copied!
        repo-action-links-edit: Edit this page
        repo-action-links-source: View source
        repo-action-links-issue: Report an issue
        back-to-top: Back to top
        search-no-results-text: No results
        search-matching-documents-text: matching documents
        search-copy-link-title: Copy link to search
        search-hide-matches-text: Hide additional matches
        search-more-match-text: more match in this document
        search-more-matches-text: more matches in this document
        search-clear-button-title: Clear
        search-text-placeholder: ''
        search-detached-cancel-button-title: Cancel
        search-submit-button-title: Submit
        search-label: Search
        toggle-section: Toggle section
        toggle-sidebar: Toggle sidebar navigation
        toggle-dark-mode: Toggle dark mode
        toggle-reader-mode: Toggle reader mode
        toggle-navigation: Toggle navigation
        crossref-fig-title: Figure
        crossref-tbl-title: Table
        crossref-lst-title: Listing
        crossref-thm-title: Theorem
        crossref-lem-title: Lemma
        crossref-cor-title: Corollary
        crossref-prp-title: Proposition
        crossref-cnj-title: Conjecture
        crossref-def-title: Definition
        crossref-exm-title: Example
        crossref-exr-title: Exercise
        crossref-ch-prefix: Chapter
        crossref-apx-prefix: Appendix
        crossref-sec-prefix: Section
        crossref-eq-prefix: Equation
        crossref-lof-title: List of Figures
        crossref-lot-title: List of Tables
        crossref-lol-title: List of Listings
        environment-proof-title: Proof
        environment-remark-title: Remark
        environment-solution-title: Solution
        listing-page-order-by: Order By
        listing-page-order-by-default: Default
        listing-page-order-by-date-asc: Oldest
        listing-page-order-by-date-desc: Newest
        listing-page-order-by-number-desc: High to Low
        listing-page-order-by-number-asc: Low to High
        listing-page-field-date: Date
        listing-page-field-title: Title
        listing-page-field-description: Description
        listing-page-field-author: Author
        listing-page-field-filename: File Name
        listing-page-field-filemodified: Modified
        listing-page-field-subtitle: Subtitle
        listing-page-field-readingtime: Reading Time
        listing-page-field-wordcount: Word Count
        listing-page-field-categories: Categories
        listing-page-minutes-compact: '{0} min'
        listing-page-category-all: All
        listing-page-no-matches: No matching items
        listing-page-words: '{0} words'
        listing-page-filter: Filter
        draft: Draft
  default-image-extension: pdf
  

metadata

  block-headings: true
  author: David Schoch
  title: R Developer
  tagline:
    field1: David Schoch
    field2: R Developer
    field3: Cologne, Germany
    colored: david@schochastics.net
    field5: Cologne, Germany
  cvfooter:
    left: mr.schochastics.net
    right: github.com/schochastics
  cvcolor: FF9600
  bgcolor: 616161
  cvfont: raleway
  cvmeta:
    - title: Status
      text: Team Lead for Transparent Social Analytics, GESIS
    - title: Field
      text: Software Engineering, Data Science
    - title: Techs
      text: R, bash, Python, javascript, Lua
  


Rendering PDF

running lualatex - 1

  This is LuaHBTeX, Version 1.24.0 (TeX Live 2026) 
   restricted system commands enabled.
  
  luaotfload | db : Font names database not found, generating new one.
  luaotfload | db : This can take several minutes; please be patient.

updating tlmgr



updating existing packages

finding package for xifthen.sty

> 1 package to install

> installing xifthen (1 of 1)

  This is LuaHBTeX, Version 1.24.0 (TeX Live 2026) 
   restricted system commands enabled.
  

finding package for ifmtarg.sty

> 1 package to install

> installing ifmtarg (1 of 1)

  This is LuaHBTeX, Version 1.24.0 (TeX Live 2026) 
   restricted system commands enabled.
  

finding package for t1raleway(0).fd

finding package for moresize.sty

> 1 package to install

> installing moresize (1 of 1)

  This is LuaHBTeX, Version 1.24.0 (TeX Live 2026) 
   restricted system commands enabled.
  
  kpathsea: Running mktexpk --mfmode / --bdpi 600 --mag 1+0/600 --dpi 600 ecrm1000
  mktexpk: Running mf-nowin -progname=mf \mode:=ljfour; mag:=1+0/600; nonstopmode; input ecrm1000
  This is METAFONT, Version 2.71828182 (TeX Live 2026) (preloaded base=mf)
  
  (/opt/tinytex/texmf-dist/fonts/source/jknappen/ec/ecrm1000.mf (/opt/tinytex/texmf-dist/fonts/source/jknappen/ec/exbase.mf) (/opt/tinytex/texmf-dist/fonts/source/jknappen/ec/ecrm.mf (/opt/tinytex/texmf-dist/fonts/source/jknappen/ec/exroman.mf
   Ok (/opt/tinytex/texmf-dist/fonts/source/jknappen/ec/exaccess.mf
   Ok) (/opt/tinytex/texmf-dist/fonts/source/jknappen/ec/expseudo.mf
   Ok) (/opt/tinytex/texmf-dist/fonts/source/jknappen/ec/exruwest.mf
   Ok [192] [193] [194] [195] [196] [197] [198] [199] [200] [201] [202] [203] [204] [205] [206] [207] [208] [209] [210] [211] [212] [213] [214] [215] [216] [217] [218] [219] [220] [221] [222] [223]) (/opt/tinytex/texmf-dist/fonts/source/jknappen/ec/exrlwest.mf
   Ok [224] [225] [226] [227] [228] [229] [230] [231] [232] [233] [234] [235] [236] [237] [238] [239] [240] [241] [242] [243] [244] [245] [246] [247] [248] [249] [250] [251] [252] [253] [254] [255]) (/opt/tinytex/texmf-dist/fonts/source/jknappen/ec/exrueast.mf
   Ok [128] [129] [130] [131] [132] [133] [134] [135] [136] [137] [138] [139] [140] [141] [142] [143] [144] [145] [146] [147] [148] [149] [150] [151] [152] [153] [154] [155] [156] [157]) (/opt/tinytex/texmf-dist/fonts/source/jknappen/ec/exrleast.mf
   Ok [158] [160] [161] [162] [163] [164] [165] [166] [167] [168] [169] [170] [171] [172] [173] [174] [175] [176] [177] [178] [179] [180] [181] [182] [183] [184] [185] [186] [187] [188]) (/opt/tinytex/texmf-dist/fonts/source/jknappen/ec/exbraces.mf
   Ok [94] [126] [23] [40] [41] [60] [124] [62] [91] [93] [92] [123] [125] [95] [127] [32]) (/opt/tinytex/texmf-dist/fonts/source/jknappen/ec/expunct.mf
   Ok [14] [15] [19] [20] [13] [18] [33] [39] [42] [43] [44] [46] [47] [58] [59] [61] [96] [189] [17] [45] [16] [21] [22]) (/opt/tinytex/texmf-dist/fonts/source/jknappen/ec/exaccent.mf
   Ok [0] [1] [2] [3] [4] [5] [6] [7] [8] [9] [10] [11] [12]) (/opt/tinytex/texmf-dist/fonts/source/jknappen/ec/exsign.mf
   Ok [24] [34] [35] [36] [37] [64] [191] [159]) (/opt/tinytex/texmf-dist/fonts/source/jknappen/ec/exrlig.mf
   Ok [25] [26] [28] [27] [29] [30] [31]) (/opt/tinytex/texmf-dist/fonts/source/jknappen/ec/exromp.mf
   Ok [38] [63] [190]) (/opt/tinytex/texmf-dist/fonts/source/jknappen/ec/exrulett.mf
   Ok [65] [66] [67] [68] [69] [70] [71] [72] [73] [74] [75] [76] [77] [78] [79] [80] [81] [82] [83] [84] [85] [86] [87] [88] [89] [90]) (/opt/tinytex/texmf-dist/fonts/source/jknappen/ec/exrllett.mf
   Ok [97] [98] [99] [100] [101] [102] [103] [104] [105] [106] [107] [108] [109] [110] [111] [112] [113] [114] [115] [116] [117] [118] [119] [120] [121] [122]) (/opt/tinytex/texmf-dist/fonts/source/jknappen/ec/exrdigit.mf
   Ok [48] [49] [50] [51] [52] [53] [54] [55] [56] [57]) (/opt/tinytex/texmf-dist/fonts/source/jknappen/ec/exrligtb.mf
   Ok) ) ) )
  (some charht values had to be adjusted by as much as 0.06586pt)
  Font metrics written on ecrm1000.tfm.
  Output written on ecrm1000.600gf (256 characters, 51184 bytes).
  Transcript written on ecrm1000.log.
  mktexpk: /tmp/texmf-var/fonts/pk/ljfour/jknappen/ec/ecrm1000.600pk: successfully generated.
  
  kpathsea: Running mktexpk --mfmode / --bdpi 600 --mag 1+0/600 --dpi 600 ecrm2986
  mktexpk: Running mf-nowin -progname=mf \mode:=ljfour; mag:=1+0/600; nonstopmode; input ecrm2986
  This is METAFONT, Version 2.71828182 (TeX Live 2026) (preloaded base=mf)
  
  (/opt/tinytex/texmf-dist/fonts/source/jknappen/ec/ecrm2986.mf (/opt/tinytex/texmf-dist/fonts/source/jknappen/ec/exbase.mf) (/opt/tinytex/texmf-dist/fonts/source/jknappen/ec/ecrm.mf (/opt/tinytex/texmf-dist/fonts/source/jknappen/ec/exroman.mf
   Ok (/opt/tinytex/texmf-dist/fonts/source/jknappen/ec/exaccess.mf
   Ok) (/opt/tinytex/texmf-dist/fonts/source/jknappen/ec/expseudo.mf
   Ok) (/opt/tinytex/texmf-dist/fonts/source/jknappen/ec/exruwest.mf
   Ok [192] [193] [194] [195] [196] [197] [198] [199] [200] [201] [202] [203] [204] [205] [206] [207] [208] [209] [210] [211] [212] [213] [214] [215] [216] [217] [218] [219] [220] [221] [222] [223]) (/opt/tinytex/texmf-dist/fonts/source/jknappen/ec/exrlwest.mf
   Ok [224] [225] [226] [227] [228] [229] [230] [231] [232] [233] [234] [235] [236] [237] [238] [239] [240] [241] [242] [243] [244] [245] [246] [247] [248] [249] [250] [251] [252] [253] [254] [255]) (/opt/tinytex/texmf-dist/fonts/source/jknappen/ec/exrueast.mf
   Ok [128] [129] [130] [131] [132] [133] [134] [135] [136] [137] [138] [139] [140] [141] [142] [143] [144] [145] [146] [147] [148] [149] [150] [151] [152] [153] [154] [155] [156] [157]) (/opt/tinytex/texmf-dist/fonts/source/jknappen/ec/exrleast.mf
   Ok [158] [160] [161] [162] [163] [164] [165] [166] [167] [168] [169] [170] [171] [172] [173] [174] [175] [176] [177] [178] [179] [180] [181] [182] [183] [184] [185] [186] [187] [188]) (/opt/tinytex/texmf-dist/fonts/source/jknappen/ec/exbraces.mf
   Ok [94] [126] [23] [40] [41] [60] [124] [62] [91] [93] [92] [123] [125] [95] [127] [32]) (/opt/tinytex/texmf-dist/fonts/source/jknappen/ec/expunct.mf
   Ok [14] [15] [19] [20] [13] [18] [33] [39] [42] [43] [44] [46] [47] [58] [59] [61] [96] [189] [17] [45] [16] [21] [22]) (/opt/tinytex/texmf-dist/fonts/source/jknappen/ec/exaccent.mf
   Ok [0] [1] [2] [3] [4] [5] [6] [7] [8] [9] [10] [11] [12]) (/opt/tinytex/texmf-dist/fonts/source/jknappen/ec/exsign.mf
   Ok [24] [34] [35] [36] [37] [64] [191] [159]) (/opt/tinytex/texmf-dist/fonts/source/jknappen/ec/exrlig.mf
   Ok [25] [26] [28] [27] [29] [30] [31]) (/opt/tinytex/texmf-dist/fonts/source/jknappen/ec/exromp.mf
   Ok [38] [63] [190]) (/opt/tinytex/texmf-dist/fonts/source/jknappen/ec/exrulett.mf
   Ok [65] [66] [67] [68] [69] [70] [71] [72] [73] [74] [75] [76] [77] [78] [79] [80] [81] [82] [83] [84] [85] [86] [87] [88] [89] [90]) (/opt/tinytex/texmf-dist/fonts/source/jknappen/ec/exrllett.mf
   Ok [97] [98] [99] [100] [101] [102] [103] [104] [105] [106] [107] [108] [109] [110] [111] [112] [113] [114] [115] [116] [117] [118] [119] [120] [121] [122]) (/opt/tinytex/texmf-dist/fonts/source/jknappen/ec/exrdigit.mf
   Ok [48] [49] [50] [51] [52] [53] [54] [55] [56] [57]) (/opt/tinytex/texmf-dist/fonts/source/jknappen/ec/exrligtb.mf
   Ok) ) ) )
  (some charht values had to be adjusted by as much as 0.18915pt)
  Font metrics written on ecrm2986.tfm.
  Output written on ecrm2986.600gf (256 characters, 151056 bytes).
  Transcript written on ecrm2986.log.
  mktexpk: /tmp/texmf-var/fonts/pk/ljfour/jknappen/ec/ecrm2986.600pk: successfully generated.
  
  kpathsea: Running mktexpk --mfmode / --bdpi 600 --mag 1+0/600 --dpi 600 ecrm0900
  mktexpk: Running mf-nowin -progname=mf \mode:=ljfour; mag:=1+0/600; nonstopmode; input ecrm0900
  This is METAFONT, Version 2.71828182 (TeX Live 2026) (preloaded base=mf)
  
  (/opt/tinytex/texmf-dist/fonts/source/jknappen/ec/ecrm0900.mf (/opt/tinytex/texmf-dist/fonts/source/jknappen/ec/exbase.mf) (/opt/tinytex/texmf-dist/fonts/source/jknappen/ec/ecrm.mf (/opt/tinytex/texmf-dist/fonts/source/jknappen/ec/exroman.mf
   Ok (/opt/tinytex/texmf-dist/fonts/source/jknappen/ec/exaccess.mf
   Ok) (/opt/tinytex/texmf-dist/fonts/source/jknappen/ec/expseudo.mf
   Ok) (/opt/tinytex/texmf-dist/fonts/source/jknappen/ec/exruwest.mf
   Ok [192] [193] [194] [195] [196] [197] [198] [199] [200] [201] [202] [203] [204] [205] [206] [207] [208] [209] [210] [211] [212] [213] [214] [215] [216] [217] [218] [219] [220] [221] [222] [223]) (/opt/tinytex/texmf-dist/fonts/source/jknappen/ec/exrlwest.mf
   Ok [224] [225] [226] [227] [228] [229] [230] [231] [232] [233] [234] [235] [236] [237] [238] [239] [240] [241] [242] [243] [244] [245] [246] [247] [248] [249] [250] [251] [252] [253] [254] [255]) (/opt/tinytex/texmf-dist/fonts/source/jknappen/ec/exrueast.mf
   Ok [128] [129] [130] [131] [132] [133] [134] [135] [136] [137] [138] [139] [140] [141] [142] [143] [144] [145] [146] [147] [148] [149] [150] [151] [152] [153] [154] [155] [156] [157]) (/opt/tinytex/texmf-dist/fonts/source/jknappen/ec/exrleast.mf
   Ok [158] [160] [161] [162] [163] [164] [165] [166] [167] [168] [169] [170] [171] [172] [173] [174] [175] [176] [177] [178] [179] [180] [181] [182] [183] [184] [185] [186] [187] [188]) (/opt/tinytex/texmf-dist/fonts/source/jknappen/ec/exbraces.mf
   Ok [94] [126] [23] [40] [41] [60] [124] [62] [91] [93] [92] [123] [125] [95] [127] [32]) (/opt/tinytex/texmf-dist/fonts/source/jknappen/ec/expunct.mf
   Ok [14] [15] [19] [20] [13] [18] [33] [39] [42] [43] [44] [46] [47] [58] [59] [61] [96] [189] [17] [45] [16] [21] [22]) (/opt/tinytex/texmf-dist/fonts/source/jknappen/ec/exaccent.mf
   Ok [0] [1] [2] [3] [4] [5] [6] [7] [8] [9] [10] [11] [12]) (/opt/tinytex/texmf-dist/fonts/source/jknappen/ec/exsign.mf
   Ok [24] [34] [35] [36] [37] [64] [191] [159]) (/opt/tinytex/texmf-dist/fonts/source/jknappen/ec/exrlig.mf
   Ok [25] [26] [28] [27] [29] [30] [31]) (/opt/tinytex/texmf-dist/fonts/source/jknappen/ec/exromp.mf
   Ok [38] [63] [190]) (/opt/tinytex/texmf-dist/fonts/source/jknappen/ec/exrulett.mf
   Ok [65] [66] [67] [68] [69] [70] [71] [72] [73] [74] [75] [76] [77] [78] [79] [80] [81] [82] [83] [84] [85] [86] [87] [88] [89] [90]) (/opt/tinytex/texmf-dist/fonts/source/jknappen/ec/exrllett.mf
   Ok [97] [98] [99] [100] [101] [102] [103] [104] [105] [106] [107] [108] [109] [110] [111] [112] [113] [114] [115] [116] [117] [118] [119] [120] [121] [122]) (/opt/tinytex/texmf-dist/fonts/source/jknappen/ec/exrdigit.mf
   Ok [48] [49] [50] [51] [52] [53] [54] [55] [56] [57]) (/opt/tinytex/texmf-dist/fonts/source/jknappen/ec/exrligtb.mf
   Ok) ) ) )
  (some charht values had to be adjusted by as much as 0.07498pt)
  Font metrics written on ecrm0900.tfm.
  Output written on ecrm0900.600gf (256 characters, 46448 bytes).
  Transcript written on ecrm0900.log.
  mktexpk: /tmp/texmf-var/fonts/pk/ljfour/jknappen/ec/ecrm0900.600pk: successfully generated.
  

running lualatex - 2

  This is LuaHBTeX, Version 1.24.0 (TeX Live 2026) 
   restricted system commands enabled.
  



Output created: template.pdf


