Cloning into 'repo'...
pandoc 
  to: html
  output-file: minimal_example.html
  standalone: true
  section-divs: true
  html-math-method: mathjax
  wrap: none
  default-image-extension: png
  number-sections: true
  variables: {}
  
metadata
  document-css: false
  link-citations: true
  date-format: long
  lang: en
  engines:
    - path: /opt/quarto/share/extension-subtrees/julia-engine/_extensions/julia-engine/julia-engine.js
  title: Using nameref
  nameref:
    section-number: true
  
Output created: minimal_example.html



processing file: numbered_example.qmd
1/5                  
Error in loadNamespace(x) : there is no package called 'stringi'
Calls: .main ... loadNamespace -> withRestarts -> withOneRestart -> doWithOneRestart

Quitting from numbered_example.qmd:18-18
Execution halted
WARN: Error encountered when rendering files
Render failed, retrying once...


processing file: numbered_example.qmd
1/5                  
Error in loadNamespace(x) : there is no package called 'stringi'
Calls: .main ... loadNamespace -> withRestarts -> withOneRestart -> doWithOneRestart

Quitting from numbered_example.qmd:18-18
Execution halted
WARN: Error encountered when rendering files
