Cloning into 'repo'...
/usr/local/bin/tlmgr: open(>/opt/tinytex/tlpkg/texlive.tlpdb.tmp) failed: Permission denied at /opt/tinytex/tlpkg/TeXLive/TLPDB.pm line 611.
CTAN mirror https://ctan.math.utah.edu/ctan/tex-archive/systems/texlive/tlnet failed, trying next...
/usr/local/bin/tlmgr: open(>/opt/tinytex/tlpkg/texlive.tlpdb.tmp) failed: Permission denied at /opt/tinytex/tlpkg/TeXLive/TLPDB.pm line 611.
CTAN mirror https://ctan.math.illinois.edu/systems/texlive/tlnet failed, trying next...
/usr/local/bin/tlmgr: open(>/opt/tinytex/tlpkg/texlive.tlpdb.tmp) failed: Permission denied at /opt/tinytex/tlpkg/TeXLive/TLPDB.pm line 611.
CTAN mirror https://mirrors.rit.edu/CTAN/systems/texlive/tlnet failed, trying next...
/usr/local/bin/tlmgr: open(>/opt/tinytex/tlpkg/texlive.tlpdb.tmp) failed: Permission denied at /opt/tinytex/tlpkg/TeXLive/TLPDB.pm line 611.
CTAN mirror https://mirror.ctan.org/systems/texlive/tlnet failed, trying next...
All CTAN mirrors failed. LaTeX packages may not install.
pandoc 
  to: html
  output-file: template.html
  standalone: true
  section-divs: true
  html-math-method: mathjax
  wrap: none
  default-image-extension: png
  number-sections: true
  toc: true
  variables: {}
  
metadata
  document-css: false
  link-citations: true
  date-format: long
  lang: en
  knitr:
    opts_chunk:
      echo: false
  csl: _extensions/agu/american-geophysical-union.csl
  engines:
    - path: /opt/quarto/share/extension-subtrees/julia-engine/_extensions/julia-engine/julia-engine.js
  title: Preparing your manuscript
  author:
    - name: Michael J Mahoney
      affiliations:
        - name: State University of New York College of Environmental Science and Forestry
          department: Graduate Program in Environmental Science
          address: 1 Forestry Drive
          city: Syracuse
          region: NY
          country: USA
          postal-code: 13210
      orcid: 0000-0003-2402-304X
      email: fake_email@fakeyfake.com
      url: https://mm218.dev
      acknowledgements: Translated template to Quarto.
    - name: Charles Teague
      affiliations:
        - name: Posit, PBC
          address: 250 Northern Ave
          city: Boston
          region: Massachusetts
          country: USA
          postal-code: 2210
      corresponding: true
      orcid: 0000-0001-8715-9476
      email: charles@posit.co
  abstract: |
    The abstract (1) states the nature of the investigation and (2) summarizes the important conclusions. The abstract should be suitable for indexing. Your abstract should:
  
      - Be set as a single paragraph.
      - Be less than 250 words for all journals except GRL, for which the limit is 150 words.
      - Not include table or figure mentions.
      - Avoid reference citations unless dependent on or directly related to another paper (e.g., companion, comment, reply, or commentary on another paper(s)). AGU’s Style Guide discusses formatting citations in abstracts.
      - Define all abbreviations.
  plain-language-summary: |
    A Plain Language Summary (PLS) can be an incredibly effective science communication tool. By summarizing your paper in non-technical terms, you can explain your research and its relevance to a much broader audience. A PLS is required for submissions to AGU Advances, G-Cubed, GeoHealth, GRL, JAMES, JGR: Biogeosciences, JGR: Oceans, JGR: Planets, JGR: Solid Earth, JGR: Atmospheres, Space Weather, and Reviews of Geophysics, but optional for other journals.  A PLS should be no longer than 200 words and should be free of jargon, acronyms, equations, and any technical information that would be unknown to people from outside your scientific discipline. Read our tips for creating an effective PLS.
  keywords: []
  key-points:
    - Key Points convey the main points and conclusions of the article.
    - Up to three key point statements are allowed, and each is limited to at most 140 characters with no abbreviations.
    - Key Points are not included in the word count.
  bibliography:
    - bibliography.bib
  citation:
    container-title: Geophysical Research Letters
  date: last-modified
  
Output created: template.html

pandoc 
  to: latex
  output-file: template.tex
  standalone: true
  shift-heading-level-by: -1
  pdf-engine: lualatex
  variables:
    graphics: true
    tables: true
  default-image-extension: pdf
  number-sections: true
  
metadata
  block-headings: true
  knitr:
    opts_chunk:
      echo: false
  csl: _extensions/agu/american-geophysical-union.csl
  documentclass: agujournal2019
  classoptions: draft
  header-includes:
    - |
      \usepackage{url} %this package should fix any errors with URLs in refs.
      \usepackage{lineno}
      \usepackage[inline]{trackchanges} %for better track changes. finalnew option will compile document with changes incorporated.
      \usepackage{soul}
      \linenumbers
  engines:
    - path: /opt/quarto/share/extension-subtrees/julia-engine/_extensions/julia-engine/julia-engine.js
  title: Preparing your manuscript
  author:
    - name: Michael J Mahoney
      affiliations:
        - name: State University of New York College of Environmental Science and Forestry
          department: Graduate Program in Environmental Science
          address: 1 Forestry Drive
          city: Syracuse
          region: NY
          country: USA
          postal-code: 13210
      orcid: 0000-0003-2402-304X
      email: fake_email@fakeyfake.com
      url: https://mm218.dev
      acknowledgements: Translated template to Quarto.
    - name: Charles Teague
      affiliations:
        - name: Posit, PBC
          address: 250 Northern Ave
          city: Boston
          region: Massachusetts
          country: USA
          postal-code: 2210
      corresponding: true
      orcid: 0000-0001-8715-9476
      email: charles@posit.co
  abstract: |
    The abstract (1) states the nature of the investigation and (2) summarizes the important conclusions. The abstract should be suitable for indexing. Your abstract should:
  
      - Be set as a single paragraph.
      - Be less than 250 words for all journals except GRL, for which the limit is 150 words.
      - Not include table or figure mentions.
      - Avoid reference citations unless dependent on or directly related to another paper (e.g., companion, comment, reply, or commentary on another paper(s)). AGU’s Style Guide discusses formatting citations in abstracts.
      - Define all abbreviations.
  plain-language-summary: |
    A Plain Language Summary (PLS) can be an incredibly effective science communication tool. By summarizing your paper in non-technical terms, you can explain your research and its relevance to a much broader audience. A PLS is required for submissions to AGU Advances, G-Cubed, GeoHealth, GRL, JAMES, JGR: Biogeosciences, JGR: Oceans, JGR: Planets, JGR: Solid Earth, JGR: Atmospheres, Space Weather, and Reviews of Geophysics, but optional for other journals.  A PLS should be no longer than 200 words and should be free of jargon, acronyms, equations, and any technical information that would be unknown to people from outside your scientific discipline. Read our tips for creating an effective PLS.
  keywords: []
  key-points:
    - Key Points convey the main points and conclusions of the article.
    - Up to three key point statements are allowed, and each is limited to at most 140 characters with no abbreviations.
    - Key Points are not included in the word count.
  bibliography:
    - bibliography.bib
  citation:
    container-title: Geophysical Research Letters
  date: last-modified
  

Rendering PDF
running lualatex - 1
  This is LuaHBTeX, Version 1.24.0 (TeX Live 2026) 
   restricted system commands enabled.
  
updating tlmgr

updating existing packages
finding package for lineno.sty
> 1 package to install
> installing lineno (1 of 1)
WARN: Error encountered when rendering files
ERROR: tlmgr returned a non zero status code
You don't have permission to change the installation in any way,
specifically, the directory /opt/tinytex/tlpkg/ is not writable.
Please run this program as administrator, or contact your local admin.
tlmgr: An error has occurred. See above messages. Exiting.


Stack trace:
    at renderFiles (file:///opt/quarto/bin/quarto.js:136533:49)
    at eventLoopTick (ext:core/01_core.js:179:7)
    at async render (file:///opt/quarto/bin/quarto.js:142161:19)
    at async _Command.actionHandler (file:///opt/quarto/bin/quarto.js:142406:24)
    at async _Command.execute (file:///opt/quarto/bin/quarto.js:102029:7)
    at async _Command.parseCommand (file:///opt/quarto/bin/quarto.js:101906:14)
    at async quarto4 (file:///opt/quarto/bin/quarto.js:187554:5)
    at async file:///opt/quarto/bin/quarto.js:187582:5
    at async file:///opt/quarto/bin/quarto.js:187437:14
    at async mainRunner (file:///opt/quarto/bin/quarto.js:187439:5)
    at async file:///opt/quarto/bin/quarto.js:187575:3
Render failed, retrying once...
pandoc 
  to: latex
  output-file: template.tex
  standalone: true
  shift-heading-level-by: -1
  pdf-engine: lualatex
  variables:
    graphics: true
    tables: true
  default-image-extension: pdf
  number-sections: true
  
metadata
  block-headings: true
  knitr:
    opts_chunk:
      echo: false
  csl: _extensions/agu/american-geophysical-union.csl
  documentclass: agujournal2019
  classoptions: draft
  header-includes:
    - |
      \usepackage{url} %this package should fix any errors with URLs in refs.
      \usepackage{lineno}
      \usepackage[inline]{trackchanges} %for better track changes. finalnew option will compile document with changes incorporated.
      \usepackage{soul}
      \linenumbers
  engines:
    - path: /opt/quarto/share/extension-subtrees/julia-engine/_extensions/julia-engine/julia-engine.js
  title: Preparing your manuscript
  author:
    - name: Michael J Mahoney
      affiliations:
        - name: State University of New York College of Environmental Science and Forestry
          department: Graduate Program in Environmental Science
          address: 1 Forestry Drive
          city: Syracuse
          region: NY
          country: USA
          postal-code: 13210
      orcid: 0000-0003-2402-304X
      email: fake_email@fakeyfake.com
      url: https://mm218.dev
      acknowledgements: Translated template to Quarto.
    - name: Charles Teague
      affiliations:
        - name: Posit, PBC
          address: 250 Northern Ave
          city: Boston
          region: Massachusetts
          country: USA
          postal-code: 2210
      corresponding: true
      orcid: 0000-0001-8715-9476
      email: charles@posit.co
  abstract: |
    The abstract (1) states the nature of the investigation and (2) summarizes the important conclusions. The abstract should be suitable for indexing. Your abstract should:
  
      - Be set as a single paragraph.
      - Be less than 250 words for all journals except GRL, for which the limit is 150 words.
      - Not include table or figure mentions.
      - Avoid reference citations unless dependent on or directly related to another paper (e.g., companion, comment, reply, or commentary on another paper(s)). AGU’s Style Guide discusses formatting citations in abstracts.
      - Define all abbreviations.
  plain-language-summary: |
    A Plain Language Summary (PLS) can be an incredibly effective science communication tool. By summarizing your paper in non-technical terms, you can explain your research and its relevance to a much broader audience. A PLS is required for submissions to AGU Advances, G-Cubed, GeoHealth, GRL, JAMES, JGR: Biogeosciences, JGR: Oceans, JGR: Planets, JGR: Solid Earth, JGR: Atmospheres, Space Weather, and Reviews of Geophysics, but optional for other journals.  A PLS should be no longer than 200 words and should be free of jargon, acronyms, equations, and any technical information that would be unknown to people from outside your scientific discipline. Read our tips for creating an effective PLS.
  keywords: []
  key-points:
    - Key Points convey the main points and conclusions of the article.
    - Up to three key point statements are allowed, and each is limited to at most 140 characters with no abbreviations.
    - Key Points are not included in the word count.
  bibliography:
    - bibliography.bib
  citation:
    container-title: Geophysical Research Letters
  date: last-modified
  

Rendering PDF
running lualatex - 1
  This is LuaHBTeX, Version 1.24.0 (TeX Live 2026) 
   restricted system commands enabled.
  
updating tlmgr

updating existing packages
finding package for lineno.sty
> 1 package to install
> installing lineno (1 of 1)
WARN: Error encountered when rendering files
ERROR: tlmgr returned a non zero status code
You don't have permission to change the installation in any way,
specifically, the directory /opt/tinytex/tlpkg/ is not writable.
Please run this program as administrator, or contact your local admin.
tlmgr: An error has occurred. See above messages. Exiting.


Stack trace:
    at renderFiles (file:///opt/quarto/bin/quarto.js:136533:49)
    at eventLoopTick (ext:core/01_core.js:179:7)
    at async render (file:///opt/quarto/bin/quarto.js:142161:19)
    at async _Command.actionHandler (file:///opt/quarto/bin/quarto.js:142406:24)
    at async _Command.execute (file:///opt/quarto/bin/quarto.js:102029:7)
    at async _Command.parseCommand (file:///opt/quarto/bin/quarto.js:101906:14)
    at async quarto4 (file:///opt/quarto/bin/quarto.js:187554:5)
    at async file:///opt/quarto/bin/quarto.js:187582:5
    at async file:///opt/quarto/bin/quarto.js:187437:14
    at async mainRunner (file:///opt/quarto/bin/quarto.js:187439:5)
    at async file:///opt/quarto/bin/quarto.js:187575:3
