Cloning into 'repo'...
Installing package into '/home/runner/work/quarto-extensions/quarto-extensions/test-9/R/x86_64-pc-linux-gnu-library/4.5'
(as 'lib' is unspecified)
trying URL 'https://packagemanager.posit.co/cran/__linux__/jammy/latest/src/contrib/renv_1.1.8.tar.gz'
Content type 'binary/octet-stream' length 2336300 bytes (2.2 MB)
==================================================
downloaded 2.2 MB

* installing *binary* package 'renv' ...
* DONE (renv)

The downloaded source packages are in
	'/tmp/Rtmp2yS3Jn/downloaded_packages'
The R temporary directory appears to be within a folder mounted as 'noexec'.
Installation of R packages from sources may fail.
See the section **Note** within `?INSTALL` for more details.

tempdir(): /tmp/Rtmp2yS3Jn
/usr/local/bin/tlmgr: open(>/opt/tinytex/tlpkg/texlive.tlpdb.tmp) failed: Permission denied at /opt/tinytex/tlpkg/TeXLive/TLPDB.pm line 611.
CTAN mirror https://ctan.math.utah.edu/ctan/tex-archive/systems/texlive/tlnet failed, trying next...
/usr/local/bin/tlmgr: open(>/opt/tinytex/tlpkg/texlive.tlpdb.tmp) failed: Permission denied at /opt/tinytex/tlpkg/TeXLive/TLPDB.pm line 611.
CTAN mirror https://ctan.math.illinois.edu/systems/texlive/tlnet failed, trying next...
/usr/local/bin/tlmgr: open(>/opt/tinytex/tlpkg/texlive.tlpdb.tmp) failed: Permission denied at /opt/tinytex/tlpkg/TeXLive/TLPDB.pm line 611.
CTAN mirror https://mirrors.rit.edu/CTAN/systems/texlive/tlnet failed, trying next...
/usr/local/bin/tlmgr: open(>/opt/tinytex/tlpkg/texlive.tlpdb.tmp) failed: Permission denied at /opt/tinytex/tlpkg/TeXLive/TLPDB.pm line 611.
CTAN mirror https://mirror.ctan.org/systems/texlive/tlnet failed, trying next...
All CTAN mirrors failed. LaTeX packages may not install.


processing file: template.qmd
1/5           
2/5 [fig-test]
3/5           
4/5 [tbl-test]
5/5           
output file: template.knit.md

pandoc 
  to: latex
  output-file: template.tex
  template: _extensions/mdpi/template_mdpicompat.tex
  standalone: true
  pdf-engine: lualatex
  variables:
    graphics: true
    tables: true
  default-image-extension: pdf
  toc: false
  cite-method: natbib
  
metadata
  block-headings: true
  engines:
    - path: /opt/quarto/share/extension-subtrees/julia-engine/_extensions/julia-engine/julia-engine.js
  title: Mdpi Template
  runningtitle: MDPI-quarto
  mdpi_journal: behavsci
  article_type: article
  article_status: submit
  author:
    - name: Mehmet Mehmetoglu
      corresponding: true
      orcid: 0000-0002-6092-8551
      email: mehmet.mehmetoglu@ntnu.no
      role:
        - Conceptualization
        - Project administration
        - Investigation
        - Supervision
        - Methodology
        - Formal analysis
        - Writing - review and editing
      affiliations:
        - name: Norwegian University of Science and Technology
          department: Institute for Psychology
          id: 1
          address: 1 Edvards Bull veg
          postal-code: 7049
          city: Trondheim
          country: Norway
    - name: Ilmari Määttänen
      orcid: 0000-0003-3149-6099
      role:
        - Conceptualization
        - Project administration
        - Investigation
        - Supervision
        - Methodology
        - Formal analysis
        - Writing - review and editing
      affiliations:
        - name: University of Helsinki
          id: 2
          department: Department of Psychology and Logopedics
          city: Helsinki
          country: Finland
    - name: Matthias Mittner
      orcid: 0000-0003-0205-7353
      role:
        - Conceptualization
        - Project administration
        - Investigation
        - Supervision
        - Methodology
        - Formal analysis
        - Writing - review and editing
      affiliations:
        - ref: 1
        - name: UiT - The Arctic University of Norway
          id: 3
          department: Institute for Psychology
          city: Tromsø
          country: Norway
  fundingstatement: |
    This research was funded by the Norwegian Research Council under grant number 123456.
  institutionalreview: |
    The study was conducted in accordance with the Declaration of Helsinki, and approved by the Ethics Committee of UiT - The Arctic University of Norway (protocol code 14/23 and 07.08.2023).
  informedconsent: |
    Informed consent was obtained from all subjects involved in the study.
  dataavailability: |
    The data presented in this study are publicly available at the Open Science Framework <https://osf.io/ak76r/>.
  acknowledgements: |
    Thanks to our good friend, the late Professor John Doe, for his valuable comments on an earlier version of this manuscript.
  conflictsofinterest: |
    The authors declare no conflict of interest.
  abstract: |
    This document is a template demonstrating the Mdpi format.
    Lorem ipsum dolor sit amet, consectetur adipiscing elit, sed do eiusmod tempor incididunt ut labore et dolore magna aliqua. Ut enim ad minim veniam, quis nostrud exercitation ullamco laboris nisi ut aliquip ex ea commodo consequat. Duis aute irure dolor in reprehenderit in voluptate velit esse cillum dolore eu fugiat nulla pariatur. Excepteur sint occaecat cupidatat non proident, sunt in culpa qui officia deserunt mollit anim id est laborum.
  keywords:
    - template
    - demo
  bibliography:
    - bibliography.bib
  

Rendering PDF
running lualatex - 1
  This is LuaHBTeX, Version 1.24.0 (TeX Live 2026) 
   restricted system commands enabled.
  
  luaotfload | db : Font names database not found, generating new one.
  luaotfload | db : This can take several minutes; please be patient.
updating tlmgr

updating existing packages
finding package for lastpage.sty
> 1 package to install
> installing lastpage (1 of 1)
WARN: Error encountered when rendering files
ERROR: tlmgr returned a non zero status code
You don't have permission to change the installation in any way,
specifically, the directory /opt/tinytex/tlpkg/ is not writable.
Please run this program as administrator, or contact your local admin.
tlmgr: An error has occurred. See above messages. Exiting.


Stack trace:
    at renderFiles (file:///opt/quarto/bin/quarto.js:136533:49)
    at eventLoopTick (ext:core/01_core.js:179:7)
    at async render (file:///opt/quarto/bin/quarto.js:142161:19)
    at async _Command.actionHandler (file:///opt/quarto/bin/quarto.js:142406:24)
    at async _Command.execute (file:///opt/quarto/bin/quarto.js:102029:7)
    at async _Command.parseCommand (file:///opt/quarto/bin/quarto.js:101906:14)
    at async quarto4 (file:///opt/quarto/bin/quarto.js:187554:5)
    at async file:///opt/quarto/bin/quarto.js:187582:5
    at async file:///opt/quarto/bin/quarto.js:187437:14
    at async mainRunner (file:///opt/quarto/bin/quarto.js:187439:5)
    at async file:///opt/quarto/bin/quarto.js:187575:3
Render failed, retrying once...


processing file: template.qmd
1/5           
2/5 [fig-test]
3/5           
4/5 [tbl-test]
5/5           
output file: template.knit.md

pandoc 
  to: latex
  output-file: template.tex
  template: _extensions/mdpi/template_mdpicompat.tex
  standalone: true
  pdf-engine: lualatex
  variables:
    graphics: true
    tables: true
  default-image-extension: pdf
  toc: false
  cite-method: natbib
  
metadata
  block-headings: true
  engines:
    - path: /opt/quarto/share/extension-subtrees/julia-engine/_extensions/julia-engine/julia-engine.js
  title: Mdpi Template
  runningtitle: MDPI-quarto
  mdpi_journal: behavsci
  article_type: article
  article_status: submit
  author:
    - name: Mehmet Mehmetoglu
      corresponding: true
      orcid: 0000-0002-6092-8551
      email: mehmet.mehmetoglu@ntnu.no
      role:
        - Conceptualization
        - Project administration
        - Investigation
        - Supervision
        - Methodology
        - Formal analysis
        - Writing - review and editing
      affiliations:
        - name: Norwegian University of Science and Technology
          department: Institute for Psychology
          id: 1
          address: 1 Edvards Bull veg
          postal-code: 7049
          city: Trondheim
          country: Norway
    - name: Ilmari Määttänen
      orcid: 0000-0003-3149-6099
      role:
        - Conceptualization
        - Project administration
        - Investigation
        - Supervision
        - Methodology
        - Formal analysis
        - Writing - review and editing
      affiliations:
        - name: University of Helsinki
          id: 2
          department: Department of Psychology and Logopedics
          city: Helsinki
          country: Finland
    - name: Matthias Mittner
      orcid: 0000-0003-0205-7353
      role:
        - Conceptualization
        - Project administration
        - Investigation
        - Supervision
        - Methodology
        - Formal analysis
        - Writing - review and editing
      affiliations:
        - ref: 1
        - name: UiT - The Arctic University of Norway
          id: 3
          department: Institute for Psychology
          city: Tromsø
          country: Norway
  fundingstatement: |
    This research was funded by the Norwegian Research Council under grant number 123456.
  institutionalreview: |
    The study was conducted in accordance with the Declaration of Helsinki, and approved by the Ethics Committee of UiT - The Arctic University of Norway (protocol code 14/23 and 07.08.2023).
  informedconsent: |
    Informed consent was obtained from all subjects involved in the study.
  dataavailability: |
    The data presented in this study are publicly available at the Open Science Framework <https://osf.io/ak76r/>.
  acknowledgements: |
    Thanks to our good friend, the late Professor John Doe, for his valuable comments on an earlier version of this manuscript.
  conflictsofinterest: |
    The authors declare no conflict of interest.
  abstract: |
    This document is a template demonstrating the Mdpi format.
    Lorem ipsum dolor sit amet, consectetur adipiscing elit, sed do eiusmod tempor incididunt ut labore et dolore magna aliqua. Ut enim ad minim veniam, quis nostrud exercitation ullamco laboris nisi ut aliquip ex ea commodo consequat. Duis aute irure dolor in reprehenderit in voluptate velit esse cillum dolore eu fugiat nulla pariatur. Excepteur sint occaecat cupidatat non proident, sunt in culpa qui officia deserunt mollit anim id est laborum.
  keywords:
    - template
    - demo
  bibliography:
    - bibliography.bib
  

Rendering PDF
running lualatex - 1
  This is LuaHBTeX, Version 1.24.0 (TeX Live 2026) 
   restricted system commands enabled.
  
updating tlmgr

updating existing packages
finding package for lastpage.sty
> 1 package to install
> installing lastpage (1 of 1)
WARN: Error encountered when rendering files
ERROR: tlmgr returned a non zero status code
You don't have permission to change the installation in any way,
specifically, the directory /opt/tinytex/tlpkg/ is not writable.
Please run this program as administrator, or contact your local admin.
tlmgr: An error has occurred. See above messages. Exiting.


Stack trace:
    at renderFiles (file:///opt/quarto/bin/quarto.js:136533:49)
    at eventLoopTick (ext:core/01_core.js:179:7)
    at async render (file:///opt/quarto/bin/quarto.js:142161:19)
    at async _Command.actionHandler (file:///opt/quarto/bin/quarto.js:142406:24)
    at async _Command.execute (file:///opt/quarto/bin/quarto.js:102029:7)
    at async _Command.parseCommand (file:///opt/quarto/bin/quarto.js:101906:14)
    at async quarto4 (file:///opt/quarto/bin/quarto.js:187554:5)
    at async file:///opt/quarto/bin/quarto.js:187582:5
    at async file:///opt/quarto/bin/quarto.js:187437:14
    at async mainRunner (file:///opt/quarto/bin/quarto.js:187439:5)
    at async file:///opt/quarto/bin/quarto.js:187575:3
