Cloning into 'repo'...
Warning message:
In yaml::yaml.load(string = text, eval.expr = FALSE, handlers = list(r = function(yaml) { :
  NAs introduced by coercion: . is not a real
Running script './copy_extension.sh'
> closeread extension retrieved

[ 1/18] reference/index.qmd
[ 2/18] guide/focus-effects.qmd
[ 3/18] guide/interactive-graphics.qmd
[ 4/18] guide/styling.qmd
[ 5/18] guide/layouts.qmd
[ 6/18] guide/index.qmd
[ 7/18] guide/components.qmd
[ 8/18] gallery/demos/zooming/index.qmd
[ 9/18] gallery/demos/build-up-plots/index.qmd


processing file: index.qmd
1/11                  
2/11 [setup]          
3/11                  
4/11 [original-plot]  
5/11                  
6/11 [blank-plot]     
7/11                  
8/11 [no-species-plot]
9/11                  
10/11 [species-plot]   
11/11                  
output file: index.knit.md

[10/18] gallery/demos/ojs-variables/index.qmd
[11/18] gallery/demos/highlighting/index.qmd


processing file: index.qmd
1/3                  
2/3 [unnamed-chunk-1]
3/3                  
output file: index.knit.md

[12/18] gallery/examples/minards-map/index.qmd
[13/18] gallery/examples/auden-poem/index.qmd
[14/18] gallery/index.qmd
[15/18] index.qmd
[16/18] tests/sticky-block-types/index.qmd


processing file: index.qmd
1/9                  
2/9 [unnamed-chunk-1]
3/9                  
4/9 [unnamed-chunk-2]
5/9                  
6/9 [unnamed-chunk-3]
7/9                  
8/9 [unnamed-chunk-4]
9/9                  
output file: index.knit.md

[17/18] tests/figure-environments/index.qmd
[18/18] tests/index.qmd

Output created: _site/index.html

