pandoc 

  to: html
  output-file: minimum.html
  standalone: true
  section-divs: true
  html-math-method: mathjax
  wrap: none
  default-image-extension: png
  variables: {}
  

metadata

  document-css: false
  link-citations: true
  date-format: long
  lang: en
  engines:
    - path: /opt/quarto/share/extension-subtrees/julia-engine/_extensions/julia-engine/julia-engine.js
  title: D2 Example
  

sh: 1: d2: Permission denied

Error runnin
g filter /opt/quarto/share/filters/main.lua:
/opt/quarto/share/pandoc/datadir/_base64.lua:81: attempt to get length of a nil value (local 'str')
stack traceback:
	...arto-exte
nsions/test-12/repo/tests/_extensions/d2/d2.lua:210: in function <...arto-extensions/test-12/repo/tests/_extensions/d2/d2.lua:181>
	[C]: in ?
	[C]: i
n method 'walk'
	...arto-extensions/test-12/repo/tests/_extensions/d2/d2.lua:366: in function <...arto-extensions/test-12/repo/t
ests/_extensions/d2/d2.lua:339>
	[C]: in ?
	[C]: in method 'walk'
	/opt/quarto/share/pandoc/datadir/_utils.lua:607: in funct
ion '_utils.walk'
	/opt/quarto/share/filters/main.lua:574: in local 'checked_walk'
	/opt/quarto/sha
re/filters/main.lua:629: in function 'run_emulated_filter'
	/
opt/quarto/share/filters/main.lua:1317: in local 'callback'
	[string "if pandoc.system.os =
= "mingw32" then..."]:778: in field 'withScriptFile'
	/opt/quarto/share/filters/main.lua:1333: in upvalue 'run_
emulated_filter_chain'
	/opt/quarto/share/fi
lters/main.lua:1371: in function </opt/q
uarto/share/filters/main.lua:1368>

stack traceback:
	...arto-extensions
/test-12/repo/tests/_extensions/d2/
d2.lua:366: in function <...arto-
extensions/test-12/repo/tests/_e
xtensions/d2/d2.lua:339>
	[C]: i
n ?
	[C]: in method 'walk'
	/opt
/quarto/share/pandoc/datadir/_ut
ils.lua:607: in function '_util
s.walk'
	/opt/quarto/share/filter
s/main.lua:574: in local 'check
ed_walk'
	/opt/quarto/share/fil
ters/main.lua:629: in function 
'run_emulated_filter'
	/opt/qua
rto/share/filters/main.lua:1317
: in local 'callback'
	[string
 "if pandoc.system.os == "mingw
32" then..."]:778: in field 'with
ScriptFile'
	/opt/quarto/share/filters/
main.lua:1333: in upvalu
e 'run_emulated_filter_chain'
	/o
pt/quarto/share/filters/main.lua:
1371: in function </opt/quarto/
share/filters/main.lua:1368>
st
ack traceback:
	/opt/quarto/sh
are/pandoc/datadir/_utils.lua:6
07: in function '_utils.walk'

	/opt/quarto/share/filters/mai
n.lua:574: in local 'checked_wa
lk'
	/opt/quarto/share/filters
/main.lua:629: in function 'ru
n_emulated_filter'
	/opt/quart
o/share/filters/main.lua:1317: i
n local 'callback'
	[string "if
 pandoc.system.os == "mingw32" then..
."]:778: in field 'withScriptFi
le'
	/opt/quarto/share/filters/main.lu
a:1333: in upvalue 'ru
n_emulated_filter_c
hain'
	/opt/quarto/share/filters/main.lua
:1371: in function </opt/quarto/sha
re/filters/main.lua:1368>

(WARN) Error encountered when rendering files

