pandoc 

  to: html
  output-file: minimum.html
  standalone: true
  section-divs: true
  html-math-method: mathjax
  wrap: none
  default-image-extension: png
  variables: {}
  

metadata

  document-css: false
  link-citations: true
  date-format: long
  lang: en
  engines:
    - path: /opt/quarto/share/extension-subtrees/julia-engine/_extensions/julia-engine/julia-engine.js
  title: D2 Example
  

sh: 1: d2: Permission denied

Error running
 filter /opt/quarto/share/filters/main.lua:
/opt/quarto/share/pandoc/datadir/_base64.lua:81: attempt to get length of a nil value (local 'str')
stack 
traceback:
	...uarto-extensions/test-9/repo/tests/_extensions/d2/d2.lua:210: in functi
on <...uarto-extensions/test-9/repo/tests/_extensions/d2/d2.lua:181>
	[C
]: in ?
	[C]: in method 'walk'
	...uarto-extensions/test-9/repo/t
ests/_extensions/d2/d2.lua:366: in function <...uarto-extension
s/test-9/repo/tests/_extensions/d2/d2.lua:339>

	[C]: in ?
	[C]: in method 'walk'
	/opt/quarto/shar
e/pandoc/datadir/_utils.lua:607: in function '_utils.walk'
	/opt/quarto/share/filters/main.lua:574: in local 'checked_walk'
	/opt/quarto/share/filters/main.lua:629: in function 'run_emulated_filter'
	/opt/quarto/share/filters/main.lua:1317: in local 'callback'
	[stri
ng "if pandoc.system.os == "mingw32" then..."]:778: in field 'wit
hScriptFile'
	/opt/quarto/share/filt
ers/main.lua:1333: in upvalue
 'run_emulated_filter_chain'

	/opt/quarto/share/filters/m
ain.lua:1371: in function </
opt/quarto/share/filters/m
ain.lua:1368>
stack traceb
ack:
	...uarto-extensions/
test-9/repo/tests/_extensi
ons/d2/d2.lua:366: in fun
ction <...uarto-extensions
/test-9/repo/tests/_exten
sions/d2/d2.lua:339>
	[C]:
 in ?
	[C]: in method 'wa
lk'
	/opt/quarto/share/pando
c/datadir/_utils.lua:607: in func
tion '_utils.walk'
	/opt/qua
rto/share/filters/main.lua
:574: in local 'checked_w
alk'
	/opt/quarto/share/fi
lters/main.lua:629: in fun
ction 'run_emulated_filte
r'
	/opt/quarto/share/fil
ters/main.lua:1317: in loc
al 'callback'
	[string "
if pandoc.system.os == "m
ingw32" then..."]:778: in 
field 'withScriptFile'
	/
opt/quarto/share/filters
/main.lua:1333: in upvalu
e 'run_emulated_filter_cha
in'
	/opt/quarto/share/filters/mai
n.lua:1371: in function </o
pt/quarto/share/filters/m
ain.lua:1368>
stack traceb
ack:
	/opt/quarto/share/
pandoc/datadir/_utils.lua
:607: in function '_utils.walk'
	/opt/
quarto/share/filters/main.lua:574:
 in local 'checked_walk'
	/op
t/quarto/share/filters/mai
n.lua:629: in function 'r
un_emulated_filter'
	/opt/quarto/sh
are/filters/main.lua:1317: i
n local 'callback'
	[string "if pan
doc.system.os == "mingw32" then..
."]:778: in field 'withScr
iptFile'
	/opt/quarto/sha
re/filters/main.lua:1333:
 in upvalue 'run_emulate
d_filter_chain'
	/opt/qua
rto/share/filters/main.lu
a:1371: in function </op
t/quarto/share/filters/ma
in.lua:1368>

(WARN) Error encountered when rendering files

