pandoc 

  to: html
  output-file: template.html
  standalone: true
  section-divs: true
  html-math-method: mathjax
  wrap: none
  default-image-extension: png
  variables: {}
  

metadata

  document-css: false
  link-citations: true
  date-format: long
  lang: en
  title: Stamp Example
  stamp:
    level: minimal
    placement: custom
    placement-id: a-stamp-id
  

Reading YAML file: _extensions/stamp/_extension.yml
title: stamp
author: James Joseph Balamuta
version: 0.0.0-dev.1
quarto-required: ">=1.6.0"
contributes:
  filters:
    - stamp.lua


Output created: template.html


