

processing file: cell-options.qmd

1/3                  

2/3 [unnamed-chunk-1]

3/3                  

output file: cell-options.knit.md


pandoc 

  to: html
  output-file: cell-options.html
  standalone: true
  title-prefix: Quarto Live Documentation
  section-divs: true
  html-math-method: mathjax
  wrap: none
  default-image-extension: png
  variables: {}
  

metadata

  document-css: false
  link-citations: true
  date-format: long
  lang: en
  theme:
    light: cosmo
    dark: darkly
  engines:
    - path: /opt/quarto/share/extension-subtrees/julia-engine/_extensions/julia-engine/julia-engine.js
  title: Code Cell Options
  

Output created: ../_site/reference/cell-options.html


