

processing file: gradethis.qmd

1/13                  

2/13 [unnamed-chunk-1]

3/13                  

4/13 [unnamed-chunk-2]

5/13                  

6/13 [unnamed-chunk-3]

7/13                  

8/13 [unnamed-chunk-4]

9/13                  

10/13 [unnamed-chunk-5]

11/13                  

12/13 [unnamed-chunk-6]

13/13                  

output file: gradethis.knit.md


pandoc 

  to: html
  output-file: gradethis.html
  standalone: true
  title-prefix: Quarto Live Documentation
  section-divs: true
  html-math-method: mathjax
  wrap: none
  default-image-extension: png
  toc: true
  variables: {}
  

metadata

  document-css: false
  link-citations: true
  date-format: long
  lang: en
  ojs-engine: true
  theme:
    light: cosmo
    dark: darkly
  engines:
    - path: /opt/quarto/share/extension-subtrees/julia-engine/_extensions/julia-engine/julia-engine.js
  title: Grading with `{gradethis}`
  subtitle: Grade solutions to R exercises using the existing `{gradethis}` R package
  webr:
    packages:
      - dplyr
  

Output created: ../_site/exercises/gradethis.html


