

processing file: packages.qmd

1/7                  

2/7 [unnamed-chunk-1]

3/7                  

4/7 [unnamed-chunk-2]

5/7                  

6/7 [unnamed-chunk-3]

7/7                  

output file: packages.knit.md


pandoc 

  to: html
  output-file: packages.html
  standalone: true
  title-prefix: Quarto Live Documentation
  section-divs: true
  html-math-method: mathjax
  wrap: none
  default-image-extension: png
  toc: true
  variables: {}
  

metadata

  document-css: false
  link-citations: true
  date-format: long
  lang: en
  ojs-engine: true
  theme:
    light: cosmo
    dark: darkly
  engines:
    - path: /opt/quarto/share/extension-subtrees/julia-engine/_extensions/julia-engine/julia-engine.js
  title: Loading and Using Packages
  subtitle: Integrating R and Python packages into interactive Quarto documents
  pyodide:
    packages:
      - https://cdn.jsdelivr.net/pyodide/v0.26.1/full/decorator-5.1.1-py3-none-any.whl
  

Output created: ../_site/getting_started/packages.html


