

processing file: plotting.qmd

1/11                  

2/11 [unnamed-chunk-1]

3/11                  

4/11 [unnamed-chunk-2]

5/11                  

6/11 [unnamed-chunk-3]

7/11                  

8/11 [unnamed-chunk-4]

9/11                  

10/11 [unnamed-chunk-5]

11/11                  

output file: plotting.knit.md


pandoc 

  to: html
  output-file: plotting.html
  standalone: true
  title-prefix: Quarto Live Documentation
  section-divs: true
  html-math-method: mathjax
  wrap: none
  default-image-extension: png
  variables: {}
  

metadata

  document-css: false
  link-citations: true
  date-format: long
  lang: en
  ojs-engine: true
  theme:
    light: cosmo
    dark: darkly
  engines:
    - path: /opt/quarto/share/extension-subtrees/julia-engine/_extensions/julia-engine/julia-engine.js
  title: Plotting and Graphics
  subtitle: Dynamic data visualisation for interactive code blocks
  webr:
    cell-options:
      autorun: true
    packages:
      - ggplot2
  pyodide:
    packages:
      - matplotlib
  

Output created: ../_site/getting_started/plotting.html


