

processing file: slides.qmd

1/13                  

2/13 [unnamed-chunk-1]

3/13                  

4/13 [unnamed-chunk-2]

5/13                  

6/13 [unnamed-chunk-3]

7/13                  

8/13 [unnamed-chunk-4]

9/13                  

10/13 [unnamed-chunk-5]

11/13                  

12/13 [unnamed-chunk-6]

13/13                  

output file: slides.knit.md


pandoc 

  to: revealjs
  output-file: slides.html
  standalone: true
  title-prefix: Quarto Live Documentation
  wrap: none
  default-image-extension: png
  html-math-method:
    method: mathjax
    url: >-
      https://cdn.jsdelivr.net/npm/mathjax@2.7.9/MathJax.js?config=TeX-AMS_HTML-full
  slide-level: 2
  variables: {}
  

metadata

  link-citations: true
  width: 1050
  height: 700
  margin: 0.1
  center: false
  navigationMode: linear
  controlsLayout: edges
  controlsTutorial: false
  hash: true
  history: true
  hashOneBasedIndex: false
  fragmentInURL: false
  transition: none
  backgroundTransition: none
  pdfSeparateFragments: false
  lang: en
  auto-stretch: true
  ojs-engine: true
  theme: default
  engines:
    - path: /opt/quarto/share/extension-subtrees/julia-engine/_extensions/julia-engine/julia-engine.js
  title: Example Slides
  webr:
    cell-options:
      autorun: true
      fig-width: 11
      fig-height: 5
  

Output created: ../_site/other/slides.html


