pandoc 

  to: html
  output-file: index.html
  standalone: true
  toc: true
  number-sections: true
  title-prefix: Test Book for Custom AmSThm Environments
  section-divs: true
  html-math-method: mathjax
  wrap: none
  default-image-extension: png
  variables: {}
  

metadata

  crossref:
    chapters: true
  document-css: false
  link-citations: true
  date-format: long
  lang: en
  custom-amsthm:
    - key: prm
      name: Problem
    - key: tsk
      name: Task
      numbering-style: global
  engines:
    - path: /opt/quarto/share/extension-subtrees/julia-engine/_extensions/julia-engine/julia-engine.js
  theme: cosmo
  title: Test Book for Custom AmSThm Environments
  author: Test Author
  

Output created: _output/index.html


