pandoc 

  to: html
  output-file: article.html
  standalone: true
  section-divs: true
  html-math-method: mathjax
  wrap: none
  default-image-extension: png
  toc: true
  number-sections: true
  variables: {}
  

metadata

  document-css: false
  link-citations: true
  date-format: long
  lang: en
  engines:
    - path: /opt/quarto/share/extension-subtrees/julia-engine/_extensions/julia-engine/julia-engine.js
  title: Test Article for Custom AmSThm Environments
  author: Test Author
  date: today
  custom-amsthm:
    - key: prm
      name: Problem
      numbering-style: section
    - key: tsk
      name: Task
      numbering-style: global
    - key: usecase
      name: Use Case
      numbered: false
  

FATAL (/opt/quarto/share/filters/main.lua:3760) An error occurred:
Could not run /home/runner/work/quarto-extensions/quarto-extensions/test-24/repo/tests/article/custom-amsthm-environments as a JSON filter.
Please make sure the file exists and is executable.

Did you intend 'custom-amsthm-environments' as a Lua filter in an extension?
If so, make sure you've spelled the name of the extension correctly.

The original Pandoc error follows below.
Error running filter /home/runner/work/quarto-extensions/quarto-extensions/test-24/repo/tests/article/custom-amsthm-environments:
Could not find executable /home/runner/work/quarto-extensions/quarto-extensions/test-24/repo/tests/article/custom-amsthm-environments

Error runn
ing filter /opt/quarto/share/filters/main.lua:
/opt/quarto/share/filters/main.lua:588: FATAL QUARTO ERRO
R
stack traceback:
	/opt/quarto/share/filters/main.lua:2622: in
 function 'fatal'
	/opt/quarto/share/filters/mai
n.lua:2202: in function 'fail'
	/opt/quarto/
share/filters/main.lua:3760: in fiel
d 'Pandoc'
	/opt/quarto/shar
e/filters/main.lua:588: in func
tion 'run_emulated_filter'
	/opt/quarto/share/fil
ters/main.lua:1317: i
n local 'callback'
	/opt
/quarto/share/fil
ters/main.lua:1335
: in upvalue 'run_emu
lated_filter_chain'
	/opt
/quarto/share/fi
lters/main.lua:1
371: in functio
n </opt/quarto/s
hare/filters/ma
in.lua:1368>

(WARN) Error encountered when rendering files

