Cloning into 'repo'...
pandoc 
  to: typst
  output-file: example.typ
  standalone: true
  shift-heading-level-by: -1
  default-image-extension: svg
  wrap: none
  citeproc: false
  variables: {}
  
metadata
  engines:
    - path: /opt/quarto/share/extension-subtrees/julia-engine/_extensions/julia-engine/julia-engine.js
  title: Spellcheck Example
  spellcheck-lang: en_US
  spellcheck-ignore:
    - ignoreme
  
Warning: Hunspell is not installed or not accessible. Skipping spell check for 'en_US'.
WARN: typst-gather analyze failed; staging all packages as fallback
[typst]: Compiling example.typ to example.pdf...DONE

Output created: example.pdf

