Cloning into 'repo'...
[1/8] input.qmd
[2/8] docs_qmd/05-about.qmd
[3/8] docs_qmd/02-multibib.qmd
[4/8] docs_qmd/01-basics.qmd
[33mWARNING (/opt/quarto/share/filters/main.lua:21973) Shortcode 'fa' not found
[39m[33mWARNING (/opt/quarto/share/filters/main.lua:21973) Shortcode 'fa' not found
[39m[33mWARNING (/opt/quarto/share/filters/main.lua:21973) Shortcode 'fa' not found
[39m[5/8] docs_qmd/04-citation-backlinks.qmd
[6/8] docs_qmd/03-cite-field.qmd
[7/8] changelog.md
[8/8] index.qmd
[33mWARNING (/opt/quarto/share/filters/main.lua:21973) Shortcode 'fa' not found
[39m[33mWARNING (/opt/quarto/share/filters/main.lua:21973) Shortcode 'fa' not found
[39m[33mWARNING (/opt/quarto/share/filters/main.lua:21973) Shortcode 'fa' not found
[39m[33mWARNING (/opt/quarto/share/filters/main.lua:21973) Shortcode 'fa' not found
[39m[33mWARNING (/opt/quarto/share/filters/main.lua:21973) Shortcode 'fa' not found
[39m[33mWARNING (/opt/quarto/share/filters/main.lua:21973) Shortcode 'fa' not found
[39m[33mWARNING (/opt/quarto/share/filters/main.lua:21973) Shortcode 'fa' not found
[39m[33mWARNING (/opt/quarto/share/filters/main.lua:21973) Shortcode 'fa' not found
[39m[33mWARNING (/opt/quarto/share/filters/main.lua:21973) Shortcode 'fa' not found
[39m
Output created: docs/index.html

