

processing file: _sample.qmd

1/15               


2/15 [setup]       

3/15               

4/15 [sh]          

5/15               

6/15 [penguins_str]

7/15               

8/15 [table]       

9/15               

10/15 [dt]          

11/15               

12/15 [hist]        

13/15               

14/15 [scatter]     

15/15               

output file: _sample.knit.md


pandoc 

  to: html
  output-file: _sample.html
  standalone: true
  section-divs: true
  html-math-method: mathjax
  wrap: none
  default-image-extension: png
  variables: {}
  

metadata

  document-css: false
  link-citations: true
  date-format: long
  lang: en
  engines:
    - path: /opt/quarto/share/extension-subtrees/julia-engine/_extensions/julia-engine/julia-engine.js
  

Output created: _sample.html


