

processing file: bookup.qmd

1/15               

2/15 [setup]       

3/15               

4/15 [sh]          

5/15               

6/15 [penguins_str]

7/15               

8/15 [table]       
9/15               
10/15 [dt]          

11/15               

12/15 [hist]        

13/15               

14/15 [scatter]     

15/15               

output file: bookup.knit.md


pandoc 

  to: html
  output-file: bookup.html
  standalone: true
  self-contained: true
  section-divs: true
  html-math-method: mathjax
  wrap: none
  default-image-extension: png
  toc: true
  variables: {}
  

metadata

  document-css: false
  link-citations: true
  date-format: long
  lang: en
  embed-fonts: true
  theme:
    light:
      - _extensions/bookup/bookup.scss
    dark:
      - _extensions/bookup/bookup.scss
      - _extensions/bookup/bookup_dark.scss
  engines:
    - path: /opt/quarto/share/extension-subtrees/julia-engine/_extensions/julia-engine/julia-engine.js
  title: Bookup quarto format example
  date: today
  author: Jane Doe
  

Output created: bookup.html


