

processing file: sample.qmd

1/15               

2/15 [setup]       

3/15               

4/15 [sh]          

5/15               

6/15 [penguins_str]

7/15               

8/15 [table]       

9/15               

10/15 [dt]          

11/15               

12/15 [hist]        

13/15               

14/15 [scatter]     

15/15               

output file: sample.knit.md


pandoc 

  to: html
  output-file: sample.html
  standalone: true
  toc: true
  number-sections: true
  title-prefix: Sample bookup-html book project
  section-divs: true
  html-math-method: mathjax
  wrap: none
  default-image-extension: png
  number-offset:
    - 2
  variables: {}
  

metadata

  crossref:
    chapters: true
  document-css: false
  link-citations: true
  date-format: long
  lang: en
  embed-fonts: true
  theme:
    light:
      - _extensions/bookup/bookup.scss
    dark:
      - _extensions/bookup/bookup.scss
      - _extensions/bookup/bookup_dark.scss
  bibliography:
    - references.bib
  engines:
    - path: /opt/quarto/share/extension-subtrees/julia-engine/_extensions/julia-engine/julia-engine.js
  hide-description: true
  title: "[2]{.chapter-number}\_ [Features overview]{.chapter-title}"
  

Output created: _book/sample.html


