Cloning into 'repo'...
Installing package into '/home/runner/work/quarto-extensions/quarto-extensions/test-23/R/x86_64-pc-linux-gnu-library/4.6'
(as 'lib' is unspecified)
trying URL 'https://packagemanager.posit.co/cran/latest/src/contrib/renv_1.2.2.tar.gz'
Content type 'binary/octet-stream' length 1356485 bytes (1.3 MB)
==================================================
downloaded 1.3 MB

* installing *source* package 'renv' ...
** this is package 'renv' version '1.2.2'
** package 'renv' successfully unpacked and MD5 sums checked
** using staged installation
** R
** inst
** byte-compile and prepare package for lazy loading
** help
*** installing help indices
*** copying figures
** building package indices
** installing vignettes
** testing if installed package can be loaded from temporary location
** checking absolute paths in shared objects and dynamic libraries
** testing if installed package can be loaded from final location
** testing if installed package keeps a record of temporary installation path
* DONE (renv)

The downloaded source packages are in
	'/tmp/RtmpvPWfNf/downloaded_packages'
Installing packages into '/home/runner/work/quarto-extensions/quarto-extensions/test-23/R/x86_64-pc-linux-gnu-library/4.6'
(as 'lib' is unspecified)
also installing the dependencies 'fs', 'lazyeval', 'later', 'otel', 'sass', 'crosstalk', 'htmlwidgets', 'promises', 'bslib'

trying URL 'https://packagemanager.posit.co/cran/latest/src/contrib/fs_2.1.0.tar.gz'
trying URL 'https://packagemanager.posit.co/cran/latest/src/contrib/lazyeval_0.2.3.tar.gz'
trying URL 'https://packagemanager.posit.co/cran/latest/src/contrib/later_1.4.8.tar.gz'
trying URL 'https://packagemanager.posit.co/cran/latest/src/contrib/otel_0.2.0.tar.gz'
trying URL 'https://packagemanager.posit.co/cran/latest/src/contrib/sass_0.4.10.tar.gz'
trying URL 'https://packagemanager.posit.co/cran/latest/src/contrib/crosstalk_1.2.2.tar.gz'
trying URL 'https://packagemanager.posit.co/cran/latest/src/contrib/htmlwidgets_1.6.4.tar.gz'
trying URL 'https://packagemanager.posit.co/cran/latest/src/contrib/promises_1.5.0.tar.gz'
trying URL 'https://packagemanager.posit.co/cran/latest/src/contrib/bslib_0.10.0.tar.gz'
trying URL 'https://packagemanager.posit.co/cran/latest/src/contrib/DT_0.34.0.tar.gz'
trying URL 'https://packagemanager.posit.co/cran/latest/src/contrib/rmarkdown_2.31.tar.gz'
* installing *source* package 'fs' ...
** this is package 'fs' version '2.1.0'
** package 'fs' successfully unpacked and MD5 sums checked
** using staged installation
Package libuv was not found in the pkg-config search path.
Perhaps you should add the directory containing `libuv.pc'
to the PKG_CONFIG_PATH environment variable
No package 'libuv' found
ERROR: configuration failed for package 'fs'
* removing '/home/runner/work/quarto-extensions/quarto-extensions/test-23/R/x86_64-pc-linux-gnu-library/4.6/fs'
* installing *source* package 'lazyeval' ...
** this is package 'lazyeval' version '0.2.3'
** package 'lazyeval' successfully unpacked and MD5 sums checked
** using staged installation
** libs
using C compiler: 'gcc (Ubuntu 11.4.0-1ubuntu1~22.04.3) 11.4.0'
installing to /home/runner/work/quarto-extensions/quarto-extensions/test-23/R/x86_64-pc-linux-gnu-library/4.6/00LOCK-lazyeval/00new/lazyeval/libs
** R
** inst
** byte-compile and prepare package for lazy loading
** help
*** installing help indices
** building package indices
** installing vignettes
** testing if installed package can be loaded from temporary location
** checking absolute paths in shared objects and dynamic libraries
** testing if installed package can be loaded from final location
** testing if installed package keeps a record of temporary installation path
* DONE (lazyeval)
* installing *source* package 'later' ...
** this is package 'later' version '1.4.8'
** package 'later' successfully unpacked and MD5 sums checked
** using staged installation
** libs
using C compiler: 'gcc (Ubuntu 11.4.0-1ubuntu1~22.04.3) 11.4.0'
using C++ compiler: 'g++ (Ubuntu 11.4.0-1ubuntu1~22.04.3) 11.4.0'
installing to /home/runner/work/quarto-extensions/quarto-extensions/test-23/R/x86_64-pc-linux-gnu-library/4.6/00LOCK-later/00new/later/libs
** R
** inst
** byte-compile and prepare package for lazy loading
** help
*** installing help indices
** building package indices
** installing vignettes
** testing if installed package can be loaded from temporary location
** checking absolute paths in shared objects and dynamic libraries
** testing if installed package can be loaded from final location
** testing if installed package keeps a record of temporary installation path
* DONE (later)
* installing *source* package 'otel' ...
** this is package 'otel' version '0.2.0'
** package 'otel' successfully unpacked and MD5 sums checked
** using staged installation
** R
** inst
** byte-compile and prepare package for lazy loading
** help
*** installing help indices
** building package indices
** testing if installed package can be loaded from temporary location
** testing if installed package can be loaded from final location
** testing if installed package keeps a record of temporary installation path
* DONE (otel)
ERROR: dependency 'fs' is not available for package 'sass'
Perhaps try a variation of:
install.packages('fs')
* removing '/home/runner/work/quarto-extensions/quarto-extensions/test-23/R/x86_64-pc-linux-gnu-library/4.6/sass'
* installing *source* package 'crosstalk' ...
** this is package 'crosstalk' version '1.2.2'
** package 'crosstalk' successfully unpacked and MD5 sums checked
** using staged installation
** R
** inst
** byte-compile and prepare package for lazy loading
** help
*** installing help indices
** building package indices
** testing if installed package can be loaded from temporary location
** testing if installed package can be loaded from final location
** testing if installed package keeps a record of temporary installation path
* DONE (crosstalk)
* installing *source* package 'promises' ...
** this is package 'promises' version '1.5.0'
** package 'promises' successfully unpacked and MD5 sums checked
** using staged installation
** R
** inst
** byte-compile and prepare package for lazy loading
** help
*** installing help indices
*** copying figures
** building package indices
** installing vignettes
** testing if installed package can be loaded from temporary location
** testing if installed package can be loaded from final location
** testing if installed package keeps a record of temporary installation path
* DONE (promises)
ERROR: dependency 'sass' is not available for package 'bslib'
Perhaps try a variation of:
install.packages('sass')
* removing '/home/runner/work/quarto-extensions/quarto-extensions/test-23/R/x86_64-pc-linux-gnu-library/4.6/bslib'
ERROR: dependency 'bslib' is not available for package 'rmarkdown'
Perhaps try a variation of:
install.packages('bslib')
* removing '/home/runner/work/quarto-extensions/quarto-extensions/test-23/R/x86_64-pc-linux-gnu-library/4.6/rmarkdown'
ERROR: dependency 'rmarkdown' is not available for package 'htmlwidgets'
Perhaps try a variation of:
install.packages('rmarkdown')
* removing '/home/runner/work/quarto-extensions/quarto-extensions/test-23/R/x86_64-pc-linux-gnu-library/4.6/htmlwidgets'
ERROR: dependency 'htmlwidgets' is not available for package 'DT'
Perhaps try a variation of:
install.packages('htmlwidgets')
* removing '/home/runner/work/quarto-extensions/quarto-extensions/test-23/R/x86_64-pc-linux-gnu-library/4.6/DT'

The downloaded source packages are in
	'/tmp/RtmpvPWfNf/downloaded_packages'
Warning messages:
1: In install.packages(deps, repos = ppm) :
  installation of package 'fs' had non-zero exit status
2: In install.packages(deps, repos = ppm) :
  installation of package 'sass' had non-zero exit status
3: In install.packages(deps, repos = ppm) :
  installation of package 'bslib' had non-zero exit status
4: In install.packages(deps, repos = ppm) :
  installation of package 'rmarkdown' had non-zero exit status
5: In install.packages(deps, repos = ppm) :
  installation of package 'htmlwidgets' had non-zero exit status
6: In install.packages(deps, repos = ppm) :
  installation of package 'DT' had non-zero exit status
Error in loadNamespace(x) : there is no package called 'rmarkdown'
Calls: loadNamespace -> withRestarts -> withOneRestart -> doWithOneRestart
Execution halted
R installation:
  Version: 4.6.0
  Path: /opt/R/4.6.0/lib/R
  LibPaths:
    - /home/runner/work/quarto-extensions/quarto-extensions/test-23/R/x86_64-pc-linux-gnu-library/4.6
    - /opt/R/4.6.0/lib/R/library
  knitr: 1.51
  rmarkdown: (None)

The rmarkdown package is not available in this R installation.
Install with install.packages("rmarkdown")

WARN: Error encountered when rendering files
Render failed, retrying once...
Error in loadNamespace(x) : there is no package called 'rmarkdown'
Calls: loadNamespace -> withRestarts -> withOneRestart -> doWithOneRestart
Execution halted
R installation:
  Version: 4.6.0
  Path: /opt/R/4.6.0/lib/R
  LibPaths:
    - /home/runner/work/quarto-extensions/quarto-extensions/test-23/R/x86_64-pc-linux-gnu-library/4.6
    - /opt/R/4.6.0/lib/R/library
  knitr: 1.51
  rmarkdown: (None)

The rmarkdown package is not available in this R installation.
Install with install.packages("rmarkdown")

WARN: Error encountered when rendering files
