

processing file: qwebr-global-cell-defaults.qmd

1/1

output file: qwebr-global-cell-defaults.knit.md




processing file: qwebr-read-only.qmd

1/1

output file: qwebr-read-only.knit.md




processing file: qwebr-editor-options.qmd

1/7                  

2/7 [unnamed-chunk-1]

3/7                  

4/7 [unnamed-chunk-2]

5/7                  

6/7 [unnamed-chunk-3]

7/7                  

output file: qwebr-editor-options.knit.md


(WARN) Unable to resolve link target: demos/qwebr-cell-options.qmd



processing file: qwebr-long-running-execution-interactive-locking.qmd

1/1

output file: qwebr-long-running-execution-interactive-locking.knit.md




processing file: qwebr-code-cell-options.qmd

1/1

output file: qwebr-code-cell-options.knit.md




processing file: qwebr-non-interactive-areas.qmd

1/1

output file: qwebr-non-interactive-areas.knit.md




processing file: qwebr-custom-repository.qmd

1/1

output file: qwebr-custom-repository.knit.md




processing file: qwebr-auto-run.qmd

1/1

output file: qwebr-auto-run.knit.md




processing file: qwebr-setting-options-in-document-yaml.qmd

1/1

output file: qwebr-setting-options-in-document-yaml.knit.md




processing file: qwebr-code-cell-demos.qmd

1/3                  

2/3 [unnamed-chunk-1]

3/3                  

output file: qwebr-code-cell-demos.knit.md




processing file: qwebr-cell-options.qmd

1/1

output file: qwebr-cell-options.knit.md




processing file: qwebr-troubleshooting.qmd

1/5                  

2/5 [unnamed-chunk-1]

3/5                  

4/5 [unnamed-chunk-2]

5/5                  

output file: qwebr-troubleshooting.knit.md




processing file: qwebr-using-r-packages.qmd

1/1

output file: qwebr-using-r-packages.knit.md




processing file: qwebr-internal-cell.qmd

1/1

output file: qwebr-internal-cell.knit.md



Starting python3 kernel...
Done


Executing 'qwebr-first-steps.quarto_ipynb'





processing file: index.qmd

1/
1

output file: index.knit.md




processing file: qwebr-meta-options.qmd

1/1

output file: qwebr-meta-options.knit.md




processing file: qwebr-loading-data.qmd

1/1

output file: qwebr-loading-data.knit.md




processing file: qwebr-communication-channels.qmd

1/1

output file: qwebr-communication-channels.knit.md




Output created: _site/index.html


