Dependency install phase for aarongullickson/aog-article-quarto: auto-detect
Auto-detecting R dependencies for aarongullickson/aog-article-quarto (knitr engine, no renv.lock).
** libs
using C compiler: 'gcc (Ubuntu 13.3.0-6ubuntu2~24.04.1) 13.3.0'
gcc -std=gnu2x -I"/opt/R/4.6.0/lib/R/include" -DNDEBUG   -I/usr/local/include    -fpic  -g -O2  -c renv.c -o renv.o
gcc -std=gnu2x -shared -L/opt/R/4.6.0/lib/R/lib -L/usr/local/lib -o renv.so renv.o -L/opt/R/4.6.0/lib/R/lib -lR
Installing R packages: modelsummary 
gcc -std=gnu2x -I"/opt/R/4.6.0/lib/R/include" -DNDEBUG   -I/usr/local/include    -fpic  -g -O2  -c all_missing.c -o all_missing.o
gcc -std=gnu2x -I"/opt/R/4.6.0/lib/R/include" -DNDEBUG   -I/usr/local/include    -fpic  -g -O2  -c any_infinite.c -o any_infinite.o
gcc -std=gnu2x -I"/opt/R/4.6.0/lib/R/include" -DNDEBUG   -I/usr/local/include    -fpic  -g -O2  -c any_missing.c -o any_missing.o
gcc -std=gnu2x -I"/opt/R/4.6.0/lib/R/include" -DNDEBUG   -I/usr/local/include    -fpic  -g -O2  -c any_nan.c -o any_nan.o
gcc -std=gnu2x -I"/opt/R/4.6.0/lib/R/include" -DNDEBUG   -I/usr/local/include    -fpic  -g -O2  -c checks.c -o checks.o
gcc -std=gnu2x -I"/opt/R/4.6.0/lib/R/include" -DNDEBUG   -I/usr/local/include    -fpic  -g -O2  -c find_nchar.c -o find_nchar.o
gcc -std=gnu2x -I"/opt/R/4.6.0/lib/R/include" -DNDEBUG   -I/usr/local/include    -fpic  -g -O2  -c guess_type.c -o guess_type.o
gcc -std=gnu2x -I"/opt/R/4.6.0/lib/R/include" -DNDEBUG   -I/usr/local/include    -fpic  -g -O2  -c helper.c -o helper.o
gcc -std=gnu2x -I"/opt/R/4.6.0/lib/R/include" -DNDEBUG   -I/usr/local/include    -fpic  -g -O2  -c init.c -o init.o
gcc -std=gnu2x -I"/opt/R/4.6.0/lib/R/include" -DNDEBUG   -I/usr/local/include    -fpic  -g -O2  -c integerish.c -o integerish.o
gcc -std=gnu2x -I"/opt/R/4.6.0/lib/R/include" -DNDEBUG   -I/usr/local/include    -fpic  -g -O2  -c is_sorted.c -o is_sorted.o
gcc -std=gnu2x -I"/opt/R/4.6.0/lib/R/include" -DNDEBUG   -I/usr/local/include    -fpic  -g -O2  -c qassert.c -o qassert.o
gcc -std=gnu2x -I"/opt/R/4.6.0/lib/R/include" -DNDEBUG   -I/usr/local/include    -fpic  -g -O2  -c which_first.c -o which_first.o
gcc -std=gnu2x -shared -L/opt/R/4.6.0/lib/R/lib -L/usr/local/lib -o checkmate.so all_missing.o any_infinite.o any_missing.o any_nan.o checks.o find_nchar.o guess_type.o helper.o init.o integerish.o is_sorted.o qassert.o which_first.o -L/opt/R/4.6.0/lib/R/lib -lR
Creating a generic function for 'nrow' from package 'base' in package 'tinytable'
Creating a generic function for 'ncol' from package 'base' in package 'tinytable'
Creating a generic function for 'colnames' from package 'base' in package 'tinytable'
Creating a generic function for 'colnames<-' from package 'base' in package 'tinytable'
tlmgr: package repository https://ctan.math.illinois.edu/systems/texlive/tlnet (verified)
tlmgr: no self-updates for tlmgr available
Using CTAN mirror: https://ctan.math.illinois.edu/systems/texlive/tlnet
