Dependency source policy check passed for kazuyanagimoto/quarto-academic-typst.
Dependency install phase for kazuyanagimoto/quarto-academic-typst: renv.lock
Installing R dependencies from renv.lock for kazuyanagimoto/quarto-academic-typst.
# Bootstrapping renv 1.1.6 ---------------------------------------------------
- Downloading renv ... OK
- Installing renv  ... OK

- One or more packages recorded in the lockfile are not installed.
- Use `renv::status()` for more details.
renv 1.1.6 was loaded from project library, but this project is configured to use renv 1.1.6.
- Use `renv::record("renv@1.1.6")` to record renv 1.1.6 in the lockfile.
- Use `renv::restore(packages = "renv")` to install renv 1.1.6 into the project library.
- One or more packages recorded in the lockfile are not installed.
- Use `renv::status()` for more details.
The following required system packages are not installed:
- pandoc  [required by knitr, rmarkdown, tables]
The R packages depending on these system packages may fail to install.

An administrator can install these packages with:
- sudo apt install pandoc

The following package(s) will be updated:

# CRAN -----------------------------------------------------------------------
- base64enc      [0.1-6 -> 0.1-3]
- bslib          [0.10.0 -> 0.9.0]
- highr          [0.12 -> 0.11]
- xfun           [0.57 -> 0.56]
- S7             [* -> 0.2.1]
- backports      [* -> 1.5.0]
- bayestestR     [* -> 0.17.0]
- checkmate      [* -> 2.3.3]
- cpp11          [* -> 0.5.3]
- data.table     [* -> 1.18.0]
- datawizard     [* -> 1.3.0]
- dplyr          [* -> 1.1.4]
- generics       [* -> 0.1.4]
- ggplot2        [* -> 4.0.1]
- glue           [* -> 1.8.0]
- insight        [* -> 1.4.4]
- isoband        [* -> 0.3.0]
- magrittr       [* -> 2.0.4]
- modelsummary   [* -> 2.5.0]
- parameters     [* -> 0.28.3]
- patchwork      [* -> 1.3.2]
- performance    [* -> 0.15.3]
- pillar         [* -> 1.11.1]
- pkgconfig      [* -> 2.0.3]
- purrr          [* -> 1.2.1]
- scales         [* -> 1.4.0]
- showtext       [* -> 0.9-7]
- showtextdb     [* -> 3.0]
- stringi        [* -> 1.8.7]
- stringr        [* -> 1.6.0]
- sysfonts       [* -> 0.8.9]
- tables         [* -> 0.9.33]
- tibble         [* -> 3.3.1]
- tidyr          [* -> 1.3.2]
- tidyselect     [* -> 1.2.1]
- tinytable      [* -> 0.15.2]
- utf8           [* -> 1.2.6]
- vctrs          [* -> 0.7.1]
- withr          [* -> 3.0.2]

# RSPM -----------------------------------------------------------------------
- fs             [repo: CRAN -> RSPM; ver: 2.0.0 -> 1.6.6]

# https://packagemanager.posit.co/cran/__linux__/jammy/latest ----------------
- RColorBrewer   [* -> 1.1-3]
- farver         [* -> 2.1.2]
- gtable         [* -> 0.3.6]
- labeling       [* -> 0.4.3]
- viridisLite    [* -> 0.4.2]

# Downloading packages -------------------------------------------------------
- Querying repositories for available source packages ... Done!
- Downloading xfun 0.56 from CRAN ...           OK [167.9 Kb in 0.12s]
- Downloading highr 0.11 from CRAN ...          OK [13.5 Kb]
- Downloading base64enc 0.1-3 from CRAN ...     OK [7.6 Kb]
- Downloading fs 1.6.6 from RSPM ...            OK [1.1 Mb in 0.75s]
- Downloading bslib 0.9.0 from CRAN ...         OK [5.2 Mb in 0.1s]
- Querying repositories for available source packages ... Done!
- Downloading RColorBrewer 1.1-3 from https://packagemanager.posit.co/cran/__linux__/jammy/latest ... OK [50.8 Kb in 0.19s]
- Downloading S7 0.2.1 from CRAN ...            OK [179.8 Kb in 0.11s]
- Downloading backports 1.5.0 from CRAN ...     OK [30 Kb in 0.11s]
- Downloading bayestestR 0.17.0 from CRAN ...   OK [420.6 Kb]
- Downloading insight 1.4.4 from CRAN ...       OK [1.1 Mb in 0.2s]
- Downloading datawizard 1.3.0 from CRAN ...    OK [427.8 Kb in 0.13s]
- Downloading checkmate 2.3.3 from CRAN ...     OK [255.4 Kb]
- Downloading cpp11 0.5.3 from CRAN ...         OK [295.2 Kb]
- Downloading data.table 1.18.0 from CRAN ...   OK [5.7 Mb]
- Downloading dplyr 1.1.4 from CRAN ...         OK [1.2 Mb]
- Downloading generics 0.1.4 from CRAN ...      OK [46.1 Kb]
- Downloading glue 1.8.0 from CRAN ...          OK [123.7 Kb]
- Downloading magrittr 2.0.4 from CRAN ...      OK [275.2 Kb in 0.14s]
- Downloading pillar 1.11.1 from CRAN ...       OK [399.9 Kb]
- Downloading utf8 1.2.6 from CRAN ...          OK [238.1 Kb in 0.12s]
- Downloading vctrs 0.7.1 from CRAN ...         OK [1 Mb in 0.12s]
- Downloading tibble 3.3.1 from CRAN ...        OK [544.1 Kb]
- Downloading pkgconfig 2.0.3 from CRAN ...     OK [5.9 Kb]
- Downloading tidyselect 1.2.1 from CRAN ...    OK [101.2 Kb]
- Downloading withr 3.0.2 from CRAN ...         OK [100.8 Kb]
- Downloading farver 2.1.2 from https://packagemanager.posit.co/cran/__linux__/jammy/latest ... OK [1.4 Mb in 0.15s]
- Downloading ggplot2 4.0.1 from CRAN ...       OK [6 Mb]
- Downloading gtable 0.3.6 from https://packagemanager.posit.co/cran/__linux__/jammy/latest ... OK [217.4 Kb in 0.21s]
- Downloading isoband 0.3.0 from CRAN ...       OK [1.5 Mb]
- Downloading scales 1.4.0 from CRAN ...        OK [321 Kb]
- Downloading labeling 0.4.3 from https://packagemanager.posit.co/cran/__linux__/jammy/latest ... OK [59.5 Kb in 0.25s]
- Downloading viridisLite 0.4.2 from https://packagemanager.posit.co/cran/__linux__/jammy/latest ... OK [1.2 Mb in 0.27s]
- Downloading modelsummary 2.5.0 from CRAN ...  OK [3 Mb]
- Downloading parameters 0.28.3 from CRAN ...   OK [718.7 Kb in 0.11s]
- Downloading performance 0.15.3 from CRAN ...  OK [2.1 Mb]
- Downloading tables 0.9.33 from CRAN ...       OK [703.2 Kb in 0.12s]
- Downloading tinytable 0.15.2 from CRAN ...    OK [385.1 Kb]
- Downloading patchwork 1.3.2 from CRAN ...     OK [3.2 Mb in 0.2s]
- Downloading purrr 1.2.1 from CRAN ...         OK [271.8 Kb]
- Downloading showtext 0.9-7 from CRAN ...      OK [432.2 Kb]
- Downloading sysfonts 0.8.9 from CRAN ...      OK [1.2 Mb]
- Downloading showtextdb 3.0 from CRAN ...      OK [1.9 Mb in 0.11s]
- Downloading stringi 1.8.7 from CRAN ...       OK [11.4 Mb in 0.12s]
- Downloading stringr 1.6.0 from CRAN ...       OK [191.2 Kb]
- Downloading tidyr 1.3.2 from CRAN ...         OK [790.1 Kb]
Successfully downloaded 45 packages in 12 seconds.

# Installing packages --------------------------------------------------------
- Installing xfun 0.56 ...                      OK [built from source and cached in 4.2s]
- Installing highr 0.11 ...                     OK [built from source and cached in 1.4s]
- Installing base64enc 0.1-3 ...                OK [built from source and cached in 1.6s]
- Installing fs 1.6.6 ...                       FAILED
Traceback (most recent calls last):
13: renv::restore()
12: renv_restore_run_actions(project, diff, current, lockfile, rebuild)
11: renv_install_impl(records)
10: renv_install_staged(records)
 9: renv_install_default(records)
 8: handler(package, renv_install_package(record))
 7: renv_install_package(record)
 6: withCallingHandlers(renv_install_package_impl(record), error = function(e) writef("FAILED"))
 5: renv_install_package_impl(record)
 4: r_cmd_install(package, path)
 3: r_exec_error(package, output, "install", status)
 2: abort(all)
 1: stop(fallback)
