Cloning into 'repo'...
[1/2] template-typstcv.qmd


processing file: template-typstcv.qmd
1/12                  
2/12 [unnamed-chunk-1]
3/12                  
4/12 [unnamed-chunk-2]
5/12                  
6/12 [unnamed-chunk-3]
7/12                  
8/12 [unnamed-chunk-4]
9/12                  
10/12 [unnamed-chunk-5]
11/12                  
12/12 [unnamed-chunk-6]
output file: template-typstcv.knit.md

WARN: typst-gather analyze failed; staging all packages as fallback
[typst]: Compiling template-typstcv.typ to template-typstcv.pdf...error: unclosed label
    ┌─ template-typstcv.typ:716:52
    │
716 │ #resume-entry(title: [Ph.D. in Physics],location: [Z<U+00FC>rich, Switzerland],date: [1905],description: [University of Z<U+00FC>rich],)
    │                                                     ^^

error: unclosed label
    ┌─ template-typstcv.typ:716:121
    │
716 │ #resume-entry(title: [Ph.D. in Physics],location: [Z<U+00FC>rich, Switzerland],date: [1905],description: [University of Z<U+00FC>rich],)
    │                                                                                                                          ^^

error: unclosed label
    ┌─ template-typstcv.typ:717:53
    │
717 │ #resume-entry(title: [Master of Science],location: [Z<U+00FC>rich, Switzerland],date: [1896 - 1900],description: [ETH],)
    │                                                      ^^

error: unclosed label
    ┌─ template-typstcv.typ:724:55
    │
724 │ #resume-entry(title: [Associate Professor],location: [Z<U+00FC>rich, Switzerland],date: [1909 - 1911],description: [University of Z<U+00FC>rich],)
    │                                                        ^^

error: unclosed label
    ┌─ template-typstcv.typ:724:131
    │
724 │ #resume-entry(title: [Associate Professor],location: [Z<U+00FC>rich, Switzerland],date: [1909 - 1911],description: [University of Z<U+00FC>rich],)
    │                                                                                                                                    ^^

ERROR: error: unclosed label
    ┌─ template-typstcv.typ:716:52
    │
716 │ #resume-entry(title: [Ph.D. in Physics],location: [Z<U+00FC>rich, Switzerland],date: [1905],description: [University of Z<U+00FC>rich],)
    │                                                     ^^

error: unclosed label
    ┌─ template-typstcv.typ:716:121
    │
716 │ #resume-entry(title: [Ph.D. in Physics],location: [Z<U+00FC>rich, Switzerland],date: [1905],description: [University of Z<U+00FC>rich],)
    │                                                                                                                          ^^

error: unclosed label
    ┌─ template-typstcv.typ:717:53
    │
717 │ #resume-entry(title: [Master of Science],location: [Z<U+00FC>rich, Switzerland],date: [1896 - 1900],description: [ETH],)
    │                                                      ^^

error: unclosed label
    ┌─ template-typstcv.typ:724:55
    │
724 │ #resume-entry(title: [Associate Professor],location: [Z<U+00FC>rich, Switzerland],date: [1909 - 1911],description: [University of Z<U+00FC>rich],)
    │                                                        ^^

error: unclosed label
    ┌─ template-typstcv.typ:724:131
    │
724 │ #resume-entry(title: [Associate Professor],location: [Z<U+00FC>rich, Switzerland],date: [1909 - 1911],description: [University of Z<U+00FC>rich],)
    │                                                                                                                                    ^^


ERROR: Typst compilation failed
Render failed, retrying once...
[1/2] template-typstcv.qmd


processing file: template-typstcv.qmd
1/12                  
2/12 [unnamed-chunk-1]
3/12                  
4/12 [unnamed-chunk-2]
5/12                  
6/12 [unnamed-chunk-3]
7/12                  
8/12 [unnamed-chunk-4]
9/12                  
10/12 [unnamed-chunk-5]
11/12                  
12/12 [unnamed-chunk-6]
output file: template-typstcv.knit.md

WARN: typst-gather analyze failed; staging all packages as fallback
[typst]: Compiling template-typstcv.typ to template-typstcv.pdf...error: Uncaught (in promise) TypeError: Writable stream is closed or errored.
      process4.stdin.close();
                     ^
    at writableStreamClose (ext:deno_web/06_streams.js:4352:7)
    at WritableStream.close (ext:deno_web/06_streams.js:6466:12)
    at execProcess (file:///opt/quarto/bin/quarto.js:7857:22)
    at eventLoopTick (ext:core/01_core.js:179:7)
    at async runAnalyze (file:///opt/quarto/bin/quarto.js:135839:19)
    at async analyzeNeededPackages (file:///opt/quarto/bin/quarto.js:135888:21)
    at async stageTypstPackages (file:///opt/quarto/bin/quarto.js:135939:26)
    at async Object.complete (file:///opt/quarto/bin/quarto.js:135977:27)
    at async file:///opt/quarto/bin/quarto.js:130926:23
    at async withTimingAsync (file:///opt/quarto/bin/quarto.js:15990:21)
    at async Object.complete (file:///opt/quarto/bin/quarto.js:130912:7)
    at async Object.onPostProcess (file:///opt/quarto/bin/quarto.js:136894:28)
    at async renderFileInternal (file:///opt/quarto/bin/quarto.js:136878:3)
    at async renderFiles (file:///opt/quarto/bin/quarto.js:136597:9)
    at async renderProject (file:///opt/quarto/bin/quarto.js:137166:23)
    at async _Command.actionHandler (file:///opt/quarto/bin/quarto.js:142496:24)
    at async _Command.execute (file:///opt/quarto/bin/quarto.js:102027:7)
    at async _Command.parseCommand (file:///opt/quarto/bin/quarto.js:101904:14)
    at async quarto4 (file:///opt/quarto/bin/quarto.js:187717:5)
    at async file:///opt/quarto/bin/quarto.js:187746:5
    at async file:///opt/quarto/bin/quarto.js:187600:14
    at async mainRunner (file:///opt/quarto/bin/quarto.js:187602:5)
    at async file:///opt/quarto/bin/quarto.js:187739:3
