Cloning into 'repo'...
pandoc 
  to: latex
  output-file: template.tex
  template: _extensions/quarto-cv/template.tex
  standalone: true
  pdf-engine: pdflatex
  variables:
    graphics: true
    tables: true
  default-image-extension: pdf
  cite-method: biblatex
  
metadata
  block-headings: true
  documentclass: moderncv
  moderncvtheme: classic
  cvoption: blue
  biblatexoptions:
    - style=apa
    - backend=biber
    - sortcites=true
    - sorting=ydnt
  lang: de
  date-format: DD.MM.YYYY
  subbibliography: false
  linkcolor: black
  engines:
    - path: /opt/quarto/share/extension-subtrees/julia-engine/_extensions/julia-engine/julia-engine.js
  date: '2022-12-24'
  vorname: Prof. Dr. Georg
  nachname: Mustermann
  strasse: Reinarzstr. 49
  plz: 47805
  ort: Krefeld
  graduate: Professor für Alles
  telefon: +49 555 822 5555
  email: mustermann@hs-niederrhein.de
  passbild: foto.png
  extrainfo: 'orcid: 0000-0002-XXXX-YYYY'
  bibliography:
    - literatur.bib
  publikationen:
    - list:
        key: auswahl
        title: Publikationen (Auswahl)
  

Rendering PDF
running pdflatex - 1
  This is pdfTeX, Version 3.141592653-2.6-1.40.29 (TeX Live 2026) (preloaded format=pdflatex)
   restricted \write18 enabled.
  entering extended mode
  
updating tlmgr

updating existing packages
finding package for moderncv.cls
> 1 package to install
> installing moderncv (1 of 1)
  This is pdfTeX, Version 3.141592653-2.6-1.40.29 (TeX Live 2026) (preloaded format=pdflatex)
   restricted \write18 enabled.
  entering extended mode
  
finding package for ngerman.ldf
> 1 package to install
> installing babel-german (1 of 1)
  This is pdfTeX, Version 3.141592653-2.6-1.40.29 (TeX Live 2026) (preloaded format=pdflatex)
   restricted \write18 enabled.
  entering extended mode
  
finding package for wrapfig.sty
> 1 package to install
> installing wrapfig (1 of 1)
  This is pdfTeX, Version 3.141592653-2.6-1.40.29 (TeX Live 2026) (preloaded format=pdflatex)
   restricted \write18 enabled.
  entering extended mode
  
finding package for lastpage.sty
> 1 package to install
> installing lastpage (1 of 1)
  This is pdfTeX, Version 3.141592653-2.6-1.40.29 (TeX Live 2026) (preloaded format=pdflatex)
   restricted \write18 enabled.
  entering extended mode
  
finding package for biblatex.sty
> 1 package to install
> installing biblatex (1 of 1)
  This is pdfTeX, Version 3.141592653-2.6-1.40.29 (TeX Live 2026) (preloaded format=pdflatex)
   restricted \write18 enabled.
  entering extended mode
  
finding package for apa.dbx
finding package for biblatex-dm.cfg
finding package for apa.bbx
> 1 package to install
> installing biblatex-apa (1 of 1)
  This is pdfTeX, Version 3.141592653-2.6-1.40.29 (TeX Live 2026) (preloaded format=pdflatex)
   restricted \write18 enabled.
  entering extended mode
  
finding package for tikz.sty
finding package for biblatex-dm.cfg
> 1 package to install
> installing pgf (1 of 1)
  This is pdfTeX, Version 3.141592653-2.6-1.40.29 (TeX Live 2026) (preloaded format=pdflatex)
   restricted \write18 enabled.
  entering extended mode
  
generating bibliography
command biber not found, attempting install
finding package for biber
> 1 package to install
> installing biber (1 of 1)
  /tmp/par-53595354454d/cache-7e05ce2e4075ad6b3ba24463c5b354059f83d665/biber: exec of /tmp/par-53595354454d/cache-7e05ce2e4075ad6b3ba24463c5b354059f83d665/biber (custom Perl interpreter) failed (errno=13)
  
running pdflatex - 2
  This is pdfTeX, Version 3.141592653-2.6-1.40.29 (TeX Live 2026) (preloaded format=pdflatex)
   restricted \write18 enabled.
  entering extended mode
  
running pdflatex - 3
  This is pdfTeX, Version 3.141592653-2.6-1.40.29 (TeX Live 2026) (preloaded format=pdflatex)
   restricted \write18 enabled.
  entering extended mode
  
running pdflatex - 4
  This is pdfTeX, Version 3.141592653-2.6-1.40.29 (TeX Live 2026) (preloaded format=pdflatex)
   restricted \write18 enabled.
  entering extended mode
  
running pdflatex - 5
  This is pdfTeX, Version 3.141592653-2.6-1.40.29 (TeX Live 2026) (preloaded format=pdflatex)
   restricted \write18 enabled.
  entering extended mode
  
running pdflatex - 6
  This is pdfTeX, Version 3.141592653-2.6-1.40.29 (TeX Live 2026) (preloaded format=pdflatex)
   restricted \write18 enabled.
  entering extended mode
  
running pdflatex - 7
  This is pdfTeX, Version 3.141592653-2.6-1.40.29 (TeX Live 2026) (preloaded format=pdflatex)
   restricted \write18 enabled.
  entering extended mode
  
running pdflatex - 8
  This is pdfTeX, Version 3.141592653-2.6-1.40.29 (TeX Live 2026) (preloaded format=pdflatex)
   restricted \write18 enabled.
  entering extended mode
  
running pdflatex - 9
  This is pdfTeX, Version 3.141592653-2.6-1.40.29 (TeX Live 2026) (preloaded format=pdflatex)
   restricted \write18 enabled.
  entering extended mode
  
running pdflatex - 10
  This is pdfTeX, Version 3.141592653-2.6-1.40.29 (TeX Live 2026) (preloaded format=pdflatex)
   restricted \write18 enabled.
  entering extended mode
  
WARN: maximum number of runs (9) reached

Output created: template.pdf

pandoc 
  to: latex
  output-file: example-multi-bib.tex
  template: _extensions/quarto-cv/template.tex
  standalone: true
  pdf-engine: pdflatex
  variables:
    graphics: true
    tables: true
  default-image-extension: pdf
  cite-method: biblatex
  
metadata
  block-headings: true
  documentclass: moderncv
  moderncvtheme: casual
  cvoption: green
  biblatexoptions:
    - style=apa
    - backend=biber
    - sortcites=true
    - sorting=ydnt
  lang: de
  date-format: DD.MM.YYYY
  subbibliography: true
  linkcolor: black
  engines:
    - path: /opt/quarto/share/extension-subtrees/julia-engine/_extensions/julia-engine/julia-engine.js
  date: '2022-12-24'
  vorname: Prof. Dr. Georg
  nachname: Mustermann
  strasse: Reinarzstr. 49
  plz: 47805
  ort: Krefeld
  graduate: Professor für Alles
  telefon: +49 555 822 5555
  email: mustermann@hs-niederrhein.de
  passbild: foto.png
  extrainfo: 'orcid: 0000-0002-XXXX-YYYY'
  bibliography:
    - literatur.bib
  publikationen:
    - list:
        key: journal
        title: Zeitschriftenartikel (peer-reviewed)
    - list:
        key: buch
        title: Bücher
    - list:
        key: buchkapitel
        title: Buchkapitel
    - list:
        key: konferenz
        title: Konferenzbeiträge (peer-reviewed)
  

Rendering PDF
running pdflatex - 1
  This is pdfTeX, Version 3.141592653-2.6-1.40.29 (TeX Live 2026) (preloaded format=pdflatex)
   restricted \write18 enabled.
  entering extended mode
  
generating bibliography
  /tmp/par-53595354454d/cache-7e05ce2e4075ad6b3ba24463c5b354059f83d665/biber: exec of /tmp/par-53595354454d/cache-7e05ce2e4075ad6b3ba24463c5b354059f83d665/biber (custom Perl interpreter) failed (errno=13)
  
running pdflatex - 2
  This is pdfTeX, Version 3.141592653-2.6-1.40.29 (TeX Live 2026) (preloaded format=pdflatex)
   restricted \write18 enabled.
  entering extended mode
  
running pdflatex - 3
  This is pdfTeX, Version 3.141592653-2.6-1.40.29 (TeX Live 2026) (preloaded format=pdflatex)
   restricted \write18 enabled.
  entering extended mode
  
running pdflatex - 4
  This is pdfTeX, Version 3.141592653-2.6-1.40.29 (TeX Live 2026) (preloaded format=pdflatex)
   restricted \write18 enabled.
  entering extended mode
  
running pdflatex - 5
  This is pdfTeX, Version 3.141592653-2.6-1.40.29 (TeX Live 2026) (preloaded format=pdflatex)
   restricted \write18 enabled.
  entering extended mode
  
running pdflatex - 6
  This is pdfTeX, Version 3.141592653-2.6-1.40.29 (TeX Live 2026) (preloaded format=pdflatex)
   restricted \write18 enabled.
  entering extended mode
  
running pdflatex - 7
  This is pdfTeX, Version 3.141592653-2.6-1.40.29 (TeX Live 2026) (preloaded format=pdflatex)
   restricted \write18 enabled.
  entering extended mode
  
running pdflatex - 8
  This is pdfTeX, Version 3.141592653-2.6-1.40.29 (TeX Live 2026) (preloaded format=pdflatex)
   restricted \write18 enabled.
  entering extended mode
  
running pdflatex - 9
  This is pdfTeX, Version 3.141592653-2.6-1.40.29 (TeX Live 2026) (preloaded format=pdflatex)
   restricted \write18 enabled.
  entering extended mode
  
running pdflatex - 10
  This is pdfTeX, Version 3.141592653-2.6-1.40.29 (TeX Live 2026) (preloaded format=pdflatex)
   restricted \write18 enabled.
  entering extended mode
  
WARN: maximum number of runs (9) reached

Output created: example-multi-bib.pdf

