pandoc 

  to: latex
  output-file: template.tex
  standalone: true
  pdf-engine: lualatex
  variables:
    graphics: true
    tables: true
  default-image-extension: pdf
  cite-method: natbib
  

metadata

  block-headings: true
  csl: _extensions/acs/american-chemical-society.csl
  environments:
    - scheme
    - chart
    - graph
    - tocentry
    - acknowledgement
    - suppinfo
  commands:
    - ce
  biblio-config: false
  engines:
    - path: /opt/quarto/share/extension-subtrees/julia-engine/_extensions/julia-engine/julia-engine.js
  author:
    - name: Andrew N. Other
      note: A shared note
    - name: Fred T. Secondauthor
      affiliations:
        - name: Current address
          city: Some other place
          country: Germany
    - name: I. Ken Groupleader
      email: i.k.groupleader@unknown.uu
      phone: +123 (0)123 4445556
      fax: +123 (0)123 4445557
      affiliations:
        - id: unknown1
          name: Unknown University
          department: Department of Chemistry
          town: Unknown Town
        - id: second-uni
          name: Second University
          department: Department of Chemistry
          town: Nearby Town
      note: A shared note
    - name: Susanne K. Laborator
      email: s.k.laborator@bigpharma.co
      affiliations:
        - name: BigPharma
          town: Big Town
          country: USA
    - name: Kay T. Finally
      affiliations:
        - ref: second-uni
        - ref: unknown1
  title: A demonstration of the _achemso_ {{< latex >}} class^[A footnote for the title]
  title-short: An _achemso_ demo
  keywords: American Chemical Society, LaTeX
  abstract: |
    This is an example document for the _achemso_ documentclass, intended for submissions to the American Chemical Society for publication. The class is based on the standard LaTeXe _report_ file, and does not seek to reproduce the appearanceof a published paper.
    This is an abstract for the _achemso_ document class demonstration document.  An abstract is only allowed for certain manuscript types.  The selection of `journal` and `manuscript` will determine if an abstract is valid.  If not, the class will issue an appropriate error.This is the abstract.
  bibliography:
    - bibliography.bib
  journal:
    id: jacsat
    type: article
    layout: traditional
    hide-email: false
    abbreviations: IR,NMR,UV
  

WARNING (/opt/quarto/share/filters/main.lua:21973) Shortcode 'smallcaps' not found


Rendering PDF

running lualatex - 1

  This is LuaHBTeX, Version 1.24.0 (TeX Live 2026) 
   restricted system commands enabled.
  

updating tlmgr



updating existing packages

finding package for achemso.cls

> 1 package to install

> installing achemso (1 of 1)

(WARN) Error encountered when rendering files

(ERROR) tlmgr returned a non zero status code
You don't have permission to change the installation in any way,
specifically, the directory /opt/tinytex/tlpkg/ is not writable.
Please run this program as administrator, or contact your local admin.
tlmgr: An error has occurred. See above messages. Exiting.


Stack trace:
    at renderFiles (file:///opt/quarto/bin/quarto.js:136533:49)
    at eventLoopTick (ext:core/01_core.js:179:7)
    at async render (file:///opt/quarto/bin/quarto.js:142161:19)
    at async _Command.actionHandler (file:///opt/quarto/bin/quarto.js:142406:24)
    at async _Command.execute (file:///opt/quarto/bin/quarto.js:102029:7)
    at async _Command.parseCommand (file:///opt/quarto/bin/quarto.js:101906:14)
    at async quarto4 (file:///opt/quarto/bin/quarto.js:187554:5)
    at async file:///opt/quarto/bin/quarto.js:187582:5
    at async file:///opt/quarto/bin/quarto.js:187437:14
    at async mainRunner (file:///opt/quarto/bin/quarto.js:187439:5)
    at async file:///opt/quarto/bin/quarto.js:187575:3

