

processing file: template.qmd

1/9           

2/9 [fig-view]

3/9           

4/9 [fig-r]   

5/9           

6/9 [tbl-r]   

7/9           

8/9 [fig-wide]

9/9           

output file: template.knit.md


Warning messages:
1: Duplicated chunk option(s) 'echo' in both chunk header and pipe comments of the chunk 'fig-r'. 
2: In png::readPNG(path, native = TRUE, info = TRUE) :
  libpng warning: iCCP: profile 'icc': 0h: PCS illuminant is not D50
3: In png::readPNG(path, native = TRUE, info = TRUE) :
  libpng warning: iCCP: profile 'icc': 'RGB ': RGB color space not permitted on grayscale PNG

pandoc 

  to: latex
  output-file: template.tex
  standalone: true
  pdf-engine: pdflatex
  variables:
    graphics: true
    tables: true
  default-image-extension: pdf
  toc: false
  cite-method: natbib
  

metadata

  block-headings: true
  documentclass: apsr_submission
  biblio-config: false
  engines:
    - path: /opt/quarto/share/extension-subtrees/julia-engine/_extensions/julia-engine/julia-engine.js
  title: Quarto Title for the *APSR*
  runningtitle: Quarto APSR
  runningauthor: One, Two, and Three
  author:
    - name: Author One
      affiliations:
        - name: An Organization
      note: Author One is PhD Candidate, ABC Department, Affiliation A, 12345 NY. (a.1@example.edu)
    - name: Author Two
      affiliations:
        - Affiliation B
      note: Author Two is Assistant Professor, Faculty of Z, Affiliation B, 42813. Corresponding Author (a.2@acme.edu) Additional notes about Author Two.
    - name: Author Three
      affiliations:
        - A Third Organization
      note: Author Three is ...
  abstract: |
    This document is a template demonstrating the APSR format.
    Make sure it is long enough to work with the automatic dropcap.
    That means you need at least three lines worth of text. That is a lot of
    text for this example, but the APSR allows 150 words in the abstract at the
    time of writing this example.
  bibliography:
    - bibliography.bib
  classoption: twocolumn
  nonblind: true
  word-count: '{{wordcountref}}'
  

This is a note for this figure.	


A ggplot	


This is a wide figure.	



Rendering PDF

running pdflatex - 1

  This is pdfTeX, Version 3.141592653-2.6-1.40.29 (TeX Live 2026) (preloaded format=pdflatex)
   restricted \write18 enabled.
  entering extended mode
  

updating tlmgr



updating existing packages

finding package for silence.sty

> 1 package to install

> installing silence (1 of 1)

(WARN) Error encountered when rendering files

(ERROR) tlmgr returned a non zero status code
You don't have permission to change the installation in any way,
specifically, the directory /opt/tinytex/tlpkg/ is not writable.
Please run this program as administrator, or contact your local admin.
tlmgr: An error has occurred. See above messages. Exiting.


Stack trace:
    at renderFiles (file:///opt/quarto/bin/quarto.js:136533:49)
    at eventLoopTick (ext:core/01_core.js:179:7)
    at async render (file:///opt/quarto/bin/quarto.js:142161:19)
    at async _Command.actionHandler (file:///opt/quarto/bin/quarto.js:142406:24)
    at async _Command.execute (file:///opt/quarto/bin/quarto.js:102029:7)
    at async _Command.parseCommand (file:///opt/quarto/bin/quarto.js:101906:14)
    at async quarto4 (file:///opt/quarto/bin/quarto.js:187554:5)
    at async file:///opt/quarto/bin/quarto.js:187582:5
    at async file:///opt/quarto/bin/quarto.js:187437:14
    at async mainRunner (file:///opt/quarto/bin/quarto.js:187439:5)
    at async file:///opt/quarto/bin/quarto.js:187575:3

