

processing file: example.qmd

1/12                  

2/12 [unnamed-chunk-1]

3/12                  

4/12 [unnamed-chunk-2]

5/12                  

6/12 [unnamed-chunk-3]

7/12                  

8/12 [unnamed-chunk-4]

9/12                  

10/12 [unnamed-chunk-5]

11/12                  
12/12 [unnamed-chunk-6]

output file: example.knit.md


pandoc 

  to: html
  output-file: example.html
  standalone: true
  section-divs: true
  html-math-method: mathjax
  wrap: none
  default-image-extension: png
  variables: {}
  

metadata

  document-css: false
  link-citations: true
  date-format: long
  lang: en
  engines:
    - path: /opt/quarto/share/extension-subtrees/julia-engine/_extensions/julia-engine/julia-engine.js
  title: Example Toggle
  

Output created: example.html


