

processing file: qtoggle-global-toggle.qmd

1/11                  

2/11 [unnamed-chunk-1]

3/11                  
4/11 [unnamed-chunk-2]

5/11                  

6/11 [unnamed-chunk-3]

7/11                  

8/11 [unnamed-chunk-4]

9/11                  

10/11 [unnamed-chunk-5]

11/11                  

output file: qtoggle-global-toggle.knit.md


pandoc 

  to: html
  output-file: qtoggle-global-toggle.html
  standalone: true
  title-prefix: toggle
  section-divs: true
  html-math-method: mathjax
  wrap: none
  default-image-extension: png
  toc: true
  variables: {}
  

metadata

  document-css: false
  link-citations: true
  date-format: long
  lang: en
  engines:
    - path: /opt/quarto/share/extension-subtrees/julia-engine/_extensions/julia-engine/julia-engine.js
  theme:
    light: flatly
    dark: darkly
  title: Global Control
  subtitle: One button for the whole page
  extensions:
    toggle:
      output-toggle: true
      global-toggle: true
  

Output created: _site/qtoggle-global-toggle.html


