Cloning into 'repo'...
Installing package into '/home/runner/work/quarto-extensions/quarto-extensions/test-4/R/x86_64-pc-linux-gnu-library/4.5'
(as 'lib' is unspecified)
trying URL 'https://packagemanager.posit.co/cran/latest/src/contrib/renv_1.2.1.tar.gz'
Content type 'binary/octet-stream' length 1357218 bytes (1.3 MB)
==================================================
downloaded 1.3 MB

* installing *source* package 'renv' ...
** this is package 'renv' version '1.2.1'
** package 'renv' successfully unpacked and MD5 sums checked
** using staged installation
** R
** inst
** byte-compile and prepare package for lazy loading
** help
*** installing help indices
*** copying figures
** building package indices
** installing vignettes
** testing if installed package can be loaded from temporary location
** checking absolute paths in shared objects and dynamic libraries
** testing if installed package can be loaded from final location
** testing if installed package keeps a record of temporary installation path
* DONE (renv)

The downloaded source packages are in
	'/tmp/RtmpyDezkH/downloaded_packages'


processing file: qtoggle-persistence.qmd
1/3                  
2/3 [unnamed-chunk-1]
3/3                  
output file: qtoggle-persistence.knit.md

pandoc 
  to: html
  output-file: qtoggle-persistence.html
  standalone: true
  title-prefix: toggle
  section-divs: true
  html-math-method: mathjax
  wrap: none
  default-image-extension: png
  toc: true
  variables: {}
  
metadata
  document-css: false
  link-citations: true
  date-format: long
  lang: en
  engines:
    - path: /opt/quarto/share/extension-subtrees/julia-engine/_extensions/julia-engine/julia-engine.js
  theme:
    light: flatly
    dark: darkly
  title: Remember State
  subtitle: Persist toggle choices across page visits
  extensions:
    toggle:
      output-toggle: true
      persist: true
  
Output created: _site/qtoggle-persistence.html



processing file: qtoggle-custom-text.qmd
1/9                  
2/9 [unnamed-chunk-1]
3/9                  
4/9 [unnamed-chunk-2]
5/9                  
6/9 [unnamed-chunk-3]
7/9                  
8/9 [unnamed-chunk-4]
9/9                  
output file: qtoggle-custom-text.knit.md

pandoc 
  to: html
  output-file: qtoggle-custom-text.html
  standalone: true
  title-prefix: toggle
  section-divs: true
  html-math-method: mathjax
  wrap: none
  default-image-extension: png
  toc: true
  variables: {}
  
metadata
  document-css: false
  link-citations: true
  date-format: long
  lang: en
  engines:
    - path: /opt/quarto/share/extension-subtrees/julia-engine/_extensions/julia-engine/julia-engine.js
  theme:
    light: flatly
    dark: darkly
  title: Custom Labels
  subtitle: Name your buttons to match the content
  extensions:
    toggle:
      output-toggle: true
      button-text: Result
  
Output created: _site/qtoggle-custom-text.html

pandoc 
  to: html
  output-file: qtoggle-faq.html
  standalone: true
  title-prefix: toggle
  section-divs: true
  html-math-method: mathjax
  wrap: none
  default-image-extension: png
  toc: true
  variables: {}
  
metadata
  document-css: false
  link-citations: true
  date-format: long
  lang: en
  engines:
    - path: /opt/quarto/share/extension-subtrees/julia-engine/_extensions/julia-engine/julia-engine.js
  theme:
    light: flatly
    dark: darkly
  title: Frequently Asked Questions
  date: 05-13-2025
  date-modified: last-modified
  
Output created: _site/qtoggle-faq.html



processing file: qtoggle-demo.qmd
1/21                   
2/21 [unnamed-chunk-1] 
3/21                   
4/21 [unnamed-chunk-2] 
5/21                   
6/21 [unnamed-chunk-3] 
7/21                   
8/21 [unnamed-chunk-4] 
9/21                   
10/21 [unnamed-chunk-5] 
11/21                   
12/21 [unnamed-chunk-6] 
13/21                   
14/21 [unnamed-chunk-7] 
15/21                   
16/21 [unnamed-chunk-8] 
17/21                   
18/21 [unnamed-chunk-9] 
19/21                   
20/21 [unnamed-chunk-10]
21/21                   
output file: qtoggle-demo.knit.md

pandoc 
  to: html
  output-file: qtoggle-demo.html
  standalone: true
  title-prefix: toggle
  section-divs: true
  html-math-method: mathjax
  wrap: none
  default-image-extension: png
  toc: true
  variables: {}
  
metadata
  document-css: false
  link-citations: true
  date-format: long
  lang: en
  engines:
    - path: /opt/quarto/share/extension-subtrees/julia-engine/_extensions/julia-engine/julia-engine.js
  theme:
    light: flatly
    dark: darkly
  title: Data Analysis Demo
  subtitle: Document-wide toggle in action
  extensions:
    toggle:
      output-toggle: true
      global-toggle: true
  
Output created: _site/qtoggle-demo.html



processing file: qtoggle-sync-mode.qmd
1/9                  
2/9 [unnamed-chunk-1]
3/9                  
4/9 [unnamed-chunk-2]
5/9                  
6/9 [unnamed-chunk-3]
7/9                  
8/9 [unnamed-chunk-4]
9/9                  
output file: qtoggle-sync-mode.knit.md

pandoc 
  to: html
  output-file: qtoggle-sync-mode.html
  standalone: true
  title-prefix: toggle
  section-divs: true
  html-math-method: mathjax
  wrap: none
  default-image-extension: png
  toc: true
  variables: {}
  
metadata
  document-css: false
  link-citations: true
  date-format: long
  lang: en
  engines:
    - path: /opt/quarto/share/extension-subtrees/julia-engine/_extensions/julia-engine/julia-engine.js
  theme:
    light: flatly
    dark: darkly
  title: Sync Multiple Outputs
  subtitle: Toggle related outputs together
  extensions:
    toggle:
      output-toggle: true
  
Output created: _site/qtoggle-sync-mode.html



processing file: qtoggle-nested-containers.qmd
1/23                   
2/23 [unnamed-chunk-1] 
3/23                   
4/23 [unnamed-chunk-2] 
Downloading cpython-3.12.13-linux-x86_64-gnu (download) (32.9MiB)
 Downloaded cpython-3.12.13-linux-x86_64-gnu (download)
Downloading numpy (15.9MiB)
 Downloaded numpy
Installed 1 package in 85ms
5/23                   
6/23 [unnamed-chunk-3] 
7/23                   
8/23 [unnamed-chunk-4] 
9/23                   
10/23 [unnamed-chunk-5] 
11/23                   
12/23 [unnamed-chunk-6] 
13/23                   
14/23 [unnamed-chunk-7] 
15/23                   
16/23 [unnamed-chunk-8] 
17/23                   
18/23 [unnamed-chunk-9] 
19/23                   
20/23 [unnamed-chunk-10]
21/23                   
22/23 [unnamed-chunk-11]
23/23                   
output file: qtoggle-nested-containers.knit.md

pandoc 
  to: html
  output-file: qtoggle-nested-containers.html
  standalone: true
  title-prefix: toggle
  section-divs: true
  html-math-method: mathjax
  wrap: none
  default-image-extension: png
  toc: true
  variables: {}
  
metadata
  document-css: false
  link-citations: true
  date-format: long
  lang: en
  engines:
    - path: /opt/quarto/share/extension-subtrees/julia-engine/_extensions/julia-engine/julia-engine.js
  theme:
    light: flatly
    dark: darkly
  title: Nested Containers
  subtitle: Toggle works inside tabsets, callouts, and more
  extensions:
    toggle:
      output-toggle: true
  
Output created: _site/qtoggle-nested-containers.html

pandoc 
  to: html
  output-file: qtoggle-styling.html
  standalone: true
  title-prefix: toggle
  section-divs: true
  html-math-method: mathjax
  wrap: none
  default-image-extension: png
  toc: true
  variables: {}
  
metadata
  document-css: false
  link-citations: true
  date-format: long
  lang: en
  engines:
    - path: /opt/quarto/share/extension-subtrees/julia-engine/_extensions/julia-engine/julia-engine.js
  theme:
    light: flatly
    dark: darkly
  title: Custom Styling
  subtitle: Customize the appearance of toggle buttons
  
Output created: _site/qtoggle-styling.html



processing file: qtoggle-global-toggle.qmd
1/11                  
2/11 [unnamed-chunk-1]
3/11                  
4/11 [unnamed-chunk-2]
5/11                  
6/11 [unnamed-chunk-3]
7/11                  
8/11 [unnamed-chunk-4]
9/11                  
10/11 [unnamed-chunk-5]
11/11                  
output file: qtoggle-global-toggle.knit.md

pandoc 
  to: html
  output-file: qtoggle-global-toggle.html
  standalone: true
  title-prefix: toggle
  section-divs: true
  html-math-method: mathjax
  wrap: none
  default-image-extension: png
  toc: true
  variables: {}
  
metadata
  document-css: false
  link-citations: true
  date-format: long
  lang: en
  engines:
    - path: /opt/quarto/share/extension-subtrees/julia-engine/_extensions/julia-engine/julia-engine.js
  theme:
    light: flatly
    dark: darkly
  title: Global Control
  subtitle: One button for the whole page
  extensions:
    toggle:
      output-toggle: true
      global-toggle: true
  
Output created: _site/qtoggle-global-toggle.html

pandoc 
  to: html
  output-file: qtoggle-release-notes.html
  standalone: true
  title-prefix: toggle
  section-divs: true
  html-math-method: mathjax
  wrap: none
  default-image-extension: png
  toc: true
  variables: {}
  
metadata
  document-css: false
  link-citations: true
  date-format: long
  lang: en
  engines:
    - path: /opt/quarto/share/extension-subtrees/julia-engine/_extensions/julia-engine/julia-engine.js
  theme:
    light: flatly
    dark: darkly
  title: Release Notes
  
Output created: _site/qtoggle-release-notes.html



processing file: qtoggle-quick-start.qmd
1/9                  
2/9 [unnamed-chunk-1]
3/9                  
4/9 [unnamed-chunk-2]
5/9                  
6/9 [unnamed-chunk-3]
7/9                  
8/9 [unnamed-chunk-4]
9/9                  
output file: qtoggle-quick-start.knit.md

pandoc 
  to: html
  output-file: qtoggle-quick-start.html
  standalone: true
  title-prefix: toggle
  section-divs: true
  html-math-method: mathjax
  wrap: none
  default-image-extension: png
  toc: true
  variables: {}
  
metadata
  document-css: false
  link-citations: true
  date-format: long
  lang: en
  engines:
    - path: /opt/quarto/share/extension-subtrees/julia-engine/_extensions/julia-engine/julia-engine.js
  theme:
    light: flatly
    dark: darkly
  title: Quick Start
  subtitle: Your first toggle button
  extensions:
    toggle:
      output-toggle: true
  
Output created: _site/qtoggle-quick-start.html

pandoc 
  to: html
  output-file: index.html
  standalone: true
  title-prefix: toggle
  section-divs: true
  html-math-method: mathjax
  wrap: none
  default-image-extension: png
  toc: true
  variables: {}
  
metadata
  document-css: false
  link-citations: true
  date-format: long
  lang: en
  engines:
    - path: /opt/quarto/share/extension-subtrees/julia-engine/_extensions/julia-engine/julia-engine.js
  theme:
    light: flatly
    dark: darkly
  title: Toggle
  subtitle: Give your readers control over what they see
  
Output created: _site/index.html



processing file: qtoggle-hidden-default.qmd
1/7                  
2/7 [unnamed-chunk-1]
3/7                  
4/7 [unnamed-chunk-2]
5/7                  
6/7 [unnamed-chunk-3]
7/7                  
output file: qtoggle-hidden-default.knit.md

pandoc 
  to: html
  output-file: qtoggle-hidden-default.html
  standalone: true
  title-prefix: toggle
  section-divs: true
  html-math-method: mathjax
  wrap: none
  default-image-extension: png
  toc: true
  variables: {}
  
metadata
  document-css: false
  link-citations: true
  date-format: long
  lang: en
  engines:
    - path: /opt/quarto/share/extension-subtrees/julia-engine/_extensions/julia-engine/julia-engine.js
  theme:
    light: flatly
    dark: darkly
  title: Hide by Default
  subtitle: Start collapsed, reveal on demand
  extensions:
    toggle:
      output-toggle: true
      output-hidden: true
  
Output created: _site/qtoggle-hidden-default.html



processing file: example.qmd
1/12                  
2/12 [unnamed-chunk-1]
3/12                  
4/12 [unnamed-chunk-2]
5/12                  
6/12 [unnamed-chunk-3]
7/12                  
8/12 [unnamed-chunk-4]
9/12                  
10/12 [unnamed-chunk-5]
11/12                  
12/12 [unnamed-chunk-6]
output file: example.knit.md

pandoc 
  to: html
  output-file: example.html
  standalone: true
  section-divs: true
  html-math-method: mathjax
  wrap: none
  default-image-extension: png
  variables: {}
  
metadata
  document-css: false
  link-citations: true
  date-format: long
  lang: en
  engines:
    - path: /opt/quarto/share/extension-subtrees/julia-engine/_extensions/julia-engine/julia-engine.js
  title: Example Toggle
  
Output created: example.html

