Cloning into 'repo'...
Installing package into '/home/runner/work/quarto-extensions/quarto-extensions/test-6/R/x86_64-pc-linux-gnu-library/4.5'
(as 'lib' is unspecified)
trying URL 'https://packagemanager.posit.co/cran/latest/src/contrib/renv_1.2.0.tar.gz'
Content type 'binary/octet-stream' length 1342988 bytes (1.3 MB)
==================================================
downloaded 1.3 MB

* installing *source* package 'renv' ...
** this is package 'renv' version '1.2.0'
** package 'renv' successfully unpacked and MD5 sums checked
** using staged installation
** R
** inst
** byte-compile and prepare package for lazy loading
** help
*** installing help indices
*** copying figures
** building package indices
** installing vignettes
** testing if installed package can be loaded from temporary location
** checking absolute paths in shared objects and dynamic libraries
** testing if installed package can be loaded from final location
** testing if installed package keeps a record of temporary installation path
* DONE (renv)

The downloaded source packages are in
	'/tmp/Rtmpr8X8SU/downloaded_packages'


processing file: template.qmd
1/4                  
2/4 [unnamed-chunk-1]
3/4                  
4/4 [unnamed-chunk-2]
output file: template.knit.md

Error adding css vars block SCSSParsingError: SCSS Parsing Error: Expecting punctuation: ")" (3143:53)
    at cssVarsBlock (file:///opt/quarto/bin/quarto.js:87043:15)
    at file:///opt/quarto/bin/quarto.js:87589:35
    at file:///opt/quarto/bin/quarto.js:87237:33
    at eventLoopTick (ext:core/01_core.js:179:7)
    at async handleVarsBlock (file:///opt/quarto/bin/quarto.js:87510:23)
    at async file:///opt/quarto/bin/quarto.js:87536:17
    at async SassCache.setFromHash (file:///opt/quarto/bin/quarto.js:79973:11)
    at async compileSass (file:///opt/quarto/bin/quarto.js:87348:19)
    at async revealTheme (file:///opt/quarto/bin/quarto.js:184201:15)
    at async Object.formatExtras (file:///opt/quarto/bin/quarto.js:184358:23)
    at async runPandoc (file:///opt/quarto/bin/quarto.js:129151:56)
    at async renderPandoc (file:///opt/quarto/bin/quarto.js:130856:24)
    at async Object.onRender (file:///opt/quarto/bin/quarto.js:136889:30)
    at async renderFileInternal (file:///opt/quarto/bin/quarto.js:136866:9)
    at async renderFiles (file:///opt/quarto/bin/quarto.js:136597:9)
    at async render (file:///opt/quarto/bin/quarto.js:142251:19)
    at async _Command.actionHandler (file:///opt/quarto/bin/quarto.js:142496:24)
    at async _Command.execute (file:///opt/quarto/bin/quarto.js:102027:7)
    at async _Command.parseCommand (file:///opt/quarto/bin/quarto.js:101904:14)
    at async quarto4 (file:///opt/quarto/bin/quarto.js:187717:5)
    at async file:///opt/quarto/bin/quarto.js:187746:5
    at async file:///opt/quarto/bin/quarto.js:187600:14
    at async mainRunner (file:///opt/quarto/bin/quarto.js:187602:5)
    at async file:///opt/quarto/bin/quarto.js:187739:3 {
  name: "SCSSParsingError"
}
The resulting CSS file will not have SCSS color variables exported as CSS.
This is likely a Quarto bug.
Please consider reporting it at https://github.com/quarto-dev/quarto-cli,
along with the _quarto_internal_scss_error.scss file that can be found in the current working directory.
ERROR: Theme file compilation failed:

Error: There is no module with the namespace "sass-color".
     ╷
3131 │ @if (sass-color.blackness($backgroundColor) > $code-block-theme-dark-threshhold) {
     │      ^^^^^^^^^^^^^^^^^^^^^^^^^^^^^^^^^^^^^^
     ╵

Stack trace:
    at dartCommand (file:///opt/quarto/bin/quarto.js:79096:11)
    at eventLoopTick (ext:core/01_core.js:179:7)
    at async dartCompile (file:///opt/quarto/bin/quarto.js:79050:3)
    at async file:///opt/quarto/bin/quarto.js:87537:9
    at async SassCache.setFromHash (file:///opt/quarto/bin/quarto.js:79973:11)
    at async compileSass (file:///opt/quarto/bin/quarto.js:87348:19)
    at async revealTheme (file:///opt/quarto/bin/quarto.js:184201:15)
    at async Object.formatExtras (file:///opt/quarto/bin/quarto.js:184358:23)
    at async runPandoc (file:///opt/quarto/bin/quarto.js:129151:56)
    at async renderPandoc (file:///opt/quarto/bin/quarto.js:130856:24)
    at async Object.onRender (file:///opt/quarto/bin/quarto.js:136889:30)
    at async renderFileInternal (file:///opt/quarto/bin/quarto.js:136866:9)
    at async renderFiles (file:///opt/quarto/bin/quarto.js:136597:9)
    at async render (file:///opt/quarto/bin/quarto.js:142251:19)
    at async _Command.actionHandler (file:///opt/quarto/bin/quarto.js:142496:24)
    at async _Command.execute (file:///opt/quarto/bin/quarto.js:102027:7)
    at async _Command.parseCommand (file:///opt/quarto/bin/quarto.js:101904:14)
    at async quarto4 (file:///opt/quarto/bin/quarto.js:187717:5)
    at async file:///opt/quarto/bin/quarto.js:187746:5
    at async file:///opt/quarto/bin/quarto.js:187600:14
    at async mainRunner (file:///opt/quarto/bin/quarto.js:187602:5)
    at async file:///opt/quarto/bin/quarto.js:187739:3
Render failed, retrying once...


processing file: template.qmd
1/4                  
2/4 [unnamed-chunk-1]
3/4                  
4/4 [unnamed-chunk-2]
output file: template.knit.md

Error adding css vars block SCSSParsingError: SCSS Parsing Error: Expecting punctuation: ")" (3143:53)
    at cssVarsBlock (file:///opt/quarto/bin/quarto.js:87043:15)
    at file:///opt/quarto/bin/quarto.js:87589:35
    at file:///opt/quarto/bin/quarto.js:87237:33
    at eventLoopTick (ext:core/01_core.js:179:7)
    at async handleVarsBlock (file:///opt/quarto/bin/quarto.js:87510:23)
    at async file:///opt/quarto/bin/quarto.js:87536:17
    at async SassCache.setFromHash (file:///opt/quarto/bin/quarto.js:79973:11)
    at async compileSass (file:///opt/quarto/bin/quarto.js:87348:19)
    at async revealTheme (file:///opt/quarto/bin/quarto.js:184201:15)
    at async Object.formatExtras (file:///opt/quarto/bin/quarto.js:184358:23)
    at async runPandoc (file:///opt/quarto/bin/quarto.js:129151:56)
    at async renderPandoc (file:///opt/quarto/bin/quarto.js:130856:24)
    at async Object.onRender (file:///opt/quarto/bin/quarto.js:136889:30)
    at async renderFileInternal (file:///opt/quarto/bin/quarto.js:136866:9)
    at async renderFiles (file:///opt/quarto/bin/quarto.js:136597:9)
    at async render (file:///opt/quarto/bin/quarto.js:142251:19)
    at async _Command.actionHandler (file:///opt/quarto/bin/quarto.js:142496:24)
    at async _Command.execute (file:///opt/quarto/bin/quarto.js:102027:7)
    at async _Command.parseCommand (file:///opt/quarto/bin/quarto.js:101904:14)
    at async quarto4 (file:///opt/quarto/bin/quarto.js:187717:5)
    at async file:///opt/quarto/bin/quarto.js:187746:5
    at async file:///opt/quarto/bin/quarto.js:187600:14
    at async mainRunner (file:///opt/quarto/bin/quarto.js:187602:5)
    at async file:///opt/quarto/bin/quarto.js:187739:3 {
  name: "SCSSParsingError"
}
The resulting CSS file will not have SCSS color variables exported as CSS.
This is likely a Quarto bug.
Please consider reporting it at https://github.com/quarto-dev/quarto-cli,
along with the _quarto_internal_scss_error.scss file that can be found in the current working directory.
ERROR: Theme file compilation failed:

Error: There is no module with the namespace "sass-color".
     ╷
3131 │ @if (sass-color.blackness($backgroundColor) > $code-block-theme-dark-threshhold) {
     │      ^^^^^^^^^^^^^^^^^^^^^^^^^^^^^^^^^^^^^^
     ╵

Stack trace:
    at dartCommand (file:///opt/quarto/bin/quarto.js:79096:11)
    at eventLoopTick (ext:core/01_core.js:179:7)
    at async dartCompile (file:///opt/quarto/bin/quarto.js:79050:3)
    at async file:///opt/quarto/bin/quarto.js:87537:9
    at async SassCache.setFromHash (file:///opt/quarto/bin/quarto.js:79973:11)
    at async compileSass (file:///opt/quarto/bin/quarto.js:87348:19)
    at async revealTheme (file:///opt/quarto/bin/quarto.js:184201:15)
    at async Object.formatExtras (file:///opt/quarto/bin/quarto.js:184358:23)
    at async runPandoc (file:///opt/quarto/bin/quarto.js:129151:56)
    at async renderPandoc (file:///opt/quarto/bin/quarto.js:130856:24)
    at async Object.onRender (file:///opt/quarto/bin/quarto.js:136889:30)
    at async renderFileInternal (file:///opt/quarto/bin/quarto.js:136866:9)
    at async renderFiles (file:///opt/quarto/bin/quarto.js:136597:9)
    at async render (file:///opt/quarto/bin/quarto.js:142251:19)
    at async _Command.actionHandler (file:///opt/quarto/bin/quarto.js:142496:24)
    at async _Command.execute (file:///opt/quarto/bin/quarto.js:102027:7)
    at async _Command.parseCommand (file:///opt/quarto/bin/quarto.js:101904:14)
    at async quarto4 (file:///opt/quarto/bin/quarto.js:187717:5)
    at async file:///opt/quarto/bin/quarto.js:187746:5
    at async file:///opt/quarto/bin/quarto.js:187600:14
    at async mainRunner (file:///opt/quarto/bin/quarto.js:187602:5)
    at async file:///opt/quarto/bin/quarto.js:187739:3
