Dependency install phase for hrbrmstr/quarto-organization-template: auto-detect
Auto-detecting R dependencies for hrbrmstr/quarto-organization-template (knitr engine, no renv.lock).
** libs
using C compiler: 'gcc (Ubuntu 11.4.0-1ubuntu1~22.04.3) 11.4.0'
gcc -I"/opt/R/4.5.3/lib/R/include" -DNDEBUG   -I/usr/local/include    -fpic  -g -O2  -c renv.c -o renv.o
gcc -shared -L/opt/R/4.5.3/lib/R/lib -L/usr/local/lib -o renv.so renv.o -L/opt/R/4.5.3/lib/R/lib -lR
Installing R packages: tidyverse 
Using PKG_CFLAGS=
Using PKG_LIBS=-lfreetype -lpng16 -ltiff -lz -ljpeg -lbz2 -lwebp -lwebpmux
-----------------------------[ ANTICONF ]-------------------------------
Configuration failed to find one of freetype2 libpng libtiff-4 libjpeg libwebp libwebpmux. Try installing:
 * deb: libfreetype6-dev libpng-dev libtiff5-dev libjpeg-dev libwebp-dev (Debian, Ubuntu, etc)
 * rpm: freetype-devel libpng-devel libtiff-devel libjpeg-devel libwebp-devel (Fedora, CentOS, RHEL)
 * apk: harfbuzz-dev fribidi-dev (Alpine)
 * brew: freetype libpng libtiff zlib libjpeg-turbo webp (OSX)
If freetype2 libpng libtiff-4 libjpeg libwebp libwebpmux is already installed, check that 'pkg-config' is in your
PATH and PKG_CONFIG_PATH contains a freetype2 libpng libtiff-4 libjpeg libwebp libwebpmux.pc file. If pkg-config
is unavailable you can set INCLUDE_DIR and LIB_DIR manually via:
R CMD INSTALL --configure-vars='INCLUDE_DIR=... LIB_DIR=...'
-------------------------- [ERROR MESSAGE] ---------------------------
<stdin>:1:10: fatal error: ft2build.h: No such file or directory
compilation terminated.
--------------------------------------------------------------------
tlmgr: package repository https://ctan.math.utah.edu/ctan/tex-archive/systems/texlive/tlnet (verified)
tlmgr: no self-updates for tlmgr available
Using CTAN mirror: https://ctan.math.utah.edu/ctan/tex-archive/systems/texlive/tlnet
