Cloning into 'repo'...
Installing package into '/home/runner/work/quarto-extensions/quarto-extensions/test-21/R/x86_64-pc-linux-gnu-library/4.5'
(as 'lib' is unspecified)
trying URL 'https://packagemanager.posit.co/cran/__linux__/jammy/latest/src/contrib/renv_1.1.8.tar.gz'
Content type 'binary/octet-stream' length 2336300 bytes (2.2 MB)
==================================================
downloaded 2.2 MB

* installing *binary* package 'renv' ...
* DONE (renv)

The downloaded source packages are in
	'/tmp/RtmpKXEO2W/downloaded_packages'
The R temporary directory appears to be within a folder mounted as 'noexec'.
Installation of R packages from sources may fail.
See the section **Note** within `?INSTALL` for more details.

tempdir(): /tmp/RtmpKXEO2W
Installing packages into '/home/runner/work/quarto-extensions/quarto-extensions/test-21/R/x86_64-pc-linux-gnu-library/4.5'
(as 'lib' is unspecified)
also installing the dependencies 'bayestestR', 'datawizard', 'checkmate', 'insight', 'parameters', 'performance', 'tables', 'tinytable', 'ragg'

trying URL 'https://cloud.r-project.org/src/contrib/bayestestR_0.17.0.tar.gz'
trying URL 'https://cloud.r-project.org/src/contrib/datawizard_1.3.0.tar.gz'
trying URL 'https://cloud.r-project.org/src/contrib/checkmate_2.3.4.tar.gz'
trying URL 'https://cloud.r-project.org/src/contrib/insight_1.4.6.tar.gz'
trying URL 'https://cloud.r-project.org/src/contrib/parameters_0.28.3.tar.gz'
trying URL 'https://cloud.r-project.org/src/contrib/performance_0.16.0.tar.gz'
trying URL 'https://cloud.r-project.org/src/contrib/tables_0.9.33.tar.gz'
trying URL 'https://cloud.r-project.org/src/contrib/tinytable_0.16.0.tar.gz'
trying URL 'https://cloud.r-project.org/src/contrib/ragg_1.5.1.tar.gz'
trying URL 'https://cloud.r-project.org/src/contrib/modelsummary_2.6.0.tar.gz'
trying URL 'https://cloud.r-project.org/src/contrib/tidyverse_2.0.0.tar.gz'
* installing *source* package 'checkmate' ...
** this is package 'checkmate' version '2.3.4'
** package 'checkmate' successfully unpacked and MD5 sums checked
** using staged installation
** libs
using C compiler: 'gcc (Ubuntu 11.4.0-1ubuntu1~22.04.3) 11.4.0'
installing to /home/runner/work/quarto-extensions/quarto-extensions/test-21/R/x86_64-pc-linux-gnu-library/4.5/00LOCK-checkmate/00new/checkmate/libs
** R
** inst
** byte-compile and prepare package for lazy loading
** help
*** installing help indices
** building package indices
** installing vignettes
** testing if installed package can be loaded from temporary location
** checking absolute paths in shared objects and dynamic libraries
** testing if installed package can be loaded from final location
** testing if installed package keeps a record of temporary installation path
* DONE (checkmate)
* installing *source* package 'insight' ...
** this is package 'insight' version '1.4.6'
** package 'insight' successfully unpacked and MD5 sums checked
** using staged installation
** R
** data
** inst
** byte-compile and prepare package for lazy loading
** help
*** installing help indices
*** copying figures
** building package indices
** installing vignettes
** testing if installed package can be loaded from temporary location
** testing if installed package can be loaded from final location
** testing if installed package keeps a record of temporary installation path
* DONE (insight)
* installing *source* package 'tables' ...
** this is package 'tables' version '0.9.33'
** package 'tables' successfully unpacked and MD5 sums checked
** using staged installation
** R
** inst
** byte-compile and prepare package for lazy loading
** help
*** installing help indices
** building package indices
** installing vignettes
** testing if installed package can be loaded from temporary location
** testing if installed package can be loaded from final location
** testing if installed package keeps a record of temporary installation path
* DONE (tables)
* installing *source* package 'tinytable' ...
** this is package 'tinytable' version '0.16.0'
** package 'tinytable' successfully unpacked and MD5 sums checked
** using staged installation
** R
** inst
** byte-compile and prepare package for lazy loading
** help
*** installing help indices
*** copying figures
** building package indices
** testing if installed package can be loaded from temporary location
** testing if installed package can be loaded from final location
** testing if installed package keeps a record of temporary installation path
* DONE (tinytable)
* installing *source* package 'ragg' ...
** this is package 'ragg' version '1.5.1'
** package 'ragg' successfully unpacked and MD5 sums checked
** using staged installation
ERROR: 'configure' exists but is not executable -- see the 'R Installation and Administration Manual'
* removing '/home/runner/work/quarto-extensions/quarto-extensions/test-21/R/x86_64-pc-linux-gnu-library/4.5/ragg'
* installing *source* package 'datawizard' ...
** this is package 'datawizard' version '1.3.0'
** package 'datawizard' successfully unpacked and MD5 sums checked
** using staged installation
** R
** data
** inst
** byte-compile and prepare package for lazy loading
** help
*** installing help indices
*** copying figures
** building package indices
** installing vignettes
** testing if installed package can be loaded from temporary location
** testing if installed package can be loaded from final location
** testing if installed package keeps a record of temporary installation path
* DONE (datawizard)
ERROR: dependency 'ragg' is not available for package 'tidyverse'
Perhaps try a variation of:
install.packages('ragg')
* removing '/home/runner/work/quarto-extensions/quarto-extensions/test-21/R/x86_64-pc-linux-gnu-library/4.5/tidyverse'
* installing *source* package 'bayestestR' ...
** this is package 'bayestestR' version '0.17.0'
** package 'bayestestR' successfully unpacked and MD5 sums checked
** using staged installation
** R
** data
** inst
** byte-compile and prepare package for lazy loading
** help
*** installing help indices
*** copying figures
** building package indices
** installing vignettes
** testing if installed package can be loaded from temporary location
** testing if installed package can be loaded from final location
** testing if installed package keeps a record of temporary installation path
* DONE (bayestestR)
* installing *source* package 'parameters' ...
** this is package 'parameters' version '0.28.3'
** package 'parameters' successfully unpacked and MD5 sums checked
** using staged installation
** R
** data
** inst
** byte-compile and prepare package for lazy loading
** help
*** installing help indices
*** copying figures
** building package indices
** installing vignettes
** testing if installed package can be loaded from temporary location
** testing if installed package can be loaded from final location
** testing if installed package keeps a record of temporary installation path
* DONE (parameters)
* installing *source* package 'performance' ...
** this is package 'performance' version '0.16.0'
** package 'performance' successfully unpacked and MD5 sums checked
** using staged installation
** R
** inst
** byte-compile and prepare package for lazy loading
** help
*** installing help indices
*** copying figures
** building package indices
** testing if installed package can be loaded from temporary location
** testing if installed package can be loaded from final location
** testing if installed package keeps a record of temporary installation path
* DONE (performance)
* installing *source* package 'modelsummary' ...
** this is package 'modelsummary' version '2.6.0'
** package 'modelsummary' successfully unpacked and MD5 sums checked
** using staged installation
** R
** inst
** byte-compile and prepare package for lazy loading
** help
*** installing help indices
*** copying figures
** building package indices
** testing if installed package can be loaded from temporary location
** testing if installed package can be loaded from final location
** testing if installed package keeps a record of temporary installation path
* DONE (modelsummary)

The downloaded source packages are in
	'/tmp/RtmpKXEO2W/downloaded_packages'
Warning messages:
1: In install.packages(deps, repos = "https://cloud.r-project.org") :
  installation of package 'ragg' had non-zero exit status
2: In install.packages(deps, repos = "https://cloud.r-project.org") :
  installation of package 'tidyverse' had non-zero exit status


processing file: template.qmd
1/11                   
2/11 [setup]           
trying URL 'https://packagemanager.posit.co/cran/__linux__/jammy/latest/src/contrib/ragg_1.5.1.tar.gz'
trying URL 'https://packagemanager.posit.co/cran/__linux__/jammy/latest/src/contrib/tidyverse_2.0.0.tar.gz'
* installing *binary* package 'ragg' ...
* DONE (ragg)
* installing *binary* package 'tidyverse' ...
* DONE (tidyverse)

The downloaded source packages are in
	'/tmp/RtmpmjflZ4/downloaded_packages'
3/11                   
4/11 [unnamed-chunk-1] 
5/11                   
6/11 [tbl-penguin-data]
7/11                   
8/11 [fig-template]    
9/11                   
10/11 [tbl-reg]         
11/11                   
output file: template.knit.md

pandoc 
  to: latex
  output-file: template.tex
  standalone: true
  pdf-engine: lualatex
  variables:
    graphics: true
    tables: true
  default-image-extension: pdf
  toc: false
  
metadata
  block-headings: false
  knitr:
    opts_chunk:
      echo: false
      message: false
      warning: false
  documentclass: article
  papersize: letter
  fontsize: 12pt
  geometry: margin=1in
  colorlinks: true
  urlcolor: red
  engines:
    - path: /opt/quarto/share/extension-subtrees/julia-engine/_extensions/julia-engine/julia-engine.js
  title: Demo of the AOG Article Template
  shorttitle: AOG Template
  shortauthors: Doe & Doe
  author:
    - name: John Doe
      orcid: 0000-0000-0000-0000
      email: john@somewhere.edu
      attributes:
        corresponding: true
      affiliations:
        - id: uni
          name: University of State
          department: Department of Awesome
    - name: Jane Doe
      affiliations:
        - ref: uni
  abstract: |
    Ipsum nostra facilisis sapien nullam. Facilisi himenaeos pharetra ultricies scelerisque non fusce quisque aliquam netus tellus. Dictum tellus et sociis quisque ornare ad a natoque magna blandit. Tortor duis aptent cursus lacus inceptos tristique magnis dictumst. Taciti varius nascetur aliquet hac ornare vitae ultricies. Rhoncus primis purus morbi aliquet quam cubilia nullam malesuada ridiculus.
  keywords:
    - template
    - demo
  thanks: Love to everyone.
  reference-section-title: Bibliography
  bibliography:
    - bibliography.bib
  csl: https://www.zotero.org/styles/american-journal-of-sociology
  

Rendering PDF
running lualatex - 1
  This is LuaHBTeX, Version 1.24.0 (TeX Live 2026) 
   restricted system commands enabled.
  
  luaotfload | db : Font names database not found, generating new one.
  luaotfload | db : This can take several minutes; please be patient.
updating tlmgr

updating existing packages
finding package for abstract.sty
> 1 package to install
> installing abstract (1 of 1)
  This is LuaHBTeX, Version 1.24.0 (TeX Live 2026) 
   restricted system commands enabled.
  
finding package for titling.sty
> 1 package to install
> installing titling (1 of 1)
  This is LuaHBTeX, Version 1.24.0 (TeX Live 2026) 
   restricted system commands enabled.
  
finding package for orcidlink.sty
> 1 package to install
> installing orcidlink (1 of 1)
  This is LuaHBTeX, Version 1.24.0 (TeX Live 2026) 
   restricted system commands enabled.
  
finding package for tikz.sty
> 1 package to install
> installing pgf (1 of 1)
  This is LuaHBTeX, Version 1.24.0 (TeX Live 2026) 
   restricted system commands enabled.
  
finding package for titlesec.sty
> 1 package to install
> installing titlesec (1 of 1)
  This is LuaHBTeX, Version 1.24.0 (TeX Live 2026) 
   restricted system commands enabled.
  
finding package for fancyhdr.sty
> 2 packages to install
> installing fancyhdr (1 of 2)
> installing pdftex (2 of 2)
  This is LuaHBTeX, Version 1.24.0 (TeX Live 2026) 
   restricted system commands enabled.
  
finding package for caption.sty
> 1 package to install
> installing caption (1 of 1)
  This is LuaHBTeX, Version 1.24.0 (TeX Live 2026) 
   restricted system commands enabled.
  
finding package for colortbl.sty
> 1 package to install
> installing colortbl (1 of 1)
  This is LuaHBTeX, Version 1.24.0 (TeX Live 2026) 
   restricted system commands enabled.
  
finding package for anyfontsize.sty
> 1 package to install
> installing anyfontsize (1 of 1)
  This is LuaHBTeX, Version 1.24.0 (TeX Live 2026) 
   restricted system commands enabled.
  
finding package for multirow.sty
> 1 package to install
> installing multirow (1 of 1)
  This is LuaHBTeX, Version 1.24.0 (TeX Live 2026) 
   restricted system commands enabled.
  
running lualatex - 2
  This is LuaHBTeX, Version 1.24.0 (TeX Live 2026) 
   restricted system commands enabled.
  

Output created: template.pdf

