

pandoc 

  to: html
  output-file: customized_loa_header.html
  standalone: true
  title-prefix: acronyms
  section-divs: true
  html-math-method: mathjax
  wrap: none
  default-image-extension: png
  toc: true
  variables: {}
  

metadata

  document-css: false
  link-citations: true
  date-format: long
  lang: en
  engines:
    - path: /opt/quarto/share/extension-subtrees/julia-engine/_extensions/julia-engine/julia-engine.js
  theme: cosmo
  title: Customizing the List of Acronyms title
  description: |
    Read how to customize the List of Acronyms title (header), including putting it in an unnumbered section.
  

Output created: ../_site/advanced/customized_loa_header.html


