Cloning into 'repo'...
pandoc 
  to: latex
  output-file: template.tex
  template: _extensions/quarto-cv/quarto-cv.tex
  standalone: true
  pdf-engine: lualatex
  variables:
    graphics: true
    tables: true
  default-image-extension: pdf
  toc: false
  
metadata
  block-headings: true
  linkcolor: blue
  urlcolor: blue
  geometry: margin=1in
  biblio-config: false
  engines:
    - path: /opt/quarto/share/extension-subtrees/julia-engine/_extensions/julia-engine/julia-engine.js
  title: CV
  author: William Gosset
  date: last-modified
  phone: 123-456-7890
  address: Guinness Brewery · Park Royal · London NW10 7RR, UK
  email: guinness@consumer-care.net
  fontsize: 11pt
  orcid: 0000-0002-1825-0097
  web: quarto.org
  fontawesome: 'yes'
  nocite: '@*'
  bibliography:
    peer: peer_bib.bib
    other: other_bib.bib
  csl: apa-cv.csl
  
[WARNING] Citeproc: Citation with no printed form: 
[WARNING] Citeproc: Citation with no printed form: 

Rendering PDF
running lualatex - 1
  This is LuaHBTeX, Version 1.24.0 (TeX Live 2026) 
   restricted system commands enabled.
  
  luaotfload | db : Font names database not found, generating new one.
  luaotfload | db : This can take several minutes; please be patient.
updating tlmgr

updating existing packages
finding package for ebgaramond-maths.sty
> 1 package to install
> installing ebgaramond-maths (1 of 1)
ERROR: NotFound: No such file or directory (os error 2)

Stack trace:
    at Object.cwd (ext:deno_fs/30_fs.js:152:10)
    at normalizePath (file:///opt/quarto/bin/quarto.js:8154:23)
    at FileInformationCacheMap.has (file:///opt/quarto/bin/quarto.js:77115:26)
    at ensureFileInformationCache (file:///opt/quarto/bin/quarto.js:77105:41)
    at fileExecutionEngineAndTarget (file:///opt/quarto/bin/quarto.js:77381:18)
    at Object.fileExecutionEngineAndTarget (file:///opt/quarto/bin/quarto.js:142133:14)
    at render (file:///opt/quarto/bin/quarto.js:142233:36)
    at eventLoopTick (ext:core/01_core.js:179:7)
    at async _Command.actionHandler (file:///opt/quarto/bin/quarto.js:142470:24)
    at async _Command.execute (file:///opt/quarto/bin/quarto.js:102091:7)
    at async _Command.parseCommand (file:///opt/quarto/bin/quarto.js:101968:14)
    at async quarto4 (file:///opt/quarto/bin/quarto.js:187649:5)
    at async file:///opt/quarto/bin/quarto.js:187677:5
    at async file:///opt/quarto/bin/quarto.js:187532:14
    at async mainRunner (file:///opt/quarto/bin/quarto.js:187534:5)
    at async file:///opt/quarto/bin/quarto.js:187670:3
Render failed, retrying once...
shell-init: error retrieving current directory: getcwd: cannot access parent directories: No such file or directory
chdir: error retrieving current directory: getcwd: cannot access parent directories: No such file or directory
error: Failed getting cwd.

Caused by:
    No such file or directory (os error 2)
