pandoc 

  to: html
  output-file: example.html
  standalone: true
  section-divs: true
  html-math-method: mathjax
  wrap: none
  default-image-extension: png
  variables: {}
  

metadata

  document-css: false
  link-citations: true
  date-format: long
  lang: en
  title: Quarto-svgbob Example
  

Error runnin
g filter /opt/quarto/share/filters/main.lua:
svgbob: createProcess: posix_spawnp: permission denied (Permission denied)
stack traceback:
	.../test-3/
repo/_extensions/quarto-svgbob/quarto-svgbob.lua:27: in local 'render_cmd'
	...
/test-3/repo/_extensions/quarto-svgbob/quarto-svgbob.lua:43: in global 'Ren
der'
	.../test-3/repo/_extensions/quarto-svgbob/quarto-svgbob.lua:64: in fu
nction <.../test-3/repo/_extensions/quarto-svgbob/quarto-svgbob.lua
:63>
	[C]: in ?
	[C]: in method 'walk'
	/opt/quarto/
share/pandoc/datadir/_utils.lua:607: 
in function '_utils.walk'
	/opt/quarto/share/filters/m
ain.lua:572: in local 'checked_walk'
	/opt/quarto/share/filters/main.lua:
627: in function 'run_emulated_filter'
	/opt/quarto/sh
are/filters/main.lua:1314: in l
ocal 'callback'
	[string "i
f pandoc.system.os == "min
gw32" then..."]:778: in fi
eld 'withScriptFile'
	/opt
/quarto/share/filters/ma
in.lua:1330: in upvalue 
'run_emulated_filter_chai
n'
	/opt/quarto/share/fi
lters/main.lua:1368: in f
unction </opt/quarto/shar
e/filters/main.lua:1365>

stack traceback:
	/opt/quarto/sh
are/pandoc/datadir/_utils.l
ua:607: in function '_uti
ls.walk'
	/opt/quarto/sh
are/filters/main.lua:572:
 in local 'checked_walk'

	/opt/quarto/share/fil
ters/main.lua:627: in fun
ction 'run_emulated_fil
ter'

	/opt/quarto/share/filters/
main.lua:1314: in local '
callback'
	[string "if p
andoc.system.os == "mingw32" 
then..."]:778: in field 'withS
criptFile'
	/opt/quarto/s
hare/filters/main.lua:133
0: in upvalue 'run_emulated
_filter_chain'
	/opt/quar
to/share/filters/main.lu
a:1368: in function </op
t/quarto/share/filters/
main.lua:1365>

(WARN) Error encountered when rendering files

