Cloning into 'repo'...
pandoc 
  to: html
  output-file: example-combine.html
  standalone: true
  embed-resources: true
  section-divs: true
  html-math-method: mathjax
  wrap: none
  default-image-extension: png
  number-sections: true
  
metadata
  document-css: false
  link-citations: true
  date-format: long
  lang: en
  title: Offset Headings — Combined Rules
  subtitle: Document-level offset combined with per-heading offsets, max-level cap, and cascade depth
  author:
    - name: Mickaël CANOUIL, _Ph.D._
      orcid: 0000-0002-3396-4549
      url: https://mickael.canouil.fr
  extensions:
    offset-headings:
      by: 1
  
Output created: example-combine.html

pandoc 
  to: typst
  output-file: example-combine.typ
  standalone: true
  shift-heading-level-by: -1
  default-image-extension: svg
  wrap: none
  citeproc: false
  number-sections: true
  
metadata
  section-numbering: 1.1.a
  title: Offset Headings — Combined Rules
  subtitle: Document-level offset combined with per-heading offsets, max-level cap, and cascade depth
  author:
    - name: Mickaël CANOUIL, _Ph.D._
      orcid: 0000-0002-3396-4549
      url: https://mickael.canouil.fr
  extensions:
    offset-headings:
      by: 1
  papersize: a4
  margin:
    x: 2.5cm
    'y': 2.5cm
  
[typst]: Compiling example-combine.typ to example-combine.pdf...DONE

Output created: example-combine-typst.pdf

pandoc 
  to: html
  output-file: index.html
  standalone: true
  embed-resources: true
  section-divs: true
  html-math-method: mathjax
  wrap: none
  default-image-extension: png
  number-sections: true
  
metadata
  document-css: false
  link-citations: true
  date-format: long
  lang: en
  title: Offset Headings
  subtitle: Quarto Extension
  author:
    - name: Mickaël CANOUIL, _Ph.D._
      orcid: 0000-0002-3396-4549
      url: https://mickael.canouil.fr
  
Output created: index.html

pandoc 
  to: typst
  output-file: example.typ
  standalone: true
  shift-heading-level-by: -1
  default-image-extension: svg
  wrap: none
  citeproc: false
  number-sections: true
  
metadata
  section-numbering: 1.1.a
  title: Offset Headings
  subtitle: Quarto Extension
  author:
    - name: Mickaël CANOUIL, _Ph.D._
      orcid: 0000-0002-3396-4549
      url: https://mickael.canouil.fr
  papersize: a4
  margin:
    x: 2.5cm
    'y': 2.5cm
  
[typst]: Compiling example.typ to example.pdf...DONE

Output created: example-typst.pdf

