Dependency source policy check passed for kazuyanagimoto/quarto-academic-typst.
Dependency install phase for kazuyanagimoto/quarto-academic-typst: renv.lock
Installing R dependencies from renv.lock for kazuyanagimoto/quarto-academic-typst.
# Bootstrapping renv 1.1.6 ---------------------------------------------------
- Downloading renv ... OK
- Installing renv  ... OK

- One or more packages recorded in the lockfile are not installed.
- Use `renv::status()` for more details.
renv 1.1.6 was loaded from project library, but this project is configured to use renv 1.1.6.
- Use `renv::record("renv@1.1.6")` to record renv 1.1.6 in the lockfile.
- Use `renv::restore(packages = "renv")` to install renv 1.1.6 into the project library.
- One or more packages recorded in the lockfile are not installed.
- Use `renv::status()` for more details.
The following required system packages are not installed:
- pandoc  [required by knitr, rmarkdown, tables]
The R packages depending on these system packages may fail to install.

An administrator can install these packages with:
- sudo apt install pandoc

The following package(s) will be updated:

# Repository -----------------------------------------------------------------
- base64enc      [0.1-6 -> 0.1-3]
- bslib          [0.10.0 -> 0.9.0]
- data.table     [1.18.2.1 -> 1.18.0]
- dplyr          [1.2.0 -> 1.1.4]
- fs             [2.0.0 -> 1.6.6]
- ggplot2        [4.0.2 -> 4.0.1]
- highr          [0.12 -> 0.11]
- vctrs          [0.7.2 -> 0.7.1]
- viridisLite    [0.4.3 -> 0.4.2]
- xfun           [0.57 -> 0.56]
- bayestestR     [* -> 0.17.0]
- checkmate      [* -> 2.3.3]
- datawizard     [* -> 1.3.0]
- insight        [* -> 1.4.4]
- modelsummary   [* -> 2.5.0]
- parameters     [* -> 0.28.3]
- patchwork      [* -> 1.3.2]
- performance    [* -> 0.15.3]
- showtext       [* -> 0.9-7]
- showtextdb     [* -> 3.0]
- sysfonts       [* -> 0.8.9]
- tables         [* -> 0.9.33]
- tinytable      [* -> 0.15.2]

# Downloading packages -------------------------------------------------------
- Querying repositories for available source packages ... Done!
- Downloading fs 1.6.6 ...                      OK [302.3 Kb in 0.16s]
- Downloading vctrs 0.7.1 ...                   OK [1.4 Mb in 0.55s]
- Downloading base64enc 0.1-3 ...               OK [26 Kb in 0.21s]
- Downloading bslib 0.9.0 ...                   OK [5.4 Mb in 0.2s]
- Downloading highr 0.11 ...                    OK [36.7 Kb in 0.15s]
- Downloading xfun 0.56 ...                     OK [581.3 Kb in 0.21s]
- Downloading data.table 1.18.0 ...             OK [2.8 Mb in 0.59s]
- Downloading dplyr 1.1.4 ...                   OK [1.4 Mb in 0.21s]
- Downloading ggplot2 4.0.1 ...                 OK [8.1 Mb in 0.3s]
- Downloading viridisLite 0.4.2 ...             OK [1.2 Mb in 0.2s]
- Downloading bayestestR 0.17.0 ...             OK [1.1 Mb in 0.16s]
- Downloading insight 1.4.4 ...                 OK [2.4 Mb in 0.72s]
- Downloading datawizard 1.3.0 ...              OK [1.1 Mb in 0.15s]
- Downloading checkmate 2.3.3 ...               OK [759.1 Kb in 0.17s]
- Downloading modelsummary 2.5.0 ...            OK [3.1 Mb in 0.52s]
- Downloading parameters 0.28.3 ...             OK [2.1 Mb in 0.17s]
- Downloading performance 0.15.3 ...            OK [3.1 Mb in 0.5s]
- Downloading tables 0.9.33 ...                 OK [856.4 Kb in 0.21s]
- Downloading tinytable 0.15.2 ...              OK [941.1 Kb in 0.49s]
- Downloading patchwork 1.3.2 ...               OK [3.2 Mb in 0.2s]
- Downloading showtext 0.9-7 ...                OK [271.9 Kb in 0.3s]
- Downloading sysfonts 0.8.9 ...                OK [1.2 Mb in 0.16s]
- Downloading showtextdb 3.0 ...                OK [1.9 Mb in 0.18s]
Successfully downloaded 23 packages in 10 seconds.

# Installing packages --------------------------------------------------------
- Installing fs 1.6.6 ...                       OK [installed binary and cached in 0.31s]
- Installing vctrs 0.7.1 ...                    OK [installed binary and cached in 0.42s]
- Installing base64enc 0.1-3 ...                OK [installed binary and cached in 0.25s]
- Installing bslib 0.9.0 ...                    OK [installed binary and cached in 0.64s]
- Installing xfun 0.56 ...                      OK [installed binary and cached in 0.26s]
- Installing highr 0.11 ...                     OK [installed binary and cached in 0.26s]
- Installing data.table 1.18.0 ...              OK [installed binary and cached in 0.4s]
- Installing dplyr 1.1.4 ...                    OK [installed binary and cached in 0.58s]
- Installing viridisLite 0.4.2 ...              OK [installed binary and cached in 0.25s]
- Installing ggplot2 4.0.1 ...                  OK [installed binary and cached in 1.1s]
- Installing insight 1.4.4 ...                  OK [installed binary and cached in 0.31s]
- Installing datawizard 1.3.0 ...               OK [installed binary and cached in 0.35s]
- Installing bayestestR 0.17.0 ...              OK [installed binary and cached in 0.3s]
- Installing checkmate 2.3.3 ...                OK [installed binary and cached in 0.29s]
- Installing parameters 0.28.3 ...              OK [installed binary and cached in 0.38s]
- Installing performance 0.15.3 ...             OK [installed binary and cached in 0.35s]
- Installing tables 0.9.33 ...                  OK [installed binary and cached in 0.41s]
- Installing tinytable 0.15.2 ...               OK [installed binary and cached in 0.33s]
- Installing modelsummary 2.5.0 ...             OK [installed binary and cached in 0.47s]
- Installing patchwork 1.3.2 ...                OK [installed binary and cached in 0.98s]
- Installing sysfonts 0.8.9 ...                 OK [installed binary and cached in 0.29s]
- Installing showtextdb 3.0 ...                 OK [installed binary and cached in 0.27s]
- Installing showtext 0.9-7 ...                 OK [installed binary and cached in 0.29s]
tlmgr: package repository https://ctan.math.illinois.edu/systems/texlive/tlnet (verified)
tlmgr: no self-updates for tlmgr available
