
Starting python3 kernel...
Done


Executing 'asce-template.quarto_ipynb'

  Cell 1/1: 'fig-fill-between'...


An error occurred while executing the following cell:
------------------

import matplotlib.pyplot as plt
import numpy as np

# use SciencePlots package
# to install the latest release (from PyPI)
# pip install SciencePlots

# to install the latest commit (from GitHub)
# pip install git+https://github.com/garrettj403/SciencePlots

# plt.style.use(['science','ieee']) 

np.random.seed(1)
x = np.linspace(0, 8, 16)
y1 = 3 + 4*x/8 + np.random.uniform(0.0, 0.5, len(x))
y2 = 1 + 2*x/8 + np.random.uniform(0.0, 0.5, len(x))

# plot
fig, ax = plt.subplots()

ax.fill_between(x, y1, y2, alpha=.5, linewidth=0)
ax.plot(x, (y1 + y2)/2, linewidth=2)

ax.set(xlim=(0, 8), xticks=np.arange(1, 8),
       ylim=(0, 8), yticks=np.arange(1, 8))

plt.show()
------------------


---------------------------------------------------------------------------
ModuleNotFoundError                       Traceback (most recent call last)
Cell In[1], line 1
----> 1 import matplotlib.pyplot as plt
      2 import numpy as np
      4 # use SciencePlots package
      5 # to install the latest release (from PyPI)
      6 # pip install SciencePlots
   (...)     10 
     11 # plt.style.use(['science','ieee']) 

ModuleNotFoundError: No module named 'matplotlib'


(WARN) Error encountered when rendering files

