Cloning into 'repo'...
Using CPython 3.13.9 interpreter at: /usr/local/python/current/bin/python
Creating virtual environment at: .venv
Activate with: source .venv/bin/activate
Resolved 11 packages in 99ms
Downloading kiwisolver (1.4MiB)
Downloading pillow (6.7MiB)
Downloading matplotlib (8.3MiB)
Downloading numpy (15.8MiB)
Downloading fonttools (4.7MiB)
 Downloaded kiwisolver
 Downloaded pillow
 Downloaded fonttools
 Downloaded matplotlib
 Downloaded numpy
Prepared 11 packages in 489ms
Installed 11 packages in 275ms
 + contourpy==1.3.3
 + cycler==0.12.1
 + fonttools==4.62.1
 + kiwisolver==1.5.0
 + matplotlib==3.10.8
 + numpy==2.4.3
 + packaging==26.0
 + pillow==12.1.1
 + pyparsing==3.3.2
 + python-dateutil==2.9.0.post0
 + six==1.17.0
/usr/local/bin/tlmgr: open(>/opt/tinytex/tlpkg/texlive.tlpdb.tmp) failed: Permission denied at /opt/tinytex/tlpkg/TeXLive/TLPDB.pm line 611.
CTAN mirror https://ctan.math.utah.edu/ctan/tex-archive/systems/texlive/tlnet failed, trying next...
/usr/local/bin/tlmgr: open(>/opt/tinytex/tlpkg/texlive.tlpdb.tmp) failed: Permission denied at /opt/tinytex/tlpkg/TeXLive/TLPDB.pm line 611.
CTAN mirror https://ctan.math.illinois.edu/systems/texlive/tlnet failed, trying next...
/usr/local/bin/tlmgr: open(>/opt/tinytex/tlpkg/texlive.tlpdb.tmp) failed: Permission denied at /opt/tinytex/tlpkg/TeXLive/TLPDB.pm line 611.
CTAN mirror https://mirrors.rit.edu/CTAN/systems/texlive/tlnet failed, trying next...
/usr/local/bin/tlmgr: open(>/opt/tinytex/tlpkg/texlive.tlpdb.tmp) failed: Permission denied at /opt/tinytex/tlpkg/TeXLive/TLPDB.pm line 611.
CTAN mirror https://mirror.ctan.org/systems/texlive/tlnet failed, trying next...
All CTAN mirrors failed. LaTeX packages may not install.

Starting python3 kernel...Traceback (most recent call last):
  File "/opt/quarto/share/jupyter/jupyter.py", line 20, in <module>
    from notebook import notebook_execute, RestartKernel
  File "/opt/quarto/share/jupyter/notebook.py", line 15, in <module>
    from yaml import safe_load as parse_string
ModuleNotFoundError: No module named 'yaml'
Python 3 installation:
{}

Jupyter is not available in this Python installation.
Install with python3 -m pip install jupyter

WARN: Error encountered when rendering files
Render failed, retrying once...

Starting python3 kernel...Traceback (most recent call last):
  File "/opt/quarto/share/jupyter/jupyter.py", line 20, in <module>
    from notebook import notebook_execute, RestartKernel
  File "/opt/quarto/share/jupyter/notebook.py", line 15, in <module>
    from yaml import safe_load as parse_string
ModuleNotFoundError: No module named 'yaml'
Python 3 installation:
{}

Jupyter is not available in this Python installation.
Install with python3 -m pip install jupyter

WARN: Error encountered when rendering files
