Cloning into 'repo'...
[1/4] index.qmd


processing file: index.qmd
1/5                  
2/5 [unnamed-chunk-1]
3/5                  
4/5 [unnamed-chunk-2]
Error in loadNamespace(x) : there is no package called 'reticulate'
Calls: .main ... loadNamespace -> withRestarts -> withOneRestart -> doWithOneRestart
In addition: Warning message:
The 'python' engine in knitr requires the reticulate package. If you do not want to use the reticulate package, set the chunk option python.reticulate = FALSE. 

Quitting from index.qmd:154-158 [unnamed-chunk-2]
Execution halted
WARN: Error encountered when rendering files
Render failed, retrying once...
[1/4] index.qmd


processing file: index.qmd
1/5                  
2/5 [unnamed-chunk-1]
3/5                  
4/5 [unnamed-chunk-2]
Error in loadNamespace(x) : there is no package called 'reticulate'
Calls: .main ... loadNamespace -> withRestarts -> withOneRestart -> doWithOneRestart
In addition: Warning message:
The 'python' engine in knitr requires the reticulate package. If you do not want to use the reticulate package, set the chunk option python.reticulate = FALSE. 

Quitting from index.qmd:154-158 [unnamed-chunk-2]
Execution halted
WARN: Error encountered when rendering files
