Dependency install phase for andrewheiss/hikmah-academic-quarto: auto-detect
Auto-detecting R dependencies for andrewheiss/hikmah-academic-quarto (knitr engine, no renv.lock).
Installing R packages: magick, quarto, tidyverse 
gcc -I"/opt/R/4.5.3/lib/R/include" -DNDEBUG   -I/usr/local/include    -fpic  -g -O2  -c exec.c -o exec.o
gcc -I"/opt/R/4.5.3/lib/R/include" -DNDEBUG   -I/usr/local/include    -fpic  -g -O2  -c init.c -o init.o
gcc -shared -L/opt/R/4.5.3/lib/R/lib -L/usr/local/lib -o sys.so exec.o init.o -L/opt/R/4.5.3/lib/R/lib -lR
gcc -I"/opt/R/4.5.3/lib/R/include" -DNDEBUG   -I/usr/local/include    -fpic  -g -O2  -c attrutil.c -o attrutil.o
gcc -I"/opt/R/4.5.3/lib/R/include" -DNDEBUG   -I/usr/local/include    -fpic  -g -O2  -c bit.c -o bit.o
gcc -I"/opt/R/4.5.3/lib/R/include" -DNDEBUG   -I/usr/local/include    -fpic  -g -O2  -c chunkutil.c -o chunkutil.o
gcc -I"/opt/R/4.5.3/lib/R/include" -DNDEBUG   -I/usr/local/include    -fpic  -g -O2  -c clone.c -o clone.o
gcc -I"/opt/R/4.5.3/lib/R/include" -DNDEBUG   -I/usr/local/include    -fpic  -g -O2  -c init.c -o init.o
gcc -I"/opt/R/4.5.3/lib/R/include" -DNDEBUG   -I/usr/local/include    -fpic  -g -O2  -c integerutil.c -o integerutil.o
gcc -I"/opt/R/4.5.3/lib/R/include" -DNDEBUG   -I/usr/local/include    -fpic  -g -O2  -c merge.c -o merge.o
gcc -I"/opt/R/4.5.3/lib/R/include" -DNDEBUG   -I/usr/local/include    -fpic  -g -O2  -c rle.c -o rle.o
gcc -I"/opt/R/4.5.3/lib/R/include" -DNDEBUG   -I/usr/local/include    -fpic  -g -O2  -c sort.c -o sort.o
gcc -shared -L/opt/R/4.5.3/lib/R/lib -L/usr/local/lib -o bit.so attrutil.o bit.o chunkutil.o clone.o init.o integerutil.o merge.o rle.o sort.o -L/opt/R/4.5.3/lib/R/lib -lR
g++ -std=gnu++17 -I"/opt/R/4.5.3/lib/R/include" -DNDEBUG   -I/usr/local/include    -fpic  -g -O2   -c ColorSpace.cpp -o ColorSpace.o
g++ -std=gnu++17 -I"/opt/R/4.5.3/lib/R/include" -DNDEBUG   -I/usr/local/include    -fpic  -g -O2   -c Comparison.cpp -o Comparison.o
g++ -std=gnu++17 -I"/opt/R/4.5.3/lib/R/include" -DNDEBUG   -I/usr/local/include    -fpic  -g -O2   -c Conversion.cpp -o Conversion.o
g++ -std=gnu++17 -I"/opt/R/4.5.3/lib/R/include" -DNDEBUG   -I/usr/local/include    -fpic  -g -O2   -c encode.cpp -o encode.o
g++ -std=gnu++17 -I"/opt/R/4.5.3/lib/R/include" -DNDEBUG   -I/usr/local/include    -fpic  -g -O2   -c farver.cpp -o farver.o
g++ -std=gnu++17 -I"/opt/R/4.5.3/lib/R/include" -DNDEBUG   -I/usr/local/include    -fpic  -g -O2   -c init.cpp -o init.o
g++ -std=gnu++17 -shared -L/opt/R/4.5.3/lib/R/lib -L/usr/local/lib -o farver.so ColorSpace.o Comparison.o Conversion.o encode.o farver.o init.o -L/opt/R/4.5.3/lib/R/lib -lR
gcc -I"/opt/R/4.5.3/lib/R/include" -DNDEBUG   -I/usr/local/include    -fpic  -g -O2  -c dotsElt.c -o dotsElt.o
gcc -I"/opt/R/4.5.3/lib/R/include" -DNDEBUG   -I/usr/local/include    -fpic  -g -O2  -c dotsLength.c -o dotsLength.o
gcc -I"/opt/R/4.5.3/lib/R/include" -DNDEBUG   -I/usr/local/include    -fpic  -g -O2  -c dotsNames.c -o dotsNames.o
gcc -I"/opt/R/4.5.3/lib/R/include" -DNDEBUG   -I/usr/local/include    -fpic  -g -O2  -c init.c -o init.o
gcc -shared -L/opt/R/4.5.3/lib/R/lib -L/usr/local/lib -o backports.so dotsElt.o dotsLength.o dotsNames.o init.o -L/opt/R/4.5.3/lib/R/lib -lR
gcc -I"/opt/R/4.5.3/lib/R/include" -DNDEBUG   -I/usr/local/include   -fvisibility=hidden -fpic  -g -O2  -c glue.c -o glue.o
gcc -I"/opt/R/4.5.3/lib/R/include" -DNDEBUG   -I/usr/local/include   -fvisibility=hidden -fpic  -g -O2  -c init.c -o init.o
gcc -I"/opt/R/4.5.3/lib/R/include" -DNDEBUG   -I/usr/local/include   -fvisibility=hidden -fpic  -g -O2  -c trim.c -o trim.o
gcc -shared -L/opt/R/4.5.3/lib/R/lib -L/usr/local/lib -o glue.so glue.o init.o trim.o -L/opt/R/4.5.3/lib/R/lib -lR
gcc -I"/opt/R/4.5.3/lib/R/include" -DNDEBUG   -I/usr/local/include    -fpic  -g -O2  -c init.c -o init.o
gcc -I"/opt/R/4.5.3/lib/R/include" -DNDEBUG   -I/usr/local/include    -fpic  -g -O2  -c method-dispatch.c -o method-dispatch.o
gcc -I"/opt/R/4.5.3/lib/R/include" -DNDEBUG   -I/usr/local/include    -fpic  -g -O2  -c prop.c -o prop.o
gcc -shared -L/opt/R/4.5.3/lib/R/lib -L/usr/local/lib -o S7.so init.o method-dispatch.o prop.o -L/opt/R/4.5.3/lib/R/lib -lR
gcc -I"/opt/R/4.5.3/lib/R/include" -DNDEBUG   -I/usr/local/include   -Iutf8lite/src -fpic  -g -O2  -c as_utf8.c -o as_utf8.o
gcc -I"/opt/R/4.5.3/lib/R/include" -DNDEBUG   -I/usr/local/include   -Iutf8lite/src -fpic  -g -O2  -c bytes.c -o bytes.o
gcc -I"/opt/R/4.5.3/lib/R/include" -DNDEBUG   -I/usr/local/include   -Iutf8lite/src -fpic  -g -O2  -c context.c -o context.o
gcc -I"/opt/R/4.5.3/lib/R/include" -DNDEBUG   -I/usr/local/include   -Iutf8lite/src -fpic  -g -O2  -c init.c -o init.o
gcc -I"/opt/R/4.5.3/lib/R/include" -DNDEBUG   -I/usr/local/include   -Iutf8lite/src -fpic  -g -O2  -c render.c -o render.o
gcc -I"/opt/R/4.5.3/lib/R/include" -DNDEBUG   -I/usr/local/include   -Iutf8lite/src -fpic  -g -O2  -c render_table.c -o render_table.o
gcc -I"/opt/R/4.5.3/lib/R/include" -DNDEBUG   -I/usr/local/include   -Iutf8lite/src -fpic  -g -O2  -c string.c -o string.o
gcc -I"/opt/R/4.5.3/lib/R/include" -DNDEBUG   -I/usr/local/include   -Iutf8lite/src -fpic  -g -O2  -c text.c -o text.o
gcc -I"/opt/R/4.5.3/lib/R/include" -DNDEBUG   -I/usr/local/include   -Iutf8lite/src -fpic  -g -O2  -c utf8_encode.c -o utf8_encode.o
gcc -I"/opt/R/4.5.3/lib/R/include" -DNDEBUG   -I/usr/local/include   -Iutf8lite/src -fpic  -g -O2  -c utf8_format.c -o utf8_format.o
gcc -I"/opt/R/4.5.3/lib/R/include" -DNDEBUG   -I/usr/local/include   -Iutf8lite/src -fpic  -g -O2  -c utf8_normalize.c -o utf8_normalize.o
gcc -I"/opt/R/4.5.3/lib/R/include" -DNDEBUG   -I/usr/local/include   -Iutf8lite/src -fpic  -g -O2  -c utf8_valid.c -o utf8_valid.o
gcc -I"/opt/R/4.5.3/lib/R/include" -DNDEBUG   -I/usr/local/include   -Iutf8lite/src -fpic  -g -O2  -c utf8_width.c -o utf8_width.o
gcc -I"/opt/R/4.5.3/lib/R/include" -DNDEBUG   -I/usr/local/include   -Iutf8lite/src -fpic  -g -O2  -c util.c -o util.o
gcc -I"/opt/R/4.5.3/lib/R/include" -DNDEBUG   -I/usr/local/include   -Iutf8lite/src -fpic  -g -O2  -c utf8lite/src/array.c -o utf8lite/src/array.o
gcc -I"/opt/R/4.5.3/lib/R/include" -DNDEBUG   -I/usr/local/include   -Iutf8lite/src -fpic  -g -O2  -c utf8lite/src/char.c -o utf8lite/src/char.o
gcc -I"/opt/R/4.5.3/lib/R/include" -DNDEBUG   -I/usr/local/include   -Iutf8lite/src -fpic  -g -O2  -c utf8lite/src/encode.c -o utf8lite/src/encode.o
gcc -I"/opt/R/4.5.3/lib/R/include" -DNDEBUG   -I/usr/local/include   -Iutf8lite/src -fpic  -g -O2  -c utf8lite/src/error.c -o utf8lite/src/error.o
gcc -I"/opt/R/4.5.3/lib/R/include" -DNDEBUG   -I/usr/local/include   -Iutf8lite/src -fpic  -g -O2  -c utf8lite/src/escape.c -o utf8lite/src/escape.o
gcc -I"/opt/R/4.5.3/lib/R/include" -DNDEBUG   -I/usr/local/include   -Iutf8lite/src -fpic  -g -O2  -c utf8lite/src/graph.c -o utf8lite/src/graph.o
gcc -I"/opt/R/4.5.3/lib/R/include" -DNDEBUG   -I/usr/local/include   -Iutf8lite/src -fpic  -g -O2  -c utf8lite/src/graphscan.c -o utf8lite/src/graphscan.o
gcc -I"/opt/R/4.5.3/lib/R/include" -DNDEBUG   -I/usr/local/include   -Iutf8lite/src -fpic  -g -O2  -c utf8lite/src/normalize.c -o utf8lite/src/normalize.o
gcc -I"/opt/R/4.5.3/lib/R/include" -DNDEBUG   -I/usr/local/include   -Iutf8lite/src -fpic  -g -O2  -c utf8lite/src/render.c -o utf8lite/src/render.o
gcc -I"/opt/R/4.5.3/lib/R/include" -DNDEBUG   -I/usr/local/include   -Iutf8lite/src -fpic  -g -O2  -c utf8lite/src/text.c -o utf8lite/src/text.o
gcc -I"/opt/R/4.5.3/lib/R/include" -DNDEBUG   -I/usr/local/include   -Iutf8lite/src -fpic  -g -O2  -c utf8lite/src/textassign.c -o utf8lite/src/textassign.o
gcc -I"/opt/R/4.5.3/lib/R/include" -DNDEBUG   -I/usr/local/include   -Iutf8lite/src -fpic  -g -O2  -c utf8lite/src/textiter.c -o utf8lite/src/textiter.o
gcc -I"/opt/R/4.5.3/lib/R/include" -DNDEBUG   -I/usr/local/include   -Iutf8lite/src -fpic  -g -O2  -c utf8lite/src/textmap.c -o utf8lite/src/textmap.o
ar rcs libcutf8lite.a utf8lite/src/array.o utf8lite/src/char.o utf8lite/src/encode.o utf8lite/src/error.o utf8lite/src/escape.o utf8lite/src/graph.o utf8lite/src/graphscan.o utf8lite/src/normalize.o utf8lite/src/render.o utf8lite/src/text.o utf8lite/src/textassign.o utf8lite/src/textiter.o utf8lite/src/textmap.o
gcc -shared -L/opt/R/4.5.3/lib/R/lib -L/usr/local/lib -o utf8.so as_utf8.o bytes.o context.o init.o render.o render_table.o string.o text.o utf8_encode.o utf8_format.o utf8_normalize.o utf8_valid.o utf8_width.o util.o -L. -lcutf8lite -L/opt/R/4.5.3/lib/R/lib -lR
g++ -std=gnu++17 -I"/opt/R/4.5.3/lib/R/include" -DNDEBUG -I../inst/include/  -I/usr/local/include    -fpic  -g -O2   -c api.cpp -o api.o
g++ -std=gnu++17 -I"/opt/R/4.5.3/lib/R/include" -DNDEBUG -I../inst/include/  -I/usr/local/include    -fpic  -g -O2   -c attributes.cpp -o attributes.o
