pandoc 

  to: html
  output-file: index.html
  standalone: true
  section-divs: true
  html-math-method: mathjax
  wrap: none
  default-image-extension: png
  toc: true
  variables: {}
  

metadata

  document-css: false
  link-citations: true
  date-format: long
  lang: en
  engines:
    - path: /opt/quarto/share/extension-subtrees/julia-engine/_extensions/julia-engine/julia-engine.js
  title: Swissbiopics Examples
  

FATAL (/opt/quarto/share/filters/main.lua:3760) An error occurred:
Could not run /home/runner/work/quarto-extensions/quarto-extensions/test-1/repo/docs/swissbiopics as a JSON filter.
Please make sure the file exists and is executable.

Did you intend 'swissbiopics' as a Lua filter in an extension?
If so, make sure you've spelled the name of the extension correctly.

The original Pandoc error follows below.
Error running filter /home/runner/work/quarto-extensions/quarto-extensions/test-1/repo/docs/swissbiopics:
Could not find executable /home/runner/work/quarto-extensions/quarto-extensions/test-1/repo/docs/swissbiopics

Error run
ning filter /opt/quarto/share/filters/main.lua:
/opt/quarto/share/filters/main.lua:588: FATA
L QUARTO ERROR
stack traceback:
	/opt/quarto/share/filters
/main.lua:2622: in function 'fatal'
	/opt/qu
arto/share/filters/main.lua:2202: in function 'f
ail'
	/opt/quarto/share/filters/main
.lua:3760: in field 'Pandoc'
	
/opt/quarto/share/filters/main.lua:588
: in function 'run_emulated_filter'
	/opt/quarto/s
hare/filters/main.lua
:1317: in local 'callback'

	/opt/quarto/sha
re/filters/main.lu
a:1335: in upvalue 
'run_emulated_fi
lter_chain'
	/o
pt/quarto/share/
filters/main.lua
:1371: in functi
on </opt/quarto/s
hare/filters/mai
n.lua:1368>

(WARN) Error encountered when rendering files

