pandoc 

  to: html
  output-file: index.html
  standalone: true
  section-divs: true
  html-math-method: mathjax
  wrap: none
  default-image-extension: png
  toc: true
  variables: {}
  

metadata

  document-css: false
  link-citations: true
  date-format: long
  lang: en
  engines:
    - path: /opt/quarto/share/extension-subtrees/julia-engine/_extensions/julia-engine/julia-engine.js
  title: Swissbiopics Examples
  

FATAL (/opt/quarto/share/filters/main.lua:3760) An error occurred:
Could not run /home/runner/work/quarto-extensions/quarto-extensions/test-19/repo/docs/swissbiopics as a JSON filter.
Please make sure the file exists and is executable.

Did you intend 'swissbiopics' as a Lua filter in an extension?
If so, make sure you've spelled the name of the extension correctly.

The original Pandoc error follows below.
Error running filter /home/runner/work/quarto-extensions/quarto-extensions/test-19/repo/docs/swissbiopics:
Could not find executable /home/runner/work/quarto-extensions/quarto-extensions/test-19/repo/docs/swissbiopics

Error run
ning filter /opt/quarto/share/filters/main.lua:
/opt/quarto/share/filters/main.lua:588: FATAL QUARTO
 ERROR
stack traceback:
	/opt/quarto/share/filters/main.lua:26
22: in function 'fatal'
	/opt/quarto/share/filte
rs/main.lua:2202: in function 'fail'
	/opt/quar
to/share/filters/main.lua:3760: in f
ield 'Pandoc'
	/opt/quarto/
share/filters/main.lua:588: in fu
nction 'run_emulated_filter'
	/opt/quarto/share/fi
lters/main.lua:1317: 
in local 'callback'
	/op
t/quarto/share/fi
lters/main.lua:133
5: in upvalue 'run_emu
lated_filter_cha
in'
	/opt/quarto/
share/filters/ma
in.lua:1371: in
 function </opt/
quarto/share/filt
ers/main.lua:136
8>

(WARN) Error encountered when rendering files

