Cloning into 'repo'...
Installing package into '/home/runner/work/quarto-extensions/quarto-extensions/test-17/R/x86_64-pc-linux-gnu-library/4.6'
(as 'lib' is unspecified)
trying URL 'https://packagemanager.posit.co/cran/latest/src/contrib/renv_1.2.3.tar.gz'
Content type 'binary/octet-stream' length 1375285 bytes (1.3 MB)
==================================================
downloaded 1.3 MB

* installing *source* package 'renv' ...
** this is package 'renv' version '1.2.3'
** package 'renv' successfully unpacked and MD5 sums checked
** using staged installation
** R
** inst
** byte-compile and prepare package for lazy loading
** help
*** installing help indices
*** copying figures
** building package indices
** installing vignettes
** testing if installed package can be loaded from temporary location
** checking absolute paths in shared objects and dynamic libraries
** testing if installed package can be loaded from final location
** testing if installed package keeps a record of temporary installation path
* DONE (renv)

The downloaded source packages are in
	'/tmp/Rtmp4UBFuk/downloaded_packages'
Installing package into '/home/runner/work/quarto-extensions/quarto-extensions/test-17/R/x86_64-pc-linux-gnu-library/4.6'
(as 'lib' is unspecified)
also installing the dependencies 'lazyeval', 'later', 'otel', 'crosstalk', 'promises'

trying URL 'https://packagemanager.posit.co/cran/latest/src/contrib/lazyeval_0.2.3.tar.gz'
trying URL 'https://packagemanager.posit.co/cran/latest/src/contrib/later_1.4.8.tar.gz'
trying URL 'https://packagemanager.posit.co/cran/latest/src/contrib/otel_0.2.0.tar.gz'
trying URL 'https://packagemanager.posit.co/cran/latest/src/contrib/crosstalk_1.2.2.tar.gz'
trying URL 'https://packagemanager.posit.co/cran/latest/src/contrib/promises_1.5.0.tar.gz'
trying URL 'https://packagemanager.posit.co/cran/latest/src/contrib/DT_0.34.0.tar.gz'
* installing *source* package 'lazyeval' ...
** this is package 'lazyeval' version '0.2.3'
** package 'lazyeval' successfully unpacked and MD5 sums checked
** using staged installation
** libs
using C compiler: 'gcc (Ubuntu 13.3.0-6ubuntu2~24.04.1) 13.3.0'
installing to /home/runner/work/quarto-extensions/quarto-extensions/test-17/R/x86_64-pc-linux-gnu-library/4.6/00LOCK-lazyeval/00new/lazyeval/libs
** R
** inst
** byte-compile and prepare package for lazy loading
** help
*** installing help indices
** building package indices
** installing vignettes
** testing if installed package can be loaded from temporary location
** checking absolute paths in shared objects and dynamic libraries
** testing if installed package can be loaded from final location
** testing if installed package keeps a record of temporary installation path
* DONE (lazyeval)
* installing *source* package 'later' ...
** this is package 'later' version '1.4.8'
** package 'later' successfully unpacked and MD5 sums checked
** using staged installation
** libs
using C compiler: 'gcc (Ubuntu 13.3.0-6ubuntu2~24.04.1) 13.3.0'
using C++ compiler: 'g++ (Ubuntu 13.3.0-6ubuntu2~24.04.1) 13.3.0'
installing to /home/runner/work/quarto-extensions/quarto-extensions/test-17/R/x86_64-pc-linux-gnu-library/4.6/00LOCK-later/00new/later/libs
** R
** inst
** byte-compile and prepare package for lazy loading
** help
*** installing help indices
** building package indices
** installing vignettes
** testing if installed package can be loaded from temporary location
** checking absolute paths in shared objects and dynamic libraries
** testing if installed package can be loaded from final location
** testing if installed package keeps a record of temporary installation path
* DONE (later)
* installing *source* package 'otel' ...
** this is package 'otel' version '0.2.0'
** package 'otel' successfully unpacked and MD5 sums checked
** using staged installation
** R
** inst
** byte-compile and prepare package for lazy loading
** help
*** installing help indices
** building package indices
** testing if installed package can be loaded from temporary location
** testing if installed package can be loaded from final location
** testing if installed package keeps a record of temporary installation path
* DONE (otel)
* installing *source* package 'crosstalk' ...
** this is package 'crosstalk' version '1.2.2'
** package 'crosstalk' successfully unpacked and MD5 sums checked
** using staged installation
** R
** inst
** byte-compile and prepare package for lazy loading
** help
*** installing help indices
** building package indices
** testing if installed package can be loaded from temporary location
** testing if installed package can be loaded from final location
** testing if installed package keeps a record of temporary installation path
* DONE (crosstalk)
* installing *source* package 'promises' ...
** this is package 'promises' version '1.5.0'
** package 'promises' successfully unpacked and MD5 sums checked
** using staged installation
** R
** inst
** byte-compile and prepare package for lazy loading
** help
*** installing help indices
*** copying figures
** building package indices
** installing vignettes
** testing if installed package can be loaded from temporary location
** testing if installed package can be loaded from final location
** testing if installed package keeps a record of temporary installation path
* DONE (promises)
* installing *source* package 'DT' ...
** this is package 'DT' version '0.34.0'
** package 'DT' successfully unpacked and MD5 sums checked
** using staged installation
** R
** inst
** byte-compile and prepare package for lazy loading
** help
*** installing help indices
** building package indices
** installing vignettes
** testing if installed package can be loaded from temporary location
** testing if installed package can be loaded from final location
** testing if installed package keeps a record of temporary installation path
* DONE (DT)

The downloaded source packages are in
	'/tmp/Rtmp4UBFuk/downloaded_packages'
pandoc 
  to: html
  output-file: template.html
  standalone: true
  section-divs: true
  html-math-method: mathjax
  wrap: none
  default-image-extension: png
  toc: true
  variables:
    quarto:
      language:
        toc-title-document: Table of contents
        toc-title-website: On this page
        related-formats-title: Other Formats
        related-notebooks-title: Notebooks
        source-notebooks-prefix: Source
        other-links-title: Other Links
        code-links-title: Code Links
        launch-dev-container-title: Launch Dev Container
        launch-binder-title: Launch Binder
        article-notebook-label: Article Notebook
        notebook-preview-download: Download Notebook
        notebook-preview-download-src: Download Source
        notebook-preview-back: Back to Article
        manuscript-meca-bundle: MECA Bundle
        section-title-abstract: Abstract
        section-title-appendices: Appendices
        section-title-footnotes: Footnotes
        section-title-references: References
        section-title-reuse: Reuse
        section-title-copyright: Copyright
        section-title-citation: Citation
        appendix-attribution-cite-as: 'For attribution, please cite this work as:'
        appendix-attribution-bibtex: 'BibTeX citation:'
        appendix-view-license: View License
        title-block-author-single: Author
        title-block-author-plural: Authors
        title-block-affiliation-single: Affiliation
        title-block-affiliation-plural: Affiliations
        title-block-published: Published
        title-block-modified: Modified
        title-block-keywords: Keywords
        callout-tip-title: Tip
        callout-note-title: Note
        callout-warning-title: Warning
        callout-important-title: Important
        callout-caution-title: Caution
        code-summary: Code
        code-tools-menu-caption: Code
        code-tools-show-all-code: Show All Code
        code-tools-hide-all-code: Hide All Code
        code-tools-view-source: View Source
        code-tools-source-code: Source Code
        tools-share: Share
        tools-download: Download
        code-line: Line
        code-lines: Lines
        copy-button-tooltip: Copy to Clipboard
        copy-button-tooltip-success: Copied!
        repo-action-links-edit: Edit this page
        repo-action-links-source: View source
        repo-action-links-issue: Report an issue
        back-to-top: Back to top
        search-no-results-text: No results
        search-matching-documents-text: matching documents
        search-copy-link-title: Copy link to search
        search-hide-matches-text: Hide additional matches
        search-more-match-text: more match in this document
        search-more-matches-text: more matches in this document
        search-clear-button-title: Clear
        search-text-placeholder: ''
        search-detached-cancel-button-title: Cancel
        search-submit-button-title: Submit
        search-label: Search
        toggle-section: Toggle section
        toggle-sidebar: Toggle sidebar navigation
        toggle-dark-mode: Toggle dark mode
        toggle-reader-mode: Toggle reader mode
        toggle-navigation: Toggle navigation
        crossref-fig-title: Figure
        crossref-tbl-title: Table
        crossref-lst-title: Listing
        crossref-thm-title: Theorem
        crossref-lem-title: Lemma
        crossref-cor-title: Corollary
        crossref-prp-title: Proposition
        crossref-cnj-title: Conjecture
        crossref-def-title: Definition
        crossref-exm-title: Example
        crossref-exr-title: Exercise
        crossref-ch-prefix: Chapter
        crossref-apx-prefix: Appendix
        crossref-sec-prefix: Section
        crossref-eq-prefix: Equation
        crossref-lof-title: List of Figures
        crossref-lot-title: List of Tables
        crossref-lol-title: List of Listings
        environment-proof-title: Proof
        environment-remark-title: Remark
        environment-solution-title: Solution
        listing-page-order-by: Order By
        listing-page-order-by-default: Default
        listing-page-order-by-date-asc: Oldest
        listing-page-order-by-date-desc: Newest
        listing-page-order-by-number-desc: High to Low
        listing-page-order-by-number-asc: Low to High
        listing-page-field-date: Date
        listing-page-field-title: Title
        listing-page-field-description: Description
        listing-page-field-author: Author
        listing-page-field-filename: File Name
        listing-page-field-filemodified: Modified
        listing-page-field-subtitle: Subtitle
        listing-page-field-readingtime: Reading Time
        listing-page-field-wordcount: Word Count
        listing-page-field-categories: Categories
        listing-page-minutes-compact: '{0} min'
        listing-page-category-all: All
        listing-page-no-matches: No matching items
        listing-page-words: '{0} words'
        listing-page-filter: Filter
        draft: Draft
  
metadata
  document-css: false
  link-citations: true
  date-format: long
  lang: en
  embed-fonts: true
  theme:
    light:
      - _extensions/bookup/bookup.scss
    dark:
      - _extensions/bookup/bookup.scss
      - _extensions/bookup/bookup_dark.scss
  title: ''
  author: ''
  date: today
  
Output created: template.html



processing file: _sample.qmd
1/15               
2/15 [setup]       
3/15               
4/15 [sh]          
5/15               
6/15 [penguins_str]
7/15               
8/15 [table]       
9/15               
10/15 [dt]          
11/15               
12/15 [hist]        
13/15               
14/15 [scatter]     
15/15               
output file: _sample.knit.md

pandoc 
  to: html
  output-file: _sample.html
  standalone: true
  section-divs: true
  html-math-method: mathjax
  wrap: none
  default-image-extension: png
  variables:
    quarto:
      language:
        toc-title-document: Table of contents
        toc-title-website: On this page
        related-formats-title: Other Formats
        related-notebooks-title: Notebooks
        source-notebooks-prefix: Source
        other-links-title: Other Links
        code-links-title: Code Links
        launch-dev-container-title: Launch Dev Container
        launch-binder-title: Launch Binder
        article-notebook-label: Article Notebook
        notebook-preview-download: Download Notebook
        notebook-preview-download-src: Download Source
        notebook-preview-back: Back to Article
        manuscript-meca-bundle: MECA Bundle
        section-title-abstract: Abstract
        section-title-appendices: Appendices
        section-title-footnotes: Footnotes
        section-title-references: References
        section-title-reuse: Reuse
        section-title-copyright: Copyright
        section-title-citation: Citation
        appendix-attribution-cite-as: 'For attribution, please cite this work as:'
        appendix-attribution-bibtex: 'BibTeX citation:'
        appendix-view-license: View License
        title-block-author-single: Author
        title-block-author-plural: Authors
        title-block-affiliation-single: Affiliation
        title-block-affiliation-plural: Affiliations
        title-block-published: Published
        title-block-modified: Modified
        title-block-keywords: Keywords
        callout-tip-title: Tip
        callout-note-title: Note
        callout-warning-title: Warning
        callout-important-title: Important
        callout-caution-title: Caution
        code-summary: Code
        code-tools-menu-caption: Code
        code-tools-show-all-code: Show All Code
        code-tools-hide-all-code: Hide All Code
        code-tools-view-source: View Source
        code-tools-source-code: Source Code
        tools-share: Share
        tools-download: Download
        code-line: Line
        code-lines: Lines
        copy-button-tooltip: Copy to Clipboard
        copy-button-tooltip-success: Copied!
        repo-action-links-edit: Edit this page
        repo-action-links-source: View source
        repo-action-links-issue: Report an issue
        back-to-top: Back to top
        search-no-results-text: No results
        search-matching-documents-text: matching documents
        search-copy-link-title: Copy link to search
        search-hide-matches-text: Hide additional matches
        search-more-match-text: more match in this document
        search-more-matches-text: more matches in this document
        search-clear-button-title: Clear
        search-text-placeholder: ''
        search-detached-cancel-button-title: Cancel
        search-submit-button-title: Submit
        search-label: Search
        toggle-section: Toggle section
        toggle-sidebar: Toggle sidebar navigation
        toggle-dark-mode: Toggle dark mode
        toggle-reader-mode: Toggle reader mode
        toggle-navigation: Toggle navigation
        crossref-fig-title: Figure
        crossref-tbl-title: Table
        crossref-lst-title: Listing
        crossref-thm-title: Theorem
        crossref-lem-title: Lemma
        crossref-cor-title: Corollary
        crossref-prp-title: Proposition
        crossref-cnj-title: Conjecture
        crossref-def-title: Definition
        crossref-exm-title: Example
        crossref-exr-title: Exercise
        crossref-ch-prefix: Chapter
        crossref-apx-prefix: Appendix
        crossref-sec-prefix: Section
        crossref-eq-prefix: Equation
        crossref-lof-title: List of Figures
        crossref-lot-title: List of Tables
        crossref-lol-title: List of Listings
        environment-proof-title: Proof
        environment-remark-title: Remark
        environment-solution-title: Solution
        listing-page-order-by: Order By
        listing-page-order-by-default: Default
        listing-page-order-by-date-asc: Oldest
        listing-page-order-by-date-desc: Newest
        listing-page-order-by-number-desc: High to Low
        listing-page-order-by-number-asc: Low to High
        listing-page-field-date: Date
        listing-page-field-title: Title
        listing-page-field-description: Description
        listing-page-field-author: Author
        listing-page-field-filename: File Name
        listing-page-field-filemodified: Modified
        listing-page-field-subtitle: Subtitle
        listing-page-field-readingtime: Reading Time
        listing-page-field-wordcount: Word Count
        listing-page-field-categories: Categories
        listing-page-minutes-compact: '{0} min'
        listing-page-category-all: All
        listing-page-no-matches: No matching items
        listing-page-words: '{0} words'
        listing-page-filter: Filter
        draft: Draft
  
metadata
  document-css: false
  link-citations: true
  date-format: long
  lang: en
  
Output created: _sample.html

pandoc 
  to: html
  output-file: references.html
  standalone: true
  toc: true
  number-sections: false
  title-prefix: Sample bookup-html book project
  section-divs: true
  html-math-method: mathjax
  wrap: none
  default-image-extension: png
  variables:
    quarto:
      language:
        toc-title-document: Table of contents
        toc-title-website: On this page
        related-formats-title: Other Formats
        related-notebooks-title: Notebooks
        source-notebooks-prefix: Source
        other-links-title: Other Links
        code-links-title: Code Links
        launch-dev-container-title: Launch Dev Container
        launch-binder-title: Launch Binder
        article-notebook-label: Article Notebook
        notebook-preview-download: Download Notebook
        notebook-preview-download-src: Download Source
        notebook-preview-back: Back to Article
        manuscript-meca-bundle: MECA Bundle
        section-title-abstract: Abstract
        section-title-appendices: Appendices
        section-title-footnotes: Footnotes
        section-title-references: References
        section-title-reuse: Reuse
        section-title-copyright: Copyright
        section-title-citation: Citation
        appendix-attribution-cite-as: 'For attribution, please cite this work as:'
        appendix-attribution-bibtex: 'BibTeX citation:'
        appendix-view-license: View License
        title-block-author-single: Author
        title-block-author-plural: Authors
        title-block-affiliation-single: Affiliation
        title-block-affiliation-plural: Affiliations
        title-block-published: Published
        title-block-modified: Modified
        title-block-keywords: Keywords
        callout-tip-title: Tip
        callout-note-title: Note
        callout-warning-title: Warning
        callout-important-title: Important
        callout-caution-title: Caution
        code-summary: Code
        code-tools-menu-caption: Code
        code-tools-show-all-code: Show All Code
        code-tools-hide-all-code: Hide All Code
        code-tools-view-source: View Source
        code-tools-source-code: Source Code
        tools-share: Share
        tools-download: Download
        code-line: Line
        code-lines: Lines
        copy-button-tooltip: Copy to Clipboard
        copy-button-tooltip-success: Copied!
        repo-action-links-edit: Edit this page
        repo-action-links-source: View source
        repo-action-links-issue: Report an issue
        back-to-top: Back to top
        search-no-results-text: No results
        search-matching-documents-text: matching documents
        search-copy-link-title: Copy link to search
        search-hide-matches-text: Hide additional matches
        search-more-match-text: more match in this document
        search-more-matches-text: more matches in this document
        search-clear-button-title: Clear
        search-text-placeholder: ''
        search-detached-cancel-button-title: Cancel
        search-submit-button-title: Submit
        search-label: Search
        toggle-section: Toggle section
        toggle-sidebar: Toggle sidebar navigation
        toggle-dark-mode: Toggle dark mode
        toggle-reader-mode: Toggle reader mode
        toggle-navigation: Toggle navigation
        crossref-fig-title: Figure
        crossref-tbl-title: Table
        crossref-lst-title: Listing
        crossref-thm-title: Theorem
        crossref-lem-title: Lemma
        crossref-cor-title: Corollary
        crossref-prp-title: Proposition
        crossref-cnj-title: Conjecture
        crossref-def-title: Definition
        crossref-exm-title: Example
        crossref-exr-title: Exercise
        crossref-ch-prefix: Chapter
        crossref-apx-prefix: Appendix
        crossref-sec-prefix: Section
        crossref-eq-prefix: Equation
        crossref-lof-title: List of Figures
        crossref-lot-title: List of Tables
        crossref-lol-title: List of Listings
        environment-proof-title: Proof
        environment-remark-title: Remark
        environment-solution-title: Solution
        listing-page-order-by: Order By
        listing-page-order-by-default: Default
        listing-page-order-by-date-asc: Oldest
        listing-page-order-by-date-desc: Newest
        listing-page-order-by-number-desc: High to Low
        listing-page-order-by-number-asc: Low to High
        listing-page-field-date: Date
        listing-page-field-title: Title
        listing-page-field-description: Description
        listing-page-field-author: Author
        listing-page-field-filename: File Name
        listing-page-field-filemodified: Modified
        listing-page-field-subtitle: Subtitle
        listing-page-field-readingtime: Reading Time
        listing-page-field-wordcount: Word Count
        listing-page-field-categories: Categories
        listing-page-minutes-compact: '{0} min'
        listing-page-category-all: All
        listing-page-no-matches: No matching items
        listing-page-words: '{0} words'
        listing-page-filter: Filter
        draft: Draft
  
metadata
  crossref:
    chapters: true
  document-css: false
  link-citations: true
  date-format: long
  lang: en
  embed-fonts: true
  theme:
    light:
      - _extensions/bookup/bookup.scss
    dark:
      - _extensions/bookup/bookup.scss
      - _extensions/bookup/bookup_dark.scss
  bibliography:
    - references.bib
  hide-description: true
  title: References
  
Output created: _book/references.html

pandoc 
  to: html
  output-file: index.html
  standalone: true
  toc: true
  number-sections: true
  title-prefix: Sample bookup-html book project
  section-divs: true
  html-math-method: mathjax
  wrap: none
  default-image-extension: png
  variables:
    quarto:
      language:
        toc-title-document: Table of contents
        toc-title-website: On this page
        related-formats-title: Other Formats
        related-notebooks-title: Notebooks
        source-notebooks-prefix: Source
        other-links-title: Other Links
        code-links-title: Code Links
        launch-dev-container-title: Launch Dev Container
        launch-binder-title: Launch Binder
        article-notebook-label: Article Notebook
        notebook-preview-download: Download Notebook
        notebook-preview-download-src: Download Source
        notebook-preview-back: Back to Article
        manuscript-meca-bundle: MECA Bundle
        section-title-abstract: Abstract
        section-title-appendices: Appendices
        section-title-footnotes: Footnotes
        section-title-references: References
        section-title-reuse: Reuse
        section-title-copyright: Copyright
        section-title-citation: Citation
        appendix-attribution-cite-as: 'For attribution, please cite this work as:'
        appendix-attribution-bibtex: 'BibTeX citation:'
        appendix-view-license: View License
        title-block-author-single: Author
        title-block-author-plural: Authors
        title-block-affiliation-single: Affiliation
        title-block-affiliation-plural: Affiliations
        title-block-published: Published
        title-block-modified: Modified
        title-block-keywords: Keywords
        callout-tip-title: Tip
        callout-note-title: Note
        callout-warning-title: Warning
        callout-important-title: Important
        callout-caution-title: Caution
        code-summary: Code
        code-tools-menu-caption: Code
        code-tools-show-all-code: Show All Code
        code-tools-hide-all-code: Hide All Code
        code-tools-view-source: View Source
        code-tools-source-code: Source Code
        tools-share: Share
        tools-download: Download
        code-line: Line
        code-lines: Lines
        copy-button-tooltip: Copy to Clipboard
        copy-button-tooltip-success: Copied!
        repo-action-links-edit: Edit this page
        repo-action-links-source: View source
        repo-action-links-issue: Report an issue
        back-to-top: Back to top
        search-no-results-text: No results
        search-matching-documents-text: matching documents
        search-copy-link-title: Copy link to search
        search-hide-matches-text: Hide additional matches
        search-more-match-text: more match in this document
        search-more-matches-text: more matches in this document
        search-clear-button-title: Clear
        search-text-placeholder: ''
        search-detached-cancel-button-title: Cancel
        search-submit-button-title: Submit
        search-label: Search
        toggle-section: Toggle section
        toggle-sidebar: Toggle sidebar navigation
        toggle-dark-mode: Toggle dark mode
        toggle-reader-mode: Toggle reader mode
        toggle-navigation: Toggle navigation
        crossref-fig-title: Figure
        crossref-tbl-title: Table
        crossref-lst-title: Listing
        crossref-thm-title: Theorem
        crossref-lem-title: Lemma
        crossref-cor-title: Corollary
        crossref-prp-title: Proposition
        crossref-cnj-title: Conjecture
        crossref-def-title: Definition
        crossref-exm-title: Example
        crossref-exr-title: Exercise
        crossref-ch-prefix: Chapter
        crossref-apx-prefix: Appendix
        crossref-sec-prefix: Section
        crossref-eq-prefix: Equation
        crossref-lof-title: List of Figures
        crossref-lot-title: List of Tables
        crossref-lol-title: List of Listings
        environment-proof-title: Proof
        environment-remark-title: Remark
        environment-solution-title: Solution
        listing-page-order-by: Order By
        listing-page-order-by-default: Default
        listing-page-order-by-date-asc: Oldest
        listing-page-order-by-date-desc: Newest
        listing-page-order-by-number-desc: High to Low
        listing-page-order-by-number-asc: Low to High
        listing-page-field-date: Date
        listing-page-field-title: Title
        listing-page-field-description: Description
        listing-page-field-author: Author
        listing-page-field-filename: File Name
        listing-page-field-filemodified: Modified
        listing-page-field-subtitle: Subtitle
        listing-page-field-readingtime: Reading Time
        listing-page-field-wordcount: Word Count
        listing-page-field-categories: Categories
        listing-page-minutes-compact: '{0} min'
        listing-page-category-all: All
        listing-page-no-matches: No matching items
        listing-page-words: '{0} words'
        listing-page-filter: Filter
        draft: Draft
  
metadata
  crossref:
    chapters: true
  document-css: false
  link-citations: true
  date-format: long
  lang: en
  embed-fonts: true
  theme:
    light:
      - _extensions/bookup/bookup.scss
    dark:
      - _extensions/bookup/bookup.scss
      - _extensions/bookup/bookup_dark.scss
  bibliography:
    - references.bib
  title: Sample bookup-html book project
  author: Jane Doe
  date: '2026-05-22T00:00:00+00:00'
  doi: 10.XXX/XXX
  
Output created: _book/index.html



processing file: sample.qmd
1/15               
2/15 [setup]       
3/15               
4/15 [sh]          
5/15               
6/15 [penguins_str]
7/15               
8/15 [table]       
9/15               
10/15 [dt]          
11/15               
12/15 [hist]        
13/15               
14/15 [scatter]     
15/15               
output file: sample.knit.md

pandoc 
  to: html
  output-file: sample.html
  standalone: true
  toc: true
  number-sections: true
  title-prefix: Sample bookup-html book project
  section-divs: true
  html-math-method: mathjax
  wrap: none
  default-image-extension: png
  number-offset:
    - 2
  variables:
    quarto:
      language:
        toc-title-document: Table of contents
        toc-title-website: On this page
        related-formats-title: Other Formats
        related-notebooks-title: Notebooks
        source-notebooks-prefix: Source
        other-links-title: Other Links
        code-links-title: Code Links
        launch-dev-container-title: Launch Dev Container
        launch-binder-title: Launch Binder
        article-notebook-label: Article Notebook
        notebook-preview-download: Download Notebook
        notebook-preview-download-src: Download Source
        notebook-preview-back: Back to Article
        manuscript-meca-bundle: MECA Bundle
        section-title-abstract: Abstract
        section-title-appendices: Appendices
        section-title-footnotes: Footnotes
        section-title-references: References
        section-title-reuse: Reuse
        section-title-copyright: Copyright
        section-title-citation: Citation
        appendix-attribution-cite-as: 'For attribution, please cite this work as:'
        appendix-attribution-bibtex: 'BibTeX citation:'
        appendix-view-license: View License
        title-block-author-single: Author
        title-block-author-plural: Authors
        title-block-affiliation-single: Affiliation
        title-block-affiliation-plural: Affiliations
        title-block-published: Published
        title-block-modified: Modified
        title-block-keywords: Keywords
        callout-tip-title: Tip
        callout-note-title: Note
        callout-warning-title: Warning
        callout-important-title: Important
        callout-caution-title: Caution
        code-summary: Code
        code-tools-menu-caption: Code
        code-tools-show-all-code: Show All Code
        code-tools-hide-all-code: Hide All Code
        code-tools-view-source: View Source
        code-tools-source-code: Source Code
        tools-share: Share
        tools-download: Download
        code-line: Line
        code-lines: Lines
        copy-button-tooltip: Copy to Clipboard
        copy-button-tooltip-success: Copied!
        repo-action-links-edit: Edit this page
        repo-action-links-source: View source
        repo-action-links-issue: Report an issue
        back-to-top: Back to top
        search-no-results-text: No results
        search-matching-documents-text: matching documents
        search-copy-link-title: Copy link to search
        search-hide-matches-text: Hide additional matches
        search-more-match-text: more match in this document
        search-more-matches-text: more matches in this document
        search-clear-button-title: Clear
        search-text-placeholder: ''
        search-detached-cancel-button-title: Cancel
        search-submit-button-title: Submit
        search-label: Search
        toggle-section: Toggle section
        toggle-sidebar: Toggle sidebar navigation
        toggle-dark-mode: Toggle dark mode
        toggle-reader-mode: Toggle reader mode
        toggle-navigation: Toggle navigation
        crossref-fig-title: Figure
        crossref-tbl-title: Table
        crossref-lst-title: Listing
        crossref-thm-title: Theorem
        crossref-lem-title: Lemma
        crossref-cor-title: Corollary
        crossref-prp-title: Proposition
        crossref-cnj-title: Conjecture
        crossref-def-title: Definition
        crossref-exm-title: Example
        crossref-exr-title: Exercise
        crossref-ch-prefix: Chapter
        crossref-apx-prefix: Appendix
        crossref-sec-prefix: Section
        crossref-eq-prefix: Equation
        crossref-lof-title: List of Figures
        crossref-lot-title: List of Tables
        crossref-lol-title: List of Listings
        environment-proof-title: Proof
        environment-remark-title: Remark
        environment-solution-title: Solution
        listing-page-order-by: Order By
        listing-page-order-by-default: Default
        listing-page-order-by-date-asc: Oldest
        listing-page-order-by-date-desc: Newest
        listing-page-order-by-number-desc: High to Low
        listing-page-order-by-number-asc: Low to High
        listing-page-field-date: Date
        listing-page-field-title: Title
        listing-page-field-description: Description
        listing-page-field-author: Author
        listing-page-field-filename: File Name
        listing-page-field-filemodified: Modified
        listing-page-field-subtitle: Subtitle
        listing-page-field-readingtime: Reading Time
        listing-page-field-wordcount: Word Count
        listing-page-field-categories: Categories
        listing-page-minutes-compact: '{0} min'
        listing-page-category-all: All
        listing-page-no-matches: No matching items
        listing-page-words: '{0} words'
        listing-page-filter: Filter
        draft: Draft
  
metadata
  crossref:
    chapters: true
  document-css: false
  link-citations: true
  date-format: long
  lang: en
  embed-fonts: true
  theme:
    light:
      - _extensions/bookup/bookup.scss
    dark:
      - _extensions/bookup/bookup.scss
      - _extensions/bookup/bookup_dark.scss
  bibliography:
    - references.bib
  hide-description: true
  title: "[2]{.chapter-number}\_ [Features overview]{.chapter-title}"
  
Output created: _book/sample.html

pandoc 
  to: html
  output-file: summary.html
  standalone: true
  toc: true
  number-sections: true
  title-prefix: Sample bookup-html book project
  section-divs: true
  html-math-method: mathjax
  wrap: none
  default-image-extension: png
  number-offset:
    - 3
  variables:
    quarto:
      language:
        toc-title-document: Table of contents
        toc-title-website: On this page
        related-formats-title: Other Formats
        related-notebooks-title: Notebooks
        source-notebooks-prefix: Source
        other-links-title: Other Links
        code-links-title: Code Links
        launch-dev-container-title: Launch Dev Container
        launch-binder-title: Launch Binder
        article-notebook-label: Article Notebook
        notebook-preview-download: Download Notebook
        notebook-preview-download-src: Download Source
        notebook-preview-back: Back to Article
        manuscript-meca-bundle: MECA Bundle
        section-title-abstract: Abstract
        section-title-appendices: Appendices
        section-title-footnotes: Footnotes
        section-title-references: References
        section-title-reuse: Reuse
        section-title-copyright: Copyright
        section-title-citation: Citation
        appendix-attribution-cite-as: 'For attribution, please cite this work as:'
        appendix-attribution-bibtex: 'BibTeX citation:'
        appendix-view-license: View License
        title-block-author-single: Author
        title-block-author-plural: Authors
        title-block-affiliation-single: Affiliation
        title-block-affiliation-plural: Affiliations
        title-block-published: Published
        title-block-modified: Modified
        title-block-keywords: Keywords
        callout-tip-title: Tip
        callout-note-title: Note
        callout-warning-title: Warning
        callout-important-title: Important
        callout-caution-title: Caution
        code-summary: Code
        code-tools-menu-caption: Code
        code-tools-show-all-code: Show All Code
        code-tools-hide-all-code: Hide All Code
        code-tools-view-source: View Source
        code-tools-source-code: Source Code
        tools-share: Share
        tools-download: Download
        code-line: Line
        code-lines: Lines
        copy-button-tooltip: Copy to Clipboard
        copy-button-tooltip-success: Copied!
        repo-action-links-edit: Edit this page
        repo-action-links-source: View source
        repo-action-links-issue: Report an issue
        back-to-top: Back to top
        search-no-results-text: No results
        search-matching-documents-text: matching documents
        search-copy-link-title: Copy link to search
        search-hide-matches-text: Hide additional matches
        search-more-match-text: more match in this document
        search-more-matches-text: more matches in this document
        search-clear-button-title: Clear
        search-text-placeholder: ''
        search-detached-cancel-button-title: Cancel
        search-submit-button-title: Submit
        search-label: Search
        toggle-section: Toggle section
        toggle-sidebar: Toggle sidebar navigation
        toggle-dark-mode: Toggle dark mode
        toggle-reader-mode: Toggle reader mode
        toggle-navigation: Toggle navigation
        crossref-fig-title: Figure
        crossref-tbl-title: Table
        crossref-lst-title: Listing
        crossref-thm-title: Theorem
        crossref-lem-title: Lemma
        crossref-cor-title: Corollary
        crossref-prp-title: Proposition
        crossref-cnj-title: Conjecture
        crossref-def-title: Definition
        crossref-exm-title: Example
        crossref-exr-title: Exercise
        crossref-ch-prefix: Chapter
        crossref-apx-prefix: Appendix
        crossref-sec-prefix: Section
        crossref-eq-prefix: Equation
        crossref-lof-title: List of Figures
        crossref-lot-title: List of Tables
        crossref-lol-title: List of Listings
        environment-proof-title: Proof
        environment-remark-title: Remark
        environment-solution-title: Solution
        listing-page-order-by: Order By
        listing-page-order-by-default: Default
        listing-page-order-by-date-asc: Oldest
        listing-page-order-by-date-desc: Newest
        listing-page-order-by-number-desc: High to Low
        listing-page-order-by-number-asc: Low to High
        listing-page-field-date: Date
        listing-page-field-title: Title
        listing-page-field-description: Description
        listing-page-field-author: Author
        listing-page-field-filename: File Name
        listing-page-field-filemodified: Modified
        listing-page-field-subtitle: Subtitle
        listing-page-field-readingtime: Reading Time
        listing-page-field-wordcount: Word Count
        listing-page-field-categories: Categories
        listing-page-minutes-compact: '{0} min'
        listing-page-category-all: All
        listing-page-no-matches: No matching items
        listing-page-words: '{0} words'
        listing-page-filter: Filter
        draft: Draft
  
metadata
  crossref:
    chapters: true
  document-css: false
  link-citations: true
  date-format: long
  lang: en
  embed-fonts: true
  theme:
    light:
      - _extensions/bookup/bookup.scss
    dark:
      - _extensions/bookup/bookup.scss
      - _extensions/bookup/bookup_dark.scss
  bibliography:
    - references.bib
  hide-description: true
  title: "[3]{.chapter-number}\_ [An empty page]{.chapter-title}"
  
Output created: _book/summary.html



processing file: bookup.qmd
1/15               
2/15 [setup]       
3/15               
4/15 [sh]          
5/15               
6/15 [penguins_str]
7/15               
8/15 [table]       
9/15               
10/15 [dt]          
11/15               
12/15 [hist]        
13/15               
14/15 [scatter]     
15/15               
output file: bookup.knit.md

pandoc 
  to: html
  output-file: bookup.html
  standalone: true
  self-contained: true
  section-divs: true
  html-math-method: mathjax
  wrap: none
  default-image-extension: png
  toc: true
  variables:
    quarto:
      language:
        toc-title-document: Table of contents
        toc-title-website: On this page
        related-formats-title: Other Formats
        related-notebooks-title: Notebooks
        source-notebooks-prefix: Source
        other-links-title: Other Links
        code-links-title: Code Links
        launch-dev-container-title: Launch Dev Container
        launch-binder-title: Launch Binder
        article-notebook-label: Article Notebook
        notebook-preview-download: Download Notebook
        notebook-preview-download-src: Download Source
        notebook-preview-back: Back to Article
        manuscript-meca-bundle: MECA Bundle
        section-title-abstract: Abstract
        section-title-appendices: Appendices
        section-title-footnotes: Footnotes
        section-title-references: References
        section-title-reuse: Reuse
        section-title-copyright: Copyright
        section-title-citation: Citation
        appendix-attribution-cite-as: 'For attribution, please cite this work as:'
        appendix-attribution-bibtex: 'BibTeX citation:'
        appendix-view-license: View License
        title-block-author-single: Author
        title-block-author-plural: Authors
        title-block-affiliation-single: Affiliation
        title-block-affiliation-plural: Affiliations
        title-block-published: Published
        title-block-modified: Modified
        title-block-keywords: Keywords
        callout-tip-title: Tip
        callout-note-title: Note
        callout-warning-title: Warning
        callout-important-title: Important
        callout-caution-title: Caution
        code-summary: Code
        code-tools-menu-caption: Code
        code-tools-show-all-code: Show All Code
        code-tools-hide-all-code: Hide All Code
        code-tools-view-source: View Source
        code-tools-source-code: Source Code
        tools-share: Share
        tools-download: Download
        code-line: Line
        code-lines: Lines
        copy-button-tooltip: Copy to Clipboard
        copy-button-tooltip-success: Copied!
        repo-action-links-edit: Edit this page
        repo-action-links-source: View source
        repo-action-links-issue: Report an issue
        back-to-top: Back to top
        search-no-results-text: No results
        search-matching-documents-text: matching documents
        search-copy-link-title: Copy link to search
        search-hide-matches-text: Hide additional matches
        search-more-match-text: more match in this document
        search-more-matches-text: more matches in this document
        search-clear-button-title: Clear
        search-text-placeholder: ''
        search-detached-cancel-button-title: Cancel
        search-submit-button-title: Submit
        search-label: Search
        toggle-section: Toggle section
        toggle-sidebar: Toggle sidebar navigation
        toggle-dark-mode: Toggle dark mode
        toggle-reader-mode: Toggle reader mode
        toggle-navigation: Toggle navigation
        crossref-fig-title: Figure
        crossref-tbl-title: Table
        crossref-lst-title: Listing
        crossref-thm-title: Theorem
        crossref-lem-title: Lemma
        crossref-cor-title: Corollary
        crossref-prp-title: Proposition
        crossref-cnj-title: Conjecture
        crossref-def-title: Definition
        crossref-exm-title: Example
        crossref-exr-title: Exercise
        crossref-ch-prefix: Chapter
        crossref-apx-prefix: Appendix
        crossref-sec-prefix: Section
        crossref-eq-prefix: Equation
        crossref-lof-title: List of Figures
        crossref-lot-title: List of Tables
        crossref-lol-title: List of Listings
        environment-proof-title: Proof
        environment-remark-title: Remark
        environment-solution-title: Solution
        listing-page-order-by: Order By
        listing-page-order-by-default: Default
        listing-page-order-by-date-asc: Oldest
        listing-page-order-by-date-desc: Newest
        listing-page-order-by-number-desc: High to Low
        listing-page-order-by-number-asc: Low to High
        listing-page-field-date: Date
        listing-page-field-title: Title
        listing-page-field-description: Description
        listing-page-field-author: Author
        listing-page-field-filename: File Name
        listing-page-field-filemodified: Modified
        listing-page-field-subtitle: Subtitle
        listing-page-field-readingtime: Reading Time
        listing-page-field-wordcount: Word Count
        listing-page-field-categories: Categories
        listing-page-minutes-compact: '{0} min'
        listing-page-category-all: All
        listing-page-no-matches: No matching items
        listing-page-words: '{0} words'
        listing-page-filter: Filter
        draft: Draft
  
metadata
  document-css: false
  link-citations: true
  date-format: long
  lang: en
  embed-fonts: true
  theme:
    light:
      - _extensions/bookup/bookup.scss
    dark:
      - _extensions/bookup/bookup.scss
      - _extensions/bookup/bookup_dark.scss
  title: Bookup quarto format example
  date: today
  author: Jane Doe
  
Output created: bookup.html



processing file: bookup-dark.qmd
1/15               
2/15 [setup]       
3/15               
4/15 [sh]          
5/15               
6/15 [penguins_str]
7/15               
8/15 [table]       
9/15               
10/15 [dt]          
11/15               
12/15 [hist]        
13/15               
14/15 [scatter]     
15/15               
output file: bookup-dark.knit.md

pandoc 
  to: html
  output-file: bookup-dark.html
  standalone: true
  self-contained: true
  section-divs: true
  html-math-method: mathjax
  wrap: none
  default-image-extension: png
  toc: true
  variables:
    quarto:
      language:
        toc-title-document: Table of contents
        toc-title-website: On this page
        related-formats-title: Other Formats
        related-notebooks-title: Notebooks
        source-notebooks-prefix: Source
        other-links-title: Other Links
        code-links-title: Code Links
        launch-dev-container-title: Launch Dev Container
        launch-binder-title: Launch Binder
        article-notebook-label: Article Notebook
        notebook-preview-download: Download Notebook
        notebook-preview-download-src: Download Source
        notebook-preview-back: Back to Article
        manuscript-meca-bundle: MECA Bundle
        section-title-abstract: Abstract
        section-title-appendices: Appendices
        section-title-footnotes: Footnotes
        section-title-references: References
        section-title-reuse: Reuse
        section-title-copyright: Copyright
        section-title-citation: Citation
        appendix-attribution-cite-as: 'For attribution, please cite this work as:'
        appendix-attribution-bibtex: 'BibTeX citation:'
        appendix-view-license: View License
        title-block-author-single: Author
        title-block-author-plural: Authors
        title-block-affiliation-single: Affiliation
        title-block-affiliation-plural: Affiliations
        title-block-published: Published
        title-block-modified: Modified
        title-block-keywords: Keywords
        callout-tip-title: Tip
        callout-note-title: Note
        callout-warning-title: Warning
        callout-important-title: Important
        callout-caution-title: Caution
        code-summary: Code
        code-tools-menu-caption: Code
        code-tools-show-all-code: Show All Code
        code-tools-hide-all-code: Hide All Code
        code-tools-view-source: View Source
        code-tools-source-code: Source Code
        tools-share: Share
        tools-download: Download
        code-line: Line
        code-lines: Lines
        copy-button-tooltip: Copy to Clipboard
        copy-button-tooltip-success: Copied!
        repo-action-links-edit: Edit this page
        repo-action-links-source: View source
        repo-action-links-issue: Report an issue
        back-to-top: Back to top
        search-no-results-text: No results
        search-matching-documents-text: matching documents
        search-copy-link-title: Copy link to search
        search-hide-matches-text: Hide additional matches
        search-more-match-text: more match in this document
        search-more-matches-text: more matches in this document
        search-clear-button-title: Clear
        search-text-placeholder: ''
        search-detached-cancel-button-title: Cancel
        search-submit-button-title: Submit
        search-label: Search
        toggle-section: Toggle section
        toggle-sidebar: Toggle sidebar navigation
        toggle-dark-mode: Toggle dark mode
        toggle-reader-mode: Toggle reader mode
        toggle-navigation: Toggle navigation
        crossref-fig-title: Figure
        crossref-tbl-title: Table
        crossref-lst-title: Listing
        crossref-thm-title: Theorem
        crossref-lem-title: Lemma
        crossref-cor-title: Corollary
        crossref-prp-title: Proposition
        crossref-cnj-title: Conjecture
        crossref-def-title: Definition
        crossref-exm-title: Example
        crossref-exr-title: Exercise
        crossref-ch-prefix: Chapter
        crossref-apx-prefix: Appendix
        crossref-sec-prefix: Section
        crossref-eq-prefix: Equation
        crossref-lof-title: List of Figures
        crossref-lot-title: List of Tables
        crossref-lol-title: List of Listings
        environment-proof-title: Proof
        environment-remark-title: Remark
        environment-solution-title: Solution
        listing-page-order-by: Order By
        listing-page-order-by-default: Default
        listing-page-order-by-date-asc: Oldest
        listing-page-order-by-date-desc: Newest
        listing-page-order-by-number-desc: High to Low
        listing-page-order-by-number-asc: Low to High
        listing-page-field-date: Date
        listing-page-field-title: Title
        listing-page-field-description: Description
        listing-page-field-author: Author
        listing-page-field-filename: File Name
        listing-page-field-filemodified: Modified
        listing-page-field-subtitle: Subtitle
        listing-page-field-readingtime: Reading Time
        listing-page-field-wordcount: Word Count
        listing-page-field-categories: Categories
        listing-page-minutes-compact: '{0} min'
        listing-page-category-all: All
        listing-page-no-matches: No matching items
        listing-page-words: '{0} words'
        listing-page-filter: Filter
        draft: Draft
  
metadata
  document-css: false
  link-citations: true
  date-format: long
  lang: en
  embed-fonts: true
  theme:
    - _extensions/bookup/bookup.scss
    - _extensions/bookup/bookup_dark.scss
  title: Bookup quarto format example
  date: today
  author: Jane Doe
  
Output created: bookup-dark.html

pandoc 
  to: html
  output-file: index.html
  standalone: true
  title-prefix: Bookup website
  section-divs: true
  html-math-method: mathjax
  wrap: none
  default-image-extension: png
  toc: true
  variables:
    quarto:
      language:
        toc-title-document: Table of contents
        toc-title-website: On this page
        related-formats-title: Other Formats
        related-notebooks-title: Notebooks
        source-notebooks-prefix: Source
        other-links-title: Other Links
        code-links-title: Code Links
        launch-dev-container-title: Launch Dev Container
        launch-binder-title: Launch Binder
        article-notebook-label: Article Notebook
        notebook-preview-download: Download Notebook
        notebook-preview-download-src: Download Source
        notebook-preview-back: Back to Article
        manuscript-meca-bundle: MECA Bundle
        section-title-abstract: Abstract
        section-title-appendices: Appendices
        section-title-footnotes: Footnotes
        section-title-references: References
        section-title-reuse: Reuse
        section-title-copyright: Copyright
        section-title-citation: Citation
        appendix-attribution-cite-as: 'For attribution, please cite this work as:'
        appendix-attribution-bibtex: 'BibTeX citation:'
        appendix-view-license: View License
        title-block-author-single: Author
        title-block-author-plural: Authors
        title-block-affiliation-single: Affiliation
        title-block-affiliation-plural: Affiliations
        title-block-published: Published
        title-block-modified: Modified
        title-block-keywords: Keywords
        callout-tip-title: Tip
        callout-note-title: Note
        callout-warning-title: Warning
        callout-important-title: Important
        callout-caution-title: Caution
        code-summary: Code
        code-tools-menu-caption: Code
        code-tools-show-all-code: Show All Code
        code-tools-hide-all-code: Hide All Code
        code-tools-view-source: View Source
        code-tools-source-code: Source Code
        tools-share: Share
        tools-download: Download
        code-line: Line
        code-lines: Lines
        copy-button-tooltip: Copy to Clipboard
        copy-button-tooltip-success: Copied!
        repo-action-links-edit: Edit this page
        repo-action-links-source: View source
        repo-action-links-issue: Report an issue
        back-to-top: Back to top
        search-no-results-text: No results
        search-matching-documents-text: matching documents
        search-copy-link-title: Copy link to search
        search-hide-matches-text: Hide additional matches
        search-more-match-text: more match in this document
        search-more-matches-text: more matches in this document
        search-clear-button-title: Clear
        search-text-placeholder: ''
        search-detached-cancel-button-title: Cancel
        search-submit-button-title: Submit
        search-label: Search
        toggle-section: Toggle section
        toggle-sidebar: Toggle sidebar navigation
        toggle-dark-mode: Toggle dark mode
        toggle-reader-mode: Toggle reader mode
        toggle-navigation: Toggle navigation
        crossref-fig-title: Figure
        crossref-tbl-title: Table
        crossref-lst-title: Listing
        crossref-thm-title: Theorem
        crossref-lem-title: Lemma
        crossref-cor-title: Corollary
        crossref-prp-title: Proposition
        crossref-cnj-title: Conjecture
        crossref-def-title: Definition
        crossref-exm-title: Example
        crossref-exr-title: Exercise
        crossref-ch-prefix: Chapter
        crossref-apx-prefix: Appendix
        crossref-sec-prefix: Section
        crossref-eq-prefix: Equation
        crossref-lof-title: List of Figures
        crossref-lot-title: List of Tables
        crossref-lol-title: List of Listings
        environment-proof-title: Proof
        environment-remark-title: Remark
        environment-solution-title: Solution
        listing-page-order-by: Order By
        listing-page-order-by-default: Default
        listing-page-order-by-date-asc: Oldest
        listing-page-order-by-date-desc: Newest
        listing-page-order-by-number-desc: High to Low
        listing-page-order-by-number-asc: Low to High
        listing-page-field-date: Date
        listing-page-field-title: Title
        listing-page-field-description: Description
        listing-page-field-author: Author
        listing-page-field-filename: File Name
        listing-page-field-filemodified: Modified
        listing-page-field-subtitle: Subtitle
        listing-page-field-readingtime: Reading Time
        listing-page-field-wordcount: Word Count
        listing-page-field-categories: Categories
        listing-page-minutes-compact: '{0} min'
        listing-page-category-all: All
        listing-page-no-matches: No matching items
        listing-page-words: '{0} words'
        listing-page-filter: Filter
        draft: Draft
  
metadata
  document-css: false
  link-citations: true
  date-format: long
  lang: en
  embed-fonts: true
  theme:
    light:
      - _extensions/bookup/bookup.scss
    dark:
      - _extensions/bookup/bookup.scss
      - _extensions/bookup/bookup_dark.scss
  title: Sample bookup-html website project
  
Output created: _site/index.html

pandoc 
  to: html
  output-file: about.html
  standalone: true
  title-prefix: Bookup website
  section-divs: true
  html-math-method: mathjax
  wrap: none
  default-image-extension: png
  toc: true
  variables:
    quarto:
      language:
        toc-title-document: Table of contents
        toc-title-website: On this page
        related-formats-title: Other Formats
        related-notebooks-title: Notebooks
        source-notebooks-prefix: Source
        other-links-title: Other Links
        code-links-title: Code Links
        launch-dev-container-title: Launch Dev Container
        launch-binder-title: Launch Binder
        article-notebook-label: Article Notebook
        notebook-preview-download: Download Notebook
        notebook-preview-download-src: Download Source
        notebook-preview-back: Back to Article
        manuscript-meca-bundle: MECA Bundle
        section-title-abstract: Abstract
        section-title-appendices: Appendices
        section-title-footnotes: Footnotes
        section-title-references: References
        section-title-reuse: Reuse
        section-title-copyright: Copyright
        section-title-citation: Citation
        appendix-attribution-cite-as: 'For attribution, please cite this work as:'
        appendix-attribution-bibtex: 'BibTeX citation:'
        appendix-view-license: View License
        title-block-author-single: Author
        title-block-author-plural: Authors
        title-block-affiliation-single: Affiliation
        title-block-affiliation-plural: Affiliations
        title-block-published: Published
        title-block-modified: Modified
        title-block-keywords: Keywords
        callout-tip-title: Tip
        callout-note-title: Note
        callout-warning-title: Warning
        callout-important-title: Important
        callout-caution-title: Caution
        code-summary: Code
        code-tools-menu-caption: Code
        code-tools-show-all-code: Show All Code
        code-tools-hide-all-code: Hide All Code
        code-tools-view-source: View Source
        code-tools-source-code: Source Code
        tools-share: Share
        tools-download: Download
        code-line: Line
        code-lines: Lines
        copy-button-tooltip: Copy to Clipboard
        copy-button-tooltip-success: Copied!
        repo-action-links-edit: Edit this page
        repo-action-links-source: View source
        repo-action-links-issue: Report an issue
        back-to-top: Back to top
        search-no-results-text: No results
        search-matching-documents-text: matching documents
        search-copy-link-title: Copy link to search
        search-hide-matches-text: Hide additional matches
        search-more-match-text: more match in this document
        search-more-matches-text: more matches in this document
        search-clear-button-title: Clear
        search-text-placeholder: ''
        search-detached-cancel-button-title: Cancel
        search-submit-button-title: Submit
        search-label: Search
        toggle-section: Toggle section
        toggle-sidebar: Toggle sidebar navigation
        toggle-dark-mode: Toggle dark mode
        toggle-reader-mode: Toggle reader mode
        toggle-navigation: Toggle navigation
        crossref-fig-title: Figure
        crossref-tbl-title: Table
        crossref-lst-title: Listing
        crossref-thm-title: Theorem
        crossref-lem-title: Lemma
        crossref-cor-title: Corollary
        crossref-prp-title: Proposition
        crossref-cnj-title: Conjecture
        crossref-def-title: Definition
        crossref-exm-title: Example
        crossref-exr-title: Exercise
        crossref-ch-prefix: Chapter
        crossref-apx-prefix: Appendix
        crossref-sec-prefix: Section
        crossref-eq-prefix: Equation
        crossref-lof-title: List of Figures
        crossref-lot-title: List of Tables
        crossref-lol-title: List of Listings
        environment-proof-title: Proof
        environment-remark-title: Remark
        environment-solution-title: Solution
        listing-page-order-by: Order By
        listing-page-order-by-default: Default
        listing-page-order-by-date-asc: Oldest
        listing-page-order-by-date-desc: Newest
        listing-page-order-by-number-desc: High to Low
        listing-page-order-by-number-asc: Low to High
        listing-page-field-date: Date
        listing-page-field-title: Title
        listing-page-field-description: Description
        listing-page-field-author: Author
        listing-page-field-filename: File Name
        listing-page-field-filemodified: Modified
        listing-page-field-subtitle: Subtitle
        listing-page-field-readingtime: Reading Time
        listing-page-field-wordcount: Word Count
        listing-page-field-categories: Categories
        listing-page-minutes-compact: '{0} min'
        listing-page-category-all: All
        listing-page-no-matches: No matching items
        listing-page-words: '{0} words'
        listing-page-filter: Filter
        draft: Draft
  
metadata
  document-css: false
  link-citations: true
  date-format: long
  lang: en
  embed-fonts: true
  theme:
    light:
      - _extensions/bookup/bookup.scss
    dark:
      - _extensions/bookup/bookup.scss
      - _extensions/bookup/bookup_dark.scss
  title: About
  
Output created: _site/about.html



processing file: page.qmd
1/15               
2/15 [setup]       
3/15               
4/15 [sh]          
5/15               
6/15 [penguins_str]
7/15               
8/15 [table]       
9/15               
10/15 [dt]          
11/15               
12/15 [hist]        
13/15               
14/15 [scatter]     
15/15               
output file: page.knit.md

pandoc 
  to: html
  output-file: page.html
  standalone: true
  title-prefix: Bookup website
  section-divs: true
  html-math-method: mathjax
  wrap: none
  default-image-extension: png
  toc: true
  variables:
    quarto:
      language:
        toc-title-document: Table of contents
        toc-title-website: On this page
        related-formats-title: Other Formats
        related-notebooks-title: Notebooks
        source-notebooks-prefix: Source
        other-links-title: Other Links
        code-links-title: Code Links
        launch-dev-container-title: Launch Dev Container
        launch-binder-title: Launch Binder
        article-notebook-label: Article Notebook
        notebook-preview-download: Download Notebook
        notebook-preview-download-src: Download Source
        notebook-preview-back: Back to Article
        manuscript-meca-bundle: MECA Bundle
        section-title-abstract: Abstract
        section-title-appendices: Appendices
        section-title-footnotes: Footnotes
        section-title-references: References
        section-title-reuse: Reuse
        section-title-copyright: Copyright
        section-title-citation: Citation
        appendix-attribution-cite-as: 'For attribution, please cite this work as:'
        appendix-attribution-bibtex: 'BibTeX citation:'
        appendix-view-license: View License
        title-block-author-single: Author
        title-block-author-plural: Authors
        title-block-affiliation-single: Affiliation
        title-block-affiliation-plural: Affiliations
        title-block-published: Published
        title-block-modified: Modified
        title-block-keywords: Keywords
        callout-tip-title: Tip
        callout-note-title: Note
        callout-warning-title: Warning
        callout-important-title: Important
        callout-caution-title: Caution
        code-summary: Code
        code-tools-menu-caption: Code
        code-tools-show-all-code: Show All Code
        code-tools-hide-all-code: Hide All Code
        code-tools-view-source: View Source
        code-tools-source-code: Source Code
        tools-share: Share
        tools-download: Download
        code-line: Line
        code-lines: Lines
        copy-button-tooltip: Copy to Clipboard
        copy-button-tooltip-success: Copied!
        repo-action-links-edit: Edit this page
        repo-action-links-source: View source
        repo-action-links-issue: Report an issue
        back-to-top: Back to top
        search-no-results-text: No results
        search-matching-documents-text: matching documents
        search-copy-link-title: Copy link to search
        search-hide-matches-text: Hide additional matches
        search-more-match-text: more match in this document
        search-more-matches-text: more matches in this document
        search-clear-button-title: Clear
        search-text-placeholder: ''
        search-detached-cancel-button-title: Cancel
        search-submit-button-title: Submit
        search-label: Search
        toggle-section: Toggle section
        toggle-sidebar: Toggle sidebar navigation
        toggle-dark-mode: Toggle dark mode
        toggle-reader-mode: Toggle reader mode
        toggle-navigation: Toggle navigation
        crossref-fig-title: Figure
        crossref-tbl-title: Table
        crossref-lst-title: Listing
        crossref-thm-title: Theorem
        crossref-lem-title: Lemma
        crossref-cor-title: Corollary
        crossref-prp-title: Proposition
        crossref-cnj-title: Conjecture
        crossref-def-title: Definition
        crossref-exm-title: Example
        crossref-exr-title: Exercise
        crossref-ch-prefix: Chapter
        crossref-apx-prefix: Appendix
        crossref-sec-prefix: Section
        crossref-eq-prefix: Equation
        crossref-lof-title: List of Figures
        crossref-lot-title: List of Tables
        crossref-lol-title: List of Listings
        environment-proof-title: Proof
        environment-remark-title: Remark
        environment-solution-title: Solution
        listing-page-order-by: Order By
        listing-page-order-by-default: Default
        listing-page-order-by-date-asc: Oldest
        listing-page-order-by-date-desc: Newest
        listing-page-order-by-number-desc: High to Low
        listing-page-order-by-number-asc: Low to High
        listing-page-field-date: Date
        listing-page-field-title: Title
        listing-page-field-description: Description
        listing-page-field-author: Author
        listing-page-field-filename: File Name
        listing-page-field-filemodified: Modified
        listing-page-field-subtitle: Subtitle
        listing-page-field-readingtime: Reading Time
        listing-page-field-wordcount: Word Count
        listing-page-field-categories: Categories
        listing-page-minutes-compact: '{0} min'
        listing-page-category-all: All
        listing-page-no-matches: No matching items
        listing-page-words: '{0} words'
        listing-page-filter: Filter
        draft: Draft
  
metadata
  document-css: false
  link-citations: true
  date-format: long
  lang: en
  embed-fonts: true
  theme:
    light:
      - _extensions/bookup/bookup.scss
    dark:
      - _extensions/bookup/bookup.scss
      - _extensions/bookup/bookup_dark.scss
  title: Sample page
  
Output created: _site/page.html

