pandoc 

  to: revealjs
  output-file: example.html
  standalone: true
  wrap: none
  default-image-extension: png
  html-math-method: katex
  slide-level: 2
  variables: {}
  

metadata

  link-citations: true
  width: 1920
  height: 1280
  margin: 0.1
  center: false
  navigationMode: linear
  controlsLayout: bottom-right
  controlsTutorial: false
  hash: true
  history: true
  hashOneBasedIndex: false
  fragmentInURL: false
  transition: none
  backgroundTransition: none
  pdfSeparateFragments: false
  lang: en
  auto-stretch: true
  engines:
    - path: /opt/quarto/share/extension-subtrees/julia-engine/_extensions/julia-engine/julia-engine.js
  title: Animate-graph Example
  revealjs-plugins:
    - animate-graph
  controls: true
  

Output created: example.html


