Cloning into 'repo'...


processing file: template.qmd
1/5          
2/5 [setup]  
Error in `library()`:
! there is no package called 'showtext'
Backtrace:
    x
 1. \-base::library(showtext)
Warning message:
Duplicated chunk option(s) 'fig.width', 'fig.height', 'fig.align' in both chunk header and pipe comments of the chunk 'testing'. 

Quitting from template.qmd:9-35 [setup]
Execution halted
WARN: Error encountered when rendering files
Render failed, retrying once...


processing file: template.qmd
1/5          
2/5 [setup]  
Error in `library()`:
! there is no package called 'showtext'
Backtrace:
    x
 1. \-base::library(showtext)
Warning message:
Duplicated chunk option(s) 'fig.width', 'fig.height', 'fig.align' in both chunk header and pipe comments of the chunk 'testing'. 

Quitting from template.qmd:9-35 [setup]
Execution halted
WARN: Error encountered when rendering files
