pandoc 

  to: html
  output-file: mergemeta-example.html
  standalone: true
  section-divs: true
  html-math-method: mathjax
  wrap: none
  default-image-extension: png
  metadata-files:
    - myabbreviations.yml
  

metadata

  document-css: false
  link-citations: true
  date-format: long
  lang: en
  mergemeta:
    search-replace: mystuff
  mystuff:
    +quarto: '[Quarto](https://quarto.org)'
    +qurl: https://quarto.org/docs
    +forml: $\alpha * \beta = \gamma$
    +pyth: '*Pythagoras'' theorem*: $a^2 + b^2 = \dots$'
    .doo: '- doodledoo - '
    +dab: '**dab**'
    '!doa': '`duaaah`'
    '--pdf--':
      +br: \newline
      +form: pdf
      +wedo: print on paper
    '--html--':
      +br: <br>
      +form: html
      +wedo: read on screen
  

FATAL (/opt/quarto/share/filters/main.lua:3760) An error occurred:
Could not run /home/runner/work/quarto-extensions/quarto-extensions/test-11/repo/mergemeta as a JSON filter.
Please make sure the file exists and is executable.

Did you intend 'mergemeta' as a Lua filter in an extension?
If so, make sure you've spelled the name of the extension correctly.

The original Pandoc error follows below.
Error running filter /home/runner/work/quarto-extensions/quarto-extensions/test-11/repo/mergemeta:
Could not find executable /home/runner/work/quarto-extensions/quarto-extensions/test-11/repo/mergemeta

Error runn
ing filter /opt/quarto/share/filters/main.lua:
/opt/quarto/share/filters/main.lua:588: FATAL QUARTO ERRO
R
stack traceback:
	/opt/quarto/share/filters/main.lua:2622: in fu
nction 'fatal'
	/opt/quarto/share/filters/main.lua:2202: 
in function 'fail'
	/opt/quarto/share/filters/main.lua:3760
: in field 'Pandoc'
	/opt/quarto/share/filters/m
ain.lua:588: in function 'run_emulated_filte
r'
	/opt/quarto/share/filters/main.lua:1317: in loc
al 'callback'
	/opt/quarto/share/filters/main.lua:1335: in 
upvalue 'run_emulated_filter_c
hain'
	/opt/quarto/share/filters/ma
in.lua:1371: in function </opt/qua
rto/share/filters/main.l
ua:1368>

(WARN) Error encountered when rendering files

