Cloning into 'repo'...


processing file: index.qmd
1/5                  
2/5 [unnamed-chunk-1]
Error in `library()`:
! there is no package called 'ggplot2'
Backtrace:
    x
 1. \-base::library(ggplot2)

Quitting from index.qmd:17-23 [unnamed-chunk-1]
Execution halted
WARN: Error encountered when rendering files
Render failed, retrying once...


processing file: index.qmd
1/5                  
2/5 [unnamed-chunk-1]
Error in `library()`:
! there is no package called 'ggplot2'
Backtrace:
    x
 1. \-base::library(ggplot2)

Quitting from index.qmd:17-23 [unnamed-chunk-1]
Execution halted
WARN: Error encountered when rendering files
