[support-this] Debug mode enabled

[support-this] Found platforms configuration
[support-this] Processing platform: ko_fi
[support-this]   #value = 1
[support-this] Found array for ko_fi with 1 items
[support-this]   [1] = 'coatless'
[support-this] Processing platform: patreon
[support-this]   #value = 1
[support-this] Found array for patreon with 1 items
[support-this]   [1] = 'coatless'
[support-this] Processing platform: github
[support-this]   #value = 1
[support-this] Found array for github with 1 items
[support-this]   [1] = 'coatless'
[support-this] Adding HTML CSS dependency

[support-this] Detected RevealJS format

[support-this] Inserting support section at bottom

[support-this] Found platforms configuration
[support-this] Processing platform: custom
[support-this]   #value = 2
[support-this] Found array for custom with 2 items

[support-this]   [1] = 'https://paypal.me/yourusername'
[support-this]   [2] = 'https://yourwebsite.com/donate'
[support-this] Processing platform: github
[support-this]   #value = 2
[support-this] Found array for github with 2 items
[support-this]   [1] = 'coatless'
[support-this]   [2] = 'yourusername'
[support-this] Adding HTML CSS dependency

[support-this] Detected HTML format

[support-this] Rendering HTML with 2 platforms
[support-this] Inserting support section at bottom

(WARN) Unable to resolve link target: qsupport-this-faq.qmd

(WARN) Unable to resolve link target: qsupport-this-faq.qmd

[support-this] Found platforms configuration
[support-this] Processing platform: github
[support-this]   #value = 1
[support-this] Found array for github with 1 items
[support-this]   [1] = 'coatless'

[support-this] Processing platform: patreon
[support-this]   #value = 1
[support-this] Found array for patreon with 1 items
[support-this]   [1] = 'coatless'
[support-this] Adding HTML CSS dependency

[support-this] Detected HTML format
[support-this] Rendering HTML with 2 platforms

[support-this] Inserting support section at top

(WARN) Unable to resolve link target: qsupport-this-faq.qmd

(WARN) Unable to resolve link target: qsupport-this-faq.qmd

[support-this] Found platforms configuration
[support-this] Processing platform: github
[support-this]   #value = 1
[support-this] Found array for github with 1 items

[support-this]   [1] = 'coatless'
[support-this] Processing platform: patreon
[support-this]   #value = 1
[support-this] Found array for patreon with 1 items
[support-this]   [1] = 'coatless'
[support-this] Processing platform: buy_me_a_coffee
[support-this]   #value = 1
[support-this] Found array for buy_me_a_coffee with 1 items
[support-this]   [1] = 'coatless'
[support-this] Adding HTML CSS dependency

[support-this] Detected HTML format
[support-this] Rendering HTML with 3 platforms

[support-this] Inserting support section at bottom

[support-this] Found platforms configuration
[support-this] Processing platform: github
[support-this]   #value = 1
[support-this] Found array for github with 1 items

[support-this]   [1] = 'coatless'
[support-this] Processing platform: patreon
[support-this]   #value = 1
[support-this] Found array for patreon with 1 items
[support-this]   [1] = 'coatless'
[support-this] Processing platform: buy_me_a_coffee
[support-this]   #value = 1
[support-this] Found array for buy_me_a_coffee with 1 items
[support-this]   [1] = 'coatless'

[support-this] Detected non-HTML format (using Callout API)

[support-this] Inserting support section at bottom


Rendering PDF

running lualatex - 1

  This is LuaHBTeX, Version 1.24.0 (TeX Live 2026) 
   restricted system commands enabled.
  

updating tlmgr



updating existing packages

finding package for scrartcl.cls

> 1 package to install

> installing koma-script (1 of 1)

  This is LuaHBTeX, Version 1.24.0 (TeX Live 2026) 
   restricted system commands enabled.
  
  luaotfload | db : Font names database not found, generating new one.
  luaotfload | db : This can take several minutes; please be patient.

running lualatex - 2

  This is LuaHBTeX, Version 1.24.0 (TeX Live 2026) 
   restricted system commands enabled.
  



(WARN) Unable to resolve link target: qsupport-this-faq.qmd

[support-this] Loading FUNDING.yml

[support-this] Adding HTML CSS dependency

[support-this] Detected HTML format
[support-this] Rendering HTML with 3 platforms

[support-this] Inserting support section at bottom

(WARN) Unable to resolve link target: qsupport-this-faq.qmd



Output created: _site/index.html


