pandoc 

  to: revealjs
  from: markdown-auto_identifiers+emoji
  output-file: template.html
  standalone: true
  embed-resources: true
  wrap: none
  default-image-extension: png
  html-math-method:
    method: mathjax
    url: >-
      https://cdn.jsdelivr.net/npm/mathjax@2.7.9/MathJax.js?config=TeX-AMS_HTML-full
  slide-level: 2
  variables:
    quarto:
      language:
        toc-title-document: Inhaltsverzeichnis
        toc-title-website: Auf dieser Seite
        related-formats-title: Andere Formate
        related-notebooks-title: Notebooks
        source-notebooks-prefix: Quelle
        other-links-title: Weitere Links
        code-links-title: Code-Links
        launch-dev-container-title: Dev Container starten
        launch-binder-title: Binder starten
        article-notebook-label: Artikel-Notizbuch
        notebook-preview-download: Notizbuch herunterladen
        notebook-preview-download-src: Quellcode herunterladen
        notebook-preview-back: Zurück zum Artikel
        manuscript-meca-bundle: MECA-Archiv
        section-title-abstract: Zusammenfassung
        section-title-appendices: Anhang
        section-title-footnotes: Fußnoten
        section-title-references: Literatur
        section-title-reuse: Wiederverwendung
        section-title-copyright: Urheberrechte
        section-title-citation: Zitat
        appendix-attribution-cite-as: 'Bitte zitieren Sie diese Arbeit als:'
        appendix-attribution-bibtex: 'Mit BibTeX zitieren:'
        appendix-view-license: Lizenz Anzeigen
        title-block-author-single: Autor:in
        title-block-author-plural: Autor:innen
        title-block-affiliation-single: Zugehörigkeit
        title-block-affiliation-plural: Zugehörigkeiten
        title-block-published: Veröffentlichungsdatum
        title-block-modified: Geändert
        title-block-keywords: Schlüsselwörter
        callout-tip-title: Tipp
        callout-note-title: Hinweis
        callout-warning-title: Warnung
        callout-important-title: Wichtig
        callout-caution-title: Vorsicht
        code-summary: Code
        code-tools-menu-caption: Code
        code-tools-show-all-code: Gesamten Code zeigen
        code-tools-hide-all-code: Gesamten Code verbergen
        code-tools-view-source: Quellcode anzeigen
        code-tools-source-code: Quellcode
        tools-share: Share
        tools-download: Download
        code-line: Zeile
        code-lines: Zeilen
        copy-button-tooltip: In die Zwischenablage kopieren
        copy-button-tooltip-success: Kopiert
        repo-action-links-edit: Seite editieren
        repo-action-links-source: Quellcode anzeigen
        repo-action-links-issue: Problem melden
        back-to-top: Zurück nach oben
        search-no-results-text: Keine Treffer
        search-matching-documents-text: Treffer
        search-copy-link-title: Link in die Suche kopieren
        search-hide-matches-text: Zusätzliche Treffer verbergen
        search-more-match-text: weitere Treffer in diesem Dokument
        search-more-matches-text: weitere Treffer in diesem Dokument
        search-clear-button-title: Zurücksetzen
        search-text-placeholder: ''
        search-detached-cancel-button-title: Abbrechen
        search-submit-button-title: Abschicken
        search-label: Suchen
        toggle-section: Abschnitt umschalten
        toggle-sidebar: Seitenleiste umschalten
        toggle-dark-mode: Dunkelmodus umschalten
        toggle-reader-mode: Lesemodus umschalten
        toggle-navigation: Navigation umschalten
        crossref-fig-title: Abbildung
        crossref-tbl-title: Tabelle
        crossref-lst-title: Listing
        crossref-thm-title: Theorem
        crossref-lem-title: Lemma
        crossref-cor-title: Korollar
        crossref-prp-title: Aussage
        crossref-cnj-title: Annahme
        crossref-def-title: Definition
        crossref-exm-title: Beispiel
        crossref-exr-title: Übungsaufgabe
        crossref-ch-prefix: Kapitel
        crossref-apx-prefix: Anhang
        crossref-sec-prefix: Kapitel
        crossref-eq-prefix: Gleichung
        crossref-lof-title: Abbildungsverzeichnis
        crossref-lot-title: Tabellenverzeichnis
        crossref-lol-title: Listingverzeichnis
        environment-proof-title: Beweis
        environment-remark-title: Anmerkung
        environment-solution-title: Lösung
        listing-page-order-by: Sortieren nach
        listing-page-order-by-default: Voreinstellung
        listing-page-order-by-date-asc: Datum (aufsteigend)
        listing-page-order-by-date-desc: Neueste
        listing-page-order-by-number-desc: Absteigend
        listing-page-order-by-number-asc: Aufsteigend
        listing-page-field-date: Datum
        listing-page-field-title: Titel
        listing-page-field-description: Beschreibung
        listing-page-field-author: Autor:in
        listing-page-field-filename: Dateiname
        listing-page-field-filemodified: Geändert
        listing-page-field-subtitle: Untertitel
        listing-page-field-readingtime: Lesezeit
        listing-page-field-wordcount: Wortanzahl
        listing-page-field-categories: Kategorien
        listing-page-minutes-compact: '{0} min'
        listing-page-category-all: alle
        listing-page-no-matches: Keine Treffer
        listing-page-words: '{0} Wörter'
        listing-page-filter: Filter
        draft: Entwurf
  

metadata

  link-citations: true
  width: 1050
  height: 700
  margin: 0.1
  center: false
  navigationMode: linear
  controlsLayout: edges
  controlsTutorial: false
  hash: true
  history: true
  hashOneBasedIndex: false
  fragmentInURL: false
  transition: fade
  backgroundTransition: slide
  pdfSeparateFragments: false
  lang: de
  auto-stretch: true
  theme:
    - _extensions/hsnr/HSNR.scss
  date-format: DD.MM.YYYY
  csl: _extensions/hsnr/apa-single-spaced.csl
  logo: _extensions/hsnr/HSNLogo_quadrat2.jpg
  slideNumber: true
  scrollable: true
  citations-hover: true
  footnotes-hover: true
  controls: true
  hash-type: number
  hideInactiveCursor: true
  hideCursorTime: 200
  title: Quarto und Revealjs
  subtitle: Eine kurze Einführung
  author:
    - name: Prof. Dr. Klara Aufbau
  institute: Fachbereich Gesundheitswesen
  modul: M3 Spezialwissen 2024
  kohorte: MHC
  date: '2004-12-21'
  bibliography:
    - literatur.bib
  footer: Prof. Dr. Theo Rethisch | Fachbereich 10 | Hochschule Niederrhein
  

[WARN
ING] Could not fetch resource _extensions/produnis/hsnr/KreisschwungKrefeld.png
[WARNING] Could not fetch resource _extensions/produnis/hsnr/Kre
isschwungKrefeld.png

[WARNING] Could not f
etch resource _extensions/produnis/hsn
r/Hochschule_niederrhein.png

[WAR
NING] Could not fetch
 resource _ex
tensions/produni
s/hsnr/befo
reyoustartitsn
oteasy.jpg

[WAR
NING] Could n
ot fetch r
esource
 _exten
sions/p
roduni
s/hsnr/
before
youstar
titsno
teasy.j
pg

[W
ARNING] Could
 not fetc
h resou
rce _ext
ensions/pr
odunis/hs
nr/letztefolie1.webp
[WARNING] Could not fetch resource _extensions/produnis/hsnr/letztefolie2.webp

[W
ARNING] C
ould not 
fetch re
sourc
e _e
xtensi
ons/prod
unis/hs
nr/Kref
eldCamp
us_night
.webp

[W
ARNING] Coul
d not fe
tch reso
urce 
_exte
nsions/p
rodunis
/hsnr/H
SNLogo_
quadrat
2.jpg

[W
ARNING] C
ould no
t fetch 
resource
 _extens
ions/
produn
is/hsnr/G
ebauedeH
_Rand.w
ebp

[W
ARNING] C
ould no
t fetch
 resour
ce _ext
ensions/
produni
s/hsnr
/HSNLog
o_quadrat2.jpg
[W
ARNING] C
ould not
 fetch 
resourc
e _exte
nsions
/produn
is/hsnr/b
iblioth
ek.web
p

Output created: template.html


