pandoc 

  to: html
  output-file: index.html
  standalone: true
  section-divs: true
  html-math-method: mathjax
  wrap: none
  default-image-extension: png
  toc: true
  variables: {}
  

metadata

  document-css: false
  link-citations: true
  date-format: long
  lang: en
  engines:
    - path: /opt/quarto/share/extension-subtrees/julia-engine/_extensions/julia-engine/julia-engine.js
  title: Swissbiopics Examples
  

FATAL (/opt/quarto/share/filters/main.lua:3760) An error occurred:
Could not run /home/runner/work/quarto-extensions/quarto-extensions/test-18/repo/docs/swissbiopics as a JSON filter.
Please make sure the file exists and is executable.

Did you intend 'swissbiopics' as a Lua filter in an extension?
If so, make sure you've spelled the name of the extension correctly.

The original Pandoc error follows below.
Error running filter /home/runner/work/quarto-extensions/quarto-extensions/test-18/repo/docs/swissbiopics:
Could not find executable /home/runner/work/quarto-extensions/quarto-extensions/test-18/repo/docs/swissbiopics

Error running filter 
/opt/quarto/share/filters/main.lua:
/opt/quarto/share/filters/main.lua:588: FATAL QUARTO ERROR
stack traceback:
	/opt/quart
o/share/filters/main.lua:2622: in function 'fatal'
	/opt/quart
o/share/filters/main.lua:2202: in function 'fa
il'
	/opt/quarto/share/filters/main.lua:37
60: in field 'Pandoc'
	/opt/quarto/share/filte
rs/main.lua:588: in function 'run_emulat
ed_filter'
	/opt/quarto/share/
filters/main.lua:1317: in local 'callback'
	/opt/quarto/share/fil
ters/main.lua:1335: in upvalue 'run_emulat
ed_filter_chain'
	/opt/quarto/share/filters/ma
in.lua:1371: in function </o
pt/quarto/share/filters/m
ain.lua:1368>

(WARN) Error encountered when rendering files

