[typst]: Compiling hikmah-response-memo.typ to hikmah-response-memo.pdf...
DONE




processing file: hikmah-testing-default.qmd

1/5                  

2/5 [unnamed-chunk-1]

3/5                  

4/5 [fig-n-lights]   

5/5                  

output file: hikmah-testing-default.knit.md




processing file: hikmah-testing-default.qmd

1/5                  

2/5 [unnamed-chunk-1]

3/5                  

4/5 [fig-n-lights]   

5/5                  

output file: hikmah-testing-default.knit.md




processing file: hikmah-testing-default.qmd

1/5                  

2/5 [unnamed-chunk-1]

3/5                  

4/5 [fig-n-lights]   

5/5                  

output file: hikmah-testing-default.knit.md




processing file: hikmah-testing-default.qmd

1/5                  

2/5 [unnamed-chunk-1]

3/5                  

4/5 [fig-n-lights]   

5/5                  

output file: hikmah-testing-default.knit.md


[typst]: Compiling hikmah-testing-default.typ to hikmah-testing-default.pdf...
DONE



Rendering PDF

running lualatex - 1

  This is LuaHBTeX, Version 1.24.0 (TeX Live 2026) 
   restricted system commands enabled.
  

running lualatex - 2

  This is LuaHBTeX, Version 1.24.0 (TeX Live 2026) 
   restricted system commands enabled.
  



(ERROR) NotFound: No such file or directory (os error 2): rename '/home/runner/work/quarto-extensions/quarto-extensions/test-2/repo/hikmah-testing-default.pdf' -> '/home/runner/work/quarto-extensions/quarto-extensions/test-2/repo/examples/hikmah-testing-default.pdf'

Stack trace:
    at Object.renameSync (ext:deno_fs/30_fs.js:264:3)
    at safeMoveSync (file:///opt/quarto/bin/quarto.js:3222:10)
    at renderProject (file:///opt/quarto/bin/quarto.js:137210:9)
    at eventLoopTick (ext:core/01_core.js:179:7)
    at async _Command.actionHandler (file:///opt/quarto/bin/quarto.js:142481:24)
    at async _Command.execute (file:///opt/quarto/bin/quarto.js:102102:7)
    at async _Command.parseCommand (file:///opt/quarto/bin/quarto.js:101979:14)
    at async quarto4 (file:///opt/quarto/bin/quarto.js:187653:5)
    at async file:///opt/quarto/bin/quarto.js:187681:5
    at async file:///opt/quarto/bin/quarto.js:187536:14
    at async mainRunner (file:///opt/quarto/bin/quarto.js:187538:5)
    at async file:///opt/quarto/bin/quarto.js:187674:3

