Cloning into 'repo'...
Installing package into '/home/runner/work/quarto-extensions/quarto-extensions/test-2/R/x86_64-pc-linux-gnu-library/4.6'
(as 'lib' is unspecified)
trying URL 'https://packagemanager.posit.co/cran/latest/src/contrib/renv_1.2.2.tar.gz'
Content type 'binary/octet-stream' length 1356485 bytes (1.3 MB)
==================================================
downloaded 1.3 MB

* installing *source* package 'renv' ...
** this is package 'renv' version '1.2.2'
** package 'renv' successfully unpacked and MD5 sums checked
** using staged installation
** R
** inst
** byte-compile and prepare package for lazy loading
** help
*** installing help indices
*** copying figures
** building package indices
** installing vignettes
** testing if installed package can be loaded from temporary location
** checking absolute paths in shared objects and dynamic libraries
** testing if installed package can be loaded from final location
** testing if installed package keeps a record of temporary installation path
* DONE (renv)

The downloaded source packages are in
	'/tmp/RtmpCMGjls/downloaded_packages'
Installing packages into '/home/runner/work/quarto-extensions/quarto-extensions/test-2/R/x86_64-pc-linux-gnu-library/4.6'
(as 'lib' is unspecified)
also installing the dependency 'later'

trying URL 'https://packagemanager.posit.co/cran/latest/src/contrib/later_1.4.8.tar.gz'
trying URL 'https://packagemanager.posit.co/cran/latest/src/contrib/magick_2.9.1.tar.gz'
trying URL 'https://packagemanager.posit.co/cran/latest/src/contrib/quarto_1.5.1.tar.gz'
* installing *source* package 'later' ...
** this is package 'later' version '1.4.8'
** package 'later' successfully unpacked and MD5 sums checked
** using staged installation
** libs
using C compiler: 'gcc (Ubuntu 13.3.0-6ubuntu2~24.04.1) 13.3.0'
using C++ compiler: 'g++ (Ubuntu 13.3.0-6ubuntu2~24.04.1) 13.3.0'
installing to /home/runner/work/quarto-extensions/quarto-extensions/test-2/R/x86_64-pc-linux-gnu-library/4.6/00LOCK-later/00new/later/libs
** R
** inst
** byte-compile and prepare package for lazy loading
** help
*** installing help indices
** building package indices
** installing vignettes
** testing if installed package can be loaded from temporary location
** checking absolute paths in shared objects and dynamic libraries
** testing if installed package can be loaded from final location
** testing if installed package keeps a record of temporary installation path
* DONE (later)
* installing *source* package 'magick' ...
** this is package 'magick' version '2.9.1'
** package 'magick' successfully unpacked and MD5 sums checked
** using staged installation
Package Magick++ was not found in the pkg-config search path.
Perhaps you should add the directory containing `Magick++.pc'
to the PKG_CONFIG_PATH environment variable
Package 'Magick++', required by 'virtual:world', not found
ERROR: configuration failed for package 'magick'
* removing '/home/runner/work/quarto-extensions/quarto-extensions/test-2/R/x86_64-pc-linux-gnu-library/4.6/magick'
* installing *source* package 'quarto' ...
** this is package 'quarto' version '1.5.1'
** package 'quarto' successfully unpacked and MD5 sums checked
** using staged installation
** R
** inst
** byte-compile and prepare package for lazy loading
** help
*** installing help indices
*** copying figures
** building package indices
** installing vignettes
** testing if installed package can be loaded from temporary location
** testing if installed package can be loaded from final location
** testing if installed package keeps a record of temporary installation path
* DONE (quarto)

The downloaded source packages are in
	'/tmp/RtmpCMGjls/downloaded_packages'
Warning message:
In install.packages(deps, repos = ppm) :
  installation of package 'magick' had non-zero exit status
CTAN mirror https://ctan.math.utah.edu/ctan/tex-archive/systems/texlive/tlnet failed, trying next...
[1/5] hikmah-response-memo.qmd
[typst]: Compiling hikmah-response-memo.typ to hikmah-response-memo.pdf...DONE

[2/5] hikmah-testing-default.qmd


processing file: hikmah-testing-default.qmd
1/5                  
2/5 [unnamed-chunk-1]
3/5                  
4/5 [fig-n-lights]   
5/5                  
output file: hikmah-testing-default.knit.md



processing file: hikmah-testing-default.qmd
1/5                  
2/5 [unnamed-chunk-1]
3/5                  
4/5 [fig-n-lights]   
5/5                  
output file: hikmah-testing-default.knit.md



processing file: hikmah-testing-default.qmd
1/5                  
2/5 [unnamed-chunk-1]
3/5                  
4/5 [fig-n-lights]   
5/5                  
output file: hikmah-testing-default.knit.md



processing file: hikmah-testing-default.qmd
1/5                  
2/5 [unnamed-chunk-1]
3/5                  
4/5 [fig-n-lights]   
5/5                  
output file: hikmah-testing-default.knit.md

[typst]: Compiling hikmah-testing-default.typ to hikmah-testing-default.pdf...DONE


Rendering PDF
running lualatex - 1
  This is LuaHBTeX, Version 1.24.0 (TeX Live 2026) 
   restricted system commands enabled.
  
  luaotfload | db : Font names database not found, generating new one.
  luaotfload | db : This can take several minutes; please be patient.
updating tlmgr

updating existing packages
finding package for setspace.sty
> 1 package to install
> installing setspace (1 of 1)
  This is LuaHBTeX, Version 1.24.0 (TeX Live 2026) 
   restricted system commands enabled.
  
finding package for nowidow.sty
> 1 package to install
> installing nowidow (1 of 1)
  This is LuaHBTeX, Version 1.24.0 (TeX Live 2026) 
   restricted system commands enabled.
  
finding package for tocloft.sty
> 1 package to install
> installing tocloft (1 of 1)
  This is LuaHBTeX, Version 1.24.0 (TeX Live 2026) 
   restricted system commands enabled.
  
finding package for orcidlink.sty
> 1 package to install
> installing orcidlink (1 of 1)
  This is LuaHBTeX, Version 1.24.0 (TeX Live 2026) 
   restricted system commands enabled.
  
finding package for abstract.sty
> 1 package to install
> installing abstract (1 of 1)
  This is LuaHBTeX, Version 1.24.0 (TeX Live 2026) 
   restricted system commands enabled.
  
finding package for titling.sty
> 1 package to install
> installing titling (1 of 1)
  This is LuaHBTeX, Version 1.24.0 (TeX Live 2026) 
   restricted system commands enabled.
  
finding package for footmisc.sty
> 1 package to install
> installing footmisc (1 of 1)
  This is LuaHBTeX, Version 1.24.0 (TeX Live 2026) 
   restricted system commands enabled.
  
finding package for pdflscape.sty
> 1 package to install
> installing pdflscape (1 of 1)
  This is LuaHBTeX, Version 1.24.0 (TeX Live 2026) 
   restricted system commands enabled.
  
finding package for luatexbase.sty
> 1 package to install
> installing luatexbase (1 of 1)
  This is LuaHBTeX, Version 1.24.0 (TeX Live 2026) 
   restricted system commands enabled.
  
finding package for authblk.sty
> 1 package to install
> installing preprint (1 of 1)
  This is LuaHBTeX, Version 1.24.0 (TeX Live 2026) 
   restricted system commands enabled.
  
running lualatex - 2
  This is LuaHBTeX, Version 1.24.0 (TeX Live 2026) 
   restricted system commands enabled.
  

ERROR: NotFound: No such file or directory (os error 2): rename '/home/runner/work/quarto-extensions/quarto-extensions/test-2/repo/hikmah-testing-default.pdf' -> '/home/runner/work/quarto-extensions/quarto-extensions/test-2/repo/examples/hikmah-testing-default.pdf'

Stack trace:
    at Object.renameSync (ext:deno_fs/30_fs.js:264:3)
    at safeMoveSync (file:///opt/quarto/bin/quarto.js:3222:10)
    at renderProject (file:///opt/quarto/bin/quarto.js:137210:9)
    at eventLoopTick (ext:core/01_core.js:179:7)
    at async _Command.actionHandler (file:///opt/quarto/bin/quarto.js:142481:24)
    at async _Command.execute (file:///opt/quarto/bin/quarto.js:102102:7)
    at async _Command.parseCommand (file:///opt/quarto/bin/quarto.js:101979:14)
    at async quarto4 (file:///opt/quarto/bin/quarto.js:187653:5)
    at async file:///opt/quarto/bin/quarto.js:187681:5
    at async file:///opt/quarto/bin/quarto.js:187536:14
    at async mainRunner (file:///opt/quarto/bin/quarto.js:187538:5)
    at async file:///opt/quarto/bin/quarto.js:187674:3
Render failed, retrying once...
[1/5] hikmah-response-memo.qmd
[typst]: Compiling hikmah-response-memo.typ to hikmah-response-memo.pdf...DONE

[2/5] hikmah-testing-default.qmd


processing file: hikmah-testing-default.qmd
1/5                  
2/5 [unnamed-chunk-1]
3/5                  
4/5 [fig-n-lights]   
5/5                  
output file: hikmah-testing-default.knit.md



processing file: hikmah-testing-default.qmd
1/5                  
2/5 [unnamed-chunk-1]
3/5                  
4/5 [fig-n-lights]   
5/5                  
output file: hikmah-testing-default.knit.md



processing file: hikmah-testing-default.qmd
1/5                  
2/5 [unnamed-chunk-1]
3/5                  
4/5 [fig-n-lights]   
5/5                  
output file: hikmah-testing-default.knit.md



processing file: hikmah-testing-default.qmd
1/5                  
2/5 [unnamed-chunk-1]
3/5                  
4/5 [fig-n-lights]   
5/5                  
output file: hikmah-testing-default.knit.md

[typst]: Compiling hikmah-testing-default.typ to hikmah-testing-default.pdf...DONE


Rendering PDF
running lualatex - 1
  This is LuaHBTeX, Version 1.24.0 (TeX Live 2026) 
   restricted system commands enabled.
  
running lualatex - 2
  This is LuaHBTeX, Version 1.24.0 (TeX Live 2026) 
   restricted system commands enabled.
  

ERROR: NotFound: No such file or directory (os error 2): rename '/home/runner/work/quarto-extensions/quarto-extensions/test-2/repo/hikmah-testing-default.pdf' -> '/home/runner/work/quarto-extensions/quarto-extensions/test-2/repo/examples/hikmah-testing-default.pdf'

Stack trace:
    at Object.renameSync (ext:deno_fs/30_fs.js:264:3)
    at safeMoveSync (file:///opt/quarto/bin/quarto.js:3222:10)
    at renderProject (file:///opt/quarto/bin/quarto.js:137210:9)
    at eventLoopTick (ext:core/01_core.js:179:7)
    at async _Command.actionHandler (file:///opt/quarto/bin/quarto.js:142481:24)
    at async _Command.execute (file:///opt/quarto/bin/quarto.js:102102:7)
    at async _Command.parseCommand (file:///opt/quarto/bin/quarto.js:101979:14)
    at async quarto4 (file:///opt/quarto/bin/quarto.js:187653:5)
    at async file:///opt/quarto/bin/quarto.js:187681:5
    at async file:///opt/quarto/bin/quarto.js:187536:14
    at async mainRunner (file:///opt/quarto/bin/quarto.js:187538:5)
    at async file:///opt/quarto/bin/quarto.js:187674:3
