pandoc 

  to: html
  output-file: index.html
  standalone: true
  title-prefix: colab
  section-divs: true
  html-math-method: mathjax
  wrap: none
  default-image-extension: png
  toc: false
  variables: {}
  

metadata

  document-css: false
  link-citations: true
  date-format: long
  lang: en
  colab:
    gh-user: coatless-quarto
    gh-repo: colab
    gh-branch: main
  title: Colab Extension
  callout-appearance: minimal
  

(WARN) Unable to resolve link target: qcolab-example.qmd

Output created: _site/index.html


