pandoc 

  to: latex
  output-file: template.tex
  standalone: true
  pdf-engine: pdflatex
  variables:
    graphics: true
    tables: true
  default-image-extension: pdf
  cite-method: natbib
  

metadata

  block-headings: true
  knitr:
    opts_chunk:
      echo: false
  documentclass: asm
  colorlinks: true
  urlcolor: blue
  biblio-style: msystems
  biblio-config: false
  engines:
    - path: /opt/quarto/share/extension-subtrees/julia-engine/_extensions/julia-engine/julia-engine.js
  title: |
    This Is the Sample Article Template for _mSystems_ \textsuperscript{\textregistered}, an American Society for Microbiology (ASM) Journal
  runningtitle: Running Title
  runningauthor: FirstAuthor
  papertype: Research Article
  equalcontrib: First Author and Second Author contributed equally to this work. Author order was determined XXXXXX.
  author:
    - name: First Author
      affiliations:
        - ref: a
      orcid: 0000-0000-0000-0000
      equal-contributor: true
    - name: Second Author
      affiliations:
        - ref: a
      equal-contributor: true
    - name: Third Author
      affiliations:
        - ref: b
    - name: Third Final Author
      affiliations:
        - ref: a
        - ref: b
      email: fourth@author.edu
      corresponding: true
  affiliations:
    - id: a
      name: University Name, Faculty Group, Department, City, Country
    - id: b
      name: Company Name, City, Country
  abstract: |
    Research Articles have structured abstracts consisting of two sections with their own headings; "Abstract" and "Importance". Because the structured abstract will be published separately by abstracting services, it must be complete and understandable without reference to the text. The Abstract section should be no more than 250 words and should  concisely  summarize  the  basic  content  of  the  paper without presenting extensive experimental details.
  importance: |
    The Importance section should be no more than 150 words and should provide a nontechnical explanation of the significance of the study to the field. Avoid abbreviations and references, and indicate the specific organism under study. When it is essential to include a reference, use the format shown under "References" below.
  keywords: |
    keyword 1, keyword 2, keyword 3.
  reference-section-title: References
  bibliography:
    - bibliography.bib
  classoption:
    - lineno
  indent: true
  


Rendering PDF

running pdflatex - 1

  This is pdfTeX, Version 3.141592653-2.6-1.40.29 (TeX Live 2026) (preloaded format=pdflatex)
   restricted \write18 enabled.
  entering extended mode
  

updating tlmgr



updating existing packages

finding package for microtype.sty

> 1 package to install

> installing microtype (1 of 1)

(WARN) Error encountered when rendering files

(ERROR) tlmgr returned a non zero status code
You don't have permission to change the installation in any way,
specifically, the directory /opt/tinytex/tlpkg/ is not writable.
Please run this program as administrator, or contact your local admin.
tlmgr: An error has occurred. See above messages. Exiting.


Stack trace:
    at renderFiles (file:///opt/quarto/bin/quarto.js:136526:49)
    at eventLoopTick (ext:core/01_core.js:179:7)
    at async renderProject (file:///opt/quarto/bin/quarto.js:137069:23)
    at async _Command.actionHandler (file:///opt/quarto/bin/quarto.js:142399:24)
    at async _Command.execute (file:///opt/quarto/bin/quarto.js:102022:7)
    at async _Command.parseCommand (file:///opt/quarto/bin/quarto.js:101899:14)
    at async quarto4 (file:///opt/quarto/bin/quarto.js:187547:5)
    at async file:///opt/quarto/bin/quarto.js:187575:5
    at async file:///opt/quarto/bin/quarto.js:187430:14
    at async mainRunner (file:///opt/quarto/bin/quarto.js:187432:5)
    at async file:///opt/quarto/bin/quarto.js:187568:3

