Cloning into 'repo'...
Installing package into '/home/runner/work/quarto-extensions/quarto-extensions/test-6/R/x86_64-pc-linux-gnu-library/4.5'
(as 'lib' is unspecified)
trying URL 'https://packagemanager.posit.co/cran/latest/src/contrib/renv_1.2.1.tar.gz'
Content type 'binary/octet-stream' length 1357218 bytes (1.3 MB)
==================================================
downloaded 1.3 MB

* installing *source* package 'renv' ...
** this is package 'renv' version '1.2.1'
** package 'renv' successfully unpacked and MD5 sums checked
** using staged installation
** R
** inst
** byte-compile and prepare package for lazy loading
** help
*** installing help indices
*** copying figures
** building package indices
** installing vignettes
** testing if installed package can be loaded from temporary location
** checking absolute paths in shared objects and dynamic libraries
** testing if installed package can be loaded from final location
** testing if installed package keeps a record of temporary installation path
* DONE (renv)

The downloaded source packages are in
	'/tmp/RtmpFtKEq2/downloaded_packages'


processing file: template.qmd
1/4                  
2/4 [unnamed-chunk-1]
3/4                  
4/4 [unnamed-chunk-2]
output file: template.knit.md

Error adding css vars block SCSSParsingError: SCSS Parsing Error: Expecting punctuation: ")" (3143:53)
    at cssVarsBlock (file:///opt/quarto/bin/quarto.js:87124:15)
    at file:///opt/quarto/bin/quarto.js:87670:35
    at file:///opt/quarto/bin/quarto.js:87318:33
    at eventLoopTick (ext:core/01_core.js:179:7)
    at async handleVarsBlock (file:///opt/quarto/bin/quarto.js:87591:23)
    at async file:///opt/quarto/bin/quarto.js:87617:17
    at async SassCache.setFromHash (file:///opt/quarto/bin/quarto.js:80054:11)
    at async compileSass (file:///opt/quarto/bin/quarto.js:87429:19)
    at async revealTheme (file:///opt/quarto/bin/quarto.js:184137:15)
    at async Object.formatExtras (file:///opt/quarto/bin/quarto.js:184294:23)
    at async runPandoc (file:///opt/quarto/bin/quarto.js:129226:56)
    at async renderPandoc (file:///opt/quarto/bin/quarto.js:130931:24)
    at async Object.onRender (file:///opt/quarto/bin/quarto.js:136874:30)
    at async renderFileInternal (file:///opt/quarto/bin/quarto.js:136851:9)
    at async renderFiles (file:///opt/quarto/bin/quarto.js:136582:9)
    at async render (file:///opt/quarto/bin/quarto.js:142236:19)
    at async _Command.actionHandler (file:///opt/quarto/bin/quarto.js:142481:24)
    at async _Command.execute (file:///opt/quarto/bin/quarto.js:102102:7)
    at async _Command.parseCommand (file:///opt/quarto/bin/quarto.js:101979:14)
    at async quarto4 (file:///opt/quarto/bin/quarto.js:187653:5)
    at async file:///opt/quarto/bin/quarto.js:187681:5
    at async file:///opt/quarto/bin/quarto.js:187536:14
    at async mainRunner (file:///opt/quarto/bin/quarto.js:187538:5)
    at async file:///opt/quarto/bin/quarto.js:187674:3 {
  name: "SCSSParsingError"
}
The resulting CSS file will not have SCSS color variables exported as CSS.
This is likely a Quarto bug.
Please consider reporting it at https://github.com/quarto-dev/quarto-cli,
along with the _quarto_internal_scss_error.scss file that can be found in the current working directory.
ERROR: Theme file compilation failed:

Error: There is no module with the namespace "sass-color".
     ╷
3131 │ @if (sass-color.blackness($backgroundColor) > $code-block-theme-dark-threshhold) {
     │      ^^^^^^^^^^^^^^^^^^^^^^^^^^^^^^^^^^^^^^
     ╵

Stack trace:
    at processResult (file:///opt/quarto/bin/quarto.js:79152:13)
    at dartCommand (file:///opt/quarto/bin/quarto.js:79177:10)
    at eventLoopTick (ext:core/01_core.js:179:7)
    at async dartCompile (file:///opt/quarto/bin/quarto.js:79120:3)
    at async file:///opt/quarto/bin/quarto.js:87618:9
    at async SassCache.setFromHash (file:///opt/quarto/bin/quarto.js:80054:11)
    at async compileSass (file:///opt/quarto/bin/quarto.js:87429:19)
    at async revealTheme (file:///opt/quarto/bin/quarto.js:184137:15)
    at async Object.formatExtras (file:///opt/quarto/bin/quarto.js:184294:23)
    at async runPandoc (file:///opt/quarto/bin/quarto.js:129226:56)
    at async renderPandoc (file:///opt/quarto/bin/quarto.js:130931:24)
    at async Object.onRender (file:///opt/quarto/bin/quarto.js:136874:30)
    at async renderFileInternal (file:///opt/quarto/bin/quarto.js:136851:9)
    at async renderFiles (file:///opt/quarto/bin/quarto.js:136582:9)
    at async render (file:///opt/quarto/bin/quarto.js:142236:19)
    at async _Command.actionHandler (file:///opt/quarto/bin/quarto.js:142481:24)
    at async _Command.execute (file:///opt/quarto/bin/quarto.js:102102:7)
    at async _Command.parseCommand (file:///opt/quarto/bin/quarto.js:101979:14)
    at async quarto4 (file:///opt/quarto/bin/quarto.js:187653:5)
    at async file:///opt/quarto/bin/quarto.js:187681:5
    at async file:///opt/quarto/bin/quarto.js:187536:14
    at async mainRunner (file:///opt/quarto/bin/quarto.js:187538:5)
    at async file:///opt/quarto/bin/quarto.js:187674:3
Render failed, retrying once...


processing file: template.qmd
1/4                  
2/4 [unnamed-chunk-1]
3/4                  
4/4 [unnamed-chunk-2]
output file: template.knit.md

Error adding css vars block SCSSParsingError: SCSS Parsing Error: Expecting punctuation: ")" (3143:53)
    at cssVarsBlock (file:///opt/quarto/bin/quarto.js:87124:15)
    at file:///opt/quarto/bin/quarto.js:87670:35
    at file:///opt/quarto/bin/quarto.js:87318:33
    at eventLoopTick (ext:core/01_core.js:179:7)
    at async handleVarsBlock (file:///opt/quarto/bin/quarto.js:87591:23)
    at async file:///opt/quarto/bin/quarto.js:87617:17
    at async SassCache.setFromHash (file:///opt/quarto/bin/quarto.js:80054:11)
    at async compileSass (file:///opt/quarto/bin/quarto.js:87429:19)
    at async revealTheme (file:///opt/quarto/bin/quarto.js:184137:15)
    at async Object.formatExtras (file:///opt/quarto/bin/quarto.js:184294:23)
    at async runPandoc (file:///opt/quarto/bin/quarto.js:129226:56)
    at async renderPandoc (file:///opt/quarto/bin/quarto.js:130931:24)
    at async Object.onRender (file:///opt/quarto/bin/quarto.js:136874:30)
    at async renderFileInternal (file:///opt/quarto/bin/quarto.js:136851:9)
    at async renderFiles (file:///opt/quarto/bin/quarto.js:136582:9)
    at async render (file:///opt/quarto/bin/quarto.js:142236:19)
    at async _Command.actionHandler (file:///opt/quarto/bin/quarto.js:142481:24)
    at async _Command.execute (file:///opt/quarto/bin/quarto.js:102102:7)
    at async _Command.parseCommand (file:///opt/quarto/bin/quarto.js:101979:14)
    at async quarto4 (file:///opt/quarto/bin/quarto.js:187653:5)
    at async file:///opt/quarto/bin/quarto.js:187681:5
    at async file:///opt/quarto/bin/quarto.js:187536:14
    at async mainRunner (file:///opt/quarto/bin/quarto.js:187538:5)
    at async file:///opt/quarto/bin/quarto.js:187674:3 {
  name: "SCSSParsingError"
}
The resulting CSS file will not have SCSS color variables exported as CSS.
This is likely a Quarto bug.
Please consider reporting it at https://github.com/quarto-dev/quarto-cli,
along with the _quarto_internal_scss_error.scss file that can be found in the current working directory.
ERROR: Theme file compilation failed:

Error: There is no module with the namespace "sass-color".
     ╷
3131 │ @if (sass-color.blackness($backgroundColor) > $code-block-theme-dark-threshhold) {
     │      ^^^^^^^^^^^^^^^^^^^^^^^^^^^^^^^^^^^^^^
     ╵

Stack trace:
    at processResult (file:///opt/quarto/bin/quarto.js:79152:13)
    at dartCommand (file:///opt/quarto/bin/quarto.js:79177:10)
    at eventLoopTick (ext:core/01_core.js:179:7)
    at async dartCompile (file:///opt/quarto/bin/quarto.js:79120:3)
    at async file:///opt/quarto/bin/quarto.js:87618:9
    at async SassCache.setFromHash (file:///opt/quarto/bin/quarto.js:80054:11)
    at async compileSass (file:///opt/quarto/bin/quarto.js:87429:19)
    at async revealTheme (file:///opt/quarto/bin/quarto.js:184137:15)
    at async Object.formatExtras (file:///opt/quarto/bin/quarto.js:184294:23)
    at async runPandoc (file:///opt/quarto/bin/quarto.js:129226:56)
    at async renderPandoc (file:///opt/quarto/bin/quarto.js:130931:24)
    at async Object.onRender (file:///opt/quarto/bin/quarto.js:136874:30)
    at async renderFileInternal (file:///opt/quarto/bin/quarto.js:136851:9)
    at async renderFiles (file:///opt/quarto/bin/quarto.js:136582:9)
    at async render (file:///opt/quarto/bin/quarto.js:142236:19)
    at async _Command.actionHandler (file:///opt/quarto/bin/quarto.js:142481:24)
    at async _Command.execute (file:///opt/quarto/bin/quarto.js:102102:7)
    at async _Command.parseCommand (file:///opt/quarto/bin/quarto.js:101979:14)
    at async quarto4 (file:///opt/quarto/bin/quarto.js:187653:5)
    at async file:///opt/quarto/bin/quarto.js:187681:5
    at async file:///opt/quarto/bin/quarto.js:187536:14
    at async mainRunner (file:///opt/quarto/bin/quarto.js:187538:5)
    at async file:///opt/quarto/bin/quarto.js:187674:3
