

processing file: qregurgitate-with-results.qmd

1/5                  

2/5 [unnamed-chunk-1]

3/5                  

4/5 [unnamed-chunk-2]

5/5                  

output file: qregurgitate-with-results.knit.md




processing file: qregurgitate-grouped.qmd

1/3                  

2/3 [unnamed-chunk-1]

3
/3                  

output file: qregurgitate-grouped.knit.md




processing file: qregurgitate-code-only.qmd

1/5                  

2/5 [unnamed-chunk-1]

3/5                  

4/5 [unnamed-chunk-2]

5/5                  

output file: qregurgitate-code-only.knit.md




Output created: _site/index.html


