Cloning into 'repo'...
pandoc 
  to: html
  output-file: example_simpleicons.html
  standalone: true
  self-contained: true
  section-divs: true
  html-math-method: mathjax
  wrap: none
  default-image-extension: png
  variables: {}
  
metadata
  document-css: false
  link-citations: true
  date-format: long
  lang: en
  engines:
    - path: /opt/quarto/share/extension-subtrees/julia-engine/_extensions/julia-engine/julia-engine.js
  title: simpleicons Example (HTML)
  
Error running filter /opt/quarto/share/filters/main.lua:
Could not fetch https://simpleicons.org/icons/slack.svg
HttpExceptionRequest Request {
  host                 = "simpleicons.org"
  port                 = 443
  secure               = True
  requestHeaders       = []
  path                 = "/icons/slack.svg"
  queryString          = ""
  method               = "GET"
  proxy                = Nothing
  rawBody              = False
  redirectCount        = 10
  responseTimeout      = ResponseTimeoutDefault
  requestVersion       = HTTP/1.1
  proxySecureMode      = ProxySecureWithConnect
}
 (StatusCodeException (Response {responseStatus = Status {statusCode = 404, statusMessage = "Not Found"}, responseVersion = HTTP/1.1, responseHeaders = [("Date","Wed, 15 Jul 2026 14:54:19 GMT"),("Content-Type","text/html; charset=utf-8"),("Transfer-Encoding","chunked"),("Connection","keep-alive"),("X-Content-Type-Options","nosniff"),("Report-To","{\"group\":\"cf-nel\",\"max_age\":604800,\"endpoints\":[{\"url\":\"https://a.nel.cloudflare.com/report/v4?s=%2F5dymFVuTNPYv9CeveOGHQ2kRUY%2BDLlRnGey4m8dX9lBZU7Cdp5%2F8Et4si0Je4p796yLg2EAPsWTj%2FFX7MIokStEVoOkWvo3Zf8mDJh9ti4%2BTTLUmRqRp6O1xtvMQpDaL9M%3D\"}]}"),("Nel","{\"report_to\":\"cf-nel\",\"success_fraction\":0.0,\"max_age\":604800}"),("Access-Control-Allow-Origin","*"),("Cache-Control","no-store"),("Referrer-Policy","strict-origin-when-cross-origin"),("Speculation-Rules","\"/cdn-cgi/speculation\""),("Server-Timing","cfCacheStatus;desc=\"BYPASS\""),("Server-Timing","cfEdge;dur=6,cfOrigin;dur=31"),("Server","cloudflare"),("Cf-Cache-Status","BYPASS"),("Vary","accept-encoding"),("Content-Encoding","gzip"),("CF-RAY","a1b99a0c2904dc3c-SJC"),("alt-svc","h3=\":443\"; ma=86400")], responseBody = (), responseCookieJar = CJ {expose = []}, responseClose' = ResponseClose, responseOriginalRequest = Request {
  host                 = "simpleicons.org"
  port                 = 443
  secure               = True
  requestHeaders       = []
  path                 = "/icons/slack.svg"
  queryString          = ""
  method               = "GET"
  proxy                = Nothing
  rawBody              = False
  redirectCount        = 10
  responseTimeout      = ResponseTimeoutDefault
  requestVersion       = HTTP/1.1
  proxySecureMode      = ProxySecureWithConnect
}
, responseEarlyHints = []}) "<!doctype html><script type=\"c796f16d3cc69054103ee981-text/javascript\">const PATH=`404/`,params=new URL(window.location).searchParams.toString(),opts=params?`?${params}`:``;window.location=`https://simpleicons.org/404/${opts}`;</script><noscript><meta content=\"0; URL=https://simpleicons.org/404/\" http-equiv=refresh></head></noscript></html><script defer src=\"https://static.cloudflareinsights.com/beacon.min.js/v4513226cdae34746b4dedf0b4dfa099e1781791509496\" integrity=\"sha512-ZE9pZaUXND66v380QUtch/5sE9tPFh2zg45pR2PB0CVkCtOREv2AJKkSidISWkysEuQ0EH8faUU5du78bx87UQ==\" data-cf-beacon='{\"version\":\"2024.11.0\",\"token\":\"6119c6c2ff1c4ac59e73ca98c9a7d467\",\"r\":1,\"server_timing\":{\"name\":{\"cfCacheStatus\":true,\"cfEdge\":true,\"cfExtPri\":true,\"cfL4\":true,\"cfOrigin\":true,\"cfSpeedBrain\":true},\"location_startswith\":null}}' crossorigin=\"anonymous\"></script>\n<script src=\"/cdn-cgi/scripts/7d0fa10a/cloudflare-static/rocket-loader.min.js\" data-cf-settings=\"c796f16d3cc69054103ee981-|49\" defer></script>")
stack traceback:
	...ions/test-7/repo/_extensions/simpleicons/simpleicons.lua:18: in function <...ions/test-7/repo/_extensions/simpleicons/simpleicons.lua:8>
	(...tail calls...)
	[string "if pandoc.system.os == "mingw32" then..."]:778: in function <[string "if pandoc.system.os == "mingw32" then..."]:776>
	(...tail calls...)
	/opt/quarto/share/filters/main.lua:21774: in upvalue 'handle_shortcode'
	/opt/quarto/share/filters/main.lua:21844: in local 'filter_fn'
	/opt/quarto/share/filters/main.lua:655: in function </opt/quarto/share/filters/main.lua:645>
	(...tail calls...)
	[C]: in ?
	[C]: in method 'walk'
	/opt/quarto/share/pandoc/datadir/_utils.lua:607: in function '_utils.walk'
	/opt/quarto/share/filters/main.lua:574: in function </opt/quarto/share/filters/main.lua:552>
	(...tail calls...)
	/opt/quarto/share/filters/main.lua:21899: in field 'Pandoc'
	/opt/quarto/share/filters/main.lua:588: in function 'run_emulated_filter'
	/opt/quarto/share/filters/main.lua:1317: in local 'callback'
	/opt/quarto/share/filters/main.lua:1335: in upvalue 'run_emulated_filter_chain'
	/opt/quarto/share/filters/main.lua:1371: in function </opt/quarto/share/filters/main.lua:1368>
stack traceback:
	/opt/quarto/share/pandoc/datadir/_utils.lua:607: in function '_utils.walk'
	/opt/quarto/share/filters/main.lua:574: in function </opt/quarto/share/filters/main.lua:552>
	(...tail calls...)
	/opt/quarto/share/filters/main.lua:21899: in field 'Pandoc'
	/opt/quarto/share/filters/main.lua:588: in function 'run_emulated_filter'
	/opt/quarto/share/filters/main.lua:1317: in local 'callback'
	/opt/quarto/share/filters/main.lua:1335: in upvalue 'run_emulated_filter_chain'
	/opt/quarto/share/filters/main.lua:1371: in function </opt/quarto/share/filters/main.lua:1368>
WARN: Error encountered when rendering files
Render failed, retrying once...
pandoc 
  to: html
  output-file: example_simpleicons.html
  standalone: true
  self-contained: true
  section-divs: true
  html-math-method: mathjax
  wrap: none
  default-image-extension: png
  variables: {}
  
metadata
  document-css: false
  link-citations: true
  date-format: long
  lang: en
  engines:
    - path: /opt/quarto/share/extension-subtrees/julia-engine/_extensions/julia-engine/julia-engine.js
  title: simpleicons Example (HTML)
  
Error running filter /opt/quarto/share/filters/main.lua:
Could not fetch https://simpleicons.org/icons/slack.svg
HttpExceptionRequest Request {
  host                 = "simpleicons.org"
  port                 = 443
  secure               = True
  requestHeaders       = []
  path                 = "/icons/slack.svg"
  queryString          = ""
  method               = "GET"
  proxy                = Nothing
  rawBody              = False
  redirectCount        = 10
  responseTimeout      = ResponseTimeoutDefault
  requestVersion       = HTTP/1.1
  proxySecureMode      = ProxySecureWithConnect
}
 (StatusCodeException (Response {responseStatus = Status {statusCode = 404, statusMessage = "Not Found"}, responseVersion = HTTP/1.1, responseHeaders = [("Date","Wed, 15 Jul 2026 14:54:22 GMT"),("Content-Type","text/html; charset=utf-8"),("Transfer-Encoding","chunked"),("Connection","keep-alive"),("X-Content-Type-Options","nosniff"),("Report-To","{\"group\":\"cf-nel\",\"max_age\":604800,\"endpoints\":[{\"url\":\"https://a.nel.cloudflare.com/report/v4?s=zDfKlphGp4c2%2FMXvOzhmTjp3u4EXtGqkJNy%2BeAo6b8YSohuQAJbtMxlO53fDQuiKMPBQsRVRQ%2B55k6W82iI1c7n5tH173CviMjAw8MLd2e%2BiQEdr00g6uj86FRSXad36DiM%3D\"}]}"),("Nel","{\"report_to\":\"cf-nel\",\"success_fraction\":0.0,\"max_age\":604800}"),("Access-Control-Allow-Origin","*"),("Cache-Control","no-store"),("Referrer-Policy","strict-origin-when-cross-origin"),("Speculation-Rules","\"/cdn-cgi/speculation\""),("Server-Timing","cfCacheStatus;desc=\"BYPASS\""),("Server-Timing","cfEdge;dur=3,cfOrigin;dur=11"),("Server","cloudflare"),("Cf-Cache-Status","BYPASS"),("Vary","accept-encoding"),("Content-Encoding","gzip"),("CF-RAY","a1b99a1dfa8ab8b6-SJC"),("alt-svc","h3=\":443\"; ma=86400")], responseBody = (), responseCookieJar = CJ {expose = []}, responseClose' = ResponseClose, responseOriginalRequest = Request {
  host                 = "simpleicons.org"
  port                 = 443
  secure               = True
  requestHeaders       = []
  path                 = "/icons/slack.svg"
  queryString          = ""
  method               = "GET"
  proxy                = Nothing
  rawBody              = False
  redirectCount        = 10
  responseTimeout      = ResponseTimeoutDefault
  requestVersion       = HTTP/1.1
  proxySecureMode      = ProxySecureWithConnect
}
, responseEarlyHints = []}) "<!doctype html><script type=\"7dcc96bf5380035ce5577d41-text/javascript\">const PATH=`404/`,params=new URL(window.location).searchParams.toString(),opts=params?`?${params}`:``;window.location=`https://simpleicons.org/404/${opts}`;</script><noscript><meta content=\"0; URL=https://simpleicons.org/404/\" http-equiv=refresh></head></noscript></html><script defer src=\"https://static.cloudflareinsights.com/beacon.min.js/v4513226cdae34746b4dedf0b4dfa099e1781791509496\" integrity=\"sha512-ZE9pZaUXND66v380QUtch/5sE9tPFh2zg45pR2PB0CVkCtOREv2AJKkSidISWkysEuQ0EH8faUU5du78bx87UQ==\" data-cf-beacon='{\"version\":\"2024.11.0\",\"token\":\"6119c6c2ff1c4ac59e73ca98c9a7d467\",\"r\":1,\"server_timing\":{\"name\":{\"cfCacheStatus\":true,\"cfEdge\":true,\"cfExtPri\":true,\"cfL4\":true,\"cfOrigin\":true,\"cfSpeedBrain\":true},\"location_startswith\":null}}' crossorigin=\"anonymous\"></script>\n<script src=\"/cdn-cgi/scripts/7d0fa10a/cloudflare-static/rocket-loader.min.js\" data-cf-settings=\"7dcc96bf5380035ce5577d41-|49\" defer></script>")
stack traceback:
	...ions/test-7/repo/_extensions/simpleicons/simpleicons.lua:18: in function <...ions/test-7/repo/_extensions/simpleicons/simpleicons.lua:8>
	(...tail calls...)
	[string "if pandoc.system.os == "mingw32" then..."]:778: in function <[string "if pandoc.system.os == "mingw32" then..."]:776>
	(...tail calls...)
	/opt/quarto/share/filters/main.lua:21774: in upvalue 'handle_shortcode'
	/opt/quarto/share/filters/main.lua:21844: in local 'filter_fn'
	/opt/quarto/share/filters/main.lua:655: in function </opt/quarto/share/filters/main.lua:645>
	(...tail calls...)
	[C]: in ?
	[C]: in method 'walk'
	/opt/quarto/share/pandoc/datadir/_utils.lua:607: in function '_utils.walk'
	/opt/quarto/share/filters/main.lua:574: in function </opt/quarto/share/filters/main.lua:552>
	(...tail calls...)
	/opt/quarto/share/filters/main.lua:21899: in field 'Pandoc'
	/opt/quarto/share/filters/main.lua:588: in function 'run_emulated_filter'
	/opt/quarto/share/filters/main.lua:1317: in local 'callback'
	/opt/quarto/share/filters/main.lua:1335: in upvalue 'run_emulated_filter_chain'
	/opt/quarto/share/filters/main.lua:1371: in function </opt/quarto/share/filters/main.lua:1368>
stack traceback:
	/opt/quarto/share/pandoc/datadir/_utils.lua:607: in function '_utils.walk'
	/opt/quarto/share/filters/main.lua:574: in function </opt/quarto/share/filters/main.lua:552>
	(...tail calls...)
	/opt/quarto/share/filters/main.lua:21899: in field 'Pandoc'
	/opt/quarto/share/filters/main.lua:588: in function 'run_emulated_filter'
	/opt/quarto/share/filters/main.lua:1317: in local 'callback'
	/opt/quarto/share/filters/main.lua:1335: in upvalue 'run_emulated_filter_chain'
	/opt/quarto/share/filters/main.lua:1371: in function </opt/quarto/share/filters/main.lua:1368>
WARN: Error encountered when rendering files
