Cloning into 'repo'...
[1/7] index.qmd
[2/7] 02-Main/customizing.qmd
[3/7] 02-Main/known_issues.qmd
[4/7] about.qmd
[5/7] 03-Back/references.qmd
[6/7] 03-Back/ack.qmd
[7/7] 03-Back/colophon.qmd

pandoc 
  to: latex
  output-file: index.tex
  standalone: true
  toc: true
  number-sections: false
  top-level-division: chapter
  pdf-engine: lualatex
  variables:
    graphics: true
    tables: true
  default-image-extension: pdf
  reference-location: margin
  toc-depth: 2
  cite-method: natbib
  
metadata
  crossref:
    chapters: true
  documentclass: tufte-book
  papersize: letter
  block-headings: true
  bibliography:
    - references.bib
  engines:
    - path: /opt/quarto/share/extension-subtrees/julia-engine/_extensions/julia-engine/julia-engine.js
  citation-location: margin
  fig-cap-location: bottom
  classoption:
    - sfsidenotes
  toc-title: Contents
  indent: 0px
  mainfont: ETbb
  sansfont: TeX Gyre Heros
  sansfontoptions: Scale=MatchUppercase
  title: |
    Tufte-Quarto Project Type\
    Documentation
  author: Fred Guth
  date-format: MMMM, YYYY
  

Rendering PDF
running lualatex - 1
  This is LuaHBTeX, Version 1.24.0 (TeX Live 2026) 
   restricted system commands enabled.
  
updating tlmgr

updating existing packages
finding package for xifthen.sty
> 1 package to install
> installing xifthen (1 of 1)
  This is LuaHBTeX, Version 1.24.0 (TeX Live 2026) 
   restricted system commands enabled.
  
finding package for ifmtarg.sty
> 1 package to install
> installing ifmtarg (1 of 1)
  This is LuaHBTeX, Version 1.24.0 (TeX Live 2026) 
   restricted system commands enabled.
  
finding package for hardwrap.sty
> 1 package to install
> installing hardwrap (1 of 1)
  This is LuaHBTeX, Version 1.24.0 (TeX Live 2026) 
   restricted system commands enabled.
  
  luaotfload | db : Font names database not found, generating new one.
  luaotfload | db : This can take several minutes; please be patient.
  luaotfload | db : Reload initiated (formats: otf,ttf,ttc); reason: Font "TeX Gyre Pagella" not found.
finding package for TeX\s*Gyre\s*Pagella(-(Bold|Italic|Regular).*)?[.](tfm|afm|mf|otf|ttf)
ERROR: 
compilation failed- no matching packages
Package fontspec Error: 
(fontspec)                The font "TeX Gyre Pagella" cannot be found; this
(fontspec)                may be but usually is not a fontspec bug. Either
(fontspec)                there is a typo in the font name/file, the font is
(fontspec)                not installed (correctly), or there is a bug in
(fontspec)                the underlying font loading engine
(fontspec)                (XeTeX/luaotfload).

For immediate help type H <return>.
 ...                                              
                                                  
l.311 }{}
       


see /home/runner/work/quarto-extensions/quarto-extensions/test-7/repo/index.log for more information.
WARN: Error encountered when rendering files
Render failed, retrying once...
[1/7] index.qmd
[2/7] 02-Main/customizing.qmd
[3/7] 02-Main/known_issues.qmd
[4/7] about.qmd
[5/7] 03-Back/references.qmd
[6/7] 03-Back/ack.qmd
[7/7] 03-Back/colophon.qmd

pandoc 
  to: latex
  output-file: index.tex
  standalone: true
  toc: true
  number-sections: false
  top-level-division: chapter
  pdf-engine: lualatex
  variables:
    graphics: true
    tables: true
  default-image-extension: pdf
  reference-location: margin
  toc-depth: 2
  cite-method: natbib
  
metadata
  crossref:
    chapters: true
  documentclass: tufte-book
  papersize: letter
  block-headings: true
  bibliography:
    - references.bib
  engines:
    - path: /opt/quarto/share/extension-subtrees/julia-engine/_extensions/julia-engine/julia-engine.js
  citation-location: margin
  fig-cap-location: bottom
  classoption:
    - sfsidenotes
  toc-title: Contents
  indent: 0px
  mainfont: ETbb
  sansfont: TeX Gyre Heros
  sansfontoptions: Scale=MatchUppercase
  title: |
    Tufte-Quarto Project Type\
    Documentation
  author: Fred Guth
  date-format: MMMM, YYYY
  

Rendering PDF
running lualatex - 1
  This is LuaHBTeX, Version 1.24.0 (TeX Live 2026) 
   restricted system commands enabled.
  
  luaotfload | db : Reload initiated (formats: otf,ttf,ttc); reason: Font "TeX Gyre Pagella" not found.
updating tlmgr

updating existing packages
finding package for TeX\s*Gyre\s*Pagella(-(Bold|Italic|Regular).*)?[.](tfm|afm|mf|otf|ttf)
ERROR: 
compilation failed- no matching packages
Package fontspec Error: 
(fontspec)                The font "TeX Gyre Pagella" cannot be found; this
(fontspec)                may be but usually is not a fontspec bug. Either
(fontspec)                there is a typo in the font name/file, the font is
(fontspec)                not installed (correctly), or there is a bug in
(fontspec)                the underlying font loading engine
(fontspec)                (XeTeX/luaotfload).

For immediate help type H <return>.
 ...                                              
                                                  
l.311 }{}
       


see /home/runner/work/quarto-extensions/quarto-extensions/test-7/repo/index.log for more information.
WARN: Error encountered when rendering files
