Dependency source policy check passed for computorg/computo-quarto-extension.
Dependency install phase for computorg/computo-quarto-extension: renv.lock
Installing R dependencies from renv.lock for computorg/computo-quarto-extension.
The following required system packages are not installed:
- chromium  [required by chromote]
- pandoc    [required by knitr, rmarkdown]
The R packages depending on these system packages may fail to install.

An administrator can install these packages with:
- sudo apt install chromium pandoc

The following package(s) will be updated:

# CRAN -----------------------------------------------------------------------
- Matrix         [1.7-4 -> 1.7-3]
- base64enc      [0.1-6 -> 0.1-3]
- bslib          [0.10.0 -> 0.9.0]
- digest         [0.6.39 -> 0.6.37]
- evaluate       [1.0.5 -> 1.0.3]
- fs             [2.0.0 -> 1.6.6]
- highr          [0.12 -> 0.11]
- htmltools      [0.5.9 -> 0.5.8.1]
- knitr          [1.51 -> 1.50]
- lifecycle      [1.0.5 -> 1.0.4]
- rappdirs       [0.3.4 -> 0.3.3]
- rlang          [1.1.7 -> 1.1.6]
- rmarkdown      [2.30 -> 2.29]
- tinytex        [0.58 -> 0.57]
- xfun           [0.57 -> 0.52]
- yaml           [2.3.12 -> 2.3.10]
- AsioHeaders    [* -> 1.30.2-1]
- RColorBrewer   [* -> 1.1-3]
- Rcpp           [* -> 1.0.14]
- RcppTOML       [* -> 0.2.3]
- callr          [* -> 3.7.6]
- cpp11          [* -> 0.5.2]
- dplyr          [* -> 1.1.4]
- fansi          [* -> 1.0.6]
- farver         [* -> 2.1.2]
- generics       [* -> 0.1.4]
- ggplot2        [* -> 3.5.2]
- glue           [* -> 1.8.0]
- gtable         [* -> 0.3.6]
- here           [* -> 1.0.2]
- isoband        [* -> 0.2.7]
- labeling       [* -> 0.4.3]
- lazyeval       [* -> 0.2.2]
- magrittr       [* -> 2.0.3]
- pillar         [* -> 1.10.2]
- pkgconfig      [* -> 2.0.3]
- png            [* -> 0.1-8]
- processx       [* -> 3.8.6]
- ps             [* -> 1.9.1]
- purrr          [* -> 1.0.4]
- reticulate     [* -> 1.43.0]
- rprojroot      [* -> 2.1.1]
- scales         [* -> 1.4.0]
- stringi        [* -> 1.8.7]
- stringr        [* -> 1.5.1]
- tibble         [* -> 3.2.1]
- tidyr          [* -> 1.3.1]
- tidyselect     [* -> 1.2.1]
- utf8           [* -> 1.2.5]
- vctrs          [* -> 0.6.5]
- viridisLite    [* -> 0.4.2]
- withr          [* -> 3.0.2]

# RSPM -----------------------------------------------------------------------
- lattice        [repo: CRAN -> RSPM; ver: 0.22-9 -> 0.22-6]
- mgcv           [repo: CRAN -> RSPM; ver: 1.9-4 -> 1.9-1]
- renv           [1.1.8 -> 1.1.4]
- askpass        [* -> 1.2.1]
- chromote       [* -> 0.5.1]
- crosstalk      [* -> 1.2.1]
- curl           [* -> 6.2.3]
- data.table     [* -> 1.17.4]
- ellipsis       [* -> 0.3.2]
- htmlwidgets    [* -> 1.6.4]
- httr           [* -> 1.4.7]
- later          [* -> 1.4.2]
- openssl        [* -> 2.3.3]
- plotly         [* -> 4.10.4]
- promises       [* -> 1.3.3]
- sys            [* -> 3.4.3]
- webshot2       [* -> 0.1.2]
- websocket      [* -> 1.4.4]
- zip            [* -> 2.3.3]

# Downloading packages -------------------------------------------------------
- Querying repositories for available source packages ... Done!
- Downloading knitr 1.50 from CRAN ...          OK [1 Mb in 0.44s]
- Downloading evaluate 1.0.3 from CRAN ...      OK [99.2 Kb in 0.43s]
- Downloading highr 0.11 from CRAN ...          OK [36.7 Kb in 0.37s]
- Downloading xfun 0.52 from CRAN ...           OK [579.3 Kb in 0.39s]
- Downloading yaml 2.3.10 from CRAN ...         OK [112.6 Kb in 0.77s]
- Downloading rlang 1.1.6 from CRAN ...         OK [1.5 Mb in 0.41s]
- Downloading renv 1.1.4 from RSPM ...          OK [2.2 Mb in 0.41s]
- Downloading htmltools 0.5.8.1 from CRAN ...   OK [347.2 Kb in 0.47s]
- Downloading base64enc 0.1-3 from CRAN ...     OK [26 Kb in 0.65s]
- Downloading digest 0.6.37 from CRAN ...       OK [217.7 Kb in 0.85s]
- Downloading tinytex 0.57 from CRAN ...        OK [140.4 Kb in 0.75s]
- Downloading rmarkdown 2.29 from CRAN ...      OK [2.5 Mb in 1.0s]
- Downloading bslib 0.9.0 from CRAN ...         OK [5.4 Mb in 0.4s]
- Downloading lifecycle 1.0.4 from CRAN ...     OK [122.2 Kb in 0.41s]
- Downloading glue 1.8.0 from CRAN ...          OK [164.4 Kb in 0.35s]
- Downloading fs 1.6.6 from CRAN ...            OK [302.3 Kb in 0.37s]
- Downloading rappdirs 0.3.3 from CRAN ...      OK [44.2 Kb in 0.37s]
- Downloading mgcv 1.9-1 from RSPM ...          OK [3.1 Mb in 0.44s]
- Downloading Matrix 1.7-3 from CRAN ...        OK [4.7 Mb in 0.46s]
- Downloading lattice 0.22-6 from RSPM ...      OK [1.3 Mb in 0.42s]
- Downloading AsioHeaders 1.30.2-1 from CRAN ... OK [617.5 Kb in 0.34s]
- Downloading RColorBrewer 1.1-3 from CRAN ...  OK [50.8 Kb in 0.36s]
- Downloading Rcpp 1.0.14 from CRAN ...         OK [2.1 Mb in 0.36s]
- Downloading RcppTOML 0.2.3 from CRAN ...      OK [234.1 Kb in 0.33s]
- Downloading askpass 1.2.1 from RSPM ...       OK [21.4 Kb in 0.33s]
- Downloading sys 3.4.3 from RSPM ...           OK [39.8 Kb in 0.3s]
- Downloading callr 3.7.6 from CRAN ...         OK [438.9 Kb in 0.33s]
- Downloading processx 3.8.6 from CRAN ...      OK [329.4 Kb in 0.37s]
- Downloading ps 1.9.1 from CRAN ...            OK [489 Kb in 0.37s]
- Downloading chromote 0.5.1 from RSPM ...      OK [630 Kb in 0.89s]
- Downloading curl 6.2.3 from RSPM ...          OK [764.1 Kb in 0.39s]
- Downloading later 1.4.2 from RSPM ...         OK [152 Kb in 0.36s]
- Downloading magrittr 2.0.3 from CRAN ...      OK [218.6 Kb in 0.36s]
- Downloading promises 1.3.3 from RSPM ...      OK [1.6 Mb in 0.98s]
- Downloading websocket 1.4.4 from RSPM ...     OK [432.2 Kb in 0.42s]
- Downloading cpp11 0.5.2 from CRAN ...         OK [282.8 Kb in 0.35s]
- Downloading withr 3.0.2 from CRAN ...         OK [218.9 Kb in 0.32s]
- Downloading zip 2.3.3 from RSPM ...           OK [646.6 Kb in 0.44s]
- Downloading crosstalk 1.2.1 from RSPM ...     OK [402 Kb in 0.39s]
- Downloading lazyeval 0.2.2 from CRAN ...      OK [154.1 Kb in 0.36s]
- Downloading data.table 1.17.4 from RSPM ...   OK [2.6 Mb in 0.42s]
- Downloading dplyr 1.1.4 from CRAN ...         OK [1.4 Mb in 0.4s]
- Downloading generics 0.1.4 from CRAN ...      OK [80.4 Kb in 0.34s]
- Downloading pillar 1.10.2 from CRAN ...       OK [644.3 Kb in 0.36s]
- Downloading utf8 1.2.5 from CRAN ...          OK [148.1 Kb in 0.36s]
- Downloading vctrs 0.6.5 from CRAN ...         OK [1.3 Mb in 0.33s]
- Downloading tibble 3.2.1 from CRAN ...        OK [663 Kb in 0.86s]
- Downloading fansi 1.0.6 from CRAN ...         OK [309.9 Kb in 0.9s]
- Downloading pkgconfig 2.0.3 from CRAN ...     OK [17.8 Kb in 0.31s]
- Downloading tidyselect 1.2.1 from CRAN ...    OK [220.4 Kb in 0.3s]
- Downloading ellipsis 0.3.2 from RSPM ...      OK [33.7 Kb in 0.41s]
- Downloading farver 2.1.2 from CRAN ...        OK [1.4 Mb in 0.34s]
- Downloading ggplot2 3.5.2 from CRAN ...       OK [4.8 Mb in 1.2s]
- Downloading gtable 0.3.6 from CRAN ...        OK [217.4 Kb in 0.31s]
- Downloading isoband 0.2.7 from CRAN ...       OK [1.6 Mb in 1.1s]
- Downloading scales 1.4.0 from CRAN ...        OK [823.5 Kb in 0.34s]
- Downloading labeling 0.4.3 from CRAN ...      OK [59.5 Kb in 0.3s]
- Downloading viridisLite 0.4.2 from CRAN ...   OK [1.2 Mb in 0.39s]
- Downloading here 1.0.2 from CRAN ...          OK [52.5 Kb in 0.33s]
- Downloading rprojroot 2.1.1 from CRAN ...     OK [110.6 Kb in 0.35s]
- Downloading htmlwidgets 1.6.4 from RSPM ...   OK [796.2 Kb in 0.4s]
- Downloading httr 1.4.7 from RSPM ...          OK [476.8 Kb in 0.89s]
- Downloading openssl 2.3.3 from RSPM ...       OK [1.3 Mb in 0.99s]
- Downloading plotly 4.10.4 from RSPM ...       OK [3 Mb in 1.1s]
- Downloading tidyr 1.3.1 from CRAN ...         OK [1.1 Mb in 1.0s]
- Downloading purrr 1.0.4 from CRAN ...         OK [525.2 Kb in 0.87s]
- Downloading stringr 1.5.1 from CRAN ...       OK [303.7 Kb in 0.9s]
- Downloading stringi 1.8.7 from CRAN ...       OK [3.2 Mb in 0.38s]
- Downloading png 0.1-8 from CRAN ...           OK [39.6 Kb in 0.49s]
- Downloading reticulate 1.43.0 from CRAN ...   OK [1.9 Mb in 1.1s]
- Downloading webshot2 0.1.2 from RSPM ...      OK [555.7 Kb in 0.83s]
Successfully downloaded 71 packages in 46 seconds.

# Installing packages --------------------------------------------------------
- Installing evaluate 1.0.3 ...                 OK [installed binary and cached in 0.25s]
- Installing xfun 0.52 ...                      OK [installed binary and cached in 0.27s]
- Installing highr 0.11 ...                     OK [installed binary and cached in 0.22s]
- Installing yaml 2.3.10 ...                    OK [installed binary and cached in 0.24s]
- Installing knitr 1.50 ...                     OK [installed binary and cached in 0.3s]
- Installing rlang 1.1.6 ...                    OK [installed binary and cached in 0.35s]
- Installing renv 1.1.4 ...                     OK [installed binary and cached in 0.35s]
- Installing base64enc 0.1-3 ...                OK [installed binary and cached in 0.26s]
- Installing digest 0.6.37 ...                  OK [installed binary and cached in 0.24s]
- Installing htmltools 0.5.8.1 ...              OK [installed binary and cached in 0.34s]
- Installing tinytex 0.57 ...                   OK [installed binary and cached in 0.27s]
- Installing glue 1.8.0 ...                     OK [installed binary and cached in 0.31s]
- Installing lifecycle 1.0.4 ...                OK [installed binary and cached in 0.33s]
- Installing fs 1.6.6 ...                       OK [installed binary and cached in 0.31s]
- Installing rappdirs 0.3.3 ...                 OK [installed binary and cached in 0.24s]
- Installing bslib 0.9.0 ...                    OK [installed binary and cached in 0.57s]
- Installing rmarkdown 2.29 ...                 OK [installed binary and cached in 0.5s]
- Installing lattice 0.22-6 ...                 OK [installed binary and cached in 0.3s]
- Installing Matrix 1.7-3 ...                   OK [installed binary and cached in 1.0s]
- Installing mgcv 1.9-1 ...                     OK [installed binary and cached in 0.97s]
- Installing AsioHeaders 1.30.2-1 ...           OK [installed binary and cached in 0.34s]
- Installing RColorBrewer 1.1-3 ...             OK [installed binary and cached in 0.23s]
- Installing Rcpp 1.0.14 ...                    OK [installed binary and cached in 0.45s]
- Installing RcppTOML 0.2.3 ...                 OK [installed binary and cached in 0.31s]
- Installing sys 3.4.3 ...                      OK [installed binary and cached in 0.26s]
- Installing askpass 1.2.1 ...                  OK [installed binary and cached in 0.22s]
- Installing ps 1.9.1 ...                       OK [installed binary and cached in 0.25s]
- Installing processx 3.8.6 ...                 OK [installed binary and cached in 0.27s]
- Installing callr 3.7.6 ...                    OK [installed binary and cached in 0.28s]
- Installing curl 6.2.3 ...                     OK [installed binary and cached in 0.28s]
- Installing later 1.4.2 ...                    OK [installed binary and cached in 0.31s]
- Installing magrittr 2.0.3 ...                 OK [installed binary and cached in 0.23s]
- Installing promises 1.3.3 ...                 OK [installed binary and cached in 0.35s]
- Installing cpp11 0.5.2 ...                    OK [installed binary and cached in 0.26s]
- Installing websocket 1.4.4 ...                OK [installed binary and cached in 0.34s]
- Installing withr 3.0.2 ...                    OK [installed binary and cached in 0.23s]
- Installing zip 2.3.3 ...                      OK [installed binary and cached in 0.26s]
- Installing chromote 0.5.1 ...                 OK [installed binary and cached in 0.44s]
- Installing lazyeval 0.2.2 ...                 OK [installed binary and cached in 0.23s]
- Installing crosstalk 1.2.1 ...                OK [installed binary and cached in 0.35s]
- Installing data.table 1.17.4 ...              OK [installed binary and cached in 0.35s]
- Installing generics 0.1.4 ...                 OK [installed binary and cached in 0.25s]
- Installing utf8 1.2.5 ...                     OK [installed binary and cached in 0.26s]
- Installing vctrs 0.6.5 ...                    OK [installed binary and cached in 0.39s]
- Installing pillar 1.10.2 ...                  OK [installed binary and cached in 0.45s]
- Installing fansi 1.0.6 ...                    OK [installed binary and cached in 0.27s]
- Installing pkgconfig 2.0.3 ...                OK [installed binary and cached in 0.23s]
- Installing tibble 3.2.1 ...                   OK [installed binary and cached in 0.49s]
- Installing tidyselect 1.2.1 ...               OK [installed binary and cached in 0.35s]
- Installing dplyr 1.1.4 ...                    OK [installed binary and cached in 0.53s]
- Installing ellipsis 0.3.2 ...                 OK [installed binary and cached in 0.36s]
- Installing farver 2.1.2 ...                   OK [installed binary and cached in 0.29s]
- Installing gtable 0.3.6 ...                   OK [installed binary and cached in 0.39s]
- Installing isoband 0.2.7 ...                  OK [installed binary and cached in 0.27s]
- Installing labeling 0.4.3 ...                 OK [installed binary and cached in 0.24s]
- Installing viridisLite 0.4.2 ...              OK [installed binary and cached in 0.27s]
- Installing scales 1.4.0 ...                   OK [installed binary and cached in 0.5s]
- Installing ggplot2 3.5.2 ...                  OK [installed binary and cached in 0.83s]
- Installing rprojroot 2.1.1 ...                OK [installed binary and cached in 0.25s]
- Installing here 1.0.2 ...                     OK [installed binary and cached in 0.24s]
- Installing htmlwidgets 1.6.4 ...              OK [installed binary and cached in 0.35s]
- Installing openssl 2.3.3 ...                  OK [installed binary and cached in 0.29s]
- Installing httr 1.4.7 ...                     OK [installed binary and cached in 0.25s]
- Installing purrr 1.0.4 ...                    OK [installed binary and cached in 0.36s]
- Installing stringi 1.8.7 ...                  OK [installed binary and cached in 0.35s]
- Installing stringr 1.5.1 ...                  OK [installed binary and cached in 0.37s]
- Installing tidyr 1.3.1 ...                    OK [installed binary and cached in 0.57s]
- Installing plotly 4.10.4 ...                  OK [installed binary and cached in 0.98s]
- Installing png 0.1-8 ...                      OK [installed binary and cached in 0.24s]
- Installing reticulate 1.43.0 ...              OK [installed binary and cached in 1.2s]
- Installing webshot2 0.1.2 ...                 OK [installed binary and cached in 0.44s]

The following loaded package(s) have been updated:
- renv
Restart your R session to use the new versions.

tlmgr: package repository https://ctan.math.illinois.edu/systems/texlive/tlnet (verified)
tlmgr: no self-updates for tlmgr available
