

processing file: template.qmd

1/3                  

2/3 [unnamed-chunk-1]

3/3                  

output file: template.knit.md


pandoc 

  to: html
  output-file: template.html
  standalone: true
  section-divs: true
  html-math-method: mathjax
  wrap: none
  default-image-extension: png
  number-sections: false
  toc: true
  variables: {}
  

metadata

  document-css: false
  link-citations: true
  lang: en
  knitr:
    opts_chunk:
      echo: false
  theme: _extensions/simple-article/custom.scss
  csl: https://www.zotero.org/styles/journal-of-institutional-and-theoretical-economics
  engines:
    - path: /opt/quarto/share/extension-subtrees/julia-engine/_extensions/julia-engine/julia-engine.js
  title: A Long Article Title That Makes Readers Curious and Interested, so They Want to Read It
  author:
    - name: John Doe
      affiliation: University of Middle Earth
      email: j.doe@middle-earth.org
  shorttitle: A Long Article Title That Makes Curious
  shortauthor: J. Doe
  date: today
  date-format: D MMMM YYYY
  abstract: |
    Lorem ipsum dolor sit amet, consectetuer adipiscing elit. Etiam lobortis
    facilisis sem. Nullam nec mi et neque pharetra sollicitudin. Praesent
    imperdiet mi nec ante. Donec ullamcorper, felis non sodales com- modo,
    lectus velit ultrices augue, a dignissim nibh lectus placerat pede.
    Vivamus nunc nunc, molestie ut, ultricies vel, semper in, velit. Ut
    porttitor. Praesent in sapien. Lorem ipsum dolor sit amet, consectetuer
    adipiscing elit. This is the abstract.
  reference-section-title: References
  bibliography:
    - bibliography.bib
  

Output created: template.html


