Cloning into 'repo'...
/usr/local/bin/tlmgr: open(>/opt/tinytex/tlpkg/texlive.tlpdb.tmp) failed: Permission denied at /opt/tinytex/tlpkg/TeXLive/TLPDB.pm line 611.
CTAN mirror https://ctan.math.utah.edu/ctan/tex-archive/systems/texlive/tlnet failed, trying next...
/usr/local/bin/tlmgr: open(>/opt/tinytex/tlpkg/texlive.tlpdb.tmp) failed: Permission denied at /opt/tinytex/tlpkg/TeXLive/TLPDB.pm line 611.
CTAN mirror https://ctan.math.illinois.edu/systems/texlive/tlnet failed, trying next...
/usr/local/bin/tlmgr: open(>/opt/tinytex/tlpkg/texlive.tlpdb.tmp) failed: Permission denied at /opt/tinytex/tlpkg/TeXLive/TLPDB.pm line 611.
CTAN mirror https://mirrors.rit.edu/CTAN/systems/texlive/tlnet failed, trying next...
/usr/local/bin/tlmgr: open(>/opt/tinytex/tlpkg/texlive.tlpdb.tmp) failed: Permission denied at /opt/tinytex/tlpkg/TeXLive/TLPDB.pm line 611.
CTAN mirror https://mirror.ctan.org/systems/texlive/tlnet failed, trying next...
All CTAN mirrors failed. LaTeX packages may not install.
pandoc 
  to: latex
  output-file: template.tex
  standalone: true
  pdf-engine: pdflatex
  variables:
    graphics: true
    tables: true
  default-image-extension: pdf
  toc: true
  cite-method: natbib
  
metadata
  block-headings: true
  natbiboptions: comma
  biblio-style: ar-style1
  engines:
    - path: /opt/quarto/share/extension-subtrees/julia-engine/_extensions/julia-engine/julia-engine.js
  title: Quarto Title for Annual Reviews
  runningtitle: Quarto Annual Reviews
  runningauthor: One, Two, and Three
  author:
    - name: Author One
      affiliations:
        - name: Harvard University
          id: 1
          department: Department of Government
          city: Cambridge
          state: MA
          postal-code: 2138
        - name: Harvard University
          id: 3
          department: Department of Statistics
          city: Cambridge
          state: MA
          postal-code: 2138
      attributes:
        equal-contributor: true
    - name: Author Two
      affiliations:
        - name: Yale University
          id: 2
          department: Department of Political Science
          city: New Haven
          state: CT
          postal-code: 6511
      email: corresponding@email.com
      attributes:
        equal-contributor: true
        corresponding: true
    - name: Author Three
      affiliations:
        - ref: 1
  abstract: |
    This document is a template demonstrating the annual-reviews format.
  keywords:
    - template
    - demo
  bibliography:
    - bibliography.bib
  journal-name: Annual Review of Political Science
  journal-volume: AA
  journal-year: 2023
  doi: 10.1146/annurev-polisci-XXXXXX-XXXXXX
  conflict-of-interest: |
    The authors are not aware of any affiliations, memberships, funding, or financial holdings that
    might be perceived as affecting the objectivity of this review.
  acknowledgements: |
    Acknowledgements, general annotations, funding.
  

Rendering PDF
running pdflatex - 1
  This is pdfTeX, Version 3.141592653-2.6-1.40.29 (TeX Live 2026) (preloaded format=pdflatex)
   restricted \write18 enabled.
  entering extended mode
  
updating tlmgr

updating existing packages
finding package for epsf.sty
> 1 package to install
> installing epsf (1 of 1)
WARN: Error encountered when rendering files
ERROR: tlmgr returned a non zero status code
You don't have permission to change the installation in any way,
specifically, the directory /opt/tinytex/tlpkg/ is not writable.
Please run this program as administrator, or contact your local admin.
tlmgr: An error has occurred. See above messages. Exiting.


Stack trace:
    at renderFiles (file:///opt/quarto/bin/quarto.js:136533:49)
    at eventLoopTick (ext:core/01_core.js:179:7)
    at async render (file:///opt/quarto/bin/quarto.js:142161:19)
    at async _Command.actionHandler (file:///opt/quarto/bin/quarto.js:142406:24)
    at async _Command.execute (file:///opt/quarto/bin/quarto.js:102029:7)
    at async _Command.parseCommand (file:///opt/quarto/bin/quarto.js:101906:14)
    at async quarto4 (file:///opt/quarto/bin/quarto.js:187554:5)
    at async file:///opt/quarto/bin/quarto.js:187582:5
    at async file:///opt/quarto/bin/quarto.js:187437:14
    at async mainRunner (file:///opt/quarto/bin/quarto.js:187439:5)
    at async file:///opt/quarto/bin/quarto.js:187575:3
Render failed, retrying once...
pandoc 
  to: latex
  output-file: template.tex
  standalone: true
  pdf-engine: pdflatex
  variables:
    graphics: true
    tables: true
  default-image-extension: pdf
  toc: true
  cite-method: natbib
  
metadata
  block-headings: true
  natbiboptions: comma
  biblio-style: ar-style1
  engines:
    - path: /opt/quarto/share/extension-subtrees/julia-engine/_extensions/julia-engine/julia-engine.js
  title: Quarto Title for Annual Reviews
  runningtitle: Quarto Annual Reviews
  runningauthor: One, Two, and Three
  author:
    - name: Author One
      affiliations:
        - name: Harvard University
          id: 1
          department: Department of Government
          city: Cambridge
          state: MA
          postal-code: 2138
        - name: Harvard University
          id: 3
          department: Department of Statistics
          city: Cambridge
          state: MA
          postal-code: 2138
      attributes:
        equal-contributor: true
    - name: Author Two
      affiliations:
        - name: Yale University
          id: 2
          department: Department of Political Science
          city: New Haven
          state: CT
          postal-code: 6511
      email: corresponding@email.com
      attributes:
        equal-contributor: true
        corresponding: true
    - name: Author Three
      affiliations:
        - ref: 1
  abstract: |
    This document is a template demonstrating the annual-reviews format.
  keywords:
    - template
    - demo
  bibliography:
    - bibliography.bib
  journal-name: Annual Review of Political Science
  journal-volume: AA
  journal-year: 2023
  doi: 10.1146/annurev-polisci-XXXXXX-XXXXXX
  conflict-of-interest: |
    The authors are not aware of any affiliations, memberships, funding, or financial holdings that
    might be perceived as affecting the objectivity of this review.
  acknowledgements: |
    Acknowledgements, general annotations, funding.
  

Rendering PDF
running pdflatex - 1
  This is pdfTeX, Version 3.141592653-2.6-1.40.29 (TeX Live 2026) (preloaded format=pdflatex)
   restricted \write18 enabled.
  entering extended mode
  
updating tlmgr

updating existing packages
finding package for epsf.sty
> 1 package to install
> installing epsf (1 of 1)
WARN: Error encountered when rendering files
ERROR: tlmgr returned a non zero status code
You don't have permission to change the installation in any way,
specifically, the directory /opt/tinytex/tlpkg/ is not writable.
Please run this program as administrator, or contact your local admin.
tlmgr: An error has occurred. See above messages. Exiting.


Stack trace:
    at renderFiles (file:///opt/quarto/bin/quarto.js:136533:49)
    at eventLoopTick (ext:core/01_core.js:179:7)
    at async render (file:///opt/quarto/bin/quarto.js:142161:19)
    at async _Command.actionHandler (file:///opt/quarto/bin/quarto.js:142406:24)
    at async _Command.execute (file:///opt/quarto/bin/quarto.js:102029:7)
    at async _Command.parseCommand (file:///opt/quarto/bin/quarto.js:101906:14)
    at async quarto4 (file:///opt/quarto/bin/quarto.js:187554:5)
    at async file:///opt/quarto/bin/quarto.js:187582:5
    at async file:///opt/quarto/bin/quarto.js:187437:14
    at async mainRunner (file:///opt/quarto/bin/quarto.js:187439:5)
    at async file:///opt/quarto/bin/quarto.js:187575:3
