

processing file: qtoggle-custom-text.qmd

1/9                  

2/9 [unnamed-chunk-1]

3/9                  

4/9 [unnamed-chunk-2]

5/9                  

6/9 [unnamed-chunk-3]

7/9                  

8/9 [unnamed-chunk-4]

9/9                  

output file: qtoggle-custom-text.knit.md


pandoc 

  to: html
  output-file: qtoggle-custom-text.html
  standalone: true
  title-prefix: toggle
  section-divs: true
  html-math-method: mathjax
  wrap: none
  default-image-extension: png
  toc: true
  variables: {}
  

metadata

  document-css: false
  link-citations: true
  date-format: long
  lang: en
  theme:
    light: flatly
    dark: darkly
  title: Custom Labels
  subtitle: Name your buttons to match the content
  extensions:
    toggle:
      output-toggle: true
      button-text: Result
  

Output created: _site/qtoggle-custom-text.html


