

processing file: qtoggle-demo.qmd

1/21                   

2/21 [unnamed-chunk-1] 

3/21                   

4/21 [unnamed-chunk-2] 

5/21                   

6/21 [unnamed-chunk-3] 

7/21                   

8/21 [unnamed-chunk-4] 

9/21                   

10/21 [unnamed-chunk-5] 

11/21                   

12/21 [unnamed-chunk-6] 

13/21                   

14/21 [unnamed-chunk-7] 
15/21                   
16/21 [unnamed-chunk-8] 

17/21                   

18/21 [unnamed-chunk-9] 

19/21                   

20/21 [unnamed-chunk-10]

21/21                   

output file: qtoggle-demo.knit.md


pandoc 

  to: html
  output-file: qtoggle-demo.html
  standalone: true
  title-prefix: toggle
  section-divs: true
  html-math-method: mathjax
  wrap: none
  default-image-extension: png
  toc: true
  variables: {}
  

metadata

  document-css: false
  link-citations: true
  date-format: long
  lang: en
  theme:
    light: flatly
    dark: darkly
  title: Data Analysis Demo
  subtitle: Document-wide toggle in action
  extensions:
    toggle:
      output-toggle: true
      global-toggle: true
  

Output created: _site/qtoggle-demo.html


