

processing file: template.qmd

1/4                  

2/4 [unnamed-chunk-1]

3/4                  

4/4 [unnamed-chunk-2]

output file: template.knit.md


(ERROR) Theme file compilation failed:

Error: There is no module with the namespace "sass-color".
     ╷
3131 │ @if (sass-color.blackness($backgroundColor) > $code-block-theme-dark-threshhold) {
     │      ^^^^^^^^^^^^^^^^^^^^^^^^^^^^^^^^^^^^^^
     ╵

Stack trace:
    at dartCommand (file:///opt/quarto/bin/quarto.js:79126:11)
    at async dartCompile (file:///opt/quarto/bin/quarto.js:79080:3)
    at async file:///opt/quarto/bin/quarto.js:87567:9
    at async SassCache.setFromHash (file:///opt/quarto/bin/quarto.js:80003:11)
    at async compileSass (file:///opt/quarto/bin/quarto.js:87378:19)
    at async revealTheme (file:///opt/quarto/bin/quarto.js:184293:15)
    at async Object.formatExtras (file:///opt/quarto/bin/quarto.js:184450:23)
    at async runPandoc (file:///opt/quarto/bin/quarto.js:129197:56)
    at async renderPandoc (file:///opt/quarto/bin/quarto.js:130898:24)
    at async Object.onRender (file:///opt/quarto/bin/quarto.js:136948:30)
    at async renderFileInternal (file:///opt/quarto/bin/quarto.js:136925:9)
    at async renderFiles (file:///opt/quarto/bin/quarto.js:136656:9)
    at async render (file:///opt/quarto/bin/quarto.js:142310:19)
    at async _Command.actionHandler (file:///opt/quarto/bin/quarto.js:142555:24)
    at async _Command.execute (file:///opt/quarto/bin/quarto.js:102057:7)
    at async _Command.parseCommand (file:///opt/quarto/bin/quarto.js:101934:14)
    at async quarto4 (file:///opt/quarto/bin/quarto.js:187809:5)
    at async file:///opt/quarto/bin/quarto.js:187838:5
    at async file:///opt/quarto/bin/quarto.js:187692:14
    at async mainRunner (file:///opt/quarto/bin/quarto.js:187694:5)
    at async file:///opt/quarto/bin/quarto.js:187831:3

