Cloning into 'repo'...
/usr/local/bin/tlmgr: open(>/opt/tinytex/tlpkg/texlive.tlpdb.tmp) failed: Permission denied at /opt/tinytex/tlpkg/TeXLive/TLPDB.pm line 611.
CTAN mirror https://ctan.math.utah.edu/ctan/tex-archive/systems/texlive/tlnet failed, trying next...
/usr/local/bin/tlmgr: open(>/opt/tinytex/tlpkg/texlive.tlpdb.tmp) failed: Permission denied at /opt/tinytex/tlpkg/TeXLive/TLPDB.pm line 611.
CTAN mirror https://ctan.math.illinois.edu/systems/texlive/tlnet failed, trying next...
/usr/local/bin/tlmgr: open(>/opt/tinytex/tlpkg/texlive.tlpdb.tmp) failed: Permission denied at /opt/tinytex/tlpkg/TeXLive/TLPDB.pm line 611.
CTAN mirror https://mirrors.rit.edu/CTAN/systems/texlive/tlnet failed, trying next...
/usr/local/bin/tlmgr: open(>/opt/tinytex/tlpkg/texlive.tlpdb.tmp) failed: Permission denied at /opt/tinytex/tlpkg/TeXLive/TLPDB.pm line 611.
CTAN mirror https://mirror.ctan.org/systems/texlive/tlnet failed, trying next...
All CTAN mirrors failed. LaTeX packages may not install.
[ 1/14] index.qmd
[ 2/14] qdetails-conditional-content.qmd
[typst]: Compiling qdetails-conditional-content.typ to qdetails-conditional-content.pdf...DONE

[ 3/14] qdetails-debug-mode.qmd
[ 4/14] qdetails-controls.qmd
[ 5/14] qdetails-release-notes.qmd
[ 6/14] qdetails-quarto-content.qmd
[typst]: Compiling qdetails-quarto-content.typ to qdetails-quarto-content.pdf...DONE

[ 7/14] qdetails-open-default.qmd
[ 8/14] qdetails-faq.qmd
[ 9/14] qdetails-custom-ids.qmd
[10/14] qdetails-quickstart.qmd
[typst]: Compiling qdetails-quickstart.typ to qdetails-quickstart.pdf...DONE

[11/14] qdetails-display-modes.qmd
[typst]: Compiling qdetails-display-modes.typ to qdetails-display-modes.pdf...DONE

[12/14] qdetails-accordion-synchronized.qmd
[13/14] qdetails-rich-summaries.qmd
[typst]: Compiling qdetails-rich-summaries.typ to qdetails-rich-summaries.pdf...DONE

[14/14] qdetails-accordion-exclusive.qmd

Output created: _site/index.html

