
Rendering PDF

running lualatex - 1

  This is LuaHBTeX, Version 1.24.0 (TeX Live 2026) 
   restricted system commands enabled.
  

updating tlmgr



updating existing packages

finding package for scrbook.cls

> 1 package to install

> installing koma-script (1 of 1)

  This is LuaHBTeX, Version 1.24.0 (TeX Live 2026) 
   restricted system commands enabled.
  
  luaotfload | db : Font names database not found, generating new one.
  luaotfload | db : This can take several minutes; please be patient.

finding package for hyphenat.sty

> 1 package to install

> installing hyphenat (1 of 1)

  This is LuaHBTeX, Version 1.24.0 (TeX Live 2026) 
   restricted system commands enabled.
  

finding package for pagecolor.sty

> 1 package to install

> installing pagecolor (1 of 1)

  This is LuaHBTeX, Version 1.24.0 (TeX Live 2026) 
   restricted system commands enabled.
  
  luaotfload | db : Reload initiated (formats: otf,ttf,ttc); reason: Font "pplb8t" not found.
  luaotfload | resolve : sequence of 3 lookups yielded nothing appropriate.

finding package for pplb8t(-(Bold|Italic|Regular).*)?[.](tfm|afm|mf|otf|ttf)

> 1 package to install

> installing palatino (1 of 1)

  This is LuaHBTeX, Version 1.24.0 (TeX Live 2026) 
   restricted system commands enabled.
  

running lualatex - 2

  This is LuaHBTeX, Version 1.24.0 (TeX Live 2026) 
   restricted system commands enabled.
  




Rendering PDF

running lualatex - 1

  This is LuaHBTeX, Version 1.24.0 (TeX Live 2026) 
   restricted system commands enabled.
  
  kpathsea: Running mktexpk --mfmode / --bdpi 600 --mag 1+57/600 --dpi 657 ecrm1000
  mktexpk: Running mf-nowin -progname=mf \mode:=ljfour; mag:=1+57/600; nonstopmode; input ecrm1000
  This is METAFONT, Version 2.71828182 (TeX Live 2026) (preloaded base=mf)
  
  (/opt/tinytex/texmf-dist/fonts/source/jknappen/ec/ecrm1000.mf (/opt/tinytex/texmf-dist/fonts/source/jknappen/ec/exbase.mf) (/opt/tinytex/texmf-dist/fonts/source/jknappen/ec/ecrm.mf (/opt/tinytex/texmf-dist/fonts/source/jknappen/ec/exroman.mf
   Ok (/opt/tinytex/texmf-dist/fonts/source/jknappen/ec/exaccess.mf
   Ok) (/opt/tinytex/texmf-dist/fonts/source/jknappen/ec/expseudo.mf
   Ok) (/opt/tinytex/texmf-dist/fonts/source/jknappen/ec/exruwest.mf
   Ok [192] [193] [194] [195] [196] [197] [198] [199] [200] [201] [202] [203] [204] [205] [206] [207] [208] [209] [210] [211] [212] [213] [214] [215] [216] [217] [218] [219] [220] [221] [222] [223]) (/opt/tinytex/texmf-dist/fonts/source/jknappen/ec/exrlwest.mf
   Ok [224] [225] [226] [227] [228] [229] [230] [231] [232] [233] [234] [235] [236] [237] [238] [239] [240] [241] [242] [243] [244] [245] [246] [247] [248] [249] [250] [251] [252] [253] [254] [255]) (/opt/tinytex/texmf-dist/fonts/source/jknappen/ec/exrueast.mf
   Ok [128] [129] [130] [131] [132] [133] [134] [135] [136] [137] [138] [139] [140] [141] [142] [143] [144] [145] [146] [147] [148] [149] [150] [151] [152] [153] [154] [155] [156] [157]) (/opt/tinytex/texmf-dist/fonts/source/jknappen/ec/exrleast.mf
   Ok [158] [160] [161] [162] [163] [164] [165] [166] [167] [168] [169] [170] [171] [172] [173] [174] [175] [176] [177] [178] [179] [180] [181] [182] [183] [184] [185] [186] [187] [188]) (/opt/tinytex/texmf-dist/fonts/source/jknappen/ec/exbraces.mf
   Ok [94] [126] [23] [40] [41] [60] [124] [62] [91] [93] [92] [123] [125] [95] [127] [32]) (/opt/tinytex/texmf-dist/fonts/source/jknappen/ec/expunct.mf
   Ok [14] [15] [19] [20] [13] [18] [33] [39] [42] [43] [44] [46] [47] [58] [59] [61] [96] [189] [17] [45] [16] [21] [22]) (/opt/tinytex/texmf-dist/fonts/source/jknappen/ec/exaccent.mf
   Ok [0] [1] [2] [3] [4] [5] [6] [7] [8] [9] [10] [11] [12]) (/opt/tinytex/texmf-dist/fonts/source/jknappen/ec/exsign.mf
   Ok [24] [34] [35] [36] [37] [64] [191] [159]) (/opt/tinytex/texmf-dist/fonts/source/jknappen/ec/exrlig.mf
   Ok [25] [26] [28] [27] [29] [30] [31]) (/opt/tinytex/texmf-dist/fonts/source/jknappen/ec/exromp.mf
   Ok [38] [63] [190]) (/opt/tinytex/texmf-dist/fonts/source/jknappen/ec/exrulett.mf
   Ok [65] [66] [67] [68] [69] [70] [71] [72] [73] [74] [75] [76] [77] [78] [79] [80] [81] [82] [83] [84] [85] [86] [87] [88] [89] [90]) (/opt/tinytex/texmf-dist/fonts/source/jknappen/ec/exrllett.mf
   Ok [97] [98] [99] [100] [101] [102] [103] [104] [105] [106] [107] [108] [109] [110] [111] [112] [113] [114] [115] [116] [117] [118] [119] [120] [121] [122]) (/opt/tinytex/texmf-dist/fonts/source/jknappen/ec/exrdigit.mf
   Ok [48] [49] [50] [51] [52] [53] [54] [55] [56] [57]) (/opt/tinytex/texmf-dist/fonts/source/jknappen/ec/exrligtb.mf
   Ok) ) ) )
  (some charht values had to be adjusted by as much as 0.06586pt)
  Font metrics written on ecrm1000.tfm.
  Output written on ecrm1000.657gf (256 characters, 55404 bytes).
  Transcript written on ecrm1000.log.
  mktexpk: /tmp/texmf-var/fonts/pk/ljfour/jknappen/ec/ecrm1000.657pk: successfully generated.
  
  kpathsea: Running mktexpk --mfmode / --bdpi 600 --mag 1+0/600 --dpi 600 ecrm0800
  mktexpk: Running mf-nowin -progname=mf \mode:=ljfour; mag:=1+0/600; nonstopmode; input ecrm0800
  This is METAFONT, Version 2.71828182 (TeX Live 2026) (preloaded base=mf)
  
  (/opt/tinytex/texmf-dist/fonts/source/jknappen/ec/ecrm0800.mf (/opt/tinytex/texmf-dist/fonts/source/jknappen/ec/exbase.mf) (/opt/tinytex/texmf-dist/fonts/source/jknappen/ec/ecrm.mf (/opt/tinytex/texmf-dist/fonts/source/jknappen/ec/exroman.mf
   Ok (/opt/tinytex/texmf-dist/fonts/source/jknappen/ec/exaccess.mf
   Ok) (/opt/tinytex/texmf-dist/fonts/source/jknappen/ec/expseudo.mf
   Ok) (/opt/tinytex/texmf-dist/fonts/source/jknappen/ec/exruwest.mf
   Ok [192] [193] [194] [195] [196] [197] [198] [199] [200] [201] [202] [203] [204] [205] [206] [207] [208] [209] [210] [211] [212] [213] [214] [215] [216] [217] [218] [219] [220] [221] [222] [223]) (/opt/tinytex/texmf-dist/fonts/source/jknappen/ec/exrlwest.mf
   Ok [224] [225] [226] [227] [228] [229] [230] [231] [232] [233] [234] [235] [236] [237] [238] [239] [240] [241] [242] [243] [244] [245] [246] [247] [248] [249] [250] [251] [252] [253] [254] [255]) (/opt/tinytex/texmf-dist/fonts/source/jknappen/ec/exrueast.mf
   Ok [128] [129] [130] [131] [132] [133] [134] [135] [136] [137] [138] [139] [140] [141] [142] [143] [144] [145] [146] [147] [148] [149] [150] [151] [152] [153] [154] [155] [156] [157]) (/opt/tinytex/texmf-dist/fonts/source/jknappen/ec/exrleast.mf
   Ok [158] [160] [161] [162] [163] [164] [165] [166] [167] [168] [169] [170] [171] [172] [173] [174] [175] [176] [177] [178] [179] [180] [181] [182] [183] [184] [185] [186] [187] [188]) (/opt/tinytex/texmf-dist/fonts/source/jknappen/ec/exbraces.mf
   Ok [94] [126] [23] [40] [41] [60] [124] [62] [91] [93] [92] [123] [125] [95] [127] [32]) (/opt/tinytex/texmf-dist/fonts/source/jknappen/ec/expunct.mf
   Ok [14] [15] [19] [20] [13] [18] [33] [39] [42] [43] [44] [46] [47] [58] [59] [61] [96] [189] [17] [45] [16] [21] [22]) (/opt/tinytex/texmf-dist/fonts/source/jknappen/ec/exaccent.mf
   Ok [0] [1] [2] [3] [4] [5] [6] [7] [8] [9] [10] [11] [12]) (/opt/tinytex/texmf-dist/fonts/source/jknappen/ec/exsign.mf
   Ok [24] [34] [35] [36] [37] [64] [191] [159]) (/opt/tinytex/texmf-dist/fonts/source/jknappen/ec/exrlig.mf
   Ok [25] [26] [28] [27] [29] [30] [31]) (/opt/tinytex/texmf-dist/fonts/source/jknappen/ec/exromp.mf
   Ok [38] [63] [190]) (/opt/tinytex/texmf-dist/fonts/source/jknappen/ec/exrulett.mf
   Ok [65] [66] [67] [68] [69] [70] [71] [72] [73] [74] [75] [76] [77] [78] [79] [80] [81] [82] [83] [84] [85] [86] [87] [88] [89] [90]) (/opt/tinytex/texmf-dist/fonts/source/jknappen/ec/exrllett.mf
   Ok [97] [98] [99] [100] [101] [102] [103] [104] [105] [106] [107] [108] [109] [110] [111] [112] [113] [114] [115] [116] [117] [118] [119] [120] [121] [122]) (/opt/tinytex/texmf-dist/fonts/source/jknappen/ec/exrdigit.mf
   Ok [48] [49] [50] [51] [52] [53] [54] [55] [56] [57]) (/opt/tinytex/texmf-dist/fonts/source/jknappen/ec/exrligtb.mf
   Ok) ) ) )
  (some charht values had to be adjusted by as much as 0.06445pt)
  Font metrics written on ecrm0800.tfm.
  Output written on ecrm0800.600gf (256 characters, 41732 bytes).
  Transcript written on ecrm0800.log.
  mktexpk: /tmp/texmf-var/fonts/pk/ljfour/jknappen/ec/ecrm0800.600pk: successfully generated.
  

running lualatex - 2

  This is LuaHBTeX, Version 1.24.0 (TeX Live 2026) 
   restricted system commands enabled.
  

running lualatex - 3

  This is LuaHBTeX, Version 1.24.0 (TeX Live 2026) 
   restricted system commands enabled.
  




Rendering PDF

running lualatex - 1

  This is LuaHBTeX, Version 1.24.0 (TeX Live 2026) 
   restricted system commands enabled.
  

running lualatex - 2

  This is LuaHBTeX, Version 1.24.0 (TeX Live 2026) 
   restricted system commands enabled.
  




Rendering PDF

running lualatex - 1

  This is LuaHBTeX, Version 1.24.0 (TeX Live 2026) 
   restricted system commands enabled.
  
  kpathsea: Running mktexpk --mfmode / --bdpi 600 --mag 1+0/600 --dpi 600 ecrm1000
  mktexpk: Running mf-nowin -progname=mf \mode:=ljfour; mag:=1+0/600; nonstopmode; input ecrm1000
  This is METAFONT, Version 2.71828182 (TeX Live 2026) (preloaded base=mf)
  
  (/opt/tinytex/texmf-dist/fonts/source/jknappen/ec/ecrm1000.mf (/opt/tinytex/texmf-dist/fonts/source/jknappen/ec/exbase.mf) (/opt/tinytex/texmf-dist/fonts/source/jknappen/ec/ecrm.mf (/opt/tinytex/texmf-dist/fonts/source/jknappen/ec/exroman.mf
   Ok (/opt/tinytex/texmf-dist/fonts/source/jknappen/ec/exaccess.mf
   Ok) (/opt/tinytex/texmf-dist/fonts/source/jknappen/ec/expseudo.mf
   Ok) (/opt/tinytex/texmf-dist/fonts/source/jknappen/ec/exruwest.mf
   Ok [192] [193] [194] [195] [196] [197] [198] [199] [200] [201] [202] [203] [204] [205] [206] [207] [208] [209] [210] [211] [212] [213] [214] [215] [216] [217] [218] [219] [220] [221] [222] [223]) (/opt/tinytex/texmf-dist/fonts/source/jknappen/ec/exrlwest.mf
   Ok [224] [225] [226] [227] [228] [229] [230] [231] [232] [233] [234] [235] [236] [237] [238] [239] [240] [241] [242] [243] [244] [245] [246] [247] [248] [249] [250] [251] [252] [253] [254] [255]) (/opt/tinytex/texmf-dist/fonts/source/jknappen/ec/exrueast.mf
   Ok [128] [129] [130] [131] [132] [133] [134] [135] [136] [137] [138] [139] [140] [141] [142] [143] [144] [145] [146] [147] [148] [149] [150] [151] [152] [153] [154] [155] [156] [157]) (/opt/tinytex/texmf-dist/fonts/source/jknappen/ec/exrleast.mf
   Ok [158] [160] [161] [162] [163] [164] [165] [166] [167] [168] [169] [170] [171] [172] [173] [174] [175] [176] [177] [178] [179] [180] [181] [182] [183] [184] [185] [186] [187] [188]) (/opt/tinytex/texmf-dist/fonts/source/jknappen/ec/exbraces.mf
   Ok [94] [126] [23] [40] [41] [60] [124] [62] [91] [93] [92] [123] [125] [95] [127] [32]) (/opt/tinytex/texmf-dist/fonts/source/jknappen/ec/expunct.mf
   Ok [14] [15] [19] [20] [13] [18] [33] [39] [42] [43] [44] [46] [47] [58] [59] [61] [96] [189] [17] [45] [16] [21] [22]) (/opt/tinytex/texmf-dist/fonts/source/jknappen/ec/exaccent.mf
   Ok [0] [1] [2] [3] [4] [5] [6] [7] [8] [9] [10] [11] [12]) (/opt/tinytex/texmf-dist/fonts/source/jknappen/ec/exsign.mf
   Ok [24] [34] [35] [36] [37] [64] [191] [159]) (/opt/tinytex/texmf-dist/fonts/source/jknappen/ec/exrlig.mf
   Ok [25] [26] [28] [27] [29] [30] [31]) (/opt/tinytex/texmf-dist/fonts/source/jknappen/ec/exromp.mf
   Ok [38] [63] [190]) (/opt/tinytex/texmf-dist/fonts/source/jknappen/ec/exrulett.mf
   Ok [65] [66] [67] [68] [69] [70] [71] [72] [73] [74] [75] [76] [77] [78] [79] [80] [81] [82] [83] [84] [85] [86] [87] [88] [89] [90]) (/opt/tinytex/texmf-dist/fonts/source/jknappen/ec/exrllett.mf
   Ok [97] [98] [99] [100] [101] [102] [103] [104] [105] [106] [107] [108] [109] [110] [111] [112] [113] [114] [115] [116] [117] [118] [119] [120] [121] [122]) (/opt/tinytex/texmf-dist/fonts/source/jknappen/ec/exrdigit.mf
   Ok [48] [49] [50] [51] [52] [53] [54] [55] [56] [57]) (/opt/tinytex/texmf-dist/fonts/source/jknappen/ec/exrligtb.mf
   Ok) ) ) )
  (some charht values had to be adjusted by as much as 0.06586pt)
  Font metrics written on ecrm1000.tfm.
  Output written on ecrm1000.600gf (256 characters, 51184 bytes).
  Transcript written on ecrm1000.log.
  mktexpk: /tmp/texmf-var/fonts/pk/ljfour/jknappen/ec/ecrm1000.600pk: successfully generated.
  
  kpathsea: Running mktexpk --mfmode / --bdpi 600 --mag 1+0/600 --dpi 600 ecrm0700
  mktexpk: Running mf-nowin -progname=mf \mode:=ljfour; mag:=1+0/600; nonstopmode; input ecrm0700
  This is METAFONT, Version 2.71828182 (TeX Live 2026) (preloaded base=mf)
  
  (/opt/tinytex/texmf-dist/fonts/source/jknappen/ec/ecrm0700.mf (/opt/tinytex/texmf-dist/fonts/source/jknappen/ec/exbase.mf) (/opt/tinytex/texmf-dist/fonts/source/jknappen/ec/ecrm.mf (/opt/tinytex/texmf-dist/fonts/source/jknappen/ec/exroman.mf
   Ok (/opt/tinytex/texmf-dist/fonts/source/jknappen/ec/exaccess.mf
   Ok) (/opt/tinytex/texmf-dist/fonts/source/jknappen/ec/expseudo.mf
   Ok) (/opt/tinytex/texmf-dist/fonts/source/jknappen/ec/exruwest.mf
   Ok [192] [193] [194] [195] [196] [197] [198] [199] [200] [201] [202] [203] [204] [205] [206] [207] [208] [209] [210] [211] [212] [213] [214] [215] [216] [217] [218] [219] [220] [221] [222] [223]) (/opt/tinytex/texmf-dist/fonts/source/jknappen/ec/exrlwest.mf
   Ok [224] [225] [226] [227] [228] [229] [230] [231] [232] [233] [234] [235] [236] [237] [238] [239] [240] [241] [242] [243] [244] [245] [246] [247] [248] [249] [250] [251] [252] [253] [254] [255]) (/opt/tinytex/texmf-dist/fonts/source/jknappen/ec/exrueast.mf
   Ok [128] [129] [130] [131] [132] [133] [134] [135] [136] [137] [138] [139] [140] [141] [142] [143] [144] [145] [146] [147] [148] [149] [150] [151] [152] [153] [154] [155] [156] [157]) (/opt/tinytex/texmf-dist/fonts/source/jknappen/ec/exrleast.mf
   Ok [158] [160] [161] [162] [163] [164] [165] [166] [167] [168] [169] [170] [171] [172] [173] [174] [175] [176] [177] [178] [179] [180] [181] [182] [183] [184] [185] [186] [187] [188]) (/opt/tinytex/texmf-dist/fonts/source/jknappen/ec/exbraces.mf
   Ok [94] [126] [23] [40] [41] [60] [124] [62] [91] [93] [92] [123] [125] [95] [127] [32]) (/opt/tinytex/texmf-dist/fonts/source/jknappen/ec/expunct.mf
   Ok [14] [15] [19] [20] [13] [18] [33] [39] [42] [43] [44] [46] [47] [58] [59] [61] [96] [189] [17] [45] [16] [21] [22]) (/opt/tinytex/texmf-dist/fonts/source/jknappen/ec/exaccent.mf
   Ok [0] [1] [2] [3] [4] [5] [6] [7] [8] [9] [10] [11] [12]) (/opt/tinytex/texmf-dist/fonts/source/jknappen/ec/exsign.mf
   Ok [24] [34] [35] [36] [37] [64] [191] [159]) (/opt/tinytex/texmf-dist/fonts/source/jknappen/ec/exrlig.mf
   Ok [25] [26] [28] [27] [29] [30] [31]) (/opt/tinytex/texmf-dist/fonts/source/jknappen/ec/exromp.mf
   Ok [38] [63] [190]) (/opt/tinytex/texmf-dist/fonts/source/jknappen/ec/exrulett.mf
   Ok [65] [66] [67] [68] [69] [70] [71] [72] [73] [74] [75] [76] [77] [78] [79] [80] [81] [82] [83] [84] [85] [86] [87] [88] [89] [90]) (/opt/tinytex/texmf-dist/fonts/source/jknappen/ec/exrllett.mf
   Ok [97] [98] [99] [100] [101] [102] [103] [104] [105] [106] [107] [108] [109] [110] [111] [112] [113] [114] [115] [116] [117] [118] [119] [120] [121] [122]) (/opt/tinytex/texmf-dist/fonts/source/jknappen/ec/exrdigit.mf
   Ok [48] [49] [50] [51] [52] [53] [54] [55] [56] [57]) (/opt/tinytex/texmf-dist/fonts/source/jknappen/ec/exrligtb.mf
   Ok) ) ) )
  Font metrics written on ecrm0700.tfm.
  Output written on ecrm0700.600gf (256 characters, 37344 bytes).
  Transcript written on ecrm0700.log.
  mktexpk: /tmp/texmf-var/fonts/pk/ljfour/jknappen/ec/ecrm0700.600pk: successfully generated.
  

running lualatex - 2

  This is LuaHBTeX, Version 1.24.0 (TeX Live 2026) 
   restricted system commands enabled.
  

running lualatex - 3

  This is LuaHBTeX, Version 1.24.0 (TeX Live 2026) 
   restricted system commands enabled.
  




Rendering PDF

running lualatex - 1

  This is LuaHBTeX, Version 1.24.0 (TeX Live 2026) 
   restricted system commands enabled.
  

running lualatex - 2

  This is LuaHBTeX, Version 1.24.0 (TeX Live 2026) 
   restricted system commands enabled.
  

running lualatex - 3

  This is LuaHBTeX, Version 1.24.0 (TeX Live 2026) 
   restricted system commands enabled.
  




Rendering PDF

running lualatex - 1

  This is LuaHBTeX, Version 1.24.0 (TeX Live 2026) 
   restricted system commands enabled.
  

running lualatex - 2

  This is LuaHBTeX, Version 1.24.0 (TeX Live 2026) 
   restricted system commands enabled.
  



WARNING (/opt/quarto/share/filters/main.lua:10085) 
The following string was found in the document: :::

This usually indicates a problem with a fenced div in the document. Please check the document for errors.



Output created: _site/index.html


