pandoc 

  to: html
  output-file: example.html
  standalone: true
  section-divs: true
  html-math-method: mathjax
  wrap: none
  default-image-extension: png
  variables: {}
  

metadata

  document-css: false
  link-citations: true
  date-format: long
  lang: en
  engines:
    - path: /opt/quarto/share/extension-subtrees/julia-engine/_extensions/julia-engine/julia-engine.js
  title: TikZ Example
  tikz:
    cache: false
    save-tex: true
    tex-dir: tikz-tex
  

ERROR (/home/runner/work/quarto-extensions/quarto-extensions/test-4/repo/_extensions/tikz/tikz.lua:182) Inkscape not found. Please install Inkscape to convert PDFs to SVG.

ERROR (/home/runner/work/quarto-extensions/quarto-extensions/test-4/repo/_extensions/tikz/tikz.lua:233) Error compiling TikZ figure 'stick-figure':
Error running pdflatex (error code 1): This is pdfTeX, Version 3.141592653-2.6-1.40.29 (TeX Live 2026) (preloaded format=pdflatex)
 restricted \write18 enabled.
entering extended mode
(./stick-figure.tex
LaTeX2e <2025-11-01>
L3 programming layer <2026-01-19>

! LaTeX Error: File `standalone.cls' not found.

Type X to quit or <RETURN> to proceed,
or enter new name. (Default extension: cls)

Enter file name: 
! Emergency stop.
<read *> 
         
l.3 ^^M
       
!  ==> Fatal error occurred, no output PDF file produced!
Transcript written on stick-figure.log.

LaTeX Log:
This is pdfTeX, Version 3.141592653-2.6-1.40.29 (TeX Live 2026) (preloaded format=pdflatex 2026.3.22)  23 MAR 2026 09:11
entering extended mode
 restricted \write18 enabled.
 %&-line parsing enabled.
**stick-figure.tex
(./stick-figure.tex
LaTeX2e <2025-11-01>
L3 programming layer <2026-01-19>

! LaTeX Error: File `standalone.cls' not found.

Type X to quit or <RETURN> to proceed,
or enter new name. (Default extension: cls)

Enter file name: 
! Emergency stop.
<read *> 
         
l.3 ^^M
       
*** (cannot \read from terminal in nonstop modes)

 
Here is how much of TeX's memory you used:
 19 strings out of 469515
 452 string characters out of 5469773
 433756 words of memory out of 5000000
 28772 multiletter control sequences out of 15000+600000
 627721 words of font info for 40 fonts, out of 8000000 for 9000
 14 hyphenation exceptions out of 8191
 19i,0n,29p,80b,17s stack positions out of 10000i,1000n,20000p,200000b,200000s
!  ==> Fatal error occurred, no output PDF file produced!

TikZ Code:
%%| filename: stick-figure
%%| caption: A Stick Figure

\begin{tikzpicture}[scale=2, transform shape]
  % Head
  \draw (0,0) circle (1cm);
  % Body
  \draw (0,-1) -- (0,-3);
  % Arms
  \draw (-1,-2) -- (0,-1) -- (1,-2);
  % Legs
  \draw (-1,-4) -- (0,-3) -- (1,-4);
\end{tikzpicture}

ERROR (/home/runner/work/quarto-extensions/quarto-extensions/test-4/repo/_extensions/tikz/tikz.lua:250) Error converting PDF to SVG for TikZ figure 'stick-figure':
inkscape: createProcess: posix_spawnp: permission denied (Permission denied)
TikZ Code:
%%| filename: stick-figure
%%| caption: A Stick Figure

\begin{tikzpicture}[scale=2, transform shape]
  % Head
  \draw (0,0) circle (1cm);
  % Body
  \draw (0,-1) -- (0,-3);
  % Arms
  \draw (-1,-2) -- (0,-1) -- (1,-2);
  % Legs
  \draw (-1,-4) -- (0,-3) -- (1,-4);
\end{tikzpicture}
ERROR (/home/runner/work/quarto-extensions/quarto-extensions/test-4/repo/_extensions/tikz/tikz.lua:257) Failed to read generated SVG file for TikZ figure 'stick-figure'.
TikZ Code:
%%| filename: stick-figure
%%| caption: A Stick Figure

\begin{tikzpicture}[scale=2, transform shape]
  % Head
  \draw (0,0) circle (1cm);
  % Body
  \draw (0,-1) -- (0,-3);
  % Arms
  \draw (-1,-2) -- (0,-1) -- (1,-2);
  % Legs
  \draw (-1,-4) -- (0,-3) -- (1,-4);
\end{tikzpicture}

Error ru
nning filter /opt/quarto/share/filters/main.lua:
strin
g expected, got nil
	while retrieving fun
ction argument contents
	while retriev
ing arguments for function insert
stack tracebac
k:
	.../quarto-extensions/test-4/r
epo/_extensions/tikz/tikz.lua:321: in function <.../quarto-
extensions/test-4/repo/_extensions/tikz/tikz.lua:279>
	[C
]: in ?
	[C]: in method 'walk'
	.../qua
rto-extensions/test-4/repo
/_extensions/tikz/tikz.lua
:387: in function <.../quar
to-extensions/test-4/rep
o/_extensions/tikz/tikz
.lua:385>
	[C]: in ?
	[
C]: in method 'walk'
	
/opt/quarto/share/pan
doc/datadir/_utils.lua
:607: in function '_utils.w
alk'
	/opt/quarto/share
/filters/main.lua:574:
 in local 'checked_wal
k'
	/opt/quarto/share/
filters/main.lua:629:
 in function 'run_emu
lated_filter'
	/opt/q
uarto/share/filters/main.
lua:1317: in local 'c
allback'
	[string "i
f pandoc.system.os ==
 "mingw32" then..."]:
778: in field 'withSc
riptFile'
	/opt/quart
o/share/filters/main.
lua:1333: in upvalue 
'run_emulated_filter_
chain'
	/opt/quarto/share
/filters/main.lua:137
1: in function </opt/
quarto/share/filters/
main.lua:1368>
stack trac
eback:
	.../quarto-ext
ensions/test-4/repo/_
extensions/tikz/tikz
.lua:387: in function
 <.../quarto-extensions/test-4/repo/_exten
sions/tikz/tikz.lua:385>
	[C]: in ?
	[C]: in
 method 'walk'
	/opt/quarto/share/pandoc/datadir/_uti
ls.lua:607: in function '_
utils.walk'
	/opt/quar
to/share/filters/main.lua:574: in loc
al 'checked_walk'
	/opt/quarto/share/filter
s/main.lua:629: in function 'run_emulated_filter'

	/opt/quarto/share/filters
/main.lua:1317: in loca
l 'callback'
	[string "if pandoc
.system.os == "mingw32" 
then..."]:778: in field
 'withScriptFile'
	/op
t/quarto/share/filter
s/main.lua:1333: in u
pvalue 'run_emulated_
filter_chain'
	/opt/q
uarto/share/filters/main.lua:1371: in
 function </opt/quarto/share/filters/main.lu
a:1368>
stack traceback:
	/opt/quarto/share/pandoc/
datadir/_utils.lua:607: in f
unction '_utils.walk'

	/opt/quarto/share/filters/main.lua:574: in local
 'checked_walk'
	/opt/quarto/share/filters/mai
n.lua:629:
 in function 'run_e
mulated_filter'
	/opt/quarto/share/filters/main.l
ua:1317: in local 'callba
ck'
	[string "if pando
c.system.os == "ming
w32" then..."]:778: in
 field 'withScriptFi
le'
	/opt/quarto/shar
e/filters/main.lua:13
33: in upvalue 'run_
emulated_filter_chain
'
	/opt/quarto/share
/filters/main.lua:137
1: in function </opt
/quarto/share/filter
s/main.lua:1368>

(WARN) Error encountered when rendering files

