Cloning into 'repo'...


processing file: template.qmd
1/5                  
2/5 [unnamed-chunk-1]
3/5                  
4/5 [tbl-glm]        
Error in `loadNamespace()`:
! there is no package called 'kableExtra'
Backtrace:
    x
 1. \-base::loadNamespace(x)
 2.   \-base::withRestarts(stop(cond), retry_loadNamespace = function() NULL)
 3.     \-base (local) withOneRestart(expr, restarts[[1L]])
 4.       \-base (local) doWithOneRestart(return(expr), restart)

Quitting from template.qmd:64-76 [tbl-glm]
Execution halted
WARN: Error encountered when rendering files
Render failed, retrying once...


processing file: template.qmd
1/5                  
2/5 [unnamed-chunk-1]
3/5                  
4/5 [tbl-glm]        
Error in `loadNamespace()`:
! there is no package called 'kableExtra'
Backtrace:
    x
 1. \-base::loadNamespace(x)
 2.   \-base::withRestarts(stop(cond), retry_loadNamespace = function() NULL)
 3.     \-base (local) withOneRestart(expr, restarts[[1L]])
 4.       \-base (local) doWithOneRestart(return(expr), restart)

Quitting from template.qmd:64-76 [tbl-glm]
Execution halted
WARN: Error encountered when rendering files
