
Starting python3 kernel...
Done


Executing 'example.quarto_ipynb'

  Cell 1/2: 'hello_world'...
Done

  Cell 2/2: 'is_unique'.....
Done



pandoc 

  to: html
  output-file: example.html
  standalone: true
  embed-resources: true
  section-divs: true
  html-math-method: mathjax
  wrap: none
  default-image-extension: png
  variables: {}
  

metadata

  document-css: false
  link-citations: true
  date-format: long
  lang: en
  title: Black-formatter Example
  jupyter: python3
  

/usr/local/python/current/bin/python: No module named black

/usr/local/python/current/bin/python: No module named black

/usr/local/python/current/bin/python: No module named black

/usr/local/python/current/bin/python: No module named black

Output created: example.html


