
Starting python3 kernel...
Done


Executing 'example.quarto_ipynb'

  Cell 1/4: 'code'.......Done
  Cell 2/4: 'table'......
Done

  Cell 3/4: 'figure-1'...
Done

  Cell 4/4: 'figure-2'...
Done



pandoc 

  to: html
  output-file: index.html
  standalone: true
  embed-resources: true
  section-divs: true
  html-math-method: mathjax
  wrap: none
  default-image-extension: png
  toc: true
  variables: {}
  

metadata

  document-css: false
  link-citations: true
  date-format: long
  lang: en
  engines:
    - path: /opt/quarto/share/extension-subtrees/julia-engine/_extensions/julia-engine/julia-engine.js
  title: Collapse Output
  subtitle: Quarto Extension
  author:
    - name: Mickaël CANOUIL, _Ph.D._
      orcid: 0000-0002-3396-4549
      url: https://mickael.canouil.fr
  extensions:
    collapse-output:
      method: javascript
  

Output created: index.html


