Cloning into 'repo'...
Installing package into '/home/runner/work/quarto-extensions/quarto-extensions/test-0/R/x86_64-pc-linux-gnu-library/4.5'
(as 'lib' is unspecified)
trying URL 'https://packagemanager.posit.co/cran/__linux__/jammy/latest/src/contrib/renv_1.1.8.tar.gz'
Content type 'binary/octet-stream' length 2336300 bytes (2.2 MB)
==================================================
downloaded 2.2 MB

* installing *binary* package 'renv' ...
* DONE (renv)

The downloaded source packages are in
	'/tmp/RtmpBPMxiZ/downloaded_packages'
The R temporary directory appears to be within a folder mounted as 'noexec'.
Installation of R packages from sources may fail.
See the section **Note** within `?INSTALL` for more details.

tempdir(): /tmp/RtmpBPMxiZ
Using CPython 3.13.9 interpreter at: /usr/local/python/current/bin/python
Creating virtual environment at: .venv
Activate with: source .venv/bin/activate


processing file: example_knitr.qmd
1/11                  
2/11 [unnamed-chunk-1]
3/11                  
4/11 [unnamed-chunk-2]
5/11                  
6/11 [unnamed-chunk-3]
7/11                  
8/11 [unnamed-chunk-4]
9/11                  
10/11 [unnamed-chunk-5]
11/11                  
output file: example_knitr.knit.md

pandoc 
  to: html
  output-file: example_knitr.html
  standalone: true
  embed-resources: true
  section-divs: true
  html-math-method: mathjax
  wrap: none
  default-image-extension: png
  variables: {}
  
metadata
  document-css: false
  link-citations: true
  date-format: long
  lang: en
  engines:
    - path: /opt/quarto/share/extension-subtrees/julia-engine/_extensions/julia-engine/julia-engine.js
  title: Add Code Files
  author: Shafayet Khan Shafee
  date: last-modified
  
Output created: example_knitr.html



processing file: example_filename.qmd
1/1
output file: example_filename.knit.md

pandoc 
  to: html
  output-file: example_filename.html
  standalone: true
  embed-resources: true
  section-divs: true
  html-math-method: mathjax
  wrap: none
  default-image-extension: png
  variables: {}
  
metadata
  document-css: false
  link-citations: true
  date-format: long
  lang: en
  engines:
    - path: /opt/quarto/share/extension-subtrees/julia-engine/_extensions/julia-engine/julia-engine.js
  title: Add Code Files
  author: Shafayet Khan Shafee
  date: last-modified
  
Output created: example_filename.html


Starting python3 kernel...Traceback (most recent call last):
  File "/opt/quarto/share/jupyter/jupyter.py", line 20, in <module>
    from notebook import notebook_execute, RestartKernel
  File "/opt/quarto/share/jupyter/notebook.py", line 15, in <module>
    from yaml import safe_load as parse_string
ModuleNotFoundError: No module named 'yaml'
Python 3 installation:
{}

Jupyter is not available in this Python installation.
Install with python3 -m pip install jupyter

WARN: Error encountered when rendering files
Render failed, retrying once...

Starting python3 kernel...Traceback (most recent call last):
  File "/opt/quarto/share/jupyter/jupyter.py", line 20, in <module>
    from notebook import notebook_execute, RestartKernel
  File "/opt/quarto/share/jupyter/notebook.py", line 15, in <module>
    from yaml import safe_load as parse_string
ModuleNotFoundError: No module named 'yaml'
Python 3 installation:
{}

Jupyter is not available in this Python installation.
Install with python3 -m pip install jupyter

WARN: Error encountered when rendering files
