pandoc 

  to: revealjs
  output-file: demo-flat.html
  standalone: true
  wrap: none
  default-image-extension: png
  html-math-method:
    method: mathjax
    url: >-
      https://cdn.jsdelivr.net/npm/mathjax@2.7.9/MathJax.js?config=TeX-AMS_HTML-full
  slide-level: 2
  section-divs: false
  css:
    - css/style.css
  

metadata

  link-citations: true
  width: 1050
  height: 700
  margin: 0.1
  center: true
  navigationMode: linear
  controlsLayout: bottom-right
  controlsTutorial: false
  hash: true
  history: true
  hashOneBasedIndex: false
  fragmentInURL: false
  transition: slide
  backgroundTransition: fade
  pdfSeparateFragments: false
  lang: en
  auto-stretch: true
  title: Simplemenu
  subtitle: For Reveal.js and Quarto, using `flat` option
  revealjs-plugins:
    - simplemenu
  title-slide-attributes:
    data-state: hide-menubar
  theme: dark
  controls: true
  chalkboard: false
  menu: false
  simplemenu:
    flat: true
    barhtml:
      header: <div class='menubar'><ul class='menu'></ul><div>
    scale: 0.67
  

[WARNING] Div at
 /tmp/quarto-sessione3ecbbc49e25bf4b/ff33052e864d8244/quarto-metadata87f65007f40081ab.yml_chunk line 1 column 44 unclosed at /tmp/quarto-sessione3ecbbc49e25bf4b/ff33052e864d8244/quarto-metadata87f65007f40081ab.yml_chunk line 1 column 49, closing implicitly.
[WARNING] Div at /tmp/quarto-sessione3ecbbc49e25bf4b/ff33052e864d8244/quarto-metadata87f65007f40081ab.yml_chunk line 
1 column 1 unclosed at /tmp/quarto-sessione3ecbbc49e25bf4b/ff33052e864d8244/quarto-metadata87f65007f40081ab.yml_chunk line 1 column 49, closi
ng implicitly.

Output created: demo-flat.html


