pandoc 

  to: revealjs
  output-file: example_with_externaldic.html
  standalone: true
  wrap: none
  default-image-extension: png
  html-math-method:
    method: mathjax
    url: >-
      https://cdn.jsdelivr.net/npm/mathjax@2.7.9/MathJax.js?config=TeX-AMS_HTML-full
  slide-level: 2
  variables: {}
  

metadata

  link-citations: true
  width: 1050
  height: 700
  margin: 0.1
  center: false
  navigationMode: linear
  controlsLayout: edges
  controlsTutorial: false
  hash: true
  history: true
  hashOneBasedIndex: false
  fragmentInURL: false
  transition: none
  backgroundTransition: none
  pdfSeparateFragments: false
  lang: en
  auto-stretch: true
  title: Revealjs i18n
  revealjs-plugins:
    - i18n
  footer: |
    {{< i18n-select choices="fr:Français, en:English, de:Deutsch, it:Italiano" selected="fr" >}}
  i18n:
    defaultLocale: fr
    dictionaryPath: translations.yml
  

Output created: example_with_externaldic.html


