pandoc 

  to: html
  output-file: index.html
  standalone: true
  section-divs: true
  html-math-method: mathjax
  wrap: none
  default-image-extension: png
  toc: true
  variables: {}
  

metadata

  document-css: false
  link-citations: true
  date-format: long
  lang: en
  title: Swissbiopics Examples
  

FATAL (/opt/quarto/share/filters/main.lua:3757) An error occurred:
Could not run /home/runner/work/quarto-extensions/quarto-extensions/test-17/repo/docs/swissbiopics as a JSON filter.
Please make sure the file exists and is executable.

Did you intend 'swissbiopics' as a Lua filter in an extension?
If so, make sure you've spelled the name of the extension correctly.

The original Pandoc error follows below.
Error running filter /home/runner/work/quarto-extensions/quarto-extensions/test-17/repo/docs/swissbiopics:
Could not find executable /home/runner/work/quarto-extensions/quarto-extensions/test-17/repo/docs/swissbiopics

Error running
 filter /opt/quarto/share/filters/main.lua:
/opt/quarto/share/filters/main.lua:586: FATAL QUARTO ERROR
stack traceback:
	/opt/q
uarto/share/filters/main.lua:2619: in function 'fatal'
	/opt/quarto/share/fi
lters/main.lua:2199: in function 'fail'
	/opt/quarto/share/fil
ters/main.lua:3757: in field 'Pandoc'
	/opt/quarto/share/filters/ma
in.lua:586: in function 'run_emulated_filter'
	/opt/quarto/sh
are/filters/main.lua:1314: in local 'callback'
	/opt/quarto/sh
are/filters/main.lua:1332: in upvalue 'run_emulated_fil
ter_chain'
	/opt/quarto/share/filters/main.lua:1368: in function </opt/quar
to/share/filters/main.lua:1365>

(WARN) Error encountered when rendering files

