pandoc 

  to: latex
  output-file: example.tex
  standalone: true
  pdf-engine: lualatex
  variables:
    graphics: true
    tables: true
  default-image-extension: pdf
  

metadata

  documentclass: scrartcl
  classoption:
    - DIV=11
    - numbers=noendperiod
  papersize: letter
  header-includes:
    - \KOMAoption{captions}{tableheading}
  block-headings: true
  engines:
    - path: /opt/quarto/share/extension-subtrees/julia-engine/_extensions/julia-engine/julia-engine.js
  title: Authors-block Example
  authors:
    - name: John Doe
      affiliations:
        - ref: jdct
      corresponding: true
      email: john.doe@jdct.edu
      orcid: 0000-1111-2222-3333
      equal-contributor: true
    - name: John Roe
      affiliations:
        - ref: jdct
      orcid: 0000-3333-2222-1111
    - name: Jane Roe
      affiliations:
        - ref: jdct
        - ref: iot
      orcid: 0000-2222-1111-3333
      equal-contributor: true
  affiliations:
    - id: jdct
      name: John Doe Center for Technology, John Doe University, Doetown, Germany.
    - id: iot
      name: Institute of Technology, John Doe University, Doetown, Germany.
  


Rendering PDF

running lualatex - 1

  This is LuaHBTeX, Version 1.24.0 (TeX Live 2026) 
   restricted system commands enabled.
  

updating tlmgr



updating existing packages

finding package for scrartcl.cls

> 1 package to install

> installing koma-script (1 of 1)

  This is LuaHBTeX, Version 1.24.0 (TeX Live 2026) 
   restricted system commands enabled.
  
  luaotfload | db : Font names database not found, generating new one.
  luaotfload | db : This can take several minutes; please be patient.

finding package for caption.sty

> 1 package to install

> installing caption (1 of 1)

  This is LuaHBTeX, Version 1.24.0 (TeX Live 2026) 
   restricted system commands enabled.
  

running lualatex - 2

  This is LuaHBTeX, Version 1.24.0 (TeX Live 2026) 
   restricted system commands enabled.
  



Output created: example.pdf


