Cloning into 'repo'...
Using CPython 3.13.9 interpreter at: /usr/local/python/current/bin/python
Creating virtual environment at: .venv
Activate with: source .venv/bin/activate
Resolved 22 packages in 957ms
   Building stata-setup==0.1.3
Downloading jedi (1.5MiB)
Downloading pygments (1.2MiB)
Downloading numpy (15.9MiB)
Downloading pandas (10.4MiB)
 Downloaded pygments
      Built stata-setup==0.1.3
 Downloaded numpy
 Downloaded pandas
 Downloaded jedi
Prepared 22 packages in 719ms
Installed 22 packages in 529ms
 + asttokens==3.0.1
 + decorator==5.2.1
 + executing==2.2.1
 + ipython==9.13.0
 + ipython-pygments-lexers==1.1.1
 + jedi==0.19.2
 + matplotlib-inline==0.2.1
 + numpy==2.4.4
 + pandas==3.0.2
 + parso==0.8.6
 + pexpect==4.9.0
 + prompt-toolkit==3.0.52
 + psutil==7.2.2
 + ptyprocess==0.7.0
 + pure-eval==0.2.3
 + pygments==2.20.0
 + python-dateutil==2.9.0.post0
 + six==1.17.0
 + stack-data==0.6.3
 + stata-setup==0.1.3
 + traitlets==5.14.3
 + wcwidth==0.6.0

Starting python3 kernel...Traceback (most recent call last):
  File "/opt/quarto/share/jupyter/jupyter.py", line 20, in <module>
    from notebook import notebook_execute, RestartKernel
  File "/opt/quarto/share/jupyter/notebook.py", line 15, in <module>
    from yaml import safe_load as parse_string
ModuleNotFoundError: No module named 'yaml'
Python 3 installation:
{}

Jupyter is not available in this Python installation.
Install with python3 -m pip install jupyter

WARN: Error encountered when rendering files
Render failed, retrying once...

Starting python3 kernel...Traceback (most recent call last):
  File "/opt/quarto/share/jupyter/jupyter.py", line 20, in <module>
    from notebook import notebook_execute, RestartKernel
  File "/opt/quarto/share/jupyter/notebook.py", line 15, in <module>
    from yaml import safe_load as parse_string
ModuleNotFoundError: No module named 'yaml'
Python 3 installation:
{}

Jupyter is not available in this Python installation.
Install with python3 -m pip install jupyter

WARN: Error encountered when rendering files
