pandoc 

  to: latex
  output-file: qletter.tex
  standalone: true
  pdf-engine: lualatex
  variables:
    graphics: true
    tables: true
  default-image-extension: pdf
  

metadata

  block-headings: true
  date-format: long
  documentclass: letter
  fontfamily: roboto
  fontsize: 12pt
  geometry:
    - margin=1in
  colorlinks: true
  header-includes:
    - |
      \usepackage{fontawesome5, setspace}
      \usepackage[absolute,overlay]{textpos}
      \setlength{\TPHorizModule}{1cm}
      \setlength{\TPVertModule}{1cm}
      \renewcommand{\familydefault}{\sfdefault}
  engines:
    - path: /opt/quarto/share/extension-subtrees/julia-engine/_extensions/julia-engine/julia-engine.js
  fromname: Sender name
  fromqualifications: PhD
  fromtitle: Professor
  fromWWW: sender.com
  fromemail: sender@sender.com
  fromphone: (000) 000 000
  fromdepartment: Sender Department
  frominstitute: Sender Institution
  fromaddress: Sender Address in one line
  fromsignature: signature
  fromlogo: logo
  toname: Recipient
  toaddress: |
    | Recipient address line 1
    | Recipient address line 2
  subject: Subject Line
  opening: Dear Recipient,
  closing: Best regards,
  cc:
    - CC 1
    - CC 2
  encl:
    - Enclosure 1
    - Enclosure 2
  ps: |
    p.s.: something else
  spacing: 1.2
  


Rendering PDF

running lualatex - 1

  This is LuaHBTeX, Version 1.24.0 (TeX Live 2026) 
   restricted system commands enabled.
  
  luaotfload | db : Font names database not found, generating new one.
  luaotfload | db : This can take several minutes; please be patient.

updating tlmgr



updating existing packages

finding package for roboto.sty

> 1 package to install

> installing roboto (1 of 1)

  This is LuaHBTeX, Version 1.24.0 (TeX Live 2026) 
   restricted system commands enabled.
  

finding package for setspace.sty

> 1 package to install

> installing setspace (1 of 1)

  This is LuaHBTeX, Version 1.24.0 (TeX Live 2026) 
   restricted system commands enabled.
  

finding package for textpos.sty

> 1 package to install

> installing textpos (1 of 1)

  This is LuaHBTeX, Version 1.24.0 (TeX Live 2026) 
   restricted system commands enabled.
  

running lualatex - 2

  This is LuaHBTeX, Version 1.24.0 (TeX Live 2026) 
   restricted system commands enabled.
  



Output created: _output/qletter.pdf


