Cloning into 'repo'...
/home/runner/work/quarto-extensions/quarto-extensions/test-4/repo/_extensions/scheduled-docs/run-scheduled-docs.ts
Download https://deno.land/std/fs/mod.ts
Warning Implicitly using latest version (0.224.0) for https://deno.land/std/fs/mod.ts
Download https://deno.land/std@0.224.0/fs/mod.ts
Download https://deno.land/std/yaml/mod.ts
Download https://deno.land/std/path/mod.ts
Download https://deno.land/std/datetime/mod.ts
Download https://deno.land/std@0.224.0/fs/empty_dir.ts
Download https://deno.land/std@0.224.0/fs/ensure_dir.ts
Download https://deno.land/std@0.224.0/fs/ensure_file.ts
Download https://deno.land/std@0.224.0/fs/ensure_link.ts
Download https://deno.land/std@0.224.0/fs/ensure_symlink.ts
Download https://deno.land/std@0.224.0/fs/exists.ts
Download https://deno.land/std@0.224.0/fs/expand_glob.ts
Download https://deno.land/std@0.224.0/fs/move.ts
Download https://deno.land/std@0.224.0/fs/copy.ts
Download https://deno.land/std@0.224.0/fs/walk.ts
Download https://deno.land/std@0.224.0/fs/eol.ts
Warning Implicitly using latest version (0.224.0) for https://deno.land/std/datetime/mod.ts
Warning Implicitly using latest version (0.224.0) for https://deno.land/std/path/mod.ts
Warning Implicitly using latest version (0.224.0) for https://deno.land/std/yaml/mod.ts
Download https://deno.land/std@0.224.0/yaml/mod.ts
Download https://deno.land/std@0.224.0/path/mod.ts
Download https://deno.land/std@0.224.0/datetime/mod.ts
Download https://deno.land/std@0.224.0/path/join.ts
Download https://deno.land/std@0.224.0/fs/_to_path_string.ts
Download https://deno.land/std@0.224.0/fs/_get_file_info_type.ts
Download https://deno.land/std@0.224.0/path/dirname.ts
Download https://deno.land/std@0.224.0/path/resolve.ts
Download https://deno.land/std@0.224.0/path/glob_to_regexp.ts
Download https://deno.land/std@0.224.0/path/join_globs.ts
Download https://deno.land/std@0.224.0/path/is_glob.ts
Download https://deno.land/std@0.224.0/path/is_absolute.ts
Download https://deno.land/std@0.224.0/path/constants.ts
Download https://deno.land/std@0.224.0/assert/assert.ts
Download https://deno.land/std@0.224.0/fs/_create_walk_entry.ts
Download https://deno.land/std@0.224.0/fs/_is_subdir.ts
Download https://deno.land/std@0.224.0/fs/_is_same_path.ts
Download https://deno.land/std@0.224.0/path/basename.ts
Download https://deno.land/std@0.224.0/path/normalize.ts
Download https://deno.land/std@0.224.0/yaml/parse.ts
Download https://deno.land/std@0.224.0/yaml/stringify.ts
Download https://deno.land/std@0.224.0/yaml/type.ts
Download https://deno.land/std@0.224.0/yaml/schema/mod.ts
Download https://deno.land/std@0.224.0/path/windows/mod.ts
Download https://deno.land/std@0.224.0/path/posix/mod.ts
Download https://deno.land/std@0.224.0/path/extname.ts
Download https://deno.land/std@0.224.0/path/format.ts
Download https://deno.land/std@0.224.0/path/from_file_url.ts
Download https://deno.land/std@0.224.0/path/parse.ts
Download https://deno.land/std@0.224.0/path/relative.ts
Download https://deno.land/std@0.224.0/path/to_file_url.ts
Download https://deno.land/std@0.224.0/path/to_namespaced_path.ts
Download https://deno.land/std@0.224.0/path/common.ts
Download https://deno.land/std@0.224.0/path/_interface.ts
Download https://deno.land/std@0.224.0/path/normalize_glob.ts
Download https://deno.land/std@0.224.0/datetime/constants.ts
Download https://deno.land/std@0.224.0/datetime/day_of_year.ts
Download https://deno.land/std@0.224.0/datetime/difference.ts
Download https://deno.land/std@0.224.0/datetime/format.ts
Download https://deno.land/std@0.224.0/datetime/is_leap.ts
Download https://deno.land/std@0.224.0/datetime/parse.ts
Download https://deno.land/std@0.224.0/datetime/week_of_year.ts
Download https://deno.land/std@0.224.0/path/_os.ts
Download https://deno.land/std@0.224.0/path/posix/join.ts
Download https://deno.land/std@0.224.0/path/windows/join.ts
Download https://deno.land/std@0.224.0/path/posix/dirname.ts
Download https://deno.land/std@0.224.0/path/windows/dirname.ts
Download https://deno.land/std@0.224.0/path/posix/resolve.ts
Download https://deno.land/std@0.224.0/path/windows/resolve.ts
Download https://deno.land/std@0.224.0/path/posix/glob_to_regexp.ts
Download https://deno.land/std@0.224.0/path/windows/glob_to_regexp.ts
Download https://deno.land/std@0.224.0/path/posix/join_globs.ts
Download https://deno.land/std@0.224.0/path/windows/join_globs.ts
Download https://deno.land/std@0.224.0/path/posix/is_absolute.ts
Download https://deno.land/std@0.224.0/path/windows/is_absolute.ts
Download https://deno.land/std@0.224.0/assert/assertion_error.ts
Download https://deno.land/std@0.224.0/path/posix/basename.ts
Download https://deno.land/std@0.224.0/path/windows/basename.ts
Download https://deno.land/std@0.224.0/path/posix/normalize.ts
Download https://deno.land/std@0.224.0/path/windows/normalize.ts
Download https://deno.land/std@0.224.0/yaml/_loader/loader.ts
Download https://deno.land/std@0.224.0/yaml/_dumper/dumper.ts
Download https://deno.land/std@0.224.0/yaml/schema/core.ts
Download https://deno.land/std@0.224.0/yaml/schema/default.ts
Download https://deno.land/std@0.224.0/yaml/schema/extended.ts
Download https://deno.land/std@0.224.0/yaml/schema/failsafe.ts
Download https://deno.land/std@0.224.0/yaml/schema/json.ts
Download https://deno.land/std@0.224.0/path/windows/constants.ts
Download https://deno.land/std@0.224.0/path/windows/extname.ts
Download https://deno.land/std@0.224.0/path/windows/format.ts
Download https://deno.land/std@0.224.0/path/windows/from_file_url.ts
Download https://deno.land/std@0.224.0/path/windows/parse.ts
Download https://deno.land/std@0.224.0/path/windows/relative.ts
Download https://deno.land/std@0.224.0/path/windows/to_file_url.ts
Download https://deno.land/std@0.224.0/path/windows/to_namespaced_path.ts
Download https://deno.land/std@0.224.0/path/windows/common.ts
Download https://deno.land/std@0.224.0/path/windows/is_glob.ts
Download https://deno.land/std@0.224.0/path/windows/normalize_glob.ts
Download https://deno.land/std@0.224.0/path/posix/constants.ts
Download https://deno.land/std@0.224.0/path/posix/extname.ts
Download https://deno.land/std@0.224.0/path/posix/format.ts
Download https://deno.land/std@0.224.0/path/posix/from_file_url.ts
Download https://deno.land/std@0.224.0/path/posix/parse.ts
Download https://deno.land/std@0.224.0/path/posix/relative.ts
Download https://deno.land/std@0.224.0/path/posix/to_file_url.ts
Download https://deno.land/std@0.224.0/path/posix/to_namespaced_path.ts
Download https://deno.land/std@0.224.0/path/posix/common.ts
Download https://deno.land/std@0.224.0/path/posix/is_glob.ts
Download https://deno.land/std@0.224.0/path/posix/normalize_glob.ts
Download https://deno.land/std@0.224.0/path/_common/common.ts
Download https://deno.land/std@0.224.0/datetime/_date_time_formatter.ts
Download https://deno.land/std@0.224.0/path/_common/assert_path.ts
Download https://deno.land/std@0.224.0/path/windows/_util.ts
Download https://deno.land/std@0.224.0/path/_common/dirname.ts
Download https://deno.land/std@0.224.0/path/_common/strip_trailing_separators.ts
Download https://deno.land/std@0.224.0/path/posix/_util.ts
Download https://deno.land/std@0.224.0/path/_common/constants.ts
Download https://deno.land/std@0.224.0/path/_common/normalize_string.ts
Download https://deno.land/std@0.224.0/path/_common/glob_to_reg_exp.ts
Download https://deno.land/std@0.224.0/path/_common/basename.ts
Download https://deno.land/std@0.224.0/path/_common/normalize.ts
Download https://deno.land/std@0.224.0/yaml/_error.ts
Download https://deno.land/std@0.224.0/yaml/_mark.ts
Download https://deno.land/std@0.224.0/yaml/_utils.ts
Download https://deno.land/std@0.224.0/yaml/_loader/loader_state.ts
Download https://deno.land/std@0.224.0/yaml/_dumper/dumper_state.ts
Download https://deno.land/std@0.224.0/yaml/schema.ts
Download https://deno.land/std@0.224.0/yaml/_type/mod.ts
Download https://deno.land/std@0.224.0/path/_common/format.ts
Download https://deno.land/std@0.224.0/path/_common/from_file_url.ts
Download https://deno.land/std@0.224.0/path/_common/relative.ts
Download https://deno.land/std@0.224.0/path/_common/to_file_url.ts
Download https://deno.land/std@0.224.0/yaml/_state.ts
Download https://deno.land/std@0.224.0/yaml/_type/binary.ts
Download https://deno.land/std@0.224.0/yaml/_type/bool.ts
Download https://deno.land/std@0.224.0/yaml/_type/float.ts
Download https://deno.land/std@0.224.0/yaml/_type/function.ts
Download https://deno.land/std@0.224.0/yaml/_type/int.ts
Download https://deno.land/std@0.224.0/yaml/_type/map.ts
Download https://deno.land/std@0.224.0/yaml/_type/merge.ts
Download https://deno.land/std@0.224.0/yaml/_type/nil.ts
Download https://deno.land/std@0.224.0/yaml/_type/omap.ts
Download https://deno.land/std@0.224.0/yaml/_type/pairs.ts
Download https://deno.land/std@0.224.0/yaml/_type/regexp.ts
Download https://deno.land/std@0.224.0/yaml/_type/seq.ts
Download https://deno.land/std@0.224.0/yaml/_type/set.ts
Download https://deno.land/std@0.224.0/yaml/_type/str.ts
Download https://deno.land/std@0.224.0/yaml/_type/timestamp.ts
Download https://deno.land/std@0.224.0/yaml/_type/undefined.ts

[1/4] index.qmd
[2/4] posts/post-1.qmd
[3/4] posts/post-2.qmd
[4/4] posts/post-3.qmd

/home/runner/work/quarto-extensions/quarto-extensions/test-4/repo/_extensions/scheduled-docs/clean-scheduled-docs.ts

Output created: _site/index.html

