

processing file: template.qmd

1/3           

2/3 [fig-side]

3/3           

output file: template.knit.md


pandoc 

  to: latex
  output-file: template.tex
  standalone: true
  pdf-engine: lualatex
  variables:
    graphics: true
    tables: true
  default-image-extension: pdf
  toc: false
  number-sections: false
  

metadata

  block-headings: true
  engines:
    - path: /opt/quarto/share/extension-subtrees/julia-engine/_extensions/julia-engine/julia-engine.js
  title: Quarto Template for PNAS Submissions
  author:
    - name: Author One
      affiliations:
        - name: Harvard University
          id: a
          department: Department of Government
          city: Cambridge
          state: MA
          postal-code: 2138
        - name: Harvard University
          id: c
          department: Department of Statistics
          city: Cambridge
          state: MA
          postal-code: 2138
      attributes:
        equal-contributor: true
    - name: Author Two
      affiliations:
        - name: Yale University
          id: b
          department: Department of Political Science
          city: New Haven
          state: CT
          postal-code: 6511
      email: corresponding@email.com
      attributes:
        equal-contributor: true
        corresponding: true
    - name: Author Three
      affiliations:
        - ref: a
  abstract: |
    Please provide an abstract of no more than 250 words in a single paragraph. Abstracts should explain to the general reader the major contributions of the article. References in the abstract must be cited in full within the abstract itself and cited in the text.
  runningauthor: One, Two, and Three
  significance: |
    Authors must submit a 120-word maximum statement about the significance of their research paper written at a level understandable to an undergraduate educated scientist outside their field of speciality. The primary goal of the significance statement is to explain the relevance of the work in broad context to a broad readership. The significance statement appears in the paper itself and is required for all research papers.
  author_contributions: Please provide details of author contributions here.
  conflict_of_interest: Please declare any competing interests here.
  equal-contributor: A.O.(Author One) contributed equally to this work with A.T. (Author Two) (remove if not applicable).
  keywords:
    - template
    - demo
  acknowledgements: |
    Please include your acknowledgments here, set in a single paragraph. Please do not include any acknowledgments in the Supporting Information, or anywhere else in the manuscript.
  bibliography:
    - bibliography.bib
  fontsize: 9pt
  classoption:
    - twoside
    - twocolumn
  


Rendering PDF

running lualatex - 1

  This is LuaHBTeX, Version 1.24.0 (TeX Live 2026) 
   restricted system commands enabled.
  

updating tlmgr



updating existing packages

finding package for extarticle.cls

> 1 package to install

> installing extsizes (1 of 1)

(WARN) Error encountered when rendering files

(ERROR) tlmgr returned a non zero status code
You don't have permission to change the installation in any way,
specifically, the directory /opt/tinytex/tlpkg/ is not writable.
Please run this program as administrator, or contact your local admin.
tlmgr: An error has occurred. See above messages. Exiting.


Stack trace:
    at renderFiles (file:///opt/quarto/bin/quarto.js:136533:49)
    at eventLoopTick (ext:core/01_core.js:179:7)
    at async render (file:///opt/quarto/bin/quarto.js:142161:19)
    at async _Command.actionHandler (file:///opt/quarto/bin/quarto.js:142406:24)
    at async _Command.execute (file:///opt/quarto/bin/quarto.js:102029:7)
    at async _Command.parseCommand (file:///opt/quarto/bin/quarto.js:101906:14)
    at async quarto4 (file:///opt/quarto/bin/quarto.js:187554:5)
    at async file:///opt/quarto/bin/quarto.js:187582:5
    at async file:///opt/quarto/bin/quarto.js:187437:14
    at async mainRunner (file:///opt/quarto/bin/quarto.js:187439:5)
    at async file:///opt/quarto/bin/quarto.js:187575:3

