Cloning into 'repo'...
pandoc 
  to: html
  output-file: index.html
  standalone: true
  embed-resources: true
  section-divs: true
  html-math-method: mathjax
  wrap: none
  default-image-extension: png
  number-sections: true
  variables: {}
  
metadata
  document-css: false
  link-citations: true
  date-format: long
  lang: en
  engines:
    - path: /opt/quarto/share/extension-subtrees/julia-engine/_extensions/julia-engine/julia-engine.js
  title: Offset Headings
  subtitle: Quarto Extension
  author:
    - name: Mickaël CANOUIL, _Ph.D._
      orcid: 0000-0002-3396-4549
      url: https://mickael.canouil.fr
  
Output created: index.html

pandoc 
  to: typst
  output-file: example.typ
  standalone: true
  shift-heading-level-by: -1
  default-image-extension: svg
  wrap: none
  citeproc: false
  number-sections: true
  variables: {}
  
metadata
  section-numbering: 1.1.a
  engines:
    - path: /opt/quarto/share/extension-subtrees/julia-engine/_extensions/julia-engine/julia-engine.js
  title: Offset Headings
  subtitle: Quarto Extension
  author:
    - name: Mickaël CANOUIL, _Ph.D._
      orcid: 0000-0002-3396-4549
      url: https://mickael.canouil.fr
  papersize: a4
  margin:
    x: 2.5cm
    'y': 2.5cm
  
[typst]: Compiling example.typ to example.pdf...DONE

Output created: example-typst.pdf

