pandoc 

  to: revealjs
  output-file: demo-flat.html
  standalone: true
  wrap: none
  default-image-extension: png
  html-math-method:
    method: mathjax
    url: >-
      https://cdn.jsdelivr.net/npm/mathjax@2.7.9/MathJax.js?config=TeX-AMS_HTML-full
  slide-level: 2
  section-divs: false
  css:
    - css/style.css
  variables: {}
  

metadata

  link-citations: true
  width: 1050
  height: 700
  margin: 0.1
  center: true
  navigationMode: linear
  controlsLayout: bottom-right
  controlsTutorial: false
  hash: true
  history: true
  hashOneBasedIndex: false
  fragmentInURL: false
  transition: slide
  backgroundTransition: fade
  pdfSeparateFragments: false
  lang: en
  auto-stretch: true
  title: Simplemenu
  subtitle: For Reveal.js and Quarto, using `flat` option
  revealjs-plugins:
    - simplemenu
  title-slide-attributes:
    data-state: hide-menubar
  theme: dark
  controls: true
  chalkboard: false
  menu: false
  simplemenu:
    flat: true
    barhtml:
      header: <div class='menubar'><ul class='menu'></ul><div>
    scale: 0.67
  

[WARNING] 
Div at /tmp/quarto-session86e24c0d0c04d0f/227b66e11808f8f9/quarto-metadata5e5966541c3d9366.yml_chunk line 1 column 44 unclosed at /tmp/quarto-session86e24c0d0c04d0f/227b66e11808f8f9/quarto-metadata5e5966541c3d9366.yml_chunk
 line 1 column 49, closing implicitly.

[WARNING] Div at /tmp/quarto-session86e24c0d0c04d0
f/227b66e11808f8f9/quarto-metadata5e5966541c3d9366.yml_chunk l
ine 1 column 1 unclosed at /tmp/quarto-session86e24c0d0c04d0f/227b66e11808f8f9/quart
o-metadata5e5966541c3d9366.yml_chunk line 1 column 49, closing impl
icitly.

Output created: demo-flat.html


