

processing file: hikmah-testing-custom.qmd

1/5                  

2/5 [unnamed-chunk-1]

3/5                  

4/5 [fig-n-lights]   

5/5                  

output file: hikmah-testing-custom.knit.md




processing file: hikmah-testing-custom.qmd

1/5                  

2/5 [unnamed-chunk-1]

3/5                  

4/5 [fig-n-lights]   

5/5                  

output file: hikmah-testing-custom.knit.md




processing file: hikmah-testing-custom.qmd

1/5                  

2/5 [unnamed-chunk-1]

3/5                  

4/5 [fig-n-lights]   

5/5                  

output file: hikmah-testing-custom.knit.md




processing file: hikmah-testing-custom.qmd

1/5                  

2/5 [unnamed-chunk-1]

3/5                  

4/5 [fig-n-lights]   

5/5                  

output file: hikmah-testing-custom.knit.md


[typst]: Compiling hikmah-testing-custom.typ to hikmah-testing-custom.pdf...
warning: unknown font family: times new roman
    ┌─ hikmah-testing-custom.typ:436:17
    │
436 │   set text(font: 
font) if font != none
    │                  ^^^^

warning: unknown font family: times new roman
    ┌─ hikmah-testing-custom.typ:514:10
    │
514 │     font: if font != none { font } else { default-typst-font },
    │           ^^^^^^^^^^^^^^^^^^^^^^^^^^^^^^^^^^^^^^^^^^^^^^^^^^^^


DONE



Rendering PDF

running lualatex - 1

  This is LuaHBTeX, Version 1.24.0 (TeX Live 2026) 
   restricted system commands enabled.
  
  luaotfload | db : Reload initiated (formats: otf,ttf,ttc); reason: Font "Linux Libertine O" not found.

updating tlmgr



updating existing packages

finding package for Linux\s*Libertine\s*O(-(Bold|Italic|Regular).*)?[.](tfm|afm|mf|otf|ttf)

(ERROR) 
compilation failed- no matching packages

Package fontspec Error: 
(fontspec)                The font "Linux Libertine O" cannot be found; this
(fontspec)                may be but usually is not a fontspec bug. Either
(fontspec)                there is a typo in the font name/file, the font is
(fontspec)                not installed (correctly), or there is a bug in
(fontspec)                the underlying font loading engine
(fontspec)                (XeTeX/luaotfload).

For immediate help type H <return>.
 ...                                              
                                                  
l.29   \setmathfont
                 []{Libertinus Math}



see /home/runner/work/quarto-extensions/quarto-extensions/test-17/repo/hikmah-testing-custom.log for more information.

(WARN) Error encountered when rendering files

(ERROR) NotFound: No such file or directory (os error 2): rename '/home/runner/work/quarto-extensions/quarto-extensions/test-17/repo/hikmah-testing-custom.pdf' -> '/home/runner/work/quarto-extensions/quarto-extensions/test-17/repo/examples/hikmah-testing-custom.pdf'

Stack trace:
    at Object.renameSync (ext:deno_fs/30_fs.js:264:3)
    at safeMoveSync (file:///opt/quarto/bin/quarto.js:3222:10)
    at renderProject (file:///opt/quarto/bin/quarto.js:137199:9)
    at eventLoopTick (ext:core/01_core.js:179:7)
    at async _Command.actionHandler (file:///opt/quarto/bin/quarto.js:142470:24)
    at async _Command.execute (file:///opt/quarto/bin/quarto.js:102091:7)
    at async _Command.parseCommand (file:///opt/quarto/bin/quarto.js:101968:14)
    at async quarto4 (file:///opt/quarto/bin/quarto.js:187649:5)
    at async file:///opt/quarto/bin/quarto.js:187677:5
    at async file:///opt/quarto/bin/quarto.js:187532:14
    at async mainRunner (file:///opt/quarto/bin/quarto.js:187534:5)
    at async file:///opt/quarto/bin/quarto.js:187670:3

