

processing file: template-typstcv.qmd

1/12                  

2/12 [unnamed-chunk-1]

3/12                  

4/12 [unnamed-chunk-2]

5/12                  

6/12 [unnamed-chunk-3]

7/12                  

8/12 [unnamed-chunk-4]

9/12                  

10/12 [unnamed-chunk-5]

11/12                  

12/12 [unnamed-chunk-6]

output file: template-typstcv.knit.md


[typst]: Compiling template-typstcv.typ to template-typstcv.pdf...
error: unclosed label
    ┌─ template-typstcv.typ:716:52
    │
716 │ #resume-en
try(title: [Ph.D. in Physics],location: [Z<U+00FC>rich, Switzerland],date: [1905],description: [University of Z<U+00FC>rich],)
    │                                                     ^^

error: unclosed label
    ┌─ template-typstcv.typ:716:121
    │
716 │ #resume-entry(title: [Ph.D. in Physics],location: [Z<U+00FC>rich, Switzerland],date: [1905],description: [University of Z<U+00FC>rich],)
    │                                                                                                                          ^^

error: unclosed label
    ┌─ template-typstcv.typ:717:53
    │
717 │ #resume-entry(title: [Ma
ster of Science],location: [Z<U+00FC>rich, Switzerland],date: [1896 - 1900],description: [ETH],)
    │  
                                                    ^^

error: unclosed label
    ┌─ template-typstcv.typ:724:55

    │
724 │ #resume-entry(title: [Associate Professor],location: [Z<U+00FC>ri
ch, Switzerland],date: [1909 - 1911],description: [University of Z<U+00FC>ri
ch],)
    │                                                        ^^


error: unclosed label
    ┌─ template-typstcv.typ:724:131
    │
724 │ #resume-entry(title: [Associate Professor],location:
 [Z<U+00FC>rich, Switzerland],date: [1909 - 1911],description: [University of Z<U+00FC>rich
],)
    │                                                         
                                                               
            ^^


(ERROR) error: unclosed label
    ┌─ template-typstcv.typ:716:52
    │
716 │ #resume-entry(title: [Ph.D. in Physics],location: [Z<U+00FC>rich, Switzerland],date: [1905],description: [University of Z<U+00FC>rich],)
    │                                                     ^^

error: unclosed label
    ┌─ template-typstcv.typ:716:121
    │
716 │ #resume-entry(title: [Ph.D. in Physics],location: [Z<U+00FC>rich, Switzerland],date: [1905],description: [University of Z<U+00FC>rich],)
    │                                                                                                                          ^^

error: unclosed label
    ┌─ template-typstcv.typ:717:53
    │
717 │ #resume-entry(title: [Master of Science],location: [Z<U+00FC>rich, Switzerland],date: [1896 - 1900],description: [ETH],)
    │                                                      ^^

error: unclosed label
    ┌─ template-typstcv.typ:724:55
    │
724 │ #resume-entry(title: [Associate Professor],location: [Z<U+00FC>rich, Switzerland],date: [1909 - 1911],description: [University of Z<U+00FC>rich],)
    │                                                        ^^

error: unclosed label
    ┌─ template-typstcv.typ:724:131
    │
724 │ #resume-entry(title: [Associate Professor],location: [Z<U+00FC>rich, Switzerland],date: [1909 - 1911],description: [University of Z<U+00FC>rich],)
    │                                                                                                                                    ^^



(ERROR) Typst compilation failed

