Cloning into 'repo'...
pandoc 
  to: revealjs
  output-file: example-revealjs.html
  standalone: true
  wrap: none
  default-image-extension: png
  html-math-method:
    method: mathjax
    url: >-
      https://cdn.jsdelivr.net/npm/mathjax@2.7.9/MathJax.js?config=TeX-AMS_HTML-full
  slide-level: 2
  
metadata
  link-citations: true
  width: 1280
  height: 720
  margin: 0.1
  center: false
  navigationMode: linear
  controlsLayout: edges
  controlsTutorial: false
  hash: true
  history: true
  hashOneBasedIndex: false
  fragmentInURL: false
  transition: none
  backgroundTransition: none
  pdfSeparateFragments: false
  lang: en
  auto-stretch: true
  title: Sticky Notes — Reveal.js
  
Output created: example-revealjs.html

pandoc 
  to: html
  output-file: example.html
  standalone: true
  section-divs: true
  html-math-method: mathjax
  wrap: none
  default-image-extension: png
  
metadata
  document-css: false
  link-citations: true
  date-format: long
  lang: en
  title: Sticky Notes — Examples
  
(W) sticky-notes: unknown color 'taupe', falling back to yellow
Output created: example.html

pandoc 
  to: html
  output-file: index.html
  standalone: true
  section-divs: true
  html-math-method: mathjax
  wrap: none
  default-image-extension: png
  toc: false
  
metadata
  document-css: false
  link-citations: true
  date-format: long
  lang: en
  title: quarto-sticky-notes
  
Output created: index.html

