Cloning into 'repo'...
Installing package into '/home/runner/work/quarto-extensions/quarto-extensions/test-23/R/x86_64-pc-linux-gnu-library/4.5'
(as 'lib' is unspecified)
trying URL 'https://packagemanager.posit.co/cran/__linux__/jammy/latest/src/contrib/renv_1.1.8.tar.gz'
Content type 'binary/octet-stream' length 2336300 bytes (2.2 MB)
==================================================
downloaded 2.2 MB

* installing *binary* package 'renv' ...
* DONE (renv)

The downloaded source packages are in
	'/tmp/RtmpuvYUHj/downloaded_packages'
The R temporary directory appears to be within a folder mounted as 'noexec'.
Installation of R packages from sources may fail.
See the section **Note** within `?INSTALL` for more details.

tempdir(): /tmp/RtmpuvYUHj
[1/8] index.qmd
[2/8] qripper-faq.qmd
[3/8] qripper-release-notes.qmd
[4/8] qripper-output-dir.qmd


processing file: qripper-output-dir.qmd
1/5                 
2/5 [r-example]     
3/5                 
4/5 [python-example]
Error in loadNamespace(x) : there is no package called 'reticulate'
Calls: .main ... loadNamespace -> withRestarts -> withOneRestart -> doWithOneRestart
In addition: Warning message:
The 'python' engine in knitr requires the reticulate package. If you do not want to use the reticulate package, set the chunk option python.reticulate = FALSE. 

Quitting from qripper-output-dir.qmd:63-67 [python-example]
Execution halted
WARN: Error encountered when rendering files
Render failed, retrying once...
[1/8] index.qmd
[2/8] qripper-faq.qmd
[3/8] qripper-release-notes.qmd
[4/8] qripper-output-dir.qmd


processing file: qripper-output-dir.qmd
1/5                 
2/5 [r-example]     
3/5                 
4/5 [python-example]
Error in loadNamespace(x) : there is no package called 'reticulate'
Calls: .main ... loadNamespace -> withRestarts -> withOneRestart -> doWithOneRestart
In addition: Warning message:
The 'python' engine in knitr requires the reticulate package. If you do not want to use the reticulate package, set the chunk option python.reticulate = FALSE. 

Quitting from qripper-output-dir.qmd:63-67 [python-example]
Execution halted
WARN: Error encountered when rendering files
