Cloning into 'repo'...


processing file: minimal_example.qmd
1/3                  
2/3 [unnamed-chunk-1]
3/3                  
output file: minimal_example.knit.md

pandoc 
  to: latex
  output-file: minimal_example.tex
  standalone: true
  pdf-engine: lualatex
  variables:
    graphics: true
    tables: true
  default-image-extension: pdf
  
metadata
  documentclass: scrartcl
  classoption:
    - DIV=11
    - numbers=noendperiod
  papersize: letter
  header-includes:
    - \KOMAoption{captions}{tableheading}
  block-headings: true
  engines:
    - path: /opt/quarto/share/extension-subtrees/julia-engine/_extensions/julia-engine/julia-engine.js
  title: hide-comment example
  comment-directive: '#>'
  

Rendering PDF
running lualatex - 1
  This is LuaHBTeX, Version 1.24.0 (TeX Live 2026) 
   restricted system commands enabled.
  
updating tlmgr

updating existing packages
finding package for scrartcl.cls
> 1 package to install
> installing koma-script (1 of 1)
  This is LuaHBTeX, Version 1.24.0 (TeX Live 2026) 
   restricted system commands enabled.
  
  luaotfload | db : Font names database not found, generating new one.
  luaotfload | db : This can take several minutes; please be patient.
running lualatex - 2
  This is LuaHBTeX, Version 1.24.0 (TeX Live 2026) 
   restricted system commands enabled.
  

Output created: minimal_example.pdf



processing file: example.qmd
1/13                  
2/13 [unnamed-chunk-1]
3/13                  
4/13 [unnamed-chunk-2]
5/13                  
6/13 [unnamed-chunk-3]
Error in loadNamespace(x) : there is no package called 'JuliaCall'
Calls: .main ... loadNamespace -> withRestarts -> withOneRestart -> doWithOneRestart

Quitting from example.qmd:65-72 [unnamed-chunk-3]
Execution halted
WARN: Error encountered when rendering files
Render failed, retrying once...


processing file: example.qmd
1/13                  
2/13 [unnamed-chunk-1]
3/13                  
4/13 [unnamed-chunk-2]
5/13                  
6/13 [unnamed-chunk-3]
Error in loadNamespace(x) : there is no package called 'JuliaCall'
Calls: .main ... loadNamespace -> withRestarts -> withOneRestart -> doWithOneRestart

Quitting from example.qmd:65-72 [unnamed-chunk-3]
Execution halted
WARN: Error encountered when rendering files
