pandoc 

  to: revealjs
  output-file: example_simple.html
  standalone: true
  wrap: none
  default-image-extension: png
  html-math-method:
    method: mathjax
    url: >-
      https://cdn.jsdelivr.net/npm/mathjax@2.7.9/MathJax.js?config=TeX-AMS_HTML-full
  slide-level: 2
  variables: {}
  

metadata

  link-citations: true
  width: 1050
  height: 700
  margin: 0.1
  center: false
  navigationMode: linear
  controlsLayout: edges
  controlsTutorial: false
  hash: true
  history: true
  hashOneBasedIndex: false
  fragmentInURL: false
  transition: none
  backgroundTransition: none
  pdfSeparateFragments: false
  lang: en
  auto-stretch: true
  engines:
    - path: /opt/quarto/share/extension-subtrees/julia-engine/_extensions/julia-engine/julia-engine.js
  title: ProgresSVG
  subtitle: An extension for Quarto@revealjs
  author: Rodrigo J. Gonçalves
  theme: default
  

FATAL (/opt/quarto/share/filters/main.lua:3760) An error occurred:
Could not run /home/runner/work/quarto-extensions/quarto-extensions/test-13/repo/assets/progressvg as a JSON filter.
Please make sure the file exists and is executable.

Did you intend 'progressvg' as a Lua filter in an extension?
If so, make sure you've spelled the name of the extension correctly.

The original Pandoc error follows below.
Error running filter /home/runner/work/quarto-extensions/quarto-extensions/test-13/repo/assets/progressvg:
Could not find executable /home/runner/work/quarto-extensions/quarto-extensions/test-13/repo/assets/progressvg

Error run
ning filter /opt/quarto/share/filters/main.lua:
/opt/quarto/share/filters/main.lua:588: FATAL QUARTO E
RROR
stack traceback:
	/opt/quarto/share/fi
lters/main.lua:2622: in function 'fata
l'
	/opt/quarto/share/filters/main.lua:2202
: in function 'fail'
	/opt/quarto/share/filters/main.l
ua:3760: in field 'Pandoc'
	/opt/quarto/sh
are/filters/main.lua:588: in functi
on 'run_emulated_filter'
	/opt/quarto/share/filters/main.lua:1317: 
in local 'callback'
	/opt/quarto/share/filters/main.lua:1335
: in upvalue 'run_emulated_fil
ter_chain'
	/opt/quarto/s
hare/filters/main.lua:
1371: in function </opt/quarto/share/filters/main.lua:1368>

(WARN) Error encountered when rendering files

