
Starting python3 kernel...
[IPKernelApp] WARNING | Kernel is running over TCP without encryption. All communication (including code and outputs) is sent in plain text and is susceptible to eavesdropping. Use IPC transport or launch with kernel manager-provisioned CurveZMQ keys to enable transport encryption.

Done


Executing 'README.quarto_ipynb'



pandoc 

  to: html
  output-file: README.html
  standalone: true
  section-divs: true
  html-math-method: mathjax
  wrap: none
  default-image-extension: png
  toc: true
  

metadata

  document-css: false
  link-citations: true
  date-format: long
  lang: en
  title: base64 shortcode for Quarto
  subtitle: A Quarto shortcode to easily base64 encode images and other files
  toc-level: 2
  toc-location: right
  toc-title: base64
  code-links:
    - text: gadenbuie/quarto-base64
      href: https://github.com/gadenbuie/quarto-base64
      icon: github
    - text: Question or Issue?
      href: https://github.com/gadenbuie/quarto-base64/issues/new
      icon: question-circle-fill
  

Output created: README.html


