Cloning into 'repo'...
Installing package into '/home/runner/work/quarto-extensions/quarto-extensions/test-9/R/x86_64-pc-linux-gnu-library/4.6'
(as 'lib' is unspecified)
trying URL 'https://packagemanager.posit.co/cran/latest/src/contrib/renv_1.2.3.tar.gz'
Content type 'binary/octet-stream' length 1375285 bytes (1.3 MB)
==================================================
downloaded 1.3 MB

* installing *source* package 'renv' ...
** this is package 'renv' version '1.2.3'
** package 'renv' successfully unpacked and MD5 sums checked
** using staged installation
** R
** inst
** byte-compile and prepare package for lazy loading
** help
*** installing help indices
*** copying figures
** building package indices
** installing vignettes
** testing if installed package can be loaded from temporary location
** checking absolute paths in shared objects and dynamic libraries
** testing if installed package can be loaded from final location
** testing if installed package keeps a record of temporary installation path
* DONE (renv)

The downloaded source packages are in
	'/tmp/RtmpLWoyWs/downloaded_packages'
pandoc 
  to: html
  output-file: index.html
  standalone: true
  section-divs: true
  html-math-method: mathjax
  wrap: none
  default-image-extension: png
  toc: true
  toc-depth: 3
  variables:
    quarto:
      language:
        toc-title-document: Table of contents
        toc-title-website: On this page
        related-formats-title: Other Formats
        related-notebooks-title: Notebooks
        source-notebooks-prefix: Source
        other-links-title: Other Links
        code-links-title: Code Links
        launch-dev-container-title: Launch Dev Container
        launch-binder-title: Launch Binder
        article-notebook-label: Article Notebook
        notebook-preview-download: Download Notebook
        notebook-preview-download-src: Download Source
        notebook-preview-back: Back to Article
        manuscript-meca-bundle: MECA Bundle
        section-title-abstract: Abstract
        section-title-appendices: Appendices
        section-title-footnotes: Footnotes
        section-title-references: References
        section-title-reuse: Reuse
        section-title-copyright: Copyright
        section-title-citation: Citation
        appendix-attribution-cite-as: 'For attribution, please cite this work as:'
        appendix-attribution-bibtex: 'BibTeX citation:'
        appendix-view-license: View License
        title-block-author-single: Author
        title-block-author-plural: Authors
        title-block-affiliation-single: Affiliation
        title-block-affiliation-plural: Affiliations
        title-block-published: Published
        title-block-modified: Modified
        title-block-keywords: Keywords
        callout-tip-title: Tip
        callout-note-title: Note
        callout-warning-title: Warning
        callout-important-title: Important
        callout-caution-title: Caution
        code-summary: Code
        code-tools-menu-caption: Code
        code-tools-show-all-code: Show All Code
        code-tools-hide-all-code: Hide All Code
        code-tools-view-source: View Source
        code-tools-source-code: Source Code
        tools-share: Share
        tools-download: Download
        code-line: Line
        code-lines: Lines
        copy-button-tooltip: Copy to Clipboard
        copy-button-tooltip-success: Copied!
        repo-action-links-edit: Edit this page
        repo-action-links-source: View source
        repo-action-links-issue: Report an issue
        back-to-top: Back to top
        search-no-results-text: No results
        search-matching-documents-text: matching documents
        search-copy-link-title: Copy link to search
        search-hide-matches-text: Hide additional matches
        search-more-match-text: more match in this document
        search-more-matches-text: more matches in this document
        search-clear-button-title: Clear
        search-text-placeholder: ''
        search-detached-cancel-button-title: Cancel
        search-submit-button-title: Submit
        search-label: Search
        toggle-section: Toggle section
        toggle-sidebar: Toggle sidebar navigation
        toggle-dark-mode: Toggle dark mode
        toggle-reader-mode: Toggle reader mode
        toggle-navigation: Toggle navigation
        crossref-fig-title: Figure
        crossref-tbl-title: Table
        crossref-lst-title: Listing
        crossref-thm-title: Theorem
        crossref-lem-title: Lemma
        crossref-cor-title: Corollary
        crossref-prp-title: Proposition
        crossref-cnj-title: Conjecture
        crossref-def-title: Definition
        crossref-exm-title: Example
        crossref-exr-title: Exercise
        crossref-ch-prefix: Chapter
        crossref-apx-prefix: Appendix
        crossref-sec-prefix: Section
        crossref-eq-prefix: Equation
        crossref-lof-title: List of Figures
        crossref-lot-title: List of Tables
        crossref-lol-title: List of Listings
        environment-proof-title: Proof
        environment-remark-title: Remark
        environment-solution-title: Solution
        listing-page-order-by: Order By
        listing-page-order-by-default: Default
        listing-page-order-by-date-asc: Oldest
        listing-page-order-by-date-desc: Newest
        listing-page-order-by-number-desc: High to Low
        listing-page-order-by-number-asc: Low to High
        listing-page-field-date: Date
        listing-page-field-title: Title
        listing-page-field-description: Description
        listing-page-field-author: Author
        listing-page-field-filename: File Name
        listing-page-field-filemodified: Modified
        listing-page-field-subtitle: Subtitle
        listing-page-field-readingtime: Reading Time
        listing-page-field-wordcount: Word Count
        listing-page-field-categories: Categories
        listing-page-minutes-compact: '{0} min'
        listing-page-category-all: All
        listing-page-no-matches: No matching items
        listing-page-words: '{0} words'
        listing-page-filter: Filter
        draft: Draft
  
metadata
  document-css: false
  link-citations: true
  lang: en-GB
  author:
    - name:
        given: Mickaël
        family: CANOUIL
      degrees: Ph.D.
      email: pro@mickael.canouil.dev
      orcid: 0000-0002-3396-4549
      url: https://mickael.canouil.fr
      attributes:
        corresponding: true
      affiliations:
        - name: Independent Contractor
          city: Lille
          country: France
    - name:
        given: Jane
        family: Doe
      orcid: 0000-0001-2345-6789
      affiliations:
        - name: Example University
          department: Department of Statistics
          city: London
          country: United Kingdom
  copyright: © 2026 Mickaël CANOUIL
  license: CC BY-NC-SA
  code-copy: true
  date: today
  date-format: dddd[, the] Do [of] MMMM, YYYY
  mermaid:
    theme: dark
  extensions:
    mcanouil:
      grid-background: true
  respect-user-color-scheme: true
  theme:
    light:
      - cosmo
      - brand
      - _extensions/mcanouil/html/theme.scss
    dark:
      - cosmo
      - brand
      - _extensions/mcanouil/html/theme.scss
  grid:
    sidebar-width: 300px
    body-width: 900px
    margin-width: 300px
  anchor-sections: true
  email-obfuscate: javascript
  title: Mickaël CANOUIL Template
  subtitle: Complete Guide
  date-modified: today
  abstract: |
    This document showcases all features of the Mickaël CANOUIL template for Quarto, spanning HTML, Typst (PDF), and Reveal.js (presentations) formats.
    It demonstrates template-specific components including value boxes, info panels, status badges, dividers, progress bars, cards, card grids, executive summaries, and highlighted blocks.
    Additionally, it covers standard Quarto features such as figures, tables, mathematical notation, callouts, code blocks, code annotations, mermaid diagrams, and cross-references.
    Use this document as both a learning resource and a quick reference guide for all available template capabilities.
  keywords:
    - Quarto
    - Typst
    - Template
    - Documentation
    - Tutorial
  crossref:
    custom:
      - kind: float
        reference-prefix: Text
        key: txt
  references:
    - id: example_2024
      author:
        - family: Example
          given: Jane
        - family: Author
          given: John
      container-title: Journal of Examples
      doi: 10.1234/example.2024
      issued: 2024
      title: An Example Article for Demonstrating Citations
      type: article-journal
  style: professional
  other-links:
    - text: HTML (Academic Style)
      href: example-academic.html
      target: _blank
      rel: noopener noreferrer
  
Output created: index.html

pandoc 
  to: html
  output-file: example-academic.html
  standalone: true
  embed-resources: true
  section-divs: true
  html-math-method: mathjax
  wrap: none
  default-image-extension: png
  toc: true
  toc-depth: 3
  variables:
    quarto:
      language:
        toc-title-document: Table of contents
        toc-title-website: On this page
        related-formats-title: Other Formats
        related-notebooks-title: Notebooks
        source-notebooks-prefix: Source
        other-links-title: Other Links
        code-links-title: Code Links
        launch-dev-container-title: Launch Dev Container
        launch-binder-title: Launch Binder
        article-notebook-label: Article Notebook
        notebook-preview-download: Download Notebook
        notebook-preview-download-src: Download Source
        notebook-preview-back: Back to Article
        manuscript-meca-bundle: MECA Bundle
        section-title-abstract: Abstract
        section-title-appendices: Appendices
        section-title-footnotes: Footnotes
        section-title-references: References
        section-title-reuse: Reuse
        section-title-copyright: Copyright
        section-title-citation: Citation
        appendix-attribution-cite-as: 'For attribution, please cite this work as:'
        appendix-attribution-bibtex: 'BibTeX citation:'
        appendix-view-license: View License
        title-block-author-single: Author
        title-block-author-plural: Authors
        title-block-affiliation-single: Affiliation
        title-block-affiliation-plural: Affiliations
        title-block-published: Published
        title-block-modified: Modified
        title-block-keywords: Keywords
        callout-tip-title: Tip
        callout-note-title: Note
        callout-warning-title: Warning
        callout-important-title: Important
        callout-caution-title: Caution
        code-summary: Code
        code-tools-menu-caption: Code
        code-tools-show-all-code: Show All Code
        code-tools-hide-all-code: Hide All Code
        code-tools-view-source: View Source
        code-tools-source-code: Source Code
        tools-share: Share
        tools-download: Download
        code-line: Line
        code-lines: Lines
        copy-button-tooltip: Copy to Clipboard
        copy-button-tooltip-success: Copied!
        repo-action-links-edit: Edit this page
        repo-action-links-source: View source
        repo-action-links-issue: Report an issue
        back-to-top: Back to top
        search-no-results-text: No results
        search-matching-documents-text: matching documents
        search-copy-link-title: Copy link to search
        search-hide-matches-text: Hide additional matches
        search-more-match-text: more match in this document
        search-more-matches-text: more matches in this document
        search-clear-button-title: Clear
        search-text-placeholder: ''
        search-detached-cancel-button-title: Cancel
        search-submit-button-title: Submit
        search-label: Search
        toggle-section: Toggle section
        toggle-sidebar: Toggle sidebar navigation
        toggle-dark-mode: Toggle dark mode
        toggle-reader-mode: Toggle reader mode
        toggle-navigation: Toggle navigation
        crossref-fig-title: Figure
        crossref-tbl-title: Table
        crossref-lst-title: Listing
        crossref-thm-title: Theorem
        crossref-lem-title: Lemma
        crossref-cor-title: Corollary
        crossref-prp-title: Proposition
        crossref-cnj-title: Conjecture
        crossref-def-title: Definition
        crossref-exm-title: Example
        crossref-exr-title: Exercise
        crossref-ch-prefix: Chapter
        crossref-apx-prefix: Appendix
        crossref-sec-prefix: Section
        crossref-eq-prefix: Equation
        crossref-lof-title: List of Figures
        crossref-lot-title: List of Tables
        crossref-lol-title: List of Listings
        environment-proof-title: Proof
        environment-remark-title: Remark
        environment-solution-title: Solution
        listing-page-order-by: Order By
        listing-page-order-by-default: Default
        listing-page-order-by-date-asc: Oldest
        listing-page-order-by-date-desc: Newest
        listing-page-order-by-number-desc: High to Low
        listing-page-order-by-number-asc: Low to High
        listing-page-field-date: Date
        listing-page-field-title: Title
        listing-page-field-description: Description
        listing-page-field-author: Author
        listing-page-field-filename: File Name
        listing-page-field-filemodified: Modified
        listing-page-field-subtitle: Subtitle
        listing-page-field-readingtime: Reading Time
        listing-page-field-wordcount: Word Count
        listing-page-field-categories: Categories
        listing-page-minutes-compact: '{0} min'
        listing-page-category-all: All
        listing-page-no-matches: No matching items
        listing-page-words: '{0} words'
        listing-page-filter: Filter
        draft: Draft
  
metadata
  document-css: false
  link-citations: true
  lang: en-GB
  author:
    - name:
        given: Mickaël
        family: CANOUIL
      degrees: Ph.D.
      email: pro@mickael.canouil.dev
      orcid: 0000-0002-3396-4549
      url: https://mickael.canouil.fr
      attributes:
        corresponding: true
      affiliations:
        - name: Independent Contractor
          city: Lille
          country: France
    - name:
        given: Jane
        family: Doe
      orcid: 0000-0001-2345-6789
      affiliations:
        - name: Example University
          department: Department of Statistics
          city: London
          country: United Kingdom
  copyright: © 2026 Mickaël CANOUIL
  license: CC BY-NC-SA
  code-copy: true
  date: today
  date-format: dddd[, the] Do [of] MMMM, YYYY
  mermaid:
    theme: dark
  extensions:
    mcanouil:
      grid-background: true
  respect-user-color-scheme: true
  theme:
    light:
      - cosmo
      - brand
      - _extensions/mcanouil/html/theme.scss
    dark:
      - cosmo
      - brand
      - _extensions/mcanouil/html/theme.scss
  grid:
    sidebar-width: 300px
    body-width: 900px
    margin-width: 300px
  anchor-sections: true
  email-obfuscate: javascript
  title: Mickaël CANOUIL Template
  subtitle: Complete Guide
  date-modified: today
  abstract: |
    This document showcases all features of the Mickaël CANOUIL template for Quarto, spanning HTML, Typst (PDF), and Reveal.js (presentations) formats.
    It demonstrates template-specific components including value boxes, info panels, status badges, dividers, progress bars, cards, card grids, executive summaries, and highlighted blocks.
    Additionally, it covers standard Quarto features such as figures, tables, mathematical notation, callouts, code blocks, code annotations, mermaid diagrams, and cross-references.
    Use this document as both a learning resource and a quick reference guide for all available template capabilities.
  keywords:
    - Quarto
    - Typst
    - Template
    - Documentation
    - Tutorial
  crossref:
    custom:
      - kind: float
        reference-prefix: Text
        key: txt
  references:
    - id: example_2024
      author:
        - family: Example
          given: Jane
        - family: Author
          given: John
      container-title: Journal of Examples
      doi: 10.1234/example.2024
      issued: 2024
      title: An Example Article for Demonstrating Citations
      type: article-journal
  style: academic
  other-links:
    - text: HTML (Academic Style)
      href: example-academic.html
      target: _blank
      rel: noopener noreferrer
  
Output created: example-academic.html

pandoc 
  to: revealjs
  output-file: example-revealjs-dark.html
  template: _extensions/mcanouil/revealjs/template.html
  standalone: true
  embed-resources: true
  wrap: none
  default-image-extension: png
  html-math-method:
    method: mathjax
    url: >-
      https://cdn.jsdelivr.net/npm/mathjax@2.7.9/MathJax.js?config=TeX-AMS_HTML-full
  slide-level: 2
  variables:
    quarto:
      language:
        toc-title-document: Table of contents
        toc-title-website: On this page
        related-formats-title: Other Formats
        related-notebooks-title: Notebooks
        source-notebooks-prefix: Source
        other-links-title: Other Links
        code-links-title: Code Links
        launch-dev-container-title: Launch Dev Container
        launch-binder-title: Launch Binder
        article-notebook-label: Article Notebook
        notebook-preview-download: Download Notebook
        notebook-preview-download-src: Download Source
        notebook-preview-back: Back to Article
        manuscript-meca-bundle: MECA Bundle
        section-title-abstract: Abstract
        section-title-appendices: Appendices
        section-title-footnotes: Footnotes
        section-title-references: References
        section-title-reuse: Reuse
        section-title-copyright: Copyright
        section-title-citation: Citation
        appendix-attribution-cite-as: 'For attribution, please cite this work as:'
        appendix-attribution-bibtex: 'BibTeX citation:'
        appendix-view-license: View License
        title-block-author-single: Author
        title-block-author-plural: Authors
        title-block-affiliation-single: Affiliation
        title-block-affiliation-plural: Affiliations
        title-block-published: Published
        title-block-modified: Modified
        title-block-keywords: Keywords
        callout-tip-title: Tip
        callout-note-title: Note
        callout-warning-title: Warning
        callout-important-title: Important
        callout-caution-title: Caution
        code-summary: Code
        code-tools-menu-caption: Code
        code-tools-show-all-code: Show All Code
        code-tools-hide-all-code: Hide All Code
        code-tools-view-source: View Source
        code-tools-source-code: Source Code
        tools-share: Share
        tools-download: Download
        code-line: Line
        code-lines: Lines
        copy-button-tooltip: Copy to Clipboard
        copy-button-tooltip-success: Copied!
        repo-action-links-edit: Edit this page
        repo-action-links-source: View source
        repo-action-links-issue: Report an issue
        back-to-top: Back to top
        search-no-results-text: No results
        search-matching-documents-text: matching documents
        search-copy-link-title: Copy link to search
        search-hide-matches-text: Hide additional matches
        search-more-match-text: more match in this document
        search-more-matches-text: more matches in this document
        search-clear-button-title: Clear
        search-text-placeholder: ''
        search-detached-cancel-button-title: Cancel
        search-submit-button-title: Submit
        search-label: Search
        toggle-section: Toggle section
        toggle-sidebar: Toggle sidebar navigation
        toggle-dark-mode: Toggle dark mode
        toggle-reader-mode: Toggle reader mode
        toggle-navigation: Toggle navigation
        crossref-fig-title: Figure
        crossref-tbl-title: Table
        crossref-lst-title: Listing
        crossref-thm-title: Theorem
        crossref-lem-title: Lemma
        crossref-cor-title: Corollary
        crossref-prp-title: Proposition
        crossref-cnj-title: Conjecture
        crossref-def-title: Definition
        crossref-exm-title: Example
        crossref-exr-title: Exercise
        crossref-ch-prefix: Chapter
        crossref-apx-prefix: Appendix
        crossref-sec-prefix: Section
        crossref-eq-prefix: Equation
        crossref-lof-title: List of Figures
        crossref-lot-title: List of Tables
        crossref-lol-title: List of Listings
        environment-proof-title: Proof
        environment-remark-title: Remark
        environment-solution-title: Solution
        listing-page-order-by: Order By
        listing-page-order-by-default: Default
        listing-page-order-by-date-asc: Oldest
        listing-page-order-by-date-desc: Newest
        listing-page-order-by-number-desc: High to Low
        listing-page-order-by-number-asc: Low to High
        listing-page-field-date: Date
        listing-page-field-title: Title
        listing-page-field-description: Description
        listing-page-field-author: Author
        listing-page-field-filename: File Name
        listing-page-field-filemodified: Modified
        listing-page-field-subtitle: Subtitle
        listing-page-field-readingtime: Reading Time
        listing-page-field-wordcount: Word Count
        listing-page-field-categories: Categories
        listing-page-minutes-compact: '{0} min'
        listing-page-category-all: All
        listing-page-no-matches: No matching items
        listing-page-words: '{0} words'
        listing-page-filter: Filter
        draft: Draft
  
metadata
  link-citations: true
  width: 1050
  height: 700
  margin: 0.1
  center: false
  navigationMode: linear
  controlsLayout: edges
  controlsTutorial: false
  hash: true
  history: true
  hashOneBasedIndex: false
  fragmentInURL: false
  transition: slide
  backgroundTransition: none
  pdfSeparateFragments: false
  lang: en-GB
  auto-stretch: true
  author:
    - name:
        given: Mickaël
        family: CANOUIL
      degrees: Ph.D.
      email: pro@mickael.canouil.dev
      orcid: 0000-0002-3396-4549
      url: https://mickael.canouil.fr
      attributes:
        corresponding: true
      affiliations:
        - name: Independent Contractor
          city: Lille
          country: France
    - name:
        given: Jane
        family: Doe
      orcid: 0000-0001-2345-6789
      affiliations:
        - name: Example University
          department: Department of Statistics
          city: London
          country: United Kingdom
  copyright: © 2026 Mickaël CANOUIL
  license: CC BY-NC-SA
  code-copy: true
  date: today
  date-format: dddd[, the] Do [of] MMMM, YYYY
  mermaid:
    theme: dark
  extensions:
    mcanouil:
      grid-background: true
      section-outline: true
      date-superscript: true
      hide-title-slide-chrome: true
      favicon-from-logo: true
      code-annotation-fragments: true
      debug-borders: false
  brand-mode: dark
  logo:
    light: light
    dark: dark
  theme:
    - default
    - _extensions/mcanouil/revealjs/theme.scss
    - brand
  revealjs-plugins:
    - /home/runner/work/quarto-extensions/quarto-extensions/test-9/repo/_extensions/mcanouil/revealjs-plugin/mcanouil
    - /home/runner/work/quarto-extensions/quarto-extensions/test-9/repo/_extensions/mcanouil/revealjs-plugin/tabset
    - /home/runner/work/quarto-extensions/quarto-extensions/test-9/repo/_extensions/mcanouil/revealjs-plugin/line-fragment-indices
    - /home/runner/work/quarto-extensions/quarto-extensions/test-9/repo/_extensions/mcanouil/revealjs-plugin/code-annotation-fragments
  slideNumber: c
  code-annotations: select
  footer: |
    <a href="https://mickael.canouil.fr/" target="_blank" rel="noopener noreferrer">mickael.canouil.fr</a>
    |
    <a href="https://creativecommons.org/licenses/by-nc-sa/4.0/" target="_blank" rel="noopener noreferrer">License: CC BY-NC-SA 4.0</a>
  closing-slide:
    photo: https://github.com/mcanouil.png
    social:
      website: https://mickael.canouil.fr
      github: mcanouil
      linkedin: MickaelCanouil
      bluesky: mickael.canouil.fr
      mastodon: https://fosstodon.org/%40MickaelCanouil
  title: Mickaël CANOUIL Template
  subtitle: Complete Guide
  date-modified: today
  abstract: |
    This document showcases all features of the Mickaël CANOUIL template for Quarto, spanning HTML, Typst (PDF), and Reveal.js (presentations) formats.
    It demonstrates template-specific components including value boxes, info panels, status badges, dividers, progress bars, cards, card grids, executive summaries, and highlighted blocks.
    Additionally, it covers standard Quarto features such as figures, tables, mathematical notation, callouts, code blocks, code annotations, mermaid diagrams, and cross-references.
    Use this document as both a learning resource and a quick reference guide for all available template capabilities.
  keywords:
    - Quarto
    - Typst
    - Template
    - Documentation
    - Tutorial
  crossref:
    custom:
      - kind: float
        reference-prefix: Text
        key: txt
  references:
    - id: example_2024
      author:
        - family: Example
          given: Jane
        - family: Author
          given: John
      container-title: Journal of Examples
      doi: 10.1234/example.2024
      issued: 2024
      title: An Example Article for Demonstrating Citations
      type: article-journal
  style: professional
  other-links:
    - text: HTML (Academic Style)
      href: example-academic.html
      target: _blank
      rel: noopener noreferrer
  scrollable: true
  smaller: true
  
Output created: example-revealjs-dark.html

pandoc 
  to: revealjs
  output-file: example-revealjs-light.html
  template: _extensions/mcanouil/revealjs/template.html
  standalone: true
  embed-resources: true
  wrap: none
  default-image-extension: png
  html-math-method:
    method: mathjax
    url: >-
      https://cdn.jsdelivr.net/npm/mathjax@2.7.9/MathJax.js?config=TeX-AMS_HTML-full
  slide-level: 2
  variables:
    quarto:
      language:
        toc-title-document: Table of contents
        toc-title-website: On this page
        related-formats-title: Other Formats
        related-notebooks-title: Notebooks
        source-notebooks-prefix: Source
        other-links-title: Other Links
        code-links-title: Code Links
        launch-dev-container-title: Launch Dev Container
        launch-binder-title: Launch Binder
        article-notebook-label: Article Notebook
        notebook-preview-download: Download Notebook
        notebook-preview-download-src: Download Source
        notebook-preview-back: Back to Article
        manuscript-meca-bundle: MECA Bundle
        section-title-abstract: Abstract
        section-title-appendices: Appendices
        section-title-footnotes: Footnotes
        section-title-references: References
        section-title-reuse: Reuse
        section-title-copyright: Copyright
        section-title-citation: Citation
        appendix-attribution-cite-as: 'For attribution, please cite this work as:'
        appendix-attribution-bibtex: 'BibTeX citation:'
        appendix-view-license: View License
        title-block-author-single: Author
        title-block-author-plural: Authors
        title-block-affiliation-single: Affiliation
        title-block-affiliation-plural: Affiliations
        title-block-published: Published
        title-block-modified: Modified
        title-block-keywords: Keywords
        callout-tip-title: Tip
        callout-note-title: Note
        callout-warning-title: Warning
        callout-important-title: Important
        callout-caution-title: Caution
        code-summary: Code
        code-tools-menu-caption: Code
        code-tools-show-all-code: Show All Code
        code-tools-hide-all-code: Hide All Code
        code-tools-view-source: View Source
        code-tools-source-code: Source Code
        tools-share: Share
        tools-download: Download
        code-line: Line
        code-lines: Lines
        copy-button-tooltip: Copy to Clipboard
        copy-button-tooltip-success: Copied!
        repo-action-links-edit: Edit this page
        repo-action-links-source: View source
        repo-action-links-issue: Report an issue
        back-to-top: Back to top
        search-no-results-text: No results
        search-matching-documents-text: matching documents
        search-copy-link-title: Copy link to search
        search-hide-matches-text: Hide additional matches
        search-more-match-text: more match in this document
        search-more-matches-text: more matches in this document
        search-clear-button-title: Clear
        search-text-placeholder: ''
        search-detached-cancel-button-title: Cancel
        search-submit-button-title: Submit
        search-label: Search
        toggle-section: Toggle section
        toggle-sidebar: Toggle sidebar navigation
        toggle-dark-mode: Toggle dark mode
        toggle-reader-mode: Toggle reader mode
        toggle-navigation: Toggle navigation
        crossref-fig-title: Figure
        crossref-tbl-title: Table
        crossref-lst-title: Listing
        crossref-thm-title: Theorem
        crossref-lem-title: Lemma
        crossref-cor-title: Corollary
        crossref-prp-title: Proposition
        crossref-cnj-title: Conjecture
        crossref-def-title: Definition
        crossref-exm-title: Example
        crossref-exr-title: Exercise
        crossref-ch-prefix: Chapter
        crossref-apx-prefix: Appendix
        crossref-sec-prefix: Section
        crossref-eq-prefix: Equation
        crossref-lof-title: List of Figures
        crossref-lot-title: List of Tables
        crossref-lol-title: List of Listings
        environment-proof-title: Proof
        environment-remark-title: Remark
        environment-solution-title: Solution
        listing-page-order-by: Order By
        listing-page-order-by-default: Default
        listing-page-order-by-date-asc: Oldest
        listing-page-order-by-date-desc: Newest
        listing-page-order-by-number-desc: High to Low
        listing-page-order-by-number-asc: Low to High
        listing-page-field-date: Date
        listing-page-field-title: Title
        listing-page-field-description: Description
        listing-page-field-author: Author
        listing-page-field-filename: File Name
        listing-page-field-filemodified: Modified
        listing-page-field-subtitle: Subtitle
        listing-page-field-readingtime: Reading Time
        listing-page-field-wordcount: Word Count
        listing-page-field-categories: Categories
        listing-page-minutes-compact: '{0} min'
        listing-page-category-all: All
        listing-page-no-matches: No matching items
        listing-page-words: '{0} words'
        listing-page-filter: Filter
        draft: Draft
  
metadata
  link-citations: true
  width: 1050
  height: 700
  margin: 0.1
  center: false
  navigationMode: linear
  controlsLayout: edges
  controlsTutorial: false
  hash: true
  history: true
  hashOneBasedIndex: false
  fragmentInURL: false
  transition: slide
  backgroundTransition: none
  pdfSeparateFragments: false
  lang: en-GB
  auto-stretch: true
  author:
    - name:
        given: Mickaël
        family: CANOUIL
      degrees: Ph.D.
      email: pro@mickael.canouil.dev
      orcid: 0000-0002-3396-4549
      url: https://mickael.canouil.fr
      attributes:
        corresponding: true
      affiliations:
        - name: Independent Contractor
          city: Lille
          country: France
    - name:
        given: Jane
        family: Doe
      orcid: 0000-0001-2345-6789
      affiliations:
        - name: Example University
          department: Department of Statistics
          city: London
          country: United Kingdom
  copyright: © 2026 Mickaël CANOUIL
  license: CC BY-NC-SA
  code-copy: true
  date: today
  date-format: dddd[, the] Do [of] MMMM, YYYY
  mermaid:
    theme: dark
  extensions:
    mcanouil:
      grid-background: true
      section-outline: true
      date-superscript: true
      hide-title-slide-chrome: true
      favicon-from-logo: true
      code-annotation-fragments: true
      debug-borders: false
  brand-mode: light
  logo:
    light: light
    dark: dark
  theme:
    - default
    - _extensions/mcanouil/revealjs/theme.scss
    - brand
  revealjs-plugins:
    - /home/runner/work/quarto-extensions/quarto-extensions/test-9/repo/_extensions/mcanouil/revealjs-plugin/mcanouil
    - /home/runner/work/quarto-extensions/quarto-extensions/test-9/repo/_extensions/mcanouil/revealjs-plugin/tabset
    - /home/runner/work/quarto-extensions/quarto-extensions/test-9/repo/_extensions/mcanouil/revealjs-plugin/line-fragment-indices
    - /home/runner/work/quarto-extensions/quarto-extensions/test-9/repo/_extensions/mcanouil/revealjs-plugin/code-annotation-fragments
  slideNumber: c
  code-annotations: select
  footer: |
    <a href="https://mickael.canouil.fr/" target="_blank" rel="noopener noreferrer">mickael.canouil.fr</a>
    |
    <a href="https://creativecommons.org/licenses/by-nc-sa/4.0/" target="_blank" rel="noopener noreferrer">License: CC BY-NC-SA 4.0</a>
  closing-slide:
    photo: https://github.com/mcanouil.png
    social:
      website: https://mickael.canouil.fr
      github: mcanouil
      linkedin: MickaelCanouil
      bluesky: mickael.canouil.fr
      mastodon: https://fosstodon.org/%40MickaelCanouil
  title: Mickaël CANOUIL Template
  subtitle: Complete Guide
  date-modified: today
  abstract: |
    This document showcases all features of the Mickaël CANOUIL template for Quarto, spanning HTML, Typst (PDF), and Reveal.js (presentations) formats.
    It demonstrates template-specific components including value boxes, info panels, status badges, dividers, progress bars, cards, card grids, executive summaries, and highlighted blocks.
    Additionally, it covers standard Quarto features such as figures, tables, mathematical notation, callouts, code blocks, code annotations, mermaid diagrams, and cross-references.
    Use this document as both a learning resource and a quick reference guide for all available template capabilities.
  keywords:
    - Quarto
    - Typst
    - Template
    - Documentation
    - Tutorial
  crossref:
    custom:
      - kind: float
        reference-prefix: Text
        key: txt
  references:
    - id: example_2024
      author:
        - family: Example
          given: Jane
        - family: Author
          given: John
      container-title: Journal of Examples
      doi: 10.1234/example.2024
      issued: 2024
      title: An Example Article for Demonstrating Citations
      type: article-journal
  style: professional
  other-links:
    - text: HTML (Academic Style)
      href: example-academic.html
      target: _blank
      rel: noopener noreferrer
  scrollable: true
  smaller: true
  
Output created: example-revealjs-light.html

pandoc 
  to: typst-citations
  output-file: example.typ
  template: _extensions/mcanouil/typst/template.typ
  standalone: true
  shift-heading-level-by: -1
  default-image-extension: svg
  wrap: none
  number-sections: true
  toc: true
  variables:
    quarto:
      language:
        toc-title-document: Table of contents
        toc-title-website: On this page
        related-formats-title: Other Formats
        related-notebooks-title: Notebooks
        source-notebooks-prefix: Source
        other-links-title: Other Links
        code-links-title: Code Links
        launch-dev-container-title: Launch Dev Container
        launch-binder-title: Launch Binder
        article-notebook-label: Article Notebook
        notebook-preview-download: Download Notebook
        notebook-preview-download-src: Download Source
        notebook-preview-back: Back to Article
        manuscript-meca-bundle: MECA Bundle
        section-title-abstract: Abstract
        section-title-appendices: Appendices
        section-title-footnotes: Footnotes
        section-title-references: References
        section-title-reuse: Reuse
        section-title-copyright: Copyright
        section-title-citation: Citation
        appendix-attribution-cite-as: 'For attribution, please cite this work as:'
        appendix-attribution-bibtex: 'BibTeX citation:'
        appendix-view-license: View License
        title-block-author-single: Author
        title-block-author-plural: Authors
        title-block-affiliation-single: Affiliation
        title-block-affiliation-plural: Affiliations
        title-block-published: Published
        title-block-modified: Modified
        title-block-keywords: Keywords
        callout-tip-title: Tip
        callout-note-title: Note
        callout-warning-title: Warning
        callout-important-title: Important
        callout-caution-title: Caution
        code-summary: Code
        code-tools-menu-caption: Code
        code-tools-show-all-code: Show All Code
        code-tools-hide-all-code: Hide All Code
        code-tools-view-source: View Source
        code-tools-source-code: Source Code
        tools-share: Share
        tools-download: Download
        code-line: Line
        code-lines: Lines
        copy-button-tooltip: Copy to Clipboard
        copy-button-tooltip-success: Copied!
        repo-action-links-edit: Edit this page
        repo-action-links-source: View source
        repo-action-links-issue: Report an issue
        back-to-top: Back to top
        search-no-results-text: No results
        search-matching-documents-text: matching documents
        search-copy-link-title: Copy link to search
        search-hide-matches-text: Hide additional matches
        search-more-match-text: more match in this document
        search-more-matches-text: more matches in this document
        search-clear-button-title: Clear
        search-text-placeholder: ''
        search-detached-cancel-button-title: Cancel
        search-submit-button-title: Submit
        search-label: Search
        toggle-section: Toggle section
        toggle-sidebar: Toggle sidebar navigation
        toggle-dark-mode: Toggle dark mode
        toggle-reader-mode: Toggle reader mode
        toggle-navigation: Toggle navigation
        crossref-fig-title: Figure
        crossref-tbl-title: Table
        crossref-lst-title: Listing
        crossref-thm-title: Theorem
        crossref-lem-title: Lemma
        crossref-cor-title: Corollary
        crossref-prp-title: Proposition
        crossref-cnj-title: Conjecture
        crossref-def-title: Definition
        crossref-exm-title: Example
        crossref-exr-title: Exercise
        crossref-ch-prefix: Chapter
        crossref-apx-prefix: Appendix
        crossref-sec-prefix: Section
        crossref-eq-prefix: Equation
        crossref-lof-title: List of Figures
        crossref-lot-title: List of Tables
        crossref-lol-title: List of Listings
        environment-proof-title: Proof
        environment-remark-title: Remark
        environment-solution-title: Solution
        listing-page-order-by: Order By
        listing-page-order-by-default: Default
        listing-page-order-by-date-asc: Oldest
        listing-page-order-by-date-desc: Newest
        listing-page-order-by-number-desc: High to Low
        listing-page-order-by-number-asc: Low to High
        listing-page-field-date: Date
        listing-page-field-title: Title
        listing-page-field-description: Description
        listing-page-field-author: Author
        listing-page-field-filename: File Name
        listing-page-field-filemodified: Modified
        listing-page-field-subtitle: Subtitle
        listing-page-field-readingtime: Reading Time
        listing-page-field-wordcount: Word Count
        listing-page-field-categories: Categories
        listing-page-minutes-compact: '{0} min'
        listing-page-category-all: All
        listing-page-no-matches: No matching items
        listing-page-words: '{0} words'
        listing-page-filter: Filter
        draft: Draft
  
metadata
  columns: 1
  author:
    - name:
        given: Mickaël
        family: CANOUIL
      degrees: Ph.D.
      email: pro@mickael.canouil.dev
      orcid: 0000-0002-3396-4549
      url: https://mickael.canouil.fr
      attributes:
        corresponding: true
      affiliations:
        - name: Independent Contractor
          city: Lille
          country: France
    - name:
        given: Jane
        family: Doe
      orcid: 0000-0001-2345-6789
      affiliations:
        - name: Example University
          department: Department of Statistics
          city: London
          country: United Kingdom
  copyright: © 2026 Mickaël CANOUIL
  license: CC BY-NC-SA
  lang: en-GB
  code-copy: true
  date: today
  date-format: dddd[, the] Do [of] MMMM, YYYY
  mermaid:
    theme: dark
  extensions:
    mcanouil:
      grid-background: true
  document-type: report
  brand-mode: dark
  style: academic
  show-corner-brackets: true
  show-margin-decoration: true
  show-title-page-background: true
  show-heading-underlines: true
  show-logo: true
  logo:
    light:
      path: dark
      alt: Mickaël CANOUIL Logo
      width: 7cm
    dark:
      path: light
      alt: Mickaël CANOUIL Logo
      width: 7cm
  orcid-icon: _extensions/mcanouil/typst/assets/orcid.svg
  mainfont: Alegreya Sans
  sansfont: Alegreya Sans
  fontsize: 11pt
  papersize: a4
  margin:
    top: 2.5cm
    bottom: 2.5cm
    left: 2.5cm
    right: 2.5cm
  title-page: true
  section-numbering: 1.1.1.
  section-page: true
  section-pagebreak: true
  special-sections:
    references:
      name: References
      numbering: none
      prefix: false
    appendix:
      name: Appendix
      numbering: A.a.
      prefix: true
    supplementary:
      name: Supplementary
      numbering: I.i.
      prefix: true
  list-of: true
  bibliographystyle: apa
  title: Mickaël CANOUIL Template
  subtitle: Complete Guide
  date-modified: today
  abstract: |
    This document showcases all features of the Mickaël CANOUIL template for Quarto, spanning HTML, Typst (PDF), and Reveal.js (presentations) formats.
    It demonstrates template-specific components including value boxes, info panels, status badges, dividers, progress bars, cards, card grids, executive summaries, and highlighted blocks.
    Additionally, it covers standard Quarto features such as figures, tables, mathematical notation, callouts, code blocks, code annotations, mermaid diagrams, and cross-references.
    Use this document as both a learning resource and a quick reference guide for all available template capabilities.
  keywords:
    - Quarto
    - Typst
    - Template
    - Documentation
    - Tutorial
  crossref:
    custom:
      - kind: float
        reference-prefix: Text
        key: txt
  references:
    - id: example_2024
      author:
        - family: Example
          given: Jane
        - family: Author
          given: John
      container-title: Journal of Examples
      doi: 10.1234/example.2024
      issued: 2024
      title: An Example Article for Demonstrating Citations
      type: article-journal
  other-links:
    - text: HTML (Academic Style)
      href: example-academic.html
      target: _blank
      rel: noopener noreferrer
  watermark-text: DEMO
  
[typst]: Compiling example.typ to example.pdf...warning: unknown font family: menlo
     ┌─ example.typ:5426:12
     │
5426 │       font: ("Fira Code", "Menlo", "Monaco", "Courier New"),
     │             ^^^^^^^^^^^^^^^^^^^^^^^^^^^^^^^^^^^^^^^^^^^^^^^

warning: unknown font family: monaco
     ┌─ example.typ:5426:12
     │
5426 │       font: ("Fira Code", "Menlo", "Monaco", "Courier New"),
     │             ^^^^^^^^^^^^^^^^^^^^^^^^^^^^^^^^^^^^^^^^^^^^^^^

warning: unknown font family: courier new
     ┌─ example.typ:5426:12
     │
5426 │       font: ("Fira Code", "Menlo", "Monaco", "Courier New"),
     │             ^^^^^^^^^^^^^^^^^^^^^^^^^^^^^^^^^^^^^^^^^^^^^^^

warning: unknown font family: georgia
     ┌─ example.typ:5588:80
     │
5588 │             text(size: 3em, fill: colours.foreground.transparentize(70%), font: "Georgia", ["]),
     │                                                                                 ^^^^^^^^^

warning: unknown font family: georgia
     ┌─ example.typ:5598:80
     │
5598 │             text(size: 3em, fill: colours.foreground.transparentize(70%), font: "Georgia", ["]),
     │                                                                                 ^^^^^^^^^

DONE

Output created: example-dark-academic.pdf

pandoc 
  to: typst-citations
  output-file: example.typ
  template: _extensions/mcanouil/typst/template.typ
  standalone: true
  shift-heading-level-by: -1
  default-image-extension: svg
  wrap: none
  number-sections: true
  toc: true
  variables:
    quarto:
      language:
        toc-title-document: Table of contents
        toc-title-website: On this page
        related-formats-title: Other Formats
        related-notebooks-title: Notebooks
        source-notebooks-prefix: Source
        other-links-title: Other Links
        code-links-title: Code Links
        launch-dev-container-title: Launch Dev Container
        launch-binder-title: Launch Binder
        article-notebook-label: Article Notebook
        notebook-preview-download: Download Notebook
        notebook-preview-download-src: Download Source
        notebook-preview-back: Back to Article
        manuscript-meca-bundle: MECA Bundle
        section-title-abstract: Abstract
        section-title-appendices: Appendices
        section-title-footnotes: Footnotes
        section-title-references: References
        section-title-reuse: Reuse
        section-title-copyright: Copyright
        section-title-citation: Citation
        appendix-attribution-cite-as: 'For attribution, please cite this work as:'
        appendix-attribution-bibtex: 'BibTeX citation:'
        appendix-view-license: View License
        title-block-author-single: Author
        title-block-author-plural: Authors
        title-block-affiliation-single: Affiliation
        title-block-affiliation-plural: Affiliations
        title-block-published: Published
        title-block-modified: Modified
        title-block-keywords: Keywords
        callout-tip-title: Tip
        callout-note-title: Note
        callout-warning-title: Warning
        callout-important-title: Important
        callout-caution-title: Caution
        code-summary: Code
        code-tools-menu-caption: Code
        code-tools-show-all-code: Show All Code
        code-tools-hide-all-code: Hide All Code
        code-tools-view-source: View Source
        code-tools-source-code: Source Code
        tools-share: Share
        tools-download: Download
        code-line: Line
        code-lines: Lines
        copy-button-tooltip: Copy to Clipboard
        copy-button-tooltip-success: Copied!
        repo-action-links-edit: Edit this page
        repo-action-links-source: View source
        repo-action-links-issue: Report an issue
        back-to-top: Back to top
        search-no-results-text: No results
        search-matching-documents-text: matching documents
        search-copy-link-title: Copy link to search
        search-hide-matches-text: Hide additional matches
        search-more-match-text: more match in this document
        search-more-matches-text: more matches in this document
        search-clear-button-title: Clear
        search-text-placeholder: ''
        search-detached-cancel-button-title: Cancel
        search-submit-button-title: Submit
        search-label: Search
        toggle-section: Toggle section
        toggle-sidebar: Toggle sidebar navigation
        toggle-dark-mode: Toggle dark mode
        toggle-reader-mode: Toggle reader mode
        toggle-navigation: Toggle navigation
        crossref-fig-title: Figure
        crossref-tbl-title: Table
        crossref-lst-title: Listing
        crossref-thm-title: Theorem
        crossref-lem-title: Lemma
        crossref-cor-title: Corollary
        crossref-prp-title: Proposition
        crossref-cnj-title: Conjecture
        crossref-def-title: Definition
        crossref-exm-title: Example
        crossref-exr-title: Exercise
        crossref-ch-prefix: Chapter
        crossref-apx-prefix: Appendix
        crossref-sec-prefix: Section
        crossref-eq-prefix: Equation
        crossref-lof-title: List of Figures
        crossref-lot-title: List of Tables
        crossref-lol-title: List of Listings
        environment-proof-title: Proof
        environment-remark-title: Remark
        environment-solution-title: Solution
        listing-page-order-by: Order By
        listing-page-order-by-default: Default
        listing-page-order-by-date-asc: Oldest
        listing-page-order-by-date-desc: Newest
        listing-page-order-by-number-desc: High to Low
        listing-page-order-by-number-asc: Low to High
        listing-page-field-date: Date
        listing-page-field-title: Title
        listing-page-field-description: Description
        listing-page-field-author: Author
        listing-page-field-filename: File Name
        listing-page-field-filemodified: Modified
        listing-page-field-subtitle: Subtitle
        listing-page-field-readingtime: Reading Time
        listing-page-field-wordcount: Word Count
        listing-page-field-categories: Categories
        listing-page-minutes-compact: '{0} min'
        listing-page-category-all: All
        listing-page-no-matches: No matching items
        listing-page-words: '{0} words'
        listing-page-filter: Filter
        draft: Draft
  
metadata
  columns: 1
  author:
    - name:
        given: Mickaël
        family: CANOUIL
      degrees: Ph.D.
      email: pro@mickael.canouil.dev
      orcid: 0000-0002-3396-4549
      url: https://mickael.canouil.fr
      attributes:
        corresponding: true
      affiliations:
        - name: Independent Contractor
          city: Lille
          country: France
    - name:
        given: Jane
        family: Doe
      orcid: 0000-0001-2345-6789
      affiliations:
        - name: Example University
          department: Department of Statistics
          city: London
          country: United Kingdom
  copyright: © 2026 Mickaël CANOUIL
  license: CC BY-NC-SA
  lang: en-GB
  code-copy: true
  date: today
  date-format: dddd[, the] Do [of] MMMM, YYYY
  mermaid:
    theme: dark
  extensions:
    mcanouil:
      grid-background: true
  document-type: report
  brand-mode: dark
  style: professional
  show-corner-brackets: true
  show-margin-decoration: true
  show-title-page-background: true
  show-heading-underlines: true
  show-logo: true
  logo:
    light:
      path: dark
      alt: Mickaël CANOUIL Logo
      width: 7cm
    dark:
      path: light
      alt: Mickaël CANOUIL Logo
      width: 7cm
  orcid-icon: _extensions/mcanouil/typst/assets/orcid.svg
  mainfont: Alegreya Sans
  sansfont: Alegreya Sans
  fontsize: 11pt
  papersize: a4
  margin:
    top: 2.5cm
    bottom: 2.5cm
    left: 2.5cm
    right: 2.5cm
  title-page: true
  section-numbering: 1.1.1.
  section-page: true
  section-pagebreak: true
  special-sections:
    references:
      name: References
      numbering: none
      prefix: false
    appendix:
      name: Appendix
      numbering: A.a.
      prefix: true
    supplementary:
      name: Supplementary
      numbering: I.i.
      prefix: true
  list-of: true
  bibliographystyle: apa
  title: Mickaël CANOUIL Template
  subtitle: Complete Guide
  date-modified: today
  abstract: |
    This document showcases all features of the Mickaël CANOUIL template for Quarto, spanning HTML, Typst (PDF), and Reveal.js (presentations) formats.
    It demonstrates template-specific components including value boxes, info panels, status badges, dividers, progress bars, cards, card grids, executive summaries, and highlighted blocks.
    Additionally, it covers standard Quarto features such as figures, tables, mathematical notation, callouts, code blocks, code annotations, mermaid diagrams, and cross-references.
    Use this document as both a learning resource and a quick reference guide for all available template capabilities.
  keywords:
    - Quarto
    - Typst
    - Template
    - Documentation
    - Tutorial
  crossref:
    custom:
      - kind: float
        reference-prefix: Text
        key: txt
  references:
    - id: example_2024
      author:
        - family: Example
          given: Jane
        - family: Author
          given: John
      container-title: Journal of Examples
      doi: 10.1234/example.2024
      issued: 2024
      title: An Example Article for Demonstrating Citations
      type: article-journal
  other-links:
    - text: HTML (Academic Style)
      href: example-academic.html
      target: _blank
      rel: noopener noreferrer
  watermark-text: DEMO
  
[typst]: Compiling example.typ to example.pdf...warning: unknown font family: menlo
     ┌─ example.typ:5426:12
     │
5426 │       font: ("Fira Code", "Menlo", "Monaco", "Courier New"),
     │             ^^^^^^^^^^^^^^^^^^^^^^^^^^^^^^^^^^^^^^^^^^^^^^^

warning: unknown font family: monaco
     ┌─ example.typ:5426:12
     │
5426 │       font: ("Fira Code", "Menlo", "Monaco", "Courier New"),
     │             ^^^^^^^^^^^^^^^^^^^^^^^^^^^^^^^^^^^^^^^^^^^^^^^

warning: unknown font family: courier new
     ┌─ example.typ:5426:12
     │
5426 │       font: ("Fira Code", "Menlo", "Monaco", "Courier New"),
     │             ^^^^^^^^^^^^^^^^^^^^^^^^^^^^^^^^^^^^^^^^^^^^^^^

warning: unknown font family: georgia
     ┌─ example.typ:5588:80
     │
5588 │             text(size: 3em, fill: colours.foreground.transparentize(70%), font: "Georgia", ["]),
     │                                                                                 ^^^^^^^^^

warning: unknown font family: georgia
     ┌─ example.typ:5598:80
     │
5598 │             text(size: 3em, fill: colours.foreground.transparentize(70%), font: "Georgia", ["]),
     │                                                                                 ^^^^^^^^^

DONE

Output created: example-dark-professional.pdf

pandoc 
  to: typst-citations
  output-file: example.typ
  template: _extensions/mcanouil/typst/template.typ
  standalone: true
  shift-heading-level-by: -1
  default-image-extension: svg
  wrap: none
  number-sections: true
  toc: true
  variables:
    quarto:
      language:
        toc-title-document: Table of contents
        toc-title-website: On this page
        related-formats-title: Other Formats
        related-notebooks-title: Notebooks
        source-notebooks-prefix: Source
        other-links-title: Other Links
        code-links-title: Code Links
        launch-dev-container-title: Launch Dev Container
        launch-binder-title: Launch Binder
        article-notebook-label: Article Notebook
        notebook-preview-download: Download Notebook
        notebook-preview-download-src: Download Source
        notebook-preview-back: Back to Article
        manuscript-meca-bundle: MECA Bundle
        section-title-abstract: Abstract
        section-title-appendices: Appendices
        section-title-footnotes: Footnotes
        section-title-references: References
        section-title-reuse: Reuse
        section-title-copyright: Copyright
        section-title-citation: Citation
        appendix-attribution-cite-as: 'For attribution, please cite this work as:'
        appendix-attribution-bibtex: 'BibTeX citation:'
        appendix-view-license: View License
        title-block-author-single: Author
        title-block-author-plural: Authors
        title-block-affiliation-single: Affiliation
        title-block-affiliation-plural: Affiliations
        title-block-published: Published
        title-block-modified: Modified
        title-block-keywords: Keywords
        callout-tip-title: Tip
        callout-note-title: Note
        callout-warning-title: Warning
        callout-important-title: Important
        callout-caution-title: Caution
        code-summary: Code
        code-tools-menu-caption: Code
        code-tools-show-all-code: Show All Code
        code-tools-hide-all-code: Hide All Code
        code-tools-view-source: View Source
        code-tools-source-code: Source Code
        tools-share: Share
        tools-download: Download
        code-line: Line
        code-lines: Lines
        copy-button-tooltip: Copy to Clipboard
        copy-button-tooltip-success: Copied!
        repo-action-links-edit: Edit this page
        repo-action-links-source: View source
        repo-action-links-issue: Report an issue
        back-to-top: Back to top
        search-no-results-text: No results
        search-matching-documents-text: matching documents
        search-copy-link-title: Copy link to search
        search-hide-matches-text: Hide additional matches
        search-more-match-text: more match in this document
        search-more-matches-text: more matches in this document
        search-clear-button-title: Clear
        search-text-placeholder: ''
        search-detached-cancel-button-title: Cancel
        search-submit-button-title: Submit
        search-label: Search
        toggle-section: Toggle section
        toggle-sidebar: Toggle sidebar navigation
        toggle-dark-mode: Toggle dark mode
        toggle-reader-mode: Toggle reader mode
        toggle-navigation: Toggle navigation
        crossref-fig-title: Figure
        crossref-tbl-title: Table
        crossref-lst-title: Listing
        crossref-thm-title: Theorem
        crossref-lem-title: Lemma
        crossref-cor-title: Corollary
        crossref-prp-title: Proposition
        crossref-cnj-title: Conjecture
        crossref-def-title: Definition
        crossref-exm-title: Example
        crossref-exr-title: Exercise
        crossref-ch-prefix: Chapter
        crossref-apx-prefix: Appendix
        crossref-sec-prefix: Section
        crossref-eq-prefix: Equation
        crossref-lof-title: List of Figures
        crossref-lot-title: List of Tables
        crossref-lol-title: List of Listings
        environment-proof-title: Proof
        environment-remark-title: Remark
        environment-solution-title: Solution
        listing-page-order-by: Order By
        listing-page-order-by-default: Default
        listing-page-order-by-date-asc: Oldest
        listing-page-order-by-date-desc: Newest
        listing-page-order-by-number-desc: High to Low
        listing-page-order-by-number-asc: Low to High
        listing-page-field-date: Date
        listing-page-field-title: Title
        listing-page-field-description: Description
        listing-page-field-author: Author
        listing-page-field-filename: File Name
        listing-page-field-filemodified: Modified
        listing-page-field-subtitle: Subtitle
        listing-page-field-readingtime: Reading Time
        listing-page-field-wordcount: Word Count
        listing-page-field-categories: Categories
        listing-page-minutes-compact: '{0} min'
        listing-page-category-all: All
        listing-page-no-matches: No matching items
        listing-page-words: '{0} words'
        listing-page-filter: Filter
        draft: Draft
  
metadata
  columns: 1
  author:
    - name:
        given: Mickaël
        family: CANOUIL
      degrees: Ph.D.
      email: pro@mickael.canouil.dev
      orcid: 0000-0002-3396-4549
      url: https://mickael.canouil.fr
      attributes:
        corresponding: true
      affiliations:
        - name: Independent Contractor
          city: Lille
          country: France
    - name:
        given: Jane
        family: Doe
      orcid: 0000-0001-2345-6789
      affiliations:
        - name: Example University
          department: Department of Statistics
          city: London
          country: United Kingdom
  copyright: © 2026 Mickaël CANOUIL
  license: CC BY-NC-SA
  lang: en-GB
  code-copy: true
  date: today
  date-format: dddd[, the] Do [of] MMMM, YYYY
  mermaid:
    theme: dark
  extensions:
    mcanouil:
      grid-background: true
  document-type: report
  brand-mode: light
  style: academic
  show-corner-brackets: true
  show-margin-decoration: true
  show-title-page-background: true
  show-heading-underlines: true
  show-logo: true
  logo:
    light:
      path: dark
      alt: Mickaël CANOUIL Logo
      width: 7cm
    dark:
      path: light
      alt: Mickaël CANOUIL Logo
      width: 7cm
  orcid-icon: _extensions/mcanouil/typst/assets/orcid.svg
  mainfont: Alegreya Sans
  sansfont: Alegreya Sans
  fontsize: 11pt
  papersize: a4
  margin:
    top: 2.5cm
    bottom: 2.5cm
    left: 2.5cm
    right: 2.5cm
  title-page: true
  section-numbering: 1.1.1.
  section-page: true
  section-pagebreak: true
  special-sections:
    references:
      name: References
      numbering: none
      prefix: false
    appendix:
      name: Appendix
      numbering: A.a.
      prefix: true
    supplementary:
      name: Supplementary
      numbering: I.i.
      prefix: true
  list-of: true
  bibliographystyle: apa
  title: Mickaël CANOUIL Template
  subtitle: Complete Guide
  date-modified: today
  abstract: |
    This document showcases all features of the Mickaël CANOUIL template for Quarto, spanning HTML, Typst (PDF), and Reveal.js (presentations) formats.
    It demonstrates template-specific components including value boxes, info panels, status badges, dividers, progress bars, cards, card grids, executive summaries, and highlighted blocks.
    Additionally, it covers standard Quarto features such as figures, tables, mathematical notation, callouts, code blocks, code annotations, mermaid diagrams, and cross-references.
    Use this document as both a learning resource and a quick reference guide for all available template capabilities.
  keywords:
    - Quarto
    - Typst
    - Template
    - Documentation
    - Tutorial
  crossref:
    custom:
      - kind: float
        reference-prefix: Text
        key: txt
  references:
    - id: example_2024
      author:
        - family: Example
          given: Jane
        - family: Author
          given: John
      container-title: Journal of Examples
      doi: 10.1234/example.2024
      issued: 2024
      title: An Example Article for Demonstrating Citations
      type: article-journal
  other-links:
    - text: HTML (Academic Style)
      href: example-academic.html
      target: _blank
      rel: noopener noreferrer
  watermark-text: DEMO
  
[typst]: Compiling example.typ to example.pdf...warning: unknown font family: menlo
     ┌─ example.typ:5426:12
     │
5426 │       font: ("Fira Code", "Menlo", "Monaco", "Courier New"),
     │             ^^^^^^^^^^^^^^^^^^^^^^^^^^^^^^^^^^^^^^^^^^^^^^^

warning: unknown font family: monaco
     ┌─ example.typ:5426:12
     │
5426 │       font: ("Fira Code", "Menlo", "Monaco", "Courier New"),
     │             ^^^^^^^^^^^^^^^^^^^^^^^^^^^^^^^^^^^^^^^^^^^^^^^

warning: unknown font family: courier new
     ┌─ example.typ:5426:12
     │
5426 │       font: ("Fira Code", "Menlo", "Monaco", "Courier New"),
     │             ^^^^^^^^^^^^^^^^^^^^^^^^^^^^^^^^^^^^^^^^^^^^^^^

warning: unknown font family: georgia
     ┌─ example.typ:5588:80
     │
5588 │             text(size: 3em, fill: colours.foreground.transparentize(70%), font: "Georgia", ["]),
     │                                                                                 ^^^^^^^^^

warning: unknown font family: georgia
     ┌─ example.typ:5598:80
     │
5598 │             text(size: 3em, fill: colours.foreground.transparentize(70%), font: "Georgia", ["]),
     │                                                                                 ^^^^^^^^^

DONE

Output created: example-light-academic.pdf

pandoc 
  to: typst-citations
  output-file: example.typ
  template: _extensions/mcanouil/typst/template.typ
  standalone: true
  shift-heading-level-by: -1
  default-image-extension: svg
  wrap: none
  number-sections: true
  toc: true
  variables:
    quarto:
      language:
        toc-title-document: Table of contents
        toc-title-website: On this page
        related-formats-title: Other Formats
        related-notebooks-title: Notebooks
        source-notebooks-prefix: Source
        other-links-title: Other Links
        code-links-title: Code Links
        launch-dev-container-title: Launch Dev Container
        launch-binder-title: Launch Binder
        article-notebook-label: Article Notebook
        notebook-preview-download: Download Notebook
        notebook-preview-download-src: Download Source
        notebook-preview-back: Back to Article
        manuscript-meca-bundle: MECA Bundle
        section-title-abstract: Abstract
        section-title-appendices: Appendices
        section-title-footnotes: Footnotes
        section-title-references: References
        section-title-reuse: Reuse
        section-title-copyright: Copyright
        section-title-citation: Citation
        appendix-attribution-cite-as: 'For attribution, please cite this work as:'
        appendix-attribution-bibtex: 'BibTeX citation:'
        appendix-view-license: View License
        title-block-author-single: Author
        title-block-author-plural: Authors
        title-block-affiliation-single: Affiliation
        title-block-affiliation-plural: Affiliations
        title-block-published: Published
        title-block-modified: Modified
        title-block-keywords: Keywords
        callout-tip-title: Tip
        callout-note-title: Note
        callout-warning-title: Warning
        callout-important-title: Important
        callout-caution-title: Caution
        code-summary: Code
        code-tools-menu-caption: Code
        code-tools-show-all-code: Show All Code
        code-tools-hide-all-code: Hide All Code
        code-tools-view-source: View Source
        code-tools-source-code: Source Code
        tools-share: Share
        tools-download: Download
        code-line: Line
        code-lines: Lines
        copy-button-tooltip: Copy to Clipboard
        copy-button-tooltip-success: Copied!
        repo-action-links-edit: Edit this page
        repo-action-links-source: View source
        repo-action-links-issue: Report an issue
        back-to-top: Back to top
        search-no-results-text: No results
        search-matching-documents-text: matching documents
        search-copy-link-title: Copy link to search
        search-hide-matches-text: Hide additional matches
        search-more-match-text: more match in this document
        search-more-matches-text: more matches in this document
        search-clear-button-title: Clear
        search-text-placeholder: ''
        search-detached-cancel-button-title: Cancel
        search-submit-button-title: Submit
        search-label: Search
        toggle-section: Toggle section
        toggle-sidebar: Toggle sidebar navigation
        toggle-dark-mode: Toggle dark mode
        toggle-reader-mode: Toggle reader mode
        toggle-navigation: Toggle navigation
        crossref-fig-title: Figure
        crossref-tbl-title: Table
        crossref-lst-title: Listing
        crossref-thm-title: Theorem
        crossref-lem-title: Lemma
        crossref-cor-title: Corollary
        crossref-prp-title: Proposition
        crossref-cnj-title: Conjecture
        crossref-def-title: Definition
        crossref-exm-title: Example
        crossref-exr-title: Exercise
        crossref-ch-prefix: Chapter
        crossref-apx-prefix: Appendix
        crossref-sec-prefix: Section
        crossref-eq-prefix: Equation
        crossref-lof-title: List of Figures
        crossref-lot-title: List of Tables
        crossref-lol-title: List of Listings
        environment-proof-title: Proof
        environment-remark-title: Remark
        environment-solution-title: Solution
        listing-page-order-by: Order By
        listing-page-order-by-default: Default
        listing-page-order-by-date-asc: Oldest
        listing-page-order-by-date-desc: Newest
        listing-page-order-by-number-desc: High to Low
        listing-page-order-by-number-asc: Low to High
        listing-page-field-date: Date
        listing-page-field-title: Title
        listing-page-field-description: Description
        listing-page-field-author: Author
        listing-page-field-filename: File Name
        listing-page-field-filemodified: Modified
        listing-page-field-subtitle: Subtitle
        listing-page-field-readingtime: Reading Time
        listing-page-field-wordcount: Word Count
        listing-page-field-categories: Categories
        listing-page-minutes-compact: '{0} min'
        listing-page-category-all: All
        listing-page-no-matches: No matching items
        listing-page-words: '{0} words'
        listing-page-filter: Filter
        draft: Draft
  
metadata
  columns: 1
  author:
    - name:
        given: Mickaël
        family: CANOUIL
      degrees: Ph.D.
      email: pro@mickael.canouil.dev
      orcid: 0000-0002-3396-4549
      url: https://mickael.canouil.fr
      attributes:
        corresponding: true
      affiliations:
        - name: Independent Contractor
          city: Lille
          country: France
    - name:
        given: Jane
        family: Doe
      orcid: 0000-0001-2345-6789
      affiliations:
        - name: Example University
          department: Department of Statistics
          city: London
          country: United Kingdom
  copyright: © 2026 Mickaël CANOUIL
  license: CC BY-NC-SA
  lang: en-GB
  code-copy: true
  date: today
  date-format: dddd[, the] Do [of] MMMM, YYYY
  mermaid:
    theme: dark
  extensions:
    mcanouil:
      grid-background: true
  document-type: report
  brand-mode: light
  style: professional
  show-corner-brackets: true
  show-margin-decoration: true
  show-title-page-background: true
  show-heading-underlines: true
  show-logo: true
  logo:
    light:
      path: dark
      alt: Mickaël CANOUIL Logo
      width: 7cm
    dark:
      path: light
      alt: Mickaël CANOUIL Logo
      width: 7cm
  orcid-icon: _extensions/mcanouil/typst/assets/orcid.svg
  mainfont: Alegreya Sans
  sansfont: Alegreya Sans
  fontsize: 11pt
  papersize: a4
  margin:
    top: 2.5cm
    bottom: 2.5cm
    left: 2.5cm
    right: 2.5cm
  title-page: true
  section-numbering: 1.1.1.
  section-page: true
  section-pagebreak: true
  special-sections:
    references:
      name: References
      numbering: none
      prefix: false
    appendix:
      name: Appendix
      numbering: A.a.
      prefix: true
    supplementary:
      name: Supplementary
      numbering: I.i.
      prefix: true
  list-of: true
  bibliographystyle: apa
  title: Mickaël CANOUIL Template
  subtitle: Complete Guide
  date-modified: today
  abstract: |
    This document showcases all features of the Mickaël CANOUIL template for Quarto, spanning HTML, Typst (PDF), and Reveal.js (presentations) formats.
    It demonstrates template-specific components including value boxes, info panels, status badges, dividers, progress bars, cards, card grids, executive summaries, and highlighted blocks.
    Additionally, it covers standard Quarto features such as figures, tables, mathematical notation, callouts, code blocks, code annotations, mermaid diagrams, and cross-references.
    Use this document as both a learning resource and a quick reference guide for all available template capabilities.
  keywords:
    - Quarto
    - Typst
    - Template
    - Documentation
    - Tutorial
  crossref:
    custom:
      - kind: float
        reference-prefix: Text
        key: txt
  references:
    - id: example_2024
      author:
        - family: Example
          given: Jane
        - family: Author
          given: John
      container-title: Journal of Examples
      doi: 10.1234/example.2024
      issued: 2024
      title: An Example Article for Demonstrating Citations
      type: article-journal
  other-links:
    - text: HTML (Academic Style)
      href: example-academic.html
      target: _blank
      rel: noopener noreferrer
  watermark-text: DEMO
  
[typst]: Compiling example.typ to example.pdf...warning: unknown font family: menlo
     ┌─ example.typ:5426:12
     │
5426 │       font: ("Fira Code", "Menlo", "Monaco", "Courier New"),
     │             ^^^^^^^^^^^^^^^^^^^^^^^^^^^^^^^^^^^^^^^^^^^^^^^

warning: unknown font family: monaco
     ┌─ example.typ:5426:12
     │
5426 │       font: ("Fira Code", "Menlo", "Monaco", "Courier New"),
     │             ^^^^^^^^^^^^^^^^^^^^^^^^^^^^^^^^^^^^^^^^^^^^^^^

warning: unknown font family: courier new
     ┌─ example.typ:5426:12
     │
5426 │       font: ("Fira Code", "Menlo", "Monaco", "Courier New"),
     │             ^^^^^^^^^^^^^^^^^^^^^^^^^^^^^^^^^^^^^^^^^^^^^^^

warning: unknown font family: georgia
     ┌─ example.typ:5588:80
     │
5588 │             text(size: 3em, fill: colours.foreground.transparentize(70%), font: "Georgia", ["]),
     │                                                                                 ^^^^^^^^^

warning: unknown font family: georgia
     ┌─ example.typ:5598:80
     │
5598 │             text(size: 3em, fill: colours.foreground.transparentize(70%), font: "Georgia", ["]),
     │                                                                                 ^^^^^^^^^

DONE

Output created: example-light-professional.pdf



processing file: _revealjs-example.qmd
1/9                  
2/9 [unnamed-chunk-1]
3/9                  
4/9 [unnamed-chunk-2]
5/9                  
6/9 [unnamed-chunk-3]
7/9                  
8/9 [unnamed-chunk-4]
9/9                  
output file: _revealjs-example.knit.md

pandoc 
  to: revealjs
  output-file: _revealjs-example.html
  template: _extensions/mcanouil/revealjs/template.html
  standalone: true
  embed-resources: true
  wrap: none
  default-image-extension: png
  html-math-method:
    method: mathjax
    url: >-
      https://cdn.jsdelivr.net/npm/mathjax@2.7.9/MathJax.js?config=TeX-AMS_HTML-full
  slide-level: 2
  variables:
    quarto:
      language:
        toc-title-document: Table of contents
        toc-title-website: On this page
        related-formats-title: Other Formats
        related-notebooks-title: Notebooks
        source-notebooks-prefix: Source
        other-links-title: Other Links
        code-links-title: Code Links
        launch-dev-container-title: Launch Dev Container
        launch-binder-title: Launch Binder
        article-notebook-label: Article Notebook
        notebook-preview-download: Download Notebook
        notebook-preview-download-src: Download Source
        notebook-preview-back: Back to Article
        manuscript-meca-bundle: MECA Bundle
        section-title-abstract: Abstract
        section-title-appendices: Appendices
        section-title-footnotes: Footnotes
        section-title-references: References
        section-title-reuse: Reuse
        section-title-copyright: Copyright
        section-title-citation: Citation
        appendix-attribution-cite-as: 'For attribution, please cite this work as:'
        appendix-attribution-bibtex: 'BibTeX citation:'
        appendix-view-license: View License
        title-block-author-single: Author
        title-block-author-plural: Authors
        title-block-affiliation-single: Affiliation
        title-block-affiliation-plural: Affiliations
        title-block-published: Published
        title-block-modified: Modified
        title-block-keywords: Keywords
        callout-tip-title: Tip
        callout-note-title: Note
        callout-warning-title: Warning
        callout-important-title: Important
        callout-caution-title: Caution
        code-summary: Code
        code-tools-menu-caption: Code
        code-tools-show-all-code: Show All Code
        code-tools-hide-all-code: Hide All Code
        code-tools-view-source: View Source
        code-tools-source-code: Source Code
        tools-share: Share
        tools-download: Download
        code-line: Line
        code-lines: Lines
        copy-button-tooltip: Copy to Clipboard
        copy-button-tooltip-success: Copied!
        repo-action-links-edit: Edit this page
        repo-action-links-source: View source
        repo-action-links-issue: Report an issue
        back-to-top: Back to top
        search-no-results-text: No results
        search-matching-documents-text: matching documents
        search-copy-link-title: Copy link to search
        search-hide-matches-text: Hide additional matches
        search-more-match-text: more match in this document
        search-more-matches-text: more matches in this document
        search-clear-button-title: Clear
        search-text-placeholder: ''
        search-detached-cancel-button-title: Cancel
        search-submit-button-title: Submit
        search-label: Search
        toggle-section: Toggle section
        toggle-sidebar: Toggle sidebar navigation
        toggle-dark-mode: Toggle dark mode
        toggle-reader-mode: Toggle reader mode
        toggle-navigation: Toggle navigation
        crossref-fig-title: Figure
        crossref-tbl-title: Table
        crossref-lst-title: Listing
        crossref-thm-title: Theorem
        crossref-lem-title: Lemma
        crossref-cor-title: Corollary
        crossref-prp-title: Proposition
        crossref-cnj-title: Conjecture
        crossref-def-title: Definition
        crossref-exm-title: Example
        crossref-exr-title: Exercise
        crossref-ch-prefix: Chapter
        crossref-apx-prefix: Appendix
        crossref-sec-prefix: Section
        crossref-eq-prefix: Equation
        crossref-lof-title: List of Figures
        crossref-lot-title: List of Tables
        crossref-lol-title: List of Listings
        environment-proof-title: Proof
        environment-remark-title: Remark
        environment-solution-title: Solution
        listing-page-order-by: Order By
        listing-page-order-by-default: Default
        listing-page-order-by-date-asc: Oldest
        listing-page-order-by-date-desc: Newest
        listing-page-order-by-number-desc: High to Low
        listing-page-order-by-number-asc: Low to High
        listing-page-field-date: Date
        listing-page-field-title: Title
        listing-page-field-description: Description
        listing-page-field-author: Author
        listing-page-field-filename: File Name
        listing-page-field-filemodified: Modified
        listing-page-field-subtitle: Subtitle
        listing-page-field-readingtime: Reading Time
        listing-page-field-wordcount: Word Count
        listing-page-field-categories: Categories
        listing-page-minutes-compact: '{0} min'
        listing-page-category-all: All
        listing-page-no-matches: No matching items
        listing-page-words: '{0} words'
        listing-page-filter: Filter
        draft: Draft
  
metadata
  link-citations: true
  width: 1050
  height: 700
  margin: 0.1
  center: false
  navigationMode: linear
  controlsLayout: edges
  controlsTutorial: false
  hash: true
  history: true
  hashOneBasedIndex: false
  fragmentInURL: false
  transition: slide
  backgroundTransition: none
  pdfSeparateFragments: false
  lang: en
  auto-stretch: true
  author:
    - name:
        given: Mickaël
        family: CANOUIL
      degrees: Ph.D.
      email: pro@mickael.canouil.dev
      orcid: 0000-0002-3396-4549
      url: https://mickael.canouil.fr
      attributes:
        corresponding: true
      affiliations:
        - name: Independent Contractor
          city: Lille
          country: France
  copyright: © 2026 Mickaël CANOUIL
  license: CC BY-NC-SA
  code-copy: true
  date: today
  date-format: dddd[, the] Do [of] MMMM, YYYY
  mermaid:
    theme: dark
  extensions:
    mcanouil:
      grid-background: true
      section-outline: true
      date-superscript: true
      hide-title-slide-chrome: true
      favicon-from-logo: true
      code-annotation-fragments: true
      debug-borders: true
  brand-mode: dark
  logo:
    light: light
    dark: dark
  theme:
    - default
    - _extensions/mcanouil/revealjs/theme.scss
    - brand
  revealjs-plugins:
    - /home/runner/work/quarto-extensions/quarto-extensions/test-9/repo/_extensions/mcanouil/revealjs-plugin/mcanouil
    - /home/runner/work/quarto-extensions/quarto-extensions/test-9/repo/_extensions/mcanouil/revealjs-plugin/tabset
    - /home/runner/work/quarto-extensions/quarto-extensions/test-9/repo/_extensions/mcanouil/revealjs-plugin/line-fragment-indices
    - /home/runner/work/quarto-extensions/quarto-extensions/test-9/repo/_extensions/mcanouil/revealjs-plugin/code-annotation-fragments
  slideNumber: c
  code-annotations: select
  footer: |
    <a href="https://mickael.canouil.fr/" target="_blank" rel="noopener noreferrer">mickael.canouil.fr</a>
    |
    <a href="https://creativecommons.org/licenses/by-nc-sa/4.0/" target="_blank" rel="noopener noreferrer">License: CC BY-NC-SA 4.0</a>
  closing-slide:
    photo: https://github.com/mcanouil.png
    social:
      website: https://mickael.canouil.fr
      github: mcanouil
      linkedin: MickaelCanouil
      bluesky: mickael.canouil.fr
      mastodon: https://fosstodon.org/%40MickaelCanouil
  title: Reveal.js Format Test
  subtitle: Comprehensive Component Testing
  
Output created: _revealjs-example.html

