

processing file: example.qmd

1/3                  

2/3 [unnamed-chunk-1]

3/3                  

output file: example.knit.md


pandoc 

  to: revealjs
  output-file: example.html
  standalone: true
  embed-resources: true
  wrap: none
  default-image-extension: png
  html-math-method:
    method: mathjax
    url: >-
      https://cdn.jsdelivr.net/npm/mathjax@2.7.9/MathJax.js?config=TeX-AMS_HTML-full
  slide-level: 2
  variables: {}
  

metadata

  link-citations: true
  width: 1050
  height: 700
  margin: 0.1
  center: false
  navigationMode: linear
  controlsLayout: edges
  controlsTutorial: false
  hash: true
  history: true
  hashOneBasedIndex: false
  fragmentInURL: false
  transition: none
  backgroundTransition: none
  pdfSeparateFragments: false
  lang: en
  auto-stretch: true
  title: Quarto Presentations
  subtitle: Create beautiful interactive slide decks with Reveal.js
  author: Shafayet Khan Shafee
  date: last-modified
  date-format: DD MMM, YYYY
  slideNumber: true
  logo: images/quarto.png
  footer: <https://quarto.org>
  footer-logo-link: https://quarto.org
  header: Quarto Presentations with beautiful slide decks made by RevealJs
  header-logo: images/reveal_logo.svg
  header-logo-link: https://revealjs.com
  

Output created: example.html


