

processing file: example_section_title.qmd

1/1

output file: example_section_title.knit.md


pandoc 

  to: revealjs
  output-file: example_section_title.html
  standalone: true
  embed-resources: true
  wrap: none
  default-image-extension: png
  html-math-method:
    method: mathjax
    url: >-
      https://cdn.jsdelivr.net/npm/mathjax@2.7.9/MathJax.js?config=TeX-AMS_HTML-full
  slide-level: 3
  number-sections: true
  variables: {}
  

metadata

  link-citations: true
  width: 1050
  height: 700
  margin: 0.1
  center: false
  navigationMode: linear
  controlsLayout: edges
  controlsTutorial: false
  hash: true
  history: true
  hashOneBasedIndex: false
  fragmentInURL: false
  transition: none
  backgroundTransition: none
  pdfSeparateFragments: false
  lang: en
  auto-stretch: true
  title: Quarto Presentations
  subtitle: Create beautiful interactive slide decks with Reveal.js
  author: Shafayet Khan Shafee
  date: last-modified
  date-format: DD MMM, YYYY
  slideNumber: true
  sc-sb-title: true
  logo: images/quarto.png
  footer-logo-link: https://quarto.org
  

[WARNING] 
Could not fetch resource 

Output created: example_section_title.html


