

processing file: example.qmd

1/3             

2/3 [parameters]

3/3             

output file: example.knit.md


pandoc 

  to: html
  output-file: example.html
  standalone: true
  embed-resources: true
  section-divs: true
  html-math-method: mathjax
  wrap: none
  default-image-extension: png
  variables: {}
  

metadata

  document-css: false
  link-citations: true
  date-format: long
  lang: en
  engines:
    - path: /opt/quarto/share/extension-subtrees/julia-engine/_extensions/julia-engine/julia-engine.js
  title: Quarto Style Text Extension Example
  abstract: This is an example document of quarto style text extension.
  

Output created: example.html


