Cloning into 'repo'...
[1/7] qregurgitate-code-only.qmd


processing file: qregurgitate-code-only.qmd
1/5                  
2/5 [unnamed-chunk-1]
3/5                  
4/5 [unnamed-chunk-2]
5/5                  
output file: qregurgitate-code-only.knit.md

[2/7] qregurgitate-remove-inline.qmd
[3/7] qregurgitate-faq.qmd
[4/7] qregurgitate-with-results.qmd


processing file: qregurgitate-with-results.qmd
1/5                  
2/5 [unnamed-chunk-1]
3/5                  
4/5 [unnamed-chunk-2]
5/5                  
output file: qregurgitate-with-results.knit.md

[5/7] qregurgitate-release-notes.qmd
[6/7] qregurgitate-grouped.qmd


processing file: qregurgitate-grouped.qmd
1/3                  
2/3 [unnamed-chunk-1]
3/3                  
output file: qregurgitate-grouped.knit.md

[7/7] index.qmd

Output created: _site/index.html

