pandoc 

  to: html
  output-file: test.html
  standalone: true
  section-divs: true
  html-math-method: mathjax
  wrap: none
  default-image-extension: png
  variables: {}
  

metadata

  document-css: false
  link-citations: true
  date-format: long
  lang: en
  engines:
    - path: /opt/quarto/share/extension-subtrees/julia-engine/_extensions/julia-engine/julia-engine.js
  title: Kroki diagrams Test
  

  % Total    % Received % Xferd
  Average Speed   Time    Time     Time  Current
                                 Dload  Upload   Total   Spent    Left  Speed
  0     0    0     0    0     0      0      0 --:--:-- --:--:-- --:--:--     0
  2839     66 --:--:-- --:--:-- --:--:--  2906100  1405  100  1373  100    32   2865     66 --:--:-- --:--:-- --:--:--  2927

  % Total    % 
Received % Xferd  Average Speed   Time    Time     Time  Current
                                 Dload  Upload   Total   Spent    Left  Speed
  0     0    0     0    0   
  0      0      0 --:--:-- --:--:-- --:--:--     0
0    261 --:--:-- --:--:-- --:--:--  9915

  % Total    % Re
ceived % Xferd  Average Speed   Time    Time     Time  Current
                               
  Dload  Upload   Total   Spent    Left  Speed
  0     
0    0     0    0     0      0      0 --:--:-- --:--
:-- --:--:--     0
 80   4524    223 --:--:-- --:--:-- --:--:--  4751

  % Total    % Rec
eived % Xferd  Average Speed   Time    Time     Time  Current
                                
 Dload  Upload   Total   Spent    Left  Speed
  0     0 
   0     0    0     0      0      0 --:--:-- --:--:--
 --:--:--     0
    0  100    93      0    423 --:--:-- --:--:-- --:--:--   422
93  100    93   1643     90  0:00:01  0:00:01 --:--:--  1733

Output created: test.html


