Cloning into 'repo'...
Installing package into '/home/runner/work/quarto-extensions/quarto-extensions/test-19/R/x86_64-pc-linux-gnu-library/4.6'
(as 'lib' is unspecified)
trying URL 'https://packagemanager.posit.co/cran/latest/src/contrib/renv_1.2.2.tar.gz'
Content type 'binary/octet-stream' length 1356485 bytes (1.3 MB)
==================================================
downloaded 1.3 MB

* installing *source* package 'renv' ...
** this is package 'renv' version '1.2.2'
** package 'renv' successfully unpacked and MD5 sums checked
** using staged installation
** R
** inst
** byte-compile and prepare package for lazy loading
** help
*** installing help indices
*** copying figures
** building package indices
** installing vignettes
** testing if installed package can be loaded from temporary location
** checking absolute paths in shared objects and dynamic libraries
** testing if installed package can be loaded from final location
** testing if installed package keeps a record of temporary installation path
* DONE (renv)

The downloaded source packages are in
	'/tmp/Rtmp8foECz/downloaded_packages'
Installing packages into '/home/runner/work/quarto-extensions/quarto-extensions/test-19/R/x86_64-pc-linux-gnu-library/4.6'
(as 'lib' is unspecified)
also installing the dependencies 'gargle', 'sass', 'later', 'googledrive', 'googlesheets4', 'reprex', 'bslib'

trying URL 'https://packagemanager.posit.co/cran/latest/src/contrib/gargle_1.6.1.tar.gz'
trying URL 'https://packagemanager.posit.co/cran/latest/src/contrib/sass_0.4.10.tar.gz'
trying URL 'https://packagemanager.posit.co/cran/latest/src/contrib/later_1.4.8.tar.gz'
trying URL 'https://packagemanager.posit.co/cran/latest/src/contrib/googledrive_2.1.2.tar.gz'
trying URL 'https://packagemanager.posit.co/cran/latest/src/contrib/googlesheets4_1.1.2.tar.gz'
trying URL 'https://packagemanager.posit.co/cran/latest/src/contrib/reprex_2.1.1.tar.gz'
trying URL 'https://packagemanager.posit.co/cran/latest/src/contrib/bslib_0.10.0.tar.gz'
trying URL 'https://packagemanager.posit.co/cran/latest/src/contrib/fs_2.1.0.tar.gz'
trying URL 'https://packagemanager.posit.co/cran/latest/src/contrib/magick_2.9.1.tar.gz'
trying URL 'https://packagemanager.posit.co/cran/latest/src/contrib/quarto_1.5.1.tar.gz'
trying URL 'https://packagemanager.posit.co/cran/latest/src/contrib/tidyverse_2.0.0.tar.gz'
trying URL 'https://packagemanager.posit.co/cran/latest/src/contrib/rmarkdown_2.31.tar.gz'
* installing *source* package 'later' ...
** this is package 'later' version '1.4.8'
** package 'later' successfully unpacked and MD5 sums checked
** using staged installation
** libs
using C compiler: 'gcc (Ubuntu 11.4.0-1ubuntu1~22.04.3) 11.4.0'
using C++ compiler: 'g++ (Ubuntu 11.4.0-1ubuntu1~22.04.3) 11.4.0'
installing to /home/runner/work/quarto-extensions/quarto-extensions/test-19/R/x86_64-pc-linux-gnu-library/4.6/00LOCK-later/00new/later/libs
** R
** inst
** byte-compile and prepare package for lazy loading
** help
*** installing help indices
** building package indices
** installing vignettes
** testing if installed package can be loaded from temporary location
** checking absolute paths in shared objects and dynamic libraries
** testing if installed package can be loaded from final location
** testing if installed package keeps a record of temporary installation path
* DONE (later)
* installing *source* package 'fs' ...
** this is package 'fs' version '2.1.0'
** package 'fs' successfully unpacked and MD5 sums checked
** using staged installation
Package libuv was not found in the pkg-config search path.
Perhaps you should add the directory containing `libuv.pc'
to the PKG_CONFIG_PATH environment variable
No package 'libuv' found
ERROR: configuration failed for package 'fs'
* removing '/home/runner/work/quarto-extensions/quarto-extensions/test-19/R/x86_64-pc-linux-gnu-library/4.6/fs'
* installing *source* package 'magick' ...
** this is package 'magick' version '2.9.1'
** package 'magick' successfully unpacked and MD5 sums checked
** using staged installation
Package Magick++ was not found in the pkg-config search path.
Perhaps you should add the directory containing `Magick++.pc'
to the PKG_CONFIG_PATH environment variable
No package 'Magick++' found
ERROR: configuration failed for package 'magick'
* removing '/home/runner/work/quarto-extensions/quarto-extensions/test-19/R/x86_64-pc-linux-gnu-library/4.6/magick'
ERROR: dependency 'fs' is not available for package 'gargle'
Perhaps try a variation of:
install.packages('fs')
* removing '/home/runner/work/quarto-extensions/quarto-extensions/test-19/R/x86_64-pc-linux-gnu-library/4.6/gargle'
ERROR: dependency 'fs' is not available for package 'sass'
Perhaps try a variation of:
install.packages('fs')
* removing '/home/runner/work/quarto-extensions/quarto-extensions/test-19/R/x86_64-pc-linux-gnu-library/4.6/sass'
ERROR: dependency 'gargle' is not available for package 'googledrive'
Perhaps try a variation of:
install.packages('gargle')
* removing '/home/runner/work/quarto-extensions/quarto-extensions/test-19/R/x86_64-pc-linux-gnu-library/4.6/googledrive'
ERROR: dependency 'sass' is not available for package 'bslib'
Perhaps try a variation of:
install.packages('sass')
* removing '/home/runner/work/quarto-extensions/quarto-extensions/test-19/R/x86_64-pc-linux-gnu-library/4.6/bslib'
ERROR: dependencies 'gargle', 'googledrive' are not available for package 'googlesheets4'
Perhaps try a variation of:
install.packages(c('gargle', 'googledrive'))
* removing '/home/runner/work/quarto-extensions/quarto-extensions/test-19/R/x86_64-pc-linux-gnu-library/4.6/googlesheets4'
ERROR: dependency 'bslib' is not available for package 'rmarkdown'
Perhaps try a variation of:
install.packages('bslib')
* removing '/home/runner/work/quarto-extensions/quarto-extensions/test-19/R/x86_64-pc-linux-gnu-library/4.6/rmarkdown'
ERROR: dependencies 'fs', 'rmarkdown' are not available for package 'reprex'
Perhaps try a variation of:
install.packages(c('fs', 'rmarkdown'))
* removing '/home/runner/work/quarto-extensions/quarto-extensions/test-19/R/x86_64-pc-linux-gnu-library/4.6/reprex'
ERROR: dependencies 'fs', 'rmarkdown' are not available for package 'quarto'
Perhaps try a variation of:
install.packages(c('fs', 'rmarkdown'))
* removing '/home/runner/work/quarto-extensions/quarto-extensions/test-19/R/x86_64-pc-linux-gnu-library/4.6/quarto'
ERROR: dependencies 'googledrive', 'googlesheets4', 'reprex' are not available for package 'tidyverse'
Perhaps try a variation of:
install.packages(c('googledrive', 'googlesheets4', 'reprex'))
* removing '/home/runner/work/quarto-extensions/quarto-extensions/test-19/R/x86_64-pc-linux-gnu-library/4.6/tidyverse'

The downloaded source packages are in
	'/tmp/Rtmp8foECz/downloaded_packages'
There were 11 warnings (use warnings() to see them)
Error in loadNamespace(x) : there is no package called 'rmarkdown'
Calls: loadNamespace -> withRestarts -> withOneRestart -> doWithOneRestart
Execution halted
R installation:
  Version: 4.6.0
  Path: /opt/R/4.6.0/lib/R
  LibPaths:
    - /home/runner/work/quarto-extensions/quarto-extensions/test-19/R/x86_64-pc-linux-gnu-library/4.6
    - /opt/R/4.6.0/lib/R/library
  knitr: 1.51
  rmarkdown: (None)

The rmarkdown package is not available in this R installation.
Install with install.packages("rmarkdown")

WARN: Error encountered when rendering files
Render failed, retrying once...
Error in loadNamespace(x) : there is no package called 'rmarkdown'
Calls: loadNamespace -> withRestarts -> withOneRestart -> doWithOneRestart
Execution halted
R installation:
  Version: 4.6.0
  Path: /opt/R/4.6.0/lib/R
  LibPaths:
    - /home/runner/work/quarto-extensions/quarto-extensions/test-19/R/x86_64-pc-linux-gnu-library/4.6
    - /opt/R/4.6.0/lib/R/library
  knitr: 1.51
  rmarkdown: (None)

The rmarkdown package is not available in this R installation.
Install with install.packages("rmarkdown")

WARN: Error encountered when rendering files
