pandoc 

  to: latex
  output-file: template.tex
  template: _extensions/nastatement/template.tex
  standalone: true
  pdf-engine: lualatex
  variables:
    graphics: true
    tables: true
  default-image-extension: pdf
  

metadata

  block-headings: true
  engines:
    - path: /opt/quarto/share/extension-subtrees/julia-engine/_extensions/julia-engine/julia-engine.js
  title: To whom it may concern
  fromname: Nelson Areal
  fromtitle: Associate Professor
  fromWWW: https://nelsonareal.net
  fromemail: nareal@eeg.uminho.pt
  fromphone: +351 253 601 923
  fromaddress: |
    | School of Economics and Management
    | University of Minho
    | Campus de Gualtar
    | 4710-057 Braga - Portugal
  closing: Best regards,
  spacing: 1.4
  lang: en-GB
  babel-lang: british
  


Rendering PDF

running lualatex - 1

  This is LuaHBTeX, Version 1.24.0 (TeX Live 2026) 
   restricted system commands enabled.
  

Installing missing hyphenation file...

> 1 package to install

> installing hyphen-british (1 of 1)

(WARN) Error encountered when rendering files

(ERROR) tlmgr returned a non zero status code
tlmgr install: package hyphen-british not present in repository.
tlmgr: action install returned an error; continuing.
tlmgr: An error has occurred. See above messages. Exiting.


Stack trace:
    at renderFiles (file:///opt/quarto/bin/quarto.js:136526:49)
    at eventLoopTick (ext:core/01_core.js:179:7)
    at async render (file:///opt/quarto/bin/quarto.js:142154:19)
    at async _Command.actionHandler (file:///opt/quarto/bin/quarto.js:142399:24)
    at async _Command.execute (file:///opt/quarto/bin/quarto.js:102022:7)
    at async _Command.parseCommand (file:///opt/quarto/bin/quarto.js:101899:14)
    at async quarto4 (file:///opt/quarto/bin/quarto.js:187518:5)
    at async file:///opt/quarto/bin/quarto.js:187546:5
    at async file:///opt/quarto/bin/quarto.js:187401:14
    at async mainRunner (file:///opt/quarto/bin/quarto.js:187403:5)
    at async file:///opt/quarto/bin/quarto.js:187539:3

