Cloning into 'repo'...
pandoc 
  to: html
  output-file: index.html
  standalone: true
  section-divs: true
  html-math-method: mathjax
  wrap: none
  default-image-extension: png
  toc: true
  variables: {}
  
metadata
  document-css: false
  link-citations: true
  date-format: long
  lang: en
  title: External
  subtitle: Quarto Extension
  author:
    - name: Mickaël CANOUIL, _Ph.D._
      orcid: 0000-0002-3396-4549
      url: https://mickael.canouil.fr
  
[33mWARNING (/opt/quarto/share/filters/main.lua:20772) Shortcode 'iconify' not found
[39m[33mWARNING (/opt/quarto/share/filters/main.lua:20772) Shortcode 'iconify' not found
[39m[33mWARNING (/opt/quarto/share/filters/main.lua:20772) Shortcode 'iconify' not found
[39mOutput created: index.html

