Cloning into 'repo'...
pandoc 
  to: latex
  output-file: template.tex
  standalone: true
  shift-heading-level-by: -1
  pdf-engine: pdflatex
  variables:
    graphics: true
    tables: true
  default-image-extension: pdf
  toc: false
  number-sections: true
  cite-method: biblatex
  
metadata
  block-headings: true
  fontfamily: fbb
  engines:
    - path: /opt/quarto/share/extension-subtrees/julia-engine/_extensions/julia-engine/julia-engine.js
  title: Cambridge-Medium Template
  author:
    - name: F. Author
      affiliations:
        - name: Organization
          department: First Division
          city: Boston
          state: Massachusetts
          country: USA
          postal-code: 02210-1022
        - A second affiliation, University
      email: first.author@address.edu
    - name: S. Author
      affiliations:
        - name: Organization
          department: Second Division
          city: Boston
          state: Massachusetts
          country: USA
          postal-code: 2138
    - name: T. Author
      affiliations:
        - name: Organization
          department: Third Division
          city: New York
          state: New York
          country: USA
          postal-code: 10012
    - name: F.T. Author
      affiliations:
        - name: Organization
          department: Political Science
          city: Chicago
          state: Illinois
          country: USA
          postal-code: 60637
  abstract: |
    This document is a template demonstrating the Cambridge-medium format.
  acknowledgements: |
    This document is based on the Overleaf template.
  keywords:
    - template
    - demo
  bibliography:
    - bibliography.bib
  journal: medium
  year: 2023
  volume: NA
  

Rendering PDF
running pdflatex - 1
  This is pdfTeX, Version 3.141592653-2.6-1.40.29 (TeX Live 2026) (preloaded format=pdflatex)
   restricted \write18 enabled.
  entering extended mode
  
updating tlmgr

updating existing packages
finding package for lastpage.sty
> 1 package to install
> installing lastpage (1 of 1)
  This is pdfTeX, Version 3.141592653-2.6-1.40.29 (TeX Live 2026) (preloaded format=pdflatex)
   restricted \write18 enabled.
  entering extended mode
  
finding package for enumitem.sty
> 1 package to install
> installing enumitem (1 of 1)
  This is pdfTeX, Version 3.141592653-2.6-1.40.29 (TeX Live 2026) (preloaded format=pdflatex)
   restricted \write18 enabled.
  entering extended mode
  
finding package for threeparttable.sty
> 1 package to install
> installing threeparttable (1 of 1)
  This is pdfTeX, Version 3.141592653-2.6-1.40.29 (TeX Live 2026) (preloaded format=pdflatex)
   restricted \write18 enabled.
  entering extended mode
  
finding package for endnotes.sty
> 1 package to install
> installing endnotes (1 of 1)
  This is pdfTeX, Version 3.141592653-2.6-1.40.29 (TeX Live 2026) (preloaded format=pdflatex)
   restricted \write18 enabled.
  entering extended mode
  
finding package for changepage.sty
> 1 package to install
> installing changepage (1 of 1)
  This is pdfTeX, Version 3.141592653-2.6-1.40.29 (TeX Live 2026) (preloaded format=pdflatex)
   restricted \write18 enabled.
  entering extended mode
  
finding package for stringstrings.sty
> 1 package to install
> installing stringstrings (1 of 1)
  This is pdfTeX, Version 3.141592653-2.6-1.40.29 (TeX Live 2026) (preloaded format=pdflatex)
   restricted \write18 enabled.
  entering extended mode
  
finding package for textpos.sty
> 1 package to install
> installing textpos (1 of 1)
  This is pdfTeX, Version 3.141592653-2.6-1.40.29 (TeX Live 2026) (preloaded format=pdflatex)
   restricted \write18 enabled.
  entering extended mode
  
finding package for colortbl.sty
> 1 package to install
> installing colortbl (1 of 1)
  This is pdfTeX, Version 3.141592653-2.6-1.40.29 (TeX Live 2026) (preloaded format=pdflatex)
   restricted \write18 enabled.
  entering extended mode
  
finding package for caption.sty
> 1 package to install
> installing caption (1 of 1)
  This is pdfTeX, Version 3.141592653-2.6-1.40.29 (TeX Live 2026) (preloaded format=pdflatex)
   restricted \write18 enabled.
  entering extended mode
  
finding package for floatrow.sty
> 1 package to install
> installing floatrow (1 of 1)
  This is pdfTeX, Version 3.141592653-2.6-1.40.29 (TeX Live 2026) (preloaded format=pdflatex)
   restricted \write18 enabled.
  entering extended mode
  
finding package for mdframed.sty
> 1 package to install
> installing mdframed (1 of 1)
  This is pdfTeX, Version 3.141592653-2.6-1.40.29 (TeX Live 2026) (preloaded format=pdflatex)
   restricted \write18 enabled.
  entering extended mode
  
finding package for zref-abspage.sty
> 1 package to install
> installing zref (1 of 1)
  This is pdfTeX, Version 3.141592653-2.6-1.40.29 (TeX Live 2026) (preloaded format=pdflatex)
   restricted \write18 enabled.
  entering extended mode
  
finding package for needspace.sty
> 1 package to install
> installing needspace (1 of 1)
  This is pdfTeX, Version 3.141592653-2.6-1.40.29 (TeX Live 2026) (preloaded format=pdflatex)
   restricted \write18 enabled.
  entering extended mode
  
finding package for mfirstuc.sty
> 1 package to install
> installing mfirstuc (1 of 1)
  This is pdfTeX, Version 3.141592653-2.6-1.40.29 (TeX Live 2026) (preloaded format=pdflatex)
   restricted \write18 enabled.
  entering extended mode
  
finding package for alphalph.sty
> 1 package to install
> installing alphalph (1 of 1)
  This is pdfTeX, Version 3.141592653-2.6-1.40.29 (TeX Live 2026) (preloaded format=pdflatex)
   restricted \write18 enabled.
  entering extended mode
  
finding package for fbb.sty
> 1 package to install
> installing fbb (1 of 1)
  This is pdfTeX, Version 3.141592653-2.6-1.40.29 (TeX Live 2026) (preloaded format=pdflatex)
   restricted \write18 enabled.
  entering extended mode
  
finding package for ly1enc.def
> 1 package to install
> installing ly1 (1 of 1)
  This is pdfTeX, Version 3.141592653-2.6-1.40.29 (TeX Live 2026) (preloaded format=pdflatex)
   restricted \write18 enabled.
  entering extended mode
  
finding package for xstring.sty
> 1 package to install
> installing xstring (1 of 1)
  This is pdfTeX, Version 3.141592653-2.6-1.40.29 (TeX Live 2026) (preloaded format=pdflatex)
   restricted \write18 enabled.
  entering extended mode
  
finding package for sourcesanspro.sty
> 1 package to install
> installing sourcesans (1 of 1)
  This is pdfTeX, Version 3.141592653-2.6-1.40.29 (TeX Live 2026) (preloaded format=pdflatex)
   restricted \write18 enabled.
  entering extended mode
  
finding package for sansmath.sty
> 1 package to install
> installing sansmath (1 of 1)
