Cloning into 'repo'...
[1mpandoc [22m
  to: latex
  output-file: template.tex
  standalone: true
  pdf-engine: lualatex
  variables:
    graphics: true
    tables: true
  default-image-extension: pdf
  
[1mmetadata[22m
  block-headings: true
  date: today
  date-format: long
  documentclass: letter
  geometry:
    - margin=1in
    - bottom=1in
    - left=1in
    - right=1in
  colorlinks: true
  engines:
    - path: /opt/quarto/share/extension-subtrees/julia-engine/_extensions/julia-engine/julia-engine.js
  author:
    - name: John Doe
      affiliation:
        - name: Dummy org
          department: Cool Dep
          address: Somewhere
          city: Magic city
          country: best one
          postal-code: 9999
  address:
    - Director Doe & Co
    - 35 Anthony Road
    - Newport
    - Ipswich IP3 5RT
  subject: collaboration
  subject-title: Subject
  opening: Dear Sir or Madam,
  closing: Yours Faithfully,
  cc:
    - Recipient 1
    - Recipient 2
  encl:
    - Enclosure 1
    - Enclosure 2
  ps: |
    PS: Lorem ipsum dolor sit amet, *consectetur* adipiscing elit.
  
[1m[34m
Rendering PDF[39m[22m
[1m[34mrunning lualatex - 1[39m[22m
  This is LuaHBTeX, Version 1.24.0 (TeX Live 2026) 
   restricted system commands enabled.
  
  luaotfload | db : Font names database not found, generating new one.
  luaotfload | db : This can take several minutes; please be patient.
[1m[34mupdating tlmgr[39m[22m

[1m[34mupdating existing packages[39m[22m
[1m[34mfinding package for caption.sty[39m[22m
[91mERROR: 
compilation failed- no matching packages[39m
LaTeX Error: File `caption.sty' not found.

Type X to quit or <RETURN> to proceed,
or enter new name. (Default extension: sty)

Enter file name: 
! Emergency stop.
<read *> 
   
l.111 \AtBeginDocument
                    {%


see template.log for more information.
[33mWARN: Error encountered when rendering files[39m
