pandoc 

  to: html
  output-file: >-
    /home/runner/work/quarto-extensions/quarto-extensions/test-4/repo/example/qexpected.html
  standalone: true
  section-divs: true
  html-math-method: mathjax
  wrap: none
  default-image-extension: png
  citeproc: false
  variables: {}
  

metadata

  document-css: false
  link-citations: true
  date-format: long
  lang: en
  bibliography:
    - ../example/references.bib
    - references.bib
  csl: ../example/chicago-author-date-with-note.csl
  engines:
    - path: /opt/quarto/share/extension-subtrees/julia-engine/_extensions/julia-engine/julia-engine.js
  title: Self-citing bibliography example
  author: Julien Dutant
  recursive-citeproc:
    max-depth: 50
    debug: true
  nocite:
    - '@Smith2001'
    - |
      @Smith2003
  abstract: |
    This document illustrates self-citing bibliographies.
    The abstract is used to check that citations in
    metadata are printed correctly [@Smith2005].
  

Output created: expected/example/qexpected.html


