Cloning into 'repo'...
[1/4] index.qmd
(E) Error running 'shinylive' command. Perhaps you need to install / update the 'shinylive' Python package?
 Error:
 PandocError {}
Error running filter /opt/quarto/share/filters/main.lua:
...t-12/repo/_extensions/quarto-ext/shinylive/shinylive.lua:40: Error running 'shinylive' command. Perhaps you need to install / update the 'shinylive' Python package?

stack traceback:
	...t-12/repo/_extensions/quarto-ext/shinylive/shinylive.lua:40: in global 'throw_quarto_error'
	...t-12/repo/_extensions/quarto-ext/shinylive/shinylive.lua:57: in global 'callPythonShinylive'
	...t-12/repo/_extensions/quarto-ext/shinylive/shinylive.lua:111: in global 'callShinylive'
	...t-12/repo/_extensions/quarto-ext/shinylive/shinylive.lua:253: in global 'ensurePyshinyliveVersion'
	...t-12/repo/_extensions/quarto-ext/shinylive/shinylive.lua:312: in global 'ensureLanguageSetup'
	...t-12/repo/_extensions/quarto-ext/shinylive/shinylive.lua:424: in function <...t-12/repo/_extensions/quarto-ext/shinylive/shinylive.lua:408>
	[C]: in ?
	[C]: in method 'walk'
	/opt/quarto/share/pandoc/datadir/_utils.lua:607: in function '_utils.walk'
	/opt/quarto/share/filters/main.lua:572: in local 'checked_walk'
	/opt/quarto/share/filters/main.lua:627: in function 'run_emulated_filter'
	/opt/quarto/share/filters/main.lua:1314: in local 'callback'
	[string "if pandoc.system.os == "mingw32" then..."]:778: in field 'withScriptFile'
	/opt/quarto/share/filters/main.lua:1330: in upvalue 'run_emulated_filter_chain'
	/opt/quarto/share/filters/main.lua:1368: in function </opt/quarto/share/filters/main.lua:1365>
stack traceback:
	/opt/quarto/share/pandoc/datadir/_utils.lua:607: in function '_utils.walk'
	/opt/quarto/share/filters/main.lua:572: in local 'checked_walk'
	/opt/quarto/share/filters/main.lua:627: in function 'run_emulated_filter'
	/opt/quarto/share/filters/main.lua:1314: in local 'callback'
	[string "if pandoc.system.os == "mingw32" then..."]:778: in field 'withScriptFile'
	/opt/quarto/share/filters/main.lua:1330: in upvalue 'run_emulated_filter_chain'
	/opt/quarto/share/filters/main.lua:1368: in function </opt/quarto/share/filters/main.lua:1365>
WARN: Error encountered when rendering files
Render failed, retrying once...
[1/4] index.qmd
(E) Error running 'shinylive' command. Perhaps you need to install / update the 'shinylive' Python package?
 Error:
 PandocError {}
Error running filter /opt/quarto/share/filters/main.lua:
...t-12/repo/_extensions/quarto-ext/shinylive/shinylive.lua:40: Error running 'shinylive' command. Perhaps you need to install / update the 'shinylive' Python package?

stack traceback:
	...t-12/repo/_extensions/quarto-ext/shinylive/shinylive.lua:40: in global 'throw_quarto_error'
	...t-12/repo/_extensions/quarto-ext/shinylive/shinylive.lua:57: in global 'callPythonShinylive'
	...t-12/repo/_extensions/quarto-ext/shinylive/shinylive.lua:111: in global 'callShinylive'
	...t-12/repo/_extensions/quarto-ext/shinylive/shinylive.lua:253: in global 'ensurePyshinyliveVersion'
	...t-12/repo/_extensions/quarto-ext/shinylive/shinylive.lua:312: in global 'ensureLanguageSetup'
	...t-12/repo/_extensions/quarto-ext/shinylive/shinylive.lua:424: in function <...t-12/repo/_extensions/quarto-ext/shinylive/shinylive.lua:408>
	[C]: in ?
	[C]: in method 'walk'
	/opt/quarto/share/pandoc/datadir/_utils.lua:607: in function '_utils.walk'
	/opt/quarto/share/filters/main.lua:572: in local 'checked_walk'
	/opt/quarto/share/filters/main.lua:627: in function 'run_emulated_filter'
	/opt/quarto/share/filters/main.lua:1314: in local 'callback'
	[string "if pandoc.system.os == "mingw32" then..."]:778: in field 'withScriptFile'
	/opt/quarto/share/filters/main.lua:1330: in upvalue 'run_emulated_filter_chain'
	/opt/quarto/share/filters/main.lua:1368: in function </opt/quarto/share/filters/main.lua:1365>
stack traceback:
	/opt/quarto/share/pandoc/datadir/_utils.lua:607: in function '_utils.walk'
	/opt/quarto/share/filters/main.lua:572: in local 'checked_walk'
	/opt/quarto/share/filters/main.lua:627: in function 'run_emulated_filter'
	/opt/quarto/share/filters/main.lua:1314: in local 'callback'
	[string "if pandoc.system.os == "mingw32" then..."]:778: in field 'withScriptFile'
	/opt/quarto/share/filters/main.lua:1330: in upvalue 'run_emulated_filter_chain'
	/opt/quarto/share/filters/main.lua:1368: in function </opt/quarto/share/filters/main.lua:1365>
WARN: Error encountered when rendering files
