pandoc 

  to: typst
  output-file: template.typ
  standalone: true
  default-image-extension: svg
  wrap: none
  citeproc: false
  toc: true
  variables: {}
  

metadata

  date-format: long
  engines:
    - path: /opt/quarto/share/extension-subtrees/julia-engine/_extensions/julia-engine/julia-engine.js
  title: A presentation with Polylux via Quarto
  subtitle: using `projector`
  author:
    - name: Author One
      affiliations:
        - name: Harvard University
    - name: Author Two
      affiliations:
        - name: Yale University
  date: today
  bullet-incremental: true
  handout: false
  theme: greyer.typ
  

[typst]: Compiling template.typ to template.pdf...
error: unknown variable: NormalTok
    ┌─ template.typ:483:1
    │
483 │ #NormalTok("projecto
r"); is a #link("https://quarto.org/")[Quarto] extension to create #link("https://github.com/polylux-typ/polylux")[Polylux] presentations in #link("https://typst.app/")[Typst] while only writing #link("https://daringfireball.net/projects/markdown/")[Markdown].
    │  ^^^^^^^^^


(ERROR) error: unknown variable: NormalTok
    ┌─ template.typ:483:1
    │
483 │ #NormalTok("projector"); is a #link("https://quarto.org/")[Quarto] extension to create #link("https://github.com/polylux-typ/polylux")[Polylux] presentations in #link("https://typst.app/")[Typst] while only writing #link("https://daringfireball.net/projects/markdown/")[Markdown].
    │  ^^^^^^^^^



(ERROR) Typst compilation failed

