Cloning into 'repo'...
/usr/local/bin/tlmgr: open(>/opt/tinytex/tlpkg/texlive.tlpdb.tmp) failed: Permission denied at /opt/tinytex/tlpkg/TeXLive/TLPDB.pm line 611.
CTAN mirror https://ctan.math.utah.edu/ctan/tex-archive/systems/texlive/tlnet failed, trying next...
/usr/local/bin/tlmgr: open(>/opt/tinytex/tlpkg/texlive.tlpdb.tmp) failed: Permission denied at /opt/tinytex/tlpkg/TeXLive/TLPDB.pm line 611.
CTAN mirror https://ctan.math.illinois.edu/systems/texlive/tlnet failed, trying next...
/usr/local/bin/tlmgr: open(>/opt/tinytex/tlpkg/texlive.tlpdb.tmp) failed: Permission denied at /opt/tinytex/tlpkg/TeXLive/TLPDB.pm line 611.
CTAN mirror https://mirrors.rit.edu/CTAN/systems/texlive/tlnet failed, trying next...
/usr/local/bin/tlmgr: open(>/opt/tinytex/tlpkg/texlive.tlpdb.tmp) failed: Permission denied at /opt/tinytex/tlpkg/TeXLive/TLPDB.pm line 611.
CTAN mirror https://mirror.ctan.org/systems/texlive/tlnet failed, trying next...
All CTAN mirrors failed. LaTeX packages may not install.
pandoc 
  to: typst
  output-file: template.typ
  standalone: true
  default-image-extension: svg
  wrap: none
  citeproc: false
  toc: true
  variables: {}
  
metadata
  date-format: long
  engines:
    - path: /opt/quarto/share/extension-subtrees/julia-engine/_extensions/julia-engine/julia-engine.js
  title: A presentation with Polylux via Quarto
  subtitle: using `projector`
  author:
    - name: Author One
      affiliations:
        - name: Harvard University
    - name: Author Two
      affiliations:
        - name: Yale University
  date: today
  bullet-incremental: true
  handout: false
  theme: greyer.typ
  
[typst]: Compiling template.typ to template.pdf...downloading @preview/polylux:0.4.0
  6.4 KiB /   6.4 KiB (100 %)   6.4 KiB/s in 16.63 µs ETA: 0 s

error: unknown variable: NormalTok
    ┌─ template.typ:483:1
    │
483 │ #NormalTok("projector"); is a #link("https://quarto.org/")[Quarto] extension to create #link("https://github.com/polylux-typ/polylux")[Polylux] presentations in #link("https://typst.app/")[Typst] while only writing #link("https://daringfireball.net/projects/markdown/")[Markdown].
    │  ^^^^^^^^^

ERROR: downloading @preview/polylux:0.4.0
  6.4 KiB /   6.4 KiB (100 %)   6.4 KiB/s in 16.63 µs ETA: 0 s

error: unknown variable: NormalTok
    ┌─ template.typ:483:1
    │
483 │ #NormalTok("projector"); is a #link("https://quarto.org/")[Quarto] extension to create #link("https://github.com/polylux-typ/polylux")[Polylux] presentations in #link("https://typst.app/")[Typst] while only writing #link("https://daringfireball.net/projects/markdown/")[Markdown].
    │  ^^^^^^^^^


ERROR: Typst compilation failed
Render failed, retrying once...
pandoc 
  to: typst
  output-file: template.typ
  standalone: true
  default-image-extension: svg
  wrap: none
  citeproc: false
  toc: true
  variables: {}
  
metadata
  date-format: long
  engines:
    - path: /opt/quarto/share/extension-subtrees/julia-engine/_extensions/julia-engine/julia-engine.js
  title: A presentation with Polylux via Quarto
  subtitle: using `projector`
  author:
    - name: Author One
      affiliations:
        - name: Harvard University
    - name: Author Two
      affiliations:
        - name: Yale University
  date: today
  bullet-incremental: true
  handout: false
  theme: greyer.typ
  
[typst]: Compiling template.typ to template.pdf...error: unknown variable: NormalTok
    ┌─ template.typ:483:1
    │
483 │ #NormalTok("projector"); is a #link("https://quarto.org/")[Quarto] extension to create #link("https://github.com/polylux-typ/polylux")[Polylux] presentations in #link("https://typst.app/")[Typst] while only writing #link("https://daringfireball.net/projects/markdown/")[Markdown].
    │  ^^^^^^^^^

ERROR: error: unknown variable: NormalTok
    ┌─ template.typ:483:1
    │
483 │ #NormalTok("projector"); is a #link("https://quarto.org/")[Quarto] extension to create #link("https://github.com/polylux-typ/polylux")[Polylux] presentations in #link("https://typst.app/")[Typst] while only writing #link("https://daringfireball.net/projects/markdown/")[Markdown].
    │  ^^^^^^^^^


ERROR: Typst compilation failed
