pandoc 

  to: revealjs
  output-file: example_simple.html
  standalone: true
  wrap: none
  default-image-extension: png
  html-math-method:
    method: mathjax
    url: >-
      https://cdn.jsdelivr.net/npm/mathjax@2.7.9/MathJax.js?config=TeX-AMS_HTML-full
  slide-level: 2
  variables: {}
  

metadata

  link-citations: true
  width: 1050
  height: 700
  margin: 0.1
  center: false
  navigationMode: linear
  controlsLayout: edges
  controlsTutorial: false
  hash: true
  history: true
  hashOneBasedIndex: false
  fragmentInURL: false
  transition: none
  backgroundTransition: none
  pdfSeparateFragments: false
  lang: en
  auto-stretch: true
  title: ProgresSVG
  subtitle: An extension for Quarto@revealjs
  author: Rodrigo J. Gonçalves
  theme: default
  

FATAL (/opt/quarto/share/filters/main.lua:3757) An error occurred:
Could not run /home/runner/work/quarto-extensions/quarto-extensions/test-13/repo/assets/progressvg as a JSON filter.
Please make sure the file exists and is executable.

Did you intend 'progressvg' as a Lua filter in an extension?
If so, make sure you've spelled the name of the extension correctly.

The original Pandoc error follows below.
Error running filter /home/runner/work/quarto-extensions/quarto-extensions/test-13/repo/assets/progressvg:
Could not find executable /home/runner/work/quarto-extensions/quarto-extensions/test-13/repo/assets/progressvg

Error r
unning filter /opt/quarto/share/filters/main.lua:
/opt/quarto/share/filters/main.lua:586: FA
TAL QUARTO ERROR
stack traceback:
	/opt/quarto/share/filters/main.lua
:2619: in function 'fatal'
	/opt/quarto/share/filters/main.lua:2
199: in function 'fail'
	/opt/quarto/share/filters/main.lua:3
757: in field 'Pandoc'
	/opt/quarto/share/filter
s/main.lua:586: in function 'run_emulated_
filter'
	/opt/quarto/share/filters/main.lua:1314
: in local 'callback'
	/opt/quarto/share/filters/main.lua:1332: in u
pvalue 'run_emulated_filter_chain'
	/opt
/quarto/share/filters/main.lua:13
68: in function </opt/quarto/share/f
ilters/main.lua:1365>

(WARN) Error encountered when rendering files

