pandoc 

  to: html
  output-file: index.html
  standalone: true
  section-divs: true
  html-math-method: mathjax
  wrap: none
  default-image-extension: png
  variables: {}
  

metadata

  document-css: false
  link-citations: true
  date-format: long
  lang: en
  engines:
    - path: /opt/quarto/share/extension-subtrees/julia-engine/_extensions/julia-engine/julia-engine.js
  title-block-banner: '#222222'
  theme:
    - default
    - ../style.scss
  linkcolor: '#ff3e00'
  callout-appearance: simple
  title: Articles
  description: In-depth use of quarto-svelte.
  listing:
    contents:
      - '*/index.qmd'
  

Output created: ../_site/articles/index.html


