

processing file: index.qmd

1/13                  

2/13 [unnamed-chunk-1]

3/13                  

4/13 [unnamed-chunk-2]

5/13                  

6/13 [unnamed-chunk-3]

7/13                  

8/13 [unnamed-chunk-4]

9/13                  

10/13 [unnamed-chunk-5]

11/13                  

12/13 [unnamed-chunk-6]

13/13                  

output file: index.knit.md


Error running filter /opt/
quarto/share/filters/main.lua:
/opt/quarto/share/filters/main.lua:23080: attempt to call a nil value (
method 'map')
stack traceback:
	/
opt/quarto/share/filters/ma
in.lua:937: in field 'Tabs
et'
	...extensions/test-
10/repo/docs/_extensions
/tabby/tabby.lua:212: 
in function <...extensi
ons/test-10/repo/docs/_e
xtensions/tabby/tabby.lua:147>
	(...tail cal
ls...)
	[C]: in ?
	[C]: in method 'w
alk'
	/opt/quarto/share/pandoc/data
dir/_utils.lua:607: in function '_utils.walk'

	/opt/quarto/share/filters/main.lua:574: in fun
ction </opt/quarto/share/filters/main.lua:552>
	(...tail calls...)
	/opt/quarto/share/filters/main.lua:1317: in local 'callback'
	[string "if pandoc.system.os == "mingw32" then..
."]:778: in field 'withScriptFile'
	/op
t/quarto/share/filters/m
ain.lua:1333: in upva
lue 'run_emulated_fil
ter_chain'
	/opt/quar
to/share/filters/main
.lua:1371: in functi
on </opt/quarto/share
/filters/main.lua:13
68>
stack traceback
:
	/opt/quarto/share
/pandoc/datadir/_util
s.lua:607: in function '_u
tils.walk'
	/opt/qua
rto/share/filters/mai
n.lua:574: in functi
on </opt/quarto/share
/filters/main.lua:55
2>
	(...tail calls...
)
	/opt/quarto/share/
filters/main.lua:131
7: in local 'callbac
k'
	[string "if pandoc
.system.os == "mingw3
2" then..."]:778: in 
field 'withScriptFil
e'
	/opt/quarto/share
/filters/main.lua:133
3: in upvalue 'run_e
mulated_filter_chain'

	/opt/quarto/share/
filters/main.lua:1371
: in function </opt/quarto/share/filters/main
.lua:1368>

(WARN) Error encountered when rendering files

