pandoc 

  to: html
  output-file: example.html
  standalone: true
  section-divs: true
  html-math-method: mathjax
  wrap: none
  default-image-extension: png
  variables: {}
  

metadata

  document-css: false
  link-citations: true
  date-format: long
  lang: en
  engines:
    - path: /opt/quarto/share/extension-subtrees/julia-engine/_extensions/julia-engine/julia-engine.js
  title: Quarto-svgbob Example
  

Error running filte
r /opt/quarto/share/filters/main.lua:
svgbob: createProcess: posix_spawnp: permission denied (Permission denied)
stack traceback:
	...test-17/repo/_extensions/quarto-svgbob/quarto-svgbob.lua:27: in local 'render_cmd'
	...test-17/repo/_extensi
ons/quarto-svgbob/quarto-svgbob.lua:43: in global 'Render'
	...test-17/repo/_extensio
ns/quarto-svgbob/quarto-svgbob.lua:64: in function <...test-17/repo/_extensions/quarto-
svgbob/quarto-svgbob.lua:63>
	[C]: in ?
	[C]: in method 'walk'
	/opt/quarto/share/pandoc/dat
adir/_utils.lua:607: in function '_utils.walk'
	/opt/quarto/share/filters/main.lua:57
4: in local 'checked_walk'
	/opt/quarto/share/filters/main.lua:
629: in function 'run_emulated_filt
er'
	/opt/quarto/share/filters/main.lua:1317: in local 'cal
lback'
	[string "if pandoc.system.os == "mingw32" then..."]:778: in field 'with
ScriptFile'
	/opt/quart
o/share/filters/main.l
ua:1333: in upvalu
e 'run_emulated_fi
lter_chain'
	/opt/
quarto/share/filt
ers/main.lua:1371:
 in function </op
t/quarto/share/fil
ters/main.lua:136
8>
stack traceback
:
	/opt/quarto/sh
are/pandoc/datadi
r/_utils.lua:607:
 in function '_utils
.walk'
	/opt/quar
to/share/filters/
main.lua:574: in 
local 'checked_wal
k'
	/opt/quarto/s
hare/filters/main.
lua:629: in funct
ion 'run_emulated
_filter'
	/opt/quarto
/share/filters/main.lua
:1317: in local '
callback'
	[string
 "if pandoc.system.os
 == "mingw32" the
n..."]:778: in fie
ld 'withScriptFil
e'
	/opt/quarto/s
hare/filters/main.
lua:1333: in upva
lue 'run_emulated
_filter_chain'
	/
opt/quarto/share/
filters/main.lua:
1371: in function </opt/q
uarto/share/fi
lters/main.lu
a:1368>

(WARN) Error encountered when rendering files

