

processing file: programmatic.qmd

1/5                  

2/5 [unnamed-chunk-1]

3/5                  

4/5 [unnamed-chunk-2]

Downloading cpython-3.12.13-linux-x86_64-gnu (download) (32.6MiB)

 Downloaded cpython-3.12.13-linux-x86_64-gnu (download)

Downloading numpy (15.9MiB)

 Downloaded numpy

Installed 1 package in 169ms

5/5                  

output file: programmatic.knit.md




processing file: images.qmd

1/13                  

2/13 [setup]          

3/13                  
4/13 [unnamed-chunk-1]

5/13                  

6/13 [unnamed-chunk-2]

7/13                  

8/13 [unnamed-chunk-3]

9/13                  

10/13 [unnamed-chunk-4]

11/13                  

12/13 [unnamed-chunk-5]

13/13                  

output file: images.knit.md




Output created: example.html


