pandoc 

  to: >-
    commonmark+autolink_bare_uris+emoji+footnotes+gfm_auto_identifiers+pipe_tables+strikeout+task_lists+tex_math_dollars
  output-file: gfm.md
  standalone: true
  default-image-extension: png
  variables: {}
  

metadata

  engines:
    - path: /opt/quarto/share/extension-subtrees/julia-engine/_extensions/julia-engine/julia-engine.js
  title: D2 Extension For Quarto
  d2:
    layout: elk
  

sh: 1: d2: Permission denied

Error r
unning filter /opt/quarto/share/filters/main.lua:
string expected, got nil
	while retrieving fun
ction argument contents
	while retrieving arguments for function insert

stack traceback:
	...arto-extensions/test-17/repo/tests/_ex
tensions/d2/d2.lua:210: in function <...arto-extensions/test-17/repo/tests/_extensions/
d2/d2.lua:181>
	[C]: in ?
	[C]: in method 'walk'
	...arto-extensions/test-17/repo/tests/
_extensions/d2/d2.lua:366: in function <...arto-extensions/test-17/repo/
tests/_extensions/d2/d2.lua:339>
	[C]: in ?
	[C]: in method 'walk'

	/opt/quarto/share/pandoc/datadir/_utils.lua:607: in fun
ction '_utils.walk'
	/opt/quarto/s
hare/filters/main.lua:574: in local 'checked_walk'
	/opt/qu
arto/share/filters/main.lua:629: in function 'run_em
ulated_filter'
	/opt/quarto/share/filters/
main.lua:1317: in local 'callbac
k'
	[string "if pandoc.sy
stem.os == "mingw32" the
n..."]:778: in field 'w
ithScriptFile'
	/opt/quarto/shar
e/filters/main.lua:1333: i
n upvalue 'run_emulate
d_filter_chain'
	/opt/
quarto/share/filters/
main.lua:1371: in func
tion </opt/quarto/sha
re/filters/main.lua:1368>

stack traceback:
	...arto-extensions
/test-17/repo/tests/_extens
ions/d2/d2.lua:366: in
 function <...arto-ext
ensions/test-17/repo/t
ests/_extensions/d2/
d2.lua:339>
	[C]: in 
?
	[C]: in method 'wa
lk'
	/opt/quarto/shar
e/pandoc/datadir/_uti
ls.lua:607: in functi
on '_utils.walk'
	/opt/
quarto/share/filters/m
ain.lua:574: in local 'checked_walk'

	/opt/quarto/share/filte
rs/main.lua:629: in f
unction 'run_emulated_f
ilter'
	/opt/quarto/s
hare/filters/main.lua:
1317: in local 'callb
ack'
	[string "if pan
doc.system.os == "ming
w32" then..."]:778: i
n field 'withScriptFi
le'
	/opt/quarto/shar
e/filters/main.lua:133
3: in upvalue 'run_e
mulated_filter_chain'
	/op
t/quarto/share
/filters/main.lua:1371
: in function </opt/quar
to/share/filters/mai
n.lua:1368>
stack traceback:
	/
opt/quarto/share/pandoc
/datadir/_utils.lua:6
07: in function '_uti
ls.walk'
	/opt/quarto
/share/filters/main.lu
a:574: in local 'chec
ked_walk'
	/opt/quart
o/share/filters/main.
lua:629: in function 'ru
n_emula
ted_filter'
	/opt/quarto/share/
filters/main.lua:1317: 
in local 'callback'
	[stri
ng "if pandoc.syst
em.os == "mingw
32" then..."]:778: in fiel
d 'withScriptFile'
	/opt/q
uarto/share/filte
rs/main.lua:1333: in upvalue
 'run_emulated_filter_ch
ain'
	/opt/quarto/sha
re/filters/main.lua:1
371: in function </o
pt/quarto/share/filte
rs/main.lua:1368>

(WARN) Error encountered when rendering files

