

processing file: example.qmd

1/38                   

2/38 [unnamed-chunk-1] 

3/38                   

4/38 [unnamed-chunk-2] 

5/38                   

6/38 [unnamed-chunk-3] 

7/38                   

8/38 [unnamed-chunk-4] 

9/38                   

10/38 [unnamed-chunk-5] 

11/38                   

12/38 [unnamed-chunk-6] 

13/38                   

14/38 [unnamed-chunk-7] 

15/38                   

16/38 [unnamed-chunk-8] 

17/38                   

18/38 [unnamed-chunk-9] 

19/38                   

20/38 [unnamed-chunk-10]

21/38                   

22/38 [unnamed-chunk-11]

23/38                   

24/38 [unnamed-chunk-12]


25/38                   

26/38 [unnamed-chunk-13]

27/38                   

28/38 [unnamed-chunk-14]

29/38                   

30/38 [unnamed-chunk-15]

31/38                   

32/38 [unnamed-chunk-16]

33/38                   

34/38 [unnamed-chunk-17]

35/38                   

36/38 [unnamed-chunk-18]

37/38                   

38/38 [unnamed-chunk-19]

output file: example.knit.md


pandoc 

  to: revealjs
  output-file: example.html
  standalone: true
  wrap: none
  default-image-extension: png
  html-math-method: katex
  slide-level: 2
  variables: {}
  

metadata

  link-citations: true
  width: 1920
  height: 1080
  margin: 0.1
  center: false
  navigationMode: linear
  controlsLayout: edges
  controlsTutorial: false
  hash: true
  history: true
  hashOneBasedIndex: false
  fragmentInURL: false
  transition: none
  backgroundTransition: none
  pdfSeparateFragments: false
  lang: en
  auto-stretch: true
  engines:
    - path: /opt/quarto/share/extension-subtrees/julia-engine/_extensions/julia-engine/julia-engine.js
  title: Leader-line Example
  revealjs-plugins:
    - leader-line
  

Output created: example.html


