Cloning into 'repo'...
CTAN mirror https://ctan.math.utah.edu/ctan/tex-archive/systems/texlive/tlnet failed, trying next...
pandoc 
  to: typst
  output-file: template.typ
  standalone: true
  default-image-extension: svg
  wrap: none
  citeproc: false
  toc: true
  
metadata
  title: Bookly Typst - Complete Template
  subtitle: Quarto extension usage example
  author: Your Name
  date: today
  lang: en
  lof: true
  lot: true
  theme: modern
  tufte: false
  fonts:
    body: Lato
    math: Lete Sans Math
  part-numbering: A
  config-options:
    open-right: true
    alt-margins: false
  colors:
    primary: rgb("#1d90d0")
    secondary: rgb("#dddddd").darken(15%)
  
[typst]: Compiling template.typ to template.pdf...downloading @preview/bookly:3.1.1
311.7 KiB / 311.7 KiB (100 %) 311.7 KiB/s in 3.59 ms ETA: 0 s

downloading @preview/equate:0.3.2
  8.9 KiB /   8.9 KiB (100 %)   8.9 KiB/s in 1.05 ms ETA: 0 s

downloading @preview/marginalia:0.3.1
 13.8 KiB /  13.8 KiB (100 %)  13.8 KiB/s in 1.07 ms ETA: 0 s

downloading @preview/subpar:0.2.2
482.2 KiB / 482.2 KiB (100 %) 482.2 KiB/s in 3.66 ms ETA: 0 s

downloading @preview/suboutline:0.3.0
 13.6 KiB /  13.6 KiB (100 %)  13.6 KiB/s in 1.33 ms ETA: 0 s

downloading @preview/hydra:0.6.2
  8.5 KiB /   8.5 KiB (100 %)   8.5 KiB/s in 1.24 ms ETA: 0 s

downloading @preview/oxifmt:1.0.0
 19.7 KiB /  19.7 KiB (100 %)  19.7 KiB/s in 1.29 ms ETA: 0 s

downloading @preview/showybox:2.0.4
  9.3 KiB /   9.3 KiB (100 %)   9.3 KiB/s in 948.14 µs ETA: 0 s

downloading @preview/itemize:0.2.0
 55.1 KiB /  55.1 KiB (100 %)  55.1 KiB/s in 2.51 ms ETA: 0 s

downloading @preview/elembic:1.1.1
 69.7 KiB /  69.7 KiB (100 %)  69.7 KiB/s in 2.2 ms ETA: 0 s

error: color string contains non-hexadecimal letters
    ┌─ template.typ:457:17
    │
457 │     primary: rgb("\#1d90d0"),
    │                  ^^^^^^^^^^

ERROR: downloading @preview/bookly:3.1.1
311.7 KiB / 311.7 KiB (100 %) 311.7 KiB/s in 3.59 ms ETA: 0 s

downloading @preview/equate:0.3.2
  8.9 KiB /   8.9 KiB (100 %)   8.9 KiB/s in 1.05 ms ETA: 0 s

downloading @preview/marginalia:0.3.1
 13.8 KiB /  13.8 KiB (100 %)  13.8 KiB/s in 1.07 ms ETA: 0 s

downloading @preview/subpar:0.2.2
482.2 KiB / 482.2 KiB (100 %) 482.2 KiB/s in 3.66 ms ETA: 0 s

downloading @preview/suboutline:0.3.0
 13.6 KiB /  13.6 KiB (100 %)  13.6 KiB/s in 1.33 ms ETA: 0 s

downloading @preview/hydra:0.6.2
  8.5 KiB /   8.5 KiB (100 %)   8.5 KiB/s in 1.24 ms ETA: 0 s

downloading @preview/oxifmt:1.0.0
 19.7 KiB /  19.7 KiB (100 %)  19.7 KiB/s in 1.29 ms ETA: 0 s

downloading @preview/showybox:2.0.4
  9.3 KiB /   9.3 KiB (100 %)   9.3 KiB/s in 948.14 µs ETA: 0 s

downloading @preview/itemize:0.2.0
 55.1 KiB /  55.1 KiB (100 %)  55.1 KiB/s in 2.51 ms ETA: 0 s

downloading @preview/elembic:1.1.1
 69.7 KiB /  69.7 KiB (100 %)  69.7 KiB/s in 2.2 ms ETA: 0 s

error: color string contains non-hexadecimal letters
    ┌─ template.typ:457:17
    │
457 │     primary: rgb("\#1d90d0"),
    │                  ^^^^^^^^^^


ERROR: Typst compilation failed
Render failed, retrying once...
pandoc 
  to: typst
  output-file: template.typ
  standalone: true
  default-image-extension: svg
  wrap: none
  citeproc: false
  toc: true
  
metadata
  title: Bookly Typst - Complete Template
  subtitle: Quarto extension usage example
  author: Your Name
  date: today
  lang: en
  lof: true
  lot: true
  theme: modern
  tufte: false
  fonts:
    body: Lato
    math: Lete Sans Math
  part-numbering: A
  config-options:
    open-right: true
    alt-margins: false
  colors:
    primary: rgb("#1d90d0")
    secondary: rgb("#dddddd").darken(15%)
  
[typst]: Compiling template.typ to template.pdf...error: color string contains non-hexadecimal letters
    ┌─ template.typ:457:17
    │
457 │     primary: rgb("\#1d90d0"),
    │                  ^^^^^^^^^^

ERROR: error: color string contains non-hexadecimal letters
    ┌─ template.typ:457:17
    │
457 │     primary: rgb("\#1d90d0"),
    │                  ^^^^^^^^^^


ERROR: Typst compilation failed
