pandoc 

  to: latex
  output-file: template.tex
  template: _extensions/aaai2026/aaai2026-template.latex
  standalone: true
  pdf-engine: pdflatex
  variables:
    graphics: true
    tables: true
    secnumdepth: 2
  default-image-extension: pdf
  number-sections: true
  cite-method: natbib
  

metadata

  block-headings: true
  number-depth: 2
  biblio-style: aaai2026.bst
  fig-cap-location: bottom
  tbl-cap-location: bottom
  engines:
    - path: /opt/quarto/share/extension-subtrees/julia-engine/_extensions/julia-engine/julia-engine.js
  title: Example article for AAAI 2026 using Quarto
  author:
    - name: Max Mustermann
      orcid: 0000-0000-0000-0000
      email: name@example.com
      affiliation:
        - ref: 1
    - name: Author Two
      orcid: 0000-0000-0000-0001
      email: name2@example.com
      affiliation:
        - ref: 1
  affiliations:
    - id: 1
      name: Association for the Advancement of Artificial Intelligence
      department: Data Science and its Applications
      address: 1101 Pennsylvania Ave, NW Suite 300
      city: Washington
      country: USA
      state: DC
      url: https://aaai.org
  abstract: |
    AAAI creates proceedings, working notes, and technical reports directly from electronic source furnished by the authors. To ensure that all papers in the publication have a uniform appearance, authors must adhere to the following instructions.
  links:
    - name: Code
      url: https://aaai.org/example/code
    - name: Datasets
      url: https://aaai.org/example/datasets
  keywords:
    - template
    - demo
  bibliography:
    - bibliography.bib
  header-includes:
    - \usepackage{amsmath,amssymb}
    - \usepackage{booktabs}
  

Error running filter /opt/quarto
/share/filters/main.lua:
Could not fetch https://upload.wikimedia.org/wikipedia/commons/f/ff/AAAI_Conference.png
HttpExceptionRequest Request {
  host                 = "upload.wikimedia.org"
  port                 = 443
  secure               =
 True
  requestHeaders       = []
  path                 = "/wikipedia/commons/f/ff/AAAI_Conference.pn
g"
  queryString          = ""
  method               = "GET"
  proxy          
      = Nothing
  rawBody              = False
  redirectC
ount        = 10
  responseTimeout      = ResponseTi
meoutDefault
  requestVersion       = HTTP/1.1
  proxySecureMode      = Prox
ySecureWithConnect
}
 (StatusCodeExcepti
on (Response {responseStatus = Status {statusCode
 = 403, statusMessage = "Fo
rbidden"}, respons
eVersion = HTTP/1.1, resp
onseHeaders = [("content
-length","126"),(
"content-type","t
ext/plain"),("x-
request-id","c1b
5397f-48c4-4b35-
b013-2686f11f92
85"),("server","
HAProxy"),("x-c
ache","cp1107 int
"),("x-cache-sta
tus","int-tls"),("
x-analytics","")]
, responseBody 
= (), responseC
ookieJar = CJ {
expose = []}, re
sponseClose' = 
ResponseClose, 
responseOrigina
lRequest = Requ
est {
  host   
              = 
"upload.wikimed
ia.org"
  port 
                
= 443
  secure 
              =
 True
  request
Headers       = 
[]
  path                 = "/wikipedia/commons/f/ff/AAAI_Conference.png"
  queryString          = ""
  method               = "GET"
  proxy     
           = Nothing
  rawBody     
         = False
  re
directCount     
   = 10
  respon
seTimeout      
= ResponseTimeo
utDefault
  requestVers
ion       = H
TTP/1.1
  pr
oxySecureMo
de      = ProxySecureWi
thConnect
}
, responseEar
lyHints = []}
) "Please set a 
user-agent and 
respect our rob
ot policy http
s://w.wiki/4wJS
. See also https
://phabricator.wiki
media.org/T4001
19.\n")
stack t
raceback:
	.../share/
pandoc/datad
ir/../../f
ilters/modu
les/mediab
ag.lua:29: in functi
on 'modules/
mediabag.fetch_
and_store_image'
	
.../share/pand
oc/datadir/../.
./filters/modul
es/mediabag.lua
:72: in functio
n 'modules/med
iabag.resolve_
image_from_url'

	(...tail cal
ls...)
	/opt/q
uarto/share/fil
ters/main.lua:
2930: in local 
'fn'
	...uarto/share
/pandoc/datadir/
../../filters/m
odules/jog.lua:
34: in upvalue 
'run_filter_function'

	...uarto/share/pa
ndoc/datadir/..
/../filters/mod
ules/jog.lua:2
23: in function
 <...uarto/share/pando
c/datadir/../../
filters/modules
/jog.lua:202>
	
(...tail calls.
..)
	[C]: in f
unction 'pandoc
.List.map'
	...uarto/
share/pandoc/dat
adir/../../filt
ers/modules/jog
.lua:125: in up
value 'recurse'

	...uarto/share
/pandoc/datadir
/../../filters/
modules/jog.lua
:222: in local 
'jogger'
	...ua
rto/share/pandoc/dat
adir/../../filters/modules/jo
g.lua:98: in upva
lue 'recurse'
	...ua
rto/share/p
andoc/datadir/../../f
ilters/modules/j
og.lua:222: in f
unction <...uar
to/share/pandoc
/datadir/../../
filters/modules
/jog.lua:202>
	
(...tail calls.
..)
	...	(skipp
ing 2 levels)

	...uarto/share
/pandoc/datadir
/../../filters/
modules/jog.lua
:111: in upval
ue 'recurse'
	.
..uarto/share/p
andoc/datadir/.
./../filters/m
odules/jog.lua:
222: in functio
n <...uarto/sh
are/pandoc/data
dir/../../filt
ers/modules/jo
g.lua:202>
	(..
.tail calls...
)
	[C]: in func
tion 'pandoc.Li
st.map'
	...ua
rto/share/pandoc/
datadir/../../f
ilters/modules/jog.lua:125: in 
upvalue 'recurse'
	...uarto/share/pa
ndoc/datadir/../../filters/modul
es/jog.lua:222: in
 local 'jogger'

	...uarto/share
/pandoc/datadir/../../filters/modules/jog.lua:171: in upvalue 'recurse'
	...uarto/share/pandoc/datadir/../../filters/modules/jog.lua:
222: in function <...uarto/share/pandoc/datadir/../
../filters/modules/jog.l
ua:202>
	(...tail
 calls...)
	/opt
/quarto/share/fi
lters/main.lua:574: in function </opt/qua
rto/share/filters/main.lua:552>
	(.
..tail calls...)
	/opt/quarto/share/filter
s/main.lua:1317: in local 'callback'
	/opt/quarto/sh
are/filters/main.lua:1335: in up
value 'run_emulate
d_filter_chain'

	/opt/quarto/s
hare/filters/m
ain.lua:1371: i
n function </op
t/quarto/share/
filters/main.l
ua:1368>

(WARN) Error encountered when rendering files

