

processing file: writing.qmd

1/23                          

2/23 [unnamed-chunk-1]        

3/23                          

4/23 [setup]                  

5/23                          

6/23 [basicquarto]            

7/23                          

8/23 [unnamed-chunk-2]        

9/23                          

10/23 [fig-myplot]             

11/23                          

12/23 [fig-myplot2]            

13/23                          

14/23 [fig-myplot4]            

15/23                          

16/23 [tbl-penguins]           

17/23                          

18/23 [tbl-mytable]            

19/23                          

20/23 [fig-myplot3]            

21/23                          

22/23 [tbl-disabledprocessing2]

23/23                          

output file: writing.knit.md


(W) Cannot find @fig-newquarto

(W) Cannot find @fig-myplot



processing file: changelog.qmd

1/1

output file: changelog.knit.md




Output created: docs/index.html


