Cloning into 'repo'...
[1/4] index.qmd


processing file: index.qmd
1/9                  
2/9 [unnamed-chunk-1]
3/9                  
4/9 [unnamed-chunk-2]
Error in `library()`:
! there is no package called 'tidyverse'
Backtrace:
    x
 1. \-base::library(tidyverse)

Quitting from index.qmd:62-72 [unnamed-chunk-2]
Execution halted
WARN: Error encountered when rendering files
Render failed, retrying once...
[1/4] index.qmd


processing file: index.qmd
1/9                  
2/9 [unnamed-chunk-1]
3/9                  
4/9 [unnamed-chunk-2]
Error in `library()`:
! there is no package called 'tidyverse'
Backtrace:
    x
 1. \-base::library(tidyverse)

Quitting from index.qmd:62-72 [unnamed-chunk-2]
Execution halted
WARN: Error encountered when rendering files
