pandoc 

  to: revealjs
  from: markdown-auto_identifiers+emoji
  output-file: template.html
  standalone: true
  embed-resources: true
  wrap: none
  default-image-extension: png
  html-math-method:
    method: mathjax
    url: >-
      https://cdn.jsdelivr.net/npm/mathjax@2.7.9/MathJax.js?config=TeX-AMS_HTML-full
  slide-level: 2
  variables: {}
  

metadata

  link-citations: true
  width: 1050
  height: 700
  margin: 0.1
  center: false
  navigationMode: linear
  controlsLayout: edges
  controlsTutorial: false
  hash: true
  history: true
  hashOneBasedIndex: false
  fragmentInURL: false
  transition: fade
  backgroundTransition: slide
  pdfSeparateFragments: false
  lang: de
  auto-stretch: true
  theme:
    - _extensions/hsnr/HSNR.scss
  date-format: DD.MM.YYYY
  csl: _extensions/hsnr/apa-single-spaced.csl
  logo: _extensions/hsnr/HSNLogo_quadrat2.jpg
  slideNumber: true
  scrollable: true
  citations-hover: true
  footnotes-hover: true
  controls: true
  hash-type: number
  hideInactiveCursor: true
  hideCursorTime: 200
  engines:
    - path: /opt/quarto/share/extension-subtrees/julia-engine/_extensions/julia-engine/julia-engine.js
  title: Quarto und Revealjs
  subtitle: Eine kurze Einführung
  author:
    - name: Prof. Dr. Klara Aufbau
  institute: Fachbereich Gesundheitswesen
  modul: M3 Spezialwissen 2024
  kohorte: MHC
  date: '2004-12-21'
  bibliography:
    - literatur.bib
  footer: Prof. Dr. Theo Rethisch | Fachbereich 10 | Hochschule Niederrhein
  

[WARNING] Could 
not fetch resource _extensions/produnis/hsnr/KreisschwungKrefeld.png
[WARNING] Could not fetch resource _extensions/produnis/hs
nr/KreisschwungKrefeld.png

[WARNING]
 Could not fetch resou
rce _extensions/produnis/
hsnr/Hochschule_niederrhein.png

[WA
RNING] Could not 
fetch resou
rce _e
xtensi
ons/p
rodun
is/hsn
r/bef
oreyo
ustarti
tsnot
easy.jp
g

[W
ARNING] Co
uld no
t fetc
h res
ource
 _ext
ensio
ns/pr
oduni
s/hsn
r/bef
oreyo
ustar
titsn
oteasy.jp
g

[W
ARNING] Coul
d not
 fetc
h re
sour
ce _e
xten
sions/
prod
unis
/hsnr
/letztefo
lie1.
webp

[W
ARNING]
 Coul
d no
t fe
tch 
reso
urce
 _ext
ensi
ons/pr
odunis
/hsnr
/letz
tefoli
e2.web
p

[W
ARNING] 
Coul
d no
t f
etch
 res
our
ce _e
xten
sion
s/p
rodunis/hsnr/KrefeldCampus_night.webp
[WARNING] Could not fetch resource _extensions/produnis/hsnr/HSNLogo_quadrat2.jpg
[WARNING] Could not fetch resource _extensions/produnis/hsnr/GebauedeH_Rand.webp
[WARNING] Could not fetch resource _extensions/produnis/hsnr/HSNLogo_quadrat2.jpg
[WARNING] Could not fetch resource _extensions/produnis/hsnr/bibliothek.webp

Output created: template.html


