Dependency install phase for davidcarayon/quarto-inrae-extension: auto-detect
Auto-detecting R dependencies for davidcarayon/quarto-inrae-extension (knitr engine, no renv.lock).
Installing R packages: InraeThemes, extrafont, flextable 
No man pages found in package  'fontBitstreamVera' 
No man pages found in package  'fontLiberation' 
gcc -g -O2  miniz.c zip.c unixutils.c tools/cmdzip.c -o tools/cmdzip
gcc -g -O2  miniz.c zip.c unixutils.c tools/cmdunzip.c -o tools/cmdunzip
gcc -I"/opt/R/4.5.3/lib/R/include" -DNDEBUG   -I/usr/local/include   -fvisibility=hidden -fpic  -g -O2  -c init.c -o init.o
gcc -I"/opt/R/4.5.3/lib/R/include" -DNDEBUG   -I/usr/local/include   -fvisibility=hidden -fpic  -g -O2  -c miniz.c -o miniz.o
gcc -I"/opt/R/4.5.3/lib/R/include" -DNDEBUG   -I/usr/local/include   -fvisibility=hidden -fpic  -g -O2  -c rzip.c -o rzip.o
gcc -I"/opt/R/4.5.3/lib/R/include" -DNDEBUG   -I/usr/local/include   -fvisibility=hidden -fpic  -g -O2  -c zip.c -o zip.o
gcc -I"/opt/R/4.5.3/lib/R/include" -DNDEBUG   -I/usr/local/include   -fvisibility=hidden -fpic  -g -O2  -c unixutils.c -o unixutils.o
gcc -shared -L/opt/R/4.5.3/lib/R/lib -L/usr/local/lib -o zip.so init.o miniz.o rzip.o zip.o unixutils.o -L/opt/R/4.5.3/lib/R/lib -lR
echo "make ttf2pt1 in ttf2pt1/ ..."
make ttf2pt1 in ttf2pt1/ ...
(cd ttf2pt1; make CC="`"/opt/R/4.5.3/lib/R/bin/R" CMD config CC`" CFLAGS="`"/opt/R/4.5.3/lib/R/bin/R" CMD config CFLAGS`" ttf2pt1)
make[1]: Entering directory '/tmp/Rtmp0ViB6V/R.INSTALL18053dee6cd/Rttf2pt1/src/ttf2pt1'
gcc -g -O2 -c ttf2pt1.c
gcc -g -O2 -c pt1.c
gcc -g -O2  -c runt1asm.c
gcc -g -O2 -c ttf.c
gcc -g -O2 -c ft.c
gcc -g -O2 -c bdf.c
gcc -g -O2 -c bitmap.c
gcc -g -O2 -o ttf2pt1 ttf2pt1.o pt1.o runt1asm.o ttf.o ft.o bdf.o bitmap.o -lm  
make[1]: Leaving directory '/tmp/Rtmp0ViB6V/R.INSTALL18053dee6cd/Rttf2pt1/src/ttf2pt1'
[1] ""
tlmgr: package repository https://ctan.math.utah.edu/ctan/tex-archive/systems/texlive/tlnet (verified)
tlmgr: no self-updates for tlmgr available
Using CTAN mirror: https://ctan.math.utah.edu/ctan/tex-archive/systems/texlive/tlnet
