
Starting python3 kernel...
Done


Executing 'index.quarto_ipynb'



(E) Error running 'shinylive' command. Perhaps you need to install / update the 'shinylive' Python package?
 Error:

 PandocError {}

Error runni
ng filter /opt/quarto/share/filters/main.lua:
...t-11/repo/_exten
sions/quarto-ext/shinylive/s
hinylive.lua:40: Error running 'shinylive' c
ommand. Perhaps you need to ins
tall / update the 'shin
ylive' Python pack
age?

stack trace
back:
	...t-11/repo
/_extensions/quar
to-ext/shinylive
/shinylive.lua:40: in
 global 'throw_q
uarto_error'
	...
t-11/repo/_exten
sions/quarto-ext
/shinylive/shiny
live.lua:57: in g
lobal 'callPytho
nShinylive'
	...
t-11/repo/_exten
sions/quarto-ext/
shinylive/shinylive.lua:111: in
 global 'callShinyli
ve'
	...t-11/repo/_ex
tensions/quarto-ext/sh
inylive/shinylive.lua:253:
 in global 'ensur
ePyshinyliveVers
ion'
	...t-11/re
po/_extensions/qu
arto-ext/shinyl
ive/shinylive.lu
a:312: in global
 'ensureLanguage
Setup'
	...t-11/
repo/_extension
s/quarto-ext/shi
nylive/shinylive
.lua:424: in fu
nction <...t-11/
repo/_extensions
/quarto-ext/shiny
live/shinylive.lua:40
8>
	[C]: in ?
	[C]: in m
ethod 'walk'
	/o
pt/quarto/share/p
andoc/datadir/_ut
ils.lua:607: in
 function '_utils
.walk'
	/opt/quar
to/share/filters/main.lu
a:574: in local '
checked_walk'
	/opt/quarto/share/filters/main.lua:629: in function 'run_emulated_filter'
	/opt/quarto/share/filters/main.lua:1317: in local 'callback'
	[string "if pandoc.system.os == "mingw32" then..."]:778: in field 'withScriptFile'
	/opt/quarto/share/filters/main.lua:1333: in upvalue 'run_emulated_filter_chain'
	/opt/quarto/share/filters/main.lua:1371: in function </opt/quarto/share/filters/main.lua:1368>
stack traceback:
	/opt/quarto/share/pandoc/datadir/_utils.lua:607: in function '_utils.walk'
	/opt/quarto/share/filters/main.lua:574: in local 'checked_walk'
	/opt/quarto/share/filters/main.lua:629: in function 'run_emulated_filter'
	/opt/quarto/share/filters/main.lua:1317: in local 'callback'
	[string "if pandoc.system.os == "mingw32" then..."]:778: in field 'withScriptFile'
	/opt/quarto/share/filters/main.lua:1333: in upvalue 'run_emulated_filter_chain'
	/opt/quarto/share/filters/main.lua:1371: in function </opt/quarto/share/filters/main.lua:1368>

(WARN) Error encountered when rendering files

