

processing file: template.qmd

1/11                  

2/11 [unnamed-chunk-1]

3/11                  

4/11 [tbl-deskriptiv] 

5/11                  

6/11 [fig-mtcars1]    

7/11                  

8/11 [tbl-hyp1]       

9/11                  

10/11 [fig-hyp1]       

11/11                  

output file: template.knit.md


pandoc 

  to: typst-citations
  output-file: template.typ
  standalone: true
  default-image-extension: svg
  wrap: none
  number-sections: true
  toc: true
  toc-depth: 3
  variables:
    quarto:
      language:
        toc-title-document: Inhaltsverzeichnis
        toc-title-website: Auf dieser Seite
        related-formats-title: Andere Formate
        related-notebooks-title: Notebooks
        source-notebooks-prefix: Quelle
        other-links-title: Weitere Links
        code-links-title: Code-Links
        launch-dev-container-title: Dev Container starten
        launch-binder-title: Binder starten
        article-notebook-label: Artikel-Notizbuch
        notebook-preview-download: Notizbuch herunterladen
        notebook-preview-download-src: Quellcode herunterladen
        notebook-preview-back: Zurück zum Artikel
        manuscript-meca-bundle: MECA-Archiv
        section-title-abstract: Zusammenfassung
        section-title-appendices: Anhang
        section-title-footnotes: Fußnoten
        section-title-references: Literatur
        section-title-reuse: Wiederverwendung
        section-title-copyright: Urheberrechte
        section-title-citation: Zitat
        appendix-attribution-cite-as: 'Bitte zitieren Sie diese Arbeit als:'
        appendix-attribution-bibtex: 'Mit BibTeX zitieren:'
        appendix-view-license: Lizenz Anzeigen
        title-block-author-single: Autor:in
        title-block-author-plural: Autor:innen
        title-block-affiliation-single: Zugehörigkeit
        title-block-affiliation-plural: Zugehörigkeiten
        title-block-published: Veröffentlichungsdatum
        title-block-modified: Geändert
        title-block-keywords: Schlüsselwörter
        callout-tip-title: Tipp
        callout-note-title: Hinweis
        callout-warning-title: Warnung
        callout-important-title: Wichtig
        callout-caution-title: Vorsicht
        code-summary: Code
        code-tools-menu-caption: Code
        code-tools-show-all-code: Gesamten Code zeigen
        code-tools-hide-all-code: Gesamten Code verbergen
        code-tools-view-source: Quellcode anzeigen
        code-tools-source-code: Quellcode
        tools-share: Share
        tools-download: Download
        code-line: Zeile
        code-lines: Zeilen
        copy-button-tooltip: In die Zwischenablage kopieren
        copy-button-tooltip-success: Kopiert
        repo-action-links-edit: Seite editieren
        repo-action-links-source: Quellcode anzeigen
        repo-action-links-issue: Problem melden
        back-to-top: Zurück nach oben
        search-no-results-text: Keine Treffer
        search-matching-documents-text: Treffer
        search-copy-link-title: Link in die Suche kopieren
        search-hide-matches-text: Zusätzliche Treffer verbergen
        search-more-match-text: weitere Treffer in diesem Dokument
        search-more-matches-text: weitere Treffer in diesem Dokument
        search-clear-button-title: Zurücksetzen
        search-text-placeholder: ''
        search-detached-cancel-button-title: Abbrechen
        search-submit-button-title: Abschicken
        search-label: Suchen
        toggle-section: Abschnitt umschalten
        toggle-sidebar: Seitenleiste umschalten
        toggle-dark-mode: Dunkelmodus umschalten
        toggle-reader-mode: Lesemodus umschalten
        toggle-navigation: Navigation umschalten
        crossref-fig-title: Abbildung
        crossref-tbl-title: Tabelle
        crossref-lst-title: Listing
        crossref-thm-title: Theorem
        crossref-lem-title: Lemma
        crossref-cor-title: Korollar
        crossref-prp-title: Aussage
        crossref-cnj-title: Annahme
        crossref-def-title: Definition
        crossref-exm-title: Beispiel
        crossref-exr-title: Übungsaufgabe
        crossref-ch-prefix: Kapitel
        crossref-apx-prefix: Anhang
        crossref-sec-prefix: Kapitel
        crossref-eq-prefix: Gleichung
        crossref-lof-title: Abbildungsverzeichnis
        crossref-lot-title: Tabellenverzeichnis
        crossref-lol-title: Listingverzeichnis
        environment-proof-title: Beweis
        environment-remark-title: Anmerkung
        environment-solution-title: Lösung
        listing-page-order-by: Sortieren nach
        listing-page-order-by-default: Voreinstellung
        listing-page-order-by-date-asc: Datum (aufsteigend)
        listing-page-order-by-date-desc: Neueste
        listing-page-order-by-number-desc: Absteigend
        listing-page-order-by-number-asc: Aufsteigend
        listing-page-field-date: Datum
        listing-page-field-title: Titel
        listing-page-field-description: Beschreibung
        listing-page-field-author: Autor:in
        listing-page-field-filename: Dateiname
        listing-page-field-filemodified: Geändert
        listing-page-field-subtitle: Untertitel
        listing-page-field-readingtime: Lesezeit
        listing-page-field-wordcount: Wortanzahl
        listing-page-field-categories: Kategorien
        listing-page-minutes-compact: '{0} min'
        listing-page-category-all: alle
        listing-page-no-matches: Keine Treffer
        listing-page-words: '{0} Wörter'
        listing-page-filter: Filter
        draft: Entwurf
  

metadata

  knitr:
    opts_chunk:
      echo: false
  csl: apa.csl
  section-numbering: 1.1.1
  title: Titel des Aufsatzes
  author:
    - name: Vorname Nachname
  date: today
  institution: Musterhochschule
  department: Studiengang XYZ
  course: Einführung in die Raketenwissenschaft (SoSe 2026)
  supervisor: Prof. Dr. Musterfrau
  student-id: '0012345'
  lang: de
  bibliography:
    - referenzen.bib
  logo: false
  abstract: |
    Hier steht eine kurze Zusammenfassung (Abstract) des Aufsatzes.
    Der Abstract sollte den zentralen Inhalt, die Fragestellung und
    die wichtigsten Ergebnisse des Aufsatzes in komprimierter Form
    darstellen (ca. 150–200 Wörter).
  paper-size: a4
  font: Times New Roman
  

[typst]: Compiling template.typ to template.pdf...
warning: unknown font family: times new roman
    ┌─ template.typ:350:10
    │
350 │     font: font,

    │           ^^^^


DONE


Output created: template.pdf


