Cloning into 'repo'...
pandoc 
  to: html
  output-file: example.html
  standalone: true
  embed-resources: true
  self-contained: true
  section-divs: true
  html-math-method: mathjax
  wrap: none
  default-image-extension: png
  toc: true
  syntax-definitions:
    - _extensions/sebastiandelbano/musify/resources/syntax/abc2.xml
  
metadata
  document-css: false
  link-citations: true
  date-format: long
  lang: en
  title: '{{< musify icon >}} Musify'
  toc-location: left
  favicon: resources/images/favicon.png
  copyright:
    text: © 2026, Sebastian del Bano Rollin
  theme:
    dark: darkly
    light: flatly
  

============================================================
MUSIFY EXTENSION: MISSING DEPENDENCIES
============================================================

The following required tools were not found in your PATH:
  - abc2svg (path: abcnode)
  - abc2midi (path: abc2midi)
  - fluidsynth (path: fluidsynth)
  - ffmpeg (path: ffmpeg)

Please install them using your package manager (brew, apt, npm, etc.).
  Note: abc2svg can be installed via 'npm install -g abc2svg'

The required SoundFont file was not found:
  Path: /home/runner/work/quarto-extensions/quarto-extensions/test-11/.local/share/soundfonts/timbresOfHeaven4.00.sf2

Please download 'Timbres of Heaven 4.00' and place it at this location.
============================================================

2026-07-11 14:29:15,856 - INFO - Logging initialized. Log file: output/log/abc.log
2026-07-11 14:29:15,856 - INFO - [run_abc.py:77]: Resolving image directory. arg_value=cache/images
2026-07-11 14:29:15,856 - INFO - [run_abc.py:78]: Resolving audio directory. arg_value=cache/audio
2026-07-11 14:29:15,856 - INFO - [run_abc.py:84]: Target file name base: CMajorScale
2026-07-11 14:29:15,856 - INFO - --- IMAGE GENERATION START (Renderer: abc2svg) ---
2026-07-11 14:29:15,856 - INFO - File cache/images/CMajorScale.svg missing. Generation needed.
2026-07-11 14:29:15,856 - INFO - Executing abc2svg: abcnode tosvg.js --pagewidth 25.2cm --vocalfont "sans-serif 11" --stretchlast 1 --scale 1.0 --leftmargin 0 --rightmargin 0 --topmargin 0 --botmargin 0 --musicfont Bravura cache/images/CMajorScale.abc
2026-07-11 14:29:15,858 - ERROR - abc2svg failed: Command 'abcnode tosvg.js --pagewidth 25.2cm --vocalfont "sans-serif 11" --stretchlast 1 --scale 1.0 --leftmargin 0 --rightmargin 0 --topmargin 0 --botmargin 0 --musicfont Bravura cache/images/CMajorScale.abc' returned non-zero exit status 127.
2026-07-11 14:29:15,858 - INFO - SVGO not found; skipping optional optimization.
2026-07-11 14:29:15,858 - INFO - Preparing SVG for seamless HTML embedding
2026-07-11 14:29:15,858 - INFO - --- AUDIO GENERATION START ---
2026-07-11 14:29:15,858 - INFO - File cache/audio/CMajorScale.webm missing. Generation needed.
2026-07-11 14:29:15,858 - INFO - [run_abc.py:240]: Executing abc2midi: abc2midi cache/audio/CMajorScale.abc -o cache/audio/CMajorScale.mid
2026-07-11 14:29:15,859 - ERROR - Executable for 'abc2midi' (abc2midi) not found. Is it installed?
2026-07-11 14:29:15,859 - INFO - Using SoundFont: /home/runner/work/quarto-extensions/quarto-extensions/test-11/.local/share/soundfonts/timbresOfHeaven4.00.sf2
2026-07-11 14:29:15,859 - INFO - [run_abc.py:251]: Executing fluidsynth: fluidsynth -n -i -F cache/audio/CMajorScale.wav /home/runner/work/quarto-extensions/quarto-extensions/test-11/.local/share/soundfonts/timbresOfHeaven4.00.sf2 cache/audio/CMajorScale.mid
2026-07-11 14:29:15,859 - ERROR - Executable for 'fluidsynth' (fluidsynth) not found. Is it installed?
2026-07-11 14:29:15,859 - INFO - [run_abc.py:256]: Executing ffmpeg: ffmpeg -y -i cache/audio/CMajorScale.wav -c:a libopus -b:a 64k cache/audio/CMajorScale.webm
2026-07-11 14:29:15,860 - ERROR - Executable for 'ffmpeg' (ffmpeg) not found. Is it installed?
2026-07-11 14:29:15,933 - INFO - Logging initialized. Log file: output/log/abc.log
2026-07-11 14:29:15,934 - INFO - [run_abc.py:77]: Resolving image directory. arg_value=cache/images
2026-07-11 14:29:15,934 - INFO - [run_abc.py:78]: Resolving audio directory. arg_value=cache/audio
2026-07-11 14:29:15,934 - INFO - [run_abc.py:84]: Target file name base: breton
2026-07-11 14:29:15,934 - INFO - --- IMAGE GENERATION START (Renderer: abc2svg) ---
2026-07-11 14:29:15,934 - INFO - File cache/images/breton.svg missing. Generation needed.
2026-07-11 14:29:15,934 - INFO - Executing abc2svg: abcnode tosvg.js --pagewidth 25.2cm --vocalfont "sans-serif 11" --stretchlast 1 --scale 1.0 --leftmargin 0 --rightmargin 0 --topmargin 0 --botmargin 0 --musicfont Bravura cache/images/breton.abc
2026-07-11 14:29:15,936 - ERROR - abc2svg failed: Command 'abcnode tosvg.js --pagewidth 25.2cm --vocalfont "sans-serif 11" --stretchlast 1 --scale 1.0 --leftmargin 0 --rightmargin 0 --topmargin 0 --botmargin 0 --musicfont Bravura cache/images/breton.abc' returned non-zero exit status 127.
2026-07-11 14:29:15,936 - INFO - SVGO not found; skipping optional optimization.
2026-07-11 14:29:15,936 - INFO - Preparing SVG for seamless HTML embedding
2026-07-11 14:29:15,936 - INFO - --- AUDIO GENERATION START ---
2026-07-11 14:29:15,937 - INFO - File cache/audio/breton.webm missing. Generation needed.
2026-07-11 14:29:15,937 - INFO - [run_abc.py:240]: Executing abc2midi: abc2midi cache/audio/breton.abc -o cache/audio/breton.mid
2026-07-11 14:29:15,937 - ERROR - Executable for 'abc2midi' (abc2midi) not found. Is it installed?
2026-07-11 14:29:15,937 - INFO - Using SoundFont: /home/runner/work/quarto-extensions/quarto-extensions/test-11/.local/share/soundfonts/timbresOfHeaven4.00.sf2
2026-07-11 14:29:15,938 - INFO - [run_abc.py:251]: Executing fluidsynth: fluidsynth -n -i -F cache/audio/breton.wav /home/runner/work/quarto-extensions/quarto-extensions/test-11/.local/share/soundfonts/timbresOfHeaven4.00.sf2 cache/audio/breton.mid
2026-07-11 14:29:15,938 - ERROR - Executable for 'fluidsynth' (fluidsynth) not found. Is it installed?
2026-07-11 14:29:15,938 - INFO - [run_abc.py:256]: Executing ffmpeg: ffmpeg -y -i cache/audio/breton.wav -c:a libopus -b:a 64k cache/audio/breton.webm
2026-07-11 14:29:15,939 - ERROR - Executable for 'ffmpeg' (ffmpeg) not found. Is it installed?
2026-07-11 14:29:16,014 - INFO - Logging initialized. Log file: output/log/abc.log
2026-07-11 14:29:16,014 - INFO - [run_abc.py:77]: Resolving image directory. arg_value=cache/images
2026-07-11 14:29:16,014 - INFO - [run_abc.py:78]: Resolving audio directory. arg_value=cache/audio
2026-07-11 14:29:16,014 - INFO - [run_abc.py:84]: Target file name base: boarsHead
2026-07-11 14:29:16,014 - INFO - --- IMAGE GENERATION START (Renderer: abc2svg) ---
2026-07-11 14:29:16,014 - INFO - File cache/images/boarsHead.svg missing. Generation needed.
2026-07-11 14:29:16,015 - INFO - Executing abc2svg: abcnode tosvg.js --pagewidth 25.2cm --vocalfont "sans-serif 11" --stretchlast 1 --scale 1.0 --leftmargin 0 --rightmargin 0 --topmargin 0 --botmargin 0 --musicfont Bravura cache/images/boarsHead.abc
2026-07-11 14:29:16,016 - ERROR - abc2svg failed: Command 'abcnode tosvg.js --pagewidth 25.2cm --vocalfont "sans-serif 11" --stretchlast 1 --scale 1.0 --leftmargin 0 --rightmargin 0 --topmargin 0 --botmargin 0 --musicfont Bravura cache/images/boarsHead.abc' returned non-zero exit status 127.
2026-07-11 14:29:16,016 - INFO - SVGO not found; skipping optional optimization.
2026-07-11 14:29:16,016 - INFO - Preparing SVG for seamless HTML embedding
2026-07-11 14:29:16,016 - INFO - --- AUDIO GENERATION START ---
2026-07-11 14:29:16,016 - INFO - File cache/audio/boarsHead.webm missing. Generation needed.
2026-07-11 14:29:16,016 - INFO - [run_abc.py:240]: Executing abc2midi: abc2midi cache/audio/boarsHead.abc -o cache/audio/boarsHead.mid
2026-07-11 14:29:16,017 - ERROR - Executable for 'abc2midi' (abc2midi) not found. Is it installed?
2026-07-11 14:29:16,017 - INFO - Using SoundFont: /home/runner/work/quarto-extensions/quarto-extensions/test-11/.local/share/soundfonts/timbresOfHeaven4.00.sf2
2026-07-11 14:29:16,017 - INFO - [run_abc.py:251]: Executing fluidsynth: fluidsynth -n -i -F cache/audio/boarsHead.wav /home/runner/work/quarto-extensions/quarto-extensions/test-11/.local/share/soundfonts/timbresOfHeaven4.00.sf2 cache/audio/boarsHead.mid
2026-07-11 14:29:16,017 - ERROR - Executable for 'fluidsynth' (fluidsynth) not found. Is it installed?
2026-07-11 14:29:16,017 - INFO - [run_abc.py:256]: Executing ffmpeg: ffmpeg -y -i cache/audio/boarsHead.wav -c:a libopus -b:a 64k cache/audio/boarsHead.webm
2026-07-11 14:29:16,018 - ERROR - Executable for 'ffmpeg' (ffmpeg) not found. Is it installed?
2026-07-11 14:29:16,091 - INFO - Logging initialized. Log file: output/log/abc.log
2026-07-11 14:29:16,091 - INFO - [run_abc.py:77]: Resolving image directory. arg_value=cache/images
2026-07-11 14:29:16,091 - INFO - [run_abc.py:78]: Resolving audio directory. arg_value=cache/audio
2026-07-11 14:29:16,091 - INFO - [run_abc.py:84]: Target file name base: shaveAndHaircut
2026-07-11 14:29:16,091 - INFO - --- IMAGE GENERATION START (Renderer: abc2svg) ---
2026-07-11 14:29:16,091 - INFO - File cache/images/shaveAndHaircut.svg missing. Generation needed.
2026-07-11 14:29:16,091 - INFO - Executing abc2svg: abcnode tosvg.js --pagewidth 25.2cm --vocalfont "sans-serif 11" --stretchlast 1 --scale 1.0 --leftmargin 0 --rightmargin 0 --topmargin 0 --botmargin 0 --musicfont Bravura cache/images/shaveAndHaircut.abc
2026-07-11 14:29:16,093 - ERROR - abc2svg failed: Command 'abcnode tosvg.js --pagewidth 25.2cm --vocalfont "sans-serif 11" --stretchlast 1 --scale 1.0 --leftmargin 0 --rightmargin 0 --topmargin 0 --botmargin 0 --musicfont Bravura cache/images/shaveAndHaircut.abc' returned non-zero exit status 127.
2026-07-11 14:29:16,093 - INFO - SVGO not found; skipping optional optimization.
2026-07-11 14:29:16,093 - INFO - Preparing SVG for seamless HTML embedding
2026-07-11 14:29:16,093 - INFO - --- AUDIO GENERATION START ---
2026-07-11 14:29:16,093 - INFO - File cache/audio/shaveAndHaircut.webm missing. Generation needed.
2026-07-11 14:29:16,093 - INFO - [run_abc.py:240]: Executing abc2midi: abc2midi cache/audio/shaveAndHaircut.abc -o cache/audio/shaveAndHaircut.mid
2026-07-11 14:29:16,094 - ERROR - Executable for 'abc2midi' (abc2midi) not found. Is it installed?
2026-07-11 14:29:16,094 - INFO - Using SoundFont: /home/runner/work/quarto-extensions/quarto-extensions/test-11/.local/share/soundfonts/timbresOfHeaven4.00.sf2
2026-07-11 14:29:16,094 - INFO - [run_abc.py:251]: Executing fluidsynth: fluidsynth -n -i -F cache/audio/shaveAndHaircut.wav /home/runner/work/quarto-extensions/quarto-extensions/test-11/.local/share/soundfonts/timbresOfHeaven4.00.sf2 cache/audio/shaveAndHaircut.mid
2026-07-11 14:29:16,094 - ERROR - Executable for 'fluidsynth' (fluidsynth) not found. Is it installed?
2026-07-11 14:29:16,095 - INFO - [run_abc.py:256]: Executing ffmpeg: ffmpeg -y -i cache/audio/shaveAndHaircut.wav -c:a libopus -b:a 64k cache/audio/shaveAndHaircut.webm
2026-07-11 14:29:16,095 - ERROR - Executable for 'ffmpeg' (ffmpeg) not found. Is it installed?
2026-07-11 14:29:16,168 - INFO - Logging initialized. Log file: output/log/abc.log
2026-07-11 14:29:16,168 - INFO - [run_abc.py:77]: Resolving image directory. arg_value=cache/images
2026-07-11 14:29:16,168 - INFO - [run_abc.py:78]: Resolving audio directory. arg_value=cache/audio
2026-07-11 14:29:16,168 - INFO - [run_abc.py:84]: Target file name base: theElephantTuba
2026-07-11 14:29:16,168 - INFO - --- IMAGE GENERATION START (Renderer: abc2svg) ---
2026-07-11 14:29:16,169 - INFO - File cache/images/theElephantTuba.svg missing. Generation needed.
2026-07-11 14:29:16,169 - INFO - Executing abc2svg: abcnode tosvg.js --pagewidth 25.2cm --vocalfont "sans-serif 11" --stretchlast 1 --scale 1.0 --leftmargin 0 --rightmargin 0 --topmargin 0 --botmargin 0 --musicfont Bravura cache/images/theElephantTuba.abc
2026-07-11 14:29:16,170 - ERROR - abc2svg failed: Command 'abcnode tosvg.js --pagewidth 25.2cm --vocalfont "sans-serif 11" --stretchlast 1 --scale 1.0 --leftmargin 0 --rightmargin 0 --topmargin 0 --botmargin 0 --musicfont Bravura cache/images/theElephantTuba.abc' returned non-zero exit status 127.
2026-07-11 14:29:16,170 - INFO - SVGO not found; skipping optional optimization.
2026-07-11 14:29:16,170 - INFO - Preparing SVG for seamless HTML embedding
2026-07-11 14:29:16,170 - INFO - --- AUDIO GENERATION START ---
2026-07-11 14:29:16,170 - INFO - File cache/audio/theElephantTuba.webm missing. Generation needed.
2026-07-11 14:29:16,170 - INFO - [run_abc.py:240]: Executing abc2midi: abc2midi cache/audio/theElephantTuba.abc -o cache/audio/theElephantTuba.mid
2026-07-11 14:29:16,171 - ERROR - Executable for 'abc2midi' (abc2midi) not found. Is it installed?
2026-07-11 14:29:16,171 - INFO - Using SoundFont: /home/runner/work/quarto-extensions/quarto-extensions/test-11/.local/share/soundfonts/timbresOfHeaven4.00.sf2
2026-07-11 14:29:16,171 - INFO - [run_abc.py:251]: Executing fluidsynth: fluidsynth -n -i -F cache/audio/theElephantTuba.wav /home/runner/work/quarto-extensions/quarto-extensions/test-11/.local/share/soundfonts/timbresOfHeaven4.00.sf2 cache/audio/theElephantTuba.mid
2026-07-11 14:29:16,171 - ERROR - Executable for 'fluidsynth' (fluidsynth) not found. Is it installed?
2026-07-11 14:29:16,171 - INFO - [run_abc.py:256]: Executing ffmpeg: ffmpeg -y -i cache/audio/theElephantTuba.wav -c:a libopus -b:a 64k cache/audio/theElephantTuba.webm
2026-07-11 14:29:16,172 - ERROR - Executable for 'ffmpeg' (ffmpeg) not found. Is it installed?
2026-07-11 14:29:16,243 - INFO - Logging initialized. Log file: output/log/abc.log
2026-07-11 14:29:16,244 - INFO - [run_abc.py:77]: Resolving image directory. arg_value=cache/images
2026-07-11 14:29:16,244 - INFO - [run_abc.py:78]: Resolving audio directory. arg_value=cache/audio
2026-07-11 14:29:16,244 - INFO - [run_abc.py:84]: Target file name base: morningMood
2026-07-11 14:29:16,244 - INFO - --- IMAGE GENERATION START (Renderer: abc2svg) ---
2026-07-11 14:29:16,244 - INFO - File cache/images/morningMood.svg missing. Generation needed.
2026-07-11 14:29:16,244 - INFO - Executing abc2svg: abcnode tosvg.js --pagewidth 25.2cm --vocalfont "sans-serif 11" --stretchlast 1 --scale 1.0 --leftmargin 0 --rightmargin 0 --topmargin 0 --botmargin 0 --musicfont Bravura cache/images/morningMood.abc
2026-07-11 14:29:16,245 - ERROR - abc2svg failed: Command 'abcnode tosvg.js --pagewidth 25.2cm --vocalfont "sans-serif 11" --stretchlast 1 --scale 1.0 --leftmargin 0 --rightmargin 0 --topmargin 0 --botmargin 0 --musicfont Bravura cache/images/morningMood.abc' returned non-zero exit status 127.
2026-07-11 14:29:16,245 - INFO - SVGO not found; skipping optional optimization.
2026-07-11 14:29:16,246 - INFO - Preparing SVG for seamless HTML embedding
2026-07-11 14:29:16,246 - INFO - --- AUDIO GENERATION START ---
2026-07-11 14:29:16,246 - INFO - File cache/audio/morningMood.webm missing. Generation needed.
2026-07-11 14:29:16,246 - INFO - [run_abc.py:240]: Executing abc2midi: abc2midi cache/audio/morningMood.abc -o cache/audio/morningMood.mid
2026-07-11 14:29:16,246 - ERROR - Executable for 'abc2midi' (abc2midi) not found. Is it installed?
2026-07-11 14:29:16,246 - INFO - Using SoundFont: /home/runner/work/quarto-extensions/quarto-extensions/test-11/.local/share/soundfonts/timbresOfHeaven4.00.sf2
2026-07-11 14:29:16,246 - INFO - [run_abc.py:251]: Executing fluidsynth: fluidsynth -n -i -F cache/audio/morningMood.wav /home/runner/work/quarto-extensions/quarto-extensions/test-11/.local/share/soundfonts/timbresOfHeaven4.00.sf2 cache/audio/morningMood.mid
2026-07-11 14:29:16,247 - ERROR - Executable for 'fluidsynth' (fluidsynth) not found. Is it installed?
2026-07-11 14:29:16,247 - INFO - [run_abc.py:256]: Executing ffmpeg: ffmpeg -y -i cache/audio/morningMood.wav -c:a libopus -b:a 64k cache/audio/morningMood.webm
2026-07-11 14:29:16,247 - ERROR - Executable for 'ffmpeg' (ffmpeg) not found. Is it installed?
2026-07-11 14:29:16,327 - INFO - Logging initialized. Log file: output/log/abc.log
2026-07-11 14:29:16,327 - INFO - [run_abc.py:77]: Resolving image directory. arg_value=cache/images
2026-07-11 14:29:16,327 - INFO - [run_abc.py:78]: Resolving audio directory. arg_value=cache/audio
2026-07-11 14:29:16,328 - INFO - [run_abc.py:84]: Target file name base: mozartK545
2026-07-11 14:29:16,328 - INFO - --- IMAGE GENERATION START (Renderer: abc2svg) ---
2026-07-11 14:29:16,328 - INFO - File cache/images/mozartK545.svg missing. Generation needed.
2026-07-11 14:29:16,328 - INFO - Executing abc2svg: abcnode tosvg.js --pagewidth 25.2cm --vocalfont "sans-serif 11" --stretchlast 1 --scale 1.0 --leftmargin 0 --rightmargin 0 --topmargin 0 --botmargin 0 --musicfont Bravura cache/images/mozartK545.abc
2026-07-11 14:29:16,329 - ERROR - abc2svg failed: Command 'abcnode tosvg.js --pagewidth 25.2cm --vocalfont "sans-serif 11" --stretchlast 1 --scale 1.0 --leftmargin 0 --rightmargin 0 --topmargin 0 --botmargin 0 --musicfont Bravura cache/images/mozartK545.abc' returned non-zero exit status 127.
2026-07-11 14:29:16,329 - INFO - SVGO not found; skipping optional optimization.
2026-07-11 14:29:16,329 - INFO - Preparing SVG for seamless HTML embedding
2026-07-11 14:29:16,329 - INFO - --- AUDIO GENERATION START ---
2026-07-11 14:29:16,330 - INFO - File cache/audio/mozartK545.webm missing. Generation needed.
2026-07-11 14:29:16,330 - INFO - [run_abc.py:240]: Executing abc2midi: abc2midi cache/audio/mozartK545.abc -o cache/audio/mozartK545.mid
2026-07-11 14:29:16,330 - ERROR - Executable for 'abc2midi' (abc2midi) not found. Is it installed?
2026-07-11 14:29:16,330 - INFO - Using SoundFont: /home/runner/work/quarto-extensions/quarto-extensions/test-11/.local/share/soundfonts/timbresOfHeaven4.00.sf2
2026-07-11 14:29:16,331 - INFO - [run_abc.py:251]: Executing fluidsynth: fluidsynth -n -i -F cache/audio/mozartK545.wav /home/runner/work/quarto-extensions/quarto-extensions/test-11/.local/share/soundfonts/timbresOfHeaven4.00.sf2 cache/audio/mozartK545.mid
2026-07-11 14:29:16,331 - ERROR - Executable for 'fluidsynth' (fluidsynth) not found. Is it installed?
2026-07-11 14:29:16,331 - INFO - [run_abc.py:256]: Executing ffmpeg: ffmpeg -y -i cache/audio/mozartK545.wav -c:a libopus -b:a 64k cache/audio/mozartK545.webm
2026-07-11 14:29:16,332 - ERROR - Executable for 'ffmpeg' (ffmpeg) not found. Is it installed?
2026-07-11 14:29:16,404 - INFO - Logging initialized. Log file: output/log/abc.log
2026-07-11 14:29:16,404 - INFO - [run_abc.py:77]: Resolving image directory. arg_value=cache/images
2026-07-11 14:29:16,404 - INFO - [run_abc.py:78]: Resolving audio directory. arg_value=cache/audio
2026-07-11 14:29:16,404 - INFO - [run_abc.py:84]: Target file name base: bachViola
2026-07-11 14:29:16,404 - INFO - --- IMAGE GENERATION START (Renderer: abc2svg) ---
2026-07-11 14:29:16,404 - INFO - File cache/images/bachViola.svg missing. Generation needed.
2026-07-11 14:29:16,405 - INFO - Executing abc2svg: abcnode tosvg.js --pagewidth 25.2cm --vocalfont "sans-serif 11" --stretchlast 1 --scale 1.0 --leftmargin 0 --rightmargin 0 --topmargin 0 --botmargin 0 --musicfont Bravura cache/images/bachViola.abc
2026-07-11 14:29:16,406 - ERROR - abc2svg failed: Command 'abcnode tosvg.js --pagewidth 25.2cm --vocalfont "sans-serif 11" --stretchlast 1 --scale 1.0 --leftmargin 0 --rightmargin 0 --topmargin 0 --botmargin 0 --musicfont Bravura cache/images/bachViola.abc' returned non-zero exit status 127.
2026-07-11 14:29:16,406 - INFO - SVGO not found; skipping optional optimization.
2026-07-11 14:29:16,406 - INFO - Preparing SVG for seamless HTML embedding
2026-07-11 14:29:16,406 - INFO - --- AUDIO GENERATION START ---
2026-07-11 14:29:16,406 - INFO - File cache/audio/bachViola.webm missing. Generation needed.
2026-07-11 14:29:16,407 - INFO - [run_abc.py:240]: Executing abc2midi: abc2midi cache/audio/bachViola.abc -o cache/audio/bachViola.mid
2026-07-11 14:29:16,407 - ERROR - Executable for 'abc2midi' (abc2midi) not found. Is it installed?
2026-07-11 14:29:16,407 - INFO - Using SoundFont: /home/runner/work/quarto-extensions/quarto-extensions/test-11/.local/share/soundfonts/timbresOfHeaven4.00.sf2
2026-07-11 14:29:16,407 - INFO - [run_abc.py:251]: Executing fluidsynth: fluidsynth -n -i -F cache/audio/bachViola.wav /home/runner/work/quarto-extensions/quarto-extensions/test-11/.local/share/soundfonts/timbresOfHeaven4.00.sf2 cache/audio/bachViola.mid
2026-07-11 14:29:16,408 - ERROR - Executable for 'fluidsynth' (fluidsynth) not found. Is it installed?
2026-07-11 14:29:16,408 - INFO - [run_abc.py:256]: Executing ffmpeg: ffmpeg -y -i cache/audio/bachViola.wav -c:a libopus -b:a 64k cache/audio/bachViola.webm
2026-07-11 14:29:16,408 - ERROR - Executable for 'ffmpeg' (ffmpeg) not found. Is it installed?
Output created: output/example.html

