pandoc 

  to: html
  output-file: qcolab-faq.html
  standalone: true
  title-prefix: colab
  section-divs: true
  html-math-method: mathjax
  wrap: none
  default-image-extension: png
  toc: true
  variables: {}
  

metadata

  document-css: false
  link-citations: true
  date-format: long
  lang: en
  colab:
    gh-user: coatless-quarto
    gh-repo: colab
    gh-branch: main
  engines:
    - path: /opt/quarto/share/extension-subtrees/julia-engine/_extensions/julia-engine/julia-engine.js
  title: Quarto Colab Extension FAQ
  callout-appearance: simple
  

(WARN) Unable to resolve link target: qcolab-example.qmd

Output created: _site/qcolab-faq.html


