pandoc 

  to: markdown
  output-file: input.md
  standalone: true
  default-image-extension: png
  markdown-headings: atx
  wrap: preserve
  variables: {}
  

metadata

  engines:
    - path: /opt/quarto/share/extension-subtrees/julia-engine/_extensions/julia-engine/julia-engine.js
  keep-yaml: false
  acronyms:
    on_duplicate: keep
    keys:
      - shortname: RL
        longname: Reinforcement Learning
      - shortname: RL
        longname: Rocket League
  

FATAL (/opt/quarto/share/filters/main.lua:3760) An error occurred:
Could not run /home/runner/work/quarto-extensions/quarto-extensions/test-20/repo/tests/05-keep-duplicates/acronyms as a JSON filter.
Please make sure the file exists and is executable.

Did you intend 'acronyms' as a Lua filter in an extension?
If so, make sure you've spelled the name of the extension correctly.

The original Pandoc error follows below.
Error running filter /home/runner/work/quarto-extensions/quarto-extensions/test-20/repo/tests/05-keep-duplicates/acronyms:
Could not find executable /home/runner/work/quarto-extensions/quarto-extensions/test-20/repo/tests/05-keep-duplicates/acronyms

Error ru
nning filter /opt/quarto/share/filters/main.lua:
/opt/quarto/share/filters/main.lua:588: FATAL
 QUARTO ERROR
stack traceback:
	/opt/quarto/share/
filters/main.lua:2622: in function 'fatal'

	/opt/quarto/share/filters/main.lua:2202: in function 
'fail'
	/opt/quarto/share/filters/main.lua:3760: in
 field 'Pandoc'
	/opt/quarto/share/filte
rs/main.lua:588: in function 'run_
emulated_filter'
	/opt/quarto
/share/filters/main.l
ua:1317: in local 'callback'
	/opt/
quarto/share/filters/main
.lua:1335: in upvalue 'run_emulat
ed_filter_chain'
	/opt/
quarto/share/filt
ers/main.lua:1371:
 in function </opt
/quarto/share/fi
lters/main.lua:1368
>

(WARN) Error encountered when rendering files

