Cloning into 'repo'...
[1/3] template-brand.qmd
WARN: typst-gather analyze failed; staging all packages as fallback
[typst]: Compiling template-brand.typ to template-brand.pdf...error: expected comma
    ┌─ template-brand.typ:307:30
    │
307 │         font-family-mono: ("("JetBrains Mono",)",),
    │                               ^

error: expected comma
    ┌─ template-brand.typ:307:39
    │
307 │         font-family-mono: ("("JetBrains Mono",)",),
    │                                        ^

error: expected comma
    ┌─ template-brand.typ:307:44
    │
307 │         font-family-mono: ("("JetBrains Mono",)",),
    │                                             ^

ERROR: error: expected comma
    ┌─ template-brand.typ:307:30
    │
307 │         font-family-mono: ("("JetBrains Mono",)",),
    │                               ^

error: expected comma
    ┌─ template-brand.typ:307:39
    │
307 │         font-family-mono: ("("JetBrains Mono",)",),
    │                                        ^

error: expected comma
    ┌─ template-brand.typ:307:44
    │
307 │         font-family-mono: ("("JetBrains Mono",)",),
    │                                             ^


ERROR: Typst compilation failed
Render failed, retrying once...
[1/3] template-brand.qmd
WARN: typst-gather analyze failed; staging all packages as fallback
[typst]: Compiling template-brand.typ to template-brand.pdf...error: expected comma
    ┌─ template-brand.typ:307:30
    │
307 │         font-family-mono: ("("JetBrains Mono",)",),
    │                               ^

error: expected comma
    ┌─ template-brand.typ:307:39
    │
307 │         font-family-mono: ("("JetBrains Mono",)",),
    │                                        ^

error: expected comma
    ┌─ template-brand.typ:307:44
    │
307 │         font-family-mono: ("("JetBrains Mono",)",),
    │                                             ^

ERROR: error: expected comma
    ┌─ template-brand.typ:307:30
    │
307 │         font-family-mono: ("("JetBrains Mono",)",),
    │                               ^

error: expected comma
    ┌─ template-brand.typ:307:39
    │
307 │         font-family-mono: ("("JetBrains Mono",)",),
    │                                        ^

error: expected comma
    ┌─ template-brand.typ:307:44
    │
307 │         font-family-mono: ("("JetBrains Mono",)",),
    │                                             ^


ERROR: Typst compilation failed
