pandoc 

  to: latex
  output-file: template.tex
  standalone: true
  pdf-engine: pdflatex
  variables:
    graphics: true
    tables: true
  default-image-extension: pdf
  toc: false
  cite-method: natbib
  number-sections: false
  

metadata

  block-headings: false
  crossref:
    fig-prefix: Fig
    eq-prefix: Eq
  callout-appearance: simple
  callout-icon: false
  csl: https://www.zotero.org/styles/plos-one
  documentclass: article
  papersize: letter
  fontsize: 10pt
  has-frontmatter: false
  lof: false
  lot: false
  colorlinks: false
  geometry:
    - top=0.85in
    - left=2.75in
    - footskip=0.75in
  biblio-style: plos2015
  natbiboptions: numbers,square,comma
  code-block-border-left: false
  engines:
    - path: /opt/quarto/share/extension-subtrees/julia-engine/_extensions/julia-engine/julia-engine.js
  title: PLOS template
  author:
    - name: Name1 Surname
      equal-contributor: true
      affiliations:
        - ref: aff1
        - ref: aff2
    - name: Name2 Surname
      equal-contributor: true
      affiliations:
        - ref: aff2
    - name: Name3 Surname
      affiliations:
        - ref: aff2
        - ref: aff3
      current-address: 'Current Address: Dept A, Institution A, City, State, Country'
    - name: Name4 Surname
      affiliations:
        - ref: aff2
    - name: Name5 Surname
      affiliations:
        - ref: aff2
      deceased: true
    - name: Name6 Surname
      affiliations:
        - ref: aff2
      current-address: 'Current Address: Dept B, Institution B, City, State, Country'
    - name: Name7 Surname
      affiliations:
        - ref: aff1
        - ref: aff2
        - ref: aff3
      corresponding: true
      email: correspondingauthor@institute.edu
    - name: with the Lorem Ipsum Consortium
      group: true
  author-notes:
    equal-contributor: These authors contributed equally to this work.
    deceased: Deceased
    group: Membership list can be found in the Acknowledgments sections
  affiliations:
    - id: aff1
      name: Affiliation Dept, Institution Name
      city: City
      state: State
      country: Country
    - id: aff2
      name: Affiliation Center, Institution Name
      city: City
      state: State
      country: Country
    - id: aff3
      name: Affiliation Program, Institution Name
      city: City
      state: State
      country: Country
  abstract: |
    Lorem ipsum dolor sit amet, consectetur adipiscing elit. Curabitur eget porta erat. Morbi consectetur est vel gravida pretium. Suspendisse ut dui eu ante cursus gravida non sed sem. Nullam sapien tellus, commodo id velit id, eleifend volutpat quam. Phasellus mauris velit, dapibus finibus elementum vel, pulvinar non tellus. Nunc pellentesque pretium diam, quis maximus dolor faucibus id. Nunc convallis sodales ante, ut ullamcorper est egestas vitae. Nam sit amet enim ultrices, ultrices elit pulvinar, volutpat risus.
  author-summary: |
    Lorem ipsum dolor sit amet, consectetur adipiscing elit. Curabitur eget porta erat. Morbi consectetur est vel gravida pretium. Suspendisse ut dui eu ante cursus gravida non sed sem. Nullam sapien tellus, commodo id velit id, eleifend volutpat quam. Phasellus mauris velit, dapibus finibus elementum vel, pulvinar non tellus. Nunc pellentesque pretium diam, quis maximus dolor faucibus id. Nunc convallis sodales ante, ut ullamcorper est egestas vitae. Nam sit amet enim ultrices, ultrices elit pulvinar, volutpat risus.
  bibliography:
    - bibliography.bib
  journal:
    id: plosone
  

WARNING (/opt/quarto/share/filters/main.lua:18344) Raw LaTeX table found with non-tbl label: table1
Won't be able to cross-reference this table using Quarto's native crossref system.


Rendering PDF

running pdflatex - 1

  This is pdfTeX, Version 3.141592653-2.6-1.40.29 (TeX Live 2026) (preloaded format=pdflatex)
   restricted \write18 enabled.
  entering extended mode
  

updating tlmgr



updating existing packages

finding package for changepage.sty

> 1 package to install

> installing changepage (1 of 1)

  This is pdfTeX, Version 3.141592653-2.6-1.40.29 (TeX Live 2026) (preloaded format=pdflatex)
   restricted \write18 enabled.
  entering extended mode
  

finding package for marvosym.sty

> 1 package to install

> installing marvosym (1 of 1)

  This is pdfTeX, Version 3.141592653-2.6-1.40.29 (TeX Live 2026) (preloaded format=pdflatex)
   restricted \write18 enabled.
  entering extended mode
  

finding package for lineno.sty

> 1 package to install

> installing lineno (1 of 1)

  This is pdfTeX, Version 3.141592653-2.6-1.40.29 (TeX Live 2026) (preloaded format=pdflatex)
   restricted \write18 enabled.
  entering extended mode
  

finding package for microtype.sty

> 1 package to install

> installing microtype (1 of 1)

  This is pdfTeX, Version 3.141592653-2.6-1.40.29 (TeX Live 2026) (preloaded format=pdflatex)
   restricted \write18 enabled.
  entering extended mode
  

finding package for lastpage.sty

> 1 package to install

> installing lastpage (1 of 1)

  This is pdfTeX, Version 3.141592653-2.6-1.40.29 (TeX Live 2026) (preloaded format=pdflatex)
   restricted \write18 enabled.
  entering extended mode
  

generating bibliography

  This is BibTeX, Version 0.99e (TeX Live 2026)
  The top-level auxiliary file: template.aux
  The style file: plos2015.bst
  Database file #1: bibliography.bib
  

running pdflatex - 2

  This is pdfTeX, Version 3.141592653-2.6-1.40.29 (TeX Live 2026) (preloaded format=pdflatex)
   restricted \write18 enabled.
  entering extended mode
  

running pdflatex - 3

  This is pdfTeX, Version 3.141592653-2.6-1.40.29 (TeX Live 2026) (preloaded format=pdflatex)
   restricted \write18 enabled.
  entering extended mode
  



Output created: template.pdf


