
Rendering PDF

running lualatex - 1

  This is LuaHBTeX, Version 1.24.0 (TeX Live 2026) 
   restricted system commands enabled.
  

updating tlmgr



updating existing packages

finding package for scrartcl.cls

> 1 package to install

> installing koma-script (1 of 1)

  This is LuaHBTeX, Version 1.24.0 (TeX Live 2026) 
   restricted system commands enabled.
  
  luaotfload | db : Font names database not found, generating new one.
  luaotfload | db : This can take several minutes; please be patient.

running lualatex - 2

  This is LuaHBTeX, Version 1.24.0 (TeX Live 2026) 
   restricted system commands enabled.
  



[typst]: Compiling typst.typ to typst.pdf...
downloading @preview/cetz:0.3.2

 74.5 KiB /  74.5 KiB (100 %)  74.5 KiB/s in 2.47 ms ETA: 0 s


downloading @preview/oxifmt:0.2.1

 11.7 KiB /  11.7 KiB (100 %)  11.7 KiB/s in 995.39 µs ETA: 0 s


warning: the `path` function is deprecated, use `curve` instead
    ┌─ @preview/cetz:0.3.2/src/canvas.typ:124:8
    │
124 │     
    path(
    │         ^^^^


DONE




Output created: docs/index.html


