pandoc 

  to: beamer
  output-file: example.tex
  standalone: true
  pdf-engine: lualatex
  variables:
    graphics: true
    tables: true
  default-image-extension: pdf
  

metadata

  block-headings: true
  engines:
    - path: /opt/quarto/share/extension-subtrees/julia-engine/_extensions/julia-engine/julia-engine.js
  title: Highlight-text Quarto Extension
  subtitle: Quarto Extension
  author:
    - name: Mickaël CANOUIL, _Ph.D._
      orcid: 0000-0002-3396-4549
      url: https://mickael.canouil.fr
  brand:
    light:
      color:
        palette:
          fg: '#ffffff'
          bg: '#b22222'
        foreground: '#333333'
        background: '#fafafa'
    dark:
      color:
        palette:
          fg: '#b22222'
          bg: '#ffffff'
        foreground: '#fafafa'
        background: '#333333'
  aspectratio: 169
  fontsize: 8pt
  

(W) [highlight-text] Using "brand-color." prefix is deprecated. Please use the colour name directly (e.g., "fg" instead of "brand-color.fg").


Rendering PDF

running lualatex - 1

  This is LuaHBTeX, Version 1.24.0 (TeX Live 2026) 
   restricted system commands enabled.
  

updating tlmgr



updating existing packages

finding package for size8.clo

