Cloning into 'repo'...
Installing package into '/home/runner/work/quarto-extensions/quarto-extensions/test-10/R/x86_64-pc-linux-gnu-library/4.6'
(as 'lib' is unspecified)
trying URL 'https://packagemanager.posit.co/cran/latest/src/contrib/renv_1.2.3.tar.gz'
Content type 'binary/octet-stream' length 1375285 bytes (1.3 MB)
==================================================
downloaded 1.3 MB

* installing *source* package 'renv' ...
** this is package 'renv' version '1.2.3'
** package 'renv' successfully unpacked and MD5 sums checked
** using staged installation
** R
** inst
** byte-compile and prepare package for lazy loading
** help
*** installing help indices
*** copying figures
** building package indices
** installing vignettes
** testing if installed package can be loaded from temporary location
** checking absolute paths in shared objects and dynamic libraries
** testing if installed package can be loaded from final location
** testing if installed package keeps a record of temporary installation path
* DONE (renv)

The downloaded source packages are in
	'/tmp/RtmpAQalEq/downloaded_packages'
Installing packages into '/home/runner/work/quarto-extensions/quarto-extensions/test-10/R/x86_64-pc-linux-gnu-library/4.6'
(as 'lib' is unspecified)
also installing the dependencies 'fontBitstreamVera', 'fontLiberation', 'fontquiver', 'zip', 'extrafontdb', 'Rttf2pt1', 'gdtools', 'officer'

trying URL 'https://packagemanager.posit.co/cran/latest/src/contrib/fontBitstreamVera_0.1.1.tar.gz'
trying URL 'https://packagemanager.posit.co/cran/latest/src/contrib/fontLiberation_0.1.0.tar.gz'
trying URL 'https://packagemanager.posit.co/cran/latest/src/contrib/fontquiver_0.2.1.tar.gz'
trying URL 'https://packagemanager.posit.co/cran/latest/src/contrib/zip_2.3.3.tar.gz'
trying URL 'https://packagemanager.posit.co/cran/latest/src/contrib/extrafontdb_1.1.tar.gz'
trying URL 'https://packagemanager.posit.co/cran/latest/src/contrib/Rttf2pt1_1.3.14.tar.gz'
trying URL 'https://packagemanager.posit.co/cran/latest/src/contrib/gdtools_0.5.0.tar.gz'
trying URL 'https://packagemanager.posit.co/cran/latest/src/contrib/officer_0.7.5.tar.gz'
trying URL 'https://packagemanager.posit.co/cran/latest/src/contrib/extrafont_0.20.tar.gz'
trying URL 'https://packagemanager.posit.co/cran/latest/src/contrib/flextable_0.9.11.tar.gz'
* installing *source* package 'fontBitstreamVera' ...
** this is package 'fontBitstreamVera' version '0.1.1'
** package 'fontBitstreamVera' successfully unpacked and MD5 sums checked
** using staged installation
** inst
** help
*** installing help indices
** building package indices
** testing if installed package can be loaded from temporary location
** testing if installed package can be loaded from final location
** testing if installed package keeps a record of temporary installation path
* DONE (fontBitstreamVera)
* installing *source* package 'fontLiberation' ...
** this is package 'fontLiberation' version '0.1.0'
** package 'fontLiberation' successfully unpacked and MD5 sums checked
** using staged installation
** inst
** help
*** installing help indices
** building package indices
** testing if installed package can be loaded from temporary location
** testing if installed package can be loaded from final location
** testing if installed package keeps a record of temporary installation path
* DONE (fontLiberation)
* installing *source* package 'zip' ...
** this is package 'zip' version '2.3.3'
** package 'zip' successfully unpacked and MD5 sums checked
** using staged installation
** libs
using C compiler: 'gcc (Ubuntu 13.3.0-6ubuntu2~24.04.1) 13.3.0'
rzip.c:19: warning: "S_IFLNK" redefined
   19 | #define S_IFLNK         0120000         /* [XSI] symbolic link */
      | 
In file included from rzip.c:5:
/usr/include/x86_64-linux-gnu/sys/stat.h:113: note: this is the location of the previous definition
  113 | #  define S_IFLNK       __S_IFLNK
      | 
installing via 'install.libs.R' to /home/runner/work/quarto-extensions/quarto-extensions/test-10/R/x86_64-pc-linux-gnu-library/4.6/00LOCK-zip/00new/zip
** R
** inst
** byte-compile and prepare package for lazy loading
** help
*** installing help indices
** building package indices
** testing if installed package can be loaded from temporary location
** checking absolute paths in shared objects and dynamic libraries
** testing if installed package can be loaded from final location
** testing if installed package keeps a record of temporary installation path
* DONE (zip)
* installing *source* package 'extrafontdb' ...
** this is package 'extrafontdb' version '1.1'
** package 'extrafontdb' successfully unpacked and MD5 sums checked
** using staged installation
** R
** inst
** byte-compile and prepare package for lazy loading
** help
*** installing help indices
** building package indices
** testing if installed package can be loaded from temporary location
** testing if installed package can be loaded from final location
** testing if installed package keeps a record of temporary installation path
* DONE (extrafontdb)
* installing *source* package 'Rttf2pt1' ...
** this is package 'Rttf2pt1' version '1.3.14'
** package 'Rttf2pt1' successfully unpacked and MD5 sums checked
** using staged installation
** libs
installing via 'install.libs.R' to /home/runner/work/quarto-extensions/quarto-extensions/test-10/R/x86_64-pc-linux-gnu-library/4.6/00LOCK-Rttf2pt1/00new/Rttf2pt1
Installing ttf2pt1/ttf2pt1 to /home/runner/work/quarto-extensions/quarto-extensions/test-10/R/x86_64-pc-linux-gnu-library/4.6/00LOCK-Rttf2pt1/00new/Rttf2pt1/exec
** R
** inst
** byte-compile and prepare package for lazy loading
** help
*** installing help indices
** building package indices
** testing if installed package can be loaded from temporary location
** testing if installed package can be loaded from final location
** testing if installed package keeps a record of temporary installation path
* DONE (Rttf2pt1)
* installing *source* package 'fontquiver' ...
** this is package 'fontquiver' version '0.2.1'
** package 'fontquiver' successfully unpacked and MD5 sums checked
** using staged installation
** R
** inst
** byte-compile and prepare package for lazy loading
** help
*** installing help indices
** building package indices
** testing if installed package can be loaded from temporary location
** testing if installed package can be loaded from final location
** testing if installed package keeps a record of temporary installation path
* DONE (fontquiver)
* installing *source* package 'officer' ...
** this is package 'officer' version '0.7.5'
** package 'officer' successfully unpacked and MD5 sums checked
** using staged installation
** R
** inst
** byte-compile and prepare package for lazy loading
** help
*** installing help indices
*** copying figures
** building package indices
** testing if installed package can be loaded from temporary location
** testing if installed package can be loaded from final location
** testing if installed package keeps a record of temporary installation path
* DONE (officer)
* installing *source* package 'extrafont' ...
** this is package 'extrafont' version '0.20'
** package 'extrafont' successfully unpacked and MD5 sums checked
** using staged installation
** R
** byte-compile and prepare package for lazy loading
** help
*** installing help indices
** building package indices
** testing if installed package can be loaded from temporary location
** testing if installed package can be loaded from final location
** testing if installed package keeps a record of temporary installation path
* DONE (extrafont)
* installing *source* package 'gdtools' ...
** this is package 'gdtools' version '0.5.0'
** package 'gdtools' successfully unpacked and MD5 sums checked
** using staged installation
** libs
using C++ compiler: 'g++ (Ubuntu 13.3.0-6ubuntu2~24.04.1) 13.3.0'
installing to /home/runner/work/quarto-extensions/quarto-extensions/test-10/R/x86_64-pc-linux-gnu-library/4.6/00LOCK-gdtools/00new/gdtools/libs
** R
** inst
** byte-compile and prepare package for lazy loading
** help
*** installing help indices
** building package indices
** testing if installed package can be loaded from temporary location
** checking absolute paths in shared objects and dynamic libraries
** testing if installed package can be loaded from final location
** testing if installed package keeps a record of temporary installation path
* DONE (gdtools)
* installing *source* package 'flextable' ...
** this is package 'flextable' version '0.9.11'
** package 'flextable' successfully unpacked and MD5 sums checked
** using staged installation
** R
** inst
** byte-compile and prepare package for lazy loading
** help
*** installing help indices
*** copying figures
** building package indices
** installing vignettes
** testing if installed package can be loaded from temporary location
** testing if installed package can be loaded from final location
** testing if installed package keeps a record of temporary installation path
* DONE (flextable)

The downloaded source packages are in
	'/tmp/RtmpAQalEq/downloaded_packages'
Warning message:
package 'InraeThemes' is not available for this version of R

A version of this package for your version of R might be available elsewhere,
see the ideas at
https://cran.r-project.org/doc/manuals/r-patched/R-admin.html#Installing-packages 
[1/8] template_html.qmd


processing file: template_html.qmd
1/10                  
2/10 [unnamed-chunk-1]
Error in `library()`:
! there is no package called 'InraeThemes'
Backtrace:
    x
 1. \-base::library(InraeThemes)

Quitting from template_html.qmd:51-70 [unnamed-chunk-1]
Execution halted
WARN: Error encountered when rendering files
Render failed, retrying once...
[1/8] template_html.qmd


processing file: template_html.qmd
1/10                  
2/10 [unnamed-chunk-1]
Error in `library()`:
! there is no package called 'InraeThemes'
Backtrace:
    x
 1. \-base::library(InraeThemes)

Quitting from template_html.qmd:51-70 [unnamed-chunk-1]
Execution halted
WARN: Error encountered when rendering files
