Dependency install phase for davidcarayon/quarto-inrae-extension: auto-detect
Auto-detecting R dependencies for davidcarayon/quarto-inrae-extension (knitr engine, no renv.lock).
** libs
using C compiler: 'gcc (Ubuntu 13.3.0-6ubuntu2~24.04.1) 13.3.0'
gcc -std=gnu2x -I"/opt/R/4.6.0/lib/R/include" -DNDEBUG   -I/usr/local/include    -fpic  -g -O2  -c renv.c -o renv.o
gcc -std=gnu2x -shared -L/opt/R/4.6.0/lib/R/lib -L/usr/local/lib -o renv.so renv.o -L/opt/R/4.6.0/lib/R/lib -lR
Installing R packages: InraeThemes, extrafont, flextable 
No man pages found in package  'fontBitstreamVera' 
No man pages found in package  'fontLiberation' 
gcc -std=gnu2x -g -O2  miniz.c zip.c unixutils.c tools/cmdzip.c -o tools/cmdzip
gcc -std=gnu2x -g -O2  miniz.c zip.c unixutils.c tools/cmdunzip.c -o tools/cmdunzip
gcc -std=gnu2x -I"/opt/R/4.6.0/lib/R/include" -DNDEBUG   -I/usr/local/include   -fvisibility=hidden -fpic  -g -O2  -c init.c -o init.o
gcc -std=gnu2x -I"/opt/R/4.6.0/lib/R/include" -DNDEBUG   -I/usr/local/include   -fvisibility=hidden -fpic  -g -O2  -c miniz.c -o miniz.o
gcc -std=gnu2x -I"/opt/R/4.6.0/lib/R/include" -DNDEBUG   -I/usr/local/include   -fvisibility=hidden -fpic  -g -O2  -c rzip.c -o rzip.o
gcc -std=gnu2x -I"/opt/R/4.6.0/lib/R/include" -DNDEBUG   -I/usr/local/include   -fvisibility=hidden -fpic  -g -O2  -c zip.c -o zip.o
gcc -std=gnu2x -I"/opt/R/4.6.0/lib/R/include" -DNDEBUG   -I/usr/local/include   -fvisibility=hidden -fpic  -g -O2  -c unixutils.c -o unixutils.o
gcc -std=gnu2x -shared -L/opt/R/4.6.0/lib/R/lib -L/usr/local/lib -o zip.so init.o miniz.o rzip.o zip.o unixutils.o -L/opt/R/4.6.0/lib/R/lib -lR
echo "make ttf2pt1 in ttf2pt1/ ..."
make ttf2pt1 in ttf2pt1/ ...
(cd ttf2pt1; make CC="`"/opt/R/4.6.0/lib/R/bin/R" CMD config CC`" CFLAGS="`"/opt/R/4.6.0/lib/R/bin/R" CMD config CFLAGS`" ttf2pt1)
make[1]: Entering directory '/tmp/Rtmp5gzUxh/R.INSTALL1e4b94d537/Rttf2pt1/src/ttf2pt1'
gcc -std=gnu2x -g -O2 -c ttf2pt1.c
gcc -std=gnu2x -g -O2 -c pt1.c
gcc -std=gnu2x -g -O2  -c runt1asm.c
gcc -std=gnu2x -g -O2 -c ttf.c
gcc -std=gnu2x -g -O2 -c ft.c
gcc -std=gnu2x -g -O2 -c bdf.c
gcc -std=gnu2x -g -O2 -c bitmap.c
gcc -std=gnu2x -g -O2 -o ttf2pt1 ttf2pt1.o pt1.o runt1asm.o ttf.o ft.o bdf.o bitmap.o -lm  
make[1]: Leaving directory '/tmp/Rtmp5gzUxh/R.INSTALL1e4b94d537/Rttf2pt1/src/ttf2pt1'
[1] ""
Using PKG_CFLAGS=
Using PKG_LIBS=-lcairo -lfreetype
-----------------------------[ ANTICONF ]-------------------------------
Configuration failed to find libraries. Try installing:
 * deb: libcairo2-dev (Debian, Ubuntu)
 * rpm: cairo-devel (Fedora, CentOS, RHEL)
 * csw: libcairo_dev (Solaris)
 * brew: cairo (OSX)
If cairo freetype2 are already installed, check that 'pkg-config' is in your
PATH and PKG_CONFIG_PATH contains a cairo freetype2.pc file. If pkg-config
is unavailable you can set INCLUDE_DIR and LIB_DIR manually via:
R CMD INSTALL --configure-vars='INCLUDE_DIR=... LIB_DIR=...'
---------------------------[ ERROR MESSAGE ]----------------------------
src/tests/sysdeps.c:1:10: fatal error: cairo-ft.h: No such file or directory
    1 | #include <cairo-ft.h>
      |          ^~~~~~~~~~~~
compilation terminated.
------------------------------------------------------------------------
tlmgr: package repository https://ctan.math.illinois.edu/systems/texlive/tlnet (verified)
tlmgr: no self-updates for tlmgr available
Using CTAN mirror: https://ctan.math.illinois.edu/systems/texlive/tlnet
