Cloning into 'repo'...
pandoc 
  to: latex
  output-file: template.tex
  standalone: true
  shift-heading-level-by: -1
  pdf-engine: pdflatex
  variables:
    graphics: true
    tables: true
  default-image-extension: pdf
  toc: false
  number-sections: true
  cite-method: biblatex
  
metadata
  block-headings: true
  fontfamily: fbb
  engines:
    - path: /opt/quarto/share/extension-subtrees/julia-engine/_extensions/julia-engine/julia-engine.js
  title: Cambridge-Medium Template
  author:
    - name: F. Author
      affiliations:
        - name: Organization
          department: First Division
          city: Boston
          state: Massachusetts
          country: USA
          postal-code: 02210-1022
        - A second affiliation, University
      email: first.author@address.edu
    - name: S. Author
      affiliations:
        - name: Organization
          department: Second Division
          city: Boston
          state: Massachusetts
          country: USA
          postal-code: 2138
    - name: T. Author
      affiliations:
        - name: Organization
          department: Third Division
          city: New York
          state: New York
          country: USA
          postal-code: 10012
    - name: F.T. Author
      affiliations:
        - name: Organization
          department: Political Science
          city: Chicago
          state: Illinois
          country: USA
          postal-code: 60637
  abstract: |
    This document is a template demonstrating the Cambridge-medium format.
  acknowledgements: |
    This document is based on the Overleaf template.
  keywords:
    - template
    - demo
  bibliography:
    - bibliography.bib
  journal: medium
  year: 2023
  volume: NA
  

Rendering PDF
running pdflatex - 1
  This is pdfTeX, Version 3.141592653-2.6-1.40.29 (TeX Live 2026) (preloaded format=pdflatex)
   restricted \write18 enabled.
  entering extended mode
  
updating tlmgr

updating existing packages
finding package for lastpage.sty
> 1 package to install
> installing lastpage (1 of 1)
  This is pdfTeX, Version 3.141592653-2.6-1.40.29 (TeX Live 2026) (preloaded format=pdflatex)
   restricted \write18 enabled.
  entering extended mode
  
finding package for endnotes.sty
> 1 package to install
> installing endnotes (1 of 1)
  This is pdfTeX, Version 3.141592653-2.6-1.40.29 (TeX Live 2026) (preloaded format=pdflatex)
   restricted \write18 enabled.
  entering extended mode
  
finding package for changepage.sty
> 1 package to install
> installing changepage (1 of 1)
  This is pdfTeX, Version 3.141592653-2.6-1.40.29 (TeX Live 2026) (preloaded format=pdflatex)
   restricted \write18 enabled.
  entering extended mode
  
finding package for stringstrings.sty
> 1 package to install
> installing stringstrings (1 of 1)
  This is pdfTeX, Version 3.141592653-2.6-1.40.29 (TeX Live 2026) (preloaded format=pdflatex)
   restricted \write18 enabled.
  entering extended mode
  
finding package for textpos.sty
> 1 package to install
> installing textpos (1 of 1)
  This is pdfTeX, Version 3.141592653-2.6-1.40.29 (TeX Live 2026) (preloaded format=pdflatex)
   restricted \write18 enabled.
  entering extended mode
  
finding package for floatrow.sty
> 1 package to install
> installing floatrow (1 of 1)
  This is pdfTeX, Version 3.141592653-2.6-1.40.29 (TeX Live 2026) (preloaded format=pdflatex)
   restricted \write18 enabled.
  entering extended mode
  
finding package for mfirstuc.sty
> 1 package to install
> installing mfirstuc (1 of 1)
  This is pdfTeX, Version 3.141592653-2.6-1.40.29 (TeX Live 2026) (preloaded format=pdflatex)
   restricted \write18 enabled.
  entering extended mode
  
finding package for alphalph.sty
> 1 package to install
> installing alphalph (1 of 1)
  This is pdfTeX, Version 3.141592653-2.6-1.40.29 (TeX Live 2026) (preloaded format=pdflatex)
   restricted \write18 enabled.
  entering extended mode
  
finding package for fbb.sty
> 1 package to install
> installing fbb (1 of 1)
  This is pdfTeX, Version 3.141592653-2.6-1.40.29 (TeX Live 2026) (preloaded format=pdflatex)
   restricted \write18 enabled.
  entering extended mode
  
finding package for ly1enc.def
> 1 package to install
> installing ly1 (1 of 1)
  This is pdfTeX, Version 3.141592653-2.6-1.40.29 (TeX Live 2026) (preloaded format=pdflatex)
   restricted \write18 enabled.
  entering extended mode
  
finding package for xstring.sty
> 1 package to install
> installing xstring (1 of 1)
  This is pdfTeX, Version 3.141592653-2.6-1.40.29 (TeX Live 2026) (preloaded format=pdflatex)
   restricted \write18 enabled.
  entering extended mode
  
finding package for sourcesanspro.sty
> 1 package to install
> installing sourcesans (1 of 1)
  This is pdfTeX, Version 3.141592653-2.6-1.40.29 (TeX Live 2026) (preloaded format=pdflatex)
   restricted \write18 enabled.
  entering extended mode
  
finding package for sansmath.sty
> 1 package to install
> installing sansmath (1 of 1)
  This is pdfTeX, Version 3.141592653-2.6-1.40.29 (TeX Live 2026) (preloaded format=pdflatex)
   restricted \write18 enabled.
  entering extended mode
  
finding package for mathastext.sty
> 1 package to install
> installing mathastext (1 of 1)
  This is pdfTeX, Version 3.141592653-2.6-1.40.29 (TeX Live 2026) (preloaded format=pdflatex)
   restricted \write18 enabled.
  entering extended mode
  
finding package for biblatex-chicago.sty
> 1 package to install
> installing biblatex-chicago (1 of 1)
  This is pdfTeX, Version 3.141592653-2.6-1.40.29 (TeX Live 2026) (preloaded format=pdflatex)
   restricted \write18 enabled.
  entering extended mode
  
finding package for biblatex.sty
> 1 package to install
> installing biblatex (1 of 1)
  This is pdfTeX, Version 3.141592653-2.6-1.40.29 (TeX Live 2026) (preloaded format=pdflatex)
   restricted \write18 enabled.
  entering extended mode
  
finding package for microtype.sty
finding package for chicago-authordate-trad.dbx
finding package for biblatex-dm.cfg
> 1 package to install
> installing microtype (1 of 1)
  This is pdfTeX, Version 3.141592653-2.6-1.40.29 (TeX Live 2026) (preloaded format=pdflatex)
   restricted \write18 enabled.
  entering extended mode
  
  kpathsea: Running mktexpk --mfmode / --bdpi 600 --mag 1+0/600 --dpi 600 ectt1000
  mktexpk: Running mf-nowin -progname=mf \mode:=ljfour; mag:=1+0/600; nonstopmode; input ectt1000
  This is METAFONT, Version 2.71828182 (TeX Live 2026) (preloaded base=mf)
  
  (/opt/tinytex/texmf-dist/fonts/source/jknappen/ec/ectt1000.mf (/opt/tinytex/texmf-dist/fonts/source/jknappen/ec/exbase.mf) (/opt/tinytex/texmf-dist/fonts/source/jknappen/ec/ectt.mf (/opt/tinytex/texmf-dist/fonts/source/jknappen/ec/exroman.mf
   Ok (/opt/tinytex/texmf-dist/fonts/source/jknappen/ec/exaccess.mf
   Ok) (/opt/tinytex/texmf-dist/fonts/source/jknappen/ec/expseudo.mf
   Ok) (/opt/tinytex/texmf-dist/fonts/source/jknappen/ec/exruwest.mf
   Ok [192] [193] [194] [195] [196] [197] [198] [199] [200] [201] [202] [203] [204] [205] [206] [207] [208] [209] [210] [211] [212] [213] [214] [215] [216] [217] [218] [219] [220] [221] [222] [223]) (/opt/tinytex/texmf-dist/fonts/source/jknappen/ec/exrlwest.mf
   Ok [224] [225] [226] [227] [228] [229] [230] [231] [232] [233] [234] [235] [236] [237] [238] [239] [240] [241] [242] [243] [244] [245] [246] [247] [248] [249] [250] [251] [252] [253] [254] [255]) (/opt/tinytex/texmf-dist/fonts/source/jknappen/ec/exrueast.mf
   Ok [128] [129] [130] [131] [132] [133] [134] [135] [136] [137] [138] [139] [140] [141] [142] [143] [144] [145] [146] [147] [148] [149] [150] [151] [152] [153] [154] [155] [156] [157]) (/opt/tinytex/texmf-dist/fonts/source/jknappen/ec/exrleast.mf
   Ok [158] [160] [161] [162] [163] [164] [165] [166] [167] [168] [169] [170] [171] [172] [173] [174] [175] [176] [177] [178] [179] [180] [181] [182] [183] [184] [185] [186] [187] [188]) (/opt/tinytex/texmf-dist/fonts/source/jknappen/ec/exbraces.mf
   Ok [94] [126] [23] [40] [41] [60] [124] [62] [91] [93] [92] [123] [125] [95] [127] [32]) (/opt/tinytex/texmf-dist/fonts/source/jknappen/ec/expunct.mf
   Ok [14] [15] [19] [20] [13] [18] [33] [39] [42] [43] [44] [46] [47] [58] [59] [61] [96] [189] [17] [45] [16] [21] [22]) (/opt/tinytex/texmf-dist/fonts/source/jknappen/ec/exaccent.mf
   Ok [0] [1] [2] [3] [4] [5] [6] [7] [8] [9] [10] [11] [12]) (/opt/tinytex/texmf-dist/fonts/source/jknappen/ec/exsign.mf
   Ok [24] [34] [35] [36] [37] [64] [191] [159]) (/opt/tinytex/texmf-dist/fonts/source/jknappen/ec/exrlig.mf
   Ok [25] [26] [28] [27] [29] [30] [31]) (/opt/tinytex/texmf-dist/fonts/source/jknappen/ec/exromp.mf
   Ok [38] [63] [190]) (/opt/tinytex/texmf-dist/fonts/source/jknappen/ec/exrulett.mf
   Ok [65] [66] [67] [68] [69] [70] [71] [72] [73] [74] [75] [76] [77] [78] [79] [80] [81] [82] [83] [84] [85] [86] [87] [88] [89] [90]) (/opt/tinytex/texmf-dist/fonts/source/jknappen/ec/exrllett.mf
   Ok [97] [98] [99] [100] [101] [102] [103] [104] [105] [106] [107] [108] [109] [110] [111] [112] [113] [114] [115] [116] [117] [118] [119] [120] [121] [122]) (/opt/tinytex/texmf-dist/fonts/source/jknappen/ec/exrdigit.mf
   Ok [48] [49] [50] [51] [52] [53] [54] [55] [56] [57]) (/opt/tinytex/texmf-dist/fonts/source/jknappen/ec/exmligtb.mf
   Ok) ) ) )
  Font metrics written on ectt1000.tfm.
  Output written on ectt1000.600gf (256 characters, 43832 bytes).
  Transcript written on ectt1000.log.
  mktexpk: /tmp/texmf-var/fonts/pk/ljfour/jknappen/ec/ectt1000.600pk: successfully generated.
  
generating bibliography
command biber not found, attempting install
finding package for biber
> 1 package to install
> installing biber (1 of 1)
  INFO - This is Biber 2.21
  INFO - Logfile is 'template.blg'
  INFO - Reading 'template.bcf'
  INFO - Found 1 citekeys in bib section 0
  INFO - Processing section 0
  INFO - Looking for bibtex file 'bibliography.bib' for section 0
  INFO - LaTeX decoding ...
  INFO - Found BibTeX data source 'bibliography.bib'
  INFO - Overriding locale 'en-US' defaults 'level = 4' with 'level = 2'
  INFO - Overriding locale 'en-US' defaults 'variable = shifted' with 'variable = non-ignorable'
  INFO - Overriding locale 'en-US' defaults 'normalization = NFD' with 'normalization = prenormalized'
  INFO - Sorting list 'cms/global//global/global/global' of type 'entry' with template 'cms' and locale 'en-US'
  INFO - No sort tailoring available for locale 'en-US'
  INFO - Writing 'template.bbl' with encoding 'UTF-8'
  INFO - Output to template.bbl
  
running pdflatex - 2
  This is pdfTeX, Version 3.141592653-2.6-1.40.29 (TeX Live 2026) (preloaded format=pdflatex)
   restricted \write18 enabled.
  entering extended mode
  
running pdflatex - 3
  This is pdfTeX, Version 3.141592653-2.6-1.40.29 (TeX Live 2026) (preloaded format=pdflatex)
   restricted \write18 enabled.
  entering extended mode
  

Output created: template.pdf

