Cloning into 'repo'...
pandoc 
  to: typst
  output-file: template.typ
  standalone: true
  default-image-extension: svg
  wrap: none
  citeproc: false
  toc: false
  variables: {}
  
metadata
  fontsize: 11pt
  date: today
  date-format: D MMMM YYYY
  lang: en
  region: AU
  paper: a4
  bibliographystyle: apa
  margin:
    top: 2.7cm
    bottom: 2cm
    left: 2cm
    right: 2cm
  font-paths:
    - _extensions/memo/fonts
  title: Note to self
  author: Marie Curie
  branding: true
  linestretch: 1.2
  
[typst]: Compiling template.typ to template.pdf...DONE

Output created: template.pdf



processing file: README.qmd
1/3                  
2/3 [unnamed-chunk-1]
Error in `library()`:
! there is no package called 'tidyverse'
Backtrace:
    x
 1. \-base::library(tidyverse)

Quitting from README.qmd:7-24 [unnamed-chunk-1]
Execution halted
WARN: Error encountered when rendering files
Render failed, retrying once...


processing file: README.qmd
1/3                  
2/3 [unnamed-chunk-1]
Error in `library()`:
! there is no package called 'tidyverse'
Backtrace:
    x
 1. \-base::library(tidyverse)

Quitting from README.qmd:7-24 [unnamed-chunk-1]
Execution halted
WARN: Error encountered when rendering files
