Cloning into 'repo'...
pandoc 
  to: typst
  output-file: template.typ
  template: _extensions/invoice/template.typ
  standalone: true
  shift-heading-level-by: -1
  default-image-extension: svg
  wrap: none
  citeproc: false
  
metadata
  title: Consulting 2026
  description: 2026/01/01 -- 2026/12/31
  sender:
    name: Firstname LASTNAME
    email: Firstname.LASTNAME@company.dev
    address:
      street: 123 Rue de la Paix
      zip: 75000
      city: Paris
      country: France
    registration: 123 456 789
    vat: FR1234567890
    exempted: Exempted from VAT (article 259-1 du CGI, France).
  invoice:
    number: 2026-001
    issued: '2026-01-01'
    due: '2026-01-31'
    reference: abcd1234
    fee: 2.28
    penalty: 40
    currency: EUR
    items:
      - description: A very important deliverable
        details: A description of the tasks.
        quantity: 1
        unit-price: 12345.67
        vat: 0
  bank:
    bic: AZERTYUI
    iban: FR12 1234 4567 7890 1234 5678 901
  recipient:
    name: Company, Inc.
    address:
      street: 123 Main Street
      zip: 12345
      city: New York
      state: NY
      country: United States
  brand:
    typography:
      fonts:
        - family: Alegreya Sans
          source: google
          weight:
            - 400
            - 700
          style:
            - normal
            - italic
      base:
        family: Alegreya Sans
        size: 12pt
      headings:
        color: dodgerblue
  lang: en
  region: UK
  papersize: a4
  margin:
    x: 2.5cm
    'y': 2.5cm
  
[typst]: Compiling template.typ to template.pdf...DONE

Output created: index.pdf

ERROR: Unable to read the extension 'invoice'.
Please ensure that you provided the correct id and that the extension is installed.

Stack trace:
    at loadExtension (file:///opt/quarto/bin/quarto.js:79391:15)
    at Object.extension (file:///opt/quarto/bin/quarto.js:78597:30)
    at readExtensionFormat (file:///opt/quarto/bin/quarto.js:91393:50)
    at resolveFormats (file:///opt/quarto/bin/quarto.js:91252:37)
    at async renderContexts (file:///opt/quarto/bin/quarto.js:91042:20)
    at async renderFileInternal (file:///opt/quarto/bin/quarto.js:136859:16)
    at async renderFiles (file:///opt/quarto/bin/quarto.js:136776:9)
    at async render (file:///opt/quarto/bin/quarto.js:142430:19)
    at async _Command.actionHandler (file:///opt/quarto/bin/quarto.js:142675:24)
    at async _Command.execute (file:///opt/quarto/bin/quarto.js:102086:7)
    at async _Command.parseCommand (file:///opt/quarto/bin/quarto.js:101963:14)
    at async quarto4 (file:///opt/quarto/bin/quarto.js:188045:5)
    at async file:///opt/quarto/bin/quarto.js:188074:5
    at async file:///opt/quarto/bin/quarto.js:187928:14
    at async mainRunner (file:///opt/quarto/bin/quarto.js:187930:5)
    at async file:///opt/quarto/bin/quarto.js:188067:3
Render failed, retrying once...
ERROR: Unable to read the extension 'invoice'.
Please ensure that you provided the correct id and that the extension is installed.

Stack trace:
    at loadExtension (file:///opt/quarto/bin/quarto.js:79391:15)
    at Object.extension (file:///opt/quarto/bin/quarto.js:78597:30)
    at readExtensionFormat (file:///opt/quarto/bin/quarto.js:91393:50)
    at resolveFormats (file:///opt/quarto/bin/quarto.js:91252:37)
    at async renderContexts (file:///opt/quarto/bin/quarto.js:91042:20)
    at async renderFileInternal (file:///opt/quarto/bin/quarto.js:136859:16)
    at async renderFiles (file:///opt/quarto/bin/quarto.js:136776:9)
    at async render (file:///opt/quarto/bin/quarto.js:142430:19)
    at async _Command.actionHandler (file:///opt/quarto/bin/quarto.js:142675:24)
    at async _Command.execute (file:///opt/quarto/bin/quarto.js:102086:7)
    at async _Command.parseCommand (file:///opt/quarto/bin/quarto.js:101963:14)
    at async quarto4 (file:///opt/quarto/bin/quarto.js:188045:5)
    at async file:///opt/quarto/bin/quarto.js:188074:5
    at async file:///opt/quarto/bin/quarto.js:187928:14
    at async mainRunner (file:///opt/quarto/bin/quarto.js:187930:5)
    at async file:///opt/quarto/bin/quarto.js:188067:3
