pandoc 

  to: latex
  output-file: template.tex
  standalone: true
  pdf-engine: lualatex
  variables:
    graphics: true
    tables: true
    quarto:
      language:
        toc-title-document: Inhaltsverzeichnis
        toc-title-website: Auf dieser Seite
        related-formats-title: Andere Formate
        related-notebooks-title: Notebooks
        source-notebooks-prefix: Quelle
        other-links-title: Weitere Links
        code-links-title: Code-Links
        launch-dev-container-title: Dev Container starten
        launch-binder-title: Binder starten
        article-notebook-label: Artikel-Notizbuch
        notebook-preview-download: Notizbuch herunterladen
        notebook-preview-download-src: Quellcode herunterladen
        notebook-preview-back: Zurück zum Artikel
        manuscript-meca-bundle: MECA-Archiv
        section-title-abstract: Zusammenfassung
        section-title-appendices: Anhang
        section-title-footnotes: Fußnoten
        section-title-references: Literatur
        section-title-reuse: Wiederverwendung
        section-title-copyright: Urheberrechte
        section-title-citation: Zitat
        appendix-attribution-cite-as: 'Bitte zitieren Sie diese Arbeit als:'
        appendix-attribution-bibtex: 'Mit BibTeX zitieren:'
        appendix-view-license: Lizenz Anzeigen
        title-block-author-single: Autor:in
        title-block-author-plural: Autor:innen
        title-block-affiliation-single: Zugehörigkeit
        title-block-affiliation-plural: Zugehörigkeiten
        title-block-published: Veröffentlichungsdatum
        title-block-modified: Geändert
        title-block-keywords: Schlüsselwörter
        callout-tip-title: Tipp
        callout-note-title: Hinweis
        callout-warning-title: Warnung
        callout-important-title: Wichtig
        callout-caution-title: Vorsicht
        code-summary: Code
        code-tools-menu-caption: Code
        code-tools-show-all-code: Gesamten Code zeigen
        code-tools-hide-all-code: Gesamten Code verbergen
        code-tools-view-source: Quellcode anzeigen
        code-tools-source-code: Quellcode
        tools-share: Share
        tools-download: Download
        code-line: Zeile
        code-lines: Zeilen
        copy-button-tooltip: In die Zwischenablage kopieren
        copy-button-tooltip-success: Kopiert
        repo-action-links-edit: Seite editieren
        repo-action-links-source: Quellcode anzeigen
        repo-action-links-issue: Problem melden
        back-to-top: Zurück nach oben
        search-no-results-text: Keine Treffer
        search-matching-documents-text: Treffer
        search-copy-link-title: Link in die Suche kopieren
        search-hide-matches-text: Zusätzliche Treffer verbergen
        search-more-match-text: weitere Treffer in diesem Dokument
        search-more-matches-text: weitere Treffer in diesem Dokument
        search-clear-button-title: Zurücksetzen
        search-text-placeholder: ''
        search-detached-cancel-button-title: Abbrechen
        search-submit-button-title: Abschicken
        search-label: Suchen
        toggle-section: Abschnitt umschalten
        toggle-sidebar: Seitenleiste umschalten
        toggle-dark-mode: Dunkelmodus umschalten
        toggle-reader-mode: Lesemodus umschalten
        toggle-navigation: Navigation umschalten
        crossref-fig-title: Abbildung
        crossref-tbl-title: Tabelle
        crossref-lst-title: Listing
        crossref-thm-title: Theorem
        crossref-lem-title: Lemma
        crossref-cor-title: Korollar
        crossref-prp-title: Aussage
        crossref-cnj-title: Annahme
        crossref-def-title: Definition
        crossref-exm-title: Beispiel
        crossref-exr-title: Übungsaufgabe
        crossref-ch-prefix: Kapitel
        crossref-apx-prefix: Anhang
        crossref-sec-prefix: Kapitel
        crossref-eq-prefix: Gleichung
        crossref-lof-title: Abbildungsverzeichnis
        crossref-lot-title: Tabellenverzeichnis
        crossref-lol-title: Listingverzeichnis
        environment-proof-title: Beweis
        environment-remark-title: Anmerkung
        environment-solution-title: Lösung
        listing-page-order-by: Sortieren nach
        listing-page-order-by-default: Voreinstellung
        listing-page-order-by-date-asc: Datum (aufsteigend)
        listing-page-order-by-date-desc: Neueste
        listing-page-order-by-number-desc: Absteigend
        listing-page-order-by-number-asc: Aufsteigend
        listing-page-field-date: Datum
        listing-page-field-title: Titel
        listing-page-field-description: Beschreibung
        listing-page-field-author: Autor:in
        listing-page-field-filename: Dateiname
        listing-page-field-filemodified: Geändert
        listing-page-field-subtitle: Untertitel
        listing-page-field-readingtime: Lesezeit
        listing-page-field-wordcount: Wortanzahl
        listing-page-field-categories: Kategorien
        listing-page-minutes-compact: '{0} min'
        listing-page-category-all: alle
        listing-page-no-matches: Keine Treffer
        listing-page-words: '{0} Wörter'
        listing-page-filter: Filter
        draft: Entwurf
  default-image-extension: pdf
  

metadata

  block-headings: true
  date: '2023-02-15'
  date-format: long
  lang: de
  babel-lang: ngerman
  documentclass: scrlttr2
  classoption:
    - version=last
    - fromalign=right
    - paper=A4
  author:
    - name: Matthias Vallentin
      email: matthias@example.com
      phone: +49 123 4567890
      affiliation:
        - address: Foostraße 42
          postal-code: 1337
          city: Barstadt
          country: Bazmanien
  address:
    - Corge Grault
    - Quuxstraße 314
    - 4711 Garply
    - Xyzzilien
  date_label: Datum
  yourmail_label: Ihre Mail
  yourmail: 1. Januar 2023
  yourref_label: Ihre Nummer
  yourref: 123
  myref_label: Meine Nummer
  myref: 456
  customer_label: Kunde
  customer: 789
  invoice_label: Rechnung
  invoice: '001'
  subject: Betreffzeile
  opening: Sehr geehrte Damen und Herren,
  closing: Mit freundlichem Gruß
  encl:
    - Anlage 1
    - Anlage 2
  ps: |
    PS: Lorem ipsum dolor sit amet, *consectetur* adipiscing elit.
  


Rendering PDF

running lualatex - 1

  This is LuaHBTeX, Version 1.24.0 (TeX Live 2026) 
   restricted system commands enabled.
  

updating tlmgr



updating existing packages

finding package for scrlttr2.cls

> 1 package to install

> installing koma-script (1 of 1)

  This is LuaHBTeX, Version 1.24.0 (TeX Live 2026) 
   restricted system commands enabled.
  
  luaotfload | db : Font names database not found, generating new one.
  luaotfload | db : This can take several minutes; please be patient.

finding package for luatexbase.sty

> 1 package to install

> installing luatexbase (1 of 1)

  This is LuaHBTeX, Version 1.24.0 (TeX Live 2026) 
   restricted system commands enabled.
  

finding package for selnolig.sty

> 1 package to install

> installing selnolig (1 of 1)

  This is LuaHBTeX, Version 1.24.0 (TeX Live 2026) 
   restricted system commands enabled.
  

finding package for eurosym.sty

> 1 package to install

> installing eurosym (1 of 1)

  This is LuaHBTeX, Version 1.24.0 (TeX Live 2026) 
   restricted system commands enabled.
  

finding package for pdfpages.sty

> 1 package to install

> installing pdfpages (1 of 1)

  This is LuaHBTeX, Version 1.24.0 (TeX Live 2026) 
   restricted system commands enabled.
  

running lualatex - 2

  This is LuaHBTeX, Version 1.24.0 (TeX Live 2026) 
   restricted system commands enabled.
  



Output created: template.pdf


