pandoc 

  to: typst
  output-file: example-alpha-paren.typ
  standalone: true
  shift-heading-level-by: -1
  default-image-extension: svg
  wrap: none
  citeproc: false
  variables: {}
  

metadata

  engines:
    - path: /opt/quarto/share/extension-subtrees/julia-engine/_extensions/julia-engine/julia-engine.js
  title: Letters with Parenthesis
  extensions:
    footnote-styles:
      style: alpha-lower
      text-suffix: )
  

[typst]: Compiling example-alpha-paren.typ to example-alpha-paren.pdf...
DONE


Output created: example-alpha-paren-typst.pdf


