pandoc 

  to: typst
  output-file: example-roman-period.typ
  standalone: true
  shift-heading-level-by: -1
  default-image-extension: svg
  wrap: none
  citeproc: false
  variables: {}
  

metadata

  engines:
    - path: /opt/quarto/share/extension-subtrees/julia-engine/_extensions/julia-engine/julia-engine.js
  title: Roman Numerals with Period
  extensions:
    footnote-styles:
      style: roman-lower
      text-suffix: .
  

(WARN) typst-gather analyze failed; staging all packages as fallback

[typst]: Compiling example-roman-period.typ to example-roman-period.pdf...
DONE


Output created: example-roman-period-typst.pdf


