pandoc 

  to: typst
  output-file: example-padded.typ
  standalone: true
  shift-heading-level-by: -1
  default-image-extension: svg
  wrap: none
  citeproc: false
  variables: {}
  

metadata

  engines:
    - path: /opt/quarto/share/extension-subtrees/julia-engine/_extensions/julia-engine/julia-engine.js
  title: Zero-Padded Numbers with Period
  extensions:
    footnote-styles:
      style: numeric-02
      text-suffix: .
  

(WARN) typst-gather analyze failed; staging all packages as fallback

[typst]: Compiling example-padded.typ to example-padded.pdf...
DONE


Output created: example-padded-typst.pdf


