Cloning into 'repo'...
pandoc 
  to: latex
  output-file: template.tex
  standalone: true
  pdf-engine: lualatex
  variables:
    graphics: true
    tables: true
  default-image-extension: pdf
  
metadata
  block-headings: true
  date: today
  date-format: long
  documentclass: letter
  geometry:
    - margin=1in
    - bottom=1in
    - left=1in
    - right=1in
  colorlinks: true
  engines:
    - path: /opt/quarto/share/extension-subtrees/julia-engine/_extensions/julia-engine/julia-engine.js
  author:
    - name: John Doe
      affiliation:
        - name: Dummy org
          department: Cool Dep
          address: Somewhere
          city: Magic city
          country: best one
          postal-code: 9999
  address:
    - Director Doe & Co
    - 35 Anthony Road
    - Newport
    - Ipswich IP3 5RT
  subject: collaboration
  subject-title: Subject
  opening: Dear Sir or Madam,
  closing: Yours Faithfully,
  cc:
    - Recipient 1
    - Recipient 2
  encl:
    - Enclosure 1
    - Enclosure 2
  ps: |
    PS: Lorem ipsum dolor sit amet, *consectetur* adipiscing elit.
  

Rendering PDF
running lualatex - 1
  This is LuaHBTeX, Version 1.24.0 (TeX Live 2026) 
   restricted system commands enabled.
  
  luaotfload | db : Font names database not found, generating new one.
  luaotfload | db : This can take several minutes; please be patient.
updating tlmgr

updating existing packages
finding package for caption.sty
> 1 package to install
> installing caption (1 of 1)
  This is LuaHBTeX, Version 1.24.0 (TeX Live 2026) 
   restricted system commands enabled.
  
running lualatex - 2
  This is LuaHBTeX, Version 1.24.0 (TeX Live 2026) 
   restricted system commands enabled.
  

Output created: index.pdf

