Cloning into 'repo'...
Installing package into '/home/runner/work/quarto-extensions/quarto-extensions/test-16/R/x86_64-pc-linux-gnu-library/4.5'
(as 'lib' is unspecified)
trying URL 'https://packagemanager.posit.co/cran/latest/src/contrib/renv_1.2.1.tar.gz'
Content type 'binary/octet-stream' length 1357218 bytes (1.3 MB)
==================================================
downloaded 1.3 MB

* installing *source* package 'renv' ...
** this is package 'renv' version '1.2.1'
** package 'renv' successfully unpacked and MD5 sums checked
** using staged installation
** R
** inst
** byte-compile and prepare package for lazy loading
** help
*** installing help indices
*** copying figures
** building package indices
** installing vignettes
** testing if installed package can be loaded from temporary location
** checking absolute paths in shared objects and dynamic libraries
** testing if installed package can be loaded from final location
** testing if installed package keeps a record of temporary installation path
* DONE (renv)

The downloaded source packages are in
	'/tmp/RtmpvGf7hQ/downloaded_packages'
Installing package into '/home/runner/work/quarto-extensions/quarto-extensions/test-16/R/x86_64-pc-linux-gnu-library/4.5'
(as 'lib' is unspecified)
trying URL 'https://packagemanager.posit.co/cran/latest/src/contrib/tinytable_0.16.0.tar.gz'
Content type 'binary/octet-stream' length 398386 bytes (389 KB)
==================================================
downloaded 389 KB

* installing *source* package 'tinytable' ...
** this is package 'tinytable' version '0.16.0'
** package 'tinytable' successfully unpacked and MD5 sums checked
** using staged installation
** R
** inst
** byte-compile and prepare package for lazy loading
** help
*** installing help indices
*** copying figures
** building package indices
** testing if installed package can be loaded from temporary location
** testing if installed package can be loaded from final location
** testing if installed package keeps a record of temporary installation path
* DONE (tinytable)

The downloaded source packages are in
	'/tmp/RtmpvGf7hQ/downloaded_packages'
[1/3] NEWS.md
[2/3] template.qmd
WARN: typst-gather analyze failed; staging all packages as fallback
[typst]: Compiling template.typ to template.pdf...downloading @preview/wordometer:0.1.5
  5.8 KiB /   5.8 KiB (100 %)   5.8 KiB/s in 7.91 µs ETA: 0 s

DONE

[3/3] example.qmd


processing file: example.qmd
1/7               
2/7 [code-example]
3/7               
4/7 [tbl-example] 
5/7               
6/7 [tbl-appendix]
7/7               
output file: example.knit.md

WARN: typst-gather analyze failed; staging all packages as fallback
[typst]: Compiling example.typ to example.pdf...DONE


Output created: example.pdf

