pandoc 

  to: html
  output-file: mergemeta-example.html
  standalone: true
  section-divs: true
  html-math-method: mathjax
  wrap: none
  default-image-extension: png
  metadata-files:
    - myabbreviations.yml
  variables: {}
  

metadata

  document-css: false
  link-citations: true
  date-format: long
  lang: en
  engines:
    - path: /opt/quarto/share/extension-subtrees/julia-engine/_extensions/julia-engine/julia-engine.js
  mergemeta:
    search-replace: mystuff
  mystuff:
    +quarto: '[Quarto](https://quarto.org)'
    +qurl: https://quarto.org/docs
    +forml: $\alpha * \beta = \gamma$
    +pyth: '*Pythagoras'' theorem*: $a^2 + b^2 = \dots$'
    .doo: '- doodledoo - '
    +dab: '**dab**'
    '!doa': '`duaaah`'
    '--pdf--':
      +br: \newline
      +form: pdf
      +wedo: print on paper
    '--html--':
      +br: <br>
      +form: html
      +wedo: read on screen
  

FATAL (/opt/quarto/share/filters/main.lua:3760) An error occurred:
Could not run /home/runner/work/quarto-extensions/quarto-extensions/test-12/repo/mergemeta as a JSON filter.
Please make sure the file exists and is executable.

Did you intend 'mergemeta' as a Lua filter in an extension?
If so, make sure you've spelled the name of the extension correctly.

The original Pandoc error follows below.
Error running filter /home/runner/work/quarto-extensions/quarto-extensions/test-12/repo/mergemeta:
Could not find executable /home/runner/work/quarto-extensions/quarto-extensions/test-12/repo/mergemeta

Error running filte
r /opt/quarto/share/filters/main.lua:
/opt/quarto/share/filters/main.lua:588: FATAL QUARTO ERROR
stack traceback:
	/opt/quarto/share/filters/main.lua:2622: in function 'fatal'
	/opt/quarto/share/filters/main.
lua:2202: in function 'fail'
	/opt/quarto/share/filters/main.lua:3760: in field 'Pandoc'
	/opt/quarto/shar
e/filters/main.lua:588: in function 'run_emulated_filter'
	/opt/quar
to/share/filters/main.lua:1317: in local 'callback'
	/opt/quarto/share/filters/ma
in.lua:1335: in upvalue 'run_emulated_filter_chain'
	/opt/quarto/
share/filters/main.lua:1371: in function </opt/quarto/share/filters/mai
n.lua:1368>

(WARN) Error encountered when rendering files

