pandoc 

  to: html
  output-file: test.html
  standalone: true
  section-divs: true
  html-math-method: mathjax
  wrap: none
  default-image-extension: png
  variables: {}
  

metadata

  document-css: false
  link-citations: true
  date-format: long
  lang: en
  engines:
    - path: /opt/quarto/share/extension-subtrees/julia-engine/_extensions/julia-engine/julia-engine.js
  title: Kroki diagrams Test
  

  % Total    % Received % Xferd  
Average Speed   Time    Time     Time  Current
                                 Dload  Upload   Total   Spent    Left  Speed
  0     0    0     0    0     0      0      0 --:--:-- --:--:-- --:--:--     0
    32   1701     39 --:--:-- --:--:-- --:--:--  1741100  1405  100  1373  100    32   1701     39 --:--:-- --:--:-- --:--:--  1741

  % Total    % Receiv
ed % Xferd  Average Speed   Time    Time     Time  Current
                                 Dload  Upload   Total   Spent    Left  Speed
  0     0    0     0    0     0      0      0 --:--:-- --:--:-- --:--:--     0
96    113 --:--:-- --:--:-- --:--:--  4315

  % Total    % Re
ceived % Xferd  Average Speed   Time    Time     Time  Current
                                 Dload  Upload   Total   Spent    Left  Speed
  0     0    0     0    0     0      0      0 --:--:-- --:--:-- --:--:-- 
    0
 110 --:--:-- --:--:-- --:--:--  2355100  1701  100  1621  100    80   2247    110 --:--:-- --:--:-- --:--:--  2355

  % Total    % Re
ceived % Xferd  Average Speed   Time    Time     Time  Current
                                 Dload  Upload   Total   Spent    Left  Speed
  0     0   
 0     0    0     0      0      0 --:--:-- --:--:-- --:--:--     0
   93      0     67  0:00:01  0:00:01 --:--:--    67
 93   1133     62  0:00:01  0:00:01 --:--:--  1196

Output created: test.html


