pandoc 

  to: latex
  output-file: test_pdf.tex
  standalone: true
  pdf-engine: lualatex
  variables:
    graphics: true
    tables: true
  default-image-extension: pdf
  

metadata

  documentclass: scrartcl
  classoption:
    - DIV=11
    - numbers=noendperiod
  papersize: letter
  header-includes:
    - \KOMAoption{captions}{tableheading}
  block-headings: true
  engines:
    - path: /opt/quarto/share/extension-subtrees/julia-engine/_extensions/julia-engine/julia-engine.js
  title: Kroki diagrams Test
  

  % Total    % Received % Xferd  Average 
Speed   Time    Time     Time  Current
                                 Dload  Upload   Total   Spent    Left  Speed
  0     0    0     0    0     0      0      0 --:--:-- --:--:-- --:--:--     0
0    32   7610    177 --:--:-- --:--:-- --:--:--  7805


Error: Inkscape has to be installed and added to PATH.


  % Total    
% Received % Xferd  Average Speed   Time    Time     Time  Current
                                 Dload  Upload   Total   Spent    Left  Speed
  0    
 0    0     0    0     0      0      0 --:--:-- --:--:-- --:--:--     0
100    80  17037    461 --:--:-- --:--:-- --:--:-- 17537


Error: Inkscape has to be installed and added to PATH.


  % Total    % R
eceived % Xferd  Average Speed   Time    Time     Time  Current
                              
   Dload  Upload   Total   Spent    Left  Speed
  0 
    0    0     0    0     0      0      0 --:--:--
 --:--:-- --:--:--     0
00    80      0    377 --:--:-- --:--:-- --:--:--   377
   3296    162 --:--:-- --:--:-- --:--:--  3457


Error: Inkscape has to be installed and added to PATH.


  % Total    
% Received % Xferd  Average Speed   Time    Time     Time  Current
                             
    Dload  Upload   Total   Spent    Left  Speed
  0  
   0    0     0    0     0      0      0 --:--:-- --:--:-- --
:--:--     0
 100    93   2359    129 --:--:-- --:--:-- --:--:--  2487100  1786  100  1693  100    93   2359    129 --:--:-- --:--:-- --:--:--  2487


Error: Inkscape has to be installed and added to PATH.



Rendering PDF

running lualatex - 1

  This is LuaHBTeX, Version 1.24.0 (TeX Live 2026) 
   restricted system commands enabled.
  

updating tlmgr



updating existing packages

finding package for scrartcl.cls

> 1 package to install

> installing koma-script (1 of 1)

  This is LuaHBTeX, Version 1.24.0 (TeX Live 2026) 
   restricted system commands enabled.
  
  luaotfload | db : Font names database not found, generating new one.
  luaotfload | db : This can take several minutes; please be patient.

finding package for caption.sty

> 1 package to install

> installing caption (1 of 1)

  This is LuaHBTeX, Version 1.24.0 (TeX Live 2026) 
   restricted system commands enabled.
  

running lualatex - 2

  This is LuaHBTeX, Version 1.24.0 (TeX Live 2026) 
   restricted system commands enabled.
  



Output created: test_pdf.pdf


