pandoc 

  to: revealjs
  output-file: example_simple.html
  standalone: true
  wrap: none
  default-image-extension: png
  html-math-method:
    method: mathjax
    url: >-
      https://cdn.jsdelivr.net/npm/mathjax@2.7.9/MathJax.js?config=TeX-AMS_HTML-full
  slide-level: 2
  

metadata

  link-citations: true
  width: 1050
  height: 700
  margin: 0.1
  center: false
  navigationMode: linear
  controlsLayout: edges
  controlsTutorial: false
  hash: true
  history: true
  hashOneBasedIndex: false
  fragmentInURL: false
  transition: none
  backgroundTransition: none
  pdfSeparateFragments: false
  lang: en
  auto-stretch: true
  title: ProgresSVG
  subtitle: An extension for Quarto@revealjs
  author: Rodrigo J. Gonçalves
  theme: default
  

FATAL (/opt/quarto/share/filters/main.lua:3760) An error occurred:
Could not run /home/runner/work/quarto-extensions/quarto-extensions/test-18/repo/assets/progressvg as a JSON filter.
Please make sure the file exists and is executable.

Did you intend 'progressvg' as a Lua filter in an extension?
If so, make sure you've spelled the name of the extension correctly.

The original Pandoc error follows below.
Error running filter /home/runner/work/quarto-extensions/quarto-extensions/test-18/repo/assets/progressvg:
Could not find executable /home/runner/work/quarto-extensions/quarto-extensions/test-18/repo/assets/progressvg

Error run
ning filter /opt/quarto/share/filters/main.lua:
/opt/quarto/share/filters/main.lua:588: FATAL QUART
O ERROR
stack traceback:
	/opt/quarto/share/filters/main.lua:2622: in f
unction 'fatal'
	/opt/quarto/share/filters/main.lua:2202:
 in function 'fail'
	/opt/quarto/share/filters/main.lua:3760: in
 field 'Pandoc'
	/opt/quarto/share/filters/main.lu
a:588: in function 'run_emulated_filter'
	/opt
/quarto/share/filters/main.lua:1317: in local '
callback'
	/opt/quarto/share/filters/main.lua:1335: in upvalu
e 'run_emulated_filter_chain'
	/opt/quar
to/share/filters/main.lua:1371: in f
unction </opt/quarto/share/fil
ters/main.lua:1368>

(WARN) Error encountered when rendering files

