pandoc 

  to: html
  output-file: qtoggle-styling.html
  standalone: true
  title-prefix: toggle
  section-divs: true
  html-math-method: mathjax
  wrap: none
  default-image-extension: png
  toc: true
  variables: {}
  

metadata

  document-css: false
  link-citations: true
  date-format: long
  lang: en
  engines:
    - path: /opt/quarto/share/extension-subtrees/julia-engine/_extensions/julia-engine/julia-engine.js
  theme:
    light: flatly
    dark: darkly
  title: Custom Styling
  subtitle: Customize the appearance of toggle buttons
  

Output created: _site/qtoggle-styling.html


