Cloning into 'repo'...
Installing package into '/home/runner/work/quarto-extensions/quarto-extensions/test-20/R/x86_64-pc-linux-gnu-library/4.6'
(as 'lib' is unspecified)
trying URL 'https://packagemanager.posit.co/cran/latest/src/contrib/renv_1.2.2.tar.gz'
Content type 'binary/octet-stream' length 1356485 bytes (1.3 MB)
==================================================
downloaded 1.3 MB

* installing *source* package 'renv' ...
** this is package 'renv' version '1.2.2'
** package 'renv' successfully unpacked and MD5 sums checked
** using staged installation
** R
** inst
** byte-compile and prepare package for lazy loading
** help
*** installing help indices
*** copying figures
** building package indices
** installing vignettes
** testing if installed package can be loaded from temporary location
** checking absolute paths in shared objects and dynamic libraries
** testing if installed package can be loaded from final location
** testing if installed package keeps a record of temporary installation path
* DONE (renv)

The downloaded source packages are in
	'/tmp/RtmpBfAd2p/downloaded_packages'
Installing package into '/home/runner/work/quarto-extensions/quarto-extensions/test-20/R/x86_64-pc-linux-gnu-library/4.6'
(as 'lib' is unspecified)
also installing the dependencies 'fs', 'sass', 'bslib'

trying URL 'https://packagemanager.posit.co/cran/latest/src/contrib/fs_2.1.0.tar.gz'
trying URL 'https://packagemanager.posit.co/cran/latest/src/contrib/sass_0.4.10.tar.gz'
trying URL 'https://packagemanager.posit.co/cran/latest/src/contrib/bslib_0.10.0.tar.gz'
trying URL 'https://packagemanager.posit.co/cran/latest/src/contrib/rmarkdown_2.31.tar.gz'
* installing *source* package 'fs' ...
** this is package 'fs' version '2.1.0'
** package 'fs' successfully unpacked and MD5 sums checked
** using staged installation
Package libuv was not found in the pkg-config search path.
Perhaps you should add the directory containing `libuv.pc'
to the PKG_CONFIG_PATH environment variable
No package 'libuv' found
ERROR: configuration failed for package 'fs'
* removing '/home/runner/work/quarto-extensions/quarto-extensions/test-20/R/x86_64-pc-linux-gnu-library/4.6/fs'
ERROR: dependency 'fs' is not available for package 'sass'
Perhaps try a variation of:
install.packages('fs')
* removing '/home/runner/work/quarto-extensions/quarto-extensions/test-20/R/x86_64-pc-linux-gnu-library/4.6/sass'
ERROR: dependency 'sass' is not available for package 'bslib'
Perhaps try a variation of:
install.packages('sass')
* removing '/home/runner/work/quarto-extensions/quarto-extensions/test-20/R/x86_64-pc-linux-gnu-library/4.6/bslib'
ERROR: dependency 'bslib' is not available for package 'rmarkdown'
Perhaps try a variation of:
install.packages('bslib')
* removing '/home/runner/work/quarto-extensions/quarto-extensions/test-20/R/x86_64-pc-linux-gnu-library/4.6/rmarkdown'

The downloaded source packages are in
	'/tmp/RtmpBfAd2p/downloaded_packages'
Warning messages:
1: In install.packages(deps, repos = ppm) :
  installation of package 'fs' had non-zero exit status
2: In install.packages(deps, repos = ppm) :
  installation of package 'sass' had non-zero exit status
3: In install.packages(deps, repos = ppm) :
  installation of package 'bslib' had non-zero exit status
4: In install.packages(deps, repos = ppm) :
  installation of package 'rmarkdown' had non-zero exit status
Rendering qmd embeds [index.qmd]
Rendering output notebook [index.qmd]
Rendering HTML preview [index.qmd]
pandoc 
  to: html
  output-file: /home/runner/work/quarto-extensions/quarto-extensions/test-20/repo/index.html
  standalone: true
  section-divs: true
  html-math-method: mathjax
  wrap: none
  default-image-extension: svg
  reference-location: margin
  css:
    - _extensions/tufte-inspired/styles.scss
  number-sections: false
  toc: true
  variables: {}
  
metadata
  document-css: false
  link-citations: true
  date-format: long
  lang: en
  page-layout: full
  title-block-style: manuscript
  linkcolor: Maroon
  backgroundcolor: FloralWhite
  sidebarbackgroundcolor: FloralWhite
  mainfont: ETBembo
  toc-location: left
  toc-title: Contents
  code-annotations: hover
  engines:
    - path: /opt/quarto/share/extension-subtrees/julia-engine/_extensions/julia-engine/julia-engine.js
  manuscript:
    article: index.qmd
    notebooks:
      - notebook: index.qmd
        title: Article Notebook
        order: 9999
    mecaFile: index-meca.zip
  notebook-preview-options:
    back: true
  theme: cosmo
  lightbox: auto
  title: A Tufte Inspired Manuscript
  subtitle: Using Quarto... and Typst!
  documenttype: Handout
  abstract: |
    This **Tufte Inspired** manuscript format for Quarto honors Edward Tufte's distinctive style. It simplifies creating handout-like documents and websites by emulating the aesthetics of Tufte's books. This document serves two purposes: It showcases the format and acts as an evolving authoring guide.
  author:
    - name: Tufte Inspired Developers
      email: github.com/fredguth/tufte-inspired
  version:
    - v.1.0
  date: last-modified
  bibliography:
    - references.bib
  bibliographystyle: springer-humanities-author-date
  google-scholar: true
  clear-hidden-classes: none
  remove-hidden: all
  unroll-markdown-cells: true
  
pandoc 
  to: typst
  output-file: index.typ
  standalone: true
  default-image-extension: svg
  wrap: none
  citeproc: false
  toc: true
  variables: {}
  
metadata
  engines:
    - path: /opt/quarto/share/extension-subtrees/julia-engine/_extensions/julia-engine/julia-engine.js
  manuscript:
    article: index.qmd
    notebooks:
      - notebook: index.qmd
        title: Article Notebook
        order: 9999
    mecaFile: index-meca.zip
  notebook-preview-options:
    back: true
  theme: cosmo
  title-block-style: manuscript
  lightbox: auto
  title: A Tufte Inspired Manuscript
  subtitle: Using Quarto... and Typst!
  documenttype: Handout
  abstract: |
    This **Tufte Inspired** manuscript format for Quarto honors Edward Tufte's distinctive style. It simplifies creating handout-like documents and websites by emulating the aesthetics of Tufte's books. This document serves two purposes: It showcases the format and acts as an evolving authoring guide.
  author:
    - name: Tufte Inspired Developers
      email: github.com/fredguth/tufte-inspired
  version:
    - v.1.0
  date: last-modified
  bibliography:
    - references.bib
  bibliographystyle: springer-humanities-author-date
  google-scholar: true
  clear-hidden-classes: none
  remove-hidden: all
  unroll-markdown-cells: true
  
WARN: typst-gather analyze failed; staging all packages as fallback
[typst]: Compiling index.typ to index.pdf...downloading @preview/drafting:0.2.2
  9.3 KiB /   9.3 KiB (100 %)   9.3 KiB/s in 1.29 ms ETA: 0 s

error: unknown variable: NormalTok
    ┌─ index.typ:545:60
    │
545 │ You can include anything in the margin by places the class #NormalTok(".column-margin"); on the element. See an example on the right about the first fundamental theorem of calculus.
    │                                                             ^^^^^^^^^

ERROR: downloading @preview/drafting:0.2.2
  9.3 KiB /   9.3 KiB (100 %)   9.3 KiB/s in 1.29 ms ETA: 0 s

error: unknown variable: NormalTok
    ┌─ index.typ:545:60
    │
545 │ You can include anything in the margin by places the class #NormalTok(".column-margin"); on the element. See an example on the right about the first fundamental theorem of calculus.
    │                                                             ^^^^^^^^^


ERROR: Typst compilation failed
Render failed, retrying once...
Rendering output notebook [index.qmd]
Rendering HTML preview [index.qmd]
pandoc 
  to: html
  output-file: /home/runner/work/quarto-extensions/quarto-extensions/test-20/repo/index.html
  standalone: true
  section-divs: true
  html-math-method: mathjax
  wrap: none
  default-image-extension: svg
  reference-location: margin
  css:
    - _extensions/tufte-inspired/styles.scss
  number-sections: false
  toc: true
  variables: {}
  
metadata
  document-css: false
  link-citations: true
  date-format: long
  lang: en
  page-layout: full
  title-block-style: manuscript
  linkcolor: Maroon
  backgroundcolor: FloralWhite
  sidebarbackgroundcolor: FloralWhite
  mainfont: ETBembo
  toc-location: left
  toc-title: Contents
  code-annotations: hover
  engines:
    - path: /opt/quarto/share/extension-subtrees/julia-engine/_extensions/julia-engine/julia-engine.js
  manuscript:
    article: index.qmd
    notebooks:
      - notebook: index.qmd
        title: Article Notebook
        order: 9999
    mecaFile: index-meca.zip
  notebook-preview-options:
    back: true
  theme: cosmo
  lightbox: auto
  title: A Tufte Inspired Manuscript
  subtitle: Using Quarto... and Typst!
  documenttype: Handout
  abstract: |
    This **Tufte Inspired** manuscript format for Quarto honors Edward Tufte's distinctive style. It simplifies creating handout-like documents and websites by emulating the aesthetics of Tufte's books. This document serves two purposes: It showcases the format and acts as an evolving authoring guide.
  author:
    - name: Tufte Inspired Developers
      email: github.com/fredguth/tufte-inspired
  version:
    - v.1.0
  date: last-modified
  bibliography:
    - references.bib
  bibliographystyle: springer-humanities-author-date
  google-scholar: true
  clear-hidden-classes: none
  remove-hidden: all
  unroll-markdown-cells: true
  
pandoc 
  to: typst
  output-file: index.typ
  standalone: true
  default-image-extension: svg
  wrap: none
  citeproc: false
  toc: true
  variables: {}
  
metadata
  engines:
    - path: /opt/quarto/share/extension-subtrees/julia-engine/_extensions/julia-engine/julia-engine.js
  manuscript:
    article: index.qmd
    notebooks:
      - notebook: index.qmd
        title: Article Notebook
        order: 9999
    mecaFile: index-meca.zip
  notebook-preview-options:
    back: true
  theme: cosmo
  title-block-style: manuscript
  lightbox: auto
  title: A Tufte Inspired Manuscript
  subtitle: Using Quarto... and Typst!
  documenttype: Handout
  abstract: |
    This **Tufte Inspired** manuscript format for Quarto honors Edward Tufte's distinctive style. It simplifies creating handout-like documents and websites by emulating the aesthetics of Tufte's books. This document serves two purposes: It showcases the format and acts as an evolving authoring guide.
  author:
    - name: Tufte Inspired Developers
      email: github.com/fredguth/tufte-inspired
  version:
    - v.1.0
  date: last-modified
  bibliography:
    - references.bib
  bibliographystyle: springer-humanities-author-date
  google-scholar: true
  clear-hidden-classes: none
  remove-hidden: all
  unroll-markdown-cells: true
  
WARN: typst-gather analyze failed; staging all packages as fallback
[typst]: Compiling index.typ to index.pdf...error: Uncaught (in promise) TypeError: Writable stream is closed or errored.
      process4.stdin.close();
                     ^
    at writableStreamClose (ext:deno_web/06_streams.js:4352:7)
    at WritableStream.close (ext:deno_web/06_streams.js:6466:12)
    at execProcess (file:///opt/quarto/bin/quarto.js:7857:22)
    at eventLoopTick (ext:core/01_core.js:179:7)
    at async runAnalyze (file:///opt/quarto/bin/quarto.js:135839:19)
    at async analyzeNeededPackages (file:///opt/quarto/bin/quarto.js:135888:21)
    at async stageTypstPackages (file:///opt/quarto/bin/quarto.js:135939:26)
    at async Object.complete (file:///opt/quarto/bin/quarto.js:135977:27)
    at async file:///opt/quarto/bin/quarto.js:130926:23
    at async withTimingAsync (file:///opt/quarto/bin/quarto.js:15990:21)
    at async Object.complete (file:///opt/quarto/bin/quarto.js:130912:7)
    at async Object.onPostProcess (file:///opt/quarto/bin/quarto.js:156199:30)
    at async renderFileInternal (file:///opt/quarto/bin/quarto.js:136878:3)
    at async renderFiles (file:///opt/quarto/bin/quarto.js:136597:9)
    at async renderProject (file:///opt/quarto/bin/quarto.js:137166:23)
    at async _Command.actionHandler (file:///opt/quarto/bin/quarto.js:142496:24)
    at async _Command.execute (file:///opt/quarto/bin/quarto.js:102027:7)
    at async _Command.parseCommand (file:///opt/quarto/bin/quarto.js:101904:14)
    at async quarto4 (file:///opt/quarto/bin/quarto.js:187717:5)
    at async file:///opt/quarto/bin/quarto.js:187746:5
    at async file:///opt/quarto/bin/quarto.js:187600:14
    at async mainRunner (file:///opt/quarto/bin/quarto.js:187602:5)
    at async file:///opt/quarto/bin/quarto.js:187739:3
