FATAL (/opt/quarto/share/filters/main.lua:3760) An error occurred:
Could not run /home/runner/work/quarto-extensions/quarto-extensions/test-22/repo/docs/panelize as a JSON filter.
Please make sure the file exists and is executable.

Did you intend 'panelize' as a Lua filter in an extension?
If so, make sure you've spelled the name of the extension correctly.

The original Pandoc error follows below.
Error running filter /home/runner/work/quarto-extensions/quarto-extensions/test-22/repo/docs/panelize:
Could not find executable /home/runner/work/quarto-extensions/quarto-extensions/test-22/repo/docs/panelize

Error ru
nning filter /opt/quarto/share/filters/main.lua:
/opt/quarto/share/filters/main.lua:
588: FATAL QUARTO ERROR
stack traceback:
	/opt
/quarto/share/filters/main.lua:2622: in fun
ction 'fatal'
	/opt/quarto/share/fi
lters/main.lua:2202: in functio
n 'fail'
	/opt/quarto/share/filters/main.lua:3760
: in field 'Pandoc'
	/opt/quarto/share/filters/main.lua:58
8: in function 'run_emulated_filter'
	/o
pt/quarto/share/filters/
main.lua:1317: in loc
al 'callback'
	/o
pt/quarto/share/f
ilters/main.lua:1
335: in upvalue 
'run_emulated_fil
ter_chain'
	/op
t/quarto/share/f
ilters/main.lua:
1371: in functi
on </opt/quarto/
share/filters/m
ain.lua:1368>

(WARN) Error encountered when rendering files

