Cloning into 'repo'...

Starting python3 kernel...Done

Executing 'example.quarto_ipynb'
  Cell 1/2: ''...

An error occurred while executing the following cell:
------------------
import stata_setup
stata_setup.config("C:/Program Files/Stata17", "mp")
------------------


[31m---------------------------------------------------------------------------[39m
[31mModuleNotFoundError[39m                       Traceback (most recent call last)
[36mCell[39m[36m [39m[32mIn[1][39m[32m, line 1[39m
[32m----> [39m[32m1[39m [38;5;28;01mimport[39;00m[38;5;250m [39m[34;01mstata_setup[39;00m
[32m      2[39m stata_setup.config([33m"[39m[33mC:/Program Files/Stata17[39m[33m"[39m, [33m"[39m[33mmp[39m[33m"[39m)

[31mModuleNotFoundError[39m: No module named 'stata_setup'

WARN: Error encountered when rendering files
Render failed, retrying once...

Starting python3 kernel...Done

Executing 'example.quarto_ipynb'
  Cell 1/2: ''...

An error occurred while executing the following cell:
------------------
import stata_setup
stata_setup.config("C:/Program Files/Stata17", "mp")
------------------


[31m---------------------------------------------------------------------------[39m
[31mModuleNotFoundError[39m                       Traceback (most recent call last)
[36mCell[39m[36m [39m[32mIn[1][39m[32m, line 1[39m
[32m----> [39m[32m1[39m [38;5;28;01mimport[39;00m[38;5;250m [39m[34;01mstata_setup[39;00m
[32m      2[39m stata_setup.config([33m"[39m[33mC:/Program Files/Stata17[39m[33m"[39m, [33m"[39m[33mmp[39m[33m"[39m)

[31mModuleNotFoundError[39m: No module named 'stata_setup'

WARN: Error encountered when rendering files
