pandoc 

  to: typst
  output-file: example.typ
  standalone: true
  embed-resources: true
  shift-heading-level-by: -1
  default-image-extension: svg
  wrap: none
  citeproc: false
  variables: {}
  

metadata

  engines:
    - path: /opt/quarto/share/extension-subtrees/julia-engine/_extensions/julia-engine/julia-engine.js
  title: Preview Colour Example
  subtitle: Quarto Extension
  author:
    - name: Mickaël CANOUIL, _Ph.D._
      orcid: 0000-0002-3396-4549
      url: https://mickael.canouil.fr
  extensions:
    preview-colour:
      code: true
      text: true
      glyph:
        default: ●
        html: '&#9673;'
        latex: \\textbullet
        typst: ◉
        docx: ●
        pptx: ●
  papersize: a4
  margin:
    x: 2.5cm
    'y': 2.5cm
  

[typst]: Compiling example.typ to example.pdf...
DONE


Output created: preview-colour-typst.pdf


