Cloning into 'repo'...
pandoc 
  to: pptx
  output-file: template_pres.pptx
  default-image-extension: png
  reference-doc: _extensions/presentation-dinum/ressources/template_presentation_dinum.pptx
  toc: false
  variables: {}
  
metadata
  engines:
    - path: /opt/quarto/share/extension-subtrees/julia-engine/_extensions/julia-engine/julia-engine.js
  title: Titre de la présentation
  subtitle: Sous-titre de la présentation
  author: Auteur de la présentation
  date: 21/10/2022
  
Output created: template_pres.pptx

pandoc 
  to: docx
  output-file: template.docx
  default-image-extension: png
  reference-doc: _extensions/lettre-gouv/ressources/template_lettre.docx
  toc: false
  number-sections: false
  variables: {}
  
metadata
  engines:
    - path: /opt/quarto/share/extension-subtrees/julia-engine/_extensions/julia-engine/julia-engine.js
  
Output created: template.docx

