pandoc 

  to: latex
  output-file: template.tex
  template: _extensions/aaai2026/aaai2026-template.latex
  standalone: true
  pdf-engine: pdflatex
  variables:
    graphics: true
    tables: true
    secnumdepth: 2
  default-image-extension: pdf
  number-sections: true
  cite-method: natbib
  

metadata

  block-headings: true
  number-depth: 2
  biblio-style: aaai2026.bst
  fig-cap-location: bottom
  tbl-cap-location: bottom
  engines:
    - path: /opt/quarto/share/extension-subtrees/julia-engine/_extensions/julia-engine/julia-engine.js
  title: Example article for AAAI 2026 using Quarto
  author:
    - name: Max Mustermann
      orcid: 0000-0000-0000-0000
      email: name@example.com
      affiliation:
        - ref: 1
    - name: Author Two
      orcid: 0000-0000-0000-0001
      email: name2@example.com
      affiliation:
        - ref: 1
  affiliations:
    - id: 1
      name: Association for the Advancement of Artificial Intelligence
      department: Data Science and its Applications
      address: 1101 Pennsylvania Ave, NW Suite 300
      city: Washington
      country: USA
      state: DC
      url: https://aaai.org
  abstract: |
    AAAI creates proceedings, working notes, and technical reports directly from electronic source furnished by the authors. To ensure that all papers in the publication have a uniform appearance, authors must adhere to the following instructions.
  links:
    - name: Code
      url: https://aaai.org/example/code
    - name: Datasets
      url: https://aaai.org/example/datasets
  keywords:
    - template
    - demo
  bibliography:
    - bibliography.bib
  header-includes:
    - \usepackage{amsmath,amssymb}
    - \usepackage{booktabs}
  

Error running filter /opt/quarto/s
hare/filters/main.lua:
Could not fetch https://upload.wikimedia.org/wikipedia/commons/f/ff/AAAI_Conference.png
HttpExceptionRequest Request {
  host                 = "upload.wikimedia.org"
  port                 = 443
  secure               = True
  requestHeaders       = []
  path                 = "/wikipedia/commons/f/ff/AAAI_Conference.png"
  queryString          = ""
  method               = "GET"
  proxy           
     = Nothing
  rawBody              = False
  redirectCount        = 10
  responseTimeout      = ResponseTimeoutDefault
  
requestVersion       = HTTP/1.1
  proxySecureMode      = ProxySecureWithConn
ect
}
 (StatusCodeException (Response {responseStatus = Stat
us {statusCode = 403, statusMessage = "Forbidden"}, responseVers
ion = HTTP/1.1, responseHeaders = [("content-length","126"),("content-type","text/plain"),("x
-request-id","b1290387-3200-43a4-8cd6-2f30ae3f67ea"),("server","HAProxy"),("x-cache","cp1
111 int"),("x-cache-status","int-tls"),("x-analytics","")], responseBody = (), responseCookieJar
 = CJ {expose = []}, responseClose' = ResponseClose, responseOriginalReq
uest = Request {
  host                 = "u
pload.wikimedia.org"
  port            
     = 443
  secure               = True

  requestHeaders       = []
  path       
          = "/wikipedia/commons/f/ff/A
AAI_Conference.png"
  queryString          = "
"
  method               = "GET"
  proxy        
        = Nothing
  rawBody             
 = False
  redirectCount        = 10

  responseTimeout      = ResponseTimeo
utDefault
  requestVersion       = HT
TP/1.1
  proxySecureMode      = ProxyS
ecureWithConnect
}
, responseEarlyHin
ts = []}) "Please set a user-agent an
d respect our robot policy https://w.wiki/4wJS. Se
e also https://phabricator.wikimedia.org/T400119.\n")
stack
 traceback:
	.../share/pandoc/datadir/../../fi
lters/modules/mediabag.lua:29: in functi
on 'modules/mediabag.fetch_and_store_im
age'
	.../share/pandoc/datadir/../../f
ilters/modules/mediabag.lua:72: in fu
nction 'modules/mediabag.resolve_image_
from_url'
	(...tail calls...)
	/opt/qu
arto/share/filters/main.lua:2930: in l
ocal 'fn'
	...uarto/share/pandoc/datad
ir/../../filters/modules/jog.lua:34: i
n upvalue 'run_filter_function'
	...ua
rto/share/pandoc/datadir/../../filter
s/modules/jog.lua:223: in function <..
.uarto/share/pandoc/datadir/../../filt
ers/modules/jog.lua:202>
	(...tail cal
ls...)
	[C]: in function 'pandoc.List.map'
	...uarto/s
hare/pandoc/datadir/../../filters/modules
/jog.lua:125: in upvalue 'recurse'
	..
.uarto/share/pandoc/datadir/../../filte
rs/modules/jog.lua:222: in local 'jogger'
	...
uarto/share/pandoc/datadir/../../filters/module
s/jog.lua:98: in upvalue 'recurse'
	...
uarto/share/pandoc/datadir/../../filt
ers/modules/jog.lua:222: in function <...
uarto/share/pandoc/datadir/../../filters/modules/jog.lua:202>
	(...tail calls...)
	...	(skip
ping 2 levels)
	...uarto/share/pandoc/datadir/../../filters/module
s/jog.lua:111: in upvalue 'recurse'
	...uarto/share/pandoc/data
dir/../../filters/modules/jog.lua:222: in function <...uarto/share/pandoc/datadir/../../filters/modules/jog
.lua:202>
	(...tail calls...)
	[C]: in function 'pandoc.List.map'
	...u
arto/share/pandoc/datadir/../../filters/modules/jog.lua:125: in upvalue 'recurse'
	...uarto/share
/pandoc/datadir/../../filters/modules/jog.lua:222:
 in local 'jogger'
	...uarto/share/pand
oc/datadir/../../filters/modules/jog.l
ua:171: in upvalue 'recurse'
	...uart
o/share/pandoc/datadir/../../filters/modules/j
og.lua:222: in function <...uarto/share/pando
c/datadir/../../filters/modules/jog.lua:
202>
	(...tail calls...)
	/opt/quarto/
share/filters/main.lua:574: in functi
on </opt/quarto/share/filters/main.lua:552>
	(...tail calls...)
	
/opt/quarto/share/filters/main.lua:1317: in local 'callback'
	/opt/quar
to/share/filters/main.lua:1335: in upvalue 'run_emulated
_filter_chain'
	/opt/quarto/share/filters/main.lua:1371: in function </opt
/quarto/share/filters/main.lua:1368>

(WARN) Error encountered when rendering files

