  % Total    % Received % Xferd  Average Speed   
Time    Time     Time  Current
                                 Dload  Upload   Total   Spent    Left  Speed
  0     0    0     0    0     0      0      0 --:--:-- --:--:-- --:--:--     0
- --:--:-- --:--:--  2800100  1448  100  1416  100    32   2739     61 --:--:-- --:--:-- --:--:--  2800

  % Total    % Received % Xferd  Average Speed   Time    Time     Time  Current
                                 Dload  Upload   Total   Spent    Left  Speed
  0     0    0     0    0     0      0      0 --:--:-- --:--:-- --:--:--     0
0   5958    161 --:--:-- --:--:-- --:--:--  6129

  % Total    % Received % Xferd  Average Speed   Time    Time     Time  Current
                                 Dload  Upload   Total   Spent    Left  Speed
  0     0    0     0    0     0      0      0 --:--:-- --:--:-- --:--:--     0
151 --:--:-- --:--:-- --:--:--  3215100  1701  100  1621  100    80   3065    151 --:--:-- --:--:-- --:--:--  3215

  % Total    % Received % Xferd  Av
erage Speed   Time    Time     Time  Current
                                 Dload  Upload   Total   Spent    Left  Speed
  0     0    0     0    0     0      0      0 --:--:-- --:--:-- --:--:
--     0
    93      0    112 --:--:-- --:--:-- --:--:--   112



pandoc 

  to: latex
  output-file: index.tex
  standalone: true
  toc: true
  number-sections: true
  top-level-division: chapter
  pdf-engine: lualatex
  variables:
    graphics: true
    tables: true
  default-image-extension: pdf
  

metadata

  crossref:
    chapters: true
  documentclass: scrreprt
  papersize: letter
  classoption:
    - DIV=11
    - numbers=noendperiod
  header-includes:
    - \KOMAoption{captions}{tableheading}
  block-headings: true
  bibliography:
    - references.bib
  engines:
    - path: /opt/quarto/share/extension-subtrees/julia-engine/_extensions/julia-engine/julia-engine.js
  title: Kroki diagrams Test
  date: 23/03/2026
  

  % Total    % Received % Xferd  Average Speed   Time    Time     Time  
Current
                                 Dload  Upload   Total   Spent    Left  Speed
  0     0    0     0    0     0      0      0 --:--:-- --:--:-- --:--:--     0
     61 --:--:-- --:--:-- --:--:--  2784


Error: Inkscape has to be installed and added to PATH.


  % Total    % Received % Xfe
rd  Average Speed   Time    Time     Time  Current
                                 Dload  Upload   Total   Spent    Left  Speed
  0     0    0    
 0    0     0      0      0 --:--:-- --:--:-- --:--:--     0
   5862    158 --:--:-- --:--:-- --:--:--  6019


Error: Inkscape has to be installed and added to PATH.


  % Total    % Receive
d % Xferd  Average Speed   Time    Time     Time  Current
                                 Dload  Upload   Total   Spent    Left  Speed
  0   
  0    0     0    0     0      0      0 --:--:-- --:--:-- --:--:--     0
0   3720    183 --:--:-- --:--:-- --:--:--  3910


Error: Inkscape has to be installed and added to PATH.


  % Total    % Received % Xfe
rd  Average Speed   Time    Time     Time  Current
                                 Dload  Upload   Total   Spent    Left  Speed
  0     0 
   0     0    0     0      0      0 --:--:-- --:--:-- --:--:--     0
    93      0    441 --:--:-- --:--:-- --:--:--   440
00    93      0    213 --:--:-- --:--:-- --:--:--   212


Error: Inkscape has to be installed and added to PATH.



Rendering PDF

running lualatex - 1

  This is LuaHBTeX, Version 1.24.0 (TeX Live 2026) 
   restricted system commands enabled.
  

updating tlmgr



updating existing packages

finding package for scrreprt.cls

> 1 package to install

> installing koma-script (1 of 1)

  This is LuaHBTeX, Version 1.24.0 (TeX Live 2026) 
   restricted system commands enabled.
  
  luaotfload | db : Font names database not found, generating new one.
  luaotfload | db : This can take several minutes; please be patient.

running lualatex - 2

  This is LuaHBTeX, Version 1.24.0 (TeX Live 2026) 
   restricted system commands enabled.
  



Output created: _book/index.html


