pandoc 

  to: html
  output-file: example.html
  standalone: true
  section-divs: true
  html-math-method: mathjax
  wrap: none
  default-image-extension: png
  variables: {}
  

metadata

  document-css: false
  link-citations: true
  date-format: long
  lang: en
  engines:
    - path: /opt/quarto/share/extension-subtrees/julia-engine/_extensions/julia-engine/julia-engine.js
  title: TikZ Example
  tikz:
    cache: false
    save-tex: true
    tex-dir: tikz-tex
  

ERROR (/home/runner/work/quarto-extensions/quarto-extensions/test-5/repo/_extensions/tikz/tikz.lua:279) inkscape not found. Please install it (the configured svg converter) to convert TeX output to SVG.

ERROR (/home/runner/work/quarto-extensions/quarto-extensions/test-5/repo/_extensions/tikz/tikz.lua:347) Error compiling TikZ figure 'stick-figure':
Error running pdflatex (error code 1): This is pdfTeX, Version 3.141592653-2.6-1.40.29 (TeX Live 2026) (preloaded format=pdflatex)
 restricted \write18 enabled.
entering extended mode
(./stick-figure.tex
LaTeX2e <2026-06-01>
L3 programming layer <2026-05-26>

! LaTeX Error: File `standalone.cls' not found.

Type X to quit or <RETURN> to proceed,
or enter new name. (Default extension: cls)

Enter file name: 
! Emergency stop.
<read *> 
         
l.3 ^^M
       
!  ==> Fatal error occurred, no output PDF file produced!
Transcript written on stick-figure.log.

LaTeX Log:
This is pdfTeX, Version 3.141592653-2.6-1.40.29 (TeX Live 2026) (preloaded format=pdflatex 2026.6.15)  15 JUN 2026 16:36
entering extended mode
 restricted \write18 enabled.
 %&-line parsing enabled.
**stick-figure.tex
(./stick-figure.tex
LaTeX2e <2026-06-01>
L3 programming layer <2026-05-26>

! LaTeX Error: File `standalone.cls' not found.

Type X to quit or <RETURN> to proceed,
or enter new name. (Default extension: cls)

Enter file name: 
! Emergency stop.
<read *> 
         
l.3 ^^M
       
*** (cannot \read from terminal in nonstop modes)

 
Here is how much of TeX's memory you used:
 19 strings out of 469114
 452 string characters out of 5460008
 435362 words of memory out of 5000000
 29134 multiletter control sequences out of 15000+600000
 627721 words of font info for 40 fonts, out of 8000000 for 9000
 36 hyphenation exceptions out of 8191
 19i,0n,29p,80b,17s stack positions out of 10000i,1000n,20000p,200000b,200000s
!  ==> Fatal error occurred, no output PDF file produced!

TikZ Code:
%%| filename: stick-figure
%%| caption: A Stick Figure

\begin{tikzpicture}[scale=2, transform shape]
  % Head
  \draw (0,0) circle (1cm);
  % Body
  \draw (0,-1) -- (0,-3);
  % Arms
  \draw (-1,-2) -- (0,-1) -- (1,-2);
  % Legs
  \draw (-1,-4) -- (0,-3) -- (1,-4);
\end{tikzpicture}

ERROR (/home/runner/work/quarto-extensions/quarto-extensions/test-5/repo/_extensions/tikz/tikz.lua:417) Error converting to SVG (command: inkscape) for TikZ figure 'stick-figure':
inkscape: createProcess: posix_spawnp: does not exist (No such file or directory)
TikZ Code:
%%| filename: stick-figure
%%| caption: A Stick Figure

\begin{tikzpicture}[scale=2, transform shape]
  % Head
  \draw (0,0) circle (1cm);
  % Body
  \draw (0,-1) -- (0,-3);
  % Arms
  \draw (-1,-2) -- (0,-1) -- (1,-2);
  % Legs
  \draw (-1,-4) -- (0,-3) -- (1,-4);
\end{tikzpicture}
ERROR (/home/runner/work/quarto-extensions/quarto-extensions/test-5/repo/_extensions/tikz/tikz.lua:424) Failed to read generated SVG file for TikZ figure 'stick-figure'.
TikZ Code:
%%| filename: stick-figure
%%| caption: A Stick Figure

\begin{tikzpicture}[scale=2, transform shape]
  % Head
  \draw (0,0) circle (1cm);
  % Body
  \draw (0,-1) -- (0,-3);
  % Arms
  \draw (-1,-2) -- (0,-1) -- (1,-2);
  % Legs
  \draw (-1,-4) -- (0,-3) -- (1,-4);
\end{tikzpicture}

Error running
 filter /opt/quarto/share/filters/main.lua:
string expected, got nil
	while retrieving
 function argument contents
	while retrieving argum
ents for function insert
stack traceb
ack:
	.../quarto-extensions/te
st-5/repo/_extensions/tik
z/tikz.lua:544: in function <.../quarto-extensions/test-5/repo/
_extensions/tikz/tikz.lua:446>
	[C]: i
n ?
	[C]: in method 'walk'
	.../quarto-
extensions/test-5/repo/_extensions/tikz
/tikz.lua:753: in fu
nction <.../quart
o-extensions/tes
t-5/repo/_extens
ions/tikz/tikz.l
ua:751>
	[C]: in 
?
	[C]: in metho
d 'walk'
	/opt/q
uarto/share/pand
oc/datadir/_utils
.lua:607: in func
tion '_utils.walk'

	/opt/quarto/share/f
ilters/main.lua:574: in loc
al 'checked_walk'
	/opt/qua
rto/share/filters
/main.lua:629: i
n function 'run_
emulated_filter'

	/opt/quarto/sh
are/filters/main
.lua:1317: in lo
cal 'callback'

	[string "if pan
doc.system.os == 
"mingw32" then..
."]:778: in fie
ld 'withScriptFi
le'
	/opt/quart
o/share/filters/
main.lua:1333: i
n upvalue 'run_
emulated_filter_
chain'
	/opt/qu
arto/share/filte
rs/main.lua:1371: in function </opt/
quarto/share/filters/main.lua:136
8>
stack traceback:
	.../quarto-extensio
ns/test-5/repo/_extensions/tikz/t
ikz.lua:753: in function <..
./quarto-extensions/test-5/repo/_
extensions/tikz/tikz.lua:751>
	[C]: in ?
	[C]: in
 method 'walk'
	/opt/quarto/share/pandoc/datadi
r/_utils.lua:607: in fun
ction '_utils.wal
k'
	/opt/quarto/
share/filters/ma
in.lua:574: in l
ocal 'checked_wa
lk'
	/opt/quarto
/share/filters/m
ain.lua:629: in 
function 'run_em
ulated_filter'
	/opt/quarto/sha
re/filters/main.lua:1317: in local '
callback'
	[string "if pandoc.syste
m.os == "mingw32" then..."]:778: in field 'withScr
iptFile'
	/opt/quarto/sh
are/filters/main.lua:1333: in upvalue 'run_
emulated_filter_chain'
	/opt/quarto/share/filters/ma
in.lua:1371: in function
 </opt/quarto/share/filters/main.lua:1368>
s
tack traceback:
	/opt/quarto/share/pandoc/
datadir/_utils.lua:60
7: in function '_u
tils.walk'
	/opt
/quarto/share/fi
lters/main.lua:
574: in local 'ch
ecked_walk'
	/o
pt/quarto/share/
filters/main.lua
:629: in functio
n 'run_emulated
_filter'
	/opt/q
uarto/share/filt
ers/main.lua:131
7: in local 'cal
lback'
	[string
 "if pandoc.syst
em.os == "mingw3
2" then..."]:778:
 in field 'withScriptFil
e'
	/opt/quarto/s
hare/filters/main.lu
a:1333:
 in u
pvalue 'run_emulat
ed_filter_chain'

	/opt/quarto/share/filters/main.lua:1371: in function </opt/quarto/share/filters/main.lua:1368>

(WARN) Error encountered when rendering files

