Cloning into 'repo'...
pandoc 
  to: latex
  output-file: example.tex
  standalone: true
  pdf-engine: lualatex
  variables:
    graphics: true
    tables: true
  default-image-extension: pdf
  
metadata
  documentclass: scrartcl
  classoption:
    - DIV=11
    - numbers=noendperiod
  papersize: letter
  header-includes:
    - \KOMAoption{captions}{tableheading}
  block-headings: true
  engines:
    - path: /opt/quarto/share/extension-subtrees/julia-engine/_extensions/julia-engine/julia-engine.js
  title: '`quartable` example'
  

Rendering PDF
running lualatex - 1
  This is LuaHBTeX, Version 1.24.0 (TeX Live 2026) 
   restricted system commands enabled.
  
updating tlmgr

updating existing packages
finding package for scrartcl.cls
> 1 package to install
> installing koma-script (1 of 1)
  This is LuaHBTeX, Version 1.24.0 (TeX Live 2026) 
   restricted system commands enabled.
  
  luaotfload | db : Font names database not found, generating new one.
  luaotfload | db : This can take several minutes; please be patient.
running lualatex - 2
  This is LuaHBTeX, Version 1.24.0 (TeX Live 2026) 
   restricted system commands enabled.
  

Output created: example.pdf

pandoc 
  to: html
  output-file: index.html
  standalone: true
  section-divs: true
  html-math-method: mathjax
  wrap: none
  default-image-extension: png
  toc: false
  variables: {}
  
metadata
  document-css: false
  link-citations: true
  date-format: long
  lang: en
  engines:
    - path: /opt/quarto/share/extension-subtrees/julia-engine/_extensions/julia-engine/julia-engine.js
  title: '`quartable` — Quarto extension'
  subtitle: Column spans · row spans · midrules · clines · vertical lines · per-cell alignment
  theme: cosmo
  
Output created: index.html

pandoc 
  to: html
  output-file: test_quartable.html
  standalone: true
  section-divs: true
  html-math-method: mathjax
  wrap: none
  default-image-extension: png
  toc: true
  toc-depth: 2
  number-sections: true
  variables: {}
  
metadata
  document-css: false
  link-citations: true
  date-format: long
  lang: en
  engines:
    - path: /opt/quarto/share/extension-subtrees/julia-engine/_extensions/julia-engine/julia-engine.js
  title: '`quartable` test document'
  subtitle: colspan · rowspan · midrule · cline · vline · align
  author: Eric Bavu
  date: today
  theme: cosmo
  
[quartable] WARNING: rs=3 on row 2 crosses a === separator on row 4 — LaTeX rendering will be incorrect.
[quartable] WARNING: ^ marker without a matching origin cell (row 5, logical column 1).
Output created: test_quartable.html

pandoc 
  to: latex
  output-file: test_quartable.tex
  standalone: true
  pdf-engine: pdflatex
  variables:
    graphics: true
    tables: true
  default-image-extension: pdf
  toc: true
  number-sections: true
  
metadata
  block-headings: true
  engines:
    - path: /opt/quarto/share/extension-subtrees/julia-engine/_extensions/julia-engine/julia-engine.js
  title: '`quartable` test document'
  subtitle: colspan · rowspan · midrule · cline · vline · align
  author: Eric Bavu
  date: today
  lang: en
  documentclass: article
  papersize: a4
  fontsize: 11pt
  geometry: margin=2.5cm
  
[quartable] WARNING: rs=3 on row 2 crosses a === separator on row 4 — LaTeX rendering will be incorrect.
[quartable] WARNING: ^ marker without a matching origin cell (row 5, logical column 1).

Rendering PDF
running pdflatex - 1
  This is pdfTeX, Version 3.141592653-2.6-1.40.29 (TeX Live 2026) (preloaded format=pdflatex)
   restricted \write18 enabled.
  entering extended mode
  
running pdflatex - 2
  This is pdfTeX, Version 3.141592653-2.6-1.40.29 (TeX Live 2026) (preloaded format=pdflatex)
   restricted \write18 enabled.
  entering extended mode
  
running pdflatex - 3
  This is pdfTeX, Version 3.141592653-2.6-1.40.29 (TeX Live 2026) (preloaded format=pdflatex)
   restricted \write18 enabled.
  entering extended mode
  

Output created: test_quartable.pdf

pandoc 
  to: revealjs
  output-file: test_reveal_quartable.html
  standalone: true
  wrap: none
  default-image-extension: png
  html-math-method:
    method: mathjax
    url: >-
      https://cdn.jsdelivr.net/npm/mathjax@2.7.9/MathJax.js?config=TeX-AMS_HTML-full
  slide-level: 2
  variables: {}
  
metadata
  link-citations: true
  width: 1280
  height: 720
  margin: 0.1
  center: false
  navigationMode: linear
  controlsLayout: edges
  controlsTutorial: false
  hash: true
  history: true
  hashOneBasedIndex: false
  fragmentInURL: false
  transition: none
  backgroundTransition: none
  pdfSeparateFragments: false
  lang: en
  auto-stretch: true
  engines:
    - path: /opt/quarto/share/extension-subtrees/julia-engine/_extensions/julia-engine/julia-engine.js
  title: '`quartable` — Reveal.js demo'
  subtitle: colspan · rowspan · midrule · cline · align
  author: Eric Bavu
  date: today
  theme: simple
  slideNumber: true
  smaller: true
  
[quartable] WARNING: rs=3 on row 2 crosses a === separator on row 4 — LaTeX rendering will be incorrect.
[quartable] WARNING: ^ marker without a matching origin cell (row 5, logical column 1).
Output created: test_reveal_quartable.html

