Cloning into 'repo'...
pandoc 
  to: revealjs
  output-file: index.html
  standalone: true
  wrap: none
  default-image-extension: png
  html-math-method: plain
  slide-level: 2
  variables: {}
  
metadata
  link-citations: true
  width: 1050
  height: 700
  margin: 0.1
  center: false
  navigationMode: linear
  controlsLayout: edges
  controlsTutorial: false
  hash: true
  history: true
  hashOneBasedIndex: false
  fragmentInURL: false
  transition: none
  backgroundTransition: none
  pdfSeparateFragments: false
  lang: en
  auto-stretch: true
  slideNumber: false
  menu: false
  progress: false
  theme: _extensions/storybook/storybook.scss
  footer: |
    <a href="https://mickael.canouil.fr/">mickael.canouil.fr</a>
    |
    <a href = "https://creativecommons.org/licenses/by-sa/4.0/">License: CC-BY-SA-4.0</a>
  logo: _extensions/storybook/mcsb.svg
  title-slide-attributes:
    data-background-image: _extensions/storybook/cover.jpg
  title: A Tale To Tell
  subtitle: But Not Yet ...
  author: Mickaël Canouil, _Ph.D._
  date: today
  date-format: dddd, [the] Do [of] MMMM, YYYY
  
Output created: index.html

