Cloning into 'repo'...
pandoc 
  to: beamer
  output-file: example.tex
  standalone: true
  embed-resources: true
  pdf-engine: lualatex
  variables:
    graphics: true
    tables: true
  default-image-extension: pdf
  
metadata
  block-headings: true
  engines:
    - path: /opt/quarto/share/extension-subtrees/julia-engine/_extensions/julia-engine/julia-engine.js
  title: Preview Colour Example
  subtitle: Quarto Extension
  author:
    - name: Mickaël CANOUIL, _Ph.D._
      orcid: 0000-0002-3396-4549
      url: https://mickael.canouil.fr
  extensions:
    preview-colour:
      code: true
      text: true
      json: example-colours.json
      glyph:
        default: ●
        html: '&#9673;'
        latex: \\textbullet
        typst: ◉
        docx: ●
        pptx: ●
  aspectratio: 169
  
(W) [preview-colour] Alpha channel is not preserved in latex; rendering the opaque colour for "rgba(255, 0, 0, 0.5)".
(W) [preview-colour] Keyword colour "currentColor" has no preview in latex; only HTML renders these faithfully.
[preview-colour] Exported 53 colour(s) to: example-colours.json

Rendering PDF
running lualatex - 1
  This is LuaHBTeX, Version 1.24.0 (TeX Live 2026) 
   restricted system commands enabled.
  
  luaotfload | db : Font names database not found, generating new one.
  luaotfload | db : This can take several minutes; please be patient.
updating tlmgr

updating existing packages
finding package for luatexbase.sty
> 1 package to install
> installing luatexbase (1 of 1)
  This is LuaHBTeX, Version 1.24.0 (TeX Live 2026) 
   restricted system commands enabled.
  
running lualatex - 2
  This is LuaHBTeX, Version 1.24.0 (TeX Live 2026) 
   restricted system commands enabled.
  

Output created: preview-colour-beamer.pdf

pandoc 
  to: docx
  output-file: preview-colour-docx.docx
  embed-resources: true
  default-image-extension: png
  variables: {}
  
metadata
  engines:
    - path: /opt/quarto/share/extension-subtrees/julia-engine/_extensions/julia-engine/julia-engine.js
  title: Preview Colour Example
  subtitle: Quarto Extension
  author:
    - name: Mickaël CANOUIL, _Ph.D._
      orcid: 0000-0002-3396-4549
      url: https://mickael.canouil.fr
  extensions:
    preview-colour:
      code: true
      text: true
      json: example-colours.json
      glyph:
        default: ●
        html: '&#9673;'
        latex: \\textbullet
        typst: ◉
        docx: ●
        pptx: ●
  
(W) [preview-colour] Alpha channel is not preserved in docx; rendering the opaque colour for "rgba(255, 0, 0, 0.5)".
(W) [preview-colour] Keyword colour "currentColor" has no preview in docx; only HTML renders these faithfully.
[preview-colour] Exported 62 colour(s) to: example-colours.json
Output created: preview-colour-docx.docx

pandoc 
  to: html
  output-file: index.html
  standalone: true
  embed-resources: true
  section-divs: true
  html-math-method: mathjax
  wrap: none
  default-image-extension: png
  toc: true
  variables: {}
  
metadata
  document-css: false
  link-citations: true
  date-format: long
  lang: en
  engines:
    - path: /opt/quarto/share/extension-subtrees/julia-engine/_extensions/julia-engine/julia-engine.js
  title: Preview Colour Example
  subtitle: Quarto Extension
  author:
    - name: Mickaël CANOUIL, _Ph.D._
      orcid: 0000-0002-3396-4549
      url: https://mickael.canouil.fr
  extensions:
    preview-colour:
      code: true
      text: true
      json: example-colours.json
      glyph:
        default: ●
        html: '&#9673;'
        latex: \\textbullet
        typst: ◉
        docx: ●
        pptx: ●
  
[preview-colour] Exported 53 colour(s) to: example-colours.json
Output created: index.html

pandoc 
  to: latex
  output-file: example-lualatex.tex
  standalone: true
  embed-resources: true
  pdf-engine: lualatex
  variables:
    graphics: true
    tables: true
  default-image-extension: pdf
  
metadata
  documentclass: scrartcl
  classoption:
    - DIV=11
    - numbers=noendperiod
  papersize: a4
  header-includes:
    - \KOMAoption{captions}{tableheading}
  block-headings: true
  engines:
    - path: /opt/quarto/share/extension-subtrees/julia-engine/_extensions/julia-engine/julia-engine.js
  title: Preview Colour Example
  subtitle: Quarto Extension
  author:
    - name: Mickaël CANOUIL, _Ph.D._
      orcid: 0000-0002-3396-4549
      url: https://mickael.canouil.fr
  extensions:
    preview-colour:
      code: true
      text: true
      json: example-colours.json
      glyph:
        default: ●
        html: '&#9673;'
        latex: \\textbullet
        typst: ◉
        docx: ●
        pptx: ●
  margin:
    x: 2.5cm
    'y': 2.5cm
  
(W) [preview-colour] Alpha channel is not preserved in latex; rendering the opaque colour for "rgba(255, 0, 0, 0.5)".
(W) [preview-colour] Keyword colour "currentColor" has no preview in latex; only HTML renders these faithfully.
[preview-colour] Exported 54 colour(s) to: example-colours.json

Rendering PDF
running lualatex - 1
  This is LuaHBTeX, Version 1.24.0 (TeX Live 2026) 
   restricted system commands enabled.
  
updating tlmgr

updating existing packages
finding package for scrartcl.cls
> 1 package to install
> installing koma-script (1 of 1)
  This is LuaHBTeX, Version 1.24.0 (TeX Live 2026) 
   restricted system commands enabled.
  
running lualatex - 2
  This is LuaHBTeX, Version 1.24.0 (TeX Live 2026) 
   restricted system commands enabled.
  

Output created: preview-colour-lualatex.pdf

pandoc 
  to: latex
  output-file: example-pdflatex.tex
  standalone: true
  embed-resources: true
  pdf-engine: lualatex
  variables:
    graphics: true
    tables: true
  default-image-extension: pdf
  
metadata
  documentclass: scrartcl
  classoption:
    - DIV=11
    - numbers=noendperiod
  papersize: a4
  header-includes:
    - \KOMAoption{captions}{tableheading}
  block-headings: true
  engines:
    - path: /opt/quarto/share/extension-subtrees/julia-engine/_extensions/julia-engine/julia-engine.js
  title: Preview Colour Example
  subtitle: Quarto Extension
  author:
    - name: Mickaël CANOUIL, _Ph.D._
      orcid: 0000-0002-3396-4549
      url: https://mickael.canouil.fr
  extensions:
    preview-colour:
      code: true
      text: true
      json: example-colours.json
      glyph:
        default: ●
        html: '&#9673;'
        latex: \\textbullet
        typst: ◉
        docx: ●
        pptx: ●
  margin:
    x: 2.5cm
    'y': 2.5cm
  
(W) [preview-colour] Alpha channel is not preserved in latex; rendering the opaque colour for "rgba(255, 0, 0, 0.5)".
(W) [preview-colour] Keyword colour "currentColor" has no preview in latex; only HTML renders these faithfully.
[preview-colour] Exported 54 colour(s) to: example-colours.json

Rendering PDF
running lualatex - 1
  This is LuaHBTeX, Version 1.24.0 (TeX Live 2026) 
   restricted system commands enabled.
  
running lualatex - 2
  This is LuaHBTeX, Version 1.24.0 (TeX Live 2026) 
   restricted system commands enabled.
  

Output created: preview-colour-pdflatex.pdf

pandoc 
  to: latex
  output-file: example-xelatex.tex
  standalone: true
  embed-resources: true
  pdf-engine: lualatex
  variables:
    graphics: true
    tables: true
  default-image-extension: pdf
  
metadata
  documentclass: scrartcl
  classoption:
    - DIV=11
    - numbers=noendperiod
  papersize: a4
  header-includes:
    - \KOMAoption{captions}{tableheading}
  block-headings: true
  engines:
    - path: /opt/quarto/share/extension-subtrees/julia-engine/_extensions/julia-engine/julia-engine.js
  title: Preview Colour Example
  subtitle: Quarto Extension
  author:
    - name: Mickaël CANOUIL, _Ph.D._
      orcid: 0000-0002-3396-4549
      url: https://mickael.canouil.fr
  extensions:
    preview-colour:
      code: true
      text: true
      json: example-colours.json
      glyph:
        default: ●
        html: '&#9673;'
        latex: \\textbullet
        typst: ◉
        docx: ●
        pptx: ●
  margin:
    x: 2.5cm
    'y': 2.5cm
  
(W) [preview-colour] Alpha channel is not preserved in latex; rendering the opaque colour for "rgba(255, 0, 0, 0.5)".
(W) [preview-colour] Keyword colour "currentColor" has no preview in latex; only HTML renders these faithfully.
[preview-colour] Exported 54 colour(s) to: example-colours.json

Rendering PDF
running lualatex - 1
  This is LuaHBTeX, Version 1.24.0 (TeX Live 2026) 
   restricted system commands enabled.
  
running lualatex - 2
  This is LuaHBTeX, Version 1.24.0 (TeX Live 2026) 
   restricted system commands enabled.
  

Output created: preview-colour-xelatex.pdf

pandoc 
  to: pptx
  output-file: preview-colour-pptx.pptx
  embed-resources: true
  default-image-extension: png
  variables: {}
  
metadata
  engines:
    - path: /opt/quarto/share/extension-subtrees/julia-engine/_extensions/julia-engine/julia-engine.js
  title: Preview Colour Example
  subtitle: Quarto Extension
  author:
    - name: Mickaël CANOUIL, _Ph.D._
      orcid: 0000-0002-3396-4549
      url: https://mickael.canouil.fr
  extensions:
    preview-colour:
      code: true
      text: true
      json: example-colours.json
      glyph:
        default: ●
        html: '&#9673;'
        latex: \\textbullet
        typst: ◉
        docx: ●
        pptx: ●
  
(W) [preview-colour] Alpha channel is not preserved in pptx; rendering the opaque colour for "rgba(255, 0, 0, 0.5)".
(W) [preview-colour] Keyword colour "currentColor" has no preview in pptx; only HTML renders these faithfully.
[preview-colour] Exported 62 colour(s) to: example-colours.json
Output created: preview-colour-pptx.pptx

pandoc 
  to: revealjs
  output-file: preview-colour-revealjs.html
  standalone: true
  embed-resources: true
  wrap: none
  default-image-extension: png
  html-math-method:
    method: mathjax
    url: >-
      https://cdn.jsdelivr.net/npm/mathjax@2.7.9/MathJax.js?config=TeX-AMS_HTML-full
  slide-level: 2
  shift-heading-level-by: -1
  variables: {}
  
metadata
  link-citations: true
  width: 1050
  height: 700
  margin: 0.1
  center: false
  navigationMode: linear
  controlsLayout: edges
  controlsTutorial: false
  hash: true
  history: true
  hashOneBasedIndex: false
  fragmentInURL: false
  transition: none
  backgroundTransition: none
  pdfSeparateFragments: false
  lang: en
  auto-stretch: true
  engines:
    - path: /opt/quarto/share/extension-subtrees/julia-engine/_extensions/julia-engine/julia-engine.js
  title: Preview Colour Example
  subtitle: Quarto Extension
  author:
    - name: Mickaël CANOUIL, _Ph.D._
      orcid: 0000-0002-3396-4549
      url: https://mickael.canouil.fr
  extensions:
    preview-colour:
      code: true
      text: true
      json: example-colours.json
      glyph:
        default: ●
        html: '&#9673;'
        latex: \\textbullet
        typst: ◉
        docx: ●
        pptx: ●
  
[preview-colour] Exported 53 colour(s) to: example-colours.json
Output created: preview-colour-revealjs.html

pandoc 
  to: typst
  output-file: example.typ
  standalone: true
  embed-resources: true
  shift-heading-level-by: -1
  default-image-extension: svg
  wrap: none
  citeproc: false
  variables: {}
  
metadata
  engines:
    - path: /opt/quarto/share/extension-subtrees/julia-engine/_extensions/julia-engine/julia-engine.js
  title: Preview Colour Example
  subtitle: Quarto Extension
  author:
    - name: Mickaël CANOUIL, _Ph.D._
      orcid: 0000-0002-3396-4549
      url: https://mickael.canouil.fr
  extensions:
    preview-colour:
      code: true
      text: true
      json: example-colours.json
      glyph:
        default: ●
        html: '&#9673;'
        latex: \\textbullet
        typst: ◉
        docx: ●
        pptx: ●
  papersize: a4
  margin:
    x: 2.5cm
    'y': 2.5cm
  
(W) [preview-colour] Alpha channel is not preserved in typst; rendering the opaque colour for "rgba(255, 0, 0, 0.5)".
(W) [preview-colour] Keyword colour "currentColor" has no preview in typst; only HTML renders these faithfully.
[preview-colour] Exported 53 colour(s) to: example-colours.json
[typst]: Compiling example.typ to example.pdf...DONE

Output created: preview-colour-typst.pdf

