pandoc 

  to: latex
  output-file: template.tex
  standalone: true
  pdf-engine: lualatex
  variables:
    graphics: true
    tables: true
  default-image-extension: pdf
  toc: false
  cite-method: natbib
  

metadata

  block-headings: true
  biblio-config: false
  title: Quarto Template for Springer Nature
  author:
    - name: Author One
      affiliations:
        - name: Harvard University
          id: 1
          department: Department of Government
          address: 1737 Cambridge Street
          city: Cambridge
          state: MA
          postal-code: 2138
        - name: Harvard University
          id: 2
          department: Department of Statistics
          address: 1 Oxford Street
          city: Cambridge
          state: MA
          postal-code: 2138
      attributes:
        equal-contributor: true
    - name: Author Two
      affiliations:
        - name: Yale University
          id: 3
          department: Department of Political Science
          address: 115 Prospect Street
          city: New Haven
          state: CT
          postal-code: 6511
      email: corresponding@email.com
      attributes:
        equal-contributor: true
        corresponding: true
    - name: Author Three
      affiliations:
        - ref: 1
  abstract: |
    The abstract serves both as a general introduction to the topic and as a brief, non-technical summary of the main results and their implications. Authors are advised to check the author instructions for the journal they are submitting to for word limits and if structural elements like subheadings, citations, or equations are permitted.
  keywords:
    - template
    - demo
  bibliography:
    - bibliography.bib
  journal:
    cite-style: sn-nature
  equal-margins: false
  


Rendering PDF

running lualatex - 1

  This is LuaHBTeX, Version 1.24.0 (TeX Live 2026) 
   restricted system commands enabled.
  epstopdf ($Id: epstopdf.pl 71777 2024-07-11 21:24:57Z karl $) 2.36
  !!! Error: Required program gs not found in PATH, which contains:
     '/home/vscode/.venv/bin'
     '/usr/local/python/current/bin'
     '/usr/local/py-utils/bin'
     '/usr/local/jupyter'
     '/usr/local/sbin'
     '/usr/local/bin'
     '/usr/sbin'
     '/usr/bin'
     '/sbin'
     '/bin'
     '/home/runner/work/quarto-extensions/quarto-extensions/test-21/.TinyTeX/bin/x86_64-linux'
  
  

updating tlmgr



updating existing packages

finding package for epstopdf

> 1 package to install

> installing epstopdf (1 of 1)

  This is LuaHBTeX, Version 1.24.0 (TeX Live 2026) 
   restricted system commands enabled.
  epstopdf ($Id: epstopdf.pl 71777 2024-07-11 21:24:57Z karl $) 2.36
  !!! Error: Required program gs not found in PATH, which contains:
     '/home/vscode/.venv/bin'
     '/usr/local/python/current/bin'
     '/usr/local/py-utils/bin'
     '/usr/local/jupyter'
     '/usr/local/sbin'
     '/usr/local/bin'
     '/usr/sbin'
     '/usr/bin'
     '/sbin'
     '/bin'
     '/home/runner/work/quarto-extensions/quarto-extensions/test-21/.TinyTeX/bin/x86_64-linux'
  
  

finding package for epstopdf

(ERROR) 
compilation failed- package installation error

Package luatex.def Error: File `fig-eps-converted-to.pdf' not found: using draft setting.

See the luatex.def package documentation for explanation.
Type  H <return>  for immediate help.
 ...                                              
                                                  
l.278 ...\includegraphics[keepaspectratio]{fig.eps}}
                                                  



see template.log for more information.

(WARN) Error encountered when rendering files

