Cloning into 'repo'...
pandoc 
  to: html
  output-file: template.html
  standalone: true
  section-divs: true
  html-math-method: mathjax
  wrap: none
  default-image-extension: png
  variables: {}
  
metadata
  document-css: false
  link-citations: true
  date-format: long
  lang: en
  engines:
    - path: /opt/quarto/share/extension-subtrees/julia-engine/_extensions/julia-engine/julia-engine.js
  title: Stamp Example
  stamp:
    level: minimal
    placement: custom
    placement-id: a-stamp-id
  
Reading YAML file: _extensions/stamp/_extension.yml
title: stamp
author: James Joseph Balamuta
version: 0.0.0-dev.1
quarto-required: ">=1.6.0"
contributes:
  filters:
    - stamp.lua

Output created: template.html

pandoc 
  to: html
  output-file: index.html
  standalone: true
  title-prefix: colab
  section-divs: true
  html-math-method: mathjax
  wrap: none
  default-image-extension: png
  toc: false
  variables: {}
  
metadata
  document-css: false
  link-citations: true
  date-format: long
  lang: en
  engines:
    - path: /opt/quarto/share/extension-subtrees/julia-engine/_extensions/julia-engine/julia-engine.js
  title: Stamp Extension
  
Reading YAML file: _extensions/stamp/_extension.yml
title: stamp
author: James Joseph Balamuta
version: 0.0.0-dev.1
quarto-required: ">=1.6.0"
contributes:
  filters:
    - stamp.lua

Output created: _site/index.html

pandoc 
  to: html
  output-file: qstamp-faq.html
  standalone: true
  title-prefix: colab
  section-divs: true
  html-math-method: mathjax
  wrap: none
  default-image-extension: png
  toc: true
  variables: {}
  
metadata
  document-css: false
  link-citations: true
  date-format: long
  lang: en
  engines:
    - path: /opt/quarto/share/extension-subtrees/julia-engine/_extensions/julia-engine/julia-engine.js
  title: Stamp FAQ
  
Reading YAML file: _extensions/stamp/_extension.yml
title: stamp
author: James Joseph Balamuta
version: 0.0.0-dev.1
quarto-required: ">=1.6.0"
contributes:
  filters:
    - stamp.lua

Output created: _site/qstamp-faq.html

pandoc 
  to: html
  output-file: qstamp-custom-placement.html
  standalone: true
  title-prefix: colab
  section-divs: true
  html-math-method: mathjax
  wrap: none
  default-image-extension: png
  toc: true
  variables: {}
  
metadata
  document-css: false
  link-citations: true
  date-format: long
  lang: en
  engines:
    - path: /opt/quarto/share/extension-subtrees/julia-engine/_extensions/julia-engine/julia-engine.js
  title: Stamp Example
  stamp:
    level: minimal
    placement: custom
    placement-id: a-stamp-id
  
Reading YAML file: _extensions/stamp/_extension.yml
title: stamp
author: James Joseph Balamuta
version: 0.0.0-dev.1
quarto-required: ">=1.6.0"
contributes:
  filters:
    - stamp.lua

Output created: _site/qstamp-custom-placement.html

pandoc 
  to: html
  output-file: qstamp-release-notes.html
  standalone: true
  title-prefix: colab
  section-divs: true
  html-math-method: mathjax
  wrap: none
  default-image-extension: png
  toc: true
  variables: {}
  
metadata
  document-css: false
  link-citations: true
  date-format: long
  lang: en
  engines:
    - path: /opt/quarto/share/extension-subtrees/julia-engine/_extensions/julia-engine/julia-engine.js
  title: Release Notes
  date: 02-24-2024
  date-modified: last-modified
  
Output created: _site/qstamp-release-notes.html

