

processing file: template.qmd

1/5                  

2/5 [unnamed-chunk-1]

3/5                  

4/5 [fig-n-lights]   

5/5                  

output file: template.knit.md


Warning message:
Duplicated chunk option(s) 'label' in both chunk header and pipe comments of the chunk 'fig-n-lights'. 



processing file: template.qmd

1/5                  

2/5 [unnamed-chunk-1]

3/5                  

4/5 [fig-n-lights]   

5/5                  

output file: template.knit.md


Warning message:
Duplicated chunk option(s) 'label' in both chunk header and pipe comments of the chunk 'fig-n-lights'. 


Rendering PDF

running lualatex - 1

  This is LuaHBTeX, Version 1.24.0 (TeX Live 2026) 
   restricted system commands enabled.
  

running lualatex - 2

  This is LuaHBTeX, Version 1.24.0 (TeX Live 2026) 
   restricted system commands enabled.
  



(ERROR) NotFound: No such file or directory (os error 2): open '/home/runner/work/quarto-extensions/quarto-extensions/test-2/repo/template.tex'

Stack trace:
    at Object.open (ext:deno_fs/30_fs.js:541:21)
    at processLines (file:///opt/quarto/bin/quarto.js:89436:27)
    at file:///opt/quarto/bin/quarto.js:89415:11
    at Object.complete (file:///opt/quarto/bin/quarto.js:130894:33)
    at eventLoopTick (ext:core/01_core.js:179:7)
    at async Object.onPostProcess (file:///opt/quarto/bin/quarto.js:136797:28)
    at async renderFileInternal (file:///opt/quarto/bin/quarto.js:136781:3)
    at async renderFiles (file:///opt/quarto/bin/quarto.js:136500:9)
    at async renderProject (file:///opt/quarto/bin/quarto.js:137069:23)
    at async _Command.actionHandler (file:///opt/quarto/bin/quarto.js:142399:24)
    at async _Command.execute (file:///opt/quarto/bin/quarto.js:102022:7)
    at async _Command.parseCommand (file:///opt/quarto/bin/quarto.js:101899:14)
    at async quarto4 (file:///opt/quarto/bin/quarto.js:187518:5)
    at async file:///opt/quarto/bin/quarto.js:187546:5
    at async file:///opt/quarto/bin/quarto.js:187401:14
    at async mainRunner (file:///opt/quarto/bin/quarto.js:187403:5)
    at async file:///opt/quarto/bin/quarto.js:187539:3

