pandoc 

  to: revealjs
  from: markdown-auto_identifiers+emoji
  output-file: template.html
  standalone: true
  embed-resources: true
  wrap: none
  default-image-extension: png
  html-math-method:
    method: mathjax
    url: >-
      https://cdn.jsdelivr.net/npm/mathjax@2.7.9/MathJax.js?config=TeX-AMS_HTML-full
  slide-level: 2
  variables: {}
  

metadata

  link-citations: true
  width: 1050
  height: 700
  margin: 0.1
  center: false
  navigationMode: linear
  controlsLayout: edges
  controlsTutorial: false
  hash: true
  history: true
  hashOneBasedIndex: false
  fragmentInURL: false
  transition: fade
  backgroundTransition: slide
  pdfSeparateFragments: false
  lang: de
  auto-stretch: true
  theme:
    - _extensions/hsnr/HSNR.scss
  date-format: DD.MM.YYYY
  csl: _extensions/hsnr/apa-single-spaced.csl
  logo: _extensions/hsnr/HSNLogo_quadrat2.jpg
  slideNumber: true
  scrollable: true
  citations-hover: true
  footnotes-hover: true
  controls: true
  hash-type: number
  hideInactiveCursor: true
  hideCursorTime: 200
  engines:
    - path: /opt/quarto/share/extension-subtrees/julia-engine/_extensions/julia-engine/julia-engine.js
  title: Quarto und Revealjs
  subtitle: Eine kurze Einführung
  author:
    - name: Prof. Dr. Klara Aufbau
  institute: Fachbereich Gesundheitswesen
  modul: M3 Spezialwissen 2024
  kohorte: MHC
  date: '2004-12-21'
  bibliography:
    - literatur.bib
  footer: Prof. Dr. Theo Rethisch | Fachbereich 10 | Hochschule Niederrhein
  

[WARNING] 
Could not fetch resource _extensions/produnis/hsnr/KreisschwungKrefeld.png
[WARNING] Cou
ld not fetch resource _extensions/produnis/hsnr/K
reisschwungKrefeld.png

[WAR
NING] Could not fetch resource 
_extensions/produnis/hsnr/Hochsch
ule_niederrhein.png

[WA
RNING] Could 
not fetc
h resou
rce _ex
tension
s/prod
unis/hs
nr/befo
reyous
tartit
snoteasy
.jpg

[W
ARNING] C
ould n
ot fetc
h reso
urce _
extens
ions/pr
odunis
/hsnr
/before
yousta
rtitsnot
easy.j
pg

[W
ARNING] Co
uld no
t fet
ch re
source 
_exte
nsion
s/pro
dunis
/hsnr/
letzt
efoli
e1.we
bp

[WARN
ING] 
Could
 not f
etch 
resou
rce _
exten
sions
/prod
unis/
hsnr/
letztef
olie2.
webp

[W
ARNING]
 Could n
ot fe
tch res
ource
 _ex
tensi
ons/p
rodu
nis/h
snr/
Krefe
ldCam
pus_n
ight
.webp

[WARNING] Could not fetch resource _extensions/produnis/hsnr/HSNLogo_quadrat2.jpg
[WARNING] Could not fetch resource _extensions/produnis/hsnr/GebauedeH_Rand.webp
[WARNING] Could not fetch resource _extensions/produnis/hsnr/HSNLogo_quadrat2.jpg
[WARNING] Could not fetch resource _extensions/produnis/hsnr/bibliothek.webp

Output created: template.html


