pandoc 

  to: html
  output-file: template.html
  standalone: true
  section-divs: true
  html-math-method: mathjax
  wrap: none
  default-image-extension: png
  variables: {}
  

metadata

  document-css: false
  link-citations: true
  date-format: long
  lang: en
  title: Example article for AAAI 2026 using Quarto
  author:
    - name: Max Mustermann
      orcid: 0000-0000-0000-0000
      email: name@example.com
      affiliation:
        - ref: 1
    - name: Author Two
      orcid: 0000-0000-0000-0001
      email: name2@example.com
      affiliation:
        - ref: 1
  affiliations:
    - id: 1
      name: Association for the Advancement of Artificial Intelligence
      department: Data Science and its Applications
      address: 1101 Pennsylvania Ave, NW Suite 300
      city: Washington
      country: USA
      state: DC
      url: https://aaai.org
  abstract: |
    AAAI creates proceedings, working notes, and technical reports directly from electronic source furnished by the authors. To ensure that all papers in the publication have a uniform appearance, authors must adhere to the following instructions.
  links:
    - name: Code
      url: https://aaai.org/example/code
    - name: Datasets
      url: https://aaai.org/example/datasets
  keywords:
    - template
    - demo
  bibliography:
    - bibliography.bib
  

Output created: template.html


