Cloning into 'repo'...
Error adding css vars block SCSSParsingError: SCSS Parsing Error: Selector ("class") expected "identifier" or "interpolation" (2774:29)
    at cssVarsBlock (file:///opt/quarto/bin/quarto.js:87073:15)
    at file:///opt/quarto/bin/quarto.js:87619:35
    at file:///opt/quarto/bin/quarto.js:87267:33
    at async handleVarsBlock (file:///opt/quarto/bin/quarto.js:87540:23)
    at async file:///opt/quarto/bin/quarto.js:87566:17
    at async SassCache.setFromHash (file:///opt/quarto/bin/quarto.js:80003:11)
    at async compileSass (file:///opt/quarto/bin/quarto.js:87378:19)
    at async revealTheme (file:///opt/quarto/bin/quarto.js:184293:15)
    at async Object.formatExtras (file:///opt/quarto/bin/quarto.js:184450:23)
    at async runPandoc (file:///opt/quarto/bin/quarto.js:129197:56)
    at async renderPandoc (file:///opt/quarto/bin/quarto.js:130898:24)
    at async Object.onRender (file:///opt/quarto/bin/quarto.js:136948:30)
    at async renderFileInternal (file:///opt/quarto/bin/quarto.js:136925:9)
    at async renderFiles (file:///opt/quarto/bin/quarto.js:136656:9)
    at async render (file:///opt/quarto/bin/quarto.js:142310:19)
    at async _Command.actionHandler (file:///opt/quarto/bin/quarto.js:142555:24)
    at async _Command.execute (file:///opt/quarto/bin/quarto.js:102057:7)
    at async _Command.parseCommand (file:///opt/quarto/bin/quarto.js:101934:14)
    at async quarto4 (file:///opt/quarto/bin/quarto.js:187809:5)
    at async file:///opt/quarto/bin/quarto.js:187838:5
    at async file:///opt/quarto/bin/quarto.js:187692:14
    at async mainRunner (file:///opt/quarto/bin/quarto.js:187694:5)
    at async file:///opt/quarto/bin/quarto.js:187831:3
The resulting CSS file will not have SCSS color variables exported as CSS.
This is likely a Quarto bug.
Please consider reporting it at https://github.com/quarto-dev/quarto-cli,
along with the _quarto_internal_scss_error.scss file that can be found in the current working directory.
pandoc 
  to: revealjs
  output-file: template.html
  standalone: true
  wrap: none
  default-image-extension: png
  html-math-method:
    method: mathjax
    url: >-
      https://cdn.jsdelivr.net/npm/mathjax@2.7.9/MathJax.js?config=TeX-AMS_HTML-full
  slide-level: 2
  variables:
    quarto:
      language:
        toc-title-document: Table of contents
        toc-title-website: On this page
        related-formats-title: Other Formats
        related-notebooks-title: Notebooks
        source-notebooks-prefix: Source
        other-links-title: Other Links
        code-links-title: Code Links
        launch-dev-container-title: Launch Dev Container
        launch-binder-title: Launch Binder
        article-notebook-label: Article Notebook
        notebook-preview-download: Download Notebook
        notebook-preview-download-src: Download Source
        notebook-preview-back: Back to Article
        manuscript-meca-bundle: MECA Bundle
        section-title-abstract: Abstract
        section-title-appendices: Appendices
        section-title-footnotes: Footnotes
        section-title-references: References
        section-title-reuse: Reuse
        section-title-copyright: Copyright
        section-title-citation: Citation
        appendix-attribution-cite-as: 'For attribution, please cite this work as:'
        appendix-attribution-bibtex: 'BibTeX citation:'
        appendix-view-license: View License
        title-block-author-single: Author
        title-block-author-plural: Authors
        title-block-affiliation-single: Affiliation
        title-block-affiliation-plural: Affiliations
        title-block-published: Published
        title-block-modified: Modified
        title-block-keywords: Keywords
        callout-tip-title: Tip
        callout-note-title: Note
        callout-warning-title: Warning
        callout-important-title: Important
        callout-caution-title: Caution
        code-summary: Code
        code-tools-menu-caption: Code
        code-tools-show-all-code: Show All Code
        code-tools-hide-all-code: Hide All Code
        code-tools-view-source: View Source
        code-tools-source-code: Source Code
        tools-share: Share
        tools-download: Download
        code-line: Line
        code-lines: Lines
        copy-button-tooltip: Copy to Clipboard
        copy-button-tooltip-success: Copied!
        repo-action-links-edit: Edit this page
        repo-action-links-source: View source
        repo-action-links-issue: Report an issue
        back-to-top: Back to top
        search-no-results-text: No results
        search-matching-documents-text: matching documents
        search-copy-link-title: Copy link to search
        search-hide-matches-text: Hide additional matches
        search-more-match-text: more match in this document
        search-more-matches-text: more matches in this document
        search-clear-button-title: Clear
        search-text-placeholder: ''
        search-detached-cancel-button-title: Cancel
        search-submit-button-title: Submit
        search-label: Search
        toggle-section: Toggle section
        toggle-sidebar: Toggle sidebar navigation
        toggle-dark-mode: Toggle dark mode
        toggle-reader-mode: Toggle reader mode
        toggle-navigation: Toggle navigation
        crossref-fig-title: Figure
        crossref-tbl-title: Table
        crossref-lst-title: Listing
        crossref-thm-title: Theorem
        crossref-lem-title: Lemma
        crossref-cor-title: Corollary
        crossref-prp-title: Proposition
        crossref-cnj-title: Conjecture
        crossref-def-title: Definition
        crossref-exm-title: Example
        crossref-exr-title: Exercise
        crossref-ch-prefix: Chapter
        crossref-apx-prefix: Appendix
        crossref-sec-prefix: Section
        crossref-eq-prefix: Equation
        crossref-lof-title: List of Figures
        crossref-lot-title: List of Tables
        crossref-lol-title: List of Listings
        environment-proof-title: Proof
        environment-remark-title: Remark
        environment-solution-title: Solution
        listing-page-order-by: Order By
        listing-page-order-by-default: Default
        listing-page-order-by-date-asc: Oldest
        listing-page-order-by-date-desc: Newest
        listing-page-order-by-number-desc: High to Low
        listing-page-order-by-number-asc: Low to High
        listing-page-field-date: Date
        listing-page-field-title: Title
        listing-page-field-description: Description
        listing-page-field-author: Author
        listing-page-field-filename: File Name
        listing-page-field-filemodified: Modified
        listing-page-field-subtitle: Subtitle
        listing-page-field-readingtime: Reading Time
        listing-page-field-wordcount: Word Count
        listing-page-field-categories: Categories
        listing-page-minutes-compact: '{0} min'
        listing-page-category-all: All
        listing-page-no-matches: No matching items
        listing-page-words: '{0} words'
        listing-page-filter: Filter
        draft: Draft
  
metadata
  link-citations: true
  width: 1050
  height: 700
  margin: 0.1
  center: false
  navigationMode: linear
  controlsLayout: edges
  controlsTutorial: false
  hash: true
  history: true
  hashOneBasedIndex: false
  fragmentInURL: false
  transition: none
  backgroundTransition: none
  pdfSeparateFragments: false
  lang: en
  auto-stretch: true
  theme:
    - default
    - _extensions/illinois/imtheme.scss
  slideNumber: true
  date-format: long
  logo: _extensions/illinois/logo-illinois-block-i.png
  title: Overview of the Illinois Revealjs Theme
  subtitle: Your Course - Semester YYYY @ Illinois
  author: First Last
  date: last-modified
  
Output created: template.html

