

processing file: index.qmd

1/1

output file: index.knit.md


FATAL (/opt/quarto/share/filters/main.lua:3760) An error occurred:
Could not run /home/runner/work/quarto-extensions/quarto-extensions/test-6/repo/docs/panelize as a JSON filter.
Please make sure the file exists and is executable.

Did you intend 'panelize' as a Lua filter in an extension?
If so, make sure you've spelled the name of the extension correctly.

The original Pandoc error follows below.
Error running filter /home/runner/work/quarto-extensions/quarto-extensions/test-6/repo/docs/panelize:
Could not find executable /home/runner/work/quarto-extensions/quarto-extensions/test-6/repo/docs/panelize

Error running fil
ter /opt/quarto/share/filters/main.lua:
/opt/quarto/share/filters/main.lua:
588: FATAL QUARTO ERROR
stack traceback:
	/opt/qua
rto/share/filters/main.lua:2622: 
in function 'fatal'
	/opt/quarto/s
hare/filters/main.lua:2202: in functio
n 'fail'
	/opt/quarto/share/filters/main.l
ua:3760: in field 'Pandoc'
	/opt/qu
arto/share/filters/main.lua:58
8: in function 'run_emulat
ed_filter'
	/opt/quarto/sh
are/filters/main.lua:131
7: in local 'callback'
	/
opt/quarto/share/filters
/main.lua:1335: in upval
ue 'run_emulated_filter_c
hain'
	/opt/quarto/share/filters
/main.lua:1371: in funct
ion </opt/quarto/share
/filters/main.lua:1368>

(WARN) Error encountered when rendering files

