pandoc 

  to: html
  output-file: README.html
  standalone: true
  section-divs: true
  html-math-method: mathjax
  wrap: none
  default-image-extension: png
  toc: true
  variables: {}
  

metadata

  document-css: false
  link-citations: true
  date-format: long
  lang: en
  title: Bluesky Comments For Quarto
  toc-level: 2
  toc-location: right
  toc-title: bluesky-comments
  code-links:
    - text: gadenbuie/quarto-bluesky-comments
      href: https://github.com/gadenbuie/quarto-bluesky-comments
      icon: github
    - text: Question or Issue?
      href: https://github.com/gadenbuie/quarto-bluesky-comments/issues/new
      icon: question-circle-fill
  

Output created: README.html


