pandoc 

  to: latex
  output-file: example.tex
  standalone: true
  pdf-engine: lualatex
  variables:
    graphics: true
    tables: true
  default-image-extension: pdf
  toc: true
  cite-method: biblatex
  

metadata

  block-headings: true
  date-format: full
  documentclass: article
  papersize: letter
  fontsize: 12pt
  geometry:
    - top=1in
    - bottom=1in
    - left=1in
    - right=1in
  colorlinks: true
  linkcolor: DarkSlateBlue
  urlcolor: DarkSlateBlue
  citecolor: DarkSlateBlue
  link-citation: true
  biblio-title: References
  biblio-config: false
  biblatex-chicago: false
  biblio-style: apa
  biblatexoptions:
    - backend=biber
  indent: true
  engines:
    - path: /opt/quarto/share/extension-subtrees/julia-engine/_extensions/julia-engine/julia-engine.js
  title: fancy-doc
  subtitle: A Quarto Extension
  author:
    - name: Damon C. Roberts
      affiliations:
        - name: Univeristy of Colorado Boulder
      email: damon.roberts-1@colorado.edu
  bibliography:
    - bibliography.bib
  


Rendering PDF

running lualatex - 1

  This is LuaHBTeX, Version 1.24.0 (TeX Live 2026) 
   restricted system commands enabled.
  

updating tlmgr



updating existing packages

finding package for setspace.sty

> 1 package to install

> installing setspace (1 of 1)

(WARN) Error encountered when rendering files

(ERROR) tlmgr returned a non zero status code
You don't have permission to change the installation in any way,
specifically, the directory /opt/tinytex/tlpkg/ is not writable.
Please run this program as administrator, or contact your local admin.
tlmgr: An error has occurred. See above messages. Exiting.


Stack trace:
    at renderFiles (file:///opt/quarto/bin/quarto.js:136526:49)
    at eventLoopTick (ext:core/01_core.js:179:7)
    at async render (file:///opt/quarto/bin/quarto.js:142154:19)
    at async _Command.actionHandler (file:///opt/quarto/bin/quarto.js:142399:24)
    at async _Command.execute (file:///opt/quarto/bin/quarto.js:102022:7)
    at async _Command.parseCommand (file:///opt/quarto/bin/quarto.js:101899:14)
    at async quarto4 (file:///opt/quarto/bin/quarto.js:187547:5)
    at async file:///opt/quarto/bin/quarto.js:187575:5
    at async file:///opt/quarto/bin/quarto.js:187430:14
    at async mainRunner (file:///opt/quarto/bin/quarto.js:187432:5)
    at async file:///opt/quarto/bin/quarto.js:187568:3

