Cloning into 'repo'...
Installing package into '/home/runner/work/quarto-extensions/quarto-extensions/test-1/R/x86_64-pc-linux-gnu-library/4.6'
(as 'lib' is unspecified)
trying URL 'https://packagemanager.posit.co/cran/latest/src/contrib/renv_1.2.3.tar.gz'
Content type 'binary/octet-stream' length 1375285 bytes (1.3 MB)
==================================================
downloaded 1.3 MB

* installing *source* package 'renv' ...
** this is package 'renv' version '1.2.3'
** package 'renv' successfully unpacked and MD5 sums checked
** using staged installation
** R
** inst
** byte-compile and prepare package for lazy loading
** help
*** installing help indices
*** copying figures
** building package indices
** installing vignettes
** testing if installed package can be loaded from temporary location
** checking absolute paths in shared objects and dynamic libraries
** testing if installed package can be loaded from final location
** testing if installed package keeps a record of temporary installation path
* DONE (renv)

The downloaded source packages are in
	'/tmp/RtmpOuDngb/downloaded_packages'
Installing package into '/home/runner/work/quarto-extensions/quarto-extensions/test-1/R/x86_64-pc-linux-gnu-library/4.6'
(as 'lib' is unspecified)
also installing the dependency 'later'

trying URL 'https://packagemanager.posit.co/cran/latest/src/contrib/later_1.4.8.tar.gz'
trying URL 'https://packagemanager.posit.co/cran/latest/src/contrib/quarto_1.5.1.tar.gz'
* installing *source* package 'later' ...
** this is package 'later' version '1.4.8'
** package 'later' successfully unpacked and MD5 sums checked
** using staged installation
** libs
using C compiler: 'gcc (Ubuntu 13.3.0-6ubuntu2~24.04.1) 13.3.0'
using C++ compiler: 'g++ (Ubuntu 13.3.0-6ubuntu2~24.04.1) 13.3.0'
installing to /home/runner/work/quarto-extensions/quarto-extensions/test-1/R/x86_64-pc-linux-gnu-library/4.6/00LOCK-later/00new/later/libs
** R
** inst
** byte-compile and prepare package for lazy loading
** help
*** installing help indices
** building package indices
** installing vignettes
** testing if installed package can be loaded from temporary location
** checking absolute paths in shared objects and dynamic libraries
** testing if installed package can be loaded from final location
** testing if installed package keeps a record of temporary installation path
* DONE (later)
* installing *source* package 'quarto' ...
** this is package 'quarto' version '1.5.1'
** package 'quarto' successfully unpacked and MD5 sums checked
** using staged installation
** R
** inst
** byte-compile and prepare package for lazy loading
** help
*** installing help indices
*** copying figures
** building package indices
** installing vignettes
** testing if installed package can be loaded from temporary location
** testing if installed package can be loaded from final location
** testing if installed package keeps a record of temporary installation path
* DONE (quarto)

The downloaded source packages are in
	'/tmp/RtmpOuDngb/downloaded_packages'


processing file: template.qmd
1/3              
2/3 [fig-density]
3/3              
output file: template.knit.md

pandoc 
  to: latex
  output-file: template.tex
  standalone: true
  pdf-engine: pdflatex
  variables:
    graphics: true
    tables: true
    quarto:
      language:
        toc-title-document: Table of contents
        toc-title-website: On this page
        related-formats-title: Other Formats
        related-notebooks-title: Notebooks
        source-notebooks-prefix: Source
        other-links-title: Other Links
        code-links-title: Code Links
        launch-dev-container-title: Launch Dev Container
        launch-binder-title: Launch Binder
        article-notebook-label: Article Notebook
        notebook-preview-download: Download Notebook
        notebook-preview-download-src: Download Source
        notebook-preview-back: Back to Article
        manuscript-meca-bundle: MECA Bundle
        section-title-abstract: Abstract
        section-title-appendices: Appendices
        section-title-footnotes: Footnotes
        section-title-references: References
        section-title-reuse: Reuse
        section-title-copyright: Copyright
        section-title-citation: Citation
        appendix-attribution-cite-as: 'For attribution, please cite this work as:'
        appendix-attribution-bibtex: 'BibTeX citation:'
        appendix-view-license: View License
        title-block-author-single: Author
        title-block-author-plural: Authors
        title-block-affiliation-single: Affiliation
        title-block-affiliation-plural: Affiliations
        title-block-published: Published
        title-block-modified: Modified
        title-block-keywords: Keywords
        callout-tip-title: Tip
        callout-note-title: Note
        callout-warning-title: Warning
        callout-important-title: Important
        callout-caution-title: Caution
        code-summary: Code
        code-tools-menu-caption: Code
        code-tools-show-all-code: Show All Code
        code-tools-hide-all-code: Hide All Code
        code-tools-view-source: View Source
        code-tools-source-code: Source Code
        tools-share: Share
        tools-download: Download
        code-line: Line
        code-lines: Lines
        copy-button-tooltip: Copy to Clipboard
        copy-button-tooltip-success: Copied!
        repo-action-links-edit: Edit this page
        repo-action-links-source: View source
        repo-action-links-issue: Report an issue
        back-to-top: Back to top
        search-no-results-text: No results
        search-matching-documents-text: matching documents
        search-copy-link-title: Copy link to search
        search-hide-matches-text: Hide additional matches
        search-more-match-text: more match in this document
        search-more-matches-text: more matches in this document
        search-clear-button-title: Clear
        search-text-placeholder: ''
        search-detached-cancel-button-title: Cancel
        search-submit-button-title: Submit
        search-label: Search
        toggle-section: Toggle section
        toggle-sidebar: Toggle sidebar navigation
        toggle-dark-mode: Toggle dark mode
        toggle-reader-mode: Toggle reader mode
        toggle-navigation: Toggle navigation
        crossref-fig-title: Figure
        crossref-tbl-title: Table
        crossref-lst-title: Listing
        crossref-thm-title: Theorem
        crossref-lem-title: Lemma
        crossref-cor-title: Corollary
        crossref-prp-title: Proposition
        crossref-cnj-title: Conjecture
        crossref-def-title: Definition
        crossref-exm-title: Example
        crossref-exr-title: Exercise
        crossref-ch-prefix: Chapter
        crossref-apx-prefix: Appendix
        crossref-sec-prefix: Section
        crossref-eq-prefix: Equation
        crossref-lof-title: List of Figures
        crossref-lot-title: List of Tables
        crossref-lol-title: List of Listings
        environment-proof-title: Proof
        environment-remark-title: Remark
        environment-solution-title: Solution
        listing-page-order-by: Order By
        listing-page-order-by-default: Default
        listing-page-order-by-date-asc: Oldest
        listing-page-order-by-date-desc: Newest
        listing-page-order-by-number-desc: High to Low
        listing-page-order-by-number-asc: Low to High
        listing-page-field-date: Date
        listing-page-field-title: Title
        listing-page-field-description: Description
        listing-page-field-author: Author
        listing-page-field-filename: File Name
        listing-page-field-filemodified: Modified
        listing-page-field-subtitle: Subtitle
        listing-page-field-readingtime: Reading Time
        listing-page-field-wordcount: Word Count
        listing-page-field-categories: Categories
        listing-page-minutes-compact: '{0} min'
        listing-page-category-all: All
        listing-page-no-matches: No matching items
        listing-page-words: '{0} words'
        listing-page-filter: Filter
        draft: Draft
    secnumdepth: 2
  default-image-extension: pdf
  toc: false
  cite-method: biblatex
  number-sections: true
  
metadata
  block-headings: false
  documentclass: article
  papersize: a4
  fontsize: 11pt
  date: today
  date-format: D MMMM YYYY
  geometry:
    - top=2.4cm
    - bottom=2.4cm
    - left=2.5cm
    - right=2.5cm
  biblio-style: authoryear-comp
  colorlinks: true
  number-depth: 2
  linestretch: 1.5
  knitr:
    opts_chunk:
      echo: false
      warning: false
      message: false
  title: Expert advice from experts
  author:
    - name: Professor Marie Curie
      degrees: Nobel Prize, PhD
      email: mcurie.notreal@gmail.com
    - name: Dr Pierre Curie
      degrees: Nobel Prize, PhD
  phone: (03) 9905 2478
  email: BusEco-Econometrics@monash.edu
  organization: Acme Corporation
  bibliography:
    - references.bib
  

Rendering PDF
running pdflatex - 1
  This is pdfTeX, Version 3.141592653-2.6-1.40.29 (TeX Live 2026) (preloaded format=pdflatex)
   restricted \write18 enabled.
  entering extended mode
  
updating tlmgr

updating existing packages
finding package for setspace.sty
> 1 package to install
> installing setspace (1 of 1)
  This is pdfTeX, Version 3.141592653-2.6-1.40.29 (TeX Live 2026) (preloaded format=pdflatex)
   restricted \write18 enabled.
  entering extended mode
  
finding package for biblatex.sty
> 1 package to install
> installing biblatex (1 of 1)
  This is pdfTeX, Version 3.141592653-2.6-1.40.29 (TeX Live 2026) (preloaded format=pdflatex)
   restricted \write18 enabled.
  entering extended mode
  
finding package for bera.sty
finding package for authoryear-comp.dbx
finding package for biblatex-dm.cfg
> 1 package to install
> installing bera (1 of 1)
  This is pdfTeX, Version 3.141592653-2.6-1.40.29 (TeX Live 2026) (preloaded format=pdflatex)
   restricted \write18 enabled.
  entering extended mode
  
finding package for mathdesign.sty
finding package for authoryear-comp.dbx
finding package for biblatex-dm.cfg
> 1 package to install
> installing mathdesign (1 of 1)
  This is pdfTeX, Version 3.141592653-2.6-1.40.29 (TeX Live 2026) (preloaded format=pdflatex)
   restricted \write18 enabled.
  entering extended mode
  
finding package for fontaxes.sty
finding package for authoryear-comp.dbx
finding package for biblatex-dm.cfg
> 1 package to install
> installing fontaxes (1 of 1)
  This is pdfTeX, Version 3.141592653-2.6-1.40.29 (TeX Live 2026) (preloaded format=pdflatex)
   restricted \write18 enabled.
  entering extended mode
  
finding package for fontawesome.sty
finding package for authoryear-comp.dbx
finding package for biblatex-dm.cfg
> 1 package to install
> installing fontawesome (1 of 1)
  This is pdfTeX, Version 3.141592653-2.6-1.40.29 (TeX Live 2026) (preloaded format=pdflatex)
   restricted \write18 enabled.
  entering extended mode
  
finding package for xpatch.sty
finding package for authoryear-comp.dbx
finding package for biblatex-dm.cfg
> 1 package to install
> installing xpatch (1 of 1)
  This is pdfTeX, Version 3.141592653-2.6-1.40.29 (TeX Live 2026) (preloaded format=pdflatex)
   restricted \write18 enabled.
  entering extended mode
  
finding package for microtype.sty
finding package for authoryear-comp.dbx
finding package for biblatex-dm.cfg
> 1 package to install
> installing microtype (1 of 1)
  This is pdfTeX, Version 3.141592653-2.6-1.40.29 (TeX Live 2026) (preloaded format=pdflatex)
   restricted \write18 enabled.
  entering extended mode
  
finding package for textpos.sty
finding package for authoryear-comp.dbx
finding package for biblatex-dm.cfg
> 1 package to install
> installing textpos (1 of 1)
  This is pdfTeX, Version 3.141592653-2.6-1.40.29 (TeX Live 2026) (preloaded format=pdflatex)
   restricted \write18 enabled.
  entering extended mode
  
finding package for texnansi.enc
finding package for authoryear-comp.dbx
finding package for biblatex-dm.cfg
finding package for template.bbl
> 1 package to install
> installing ly1 (1 of 1)
  This is pdfTeX, Version 3.141592653-2.6-1.40.29 (TeX Live 2026) (preloaded format=pdflatex)
   restricted \write18 enabled.
  entering extended mode
  
finding package for bchb8a.pfb
finding package for authoryear-comp.dbx
finding package for biblatex-dm.cfg
finding package for template.bbl
> 2 packages to install
> installing charter (1 of 2)
> installing tlgs (2 of 2)
WARN: Error encountered when rendering files
ERROR: tlmgr returned a non zero status code
tlmgr install: package tlgs not present in repository.
tlmgr: action install returned an error; continuing.
tlmgr: An error has occurred. See above messages. Exiting.


Stack trace:
    at renderFiles (file:///opt/quarto/bin/quarto.js:136682:49)
    at async render (file:///opt/quarto/bin/quarto.js:142310:19)
    at async _Command.actionHandler (file:///opt/quarto/bin/quarto.js:142555:24)
    at async _Command.execute (file:///opt/quarto/bin/quarto.js:102057:7)
    at async _Command.parseCommand (file:///opt/quarto/bin/quarto.js:101934:14)
    at async quarto4 (file:///opt/quarto/bin/quarto.js:187809:5)
    at async file:///opt/quarto/bin/quarto.js:187838:5
    at async file:///opt/quarto/bin/quarto.js:187692:14
    at async mainRunner (file:///opt/quarto/bin/quarto.js:187694:5)
    at async file:///opt/quarto/bin/quarto.js:187831:3
Render failed, retrying once...


processing file: template.qmd
1/3              
2/3 [fig-density]
3/3              
output file: template.knit.md

pandoc 
  to: latex
  output-file: template.tex
  standalone: true
  pdf-engine: pdflatex
  variables:
    graphics: true
    tables: true
    quarto:
      language:
        toc-title-document: Table of contents
        toc-title-website: On this page
        related-formats-title: Other Formats
        related-notebooks-title: Notebooks
        source-notebooks-prefix: Source
        other-links-title: Other Links
        code-links-title: Code Links
        launch-dev-container-title: Launch Dev Container
        launch-binder-title: Launch Binder
        article-notebook-label: Article Notebook
        notebook-preview-download: Download Notebook
        notebook-preview-download-src: Download Source
        notebook-preview-back: Back to Article
        manuscript-meca-bundle: MECA Bundle
        section-title-abstract: Abstract
        section-title-appendices: Appendices
        section-title-footnotes: Footnotes
        section-title-references: References
        section-title-reuse: Reuse
        section-title-copyright: Copyright
        section-title-citation: Citation
        appendix-attribution-cite-as: 'For attribution, please cite this work as:'
        appendix-attribution-bibtex: 'BibTeX citation:'
        appendix-view-license: View License
        title-block-author-single: Author
        title-block-author-plural: Authors
        title-block-affiliation-single: Affiliation
        title-block-affiliation-plural: Affiliations
        title-block-published: Published
        title-block-modified: Modified
        title-block-keywords: Keywords
        callout-tip-title: Tip
        callout-note-title: Note
        callout-warning-title: Warning
        callout-important-title: Important
        callout-caution-title: Caution
        code-summary: Code
        code-tools-menu-caption: Code
        code-tools-show-all-code: Show All Code
        code-tools-hide-all-code: Hide All Code
        code-tools-view-source: View Source
        code-tools-source-code: Source Code
        tools-share: Share
        tools-download: Download
        code-line: Line
        code-lines: Lines
        copy-button-tooltip: Copy to Clipboard
        copy-button-tooltip-success: Copied!
        repo-action-links-edit: Edit this page
        repo-action-links-source: View source
        repo-action-links-issue: Report an issue
        back-to-top: Back to top
        search-no-results-text: No results
        search-matching-documents-text: matching documents
        search-copy-link-title: Copy link to search
        search-hide-matches-text: Hide additional matches
        search-more-match-text: more match in this document
        search-more-matches-text: more matches in this document
        search-clear-button-title: Clear
        search-text-placeholder: ''
        search-detached-cancel-button-title: Cancel
        search-submit-button-title: Submit
        search-label: Search
        toggle-section: Toggle section
        toggle-sidebar: Toggle sidebar navigation
        toggle-dark-mode: Toggle dark mode
        toggle-reader-mode: Toggle reader mode
        toggle-navigation: Toggle navigation
        crossref-fig-title: Figure
        crossref-tbl-title: Table
        crossref-lst-title: Listing
        crossref-thm-title: Theorem
        crossref-lem-title: Lemma
        crossref-cor-title: Corollary
        crossref-prp-title: Proposition
        crossref-cnj-title: Conjecture
        crossref-def-title: Definition
        crossref-exm-title: Example
        crossref-exr-title: Exercise
        crossref-ch-prefix: Chapter
        crossref-apx-prefix: Appendix
        crossref-sec-prefix: Section
        crossref-eq-prefix: Equation
        crossref-lof-title: List of Figures
        crossref-lot-title: List of Tables
        crossref-lol-title: List of Listings
        environment-proof-title: Proof
        environment-remark-title: Remark
        environment-solution-title: Solution
        listing-page-order-by: Order By
        listing-page-order-by-default: Default
        listing-page-order-by-date-asc: Oldest
        listing-page-order-by-date-desc: Newest
        listing-page-order-by-number-desc: High to Low
        listing-page-order-by-number-asc: Low to High
        listing-page-field-date: Date
        listing-page-field-title: Title
        listing-page-field-description: Description
        listing-page-field-author: Author
        listing-page-field-filename: File Name
        listing-page-field-filemodified: Modified
        listing-page-field-subtitle: Subtitle
        listing-page-field-readingtime: Reading Time
        listing-page-field-wordcount: Word Count
        listing-page-field-categories: Categories
        listing-page-minutes-compact: '{0} min'
        listing-page-category-all: All
        listing-page-no-matches: No matching items
        listing-page-words: '{0} words'
        listing-page-filter: Filter
        draft: Draft
    secnumdepth: 2
  default-image-extension: pdf
  toc: false
  cite-method: biblatex
  number-sections: true
  
metadata
  block-headings: false
  documentclass: article
  papersize: a4
  fontsize: 11pt
  date: today
  date-format: D MMMM YYYY
  geometry:
    - top=2.4cm
    - bottom=2.4cm
    - left=2.5cm
    - right=2.5cm
  biblio-style: authoryear-comp
  colorlinks: true
  number-depth: 2
  linestretch: 1.5
  knitr:
    opts_chunk:
      echo: false
      warning: false
      message: false
  title: Expert advice from experts
  author:
    - name: Professor Marie Curie
      degrees: Nobel Prize, PhD
      email: mcurie.notreal@gmail.com
    - name: Dr Pierre Curie
      degrees: Nobel Prize, PhD
  phone: (03) 9905 2478
  email: BusEco-Econometrics@monash.edu
  organization: Acme Corporation
  bibliography:
    - references.bib
  

Rendering PDF
running pdflatex - 1
  This is pdfTeX, Version 3.141592653-2.6-1.40.29 (TeX Live 2026) (preloaded format=pdflatex)
   restricted \write18 enabled.
  entering extended mode
  
generating bibliography
command biber not found, attempting install
finding package for biber
> 1 package to install
> installing biber (1 of 1)
  INFO - This is Biber 2.21
  INFO - Logfile is 'template.blg'
  INFO - Reading 'template.bcf'
  INFO - Found 2 citekeys in bib section 0
  INFO - Processing section 0
  INFO - Looking for bibtex file 'references.bib' for section 0
  INFO - LaTeX decoding ...
  INFO - Found BibTeX data source 'references.bib'
  INFO - Overriding locale 'en-US' defaults 'variable = shifted' with 'variable = non-ignorable'
  INFO - Overriding locale 'en-US' defaults 'normalization = NFD' with 'normalization = prenormalized'
  INFO - Sorting list 'nyt/global//global/global/global' of type 'entry' with template 'nyt' and locale 'en-US'
  INFO - No sort tailoring available for locale 'en-US'
  INFO - Writing 'template.bbl' with encoding 'UTF-8'
  INFO - Output to template.bbl
  
running pdflatex - 2
  This is pdfTeX, Version 3.141592653-2.6-1.40.29 (TeX Live 2026) (preloaded format=pdflatex)
   restricted \write18 enabled.
  entering extended mode
  
running pdflatex - 3
  This is pdfTeX, Version 3.141592653-2.6-1.40.29 (TeX Live 2026) (preloaded format=pdflatex)
   restricted \write18 enabled.
  entering extended mode
  

Output created: template.pdf



processing file: README.qmd
1/3                  
2/3 [unnamed-chunk-1]
Error in `loadNamespace()`:
! there is no package called 'pdftools'
Backtrace:
     x
  1. +-magick::image_write(...)
  2. | \-magick:::assert_image(image)
  3. +-magick::image_convert(...)
  4. | \-magick:::assert_image(image)
  5. +-magick::image_montage(...)
  6. | \-magick:::assert_image(image)
  7. +-magick::image_read_pdf("template.pdf", pages = 1)
  8. | \-base::lapply(...)
  9. |   \-magick (local) FUN(X[[i]], ...)
 10. \-base::loadNamespace(x)
 11.   \-base::withRestarts(stop(cond), retry_loadNamespace = function() NULL)
 12.     \-base (local) withOneRestart(expr, restarts[[1L]])
 13.       \-base (local) doWithOneRestart(return(expr), restart)

Quitting from README.qmd:7-24 [unnamed-chunk-1]
Execution halted
WARN: Error encountered when rendering files
Render failed, retrying once...


processing file: README.qmd
1/3                  
2/3 [unnamed-chunk-1]
Error in `loadNamespace()`:
! there is no package called 'pdftools'
Backtrace:
     x
  1. +-magick::image_write(...)
  2. | \-magick:::assert_image(image)
  3. +-magick::image_convert(...)
  4. | \-magick:::assert_image(image)
  5. +-magick::image_montage(...)
  6. | \-magick:::assert_image(image)
  7. +-magick::image_read_pdf("template.pdf", pages = 1)
  8. | \-base::lapply(...)
  9. |   \-magick (local) FUN(X[[i]], ...)
 10. \-base::loadNamespace(x)
 11.   \-base::withRestarts(stop(cond), retry_loadNamespace = function() NULL)
 12.     \-base (local) withOneRestart(expr, restarts[[1L]])
 13.       \-base (local) doWithOneRestart(return(expr), restart)

Quitting from README.qmd:7-24 [unnamed-chunk-1]
Execution halted
WARN: Error encountered when rendering files
