Cloning into 'repo'...
pandoc 
  to: >-
    commonmark+autolink_bare_uris+emoji+footnotes+gfm_auto_identifiers+pipe_tables+strikeout+task_lists+tex_math_dollars
  output-file: README.md
  standalone: true
  default-image-extension: png
  variables: {}
  
metadata
  title: Accordion Panels for Quarto Websites
  description: Easily add Bootstrap accordion panels to your Quarto websites.
  
Output created: README.md

pandoc 
  to: html
  output-file: README.html
  standalone: true
  section-divs: true
  html-math-method: mathjax
  wrap: none
  default-image-extension: png
  toc: true
  variables: {}
  
metadata
  document-css: false
  link-citations: true
  date-format: long
  lang: en
  title: Accordion Panels for Quarto Websites
  description: Easily add Bootstrap accordion panels to your Quarto websites.
  toc-level: 2
  toc-location: right
  toc-title: panel-accordion
  code-links:
    - text: gadenbuie/quarto-panel-accordion
      href: https://github.com/gadenbuie/quarto-panel-accordion
      icon: github
    - text: Question or Issue?
      href: https://github.com/gadenbuie/quarto-panel-accordion/issues/new
      icon: question-circle-fill
  
Output created: README.html

pandoc 
  to: html
  output-file: example.html
  standalone: true
  section-divs: true
  html-math-method: mathjax
  wrap: none
  default-image-extension: png
  variables: {}
  
metadata
  document-css: false
  link-citations: true
  date-format: long
  lang: en
  title: Accordion Panel Example
  
Output created: example.html

