pandoc 

  to: html
  output-file: test.html
  standalone: true
  section-divs: true
  html-math-method: mathjax
  wrap: none
  default-image-extension: png
  variables: {}
  

metadata

  document-css: false
  link-citations: true
  date-format: long
  lang: en
  engines:
    - path: /opt/quarto/share/extension-subtrees/julia-engine/_extensions/julia-engine/julia-engine.js
  title: Kroki diagrams Test
  

  % Total    % Received % Xferd  Ave
rage Speed   Time    Time     Time  Current
                                 Dload  Upload   Total   Spent    Left  Speed
  0     0    0     0    0     0      0      0 --:--:-- --:--:-- --:--:--     0
 1485     34 --:--:-- --:--:-- --:--:--  1520100  1405  100  1373  100    32   1485     34 --:--:-- --:--:-- --:--:--  1518

  % Total    % Rec
eived % Xferd  Average Speed   Time    Time     Time  Current
                                 Dload  Upload   Total   Spent    Left  Speed
  0     0    0     0    0     0      0      0 --:--:-- --:--:
-- --:--:--     0
:--:-- --:--:-- --:--:--  6742100  3034  100  2954  100    80   6562    177 --:--:-- --:--:-- --:--:--  6727

  % Total    % Recei
ved % Xferd  Average Speed   Time    Time     Time  Current
                                 Dload  Upload   Total   Spent    Left  Speed
  0     0    0     0    0     0      0      0 --:--:-- --
:--:-- --:--:--     0
- --:--:-- --:--:--  2247

  % Total    % Rece
ived % Xferd  Average Speed   Time    Time     Time  Current
                                 Dload  Upload   Total   Spent    Left  Sp
eed
  0     0    0     0    0     0      0      0 --:--:-
- --:--:-- --:--:--     0
:-- --:--:-- --:--:--   469
--:-- --:--:-- --:--:--  2086

Output created: test.html


