Cloning into 'repo'...
Installing package into '/home/runner/work/quarto-extensions/quarto-extensions/test-0/R/x86_64-pc-linux-gnu-library/4.5'
(as 'lib' is unspecified)
trying URL 'https://packagemanager.posit.co/cran/latest/src/contrib/renv_1.2.1.tar.gz'
Content type 'binary/octet-stream' length 1357218 bytes (1.3 MB)
==================================================
downloaded 1.3 MB

* installing *source* package 'renv' ...
** this is package 'renv' version '1.2.1'
** package 'renv' successfully unpacked and MD5 sums checked
** using staged installation
** R
** inst
** byte-compile and prepare package for lazy loading
** help
*** installing help indices
*** copying figures
** building package indices
** installing vignettes
** testing if installed package can be loaded from temporary location
** checking absolute paths in shared objects and dynamic libraries
** testing if installed package can be loaded from final location
** testing if installed package keeps a record of temporary installation path
* DONE (renv)

The downloaded source packages are in
	'/tmp/RtmpQJuNI1/downloaded_packages'


processing file: template.qmd
1/5            
2/5 [fig-sepal]
3/5            
4/5 [fig-petal]
5/5            
output file: template.knit.md

pandoc 
  to: typst
  output-file: template.typ
  standalone: true
  default-image-extension: svg
  wrap: none
  citeproc: false
  variables: {}
  
metadata
  mainfont:
    - Spectral
    - Crimson
    - Crimson Text
  codefont:
    - Fira Code
  date-format: long
  linestretch: 1.25
  linkcolor: '#800000'
  bibliographystyle: chicago-author-date
  biblio-title: References
  title-page: false
  blind: false
  section-numbering: 1.1.
  engines:
    - path: /opt/quarto/share/extension-subtrees/julia-engine/_extensions/julia-engine/julia-engine.js
  title: '`ctk-article` Example'
  subtitle: With Typst
  author:
    - name: Author One
      affiliations:
        - name: An Organization
          department: Government
        - country: USA
      email: email@email.com
      orcid: 0000-0000-0000-0000
    - name: Author Two
      affiliations:
        - Affiliation B
        - country: USA
    - name: Author Three
      affiliations:
        - country: USA
      email: email2@email.com
    - name: Author Four
      affiliations:
        - country: New Row
      email: email3@email.com
  date: today
  abstract: |
    Abstracts can be included in documents in the YAML.
    The `ctk-article` format is a multipurpose article format that uses `Typst` in
    the backend.
  keywords:
    - paper
    - abstract
    - typst
  thanks: Thanks to you for downloading this.
  bibliography:
    - bibliography.bib
  functions:
    - titled-raw-block
    - text
  
WARN: typst-gather analyze failed; staging all packages as fallback
[typst]: Compiling template.typ to template.pdf...error: Uncaught (in promise) TypeError: Writable stream is closed or errored.
      process4.stdin.close();
                     ^
    at writableStreamClose (ext:deno_web/06_streams.js:4352:7)
    at WritableStream.close (ext:deno_web/06_streams.js:6466:12)
    at execProcess (file:///opt/quarto/bin/quarto.js:7857:22)
    at eventLoopTick (ext:core/01_core.js:179:7)
    at async runAnalyze (file:///opt/quarto/bin/quarto.js:135839:19)
    at async analyzeNeededPackages (file:///opt/quarto/bin/quarto.js:135888:21)
    at async stageTypstPackages (file:///opt/quarto/bin/quarto.js:135939:26)
    at async Object.complete (file:///opt/quarto/bin/quarto.js:135977:27)
    at async file:///opt/quarto/bin/quarto.js:130926:23
    at async withTimingAsync (file:///opt/quarto/bin/quarto.js:15990:21)
    at async Object.complete (file:///opt/quarto/bin/quarto.js:130912:7)
    at async Object.onPostProcess (file:///opt/quarto/bin/quarto.js:136894:28)
    at async renderFileInternal (file:///opt/quarto/bin/quarto.js:136878:3)
    at async renderFiles (file:///opt/quarto/bin/quarto.js:136597:9)
    at async render (file:///opt/quarto/bin/quarto.js:142251:19)
    at async _Command.actionHandler (file:///opt/quarto/bin/quarto.js:142496:24)
    at async _Command.execute (file:///opt/quarto/bin/quarto.js:102027:7)
    at async _Command.parseCommand (file:///opt/quarto/bin/quarto.js:101904:14)
    at async quarto4 (file:///opt/quarto/bin/quarto.js:187717:5)
    at async file:///opt/quarto/bin/quarto.js:187746:5
    at async file:///opt/quarto/bin/quarto.js:187600:14
    at async mainRunner (file:///opt/quarto/bin/quarto.js:187602:5)
    at async file:///opt/quarto/bin/quarto.js:187739:3
Render failed, retrying once...


processing file: template.qmd
1/5            
2/5 [fig-sepal]
3/5            
4/5 [fig-petal]
5/5            
output file: template.knit.md

pandoc 
  to: typst
  output-file: template.typ
  standalone: true
  default-image-extension: svg
  wrap: none
  citeproc: false
  variables: {}
  
metadata
  mainfont:
    - Spectral
    - Crimson
    - Crimson Text
  codefont:
    - Fira Code
  date-format: long
  linestretch: 1.25
  linkcolor: '#800000'
  bibliographystyle: chicago-author-date
  biblio-title: References
  title-page: false
  blind: false
  section-numbering: 1.1.
  engines:
    - path: /opt/quarto/share/extension-subtrees/julia-engine/_extensions/julia-engine/julia-engine.js
  title: '`ctk-article` Example'
  subtitle: With Typst
  author:
    - name: Author One
      affiliations:
        - name: An Organization
          department: Government
        - country: USA
      email: email@email.com
      orcid: 0000-0000-0000-0000
    - name: Author Two
      affiliations:
        - Affiliation B
        - country: USA
    - name: Author Three
      affiliations:
        - country: USA
      email: email2@email.com
    - name: Author Four
      affiliations:
        - country: New Row
      email: email3@email.com
  date: today
  abstract: |
    Abstracts can be included in documents in the YAML.
    The `ctk-article` format is a multipurpose article format that uses `Typst` in
    the backend.
  keywords:
    - paper
    - abstract
    - typst
  thanks: Thanks to you for downloading this.
  bibliography:
    - bibliography.bib
  functions:
    - titled-raw-block
    - text
  
WARN: typst-gather analyze failed; staging all packages as fallback
[typst]: Compiling template.typ to template.pdf...error: Uncaught (in promise) TypeError: Writable stream is closed or errored.
      process4.stdin.close();
                     ^
    at writableStreamClose (ext:deno_web/06_streams.js:4352:7)
    at WritableStream.close (ext:deno_web/06_streams.js:6466:12)
    at execProcess (file:///opt/quarto/bin/quarto.js:7857:22)
    at eventLoopTick (ext:core/01_core.js:179:7)
    at async runAnalyze (file:///opt/quarto/bin/quarto.js:135839:19)
    at async analyzeNeededPackages (file:///opt/quarto/bin/quarto.js:135888:21)
    at async stageTypstPackages (file:///opt/quarto/bin/quarto.js:135939:26)
    at async Object.complete (file:///opt/quarto/bin/quarto.js:135977:27)
    at async file:///opt/quarto/bin/quarto.js:130926:23
    at async withTimingAsync (file:///opt/quarto/bin/quarto.js:15990:21)
    at async Object.complete (file:///opt/quarto/bin/quarto.js:130912:7)
    at async Object.onPostProcess (file:///opt/quarto/bin/quarto.js:136894:28)
    at async renderFileInternal (file:///opt/quarto/bin/quarto.js:136878:3)
    at async renderFiles (file:///opt/quarto/bin/quarto.js:136597:9)
    at async render (file:///opt/quarto/bin/quarto.js:142251:19)
    at async _Command.actionHandler (file:///opt/quarto/bin/quarto.js:142496:24)
    at async _Command.execute (file:///opt/quarto/bin/quarto.js:102027:7)
    at async _Command.parseCommand (file:///opt/quarto/bin/quarto.js:101904:14)
    at async quarto4 (file:///opt/quarto/bin/quarto.js:187717:5)
    at async file:///opt/quarto/bin/quarto.js:187746:5
    at async file:///opt/quarto/bin/quarto.js:187600:14
    at async mainRunner (file:///opt/quarto/bin/quarto.js:187602:5)
    at async file:///opt/quarto/bin/quarto.js:187739:3
