Cloning into 'repo'...


processing file: template.qmd
1/3                  
2/3 [unnamed-chunk-1]
3/3                  
output file: template.knit.md

pandoc 
  to: html
  output-file: template.html
  standalone: true
  section-divs: true
  html-math-method: mathjax
  wrap: none
  default-image-extension: png
  css:
    - _extensions/sketchy/theme.css
  toc: true
  variables: {}
  
metadata
  document-css: false
  link-citations: true
  date-format: long
  lang: en
  mainfont: Pangolin
  theme:
    - default
    - _extensions/sketchy/sketchy.scss
  footer: |
    <a href="https://mr.schochastics.net">theme by schochastics</a>
  title: Quarto Sketchy Theme
  subtitle: for html documents
  author: David Schoch
  date: today
  institute: GESIS - Leibniz Institute for the Social Sciences
  
Output created: template.html

