

processing file: index.qmd

1/1

output file: index.knit.md


FATAL (/opt/quarto/share/filters/main.lua:3760) An error occurred:
Could not run /home/runner/work/quarto-extensions/quarto-extensions/test-6/repo/docs/panelize as a JSON filter.
Please make sure the file exists and is executable.

Did you intend 'panelize' as a Lua filter in an extension?
If so, make sure you've spelled the name of the extension correctly.

The original Pandoc error follows below.
Error running filter /home/runner/work/quarto-extensions/quarto-extensions/test-6/repo/docs/panelize:
Could not find executable /home/runner/work/quarto-extensions/quarto-extensions/test-6/repo/docs/panelize

Error ru
nning filter /opt/quarto/share/filters/main.lua:
/opt/qua
rto/share/filters/main.lua:588: FATAL QUART
O ERROR
stack traceback:
	/opt/quarto/s
hare/filters/main.lua:2622: in function 'fata
l'
	/opt/quarto/share/filters/main.lua:
2202: in function 'fail'
	/opt/
quarto/share/filters/main.l
ua:3760: in field 'Pando
c'
	/opt/quarto/share/
filters/main.lua:588: i
n function 'run_emulate
d_filter'
	/opt/quart
o/share/filters/main.l
ua:1317: in local 'ca
llback'
	/opt/quarto/share
/filters/main.lua:1335
: in upvalue 'run_emu
lated_filter_chain'
	/opt/q
uarto/share/filters/ma
in.lua:1371: in funct
ion </opt/quarto/sha
re/filters/main.lua
:1368>

(WARN) Error encountered when rendering files

