Running script './copy_extension.sh'

> closeread extension retrieved





processing file: index.qmd

1/9                  

2/9 [unnamed-chunk-1]

3/9                  

4/9 [unnamed-chunk-2]

5/9                  

6/9 [unnamed-chunk-3]

7/9                  

8/9 [unnamed-chunk-4]

9/9                  

output file: index.knit.md




processing file: index.qmd

1/3                  

2/3 [unnamed-chunk-1]

3/3                  

output file: index.knit.md




processing file: index.qmd

1/11                  

2/11 [setup]          

3/11                  

4/11 [original-plot]  

5/11                  

6/11 [blank-plot]     

7/11                  

8/11 [no-species-plot]

9/11                  

10/11 [species-plot]   

11/11                  

output file: index.knit.md




Output created: _site/index.html


