Cloning into 'repo'...


processing file: example.qmd
1/17                  
2/17 [unnamed-chunk-1]
3/17                  
4/17 [unnamed-chunk-2]
Error in `library()`:
! there is no package called 'dplyr'
Backtrace:
    x
 1. \-base::library(dplyr)

Quitting from example.qmd:36-49 [unnamed-chunk-2]
Execution halted
WARN: Error encountered when rendering files
Render failed, retrying once...


processing file: example.qmd
1/17                  
2/17 [unnamed-chunk-1]
3/17                  
4/17 [unnamed-chunk-2]
Error in `library()`:
! there is no package called 'dplyr'
Backtrace:
    x
 1. \-base::library(dplyr)

Quitting from example.qmd:36-49 [unnamed-chunk-2]
Execution halted
WARN: Error encountered when rendering files
