pandoc 

  to: latex
  output-file: example.tex
  standalone: true
  pdf-engine: lualatex
  variables:
    graphics: true
    tables: true
  default-image-extension: pdf
  toc: true
  cite-method: biblatex
  

metadata

  block-headings: true
  date-format: full
  documentclass: article
  papersize: letter
  fontsize: 12pt
  geometry:
    - top=1in
    - bottom=1in
    - left=1in
    - right=1in
  colorlinks: true
  linkcolor: DarkSlateBlue
  urlcolor: DarkSlateBlue
  citecolor: DarkSlateBlue
  link-citation: true
  biblio-title: References
  biblio-config: false
  biblatex-chicago: false
  biblio-style: apa
  biblatexoptions:
    - backend=biber
  indent: true
  title: fancy-doc
  subtitle: A Quarto Extension
  author:
    - name: Damon C. Roberts
      affiliations:
        - name: Univeristy of Colorado Boulder
      email: damon.roberts-1@colorado.edu
  bibliography:
    - bibliography.bib
  


Rendering PDF

running lualatex - 1

  This is LuaHBTeX, Version 1.24.0 (TeX Live 2026) 
   restricted system commands enabled.
  
  luaotfload | db : Reload initiated (formats: otf,ttf,ttc); reason: Font "Helvetica Neue" not found.

updating tlmgr



updating existing packages

finding package for Helvetica\s*Neue(-(Bold|Italic|Regular).*)?[.](tfm|afm|mf|otf|ttf)

finding package for biblatex-dm.cfg

(ERROR) 
compilation failed- no matching packages

Package fontspec Error: 
(fontspec)                The font "Helvetica Neue" cannot be found; this
(fontspec)                may be but usually is not a fontspec bug. Either
(fontspec)                there is a typo in the font name/file, the font is
(fontspec)                not installed (correctly), or there is a bug in
(fontspec)                the underlying font loading engine
(fontspec)                (XeTeX/luaotfload).

For immediate help type H <return>.
 ...                                              
                                                  
l.124 \makeatletter
                 



see example.log for more information.

(WARN) Error encountered when rendering files

