Cloning into 'repo'...
Installing package into '/home/runner/work/quarto-extensions/quarto-extensions/test-20/R/x86_64-pc-linux-gnu-library/4.6'
(as 'lib' is unspecified)
trying URL 'https://packagemanager.posit.co/cran/latest/src/contrib/renv_1.2.2.tar.gz'
Content type 'binary/octet-stream' length 1356485 bytes (1.3 MB)
==================================================
downloaded 1.3 MB

* installing *source* package 'renv' ...
** this is package 'renv' version '1.2.2'
** package 'renv' successfully unpacked and MD5 sums checked
** using staged installation
** R
** inst
** byte-compile and prepare package for lazy loading
** help
*** installing help indices
*** copying figures
** building package indices
** installing vignettes
** testing if installed package can be loaded from temporary location
** checking absolute paths in shared objects and dynamic libraries
** testing if installed package can be loaded from final location
** testing if installed package keeps a record of temporary installation path
* DONE (renv)

The downloaded source packages are in
	'/tmp/Rtmpwm3Fs4/downloaded_packages'
Installing packages into '/home/runner/work/quarto-extensions/quarto-extensions/test-20/R/x86_64-pc-linux-gnu-library/4.6'
(as 'lib' is unspecified)
also installing the dependency 'later'

trying URL 'https://packagemanager.posit.co/cran/latest/src/contrib/later_1.4.8.tar.gz'
trying URL 'https://packagemanager.posit.co/cran/latest/src/contrib/magick_2.9.1.tar.gz'
trying URL 'https://packagemanager.posit.co/cran/latest/src/contrib/quarto_1.5.1.tar.gz'
* installing *source* package 'later' ...
** this is package 'later' version '1.4.8'
** package 'later' successfully unpacked and MD5 sums checked
** using staged installation
** libs
using C compiler: 'gcc (Ubuntu 13.3.0-6ubuntu2~24.04.1) 13.3.0'
using C++ compiler: 'g++ (Ubuntu 13.3.0-6ubuntu2~24.04.1) 13.3.0'
installing to /home/runner/work/quarto-extensions/quarto-extensions/test-20/R/x86_64-pc-linux-gnu-library/4.6/00LOCK-later/00new/later/libs
** R
** inst
** byte-compile and prepare package for lazy loading
** help
*** installing help indices
** building package indices
** installing vignettes
** testing if installed package can be loaded from temporary location
** checking absolute paths in shared objects and dynamic libraries
** testing if installed package can be loaded from final location
** testing if installed package keeps a record of temporary installation path
* DONE (later)
* installing *source* package 'magick' ...
** this is package 'magick' version '2.9.1'
** package 'magick' successfully unpacked and MD5 sums checked
** using staged installation
Package Magick++ was not found in the pkg-config search path.
Perhaps you should add the directory containing `Magick++.pc'
to the PKG_CONFIG_PATH environment variable
Package 'Magick++', required by 'virtual:world', not found
ERROR: configuration failed for package 'magick'
* removing '/home/runner/work/quarto-extensions/quarto-extensions/test-20/R/x86_64-pc-linux-gnu-library/4.6/magick'
* installing *source* package 'quarto' ...
** this is package 'quarto' version '1.5.1'
** package 'quarto' successfully unpacked and MD5 sums checked
** using staged installation
** R
** inst
** byte-compile and prepare package for lazy loading
** help
*** installing help indices
*** copying figures
** building package indices
** installing vignettes
** testing if installed package can be loaded from temporary location
** testing if installed package can be loaded from final location
** testing if installed package keeps a record of temporary installation path
* DONE (quarto)

The downloaded source packages are in
	'/tmp/Rtmpwm3Fs4/downloaded_packages'
Warning message:
In install.packages(deps, repos = ppm) :
  installation of package 'magick' had non-zero exit status
CTAN mirror https://ctan.math.utah.edu/ctan/tex-archive/systems/texlive/tlnet failed, trying next...
pandoc 
  to: typst
  output-file: template.typ
  standalone: true
  default-image-extension: svg
  wrap: none
  citeproc: false
  toc: false
  variables: {}
  
metadata
  fontsize: 11pt
  date: today
  date-format: D MMMM YYYY
  lang: en
  region: AU
  paper: a4
  bibliographystyle: apa
  margin:
    top: 2.7cm
    bottom: 2cm
    left: 2cm
    right: 2cm
  font-paths:
    - _extensions/memo/fonts
  engines:
    - path: /opt/quarto/share/extension-subtrees/julia-engine/_extensions/julia-engine/julia-engine.js
  title: Note to self
  author: Marie Curie
  branding: true
  linestretch: 1.2
  
[typst]: Compiling template.typ to template.pdf...DONE

Output created: template.pdf



processing file: README.qmd
1/3                  
2/3 [unnamed-chunk-1]
Error in `library()`:
! there is no package called 'magick'
Backtrace:
    x
 1. \-base::library(magick)

Quitting from README.qmd:7-24 [unnamed-chunk-1]
Execution halted
WARN: Error encountered when rendering files
Render failed, retrying once...


processing file: README.qmd
1/3                  
2/3 [unnamed-chunk-1]
Error in `library()`:
! there is no package called 'magick'
Backtrace:
    x
 1. \-base::library(magick)

Quitting from README.qmd:7-24 [unnamed-chunk-1]
Execution halted
WARN: Error encountered when rendering files
