pandoc 

  to: typst
  output-file: template.typ
  standalone: true
  default-image-extension: svg
  wrap: none
  citeproc: false
  toc: false
  variables: {}
  

metadata

  fontsize: 11pt
  date: today
  date-format: D MMMM YYYY
  lang: en
  region: AU
  paper: a4
  bibliographystyle: apa
  margin:
    top: 2.7cm
    bottom: 2cm
    left: 2cm
    right: 2cm
  font-paths:
    - _extensions/memo/fonts
  engines:
    - path: /opt/quarto/share/extension-subtrees/julia-engine/_extensions/julia-engine/julia-engine.js
  title: Note to self
  author: Marie Curie
  branding: true
  linestretch: 1.2
  

(WARN) typst-gather analyze failed; staging all packages as fallback

[typst]: Compiling template.typ to template.pdf...
DONE


Output created: template.pdf


