

processing file: editor.qmd

1/29                   

2/29 [unnamed-chunk-1] 

3/29                   

4/29 [unnamed-chunk-2] 

5/29                   

6/29 [unnamed-chunk-3] 

7/29                   

8/29 [unnamed-chunk-4] 

9/29                   

10/29 [unnamed-chunk-5] 
11/29                   
12/29 [unnamed-chunk-6] 
13/29                   
14/29 [unnamed-chunk-7] 
15/29                   
16/29 [unnamed-chunk-8] 
17/29                   
18/29 [unnamed-chunk-9] 
19/29                   
20/29 [unnamed-chunk-10]
21/29                   
22/29 [unnamed-chunk-11]

23/29                   

24/29 [unnamed-chunk-12]

25/29                   

26/29 [unnamed-chunk-13]

27/29                   

28/29 [unnamed-chunk-14]

29/29                   

output file: editor.knit.md


pandoc 

  to: html
  output-file: editor.html
  standalone: true
  title-prefix: Quarto Live Documentation
  section-divs: true
  html-math-method: mathjax
  wrap: none
  default-image-extension: png
  toc: true
  variables: {}
  

metadata

  document-css: false
  link-citations: true
  date-format: long
  lang: en
  ojs-engine: true
  theme:
    light: cosmo
    dark: darkly
  engines:
    - path: /opt/quarto/share/extension-subtrees/julia-engine/_extensions/julia-engine/julia-engine.js
  title: Interactive Code Blocks
  subtitle: Dynamic evaluation of user provided code and data visualisation
  

Output created: ../_site/getting_started/editor.html


