

processing file: dynamic.qmd

1/33                   

2/33 [unnamed-chunk-1] 

3/33                   

4/33 [unnamed-chunk-2] 

5/33                   

6/33 [unnamed-chunk-3] 

7/33                   

8/33 [unnamed-chunk-4] 

9/33                   

10/33 [unnamed-chunk-5] 

11/33                   

12/33 [unnamed-chunk-6] 

13/33                   

14/33 [unnamed-chunk-7] 

15/33                   

16/33 [unnamed-chunk-8] 

17/33
                   

18/
33 [unnamed-chunk-9] 

19/33                   

20/33 [unnamed-chunk-10]

21/33                   

22/33 [unnamed-chunk-11]

23/33                   

24/33 [unnamed-chunk-12]

25/33                   

26/33 [unnamed-chunk-13]

27/33                   

28/33 [unnamed-chunk-14]

29/33                   

30/33 [unnamed-chunk-15]

31/33                   

32/33 [unnamed-chunk-16]

33/33                   

output file: dynamic.knit.md


pandoc 

  to: html
  output-file: dynamic.html
  standalone: true
  title-prefix: Quarto Live Documentation
  section-divs: true
  html-math-method: mathjax
  wrap: none
  default-image-extension: png
  toc: true
  variables: {}
  

metadata

  document-css: false
  link-citations: true
  date-format: long
  lang: en
  ojs-engine: true
  theme:
    light: cosmo
    dark: darkly
  engines:
    - path: /opt/quarto/share/extension-subtrees/julia-engine/_extensions/julia-engine/julia-engine.js
  title: Dynamic Exercises
  subtitle: Unique code exercises for every learner
  webr:
    packages:
      - dplyr
      - ggplot2
      - plotly
      - tidyr
      - palmerpenguins
  

Output created: ../_site/interactive/dynamic.html


