

processing file: installation.qmd

1/1

output file: installation.knit.md


pandoc 

  to: html
  output-file: installation.html
  standalone: true
  title-prefix: Quarto Live Documentation
  section-divs: true
  html-math-method: mathjax
  wrap: none
  default-image-extension: png
  toc: true
  variables: {}
  

metadata

  document-css: false
  link-citations: true
  date-format: long
  lang: en
  ojs-engine: true
  theme:
    light: cosmo
    dark: darkly
  engines:
    - path: /opt/quarto/share/extension-subtrees/julia-engine/_extensions/julia-engine/julia-engine.js
  title: Installation
  

Output created: ../_site/getting_started/installation.html


