pandoc 

  to: revealjs
  output-file: example.html
  standalone: true
  self-contained: true
  wrap: none
  default-image-extension: png
  html-math-method:
    method: mathjax
    url: >-
      https://cdn.jsdelivr.net/npm/mathjax@2.7.9/MathJax.js?config=TeX-AMS_HTML-full
  slide-level: 2
  variables: {}
  

metadata

  link-citations: true
  width: 1050
  height: 700
  margin: 0.1
  center: false
  navigationMode: linear
  controlsLayout: edges
  controlsTutorial: false
  hash: true
  history: true
  hashOneBasedIndex: false
  fragmentInURL: false
  transition: none
  backgroundTransition: none
  pdfSeparateFragments: false
  lang: en
  auto-stretch: true
  engines:
    - path: /opt/quarto/share/extension-subtrees/julia-engine/_extensions/julia-engine/julia-engine.js
  title: '`further-reading`<br>Quarto extension<br><br>Minimum example'
  

FATAL (/opt/quarto/share/filters/main.lua:3760) An error occurred:
Could not run /home/runner/work/quarto-extensions/quarto-extensions/test-23/repo/docs/further-reading as a JSON filter.
Please make sure the file exists and is executable.

Did you intend 'further-reading' as a Lua filter in an extension?
If so, make sure you've spelled the name of the extension correctly.

The original Pandoc error follows below.
Error running filter /home/runner/work/quarto-extensions/quarto-extensions/test-23/repo/docs/further-reading:
Could not find executable /home/runner/work/quarto-extensions/quarto-extensions/test-23/repo/docs/further-reading

Error runni
ng filter /opt/quarto/share/filters/main.lua:
/opt/quarto/share/filters/main.lua:588: FATAL QUARTO ERROR
stack traceback:
	/opt/quarto/share/filters/main.lua:2622: in function 'fatal'
	/opt/quarto/share/filters/main.lua:2202: in function 'fail'
	/opt/quarto/share/filters/main.lua:3760: in field 'Pandoc'
	/opt/quart
o/share/filters/main.lua:588: in function 'run_emulated_filter'
	/opt/quarto/share/filters
/main.lua:1317: in local 'callback'
	/opt/quarto/share/filters/main.lua:1335: 
in upvalue 'run_emulated_filter_chain'
	/opt/quarto/share/filter
s/main.lua:1371: in function </opt/quarto/share/filters/
main.lua:1368>

(WARN) Error encountered when rendering files

