Cloning into 'repo'...
pandoc 
  to: html
  output-file: template.html
  standalone: true
  section-divs: true
  html-math-method: mathjax
  wrap: none
  default-image-extension: png
  toc: true
  variables: {}
  
metadata
  document-css: false
  link-citations: true
  date-format: long
  lang: en
  theme:
    - default
    - _extensions/julia/custom.scss
  engines:
    - path: /opt/quarto/share/extension-subtrees/julia-engine/_extensions/julia-engine/julia-engine.js
  title: Julia-themed Quarto
  author: pat-alt
  date: last-modified
  
Output created: template.html

pandoc 
  to: revealjs
  output-file: template.html
  standalone: true
  wrap: none
  default-image-extension: png
  html-math-method: mathjax
  slide-level: 2
  variables: {}
  
metadata
  link-citations: true
  width: 1050
  height: 700
  margin: 0.1
  center: false
  navigationMode: linear
  controlsLayout: edges
  controlsTutorial: false
  hash: true
  history: true
  hashOneBasedIndex: false
  fragmentInURL: false
  transition: none
  backgroundTransition: none
  pdfSeparateFragments: false
  lang: en
  auto-stretch: true
  theme:
    - default
    - _extensions/julia/custom.scss
    - _extensions/julia/revealjs.scss
  callout-icon: false
  title-slide-attributes:
    data-background-position: bottom right
    data-background-size: 20%
    data-background-image: /www/qrcode.png
  engines:
    - path: /opt/quarto/share/extension-subtrees/julia-engine/_extensions/julia-engine/julia-engine.js
  title: Julia-themed Quarto
  author: pat-alt
  date: last-modified
  scrollable: true
  
Output created: template.html

pandoc 
  to: html
  output-file: _content.html
  standalone: true
  section-divs: true
  html-math-method: mathjax
  wrap: none
  default-image-extension: png
  variables: {}
  
metadata
  document-css: false
  link-citations: true
  date-format: long
  lang: en
  engines:
    - path: /opt/quarto/share/extension-subtrees/julia-engine/_extensions/julia-engine/julia-engine.js
  
Output created: _content.html

