Cloning into 'repo'...
/usr/local/bin/tlmgr: open(>/opt/tinytex/tlpkg/texlive.tlpdb.tmp) failed: Permission denied at /opt/tinytex/tlpkg/TeXLive/TLPDB.pm line 611.
CTAN mirror https://ctan.math.utah.edu/ctan/tex-archive/systems/texlive/tlnet failed, trying next...
/usr/local/bin/tlmgr: open(>/opt/tinytex/tlpkg/texlive.tlpdb.tmp) failed: Permission denied at /opt/tinytex/tlpkg/TeXLive/TLPDB.pm line 611.
CTAN mirror https://ctan.math.illinois.edu/systems/texlive/tlnet failed, trying next...
/usr/local/bin/tlmgr: open(>/opt/tinytex/tlpkg/texlive.tlpdb.tmp) failed: Permission denied at /opt/tinytex/tlpkg/TeXLive/TLPDB.pm line 611.
CTAN mirror https://mirrors.rit.edu/CTAN/systems/texlive/tlnet failed, trying next...
/usr/local/bin/tlmgr: open(>/opt/tinytex/tlpkg/texlive.tlpdb.tmp) failed: Permission denied at /opt/tinytex/tlpkg/TeXLive/TLPDB.pm line 611.
CTAN mirror https://mirror.ctan.org/systems/texlive/tlnet failed, trying next...
All CTAN mirrors failed. LaTeX packages may not install.
[ 1/10] index.qmd
[ 2/10] 404.qmd
[ 3/10] example.qmd
https://mastodon.social/@sellorm/109376707453406631
https://publish.twitter.com/oembed?url=https://twitter.com/juliesquid/status/1557485909486059523&align=center
[ 4/10] examples/youtube.qmd
[ 5/10] examples/loom.qmd
[ 6/10] examples/twitter.qmd
https://publish.twitter.com/oembed?url=https://twitter.com/juliesquid/status/1557485909486059523&align=center
[ 7/10] examples/bsky.qmd
https://bsky.app/profile/smachlis.bsky.social/post/3m33g524hb22o
https://bsky.app/profile/smachlis.bsky.social/post/3m2ihwojd7s2f
https://bsky.app/profile/smachlis.bsky.social/post/3m4nkjl3xxc27
[ 8/10] examples/gists.qmd
[ 9/10] examples/mastodon.qmd
https://mastodon.social/@sellorm/109376707453406631
[10/10] examples/vimeo.qmd

Output created: _site/index.html

