Cloning into 'repo'...
pandoc 
  to: typst
  output-file: template.typ
  template: _extensions/quarto-lapreprint/template.typ
  standalone: true
  default-image-extension: svg
  wrap: none
  citeproc: false
  cite-method: natbib
  variables: {}
  
metadata
  engines:
    - path: /opt/quarto/share/extension-subtrees/julia-engine/_extensions/julia-engine/julia-engine.js
  title: Pixels and their Neighbours
  abstract: '`#lorem(100)`{=typst}'
  keyword:
    - Finite Volume
    - Tutorial
    - Reproducible Research
  theme: '`red.darken(50%)`{=typst}'
  subtitle: A Tutorial on Finite Volume
  short-title: Finite Volume Tutorial
  pub-date:
    - title: Published
      date: '`datetime(year: 2023, month: 08, day: 21)`{=typst}'
    - title: Accepted
      date: '`datetime(year: 2022, month: 12, day: 10)`{=typst}'
    - title: Submitted
      date: '`datetime(year: 2022, month: 12, day: 10)`{=typst}'
  venue: '`[ar#text(fill: red.darken(20%))[X]iv]`{=typst}'
  logo: files/logo.png
  doi: 10.1190/tle35080703.1
  authors:
    - name: Rowan Cockett
      orcid: 0000-0002-7859-8394
      email: rowan@curvenote.com
      affiliations: 1,2,🖂
    - name: Lindsey Heagy
      orcid: 0000-0002-1551-5926
      affiliations: 1
    - name: Douglas Oldenburg
      orcid: 0000-0002-4327-2124
      affiliations: 1
  affiliations:
    - id: 1
      name: University of British Columbia
    - id: 2
      name: Curvenote Inc.
  kind: Notebook Tutorial
  margin-content:
    - title: Key Points
      content: |
        * key point 1 is *important*.
        * key point 2 is also important.
        * this is the third idea.
    - title: Corresponding Author
      content: 🖂 [rowan@curvenote.com](mailto:rowan@curvenote.com)
    - title: Data Statement
      content: Associated notebooks are available on [GitHub]("https://github.com/simpeg/tle-finitevolume") and can be run online with [MyBinder]("http://mybinder.org/repo/simpeg/tle-finitevolume").
    - title: Funding
      content: Funding was provided by the Vanier Award to each of Cockett and Heagy.
    - title: Competing Interests
      content: The authors declare no competing interests.
  mainfont: Fira Sans
  bibliography:
    - main.bib
  biblio-style: ieee
  
WARN: typst-gather analyze failed; staging all packages as fallback
[typst]: Compiling template.typ to template.pdf...error: Uncaught (in promise) TypeError: Writable stream is closed or errored.
      process4.stdin.close();
                     ^
    at writableStreamClose (ext:deno_web/06_streams.js:4352:7)
    at WritableStream.close (ext:deno_web/06_streams.js:6466:12)
    at execProcess (file:///opt/quarto/bin/quarto.js:7857:22)
    at eventLoopTick (ext:core/01_core.js:179:7)
    at async runAnalyze (file:///opt/quarto/bin/quarto.js:135839:19)
    at async analyzeNeededPackages (file:///opt/quarto/bin/quarto.js:135888:21)
    at async stageTypstPackages (file:///opt/quarto/bin/quarto.js:135939:26)
    at async Object.complete (file:///opt/quarto/bin/quarto.js:135977:27)
    at async file:///opt/quarto/bin/quarto.js:130926:23
    at async withTimingAsync (file:///opt/quarto/bin/quarto.js:15990:21)
    at async Object.complete (file:///opt/quarto/bin/quarto.js:130912:7)
    at async Object.onPostProcess (file:///opt/quarto/bin/quarto.js:136894:28)
    at async renderFileInternal (file:///opt/quarto/bin/quarto.js:136878:3)
    at async renderFiles (file:///opt/quarto/bin/quarto.js:136597:9)
    at async render (file:///opt/quarto/bin/quarto.js:142251:19)
    at async _Command.actionHandler (file:///opt/quarto/bin/quarto.js:142496:24)
    at async _Command.execute (file:///opt/quarto/bin/quarto.js:102027:7)
    at async _Command.parseCommand (file:///opt/quarto/bin/quarto.js:101904:14)
    at async quarto4 (file:///opt/quarto/bin/quarto.js:187717:5)
    at async file:///opt/quarto/bin/quarto.js:187746:5
    at async file:///opt/quarto/bin/quarto.js:187600:14
    at async mainRunner (file:///opt/quarto/bin/quarto.js:187602:5)
    at async file:///opt/quarto/bin/quarto.js:187739:3
Render failed, retrying once...
pandoc 
  to: typst
  output-file: template.typ
  template: _extensions/quarto-lapreprint/template.typ
  standalone: true
  default-image-extension: svg
  wrap: none
  citeproc: false
  cite-method: natbib
  variables: {}
  
metadata
  engines:
    - path: /opt/quarto/share/extension-subtrees/julia-engine/_extensions/julia-engine/julia-engine.js
  title: Pixels and their Neighbours
  abstract: '`#lorem(100)`{=typst}'
  keyword:
    - Finite Volume
    - Tutorial
    - Reproducible Research
  theme: '`red.darken(50%)`{=typst}'
  subtitle: A Tutorial on Finite Volume
  short-title: Finite Volume Tutorial
  pub-date:
    - title: Published
      date: '`datetime(year: 2023, month: 08, day: 21)`{=typst}'
    - title: Accepted
      date: '`datetime(year: 2022, month: 12, day: 10)`{=typst}'
    - title: Submitted
      date: '`datetime(year: 2022, month: 12, day: 10)`{=typst}'
  venue: '`[ar#text(fill: red.darken(20%))[X]iv]`{=typst}'
  logo: files/logo.png
  doi: 10.1190/tle35080703.1
  authors:
    - name: Rowan Cockett
      orcid: 0000-0002-7859-8394
      email: rowan@curvenote.com
      affiliations: 1,2,🖂
    - name: Lindsey Heagy
      orcid: 0000-0002-1551-5926
      affiliations: 1
    - name: Douglas Oldenburg
      orcid: 0000-0002-4327-2124
      affiliations: 1
  affiliations:
    - id: 1
      name: University of British Columbia
    - id: 2
      name: Curvenote Inc.
  kind: Notebook Tutorial
  margin-content:
    - title: Key Points
      content: |
        * key point 1 is *important*.
        * key point 2 is also important.
        * this is the third idea.
    - title: Corresponding Author
      content: 🖂 [rowan@curvenote.com](mailto:rowan@curvenote.com)
    - title: Data Statement
      content: Associated notebooks are available on [GitHub]("https://github.com/simpeg/tle-finitevolume") and can be run online with [MyBinder]("http://mybinder.org/repo/simpeg/tle-finitevolume").
    - title: Funding
      content: Funding was provided by the Vanier Award to each of Cockett and Heagy.
    - title: Competing Interests
      content: The authors declare no competing interests.
  mainfont: Fira Sans
  bibliography:
    - main.bib
  biblio-style: ieee
  
WARN: typst-gather analyze failed; staging all packages as fallback
[typst]: Compiling template.typ to template.pdf...error: only element functions can be used as selectors
    ┌─ template.typ:323:19
    │  
323 │       header: locate(loc => {
    │ ╭────────────────────^
324 │ │       if(loc.page() == 1) {
325 │ │         let headers = (
326 │ │           if (open-access) {smallcaps[Open Access]},
    · │
334 │ │       }
335 │ │     }),
    │ ╰─────^

ERROR: error: only element functions can be used as selectors
    ┌─ template.typ:323:19
    │  
323 │       header: locate(loc => {
    │ ╭────────────────────^
324 │ │       if(loc.page() == 1) {
325 │ │         let headers = (
326 │ │           if (open-access) {smallcaps[Open Access]},
    · │
334 │ │       }
335 │ │     }),
    │ ╰─────^


ERROR: Typst compilation failed
