  % Total    % Received % Xferd  Average Speed   Time  
  Time     Time  Current
                                 Dload  Upload   Total   Spent    Left  Speed
  0     0    0     0    0     0      0      0 --:--:-- --:--:-- --:--:--     0
    32      0    153 --:--:-- --:--:-- --:--:--   153
-:--  3282

  % Total    % Receiv
ed % Xferd  Average Speed   Time    Time     Time  Current
                                 Dload  Upload   Total   Spent    Left  Speed
  0     0    0     0    0     0      0      0 --:--:-- --:--:-- --:--:--     0
- --:--:--  6974

  % Total    % Received % 
Xferd  Average Speed   Time    Time     Time  Current
                                 Dload  Upload   Total   Spent    Left  Speed
  0     0    0     0    0     0      0      0 --:--:-- --:--:-- --:--:--     0
37100  1701  100  1621  100    80   3752    185 --:--:-- --:--:-- --:--:--  3937

  % Total    % Receive
d % Xferd  Average Speed   Time    Time     Time  Current
                                 Dload  Upload   Total   Spent    Left  Speed
  0     0    0   
  0    0     0      0      0 --:--:-- --:--:-- --:--:--     0
128 --:--:-- --:--:-- --:--:--  2477



pandoc 

  to: latex
  output-file: index.tex
  standalone: true
  toc: true
  number-sections: true
  top-level-division: chapter
  pdf-engine: lualatex
  variables:
    graphics: true
    tables: true
  default-image-extension: pdf
  

metadata

  crossref:
    chapters: true
  documentclass: scrreprt
  papersize: letter
  classoption:
    - DIV=11
    - numbers=noendperiod
  header-includes:
    - \KOMAoption{captions}{tableheading}
  block-headings: true
  bibliography:
    - references.bib
  engines:
    - path: /opt/quarto/share/extension-subtrees/julia-engine/_extensions/julia-engine/julia-engine.js
  title: Kroki diagrams Test
  date: 23/03/2026
  

  % Total    % Received % Xferd  Average 
Speed   Time    Time     Time  Current
                                 Dload  Upload   Total   Spent    Left  Speed
  0     0    0     0    0     0      0      0 --:--:-- --:--:-- --:--:--     0
   0      0      0 --:--:-- --:--:-- --:--:--     0
00    32   7806    181 --:--:-- --:--:-- --:--:--  7982


Error: Inkscape has to be installed and added to PATH.


  % Total    % Receive
d % Xferd  Average Speed   Time    Time     Time  Current
                                 Dload  Upload   Total   Spent    Left  Speed
  0     0    0     0    0     0      0      0 --:--:-- --
:--:-- --:--:--     0
   80  21052    570 --:--:-- --:--:-- --:--:-- 21671


Error: Inkscape has to be installed and added to PATH.


  % Total    % Receive
d % Xferd  Average Speed   Time    Time     Time  Current
                                 Dload  Upload   Total   Spent    Left  Speed
  0     0    0     0    0     0      0      0 --:--
:-- --:--:-- --:--:--     0
 100    80   3416    168 --:--:-- --:--:-- --:--:--  3588


Error: Inkscape has to be installed and added to PATH.


  % Total    % Receive
d % Xferd  Average Speed   Time    Time     Time  Current
                                 Dload  Upload   Total   Spent    Left  Speed
  0     0    0     0    0     0      0      0 --:--:-- --:--:-- --:--:--     0
:01 --:--:--  1702100  1786  100  1693  100    93   1612     88  0:00:01  0:00:01 --:--:--  1702


Error: Inkscape has to be installed and added to PATH.



Rendering PDF

running lualatex - 1

  This is LuaHBTeX, Version 1.24.0 (TeX Live 2026) 
   restricted system commands enabled.
  

updating tlmgr



updating existing packages

finding package for scrreprt.cls

> 1 package to install

> installing koma-script (1 of 1)

  This is LuaHBTeX, Version 1.24.0 (TeX Live 2026) 
   restricted system commands enabled.
  
  luaotfload | db : Font names database not found, generating new one.
  luaotfload | db : This can take several minutes; please be patient.

running lualatex - 2

  This is LuaHBTeX, Version 1.24.0 (TeX Live 2026) 
   restricted system commands enabled.
  



Output created: _book/index.html


