pandoc 

  to: html
  output-file: example.html
  standalone: true
  section-divs: true
  html-math-method: mathjax
  wrap: none
  default-image-extension: png
  variables: {}
  

metadata

  document-css: false
  link-citations: true
  date-format: long
  lang: en
  engines:
    - path: /opt/quarto/share/extension-subtrees/julia-engine/_extensions/julia-engine/julia-engine.js
  title: Qreacto
  sidebar: false
  navbar: false
  

MyComponent > react-MyComponent-4R4gMisq

MyStyledComponent > react-MyStyledComponent-yZw2h2fc

EmojiComponent > react-EmojiComponent-ZmSFpuFb

RandomWordsComponent > react-RandomWordsComponent-m6524wUn

MyNestedComponent > react-MyNestedComponent-gy09rgB5

EnvironmentReadingComponent > react-EnvironmentReadingComponent-F79gmAtq

Output created: example.html


