Cloning into 'repo'...
pandoc 
  to: html
  output-file: example.html
  standalone: true
  section-divs: true
  html-math-method: mathjax
  wrap: none
  default-image-extension: png
  variables: {}
  
metadata
  document-css: false
  link-citations: true
  date-format: long
  lang: en
  engines:
    - path: /opt/quarto/share/extension-subtrees/julia-engine/_extensions/julia-engine/julia-engine.js
  title: Qreacto
  sidebar: false
  navbar: false
  
MyComponent > react-MyComponent-a8Gcrw0L
MyStyledComponent > react-MyStyledComponent-2NKEUn3O
EmojiComponent > react-EmojiComponent-uhcBSJAP
RandomWordsComponent > react-RandomWordsComponent-DWOAkbLH
MyNestedComponent > react-MyNestedComponent-fgSJFQMP
EnvironmentReadingComponent > react-EnvironmentReadingComponent-4WEBpNzX
Output created: example.html

