pandoc 

  to: html
  output-file: template.html
  standalone: true
  section-divs: true
  html-math-method: mathjax
  wrap: none
  default-image-extension: png
  citeproc: false
  variables: {}
  

metadata

  document-css: false
  link-citations: true
  date-format: long
  lang: en
  engines:
    - path: /opt/quarto/share/extension-subtrees/julia-engine/_extensions/julia-engine/julia-engine.js
  title: Some title
  author: Some author
  date: last-modified
  abstract: Here's an abstract for the document
  references:
    - id: Lovelace1842
      author:
        - family: Lovelace
          given: Ada Augusta
      citation-key: Lovelace1842
      container-title: Taylor's Scientific Memoirs
      issued:
        - year: 1842
      language: en-GB
      page: 666–731
      title: Sketch of the analytical engine invented by Charles Babbage, by LF Menabrea, officer of the military engineers, with notes upon the memoir by the translator
      type: article-journal
      volume: 3
    - id: Turing1936
      author:
        - family: Turing
          given: Alan Mathison
      citation-key: Turing1936
      container-title: Journal of Math
      issue: 345–363
      issued:
        - year: 1936
      page: 230–265
      title: On Computable Numbers, with an Application to the Entscheidungsproblem
      type: article-journal
      volume: 58
  

Manuscript totals:
---------------------------------------------------
- 458 words (text + notes + references)
- 405 words (text + notes)
- 478 words (text + notes + appendix + references)

Specific totals:
---------------------------------------------------
- 315 words in text body
- 90 words in notes
- 53 words in references
- 20 words in appendix

Overall totals:
---------------------------------------------------
- 484 words in entire document
- 6 words in abstract


Output created: template.html


