Cloning into 'repo'...
Installing package into '/cache/r-lib-1'
(as 'lib' is unspecified)
trying URL 'https://packagemanager.posit.co/cran/latest/src/contrib/tinytable_0.17.0.tar.gz'
Content type 'binary/octet-stream' length 411166 bytes (401 KB)
==================================================
downloaded 401 KB

* installing *source* package 'tinytable' ...
** this is package 'tinytable' version '0.17.0'
** package 'tinytable' successfully unpacked and MD5 sums checked
** using staged installation
** R
** inst
** byte-compile and prepare package for lazy loading
** help
*** installing help indices
*** copying figures
** building package indices
** testing if installed package can be loaded from temporary location
** testing if installed package can be loaded from final location
** testing if installed package keeps a record of temporary installation path
* DONE (tinytable)

The downloaded source packages are in
	'/tmp/RtmpMFwntq/downloaded_packages'
[1/9] tests/math-block-spacing/index.qmd
[typst]: Compiling index.typ to index.pdf...DONE

[2/9] tests/bibliography/index.qmd
[typst]: Compiling index.typ to index.pdf...DONE

[3/9] tests/text/index.qmd


processing file: index.qmd
1/3                  
2/3 [unnamed-chunk-1]
3/3                  
output file: index.knit.md

[typst]: Compiling index.typ to index.pdf...DONE

[4/9] tests/authornote-citation/index.qmd
[typst]: Compiling index.typ to index.pdf...DONE

[5/9] tests/callouts/index.qmd
[typst]: Compiling index.typ to index.pdf...DONE

[6/9] tests/appendix-numberings/index.qmd
[typst]: Compiling index.typ to index.pdf...DONE

[7/9] example.qmd


processing file: example.qmd
1/7               
2/7 [code-example]
3/7               
4/7 [tbl-example] 
5/7               
6/7 [tbl-appendix]
7/7               
output file: example.knit.md

[typst]: Compiling example.typ to example.pdf...DONE

[8/9] NEWS.md
[9/9] template.qmd
[typst]: Compiling template.typ to template.pdf...DONE


Output created: template.pdf

