

processing file: README.qmd

1/3                  

2/3 [unnamed-chunk-1]

Error in `loadNamespace()`:
! there is no package called 'pdftools'
Backtrace:
     x
  1. +-magick::image_write(...)
  2. | \-magick:::assert_image(image)
  3. +-magick::image_convert(...)
  4. | \-magick:::assert_image(image)
  5. +-magick::image_montage(...)
  6. | \-magick:::assert_image(image)
  7. +-magick::image_read_pdf("template.pdf")
  8. \-base::loadNamespace(x)
  9.   \-base::withRestarts(stop(cond), retry_loadNamespace = function() NULL)
 10.     \-base (local) withOneRestart(expr, restarts[[1L]])
 11.       \-base (local) doWithOneRestart(return(expr), restart)


Quitting from README.qmd:7-23 [unnamed-chunk-1]

Execution halted

(WARN) Error encountered when rendering files

