pandoc 

  to: html
  output-file: example.html
  standalone: true
  section-divs: true
  html-math-method: mathjax
  wrap: none
  default-image-extension: png
  variables: {}
  

metadata

  document-css: false
  link-citations: true
  date-format: long
  lang: en
  engines:
    - path: /opt/quarto/share/extension-subtrees/julia-engine/_extensions/julia-engine/julia-engine.js
  title: TikZ Example
  tikz:
    cache: false
    save-tex: true
    tex-dir: tikz-tex
  

ERROR (/home/runner/work/quarto-extensions/quarto-extensions/test-24/repo/_extensions/tikz/tikz.lua:261) inkscape not found. Please install it (the configured svg converter) to convert TeX output to SVG.

ERROR (/home/runner/work/quarto-extensions/quarto-extensions/test-24/repo/_extensions/tikz/tikz.lua:328) Error compiling TikZ figure 'stick-figure':
Error running pdflatex (error code 1): This is pdfTeX, Version 3.141592653-2.6-1.40.29 (TeX Live 2026) (preloaded format=pdflatex)
 restricted \write18 enabled.
entering extended mode
(./stick-figure.tex
LaTeX2e <2025-11-01>
L3 programming layer <2026-03-20>

! LaTeX Error: File `standalone.cls' not found.

Type X to quit or <RETURN> to proceed,
or enter new name. (Default extension: cls)

Enter file name: 
! Emergency stop.
<read *> 
         
l.3 ^^M
       
!  ==> Fatal error occurred, no output PDF file produced!
Transcript written on stick-figure.log.

LaTeX Log:
This is pdfTeX, Version 3.141592653-2.6-1.40.29 (TeX Live 2026) (preloaded format=pdflatex 2026.5.15)  15 MAY 2026 18:06
entering extended mode
 restricted \write18 enabled.
 %&-line parsing enabled.
**stick-figure.tex
(./stick-figure.tex
LaTeX2e <2025-11-01>
L3 programming layer <2026-03-20>

! LaTeX Error: File `standalone.cls' not found.

Type X to quit or <RETURN> to proceed,
or enter new name. (Default extension: cls)

Enter file name: 
! Emergency stop.
<read *> 
         
l.3 ^^M
       
*** (cannot \read from terminal in nonstop modes)

 
Here is how much of TeX's memory you used:
 19 strings out of 469296
 452 string characters out of 5466173
 434951 words of memory out of 5000000
 28955 multiletter control sequences out of 15000+600000
 627721 words of font info for 40 fonts, out of 8000000 for 9000
 36 hyphenation exceptions out of 8191
 19i,0n,29p,80b,17s stack positions out of 10000i,1000n,20000p,200000b,200000s
!  ==> Fatal error occurred, no output PDF file produced!

TikZ Code:
%%| filename: stick-figure
%%| caption: A Stick Figure

\begin{tikzpicture}[scale=2, transform shape]
  % Head
  \draw (0,0) circle (1cm);
  % Body
  \draw (0,-1) -- (0,-3);
  % Arms
  \draw (-1,-2) -- (0,-1) -- (1,-2);
  % Legs
  \draw (-1,-4) -- (0,-3) -- (1,-4);
\end{tikzpicture}

ERROR (/home/runner/work/quarto-extensions/quarto-extensions/test-24/repo/_extensions/tikz/tikz.lua:398) Error converting to SVG (command: inkscape) for TikZ figure 'stick-figure':
inkscape: createProcess: posix_spawnp: does not exist (No such file or directory)
TikZ Code:
%%| filename: stick-figure
%%| caption: A Stick Figure

\begin{tikzpicture}[scale=2, transform shape]
  % Head
  \draw (0,0) circle (1cm);
  % Body
  \draw (0,-1) -- (0,-3);
  % Arms
  \draw (-1,-2) -- (0,-1) -- (1,-2);
  % Legs
  \draw (-1,-4) -- (0,-3) -- (1,-4);
\end{tikzpicture}
ERROR (/home/runner/work/quarto-extensions/quarto-extensions/test-24/repo/_extensions/tikz/tikz.lua:405) Failed to read generated SVG file for TikZ figure 'stick-figure'.
TikZ Code:
%%| filename: stick-figure
%%| caption: A Stick Figure

\begin{tikzpicture}[scale=2, transform shape]
  % Head
  \draw (0,0) circle (1cm);
  % Body
  \draw (0,-1) -- (0,-3);
  % Arms
  \draw (-1,-2) -- (0,-1) -- (1,-2);
  % Legs
  \draw (-1,-4) -- (0,-3) -- (1,-4);
\end{tikzpicture}

Error run
ning filter /opt/quarto/share/filters/main.lua:
string expected, got nil
	while retrie
ving function argument contents
	while retriev
ing arguments for function insert
s
tack traceback:
	...quart
o-extensions/test-24/repo/_exte
nsions/tikz/tikz.lua:525: in function <...quarto
-extensions/test-24/
repo/_extensions/tikz/tik
z.lua:427>
	[C]: in ?

	[C]: in method
 'walk'
	...qua
rto-extensions/test
-24/repo/_exten
sions/tikz/tik
z.lua:733: in f
unction <...qu
arto-extensions
/test-24/repo/
_extensions/ti
kz/tikz.lua:73
1>
	[C]: in ?

	[C]: in method
 'walk'
	/opt/
quarto/share/pa
ndoc/datadir/_
utils.lua:607: 
in function '_
utils.walk'
	/o
pt/quarto/shar
e/filters/main.
lua:574: in loc
al 'checked_walk'
	
/opt/quarto/sha
re/filters/main
.lua:629: in f
unction 'run_em
ulated_filter'

	/opt/quarto/s
hare/filters/m
ain.lua:1317: 
in local 'callb
ack'
	[string 
"if pandoc.syste
m.os == "mingw
32" then..."]:778: in fi
eld 'withScriptF
ile'
	/opt/quarto/s
hare/filters/mai
n.lua:1333: in
 upvalue 'run_emulat
ed_filter_chain'

	/opt/quarto/shar
e/filters/main.l
ua:1371: in functio
n </opt/quarto/
share/filters/
main.lua:1368>

stack tracebac
k:
	...quarto-e
xtensions/test-
24/repo/_exten
sions/tikz/tik
z.lua:733: in function 
<...quarto-exten
sions/test-24/re
po/_extensions/tikz/ti
kz.lua:731>
	[
C]: in ?
	[C]: in meth
od 'walk'
	/opt/qu
arto/share/pand
oc/datadir/_utils.lua
:607: in function '
_utils.walk'
	/
opt/quarto/shar
e/filters/main.lua
:574: in local 'c
hecked_walk'
	/
opt/quarto/sha
re/filters/mai
n.lua:629: in 
function 'run_
emulated_filter'
	/opt/quarto/share/filters/main.lua:1317: in local 'callback'
	[string "if pandoc.system.os == "mingw32" then..."]:778: in field 'withScriptFile'
	/opt/qu
arto/share/filters/main.lua:13
33: in upvalue '
run_emulated_filt
er_chain'
	/opt
/quarto/share/
filters/main.lu
a:1371: in fun
ction </opt/quarto/s
hare/filters/mai
n.lua:1368>
st
ack traceback:

	/opt/quarto/s
hare/pandoc/da
tadir/_utils.
lua:607: in fun
ction '_utils.
walk'
	/opt/qua
rto/share/filte
rs/main.lua:57
4: in local 'c
hecked_walk'
	
/opt/quarto/sh
are/filters/ma
in.lua:629: in
 function 'run_
emulated_filter'

	/opt/quarto/
share/filters/
main.lua:1317: 
in local 'cal
lback'
	[string
 "if pandoc.syste
m.os == "mingw32"
 then..."]:778:
 in field 'wit
hScriptFile'
	/
opt/quarto/shar
e/filters/main.lua:1333: in 
upvalue 'run_emulated_
filter_chain'

	/opt/quarto/sh
are/filters/ma
in.lua:1371: i
n function </
opt/quarto/shar
e/filters/main
.lua:1368>

(WARN) Error encountered when rendering files

