Cloning into 'repo'...
pandoc 
  to: html
  output-file: example.html
  standalone: true
  section-divs: true
  html-math-method: mathjax
  wrap: none
  default-image-extension: png
  variables: {}
  
metadata
  document-css: false
  link-citations: true
  date-format: long
  lang: en
  engines:
    - path: /opt/quarto/share/extension-subtrees/julia-engine/_extensions/julia-engine/julia-engine.js
  title: TikZ Example
  tikz:
    cache: false
    save-tex: true
    tex-dir: tikz-tex
  
[31mERROR (/home/runner/work/quarto-extensions/quarto-extensions/test-15/repo/_extensions/tikz/tikz.lua:182) Inkscape not found. Please install Inkscape to convert PDFs to SVG.
[39m[31mERROR (/home/runner/work/quarto-extensions/quarto-extensions/test-15/repo/_extensions/tikz/tikz.lua:233) Error compiling TikZ figure 'stick-figure':
Error running pdflatex (error code 1): This is pdfTeX, Version 3.141592653-2.6-1.40.29 (TeX Live 2026) (preloaded format=pdflatex)
 restricted \write18 enabled.
entering extended mode
(./stick-figure.tex
LaTeX2e <2025-11-01>
L3 programming layer <2026-03-20>

! LaTeX Error: File `standalone.cls' not found.

Type X to quit or <RETURN> to proceed,
or enter new name. (Default extension: cls)

Enter file name: 
! Emergency stop.
<read *> 
         
l.3 ^^M
       
!  ==> Fatal error occurred, no output PDF file produced!
Transcript written on stick-figure.log.

LaTeX Log:
This is pdfTeX, Version 3.141592653-2.6-1.40.29 (TeX Live 2026) (preloaded format=pdflatex 2026.4.27)  27 APR 2026 19:36
entering extended mode
 restricted \write18 enabled.
 %&-line parsing enabled.
**stick-figure.tex
(./stick-figure.tex
LaTeX2e <2025-11-01>
L3 programming layer <2026-03-20>

! LaTeX Error: File `standalone.cls' not found.

Type X to quit or <RETURN> to proceed,
or enter new name. (Default extension: cls)

Enter file name: 
! Emergency stop.
<read *> 
         
l.3 ^^M
       
*** (cannot \read from terminal in nonstop modes)

 
Here is how much of TeX's memory you used:
 19 strings out of 469296
 452 string characters out of 5466173
 434951 words of memory out of 5000000
 28955 multiletter control sequences out of 15000+600000
 627721 words of font info for 40 fonts, out of 8000000 for 9000
 36 hyphenation exceptions out of 8191
 19i,0n,29p,80b,17s stack positions out of 10000i,1000n,20000p,200000b,200000s
!  ==> Fatal error occurred, no output PDF file produced!

TikZ Code:
%%| filename: stick-figure
%%| caption: A Stick Figure

\begin{tikzpicture}[scale=2, transform shape]
  % Head
  \draw (0,0) circle (1cm);
  % Body
  \draw (0,-1) -- (0,-3);
  % Arms
  \draw (-1,-2) -- (0,-1) -- (1,-2);
  % Legs
  \draw (-1,-4) -- (0,-3) -- (1,-4);
\end{tikzpicture}
[39m[31mERROR (/home/runner/work/quarto-extensions/quarto-extensions/test-15/repo/_extensions/tikz/tikz.lua:250) Error converting PDF to SVG for TikZ figure 'stick-figure':
inkscape: createProcess: posix_spawnp: permission denied (Permission denied)
TikZ Code:
%%| filename: stick-figure
%%| caption: A Stick Figure

\begin{tikzpicture}[scale=2, transform shape]
  % Head
  \draw (0,0) circle (1cm);
  % Body
  \draw (0,-1) -- (0,-3);
  % Arms
  \draw (-1,-2) -- (0,-1) -- (1,-2);
  % Legs
  \draw (-1,-4) -- (0,-3) -- (1,-4);
\end{tikzpicture}
[39m[31mERROR (/home/runner/work/quarto-extensions/quarto-extensions/test-15/repo/_extensions/tikz/tikz.lua:257) Failed to read generated SVG file for TikZ figure 'stick-figure'.
TikZ Code:
%%| filename: stick-figure
%%| caption: A Stick Figure

\begin{tikzpicture}[scale=2, transform shape]
  % Head
  \draw (0,0) circle (1cm);
  % Body
  \draw (0,-1) -- (0,-3);
  % Arms
  \draw (-1,-2) -- (0,-1) -- (1,-2);
  % Legs
  \draw (-1,-4) -- (0,-3) -- (1,-4);
\end{tikzpicture}
[39mError running filter /opt/quarto/share/filters/main.lua:
string expected, got nil
	while retrieving function argument contents
	while retrieving arguments for function insert
stack traceback:
	...quarto-extensions/test-15/repo/_extensions/tikz/tikz.lua:321: in function <...quarto-extensions/test-15/repo/_extensions/tikz/tikz.lua:279>
	[C]: in ?
	[C]: in method 'walk'
	...quarto-extensions/test-15/repo/_extensions/tikz/tikz.lua:387: in function <...quarto-extensions/test-15/repo/_extensions/tikz/tikz.lua:385>
	[C]: in ?
	[C]: in method 'walk'
	/opt/quarto/share/pandoc/datadir/_utils.lua:607: in function '_utils.walk'
	/opt/quarto/share/filters/main.lua:574: in local 'checked_walk'
	/opt/quarto/share/filters/main.lua:629: in function 'run_emulated_filter'
	/opt/quarto/share/filters/main.lua:1317: in local 'callback'
	[string "if pandoc.system.os == "mingw32" then..."]:778: in field 'withScriptFile'
	/opt/quarto/share/filters/main.lua:1333: in upvalue 'run_emulated_filter_chain'
	/opt/quarto/share/filters/main.lua:1371: in function </opt/quarto/share/filters/main.lua:1368>
stack traceback:
	...quarto-extensions/test-15/repo/_extensions/tikz/tikz.lua:387: in function <...quarto-extensions/test-15/repo/_extensions/tikz/tikz.lua:385>
	[C]: in ?
	[C]: in method 'walk'
	/opt/quarto/share/pandoc/datadir/_utils.lua:607: in function '_utils.walk'
	/opt/quarto/share/filters/main.lua:574: in local 'checked_walk'
	/opt/quarto/share/filters/main.lua:629: in function 'run_emulated_filter'
	/opt/quarto/share/filters/main.lua:1317: in local 'callback'
	[string "if pandoc.system.os == "mingw32" then..."]:778: in field 'withScriptFile'
	/opt/quarto/share/filters/main.lua:1333: in upvalue 'run_emulated_filter_chain'
	/opt/quarto/share/filters/main.lua:1371: in function </opt/quarto/share/filters/main.lua:1368>
stack traceback:
	/opt/quarto/share/pandoc/datadir/_utils.lua:607: in function '_utils.walk'
	/opt/quarto/share/filters/main.lua:574: in local 'checked_walk'
	/opt/quarto/share/filters/main.lua:629: in function 'run_emulated_filter'
	/opt/quarto/share/filters/main.lua:1317: in local 'callback'
	[string "if pandoc.system.os == "mingw32" then..."]:778: in field 'withScriptFile'
	/opt/quarto/share/filters/main.lua:1333: in upvalue 'run_emulated_filter_chain'
	/opt/quarto/share/filters/main.lua:1371: in function </opt/quarto/share/filters/main.lua:1368>
WARN: Error encountered when rendering files
Render failed, retrying once...
pandoc 
  to: html
  output-file: example.html
  standalone: true
  section-divs: true
  html-math-method: mathjax
  wrap: none
  default-image-extension: png
  variables: {}
  
metadata
  document-css: false
  link-citations: true
  date-format: long
  lang: en
  engines:
    - path: /opt/quarto/share/extension-subtrees/julia-engine/_extensions/julia-engine/julia-engine.js
  title: TikZ Example
  tikz:
    cache: false
    save-tex: true
    tex-dir: tikz-tex
  
[31mERROR (/home/runner/work/quarto-extensions/quarto-extensions/test-15/repo/_extensions/tikz/tikz.lua:182) Inkscape not found. Please install Inkscape to convert PDFs to SVG.
[39m[31mERROR (/home/runner/work/quarto-extensions/quarto-extensions/test-15/repo/_extensions/tikz/tikz.lua:233) Error compiling TikZ figure 'stick-figure':
Error running pdflatex (error code 1): This is pdfTeX, Version 3.141592653-2.6-1.40.29 (TeX Live 2026) (preloaded format=pdflatex)
 restricted \write18 enabled.
entering extended mode
(./stick-figure.tex
LaTeX2e <2025-11-01>
L3 programming layer <2026-03-20>

! LaTeX Error: File `standalone.cls' not found.

Type X to quit or <RETURN> to proceed,
or enter new name. (Default extension: cls)

Enter file name: 
! Emergency stop.
<read *> 
         
l.3 ^^M
       
!  ==> Fatal error occurred, no output PDF file produced!
Transcript written on stick-figure.log.

LaTeX Log:
This is pdfTeX, Version 3.141592653-2.6-1.40.29 (TeX Live 2026) (preloaded format=pdflatex 2026.4.27)  27 APR 2026 19:36
entering extended mode
 restricted \write18 enabled.
 %&-line parsing enabled.
**stick-figure.tex
(./stick-figure.tex
LaTeX2e <2025-11-01>
L3 programming layer <2026-03-20>

! LaTeX Error: File `standalone.cls' not found.

Type X to quit or <RETURN> to proceed,
or enter new name. (Default extension: cls)

Enter file name: 
! Emergency stop.
<read *> 
         
l.3 ^^M
       
*** (cannot \read from terminal in nonstop modes)

 
Here is how much of TeX's memory you used:
 19 strings out of 469296
 452 string characters out of 5466173
 434951 words of memory out of 5000000
 28955 multiletter control sequences out of 15000+600000
 627721 words of font info for 40 fonts, out of 8000000 for 9000
 36 hyphenation exceptions out of 8191
 19i,0n,29p,80b,17s stack positions out of 10000i,1000n,20000p,200000b,200000s
!  ==> Fatal error occurred, no output PDF file produced!

TikZ Code:
%%| filename: stick-figure
%%| caption: A Stick Figure

\begin{tikzpicture}[scale=2, transform shape]
  % Head
  \draw (0,0) circle (1cm);
  % Body
  \draw (0,-1) -- (0,-3);
  % Arms
  \draw (-1,-2) -- (0,-1) -- (1,-2);
  % Legs
  \draw (-1,-4) -- (0,-3) -- (1,-4);
\end{tikzpicture}
[39m[31mERROR (/home/runner/work/quarto-extensions/quarto-extensions/test-15/repo/_extensions/tikz/tikz.lua:250) Error converting PDF to SVG for TikZ figure 'stick-figure':
inkscape: createProcess: posix_spawnp: permission denied (Permission denied)
TikZ Code:
%%| filename: stick-figure
%%| caption: A Stick Figure

\begin{tikzpicture}[scale=2, transform shape]
  % Head
  \draw (0,0) circle (1cm);
  % Body
  \draw (0,-1) -- (0,-3);
  % Arms
  \draw (-1,-2) -- (0,-1) -- (1,-2);
  % Legs
  \draw (-1,-4) -- (0,-3) -- (1,-4);
\end{tikzpicture}
[39m[31mERROR (/home/runner/work/quarto-extensions/quarto-extensions/test-15/repo/_extensions/tikz/tikz.lua:257) Failed to read generated SVG file for TikZ figure 'stick-figure'.
TikZ Code:
%%| filename: stick-figure
%%| caption: A Stick Figure

\begin{tikzpicture}[scale=2, transform shape]
  % Head
  \draw (0,0) circle (1cm);
  % Body
  \draw (0,-1) -- (0,-3);
  % Arms
  \draw (-1,-2) -- (0,-1) -- (1,-2);
  % Legs
  \draw (-1,-4) -- (0,-3) -- (1,-4);
\end{tikzpicture}
[39mError running filter /opt/quarto/share/filters/main.lua:
string expected, got nil
	while retrieving function argument contents
	while retrieving arguments for function insert
stack traceback:
	...quarto-extensions/test-15/repo/_extensions/tikz/tikz.lua:321: in function <...quarto-extensions/test-15/repo/_extensions/tikz/tikz.lua:279>
	[C]: in ?
	[C]: in method 'walk'
	...quarto-extensions/test-15/repo/_extensions/tikz/tikz.lua:387: in function <...quarto-extensions/test-15/repo/_extensions/tikz/tikz.lua:385>
	[C]: in ?
	[C]: in method 'walk'
	/opt/quarto/share/pandoc/datadir/_utils.lua:607: in function '_utils.walk'
	/opt/quarto/share/filters/main.lua:574: in local 'checked_walk'
	/opt/quarto/share/filters/main.lua:629: in function 'run_emulated_filter'
	/opt/quarto/share/filters/main.lua:1317: in local 'callback'
	[string "if pandoc.system.os == "mingw32" then..."]:778: in field 'withScriptFile'
	/opt/quarto/share/filters/main.lua:1333: in upvalue 'run_emulated_filter_chain'
	/opt/quarto/share/filters/main.lua:1371: in function </opt/quarto/share/filters/main.lua:1368>
stack traceback:
	...quarto-extensions/test-15/repo/_extensions/tikz/tikz.lua:387: in function <...quarto-extensions/test-15/repo/_extensions/tikz/tikz.lua:385>
	[C]: in ?
	[C]: in method 'walk'
	/opt/quarto/share/pandoc/datadir/_utils.lua:607: in function '_utils.walk'
	/opt/quarto/share/filters/main.lua:574: in local 'checked_walk'
	/opt/quarto/share/filters/main.lua:629: in function 'run_emulated_filter'
	/opt/quarto/share/filters/main.lua:1317: in local 'callback'
	[string "if pandoc.system.os == "mingw32" then..."]:778: in field 'withScriptFile'
	/opt/quarto/share/filters/main.lua:1333: in upvalue 'run_emulated_filter_chain'
	/opt/quarto/share/filters/main.lua:1371: in function </opt/quarto/share/filters/main.lua:1368>
stack traceback:
	/opt/quarto/share/pandoc/datadir/_utils.lua:607: in function '_utils.walk'
	/opt/quarto/share/filters/main.lua:574: in local 'checked_walk'
	/opt/quarto/share/filters/main.lua:629: in function 'run_emulated_filter'
	/opt/quarto/share/filters/main.lua:1317: in local 'callback'
	[string "if pandoc.system.os == "mingw32" then..."]:778: in field 'withScriptFile'
	/opt/quarto/share/filters/main.lua:1333: in upvalue 'run_emulated_filter_chain'
	/opt/quarto/share/filters/main.lua:1371: in function </opt/quarto/share/filters/main.lua:1368>
WARN: Error encountered when rendering files
