
Starting python3 kernel...
Done


Executing 'example.quarto_ipynb'

  Cell 1/3: ''...
Done

  Cell 2/3: ''...
Done

  Cell 3/3: ''...
Done



pandoc 

  to: html
  output-file: example.html
  standalone: true
  section-divs: true
  html-math-method: mathjax
  wrap: none
  default-image-extension: png
  variables: {}
  

metadata

  document-css: false
  link-citations: true
  date-format: long
  lang: en
  title: Add Code Files
  author: Shafayet Khan Shafee
  date: last-modified
  jupyter: python3
  

Output created: example.html


