Cloning into 'repo'...


processing file: example_knitr.qmd
1/11                  
2/11 [unnamed-chunk-1]
3/11                  
4/11 [unnamed-chunk-2]
5/11                  
6/11 [unnamed-chunk-3]
7/11                  
8/11 [unnamed-chunk-4]
9/11                  
10/11 [unnamed-chunk-5]
11/11                  
output file: example_knitr.knit.md

pandoc 
  to: html
  output-file: example_knitr.html
  standalone: true
  embed-resources: true
  section-divs: true
  html-math-method: mathjax
  wrap: none
  default-image-extension: png
  variables: {}
  
metadata
  document-css: false
  link-citations: true
  date-format: long
  lang: en
  title: Add Code Files
  author: Shafayet Khan Shafee
  date: last-modified
  
Output created: example_knitr.html



processing file: example_filename.qmd
1/1
output file: example_filename.knit.md

pandoc 
  to: html
  output-file: example_filename.html
  standalone: true
  embed-resources: true
  section-divs: true
  html-math-method: mathjax
  wrap: none
  default-image-extension: png
  variables: {}
  
metadata
  document-css: false
  link-citations: true
  date-format: long
  lang: en
  title: Add Code Files
  author: Shafayet Khan Shafee
  date: last-modified
  
Output created: example_filename.html


Starting python3 kernel...Done

Executing 'example.quarto_ipynb'
  Cell 1/3: ''...Done
  Cell 2/3: ''...Done
  Cell 3/3: ''...Done

pandoc 
  to: html
  output-file: example.html
  standalone: true
  section-divs: true
  html-math-method: mathjax
  wrap: none
  default-image-extension: png
  variables: {}
  
metadata
  document-css: false
  link-citations: true
  date-format: long
  lang: en
  title: Add Code Files
  author: Shafayet Khan Shafee
  date: last-modified
  jupyter: python3
  
Output created: example.html

