

processing file: index.qmd

1/9                  

2/9 [unnamed-chunk-1]

3/9                  

4/9 [unnamed-chunk-2]

5/9                  

6/9 [unnamed-chunk-3]

7/9                  

8/9 [unnamed-chunk-4]

Error in `loadNamespace()`:
! there is no package called 'coresInsper'
Backtrace:
    x
 1. \-base::loadNamespace(x)
 2.   \-base::withRestarts(stop(cond), retry_loadNamespace = function() NULL)
 3.     \-base (local) withOneRestart(expr, restarts[[1L]])
 4.       \-base (local) doWithOneRestart(return(expr), restart)


Quitting from index.qmd:71-104 [unnamed-chunk-4]

Execution halted

(WARN) Error encountered when rendering files

