Cloning into 'repo'...
Installing package into '/home/runner/work/quarto-extensions/quarto-extensions/test-19/R/x86_64-pc-linux-gnu-library/4.6'
(as 'lib' is unspecified)
trying URL 'https://packagemanager.posit.co/cran/latest/src/contrib/renv_1.2.2.tar.gz'
Content type 'binary/octet-stream' length 1356485 bytes (1.3 MB)
==================================================
downloaded 1.3 MB

* installing *source* package 'renv' ...
** this is package 'renv' version '1.2.2'
** package 'renv' successfully unpacked and MD5 sums checked
** using staged installation
** R
** inst
** byte-compile and prepare package for lazy loading
** help
*** installing help indices
*** copying figures
** building package indices
** installing vignettes
** testing if installed package can be loaded from temporary location
** checking absolute paths in shared objects and dynamic libraries
** testing if installed package can be loaded from final location
** testing if installed package keeps a record of temporary installation path
* DONE (renv)

The downloaded source packages are in
	'/tmp/RtmpSN5u52/downloaded_packages'
Installing packages into '/home/runner/work/quarto-extensions/quarto-extensions/test-19/R/x86_64-pc-linux-gnu-library/4.6'
(as 'lib' is unspecified)
also installing the dependencies 'fs', 'sass', 'AmesHousing', 'babynames', 'fueleconomy', 'gapminder', 'Lahman', 'nasaweather', 'nycflights13', 'pixarfilms', 'extrafontdb', 'Rttf2pt1', 'bslib'

trying URL 'https://packagemanager.posit.co/cran/latest/src/contrib/fs_2.1.0.tar.gz'
trying URL 'https://packagemanager.posit.co/cran/latest/src/contrib/sass_0.4.10.tar.gz'
trying URL 'https://packagemanager.posit.co/cran/latest/src/contrib/AmesHousing_0.0.4.tar.gz'
trying URL 'https://packagemanager.posit.co/cran/latest/src/contrib/babynames_1.0.1.tar.gz'
trying URL 'https://packagemanager.posit.co/cran/latest/src/contrib/fueleconomy_1.0.0.tar.gz'
trying URL 'https://packagemanager.posit.co/cran/latest/src/contrib/gapminder_1.0.1.tar.gz'
trying URL 'https://packagemanager.posit.co/cran/latest/src/contrib/Lahman_14.0-0.tar.gz'
trying URL 'https://packagemanager.posit.co/cran/latest/src/contrib/nasaweather_0.1.1.tar.gz'
trying URL 'https://packagemanager.posit.co/cran/latest/src/contrib/nycflights13_1.0.2.tar.gz'
trying URL 'https://packagemanager.posit.co/cran/latest/src/contrib/pixarfilms_0.2.1.tar.gz'
trying URL 'https://packagemanager.posit.co/cran/latest/src/contrib/extrafontdb_1.1.tar.gz'
trying URL 'https://packagemanager.posit.co/cran/latest/src/contrib/Rttf2pt1_1.3.14.tar.gz'
trying URL 'https://packagemanager.posit.co/cran/latest/src/contrib/bslib_0.10.0.tar.gz'
trying URL 'https://packagemanager.posit.co/cran/latest/src/contrib/dados_0.1.0.tar.gz'
trying URL 'https://packagemanager.posit.co/cran/latest/src/contrib/extrafont_0.20.tar.gz'
trying URL 'https://packagemanager.posit.co/cran/latest/src/contrib/rmarkdown_2.31.tar.gz'
* installing *source* package 'fs' ...
** this is package 'fs' version '2.1.0'
** package 'fs' successfully unpacked and MD5 sums checked
** using staged installation
Package libuv was not found in the pkg-config search path.
Perhaps you should add the directory containing `libuv.pc'
to the PKG_CONFIG_PATH environment variable
No package 'libuv' found
ERROR: configuration failed for package 'fs'
* removing '/home/runner/work/quarto-extensions/quarto-extensions/test-19/R/x86_64-pc-linux-gnu-library/4.6/fs'
* installing *source* package 'AmesHousing' ...
** this is package 'AmesHousing' version '0.0.4'
** package 'AmesHousing' successfully unpacked and MD5 sums checked
** using staged installation
** R
** data
*** moving datasets to lazyload DB
** byte-compile and prepare package for lazy loading
** help
*** installing help indices
** building package indices
** testing if installed package can be loaded from temporary location
** testing if installed package can be loaded from final location
** testing if installed package keeps a record of temporary installation path
* DONE (AmesHousing)
* installing *source* package 'babynames' ...
** this is package 'babynames' version '1.0.1'
** package 'babynames' successfully unpacked and MD5 sums checked
** using staged installation
** R
** data
*** moving datasets to lazyload DB
** byte-compile and prepare package for lazy loading
** help
*** installing help indices
** building package indices
** testing if installed package can be loaded from temporary location
** testing if installed package can be loaded from final location
** testing if installed package keeps a record of temporary installation path
* DONE (babynames)
* installing *source* package 'fueleconomy' ...
** this is package 'fueleconomy' version '1.0.0'
** package 'fueleconomy' successfully unpacked and MD5 sums checked
** using staged installation
** R
** data
*** moving datasets to lazyload DB
** byte-compile and prepare package for lazy loading
** help
*** installing help indices
** building package indices
** testing if installed package can be loaded from temporary location
** testing if installed package can be loaded from final location
** testing if installed package keeps a record of temporary installation path
* DONE (fueleconomy)
* installing *source* package 'gapminder' ...
** this is package 'gapminder' version '1.0.1'
** package 'gapminder' successfully unpacked and MD5 sums checked
** using staged installation
** R
** data
*** moving datasets to lazyload DB
** inst
** byte-compile and prepare package for lazy loading
** help
*** installing help indices
*** copying figures
** building package indices
** installing vignettes
** testing if installed package can be loaded from temporary location
** testing if installed package can be loaded from final location
** testing if installed package keeps a record of temporary installation path
* DONE (gapminder)
* installing *source* package 'Lahman' ...
** this is package 'Lahman' version '14.0-0'
** package 'Lahman' successfully unpacked and MD5 sums checked
** using staged installation
** R
** data
*** moving datasets to lazyload DB
** demo
** inst
** byte-compile and prepare package for lazy loading
** help
*** installing help indices
*** copying figures
** building package indices
** installing vignettes
** testing if installed package can be loaded from temporary location
** testing if installed package can be loaded from final location
** testing if installed package keeps a record of temporary installation path
* DONE (Lahman)
* installing *source* package 'nasaweather' ...
** this is package 'nasaweather' version '0.1.1'
** package 'nasaweather' successfully unpacked and MD5 sums checked
** using staged installation
** R
** data
*** moving datasets to lazyload DB
** byte-compile and prepare package for lazy loading
** help
*** installing help indices
** building package indices
** testing if installed package can be loaded from temporary location
** testing if installed package can be loaded from final location
** testing if installed package keeps a record of temporary installation path
* DONE (nasaweather)
* installing *source* package 'nycflights13' ...
** this is package 'nycflights13' version '1.0.2'
** package 'nycflights13' successfully unpacked and MD5 sums checked
** using staged installation
** R
** data
*** moving datasets to lazyload DB
** byte-compile and prepare package for lazy loading
** help
*** installing help indices
** building package indices
** testing if installed package can be loaded from temporary location
** testing if installed package can be loaded from final location
** testing if installed package keeps a record of temporary installation path
* DONE (nycflights13)
* installing *source* package 'pixarfilms' ...
** this is package 'pixarfilms' version '0.2.1'
** package 'pixarfilms' successfully unpacked and MD5 sums checked
** using staged installation
** R
** data
*** moving datasets to lazyload DB
** inst
** byte-compile and prepare package for lazy loading
** help
*** installing help indices
*** copying figures
** building package indices
** installing vignettes
** testing if installed package can be loaded from temporary location
** testing if installed package can be loaded from final location
** testing if installed package keeps a record of temporary installation path
* DONE (pixarfilms)
* installing *source* package 'extrafontdb' ...
** this is package 'extrafontdb' version '1.1'
** package 'extrafontdb' successfully unpacked and MD5 sums checked
** using staged installation
** R
** inst
** byte-compile and prepare package for lazy loading
** help
*** installing help indices
** building package indices
** testing if installed package can be loaded from temporary location
** testing if installed package can be loaded from final location
** testing if installed package keeps a record of temporary installation path
* DONE (extrafontdb)
* installing *source* package 'Rttf2pt1' ...
** this is package 'Rttf2pt1' version '1.3.14'
** package 'Rttf2pt1' successfully unpacked and MD5 sums checked
** using staged installation
** libs
installing via 'install.libs.R' to /home/runner/work/quarto-extensions/quarto-extensions/test-19/R/x86_64-pc-linux-gnu-library/4.6/00LOCK-Rttf2pt1/00new/Rttf2pt1
Installing ttf2pt1/ttf2pt1 to /home/runner/work/quarto-extensions/quarto-extensions/test-19/R/x86_64-pc-linux-gnu-library/4.6/00LOCK-Rttf2pt1/00new/Rttf2pt1/exec
** R
** inst
** byte-compile and prepare package for lazy loading
** help
*** installing help indices
** building package indices
** testing if installed package can be loaded from temporary location
** testing if installed package can be loaded from final location
** testing if installed package keeps a record of temporary installation path
* DONE (Rttf2pt1)
ERROR: dependency 'fs' is not available for package 'sass'
Perhaps try a variation of:
install.packages('fs')
* removing '/home/runner/work/quarto-extensions/quarto-extensions/test-19/R/x86_64-pc-linux-gnu-library/4.6/sass'
* installing *source* package 'dados' ...
** this is package 'dados' version '0.1.0'
** package 'dados' successfully unpacked and MD5 sums checked
** using staged installation
** R
** data
*** moving datasets to lazyload DB
** inst
** byte-compile and prepare package for lazy loading
** help
*** installing help indices
*** copying figures
** building package indices
** testing if installed package can be loaded from temporary location
** testing if installed package can be loaded from final location
** testing if installed package keeps a record of temporary installation path
* DONE (dados)
* installing *source* package 'extrafont' ...
** this is package 'extrafont' version '0.20'
** package 'extrafont' successfully unpacked and MD5 sums checked
** using staged installation
** R
** byte-compile and prepare package for lazy loading
** help
*** installing help indices
** building package indices
** testing if installed package can be loaded from temporary location
** testing if installed package can be loaded from final location
** testing if installed package keeps a record of temporary installation path
* DONE (extrafont)
ERROR: dependency 'sass' is not available for package 'bslib'
Perhaps try a variation of:
install.packages('sass')
* removing '/home/runner/work/quarto-extensions/quarto-extensions/test-19/R/x86_64-pc-linux-gnu-library/4.6/bslib'
ERROR: dependency 'bslib' is not available for package 'rmarkdown'
Perhaps try a variation of:
install.packages('bslib')
* removing '/home/runner/work/quarto-extensions/quarto-extensions/test-19/R/x86_64-pc-linux-gnu-library/4.6/rmarkdown'

The downloaded source packages are in
	'/tmp/RtmpSN5u52/downloaded_packages'
Warning messages:
1: package 'coresInsper' is not available for this version of R

A version of this package for your version of R might be available elsewhere,
see the ideas at
https://cran.r-project.org/doc/manuals/r-patched/R-admin.html#Installing-packages 
2: In install.packages(deps, repos = ppm) :
  installation of package 'fs' had non-zero exit status
3: In install.packages(deps, repos = ppm) :
  installation of package 'sass' had non-zero exit status
4: In install.packages(deps, repos = ppm) :
  installation of package 'bslib' had non-zero exit status
5: In install.packages(deps, repos = ppm) :
  installation of package 'rmarkdown' had non-zero exit status
Error in loadNamespace(x) : there is no package called 'rmarkdown'
Calls: loadNamespace -> withRestarts -> withOneRestart -> doWithOneRestart
Execution halted
R installation:
  Version: 4.6.0
  Path: /opt/R/4.6.0/lib/R
  LibPaths:
    - /home/runner/work/quarto-extensions/quarto-extensions/test-19/R/x86_64-pc-linux-gnu-library/4.6
    - /opt/R/4.6.0/lib/R/library
  knitr: 1.51
  rmarkdown: (None)

The rmarkdown package is not available in this R installation.
Install with install.packages("rmarkdown")

WARN: Error encountered when rendering files
Render failed, retrying once...
Error in loadNamespace(x) : there is no package called 'rmarkdown'
Calls: loadNamespace -> withRestarts -> withOneRestart -> doWithOneRestart
Execution halted
R installation:
  Version: 4.6.0
  Path: /opt/R/4.6.0/lib/R
  LibPaths:
    - /home/runner/work/quarto-extensions/quarto-extensions/test-19/R/x86_64-pc-linux-gnu-library/4.6
    - /opt/R/4.6.0/lib/R/library
  knitr: 1.51
  rmarkdown: (None)

The rmarkdown package is not available in this R installation.
Install with install.packages("rmarkdown")

WARN: Error encountered when rendering files
