Dependency install phase for padsinsper/quarto-insper-theme: auto-detect
Auto-detecting R dependencies for padsinsper/quarto-insper-theme (knitr engine, no renv.lock).
** libs
using C compiler: 'gcc (Ubuntu 13.3.0-6ubuntu2~24.04.1) 13.3.0'
gcc -std=gnu2x -I"/opt/R/4.6.0/lib/R/include" -DNDEBUG   -I/usr/local/include    -fpic  -g -O2  -c renv.c -o renv.o
gcc -std=gnu2x -shared -L/opt/R/4.6.0/lib/R/lib -L/usr/local/lib -o renv.so renv.o -L/opt/R/4.6.0/lib/R/lib -lR
Installing R packages: coresInsper, dados, extrafont 
echo "make ttf2pt1 in ttf2pt1/ ..."
make ttf2pt1 in ttf2pt1/ ...
(cd ttf2pt1; make CC="`"/opt/R/4.6.0/lib/R/bin/R" CMD config CC`" CFLAGS="`"/opt/R/4.6.0/lib/R/bin/R" CMD config CFLAGS`" ttf2pt1)
make[1]: Entering directory '/tmp/RtmpToOIyf/R.INSTALL31d71584413/Rttf2pt1/src/ttf2pt1'
gcc -std=gnu2x -g -O2 -c ttf2pt1.c
gcc -std=gnu2x -g -O2 -c pt1.c
gcc -std=gnu2x -g -O2  -c runt1asm.c
gcc -std=gnu2x -g -O2 -c ttf.c
gcc -std=gnu2x -g -O2 -c ft.c
gcc -std=gnu2x -g -O2 -c bdf.c
gcc -std=gnu2x -g -O2 -c bitmap.c
gcc -std=gnu2x -g -O2 -o ttf2pt1 ttf2pt1.o pt1.o runt1asm.o ttf.o ft.o bdf.o bitmap.o -lm  
make[1]: Leaving directory '/tmp/RtmpToOIyf/R.INSTALL31d71584413/Rttf2pt1/src/ttf2pt1'
[1] ""
tlmgr: package repository https://ctan.math.illinois.edu/systems/texlive/tlnet (verified)
tlmgr: no self-updates for tlmgr available
Using CTAN mirror: https://ctan.math.illinois.edu/systems/texlive/tlnet
