pandoc 

  to: latex
  output-file: template.tex
  template: _extensions/quarto-journals/acm/acmarttemplate.tex
  standalone: true
  pdf-engine: lualatex
  variables:
    graphics: true
    tables: true
    quarto:
      language:
        toc-title-document: Table of contents
        toc-title-website: On this page
        related-formats-title: Other Formats
        related-notebooks-title: Notebooks
        source-notebooks-prefix: Source
        other-links-title: Other Links
        code-links-title: Code Links
        launch-dev-container-title: Launch Dev Container
        launch-binder-title: Launch Binder
        article-notebook-label: Article Notebook
        notebook-preview-download: Download Notebook
        notebook-preview-download-src: Download Source
        notebook-preview-back: Back to Article
        manuscript-meca-bundle: MECA Bundle
        section-title-abstract: Abstract
        section-title-appendices: Appendices
        section-title-footnotes: Footnotes
        section-title-references: References
        section-title-reuse: Reuse
        section-title-copyright: Copyright
        section-title-citation: Citation
        appendix-attribution-cite-as: 'For attribution, please cite this work as:'
        appendix-attribution-bibtex: 'BibTeX citation:'
        appendix-view-license: View License
        title-block-author-single: Author
        title-block-author-plural: Authors
        title-block-affiliation-single: Affiliation
        title-block-affiliation-plural: Affiliations
        title-block-published: Published
        title-block-modified: Modified
        title-block-keywords: Keywords
        callout-tip-title: Tip
        callout-note-title: Note
        callout-warning-title: Warning
        callout-important-title: Important
        callout-caution-title: Caution
        code-summary: Code
        code-tools-menu-caption: Code
        code-tools-show-all-code: Show All Code
        code-tools-hide-all-code: Hide All Code
        code-tools-view-source: View Source
        code-tools-source-code: Source Code
        tools-share: Share
        tools-download: Download
        code-line: Line
        code-lines: Lines
        copy-button-tooltip: Copy to Clipboard
        copy-button-tooltip-success: Copied!
        repo-action-links-edit: Edit this page
        repo-action-links-source: View source
        repo-action-links-issue: Report an issue
        back-to-top: Back to top
        search-no-results-text: No results
        search-matching-documents-text: matching documents
        search-copy-link-title: Copy link to search
        search-hide-matches-text: Hide additional matches
        search-more-match-text: more match in this document
        search-more-matches-text: more matches in this document
        search-clear-button-title: Clear
        search-text-placeholder: ''
        search-detached-cancel-button-title: Cancel
        search-submit-button-title: Submit
        search-label: Search
        toggle-section: Toggle section
        toggle-sidebar: Toggle sidebar navigation
        toggle-dark-mode: Toggle dark mode
        toggle-reader-mode: Toggle reader mode
        toggle-navigation: Toggle navigation
        crossref-fig-title: Figure
        crossref-tbl-title: Table
        crossref-lst-title: Listing
        crossref-thm-title: Theorem
        crossref-lem-title: Lemma
        crossref-cor-title: Corollary
        crossref-prp-title: Proposition
        crossref-cnj-title: Conjecture
        crossref-def-title: Definition
        crossref-exm-title: Example
        crossref-exr-title: Exercise
        crossref-ch-prefix: Chapter
        crossref-apx-prefix: Appendix
        crossref-sec-prefix: Section
        crossref-eq-prefix: Equation
        crossref-lof-title: List of Figures
        crossref-lot-title: List of Tables
        crossref-lol-title: List of Listings
        environment-proof-title: Proof
        environment-remark-title: Remark
        environment-solution-title: Solution
        listing-page-order-by: Order By
        listing-page-order-by-default: Default
        listing-page-order-by-date-asc: Oldest
        listing-page-order-by-date-desc: Newest
        listing-page-order-by-number-desc: High to Low
        listing-page-order-by-number-asc: Low to High
        listing-page-field-date: Date
        listing-page-field-title: Title
        listing-page-field-description: Description
        listing-page-field-author: Author
        listing-page-field-filename: File Name
        listing-page-field-filemodified: Modified
        listing-page-field-subtitle: Subtitle
        listing-page-field-readingtime: Reading Time
        listing-page-field-wordcount: Word Count
        listing-page-field-categories: Categories
        listing-page-minutes-compact: '{0} min'
        listing-page-category-all: All
        listing-page-no-matches: No matching items
        listing-page-words: '{0} words'
        listing-page-filter: Filter
        draft: Draft
  default-image-extension: pdf
  cite-method: natbib
  

metadata

  block-headings: true
  knitr:
    opts_chunk:
      echo: false
  colorlinks: true
  urlcolor: red
  biblio-style: te.bst
  documentclass: acmart
  header-includes:
    - |
      \definecolor{mypink}{RGB}{219, 48, 122}
  bibliography:
    - bibliography.bib
  title: The Name of the Title Is Hope
  short-title: Hope
  author:
    - name: Ben Trovato
      email: trovato@corporation.com
      orcid: 1234-5678-9012
    - name: G.K.M. Tobin
      email: webmaster@marysville-ohio.com
      affiliation:
        name: Institute for Clarity in Documentation
        address: P.O. Box 1212
        city: Dublin
        state: Ohio
        country: USA
        postal-code: 43017-6221
    - name: Lars Thørväld
      email: larst@affiliation.org
      affiliation:
        name: The Thørväld Group
        address: 1 Thørväld Circle
        city: Hekla
        country: Iceland
    - name: Valerie Béranger
      affiliation:
        name: Inria Paris-Rocquencourt
        city: Rocquencourt
        country: France
    - name: Aparna Patel
      affiliation:
        name: Rajiv Gandhi University
        address: Rono-Hills
        city: Doimukh
        state: Arunachal Pradesh
        country: India
    - name: Huifen Chan
      affiliation:
        name: Tsinghua University
        address: 30 Shuangqing Rd
        city: Haidian Qu
        state: Beijing Shi
        country: China
    - name: Charles Palmer
      affiliation:
        name: Palmer Research Laboratories
        address: 8600 Datapoint Drive
        city: San Antonio
        state: Texas
        country: USA
        postal-code: 78829
      email: cpalmer@prl.com
    - name: John Smith
      affiliation:
        name: The Thørväld Group
        address: 1 Thørväld Circle
        city: Hekla
        country: Iceland
      email: jsmith@affiliation.org
    - name: Julius P. Kumquat
      affiliation:
        name: The Kumquat Consortium
        city: New York
        country: USA
      email: jpkumquat@consortium.net
  acm-metadata:
    final: true
    copyright-year: 2018
    acm-year: 2018
    copyright: acmcopyright
    doi: XXXXXXX.XXXXXXX
    conference-acronym: Conference acronym 'XX
    conference-name: |
      Make sure to enter the correct
      conference title from your rights confirmation emai
    conference-date: June 03--05, 2018
    conference-location: Woodstock, NY
    price: '15.00'
    isbn: 978-1-4503-XXXX-X/18/06
    shortauthors: Trovato et al.
    ccs: |
      \begin{CCSXML}
      <ccs2012>
       <concept>
        <concept_id>10010520.10010553.10010562</concept_id>
        <concept_desc>Computer systems organization~Embedded systems</concept_desc>
        <concept_significance>500</concept_significance>
       </concept>
       <concept>
        <concept_id>10010520.10010575.10010755</concept_id>
        <concept_desc>Computer systems organization~Redundancy</concept_desc>
        <concept_significance>300</concept_significance>
       </concept>
       <concept>
        <concept_id>10010520.10010553.10010554</concept_id>
        <concept_desc>Computer systems organization~Robotics</concept_desc>
        <concept_significance>100</concept_significance>
       </concept>
       <concept>
        <concept_id>10003033.10003083.10003095</concept_id>
        <concept_desc>Networks~Network reliability</concept_desc>
        <concept_significance>100</concept_significance>
       </concept>
      </ccs2012>
      \end{CCSXML}
  
      \ccsdesc[500]{Computer systems organization~Embedded systems}
      \ccsdesc[300]{Computer systems organization~Redundancy}
      \ccsdesc{Computer systems organization~Robotics}
      \ccsdesc[100]{Networks~Network reliability}
    keywords:
      - datasets
      - neural networks
      - gaze detection
      - text tagging
  abstract: |
    A clear and well-documented \LaTeX\ document is presented as an
    article formatted for publication by ACM in a conference proceedings
    or journal publication. Based on the "acmart" document class, this
    article presents and explains many of the common variations, as well
    as many of the formatting elements an author may use in the
    preparation of the documentation of their work.
  


Rendering PDF

running lualatex - 1

  This is LuaHBTeX, Version 1.24.0 (TeX Live 2026) 
   restricted system commands enabled.
  

updating tlmgr



updating existing packages

(ERROR) 
compilation failed- error

LaTeX Error: Not in outer par mode.

See the LaTeX manual or LaTeX Companion for explanation.
Type  H <return>  for immediate help.
 ...                                              
                                                  
l.745 {
     \centering \includegraphics{sample-franklin.png}}



see template.log for more information.

(WARN) Error encountered when rendering files

