pandoc 

  to: html
  output-file: example.html
  standalone: true
  section-divs: true
  html-math-method: mathjax
  wrap: none
  default-image-extension: png
  toc: true
  variables: {}
  

metadata

  document-css: false
  link-citations: true
  date-format: long
  lang: en
  title: Filter for Share Buttons
  author: David Schoch
  share:
    permalink: https://mr.schochastics.net/
    description: awesome page
    twitter: true
    facebook: true
    reddit: true
    stumble: true
    tumblr: true
    linkedin: true
    email: true
    mastodon: true
    bsky: true
  

Output created: example.html


