

processing file: computo-quarto-extension.qmd

1/13               

2/13 [r-code]      

3/13               

4/13 [fig-plotly]  

Error in `py_call_impl()`:
! ModuleNotFoundError: No module named 'plotly'
Run `reticulate::py_last_error()` for details.
Backtrace:
     x
  1. \-global .main()
  2.   \-execute(...)
  3.     \-rmarkdown::render(...)
  4.       \-knitr::knit(knit_input, knit_output, envir = envir, quiet = quiet)
  5.         \-knitr:::process_file(text, output)
  6.           +-xfun:::handle_error(...)
  7.           +-base::withCallingHandlers(...)
  8.           \-knitr:::process_group(group)
  9.             \-knitr:::call_block(x)
 10.               \-knitr:::block_exec(params)
 11.                 +-knitr:::in_input_dir(engine(options))
 12.                 | \-knitr:::in_dir(input_dir(), expr)
 13.                 \-knitr (local) engine(options)
 14.                   \-reticulate::eng_python(options)
 15.                     \-reticulate:::py_compile_eval(snippet, compile_mode)
 16.                       +-reticulate::py_capture_output(...)
 17.                       | +-base::tryCatch(...)
 18.                       | | \-base (local) tryCatchList(expr, classes, parentenv, handlers)
 19.                       | \-base::force(expr)
 20.                       \-builtins$eval(compiled, globals, locals)
 21.                         \-reticulate:::py_call_impl(callable, call_args$unnamed, call_args$named)


Quitting from computo-quarto-extension.qmd:117-126 [fig-plotly]

Execution halted

(WARN) Error encountered when rendering files

