Cloning into 'repo'...
Installing package into '/home/runner/work/quarto-extensions/quarto-extensions/test-2/R/x86_64-pc-linux-gnu-library/4.6'
(as 'lib' is unspecified)
trying URL 'https://cloud.r-project.org/src/contrib/renv_1.2.2.tar.gz'
Content type 'application/x-gzip' length 1360368 bytes (1.3 MB)
==================================================
downloaded 1.3 MB

* installing *source* package 'renv' ...
** this is package 'renv' version '1.2.2'
** package 'renv' successfully unpacked and MD5 sums checked
** using staged installation
** R
** inst
** byte-compile and prepare package for lazy loading
** help
*** installing help indices
*** copying figures
** building package indices
** installing vignettes
** testing if installed package can be loaded from temporary location
** checking absolute paths in shared objects and dynamic libraries
** testing if installed package can be loaded from final location
** testing if installed package keeps a record of temporary installation path
* DONE (renv)

The downloaded source packages are in
	'/tmp/Rtmp7eCvS0/downloaded_packages'
Error: failed to install "rmarkdown", "base64enc", "htmltools", "bslib", "isoband", "tidyr", "data.table", "dplyr", "knitr", "yaml", "tibble", "reticulate", "Rcpp", "ggplot2", "chromote", "crosstalk", "fansi", "later", "lazyeval", "plotly", "promises", "webshot2", "websocket"
Execution halted
renv restore failed for computorg/computo-quarto-extension.
Dependency install failed (exit 1) for computorg/computo-quarto-extension.
