Dependency source policy check passed for kazuyanagimoto/quarto-clean-typst.
Dependency install phase for kazuyanagimoto/quarto-clean-typst: renv.lock
Installing R dependencies from renv.lock for kazuyanagimoto/quarto-clean-typst.
# Bootstrapping renv 1.1.5 ---------------------------------------------------
- Downloading renv ... OK
- Installing renv  ... OK

- One or more packages recorded in the lockfile are not installed.
- Use `renv::status()` for more details.
- One or more packages recorded in the lockfile are not installed.
- Use `renv::status()` for more details.
The following required system packages are not installed:
- pandoc  [required by knitr, rmarkdown, tables]
The R packages depending on these system packages may fail to install.

An administrator can install these packages with:
- sudo apt install pandoc

The following package(s) will be updated:

# CRAN -----------------------------------------------------------------------
- S7             [0.2.2 -> 0.2.1]
- backports      [1.5.1 -> 1.5.0]
- base64enc      [0.1-6 -> 0.1-3]
- cli            [3.6.6 -> 3.6.5]
- cpp11          [0.5.5 -> 0.5.2]
- data.table     [1.18.4 -> 1.17.8]
- dplyr          [1.2.1 -> 1.1.4]
- fs             [2.1.0 -> 1.6.6]
- ggplot2        [4.0.3 -> 4.0.1]
- glue           [1.8.1 -> 1.8.0]
- highr          [0.12 -> 0.11]
- knitr          [1.51 -> 1.50]
- rappdirs       [0.3.4 -> 0.3.3]
- tibble         [3.3.1 -> 3.3.0]
- tinytex        [0.60 -> 0.58]
- xfun           [0.60 -> 0.55]
- bayestestR     [* -> 0.17.0]
- checkmate      [* -> 2.3.3]
- datawizard     [* -> 1.3.0]
- insight        [* -> 1.4.4]
- modelsummary   [* -> 2.5.0]
- parameters     [* -> 0.28.3]
- performance    [* -> 0.15.3]
- showtext       [* -> 0.9-7]
- showtextdb     [* -> 3.0]
- sysfonts       [* -> 0.8.9]
- tables         [* -> 0.9.33]
- tinytable      [* -> 0.15.1]

# RSPM -----------------------------------------------------------------------
- bslib          [repo: CRAN -> RSPM; ver: 0.11.0 -> 0.9.0]
- lifecycle      [repo: CRAN -> RSPM; ver: 1.0.5 -> 1.0.4]
- magrittr       [repo: CRAN -> RSPM; ver: 2.0.5 -> 2.0.4]
- purrr          [repo: CRAN -> RSPM; ver: 1.2.2 -> 1.2.0]
- rlang          [repo: CRAN -> RSPM; ver: 1.3.0 -> 1.1.6]
- rmarkdown      [repo: CRAN -> RSPM; ver: 2.31 -> 2.30]
- tidyr          [repo: CRAN -> RSPM; ver: 1.3.2 -> 1.3.1]
- vctrs          [repo: CRAN -> RSPM; ver: 0.7.3 -> 0.6.5]
- viridisLite    [repo: CRAN -> RSPM; ver: 0.4.3 -> 0.4.2]
- withr          [repo: CRAN -> RSPM; ver: 3.0.3 -> 3.0.2]

# Downloading packages -------------------------------------------------------
- Downloading rmarkdown from RSPM ...           OK [2.1 Mb in 0.37s]
- Downloading bslib from RSPM ...               OK [5.2 Mb in 0.37s]
- Downloading base64enc from CRAN ...           OK [7.7 Kb in 0.32s]
- Downloading rlang from RSPM ...               OK [747.5 Kb in 0.35s]
- Downloading lifecycle from RSPM ...           OK [105.8 Kb in 0.35s]
- Downloading cli from CRAN ...                 OK [623.3 Kb in 0.33s]
- Downloading glue from CRAN ...                OK [123.6 Kb in 0.34s]
- Downloading fs from CRAN ...                  OK [1.1 Mb in 0.4s]
- Downloading rappdirs from CRAN ...            OK [11.9 Kb in 0.4s]
- Downloading knitr from CRAN ...               OK [521.8 Kb in 0.36s]
- Downloading highr from CRAN ...               OK [12.7 Kb in 0.32s]
- Downloading xfun from CRAN ...                OK [168 Kb in 0.86s]
- Downloading tinytex from CRAN ...             OK [35.8 Kb in 0.34s]
- Downloading vctrs from RSPM ...               OK [945.3 Kb in 0.32s]
- Downloading cpp11 from CRAN ...               OK [284.1 Kb in 0.37s]
- Downloading withr from RSPM ...               OK [223.3 Kb in 0.33s]
- Downloading S7 from CRAN ...                  OK [178.6 Kb in 0.34s]
- Downloading backports from CRAN ...           OK [29.9 Kb in 0.31s]
- Downloading tidyr from RSPM ...               OK [786.1 Kb in 0.34s]
- Downloading dplyr from CRAN ...               OK [1.2 Mb in 0.35s]
- Downloading tibble from CRAN ...              OK [571.3 Kb in 0.36s]
- Downloading purrr from RSPM ...               OK [270.1 Kb in 0.42s]
- Downloading data.table from CRAN ...          OK [5.5 Mb in 0.5s]
- Downloading ggplot2 from CRAN ...             OK [6 Mb in 0.49s]
- Downloading viridisLite from RSPM ...         OK [1.2 Mb in 0.33s]
- Downloading bayestestR from CRAN ...          OK [1.1 Mb in 0.35s]
- Downloading insight from CRAN ...             OK [1 Mb in 0.43s]
- Downloading datawizard from CRAN ...          OK [1.1 Mb in 0.36s]
- Downloading checkmate from CRAN ...           OK [254.5 Kb in 0.32s]
- Downloading modelsummary from CRAN ...        OK [3 Mb in 0.35s]
- Downloading parameters from CRAN ...          OK [2.1 Mb in 0.37s]
- Downloading performance from CRAN ...         OK [2.1 Mb in 0.33s]
- Downloading tables from CRAN ...              OK [859.4 Kb in 0.37s]
- Downloading tinytable from CRAN ...           OK [384.4 Kb in 0.65s]
- Downloading showtext from CRAN ...            OK [445 Kb in 0.46s]
- Downloading sysfonts from CRAN ...            OK [1.2 Mb in 0.34s]
- Downloading showtextdb from CRAN ...          OK [1.9 Mb in 0.34s]
Successfully downloaded 37 packages in 20 seconds.

# Installing packages --------------------------------------------------------
- Installing magrittr ...                       OK [linked from cache]
- Installing base64enc ...                      FAILED
Traceback (most recent calls last):
13: renv::restore()
12: renv_restore_run_actions(project, diff, current, lockfile, rebuild)
11: renv_install_impl(records)
10: renv_install_staged(records)
 9: renv_install_default(records)
 8: handler(package, renv_install_package(record))
 7: renv_install_package(record)
 6: withCallingHandlers(renv_install_package_impl(record), error = function(e) writef("FAILED"))
 5: renv_install_package_impl(record)
 4: r_cmd_install(package, path)
 3: r_exec_error(package, output, "install", status)
 2: abort(all)
 1: stop(fallback)
Installing R dependencies from renv.lock for kazuyanagimoto/quarto-clean-typst.
- One or more packages recorded in the lockfile are not installed.
- Use `renv::status()` for more details.
- One or more packages recorded in the lockfile are not installed.
- Use `renv::status()` for more details.
The following required system packages are not installed:
- pandoc  [required by knitr, rmarkdown, tables]
The R packages depending on these system packages may fail to install.

An administrator can install these packages with:
- sudo apt install pandoc

The following package(s) will be updated:

# CRAN -----------------------------------------------------------------------
- S7             [0.2.2 -> 0.2.1]
- backports      [1.5.1 -> 1.5.0]
- base64enc      [0.1-6 -> 0.1-3]
- cli            [3.6.6 -> 3.6.5]
- cpp11          [0.5.5 -> 0.5.2]
- data.table     [1.18.4 -> 1.17.8]
- dplyr          [1.2.1 -> 1.1.4]
- fs             [2.1.0 -> 1.6.6]
- ggplot2        [4.0.3 -> 4.0.1]
- glue           [1.8.1 -> 1.8.0]
- highr          [0.12 -> 0.11]
- knitr          [1.51 -> 1.50]
- rappdirs       [0.3.4 -> 0.3.3]
- tibble         [3.3.1 -> 3.3.0]
- tinytex        [0.60 -> 0.58]
- xfun           [0.60 -> 0.55]
- bayestestR     [* -> 0.17.0]
- checkmate      [* -> 2.3.3]
- datawizard     [* -> 1.3.0]
- insight        [* -> 1.4.4]
- modelsummary   [* -> 2.5.0]
- parameters     [* -> 0.28.3]
- performance    [* -> 0.15.3]
- showtext       [* -> 0.9-7]
- showtextdb     [* -> 3.0]
- sysfonts       [* -> 0.8.9]
- tables         [* -> 0.9.33]
- tinytable      [* -> 0.15.1]

# RSPM -----------------------------------------------------------------------
- bslib          [repo: CRAN -> RSPM; ver: 0.11.0 -> 0.9.0]
- lifecycle      [repo: CRAN -> RSPM; ver: 1.0.5 -> 1.0.4]
- magrittr       [repo: CRAN -> RSPM; ver: 2.0.5 -> 2.0.4]
- purrr          [repo: CRAN -> RSPM; ver: 1.2.2 -> 1.2.0]
- rlang          [repo: CRAN -> RSPM; ver: 1.3.0 -> 1.1.6]
- rmarkdown      [repo: CRAN -> RSPM; ver: 2.31 -> 2.30]
- tidyr          [repo: CRAN -> RSPM; ver: 1.3.2 -> 1.3.1]
- vctrs          [repo: CRAN -> RSPM; ver: 0.7.3 -> 0.6.5]
- viridisLite    [repo: CRAN -> RSPM; ver: 0.4.3 -> 0.4.2]
- withr          [repo: CRAN -> RSPM; ver: 3.0.3 -> 3.0.2]

# Downloading packages -------------------------------------------------------
- Downloading rmarkdown from RSPM ...           OK [file is up to date]
- Downloading bslib from RSPM ...               OK [file is up to date]
- Downloading base64enc from CRAN ...           OK [file is up to date]
- Downloading rlang from RSPM ...               OK [file is up to date]
- Downloading lifecycle from RSPM ...           OK [file is up to date]
- Downloading cli from CRAN ...                 OK [file is up to date]
- Downloading glue from CRAN ...                OK [file is up to date]
- Downloading fs from CRAN ...                  OK [file is up to date]
- Downloading rappdirs from CRAN ...            OK [file is up to date]
- Downloading knitr from CRAN ...               OK [file is up to date]
- Downloading highr from CRAN ...               OK [file is up to date]
- Downloading xfun from CRAN ...                OK [file is up to date]
- Downloading tinytex from CRAN ...             OK [file is up to date]
- Downloading vctrs from RSPM ...               OK [file is up to date]
- Downloading cpp11 from CRAN ...               OK [file is up to date]
- Downloading withr from RSPM ...               OK [file is up to date]
- Downloading S7 from CRAN ...                  OK [file is up to date]
- Downloading backports from CRAN ...           OK [file is up to date]
- Downloading tidyr from RSPM ...               OK [file is up to date]
- Downloading dplyr from CRAN ...               OK [file is up to date]
- Downloading tibble from CRAN ...              OK [file is up to date]
- Downloading purrr from RSPM ...               OK [file is up to date]
- Downloading data.table from CRAN ...          OK [file is up to date]
- Downloading ggplot2 from CRAN ...             OK [file is up to date]
- Downloading viridisLite from RSPM ...         OK [file is up to date]
- Downloading bayestestR from CRAN ...          OK [file is up to date]
- Downloading insight from CRAN ...             OK [file is up to date]
- Downloading datawizard from CRAN ...          OK [file is up to date]
- Downloading checkmate from CRAN ...           OK [file is up to date]
- Downloading modelsummary from CRAN ...        OK [file is up to date]
- Downloading parameters from CRAN ...          OK [file is up to date]
- Downloading performance from CRAN ...         OK [file is up to date]
- Downloading tables from CRAN ...              OK [file is up to date]
- Downloading tinytable from CRAN ...           OK [file is up to date]
- Downloading showtext from CRAN ...            OK [file is up to date]
- Downloading sysfonts from CRAN ...            OK [file is up to date]
- Downloading showtextdb from CRAN ...          OK [file is up to date]
Successfully downloaded 37 packages in 18 seconds.

# Installing packages --------------------------------------------------------
- Installing magrittr ...                       OK [linked from cache]
- Installing base64enc ...                      FAILED
Traceback (most recent calls last):
13: renv::restore()
12: renv_restore_run_actions(project, diff, current, lockfile, rebuild)
11: renv_install_impl(records)
10: renv_install_staged(records)
 9: renv_install_default(records)
 8: handler(package, renv_install_package(record))
 7: renv_install_package(record)
 6: withCallingHandlers(renv_install_package_impl(record), error = function(e) writef("FAILED"))
 5: renv_install_package_impl(record)
 4: r_cmd_install(package, path)
 3: r_exec_error(package, output, "install", status)
 2: abort(all)
 1: stop(fallback)
