

processing file: example_knitr.qmd

1/11                  

2/11 [unnamed-chunk-1]

3/11                  

4/11 [unnamed-chunk-2]

5/11                  
6/11 [unnamed-chunk-3]

7/11                  

8/11 [unnamed-chunk-4]

9/11                  

10/11 [unnamed-chunk-5]

11/11                  

output file: example_knitr.knit.md


pandoc 

  to: html
  output-file: example_knitr.html
  standalone: true
  embed-resources: true
  section-divs: true
  html-math-method: mathjax
  wrap: none
  default-image-extension: png
  variables: {}
  

metadata

  document-css: false
  link-citations: true
  date-format: long
  lang: en
  engines:
    - path: /opt/quarto/share/extension-subtrees/julia-engine/_extensions/julia-engine/julia-engine.js
  title: Add Code Files
  author: Shafayet Khan Shafee
  date: last-modified
  

Output created: example_knitr.html


