Cloning into 'repo'...
Installing package into '/home/runner/work/quarto-extensions/quarto-extensions/test-22/R/x86_64-pc-linux-gnu-library/4.6'
(as 'lib' is unspecified)
trying URL 'https://packagemanager.posit.co/cran/latest/src/contrib/renv_1.2.2.tar.gz'
Content type 'binary/octet-stream' length 1356485 bytes (1.3 MB)
==================================================
downloaded 1.3 MB

* installing *source* package 'renv' ...
** this is package 'renv' version '1.2.2'
** package 'renv' successfully unpacked and MD5 sums checked
** using staged installation
** R
** inst
** byte-compile and prepare package for lazy loading
** help
*** installing help indices
*** copying figures
** building package indices
** installing vignettes
** testing if installed package can be loaded from temporary location
** checking absolute paths in shared objects and dynamic libraries
** testing if installed package can be loaded from final location
** testing if installed package keeps a record of temporary installation path
* DONE (renv)

The downloaded source packages are in
	'/tmp/RtmpLb2lEv/downloaded_packages'
Installing packages into '/home/runner/work/quarto-extensions/quarto-extensions/test-22/R/x86_64-pc-linux-gnu-library/4.6'
(as 'lib' is unspecified)
also installing the dependencies 'fontBitstreamVera', 'fontLiberation', 'bayestestR', 'insight', 'datawizard', 'mnormt', 'GPArotation', 'httpuv', 'later', 'otel', 'promises', 'sourcetools', 'xtable', 'fontquiver', 'zip', 'gargle', 'fs', 'sass', 'effectsize', 'parameters', 'performance', 'psych', 'shiny', 'signs', 'gdtools', 'officer', 'googledrive', 'googlesheets4', 'reprex', 'bslib'

trying URL 'https://packagemanager.posit.co/cran/latest/src/contrib/fontBitstreamVera_0.1.1.tar.gz'
trying URL 'https://packagemanager.posit.co/cran/latest/src/contrib/fontLiberation_0.1.0.tar.gz'
trying URL 'https://packagemanager.posit.co/cran/latest/src/contrib/bayestestR_0.17.0.tar.gz'
trying URL 'https://packagemanager.posit.co/cran/latest/src/contrib/insight_1.5.0.tar.gz'
trying URL 'https://packagemanager.posit.co/cran/latest/src/contrib/datawizard_1.3.0.tar.gz'
trying URL 'https://packagemanager.posit.co/cran/latest/src/contrib/mnormt_2.1.2.tar.gz'
trying URL 'https://packagemanager.posit.co/cran/latest/src/contrib/GPArotation_2025.3-1.tar.gz'
trying URL 'https://packagemanager.posit.co/cran/latest/src/contrib/httpuv_1.6.17.tar.gz'
trying URL 'https://packagemanager.posit.co/cran/latest/src/contrib/later_1.4.8.tar.gz'
trying URL 'https://packagemanager.posit.co/cran/latest/src/contrib/otel_0.2.0.tar.gz'
trying URL 'https://packagemanager.posit.co/cran/latest/src/contrib/promises_1.5.0.tar.gz'
trying URL 'https://packagemanager.posit.co/cran/latest/src/contrib/sourcetools_0.1.7-2.tar.gz'
trying URL 'https://packagemanager.posit.co/cran/latest/src/contrib/xtable_1.8-8.tar.gz'
trying URL 'https://packagemanager.posit.co/cran/latest/src/contrib/fontquiver_0.2.1.tar.gz'
trying URL 'https://packagemanager.posit.co/cran/latest/src/contrib/zip_2.3.3.tar.gz'
trying URL 'https://packagemanager.posit.co/cran/latest/src/contrib/gargle_1.6.1.tar.gz'
trying URL 'https://packagemanager.posit.co/cran/latest/src/contrib/fs_2.1.0.tar.gz'
trying URL 'https://packagemanager.posit.co/cran/latest/src/contrib/sass_0.4.10.tar.gz'
trying URL 'https://packagemanager.posit.co/cran/latest/src/contrib/effectsize_1.0.2.tar.gz'
trying URL 'https://packagemanager.posit.co/cran/latest/src/contrib/parameters_0.28.3.tar.gz'
trying URL 'https://packagemanager.posit.co/cran/latest/src/contrib/performance_0.16.0.tar.gz'
trying URL 'https://packagemanager.posit.co/cran/latest/src/contrib/psych_2.6.3.tar.gz'
trying URL 'https://packagemanager.posit.co/cran/latest/src/contrib/shiny_1.13.0.tar.gz'
trying URL 'https://packagemanager.posit.co/cran/latest/src/contrib/signs_0.1.2.tar.gz'
trying URL 'https://packagemanager.posit.co/cran/latest/src/contrib/gdtools_0.5.0.tar.gz'
trying URL 'https://packagemanager.posit.co/cran/latest/src/contrib/officer_0.7.4.tar.gz'
trying URL 'https://packagemanager.posit.co/cran/latest/src/contrib/googledrive_2.1.2.tar.gz'
trying URL 'https://packagemanager.posit.co/cran/latest/src/contrib/googlesheets4_1.1.2.tar.gz'
trying URL 'https://packagemanager.posit.co/cran/latest/src/contrib/reprex_2.1.1.tar.gz'
trying URL 'https://packagemanager.posit.co/cran/latest/src/contrib/bslib_0.10.0.tar.gz'
trying URL 'https://packagemanager.posit.co/cran/latest/src/contrib/apa7_0.1.0.tar.gz'
trying URL 'https://packagemanager.posit.co/cran/latest/src/contrib/flextable_0.9.11.tar.gz'
trying URL 'https://packagemanager.posit.co/cran/latest/src/contrib/ftExtra_0.6.4.tar.gz'
trying URL 'https://packagemanager.posit.co/cran/latest/src/contrib/tidyverse_2.0.0.tar.gz'
trying URL 'https://packagemanager.posit.co/cran/latest/src/contrib/tinytable_0.16.0.tar.gz'
trying URL 'https://packagemanager.posit.co/cran/latest/src/contrib/rmarkdown_2.31.tar.gz'
trying URL 'https://packagemanager.posit.co/cran/latest/src/contrib/snakecase_0.11.1.tar.gz'
* installing *source* package 'fontBitstreamVera' ...
** this is package 'fontBitstreamVera' version '0.1.1'
** package 'fontBitstreamVera' successfully unpacked and MD5 sums checked
** using staged installation
** inst
** help
*** installing help indices
** building package indices
** testing if installed package can be loaded from temporary location
** testing if installed package can be loaded from final location
** testing if installed package keeps a record of temporary installation path
* DONE (fontBitstreamVera)
* installing *source* package 'fontLiberation' ...
** this is package 'fontLiberation' version '0.1.0'
** package 'fontLiberation' successfully unpacked and MD5 sums checked
** using staged installation
** inst
** help
*** installing help indices
** building package indices
** testing if installed package can be loaded from temporary location
** testing if installed package can be loaded from final location
** testing if installed package keeps a record of temporary installation path
* DONE (fontLiberation)
* installing *source* package 'insight' ...
** this is package 'insight' version '1.5.0'
** package 'insight' successfully unpacked and MD5 sums checked
** using staged installation
** R
** data
** inst
** byte-compile and prepare package for lazy loading
** help
*** installing help indices
*** copying figures
** building package indices
** installing vignettes
** testing if installed package can be loaded from temporary location
** testing if installed package can be loaded from final location
** testing if installed package keeps a record of temporary installation path
* DONE (insight)
* installing *source* package 'mnormt' ...
** this is package 'mnormt' version '2.1.2'
** package 'mnormt' successfully unpacked and MD5 sums checked
** using staged installation
** libs
using C compiler: 'gcc (Ubuntu 11.4.0-1ubuntu1~22.04.3) 11.4.0'
using Fortran compiler: 'GNU Fortran (Ubuntu 11.4.0-1ubuntu1~22.04.3) 11.4.0'
installing to /home/runner/work/quarto-extensions/quarto-extensions/test-22/R/x86_64-pc-linux-gnu-library/4.6/00LOCK-mnormt/00new/mnormt/libs
** R
** inst
** byte-compile and prepare package for lazy loading
** help
*** installing help indices
** building package indices
** testing if installed package can be loaded from temporary location
** checking absolute paths in shared objects and dynamic libraries
** testing if installed package can be loaded from final location
** testing if installed package keeps a record of temporary installation path
* DONE (mnormt)
* installing *source* package 'GPArotation' ...
** this is package 'GPArotation' version '2025.3-1'
** package 'GPArotation' successfully unpacked and MD5 sums checked
** using staged installation
** R
** data
*** moving datasets to lazyload DB
** inst
** byte-compile and prepare package for lazy loading
** help
*** installing help indices
** building package indices
** installing vignettes
** testing if installed package can be loaded from temporary location
** testing if installed package can be loaded from final location
** testing if installed package keeps a record of temporary installation path
* DONE (GPArotation)
* installing *source* package 'later' ...
** this is package 'later' version '1.4.8'
** package 'later' successfully unpacked and MD5 sums checked
** using staged installation
** libs
using C compiler: 'gcc (Ubuntu 11.4.0-1ubuntu1~22.04.3) 11.4.0'
using C++ compiler: 'g++ (Ubuntu 11.4.0-1ubuntu1~22.04.3) 11.4.0'
installing to /home/runner/work/quarto-extensions/quarto-extensions/test-22/R/x86_64-pc-linux-gnu-library/4.6/00LOCK-later/00new/later/libs
** R
** inst
** byte-compile and prepare package for lazy loading
** help
*** installing help indices
** building package indices
** installing vignettes
** testing if installed package can be loaded from temporary location
** checking absolute paths in shared objects and dynamic libraries
** testing if installed package can be loaded from final location
** testing if installed package keeps a record of temporary installation path
* DONE (later)
* installing *source* package 'otel' ...
** this is package 'otel' version '0.2.0'
** package 'otel' successfully unpacked and MD5 sums checked
** using staged installation
** R
** inst
** byte-compile and prepare package for lazy loading
** help
*** installing help indices
** building package indices
** testing if installed package can be loaded from temporary location
** testing if installed package can be loaded from final location
** testing if installed package keeps a record of temporary installation path
* DONE (otel)
* installing *source* package 'sourcetools' ...
** this is package 'sourcetools' version '0.1.7-2'
** package 'sourcetools' successfully unpacked and MD5 sums checked
** using staged installation
** libs
using C compiler: 'gcc (Ubuntu 11.4.0-1ubuntu1~22.04.3) 11.4.0'
using C++ compiler: 'g++ (Ubuntu 11.4.0-1ubuntu1~22.04.3) 11.4.0'
installing to /home/runner/work/quarto-extensions/quarto-extensions/test-22/R/x86_64-pc-linux-gnu-library/4.6/00LOCK-sourcetools/00new/sourcetools/libs
** R
** inst
** byte-compile and prepare package for lazy loading
** help
*** installing help indices
** building package indices
** testing if installed package can be loaded from temporary location
** checking absolute paths in shared objects and dynamic libraries
** testing if installed package can be loaded from final location
** testing if installed package keeps a record of temporary installation path
* DONE (sourcetools)
* installing *source* package 'xtable' ...
** this is package 'xtable' version '1.8-8'
** package 'xtable' successfully unpacked and MD5 sums checked
** using staged installation
** R
** data
** inst
** byte-compile and prepare package for lazy loading
** help
*** installing help indices
** building package indices
** installing vignettes
** testing if installed package can be loaded from temporary location
** testing if installed package can be loaded from final location
** testing if installed package keeps a record of temporary installation path
* DONE (xtable)
* installing *source* package 'zip' ...
** this is package 'zip' version '2.3.3'
** package 'zip' successfully unpacked and MD5 sums checked
** using staged installation
** libs
using C compiler: 'gcc (Ubuntu 11.4.0-1ubuntu1~22.04.3) 11.4.0'
rzip.c:19: warning: "S_IFLNK" redefined
   19 | #define S_IFLNK         0120000         /* [XSI] symbolic link */
      | 
In file included from rzip.c:5:
/usr/include/x86_64-linux-gnu/sys/stat.h:113: note: this is the location of the previous definition
  113 | #  define S_IFLNK       __S_IFLNK
      | 
installing via 'install.libs.R' to /home/runner/work/quarto-extensions/quarto-extensions/test-22/R/x86_64-pc-linux-gnu-library/4.6/00LOCK-zip/00new/zip
** R
** inst
** byte-compile and prepare package for lazy loading
** help
*** installing help indices
** building package indices
** testing if installed package can be loaded from temporary location
** checking absolute paths in shared objects and dynamic libraries
** testing if installed package can be loaded from final location
** testing if installed package keeps a record of temporary installation path
* DONE (zip)
* installing *source* package 'fs' ...
** this is package 'fs' version '2.1.0'
** package 'fs' successfully unpacked and MD5 sums checked
** using staged installation
Package libuv was not found in the pkg-config search path.
Perhaps you should add the directory containing `libuv.pc'
to the PKG_CONFIG_PATH environment variable
No package 'libuv' found
ERROR: configuration failed for package 'fs'
* removing '/home/runner/work/quarto-extensions/quarto-extensions/test-22/R/x86_64-pc-linux-gnu-library/4.6/fs'
* installing *source* package 'signs' ...
** this is package 'signs' version '0.1.2'
** package 'signs' successfully unpacked and MD5 sums checked
** using staged installation
** R
** inst
** byte-compile and prepare package for lazy loading
** help
*** installing help indices
*** copying figures
** building package indices
** installing vignettes
** testing if installed package can be loaded from temporary location
** testing if installed package can be loaded from final location
** testing if installed package keeps a record of temporary installation path
* DONE (signs)
* installing *source* package 'tinytable' ...
** this is package 'tinytable' version '0.16.0'
** package 'tinytable' successfully unpacked and MD5 sums checked
** using staged installation
** R
** inst
** byte-compile and prepare package for lazy loading
** help
*** installing help indices
*** copying figures
** building package indices
** testing if installed package can be loaded from temporary location
** testing if installed package can be loaded from final location
** testing if installed package keeps a record of temporary installation path
* DONE (tinytable)
* installing *source* package 'snakecase' ...
** this is package 'snakecase' version '0.11.1'
** package 'snakecase' successfully unpacked and MD5 sums checked
** using staged installation
** R
Warning in parse(...) :
  unable to translate '<U+00C4>' to native encoding
Warning in parse(...) :
  unable to translate '<U+00D6>' to native encoding
Warning in parse(...) :
  unable to translate '<U+00DC>' to native encoding
Warning in parse(...) :
  unable to translate '<U+00E4>' to native encoding
Warning in parse(...) :
  unable to translate '<U+00F6>' to native encoding
Warning in parse(...) :
  unable to translate '<U+00FC>' to native encoding
Warning in parse(...) :
  unable to translate '<U+00DF>' to native encoding
Warning in parse(...) :
  unable to translate '<U+00C6>' to native encoding
Warning in parse(...) :
  unable to translate '<U+00E6>' to native encoding
Warning in parse(...) :
  unable to translate '<U+00D8>' to native encoding
Warning in parse(...) :
  unable to translate '<U+00F8>' to native encoding
Warning in parse(...) :
  unable to translate '<U+00C5>' to native encoding
Warning in parse(...) :
  unable to translate '<U+00E5>' to native encoding
Warning in parse(...) :
  unable to translate '<U+00C6>' to native encoding
Warning in parse(...) :
  unable to translate '<U+00E6>' to native encoding
Warning in parse(...) :
  unable to translate '<U+00D8>' to native encoding
Warning in parse(...) :
  unable to translate '<U+00F8>' to native encoding
Warning in parse(...) :
  unable to translate '<U+00C6>' to native encoding
Warning in parse(...) :
  unable to translate '<U+00E6>' to native encoding
Warning in parse(...) :
  unable to translate '<U+00D8>' to native encoding
Warning in parse(...) :
  unable to translate '<U+00F8>' to native encoding
Warning in parse(...) :
  unable to translate '<U+00C5>' to native encoding
Warning in parse(...) :
  unable to translate '<U+00E5>' to native encoding
** inst
** byte-compile and prepare package for lazy loading
** help
*** installing help indices
*** copying figures
** building package indices
** installing vignettes
** testing if installed package can be loaded from temporary location
** testing if installed package can be loaded from final location
** testing if installed package keeps a record of temporary installation path
* DONE (snakecase)
* installing *source* package 'datawizard' ...
** this is package 'datawizard' version '1.3.0'
** package 'datawizard' successfully unpacked and MD5 sums checked
** using staged installation
** R
** data
** inst
** byte-compile and prepare package for lazy loading
** help
*** installing help indices
*** copying figures
** building package indices
** installing vignettes
** testing if installed package can be loaded from temporary location
** testing if installed package can be loaded from final location
** testing if installed package keeps a record of temporary installation path
* DONE (datawizard)
* installing *source* package 'promises' ...
** this is package 'promises' version '1.5.0'
** package 'promises' successfully unpacked and MD5 sums checked
** using staged installation
** R
** inst
** byte-compile and prepare package for lazy loading
** help
*** installing help indices
*** copying figures
** building package indices
** installing vignettes
** testing if installed package can be loaded from temporary location
** testing if installed package can be loaded from final location
** testing if installed package keeps a record of temporary installation path
* DONE (promises)
* installing *source* package 'fontquiver' ...
** this is package 'fontquiver' version '0.2.1'
** package 'fontquiver' successfully unpacked and MD5 sums checked
** using staged installation
** R
** inst
** byte-compile and prepare package for lazy loading
** help
*** installing help indices
** building package indices
** testing if installed package can be loaded from temporary location
** testing if installed package can be loaded from final location
** testing if installed package keeps a record of temporary installation path
* DONE (fontquiver)
ERROR: dependency 'fs' is not available for package 'gargle'
Perhaps try a variation of:
install.packages('fs')
* removing '/home/runner/work/quarto-extensions/quarto-extensions/test-22/R/x86_64-pc-linux-gnu-library/4.6/gargle'
ERROR: dependency 'fs' is not available for package 'sass'
Perhaps try a variation of:
install.packages('fs')
* removing '/home/runner/work/quarto-extensions/quarto-extensions/test-22/R/x86_64-pc-linux-gnu-library/4.6/sass'
* installing *source* package 'psych' ...
** this is package 'psych' version '2.6.3'
** package 'psych' successfully unpacked and MD5 sums checked
** using staged installation
** R
** data
*** moving datasets to lazyload DB
** inst
** byte-compile and prepare package for lazy loading
** help
*** installing help indices
** building package indices
** installing vignettes
** testing if installed package can be loaded from temporary location
** testing if installed package can be loaded from final location
** testing if installed package keeps a record of temporary installation path
* DONE (psych)
* installing *source* package 'officer' ...
** this is package 'officer' version '0.7.4'
** package 'officer' successfully unpacked and MD5 sums checked
** using staged installation
** R
** inst
** byte-compile and prepare package for lazy loading
** help
*** installing help indices
*** copying figures
** building package indices
** testing if installed package can be loaded from temporary location
** testing if installed package can be loaded from final location
** testing if installed package keeps a record of temporary installation path
* DONE (officer)
* installing *source* package 'bayestestR' ...
** this is package 'bayestestR' version '0.17.0'
** package 'bayestestR' successfully unpacked and MD5 sums checked
** using staged installation
** R
** data
** inst
** byte-compile and prepare package for lazy loading
** help
*** installing help indices
*** copying figures
** building package indices
** installing vignettes
** testing if installed package can be loaded from temporary location
** testing if installed package can be loaded from final location
** testing if installed package keeps a record of temporary installation path
* DONE (bayestestR)
* installing *source* package 'httpuv' ...
** this is package 'httpuv' version '1.6.17'
** package 'httpuv' successfully unpacked and MD5 sums checked
** using staged installation
** libs
using C compiler: 'gcc (Ubuntu 11.4.0-1ubuntu1~22.04.3) 11.4.0'
using C++ compiler: 'g++ (Ubuntu 11.4.0-1ubuntu1~22.04.3) 11.4.0'
./configure: line 8081: /usr/bin/file: No such file or directory
src/unix/thread.c: In function 'uv__thread_stack_size':
src/unix/thread.c:195:24: warning: comparison of integer expressions of different signedness: 'rlim_t' {aka 'long unsigned int'} and 'long int' [-Wsign-compare]
  195 |       if (lim.rlim_cur >= PTHREAD_STACK_MIN)
      |                        ^~
src/unix/thread.c: In function 'uv_thread_create_ex':
src/unix/thread.c:243:20: warning: comparison of integer expressions of different signedness: 'size_t' {aka 'long unsigned int'} and 'long int' [-Wsign-compare]
  243 |     if (stack_size < PTHREAD_STACK_MIN)
      |                    ^
ar: `u' modifier ignored since `D' is the default (see `U')
installing to /home/runner/work/quarto-extensions/quarto-extensions/test-22/R/x86_64-pc-linux-gnu-library/4.6/00LOCK-httpuv/00new/httpuv/libs
** R
** demo
** inst
** byte-compile and prepare package for lazy loading
** help
*** installing help indices
** building package indices
** testing if installed package can be loaded from temporary location
** checking absolute paths in shared objects and dynamic libraries
** testing if installed package can be loaded from final location
** testing if installed package keeps a record of temporary installation path
* DONE (httpuv)
* installing *source* package 'gdtools' ...
** this is package 'gdtools' version '0.5.0'
** package 'gdtools' successfully unpacked and MD5 sums checked
** using staged installation
Package cairo was not found in the pkg-config search path.
Perhaps you should add the directory containing `cairo.pc'
to the PKG_CONFIG_PATH environment variable
No package 'cairo' found
Package cairo was not found in the pkg-config search path.
Perhaps you should add the directory containing `cairo.pc'
to the PKG_CONFIG_PATH environment variable
No package 'cairo' found
ERROR: configuration failed for package 'gdtools'
* removing '/home/runner/work/quarto-extensions/quarto-extensions/test-22/R/x86_64-pc-linux-gnu-library/4.6/gdtools'
ERROR: dependency 'gargle' is not available for package 'googledrive'
Perhaps try a variation of:
install.packages('gargle')
* removing '/home/runner/work/quarto-extensions/quarto-extensions/test-22/R/x86_64-pc-linux-gnu-library/4.6/googledrive'
ERROR: dependency 'sass' is not available for package 'bslib'
Perhaps try a variation of:
install.packages('sass')
* removing '/home/runner/work/quarto-extensions/quarto-extensions/test-22/R/x86_64-pc-linux-gnu-library/4.6/bslib'
* installing *source* package 'parameters' ...
** this is package 'parameters' version '0.28.3'
** package 'parameters' successfully unpacked and MD5 sums checked
** using staged installation
** R
** data
** inst
** byte-compile and prepare package for lazy loading
** help
*** installing help indices
*** copying figures
** building package indices
** installing vignettes
** testing if installed package can be loaded from temporary location
** testing if installed package can be loaded from final location
** testing if installed package keeps a record of temporary installation path
* DONE (parameters)
* installing *source* package 'performance' ...
** this is package 'performance' version '0.16.0'
** package 'performance' successfully unpacked and MD5 sums checked
** using staged installation
** R
** inst
** byte-compile and prepare package for lazy loading
** help
*** installing help indices
*** copying figures
** building package indices
** testing if installed package can be loaded from temporary location
** testing if installed package can be loaded from final location
** testing if installed package keeps a record of temporary installation path
* DONE (performance)
ERROR: dependency 'bslib' is not available for package 'shiny'
Perhaps try a variation of:
install.packages('bslib')
* removing '/home/runner/work/quarto-extensions/quarto-extensions/test-22/R/x86_64-pc-linux-gnu-library/4.6/shiny'
ERROR: dependencies 'gargle', 'googledrive' are not available for package 'googlesheets4'
Perhaps try a variation of:
install.packages(c('gargle', 'googledrive'))
* removing '/home/runner/work/quarto-extensions/quarto-extensions/test-22/R/x86_64-pc-linux-gnu-library/4.6/googlesheets4'
ERROR: dependency 'bslib' is not available for package 'rmarkdown'
Perhaps try a variation of:
install.packages('bslib')
* removing '/home/runner/work/quarto-extensions/quarto-extensions/test-22/R/x86_64-pc-linux-gnu-library/4.6/rmarkdown'
* installing *source* package 'effectsize' ...
** this is package 'effectsize' version '1.0.2'
** package 'effectsize' successfully unpacked and MD5 sums checked
** using staged installation
** R
** data
** inst
** byte-compile and prepare package for lazy loading
** help
*** installing help indices
*** copying figures
** building package indices
** installing vignettes
** testing if installed package can be loaded from temporary location
** testing if installed package can be loaded from final location
** testing if installed package keeps a record of temporary installation path
* DONE (effectsize)
ERROR: dependencies 'fs', 'rmarkdown' are not available for package 'reprex'
Perhaps try a variation of:
install.packages(c('fs', 'rmarkdown'))
* removing '/home/runner/work/quarto-extensions/quarto-extensions/test-22/R/x86_64-pc-linux-gnu-library/4.6/reprex'
ERROR: dependencies 'gdtools', 'rmarkdown' are not available for package 'flextable'
Perhaps try a variation of:
install.packages(c('gdtools', 'rmarkdown'))
* removing '/home/runner/work/quarto-extensions/quarto-extensions/test-22/R/x86_64-pc-linux-gnu-library/4.6/flextable'
ERROR: dependencies 'flextable', 'rmarkdown' are not available for package 'ftExtra'
Perhaps try a variation of:
install.packages(c('flextable', 'rmarkdown'))
* removing '/home/runner/work/quarto-extensions/quarto-extensions/test-22/R/x86_64-pc-linux-gnu-library/4.6/ftExtra'
ERROR: dependencies 'googledrive', 'googlesheets4', 'reprex' are not available for package 'tidyverse'
Perhaps try a variation of:
install.packages(c('googledrive', 'googlesheets4', 'reprex'))
* removing '/home/runner/work/quarto-extensions/quarto-extensions/test-22/R/x86_64-pc-linux-gnu-library/4.6/tidyverse'
ERROR: dependencies 'flextable', 'ftExtra', 'shiny' are not available for package 'apa7'
Perhaps try a variation of:
install.packages(c('flextable', 'ftExtra', 'shiny'))
* removing '/home/runner/work/quarto-extensions/quarto-extensions/test-22/R/x86_64-pc-linux-gnu-library/4.6/apa7'

The downloaded source packages are in
	'/tmp/RtmpLb2lEv/downloaded_packages'
There were 14 warnings (use warnings() to see them)
[1/7] index.qmd
[2/7] installation.qmd
[3/7] apashiny.qmd
[4/7] options.qmd
[5/7] writing.qmd
(W) Cannot find @fig-newquarto
(W) Cannot find @fig-myplot
[6/7] resources.qmd
[7/7] changelog.qmd
Error in loadNamespace(x) : there is no package called 'rmarkdown'
Calls: loadNamespace -> withRestarts -> withOneRestart -> doWithOneRestart
Execution halted
R installation:
  Version: 4.6.0
  Path: /opt/R/4.6.0/lib/R
  LibPaths:
    - /home/runner/work/quarto-extensions/quarto-extensions/test-22/R/x86_64-pc-linux-gnu-library/4.6
    - /opt/R/4.6.0/lib/R/library
  knitr: 1.51
  rmarkdown: (None)

The rmarkdown package is not available in this R installation.
Install with install.packages("rmarkdown")

WARN: Error encountered when rendering files
Render failed, retrying once...
[1/7] index.qmd
[2/7] installation.qmd
[3/7] apashiny.qmd
[4/7] options.qmd
[5/7] writing.qmd
(W) Cannot find @fig-newquarto
(W) Cannot find @fig-myplot
[6/7] resources.qmd
[7/7] changelog.qmd
Error in loadNamespace(x) : there is no package called 'rmarkdown'
Calls: loadNamespace -> withRestarts -> withOneRestart -> doWithOneRestart
Execution halted
R installation:
  Version: 4.6.0
  Path: /opt/R/4.6.0/lib/R
  LibPaths:
    - /home/runner/work/quarto-extensions/quarto-extensions/test-22/R/x86_64-pc-linux-gnu-library/4.6
    - /opt/R/4.6.0/lib/R/library
  knitr: 1.51
  rmarkdown: (None)

The rmarkdown package is not available in this R installation.
Install with install.packages("rmarkdown")

WARN: Error encountered when rendering files
