

processing file: template.qmd

1/7             

2/7 [cvevents]  

3/7             

4/7 [experience]

5/7             

6/7 [proj]      

7/7             

output file: template.knit.md


pandoc 

  to: latex
  output-file: template.tex
  template: _extensions/modern2-cv/template.tex
  standalone: true
  pdf-engine: lualatex
  variables:
    graphics: true
    tables: true
  default-image-extension: pdf
  

metadata

  block-headings: true
  engines:
    - path: /opt/quarto/share/extension-subtrees/julia-engine/_extensions/julia-engine/julia-engine.js
  title: Untitled
  author: David Schoch
  cvfont: raleway
  cvcolor:
    main: B83B5E
    accent: 6A2C70
  jobtitle: Team Lead "Transparent Social Analytics"
  sidebar:
    image: portrait.jpg
    bullets:
      - Konstanz, Germany
      - german
      - married
    sections:
      - name: Skills
        items:
          - text: R
            exp:
              text: 10+ yrs.
              num: 1
          - text: Python
            exp:
              text: 2 yrs.
              num: 0.2
          - text: JavaScript
            exp:
              text: 4 yrs.
              num: 0.4
          - text: Lua
            exp:
              text: 1 yr.
              num: 0.1
          - text: Rmarkdown
            exp:
              text: 6 yrs.
              num: 0.6
          - text: Quarto
            exp:
              text: 1 yr.
              num: 0.1
          - text: Data Analysis
            exp:
              text: 9 years
              num: 0.9
          - text: Web Scraping
            exp:
              text: 8 yrs.
              num: 0.8
          - text: Web Development
            exp:
              text: 8 years
              num: 0.8
      - name: Tools
        items:
          - Git
          - RStudio
          - VS Code
          - Terminal
      - name: Education
        items:
          - text: Ph.D. Computer Science
            inst: University of Konstanz
            time: 09/2012 - 11/2015
            details: 'Thesis: Positional Approach for Network Centrality'
          - text: Businessmathematics (Dipl.)
            inst: Karlsruhe Institute of Technology
            time: 10/2006 - 07/2012
            details: 'Thesis: Modularity Maximization'
      - name: Contact
        items:
          - icon: map-marker
            text: Konstanz, Germany
          - icon: phone
            text: +XX XXXX XXXX
          - icon: envelope
            text: david@schochastics.net
          - icon: home
            text: mr.schochastics.net
            href: https://mr.schochastics.net
          - icon: github
            text: schochastics
            href: https://github.com/schochastics
          - icon: twitter
            text: schochastics
            href: https://twitter.com/schochastics
  


Rendering PDF

running lualatex - 1

  This is LuaHBTeX, Version 1.24.0 (TeX Live 2026) 
   restricted system commands enabled.
  

updating tlmgr



updating existing packages

finding package for isodate.sty

> 1 package to install

> installing isodate (1 of 1)

(WARN) Error encountered when rendering files

(ERROR) tlmgr returned a non zero status code
You don't have permission to change the installation in any way,
specifically, the directory /opt/tinytex/tlpkg/ is not writable.
Please run this program as administrator, or contact your local admin.
tlmgr: An error has occurred. See above messages. Exiting.


Stack trace:
    at renderFiles (file:///opt/quarto/bin/quarto.js:136533:49)
    at eventLoopTick (ext:core/01_core.js:179:7)
    at async render (file:///opt/quarto/bin/quarto.js:142161:19)
    at async _Command.actionHandler (file:///opt/quarto/bin/quarto.js:142406:24)
    at async _Command.execute (file:///opt/quarto/bin/quarto.js:102029:7)
    at async _Command.parseCommand (file:///opt/quarto/bin/quarto.js:101906:14)
    at async quarto4 (file:///opt/quarto/bin/quarto.js:187554:5)
    at async file:///opt/quarto/bin/quarto.js:187582:5
    at async file:///opt/quarto/bin/quarto.js:187437:14
    at async mainRunner (file:///opt/quarto/bin/quarto.js:187439:5)
    at async file:///opt/quarto/bin/quarto.js:187575:3

