Cloning into 'repo'...
Using CPython 3.13.9 interpreter at: /usr/local/python/current/bin/python
Creating virtual environment at: .venv
Activate with: source .venv/bin/activate
Resolved 22 packages in 1.02s
   Building stata-setup==0.1.3
Downloading jedi (4.7MiB)
Downloading pandas (10.4MiB)
Downloading pygments (1.2MiB)
Downloading numpy (15.9MiB)
      Built stata-setup==0.1.3
 Downloaded pygments
 Downloaded numpy
 Downloaded pandas
 Downloaded jedi
Prepared 22 packages in 1.45s
Installed 22 packages in 1.28s
 + asttokens==3.0.2
 + decorator==5.3.1
 + executing==2.2.1
 + ipython==9.15.0
 + ipython-pygments-lexers==1.1.1
 + jedi==0.20.0
 + matplotlib-inline==0.2.2
 + numpy==2.5.1
 + pandas==3.0.3
 + parso==0.8.7
 + pexpect==4.9.0
 + prompt-toolkit==3.0.52
 + psutil==7.2.2
 + ptyprocess==0.7.0
 + pure-eval==0.2.3
 + pygments==2.20.0
 + python-dateutil==2.9.0.post0
 + six==1.17.0
 + stack-data==0.6.3
 + stata-setup==0.1.3
 + traitlets==5.15.1
 + wcwidth==0.8.2

Starting python3 kernel...[IPKernelApp] WARNING | Kernel is running over TCP without encryption. All communication (including code and outputs) is sent in plain text and is susceptible to eavesdropping. Use IPC transport or launch with kernel manager-provisioned CurveZMQ keys to enable transport encryption.
Done

Executing 'example.quarto_ipynb'
  Cell 1/2: ''...

An error occurred while executing the following cell:
------------------
import stata_setup
stata_setup.config("C:/Program Files/Stata17", "mp")
------------------


[31m---------------------------------------------------------------------------[39m
[31mOSError[39m                                   Traceback (most recent call last)
[36mCell[39m[36m [39m[32mIn[1][39m[32m, line 2[39m
[32m      1[39m [38;5;28;01mimport[39;00m stata_setup
[32m----> [39m[32m2[39m stata_setup.config([33m"C:/Program Files/Stata17"[39m, [33m"mp"[39m)

[36mFile [39m[32m~/repo/.venv/lib/python3.13/site-packages/stata_setup.py:38[39m, in [36mconfig[39m[34m(path, edition, splash)[39m
[32m     19[39m [38;5;250m[39m[33;03m"""[39;00m
[32m     20[39m [33;03mConfigure Stata within Python.[39;00m
[32m     21[39m 
[32m   (...)[39m[32m     35[39m [33;03m    *New in version 0.1.3*.[39;00m
[32m     36[39m [33;03m"""[39;00m	
[32m     37[39m [38;5;28;01mif[39;00m [38;5;129;01mnot[39;00m os.path.isdir(path):
[32m---> [39m[32m38[39m     [38;5;28;01mraise[39;00m [38;5;167;01mOSError[39;00m(path + [33m'[39m[33m is invalid[39m[33m'[39m)
[32m     40[39m [38;5;28;01mif[39;00m [38;5;129;01mnot[39;00m os.path.isdir(os.path.join(path, [33m'[39m[33mutilities[39m[33m'[39m)):
[32m     41[39m     [38;5;28;01mraise[39;00m [38;5;167;01mOSError[39;00m(path + [33m"[39m[33m is not Stata[39m[33m'[39m[33ms installation path[39m[33m"[39m)

[31mOSError[39m: C:/Program Files/Stata17 is invalid

WARN: Error encountered when rendering files
Render failed, retrying once...

Starting python3 kernel...[IPKernelApp] WARNING | Kernel is running over TCP without encryption. All communication (including code and outputs) is sent in plain text and is susceptible to eavesdropping. Use IPC transport or launch with kernel manager-provisioned CurveZMQ keys to enable transport encryption.
Done

Executing 'example.quarto_ipynb'
  Cell 1/2: ''...

An error occurred while executing the following cell:
------------------
import stata_setup
stata_setup.config("C:/Program Files/Stata17", "mp")
------------------


[31m---------------------------------------------------------------------------[39m
[31mOSError[39m                                   Traceback (most recent call last)
[36mCell[39m[36m [39m[32mIn[1][39m[32m, line 2[39m
[32m      1[39m [38;5;28;01mimport[39;00m stata_setup
[32m----> [39m[32m2[39m stata_setup.config([33m"C:/Program Files/Stata17"[39m, [33m"mp"[39m)

[36mFile [39m[32m~/repo/.venv/lib/python3.13/site-packages/stata_setup.py:38[39m, in [36mconfig[39m[34m(path, edition, splash)[39m
[32m     19[39m [38;5;250m[39m[33;03m"""[39;00m
[32m     20[39m [33;03mConfigure Stata within Python.[39;00m
[32m     21[39m 
[32m   (...)[39m[32m     35[39m [33;03m    *New in version 0.1.3*.[39;00m
[32m     36[39m [33;03m"""[39;00m	
[32m     37[39m [38;5;28;01mif[39;00m [38;5;129;01mnot[39;00m os.path.isdir(path):
[32m---> [39m[32m38[39m     [38;5;28;01mraise[39;00m [38;5;167;01mOSError[39;00m(path + [33m'[39m[33m is invalid[39m[33m'[39m)
[32m     40[39m [38;5;28;01mif[39;00m [38;5;129;01mnot[39;00m os.path.isdir(os.path.join(path, [33m'[39m[33mutilities[39m[33m'[39m)):
[32m     41[39m     [38;5;28;01mraise[39;00m [38;5;167;01mOSError[39;00m(path + [33m"[39m[33m is not Stata[39m[33m'[39m[33ms installation path[39m[33m"[39m)

[31mOSError[39m: C:/Program Files/Stata17 is invalid

WARN: Error encountered when rendering files
