Cloning into 'repo'...
/usr/local/bin/tlmgr: open(>/opt/tinytex/tlpkg/texlive.tlpdb.tmp) failed: Permission denied at /opt/tinytex/tlpkg/TeXLive/TLPDB.pm line 611.
CTAN mirror https://ctan.math.utah.edu/ctan/tex-archive/systems/texlive/tlnet failed, trying next...
/usr/local/bin/tlmgr: open(>/opt/tinytex/tlpkg/texlive.tlpdb.tmp) failed: Permission denied at /opt/tinytex/tlpkg/TeXLive/TLPDB.pm line 611.
CTAN mirror https://ctan.math.illinois.edu/systems/texlive/tlnet failed, trying next...
/usr/local/bin/tlmgr: open(>/opt/tinytex/tlpkg/texlive.tlpdb.tmp) failed: Permission denied at /opt/tinytex/tlpkg/TeXLive/TLPDB.pm line 611.
CTAN mirror https://mirrors.rit.edu/CTAN/systems/texlive/tlnet failed, trying next...
/usr/local/bin/tlmgr: open(>/opt/tinytex/tlpkg/texlive.tlpdb.tmp) failed: Permission denied at /opt/tinytex/tlpkg/TeXLive/TLPDB.pm line 611.
CTAN mirror https://mirror.ctan.org/systems/texlive/tlnet failed, trying next...
All CTAN mirrors failed. LaTeX packages may not install.
pandoc 
  to: latex
  output-file: qletter.tex
  standalone: true
  pdf-engine: lualatex
  variables:
    graphics: true
    tables: true
  default-image-extension: pdf
  
metadata
  block-headings: true
  date-format: long
  documentclass: letter
  fontfamily: roboto
  fontsize: 12pt
  geometry:
    - margin=1in
  colorlinks: true
  header-includes:
    - |
      \usepackage{fontawesome5, setspace}
      \usepackage[absolute,overlay]{textpos}
      \setlength{\TPHorizModule}{1cm}
      \setlength{\TPVertModule}{1cm}
      \renewcommand{\familydefault}{\sfdefault}
  engines:
    - path: /opt/quarto/share/extension-subtrees/julia-engine/_extensions/julia-engine/julia-engine.js
  fromname: Sender name
  fromqualifications: PhD
  fromtitle: Professor
  fromWWW: sender.com
  fromemail: sender@sender.com
  fromphone: (000) 000 000
  fromdepartment: Sender Department
  frominstitute: Sender Institution
  fromaddress: Sender Address in one line
  fromsignature: signature
  fromlogo: logo
  toname: Recipient
  toaddress: |
    | Recipient address line 1
    | Recipient address line 2
  subject: Subject Line
  opening: Dear Recipient,
  closing: Best regards,
  cc:
    - CC 1
    - CC 2
  encl:
    - Enclosure 1
    - Enclosure 2
  ps: |
    p.s.: something else
  spacing: 1.2
  

Rendering PDF
running lualatex - 1
  This is LuaHBTeX, Version 1.24.0 (TeX Live 2026) 
   restricted system commands enabled.
  
  luaotfload | db : Font names database not found, generating new one.
  luaotfload | db : This can take several minutes; please be patient.
updating tlmgr

updating existing packages
finding package for roboto.sty
> 1 package to install
> installing roboto (1 of 1)
WARN: Error encountered when rendering files
ERROR: tlmgr returned a non zero status code
You don't have permission to change the installation in any way,
specifically, the directory /opt/tinytex/tlpkg/ is not writable.
Please run this program as administrator, or contact your local admin.
tlmgr: An error has occurred. See above messages. Exiting.


Stack trace:
    at renderFiles (file:///opt/quarto/bin/quarto.js:136526:49)
    at eventLoopTick (ext:core/01_core.js:179:7)
    at async render (file:///opt/quarto/bin/quarto.js:142154:19)
    at async _Command.actionHandler (file:///opt/quarto/bin/quarto.js:142399:24)
    at async _Command.execute (file:///opt/quarto/bin/quarto.js:102022:7)
    at async _Command.parseCommand (file:///opt/quarto/bin/quarto.js:101899:14)
    at async quarto4 (file:///opt/quarto/bin/quarto.js:187547:5)
    at async file:///opt/quarto/bin/quarto.js:187575:5
    at async file:///opt/quarto/bin/quarto.js:187430:14
    at async mainRunner (file:///opt/quarto/bin/quarto.js:187432:5)
    at async file:///opt/quarto/bin/quarto.js:187568:3
Render failed, retrying once...
pandoc 
  to: latex
  output-file: qletter.tex
  standalone: true
  pdf-engine: lualatex
  variables:
    graphics: true
    tables: true
  default-image-extension: pdf
  
metadata
  block-headings: true
  date-format: long
  documentclass: letter
  fontfamily: roboto
  fontsize: 12pt
  geometry:
    - margin=1in
  colorlinks: true
  header-includes:
    - |
      \usepackage{fontawesome5, setspace}
      \usepackage[absolute,overlay]{textpos}
      \setlength{\TPHorizModule}{1cm}
      \setlength{\TPVertModule}{1cm}
      \renewcommand{\familydefault}{\sfdefault}
  engines:
    - path: /opt/quarto/share/extension-subtrees/julia-engine/_extensions/julia-engine/julia-engine.js
  fromname: Sender name
  fromqualifications: PhD
  fromtitle: Professor
  fromWWW: sender.com
  fromemail: sender@sender.com
  fromphone: (000) 000 000
  fromdepartment: Sender Department
  frominstitute: Sender Institution
  fromaddress: Sender Address in one line
  fromsignature: signature
  fromlogo: logo
  toname: Recipient
  toaddress: |
    | Recipient address line 1
    | Recipient address line 2
  subject: Subject Line
  opening: Dear Recipient,
  closing: Best regards,
  cc:
    - CC 1
    - CC 2
  encl:
    - Enclosure 1
    - Enclosure 2
  ps: |
    p.s.: something else
  spacing: 1.2
  

Rendering PDF
running lualatex - 1
  This is LuaHBTeX, Version 1.24.0 (TeX Live 2026) 
   restricted system commands enabled.
  
updating tlmgr

updating existing packages
finding package for roboto.sty
> 1 package to install
> installing roboto (1 of 1)
WARN: Error encountered when rendering files
ERROR: tlmgr returned a non zero status code
You don't have permission to change the installation in any way,
specifically, the directory /opt/tinytex/tlpkg/ is not writable.
Please run this program as administrator, or contact your local admin.
tlmgr: An error has occurred. See above messages. Exiting.


Stack trace:
    at renderFiles (file:///opt/quarto/bin/quarto.js:136526:49)
    at eventLoopTick (ext:core/01_core.js:179:7)
    at async render (file:///opt/quarto/bin/quarto.js:142154:19)
    at async _Command.actionHandler (file:///opt/quarto/bin/quarto.js:142399:24)
    at async _Command.execute (file:///opt/quarto/bin/quarto.js:102022:7)
    at async _Command.parseCommand (file:///opt/quarto/bin/quarto.js:101899:14)
    at async quarto4 (file:///opt/quarto/bin/quarto.js:187547:5)
    at async file:///opt/quarto/bin/quarto.js:187575:5
    at async file:///opt/quarto/bin/quarto.js:187430:14
    at async mainRunner (file:///opt/quarto/bin/quarto.js:187432:5)
    at async file:///opt/quarto/bin/quarto.js:187568:3
