

processing file: installation.qmd

1/1

output file: installation.knit.md


pandoc 

  to: html
  output-file: installation.html
  standalone: true
  title-prefix: Quarto Live Documentation
  section-divs: true
  html-math-method: mathjax
  wrap: none
  default-image-extension: png
  toc: true
  

metadata

  document-css: false
  link-citations: true
  date-format: long
  lang: en
  ojs-engine: true
  theme:
    light: cosmo
    dark: darkly
  title: Installation
  

Output created: ../_site/getting_started/installation.html


