

processing file: tables.qmd

1/5                  

2/5 [unnamed-chunk-1]

3/5                  

4/5 [unnamed-chunk-2]

5/5                  

output file: tables.knit.md


pandoc 

  to: html
  output-file: tables.html
  standalone: true
  title-prefix: Quarto Live Documentation
  section-divs: true
  html-math-method: mathjax
  wrap: none
  default-image-extension: png
  toc: true
  

metadata

  document-css: false
  link-citations: true
  date-format: long
  lang: en
  ojs-engine: true
  theme:
    light: cosmo
    dark: darkly
  title: Displaying Tables
  webr:
    render-df: gt-interactive
    cell-options:
      autorun: true
  

Output created: ../_site/other/tables.html


