

processing file: qtabby-faq.qmd

1/5                  

2/5 [unnamed-chunk-1]

3/5                  

4/5 [unnamed-chunk-2]

5/5                  

output file: qtabby-faq.knit.md


Error running filter 
/opt/quarto/share/filters/main.lua:
/opt/quarto/share/filters/main.lua:23080: attempt to call a nil value (method 'map')
stack traceback:
	/opt/quarto/share/filters/main.lua:937: in field 'Tabset'
	...extensions/test-23/repo/docs/_extensions/tabby/tabby.
lua:212: in function <...extensions/test-23/repo/docs/_extensions/tabby/tabby.l
ua:147>
	(...tail calls...)
	[C]: in ?
	[C]
: in method 'walk'
	/opt/quarto/shar
e/pandoc/datadir/_utils.lua:607:
 in function '_utils.walk'
	/opt
/quarto/share/filters/main.lua:57
4: in function </opt/quarto/shar
e/filters/main.lua:552>
	(...tail
 calls...)
	/opt/quarto/share
/filters/main.lua:1317: in local 
'callback'
	[string "if pandoc.sy
stem.os == "mingw32" then..."]:778: in f
ield 'withScriptFile'
	/opt/q
uarto/share/filters/main.lua:1333: in upvalue 'run_emulated_filter_chain'
	/opt/quarto/share/filters/main.lua:1371: in function </opt/quarto/share/filters/main.lua:1368>
stack traceback:
	/opt/quarto/share/pandoc/datadir/_utils.
lua:607: in function '_utils.walk'
	/opt/quarto
/share/filters/main.lua:574: i
n function </opt/quarto/share/f
ilters/main.lua:552>
	(...t
ail calls...)
	/opt/quarto/sha
re/filters/main.lua:1317: in loca
l 'callback'
	[string "if pa
ndoc.system.os == "mingw32"
 then..."]:778: in field 'withScriptFile'
	/
opt/quarto/share/filters/main
.lua:1333: in upvalue 'run
_emulated_filter_chain'
	/opt/quar
to/share/filters/main.lua:1371: 
in function </opt/quarto/s
hare/filters/main.lua:1368
>

(WARN) Error encountered when rendering files

