pandoc 

  to: beamer
  output-file: example.tex
  standalone: true
  pdf-engine: lualatex
  variables:
    graphics: true
    tables: true
  default-image-extension: pdf
  

metadata

  block-headings: true
  title: Div Reuse Quarto Extension
  subtitle: Quarto Extension
  author:
    - name: Mickaël CANOUIL, _Ph.D._
      orcid: 0000-0002-3396-4549
      url: https://mickael.canouil.fr
  div-reuse:
    limit: 1
    vars:
      project: Quarto Extensions
      author:
        name: Mickaël Canouil
      year: 2026
  aspectratio: 169
  

(W) [div-reuse] Div "labelled" has been reused but contains 1 Div(s) with an identifier.

(W) [div-reuse] Reuse limit (1) reached for "welcome"; subsequent reuses are skipped.


Rendering PDF

running lualatex - 1

  This is LuaHBTeX, Version 1.24.0 (TeX Live 2026) 
   restricted system commands enabled.
  
  luaotfload | db : Font names database not found, generating new one.
  luaotfload | db : This can take several minutes; please be patient.

updating tlmgr



updating existing packages

finding package for luatexbase.sty

> 1 package to install

> installing luatexbase (1 of 1)

  This is LuaHBTeX, Version 1.24.0 (TeX Live 2026) 
   restricted system commands enabled.
  

running lualatex - 2

  This is LuaHBTeX, Version 1.24.0 (TeX Live 2026) 
   restricted system commands enabled.
  



Output created: div-reuse-beamer.pdf


