Cloning into 'repo'...
[1/6] index.qmd
[2/6] examples/basic.qmd
[3/6] examples/script.qmd
[4/6] examples/revealjs.qmd
[5/6] examples/pdf.qmd

Rendering PDF
running xelatex - 1
  This is XeTeX, Version 3.141592653-2.6-0.999998 (TeX Live 2026) (preloaded format=xelatex)
   restricted \write18 enabled.
  entering extended mode
  
updating tlmgr

updating existing packages
finding package for scrartcl.cls
> 1 package to install
> installing koma-script (1 of 1)
  This is XeTeX, Version 3.141592653-2.6-0.999998 (TeX Live 2026) (preloaded format=xelatex)
   restricted \write18 enabled.
  entering extended mode
  
running xelatex - 2
  This is XeTeX, Version 3.141592653-2.6-0.999998 (TeX Live 2026) (preloaded format=xelatex)
   restricted \write18 enabled.
  entering extended mode
  

[6/6] examples/typst.qmd
[typst]: Compiling typst.typ to typst.pdf...DONE


Output created: docs/index.html

