

processing file: qtabby-faq.qmd

1/5                  

2/5 [unnamed-chunk-1]

3/5                  

4/5 [unnamed-chunk-2]

5/5                  

output file: qtabby-faq.knit.md


Error running filter /opt/quarto/share/filters/main
.lua:
/opt/quarto/share/filters/main.lua:23101: attempt to call a nil value (method 'map')
stack traceback:
	/opt/quarto/share/filters/main.lua:937: in field 'Tabset'
	...-extensions/test-7/repo/docs/_extensions/tabby/tabby.lua:212: in function <...-extensions/test-7/repo/docs/_extensions/tabby/tabby.lua:147>
	(...tail calls...)
	[C]: in ?
	[C]: in method 'walk'
	/opt/quarto/share/pand
oc/datadir/_utils.lua:607: in function '_utils.walk'
	/opt/quarto/share/filters/main.lua:574: in function </opt/quarto/share/filters/main.lua:552>
	(...tail calls...)
	/o
pt/quarto/share/filters/main.lua:1317: in local 'callback'
	[string "if pandoc.system.os == "mingw32" then..."]:
778: in field 'withScriptFile'
	/opt/quarto/share/filters/main.lua:1333: in 
upvalue 'run_emulated_filter_chain'

	/opt/quarto/share/filters/main.lua:1371: in functi
on </opt/quarto/share/filters/main.lua:1368>
stac
k traceback:
	/opt/quarto/share/pandoc/datadir
/_utils.lua:607: in function '_utils.walk'
	/op
t/quarto/share/filters/main.lua:574: in functi
on </opt/quarto/share/filters/main.lua:552>
	
(...tail calls...)
	/opt/quarto/share/filters
/main.lua:1317: in local 'callback'
	[string
 "if pandoc.system.os == "mingw32" then..."]:
778: in field 'withScriptFile'
	/opt/quart
o/share/filters/main.lua:1333: in upvalue 'run_em
ulated_filter_chain'
	/opt/quarto/share/filters/main.lua:1371: 
in function </opt/quarto/share/filters/main.l
ua:1368>

(WARN) Error encountered when rendering files

