Cloning into 'repo'...
pandoc 
  to: latex
  output-file: template.tex
  standalone: true
  pdf-engine: pdflatex
  variables:
    graphics: true
    tables: true
  default-image-extension: pdf
  toc: true
  cite-method: natbib
  
metadata
  block-headings: true
  natbiboptions: comma
  biblio-style: ar-style1
  engines:
    - path: /opt/quarto/share/extension-subtrees/julia-engine/_extensions/julia-engine/julia-engine.js
  title: Quarto Title for Annual Reviews
  runningtitle: Quarto Annual Reviews
  runningauthor: One, Two, and Three
  author:
    - name: Author One
      affiliations:
        - name: Harvard University
          id: 1
          department: Department of Government
          city: Cambridge
          state: MA
          postal-code: 2138
        - name: Harvard University
          id: 3
          department: Department of Statistics
          city: Cambridge
          state: MA
          postal-code: 2138
      attributes:
        equal-contributor: true
    - name: Author Two
      affiliations:
        - name: Yale University
          id: 2
          department: Department of Political Science
          city: New Haven
          state: CT
          postal-code: 6511
      email: corresponding@email.com
      attributes:
        equal-contributor: true
        corresponding: true
    - name: Author Three
      affiliations:
        - ref: 1
  abstract: |
    This document is a template demonstrating the annual-reviews format.
  keywords:
    - template
    - demo
  bibliography:
    - bibliography.bib
  journal-name: Annual Review of Political Science
  journal-volume: AA
  journal-year: 2023
  doi: 10.1146/annurev-polisci-XXXXXX-XXXXXX
  conflict-of-interest: |
    The authors are not aware of any affiliations, memberships, funding, or financial holdings that
    might be perceived as affecting the objectivity of this review.
  acknowledgements: |
    Acknowledgements, general annotations, funding.
  

Rendering PDF
running pdflatex - 1
  This is pdfTeX, Version 3.141592653-2.6-1.40.29 (TeX Live 2026) (preloaded format=pdflatex)
   restricted \write18 enabled.
  entering extended mode
  
updating tlmgr

updating existing packages
finding package for epsf.sty
> 1 package to install
> installing epsf (1 of 1)
  This is pdfTeX, Version 3.141592653-2.6-1.40.29 (TeX Live 2026) (preloaded format=pdflatex)
   restricted \write18 enabled.
  entering extended mode
  
generating bibliography
  This is BibTeX, Version 0.99e (TeX Live 2026)
  The top-level auxiliary file: template.aux
  The style file: ar-style1.bst
  Database file #1: bibliography.bib
  
running pdflatex - 2
  This is pdfTeX, Version 3.141592653-2.6-1.40.29 (TeX Live 2026) (preloaded format=pdflatex)
   restricted \write18 enabled.
  entering extended mode
  
running pdflatex - 3
  This is pdfTeX, Version 3.141592653-2.6-1.40.29 (TeX Live 2026) (preloaded format=pdflatex)
   restricted \write18 enabled.
  entering extended mode
  

Output created: template.pdf

