

processing file: qtabby-faq.qmd

1/5                  

2/5 [unnamed-chunk-1]

3/5                  

4/5 [unnamed-chunk-2]

5/5                  

output file: qtabby-faq.knit.md


Error running filter /opt/quarto/share
/filters/main.lua:
/opt/quarto/share/filters/main.lua:23084: attempt to call a nil value (method 'map')
stack traceback:
	/opt/quarto/share/filters/main.lua:937: in field 'Tabset'
	...-extensions/test-1/repo/docs/_extensions/tabby/tabby.lua:212: in function <...-extensions/test-1/re
po/docs/_extensions/tabby/tabby.lua:147>
	(...tail calls...)
	[C]: in ?
	[C]: in method 'w
alk'
	/opt/quarto/share/pandoc/datadir/_utils.lua:607:
 in function '_utils.walk'
	/opt/quarto/shar
e/filters/main.lua:574: in function 
</opt/quarto/share/filters/main.lua
:552>
	(...tail calls...)
	/opt/qua
rto/share/filters/main.lua:1317: i
n local 'callback'
	[string "if 
pandoc.system.os == "mingw32" t
hen..."]:778: in field 'withS
criptFile'
	/opt/quarto/share/fi
lters/main.lua:1333: in upvalu
e 'run_emulated_filter_chain'

	/opt/quarto/share/filters/main
.lua:1371: in function </opt/quarto/share/filters/main.lua:1368>
stack traceback:
	/opt/quarto/share/pandoc/datadir/_utils.lua:607: in function '_utils.walk'
	/opt/quarto/share/filters/main.lua:574: in function </opt/quarto/share/filters/main.lua:552>
	(...tai
l calls...)
	/opt/quarto/share/filters/main.lua:1317: in local 'callback'

	[string "if pandoc.system.os == "mingw
32" then..."]:778: in field 'withScriptFil
e'
	/opt/quarto/share/filters/mai
n.lua:1333: in upvalue 'run_em
ulated_filter_chain'
	/opt/qua
rto/share/filters/main.lua:137
1: in function </opt/quarto/share/filters/main.lua:1368>

(WARN) Error encountered when rendering files

