

processing file: qtabby-faq.qmd

1/5                  

2/5 [unnamed-chunk-1]

3/5                  

4/5 [unnamed-chunk-2]

5/5                  

output file: qtabby-faq.knit.md


Error running filter /opt/quarto/share/filters/main.lu
a:
/opt/quarto/share/filters/main.lua:23084: attempt to call a nil value (method 'map')
stack traceback:
	/opt/quarto/share/filters/main.lua:937: in field 'Tabset'
	...extensions/test-23/repo/docs/_extensions/tabby/tabby.lua:212: in function <...extensions/test-23/repo/docs/_extensions/tabby/tabby.lua:147>
	(...tail calls...)
	[C]: in ?

	[C]: in method 'walk'
	/opt/quarto/share/pandoc/datadir/_utils.lua:607: in function '_utils.walk'
	/o
pt/quarto/share/filters/main.lua:574: in function </opt/quarto/sh
are/filters/main.lua:552>
	(...tail calls...)

	/opt/quarto/share/filters/main.lua:
1317: in local 'callback'
	[string 
"if pandoc.system.os == "mingw32" 
then..."]:778: in field 'withScri
ptFile'
	/opt/quarto/share/filters/main.lua
:1333: in upvalue 'run_emulated_filter_
chain'
	/opt/quarto/share/filters
/main.lua:1371: in function </o
pt/quarto/share/filters/main.l
ua:1368>
stack traceback:
	/opt/quarto/share/pandoc/datadir/_utils.lua:607: in function '_utils.walk'
	/opt/quarto/share/filters/main.lua:574: in function </opt/quarto/share/filters/main.lua:552>
	(...tail calls...)
	/opt/quarto/share/filters/main.lua:1317:
 in local 'callback'
	[string "if pandoc.system.os == "ming
w32" then..."]:778: in field 'withScri
ptFile'
	/opt/quarto/share/filters/m
ain.lua:1333: in upvalue 'run_emu
lated_filter_chain'
	/opt/quart
o/share/filters/main.lua:1371:
 in function </opt/quarto/shar
e/filters/main.lua:1368>

(WARN) Error encountered when rendering files

