Cloning into 'repo'...
Installing package into '/home/runner/work/quarto-extensions/quarto-extensions/test-1/R/x86_64-pc-linux-gnu-library/4.5'
(as 'lib' is unspecified)
trying URL 'https://packagemanager.posit.co/cran/latest/src/contrib/renv_1.2.2.tar.gz'
Content type 'binary/octet-stream' length 1356485 bytes (1.3 MB)
==================================================
downloaded 1.3 MB

* installing *source* package 'renv' ...
** this is package 'renv' version '1.2.2'
** package 'renv' successfully unpacked and MD5 sums checked
** using staged installation
** R
** inst
** byte-compile and prepare package for lazy loading
** help
*** installing help indices
*** copying figures
** building package indices
** installing vignettes
** testing if installed package can be loaded from temporary location
** checking absolute paths in shared objects and dynamic libraries
** testing if installed package can be loaded from final location
** testing if installed package keeps a record of temporary installation path
* DONE (renv)

The downloaded source packages are in
	'/tmp/RtmpUQHESD/downloaded_packages'
Using CPython 3.13.9 interpreter at: /usr/local/python/current/bin/python
Creating virtual environment at: .venv
Activate with: source .venv/bin/activate
Resolved 13 packages in 139ms
Downloading numpy (15.9MiB)
Downloading fonttools (4.7MiB)
Downloading pillow (6.8MiB)
Downloading pandas (10.4MiB)
Downloading kiwisolver (1.4MiB)
Downloading matplotlib (8.4MiB)
 Downloaded kiwisolver
 Downloaded pillow
 Downloaded fonttools
 Downloaded matplotlib
 Downloaded numpy
 Downloaded pandas
Prepared 13 packages in 709ms
Installed 13 packages in 355ms
 + contourpy==1.3.3
 + cycler==0.12.1
 + fonttools==4.62.1
 + kiwisolver==1.5.0
 + matplotlib==3.10.9
 + numpy==2.4.4
 + packaging==26.2
 + pandas==3.0.2
 + pillow==12.2.0
 + pyparsing==3.3.2
 + python-dateutil==2.9.0.post0
 + seaborn==0.13.2
 + six==1.17.0
[1/4] qtabby-faq.qmd


processing file: qtabby-faq.qmd
1/5                  
2/5 [unnamed-chunk-1]
3/5                  
4/5 [unnamed-chunk-2]
5/5                  
output file: qtabby-faq.knit.md

Error running filter /opt/quarto/share/filters/main.lua:
/opt/quarto/share/filters/main.lua:23084: attempt to call a nil value (method 'map')
stack traceback:
	/opt/quarto/share/filters/main.lua:937: in field 'Tabset'
	...-extensions/test-1/repo/docs/_extensions/tabby/tabby.lua:212: in function <...-extensions/test-1/repo/docs/_extensions/tabby/tabby.lua:147>
	(...tail calls...)
	[C]: in ?
	[C]: in method 'walk'
	/opt/quarto/share/pandoc/datadir/_utils.lua:607: in function '_utils.walk'
	/opt/quarto/share/filters/main.lua:574: in function </opt/quarto/share/filters/main.lua:552>
	(...tail calls...)
	/opt/quarto/share/filters/main.lua:1317: in local 'callback'
	[string "if pandoc.system.os == "mingw32" then..."]:778: in field 'withScriptFile'
	/opt/quarto/share/filters/main.lua:1333: in upvalue 'run_emulated_filter_chain'
	/opt/quarto/share/filters/main.lua:1371: in function </opt/quarto/share/filters/main.lua:1368>
stack traceback:
	/opt/quarto/share/pandoc/datadir/_utils.lua:607: in function '_utils.walk'
	/opt/quarto/share/filters/main.lua:574: in function </opt/quarto/share/filters/main.lua:552>
	(...tail calls...)
	/opt/quarto/share/filters/main.lua:1317: in local 'callback'
	[string "if pandoc.system.os == "mingw32" then..."]:778: in field 'withScriptFile'
	/opt/quarto/share/filters/main.lua:1333: in upvalue 'run_emulated_filter_chain'
	/opt/quarto/share/filters/main.lua:1371: in function </opt/quarto/share/filters/main.lua:1368>
WARN: Error encountered when rendering files
Render failed, retrying once...
[1/4] qtabby-faq.qmd


processing file: qtabby-faq.qmd
1/5                  
2/5 [unnamed-chunk-1]
3/5                  
4/5 [unnamed-chunk-2]
5/5                  
output file: qtabby-faq.knit.md

Error running filter /opt/quarto/share/filters/main.lua:
/opt/quarto/share/filters/main.lua:23084: attempt to call a nil value (method 'map')
stack traceback:
	/opt/quarto/share/filters/main.lua:937: in field 'Tabset'
	...-extensions/test-1/repo/docs/_extensions/tabby/tabby.lua:212: in function <...-extensions/test-1/repo/docs/_extensions/tabby/tabby.lua:147>
	(...tail calls...)
	[C]: in ?
	[C]: in method 'walk'
	/opt/quarto/share/pandoc/datadir/_utils.lua:607: in function '_utils.walk'
	/opt/quarto/share/filters/main.lua:574: in function </opt/quarto/share/filters/main.lua:552>
	(...tail calls...)
	/opt/quarto/share/filters/main.lua:1317: in local 'callback'
	[string "if pandoc.system.os == "mingw32" then..."]:778: in field 'withScriptFile'
	/opt/quarto/share/filters/main.lua:1333: in upvalue 'run_emulated_filter_chain'
	/opt/quarto/share/filters/main.lua:1371: in function </opt/quarto/share/filters/main.lua:1368>
stack traceback:
	/opt/quarto/share/pandoc/datadir/_utils.lua:607: in function '_utils.walk'
	/opt/quarto/share/filters/main.lua:574: in function </opt/quarto/share/filters/main.lua:552>
	(...tail calls...)
	/opt/quarto/share/filters/main.lua:1317: in local 'callback'
	[string "if pandoc.system.os == "mingw32" then..."]:778: in field 'withScriptFile'
	/opt/quarto/share/filters/main.lua:1333: in upvalue 'run_emulated_filter_chain'
	/opt/quarto/share/filters/main.lua:1371: in function </opt/quarto/share/filters/main.lua:1368>
WARN: Error encountered when rendering files
