

processing file: qtoggle-quick-start.qmd

1/9                  

2/9 [unnamed-chunk-1]

3/9                  

4/9 [unnamed-chunk-2]

5/9                  

6/9 [unnamed-chunk-3]

7/9                  

8/9 [unnamed-chunk-4]

9/9                  

output file: qtoggle-quick-start.knit.md


pandoc 

  to: html
  output-file: qtoggle-quick-start.html
  standalone: true
  title-prefix: toggle
  section-divs: true
  html-math-method: mathjax
  wrap: none
  default-image-extension: png
  toc: true
  variables: {}
  

metadata

  document-css: false
  link-citations: true
  date-format: long
  lang: en
  engines:
    - path: /opt/quarto/share/extension-subtrees/julia-engine/_extensions/julia-engine/julia-engine.js
  theme:
    light: flatly
    dark: darkly
  title: Quick Start
  subtitle: Your first toggle button
  extensions:
    toggle:
      output-toggle: true
  

Output created: _site/qtoggle-quick-start.html


