Cloning into 'repo'...
Installing package into '/home/runner/work/quarto-extensions/quarto-extensions/test-3/R/x86_64-pc-linux-gnu-library/4.5'
(as 'lib' is unspecified)
trying URL 'https://packagemanager.posit.co/cran/__linux__/jammy/latest/src/contrib/renv_1.1.8.tar.gz'
Content type 'binary/octet-stream' length 2336300 bytes (2.2 MB)
==================================================
downloaded 2.2 MB

* installing *binary* package 'renv' ...
* DONE (renv)

The downloaded source packages are in
	'/tmp/RtmpKilo5v/downloaded_packages'
The R temporary directory appears to be within a folder mounted as 'noexec'.
Installation of R packages from sources may fail.
See the section **Note** within `?INSTALL` for more details.

tempdir(): /tmp/RtmpKilo5v
Installing packages into '/home/runner/work/quarto-extensions/quarto-extensions/test-3/R/x86_64-pc-linux-gnu-library/4.5'
(as 'lib' is unspecified)
also installing the dependencies 'later', 'ragg'

trying URL 'https://cloud.r-project.org/src/contrib/later_1.4.8.tar.gz'
trying URL 'https://cloud.r-project.org/src/contrib/ragg_1.5.1.tar.gz'
trying URL 'https://cloud.r-project.org/src/contrib/magick_2.9.1.tar.gz'
trying URL 'https://cloud.r-project.org/src/contrib/quarto_1.5.1.tar.gz'
trying URL 'https://cloud.r-project.org/src/contrib/tidyverse_2.0.0.tar.gz'
* installing *source* package 'later' ...
** this is package 'later' version '1.4.8'
** package 'later' successfully unpacked and MD5 sums checked
** using staged installation
ERROR: 'configure' exists but is not executable -- see the 'R Installation and Administration Manual'
* removing '/home/runner/work/quarto-extensions/quarto-extensions/test-3/R/x86_64-pc-linux-gnu-library/4.5/later'
* installing *source* package 'ragg' ...
** this is package 'ragg' version '1.5.1'
** package 'ragg' successfully unpacked and MD5 sums checked
** using staged installation
ERROR: 'configure' exists but is not executable -- see the 'R Installation and Administration Manual'
* removing '/home/runner/work/quarto-extensions/quarto-extensions/test-3/R/x86_64-pc-linux-gnu-library/4.5/ragg'
* installing *source* package 'magick' ...
** this is package 'magick' version '2.9.1'
** package 'magick' successfully unpacked and MD5 sums checked
** using staged installation
ERROR: 'configure' exists but is not executable -- see the 'R Installation and Administration Manual'
* removing '/home/runner/work/quarto-extensions/quarto-extensions/test-3/R/x86_64-pc-linux-gnu-library/4.5/magick'
ERROR: dependency 'later' is not available for package 'quarto'
Perhaps try a variation of:
install.packages('later')
* removing '/home/runner/work/quarto-extensions/quarto-extensions/test-3/R/x86_64-pc-linux-gnu-library/4.5/quarto'
ERROR: dependency 'ragg' is not available for package 'tidyverse'
Perhaps try a variation of:
install.packages('ragg')
* removing '/home/runner/work/quarto-extensions/quarto-extensions/test-3/R/x86_64-pc-linux-gnu-library/4.5/tidyverse'

The downloaded source packages are in
	'/tmp/RtmpKilo5v/downloaded_packages'
Warning messages:
1: In install.packages(deps, repos = "https://cloud.r-project.org") :
  installation of package 'later' had non-zero exit status
2: In install.packages(deps, repos = "https://cloud.r-project.org") :
  installation of package 'ragg' had non-zero exit status
3: In install.packages(deps, repos = "https://cloud.r-project.org") :
  installation of package 'magick' had non-zero exit status
4: In install.packages(deps, repos = "https://cloud.r-project.org") :
  installation of package 'quarto' had non-zero exit status
5: In install.packages(deps, repos = "https://cloud.r-project.org") :
  installation of package 'tidyverse' had non-zero exit status
pandoc 
  to: typst
  output-file: template.typ
  standalone: true
  default-image-extension: svg
  wrap: none
  citeproc: false
  toc: false
  variables: {}
  
metadata
  fontsize: 11pt
  date: today
  date-format: D MMMM YYYY
  lang: en
  region: AU
  paper: a4
  bibliographystyle: apa
  margin:
    top: 2.7cm
    bottom: 2cm
    left: 2cm
    right: 2cm
  font-paths:
    - _extensions/memo/fonts
  engines:
    - path: /opt/quarto/share/extension-subtrees/julia-engine/_extensions/julia-engine/julia-engine.js
  title: Note to self
  author: Marie Curie
  branding: true
  linestretch: 1.2
  
[typst]: Compiling template.typ to template.pdf...DONE

Output created: template.pdf



processing file: README.qmd
1/3                  
2/3 [unnamed-chunk-1]
Error in `library()`:
! there is no package called 'tidyverse'
Backtrace:
    x
 1. \-base::library(tidyverse)

Quitting from README.qmd:7-24 [unnamed-chunk-1]
Execution halted
WARN: Error encountered when rendering files
Render failed, retrying once...


processing file: README.qmd
1/3                  
2/3 [unnamed-chunk-1]
Error in `library()`:
! there is no package called 'tidyverse'
Backtrace:
    x
 1. \-base::library(tidyverse)

Quitting from README.qmd:7-24 [unnamed-chunk-1]
Execution halted
WARN: Error encountered when rendering files
