Cloning into 'repo'...
Installing package into '/home/runner/work/quarto-extensions/quarto-extensions/test-4/R/x86_64-pc-linux-gnu-library/4.5'
(as 'lib' is unspecified)
trying URL 'https://packagemanager.posit.co/cran/__linux__/jammy/latest/src/contrib/renv_1.1.8.tar.gz'
Content type 'binary/octet-stream' length 2336300 bytes (2.2 MB)
==================================================
downloaded 2.2 MB

* installing *binary* package 'renv' ...
* DONE (renv)

The downloaded source packages are in
	'/tmp/RtmpeUciOn/downloaded_packages'
The R temporary directory appears to be within a folder mounted as 'noexec'.
Installation of R packages from sources may fail.
See the section **Note** within `?INSTALL` for more details.

tempdir(): /tmp/RtmpeUciOn
/usr/local/bin/tlmgr: open(>/opt/tinytex/tlpkg/texlive.tlpdb.tmp) failed: Permission denied at /opt/tinytex/tlpkg/TeXLive/TLPDB.pm line 611.
CTAN mirror https://ctan.math.utah.edu/ctan/tex-archive/systems/texlive/tlnet failed, trying next...
/usr/local/bin/tlmgr: open(>/opt/tinytex/tlpkg/texlive.tlpdb.tmp) failed: Permission denied at /opt/tinytex/tlpkg/TeXLive/TLPDB.pm line 611.
CTAN mirror https://ctan.math.illinois.edu/systems/texlive/tlnet failed, trying next...
/usr/local/bin/tlmgr: open(>/opt/tinytex/tlpkg/texlive.tlpdb.tmp) failed: Permission denied at /opt/tinytex/tlpkg/TeXLive/TLPDB.pm line 611.
CTAN mirror https://mirrors.rit.edu/CTAN/systems/texlive/tlnet failed, trying next...
/usr/local/bin/tlmgr: open(>/opt/tinytex/tlpkg/texlive.tlpdb.tmp) failed: Permission denied at /opt/tinytex/tlpkg/TeXLive/TLPDB.pm line 611.
CTAN mirror https://mirror.ctan.org/systems/texlive/tlnet failed, trying next...
All CTAN mirrors failed. LaTeX packages may not install.


processing file: example.qmd
1/3                  
2/3 [unnamed-chunk-1]
3/3                  
output file: example.knit.md

pandoc 
  to: latex
  output-file: example.tex
  standalone: true
  pdf-engine: lualatex
  variables:
    graphics: true
    tables: true
  default-image-extension: pdf
  
metadata
  documentclass: scrartcl
  classoption:
    - DIV=11
    - numbers=noendperiod
  papersize: letter
  header-includes:
    - \KOMAoption{captions}{tableheading}
    - \usepackage[labelformat=empty, font=bf]{caption}
  block-headings: true
  engines:
    - path: /opt/quarto/share/extension-subtrees/julia-engine/_extensions/julia-engine/julia-engine.js
  title: My Research Document
  author: Iago Pinal-Fernandez
  date: last-modified
  bibliography:
    - assets/references.bib
  
INFO: latex
INFO: Running format_citations.
WARNING: No IDs found in Cite block: {'t': 'Cite', 'c': [[{'citationId': 'Pinal-Fernandez2024', 'citationPrefix': [], 'citationSuffix': [], 'citationMode': {'t': 'AuthorInText'}, 'citationNoteNum': 8, 'citationHash': 0}], [{'t': 'Str', 'c': '@Pinal-Fernandez2024'}]]}
WARNING: No IDs found in Cite block: {'t': 'Cite', 'c': [[{'citationId': 'Selva-OCallaghan2018', 'citationPrefix': [], 'citationSuffix': [], 'citationMode': {'t': 'AuthorInText'}, 'citationNoteNum': 9, 'citationHash': 0}], [{'t': 'Str', 'c': '@Selva-OCallaghan2018'}]]}
INFO: Sorted IDs: ['fig:experiment1', 'fig:experiment2', 'fig:experiment4', 'fig:experiment5', 'supfig:experiment1', 'suptbl:experiment2', 'suptbl:experiment3', 'tbl:experiment1', 'tbl:results', 'tbl:summary', 'supfig:extra1', 'suptbl:appendixA']
INFO: Counters: {'fig': 4, 'tbl': 3, 'supfig': 2, 'suptbl': 3}
INFO: Tag found: tbl:results
INFO: Tag found: supfig:experiment1
INFO: Tag found: fig:experiment1
INFO: Tag found: suptbl:appendixA
INFO: Placeholder: tbl,fig
INFO: Placeholder: supfig
INFO: Placeholder: suptbl


processing file: example.qmd
1/3                  
2/3 [unnamed-chunk-1]
3/3                  
output file: example.knit.md

pandoc 
  to: html
  output-file: example.html
  standalone: true
  section-divs: true
  html-math-method: mathjax
  wrap: none
  default-image-extension: png
  variables: {}
  
metadata
  document-css: false
  link-citations: true
  date-format: long
  lang: en
  engines:
    - path: /opt/quarto/share/extension-subtrees/julia-engine/_extensions/julia-engine/julia-engine.js
  title: My Research Document
  author: Iago Pinal-Fernandez
  date: last-modified
  bibliography:
    - assets/references.bib
  
INFO: html
INFO: Running format_citations.
WARNING: No IDs found in Cite block: {'t': 'Cite', 'c': [[{'citationId': 'Pinal-Fernandez2024', 'citationPrefix': [], 'citationSuffix': [], 'citationMode': {'t': 'AuthorInText'}, 'citationNoteNum': 8, 'citationHash': 0}], [{'t': 'Str', 'c': '@Pinal-Fernandez2024'}]]}
WARNING: No IDs found in Cite block: {'t': 'Cite', 'c': [[{'citationId': 'Selva-OCallaghan2018', 'citationPrefix': [], 'citationSuffix': [], 'citationMode': {'t': 'AuthorInText'}, 'citationNoteNum': 9, 'citationHash': 0}], [{'t': 'Str', 'c': '@Selva-OCallaghan2018'}]]}
INFO: Sorted IDs: ['fig:experiment1', 'fig:experiment2', 'fig:experiment4', 'fig:experiment5', 'supfig:experiment1', 'suptbl:experiment2', 'suptbl:experiment3', 'tbl:experiment1', 'tbl:results', 'tbl:summary', 'supfig:extra1', 'suptbl:appendixA']
INFO: Counters: {'fig': 4, 'tbl': 3, 'supfig': 2, 'suptbl': 3}
INFO: Tag found: tbl:results
INFO: Tag found: supfig:experiment1
INFO: Tag found: fig:experiment1
INFO: Tag found: suptbl:appendixA
INFO: Placeholder: tbl,fig
INFO: Placeholder: supfig
INFO: Placeholder: suptbl


processing file: example.qmd
1/3                  
2/3 [unnamed-chunk-1]
3/3                  
output file: example.knit.md

pandoc 
  to: docx
  output-file: example.docx
  default-image-extension: png
  variables: {}
  
metadata
  engines:
    - path: /opt/quarto/share/extension-subtrees/julia-engine/_extensions/julia-engine/julia-engine.js
  title: My Research Document
  author: Iago Pinal-Fernandez
  date: last-modified
  bibliography:
    - assets/references.bib
  
INFO: docx
INFO: Running format_citations.
WARNING: No IDs found in Cite block: {'t': 'Cite', 'c': [[{'citationId': 'Pinal-Fernandez2024', 'citationPrefix': [], 'citationSuffix': [], 'citationMode': {'t': 'AuthorInText'}, 'citationNoteNum': 8, 'citationHash': 0}], [{'t': 'Str', 'c': '@Pinal-Fernandez2024'}]]}
WARNING: No IDs found in Cite block: {'t': 'Cite', 'c': [[{'citationId': 'Selva-OCallaghan2018', 'citationPrefix': [], 'citationSuffix': [], 'citationMode': {'t': 'AuthorInText'}, 'citationNoteNum': 9, 'citationHash': 0}], [{'t': 'Str', 'c': '@Selva-OCallaghan2018'}]]}
INFO: Sorted IDs: ['fig:experiment1', 'fig:experiment2', 'fig:experiment4', 'fig:experiment5', 'supfig:experiment1', 'suptbl:experiment2', 'suptbl:experiment3', 'tbl:experiment1', 'tbl:results', 'tbl:summary', 'supfig:extra1', 'suptbl:appendixA']
INFO: Counters: {'fig': 4, 'tbl': 3, 'supfig': 2, 'suptbl': 3}
INFO: Tag found: tbl:results
INFO: Tag found: supfig:experiment1
INFO: Tag found: fig:experiment1
INFO: Tag found: suptbl:appendixA
INFO: Placeholder: tbl,fig
INFO: Placeholder: supfig
INFO: Placeholder: suptbl

Rendering PDF
running lualatex - 1
  This is LuaHBTeX, Version 1.24.0 (TeX Live 2026) 
   restricted system commands enabled.
  
updating tlmgr

updating existing packages
finding package for scrartcl.cls
> 1 package to install
> installing koma-script (1 of 1)
WARN: Error encountered when rendering files
ERROR: tlmgr returned a non zero status code
You don't have permission to change the installation in any way,
specifically, the directory /opt/tinytex/tlpkg/ is not writable.
Please run this program as administrator, or contact your local admin.
tlmgr: An error has occurred. See above messages. Exiting.


Stack trace:
    at renderFiles (file:///opt/quarto/bin/quarto.js:136526:49)
    at eventLoopTick (ext:core/01_core.js:179:7)
    at async renderProject (file:///opt/quarto/bin/quarto.js:137069:23)
    at async _Command.actionHandler (file:///opt/quarto/bin/quarto.js:142399:24)
    at async _Command.execute (file:///opt/quarto/bin/quarto.js:102022:7)
    at async _Command.parseCommand (file:///opt/quarto/bin/quarto.js:101899:14)
    at async quarto4 (file:///opt/quarto/bin/quarto.js:187547:5)
    at async file:///opt/quarto/bin/quarto.js:187575:5
    at async file:///opt/quarto/bin/quarto.js:187430:14
    at async mainRunner (file:///opt/quarto/bin/quarto.js:187432:5)
    at async file:///opt/quarto/bin/quarto.js:187568:3
Render failed, retrying once...


processing file: example.qmd
1/3                  
2/3 [unnamed-chunk-1]
3/3                  
output file: example.knit.md

pandoc 
  to: latex
  output-file: example.tex
  standalone: true
  pdf-engine: lualatex
  variables:
    graphics: true
    tables: true
  default-image-extension: pdf
  
metadata
  documentclass: scrartcl
  classoption:
    - DIV=11
    - numbers=noendperiod
  papersize: letter
  header-includes:
    - \KOMAoption{captions}{tableheading}
    - \usepackage[labelformat=empty, font=bf]{caption}
  block-headings: true
  engines:
    - path: /opt/quarto/share/extension-subtrees/julia-engine/_extensions/julia-engine/julia-engine.js
  title: My Research Document
  author: Iago Pinal-Fernandez
  date: last-modified
  bibliography:
    - assets/references.bib
  
INFO: latex
INFO: Running format_citations.
WARNING: No IDs found in Cite block: {'t': 'Cite', 'c': [[{'citationId': 'Pinal-Fernandez2024', 'citationPrefix': [], 'citationSuffix': [], 'citationMode': {'t': 'AuthorInText'}, 'citationNoteNum': 8, 'citationHash': 0}], [{'t': 'Str', 'c': '@Pinal-Fernandez2024'}]]}
WARNING: No IDs found in Cite block: {'t': 'Cite', 'c': [[{'citationId': 'Selva-OCallaghan2018', 'citationPrefix': [], 'citationSuffix': [], 'citationMode': {'t': 'AuthorInText'}, 'citationNoteNum': 9, 'citationHash': 0}], [{'t': 'Str', 'c': '@Selva-OCallaghan2018'}]]}
INFO: Sorted IDs: ['fig:experiment1', 'fig:experiment2', 'fig:experiment4', 'fig:experiment5', 'supfig:experiment1', 'suptbl:experiment2', 'suptbl:experiment3', 'tbl:experiment1', 'tbl:results', 'tbl:summary', 'supfig:extra1', 'suptbl:appendixA']
INFO: Counters: {'fig': 4, 'tbl': 3, 'supfig': 2, 'suptbl': 3}
INFO: Tag found: tbl:results
INFO: Tag found: supfig:experiment1
INFO: Tag found: fig:experiment1
INFO: Tag found: suptbl:appendixA
INFO: Placeholder: tbl,fig
INFO: Placeholder: supfig
INFO: Placeholder: suptbl


processing file: example.qmd
1/3                  
2/3 [unnamed-chunk-1]
3/3                  
output file: example.knit.md

pandoc 
  to: html
  output-file: example.html
  standalone: true
  section-divs: true
  html-math-method: mathjax
  wrap: none
  default-image-extension: png
  variables: {}
  
metadata
  document-css: false
  link-citations: true
  date-format: long
  lang: en
  engines:
    - path: /opt/quarto/share/extension-subtrees/julia-engine/_extensions/julia-engine/julia-engine.js
  title: My Research Document
  author: Iago Pinal-Fernandez
  date: last-modified
  bibliography:
    - assets/references.bib
  
INFO: html
INFO: Running format_citations.
WARNING: No IDs found in Cite block: {'t': 'Cite', 'c': [[{'citationId': 'Pinal-Fernandez2024', 'citationPrefix': [], 'citationSuffix': [], 'citationMode': {'t': 'AuthorInText'}, 'citationNoteNum': 8, 'citationHash': 0}], [{'t': 'Str', 'c': '@Pinal-Fernandez2024'}]]}
WARNING: No IDs found in Cite block: {'t': 'Cite', 'c': [[{'citationId': 'Selva-OCallaghan2018', 'citationPrefix': [], 'citationSuffix': [], 'citationMode': {'t': 'AuthorInText'}, 'citationNoteNum': 9, 'citationHash': 0}], [{'t': 'Str', 'c': '@Selva-OCallaghan2018'}]]}
INFO: Sorted IDs: ['fig:experiment1', 'fig:experiment2', 'fig:experiment4', 'fig:experiment5', 'supfig:experiment1', 'suptbl:experiment2', 'suptbl:experiment3', 'tbl:experiment1', 'tbl:results', 'tbl:summary', 'supfig:extra1', 'suptbl:appendixA']
INFO: Counters: {'fig': 4, 'tbl': 3, 'supfig': 2, 'suptbl': 3}
INFO: Tag found: tbl:results
INFO: Tag found: supfig:experiment1
INFO: Tag found: fig:experiment1
INFO: Tag found: suptbl:appendixA
INFO: Placeholder: tbl,fig
INFO: Placeholder: supfig
INFO: Placeholder: suptbl


processing file: example.qmd
1/3                  
2/3 [unnamed-chunk-1]
3/3                  
output file: example.knit.md

pandoc 
  to: docx
  output-file: example.docx
  default-image-extension: png
  variables: {}
  
metadata
  engines:
    - path: /opt/quarto/share/extension-subtrees/julia-engine/_extensions/julia-engine/julia-engine.js
  title: My Research Document
  author: Iago Pinal-Fernandez
  date: last-modified
  bibliography:
    - assets/references.bib
  
INFO: docx
INFO: Running format_citations.
WARNING: No IDs found in Cite block: {'t': 'Cite', 'c': [[{'citationId': 'Pinal-Fernandez2024', 'citationPrefix': [], 'citationSuffix': [], 'citationMode': {'t': 'AuthorInText'}, 'citationNoteNum': 8, 'citationHash': 0}], [{'t': 'Str', 'c': '@Pinal-Fernandez2024'}]]}
WARNING: No IDs found in Cite block: {'t': 'Cite', 'c': [[{'citationId': 'Selva-OCallaghan2018', 'citationPrefix': [], 'citationSuffix': [], 'citationMode': {'t': 'AuthorInText'}, 'citationNoteNum': 9, 'citationHash': 0}], [{'t': 'Str', 'c': '@Selva-OCallaghan2018'}]]}
INFO: Sorted IDs: ['fig:experiment1', 'fig:experiment2', 'fig:experiment4', 'fig:experiment5', 'supfig:experiment1', 'suptbl:experiment2', 'suptbl:experiment3', 'tbl:experiment1', 'tbl:results', 'tbl:summary', 'supfig:extra1', 'suptbl:appendixA']
INFO: Counters: {'fig': 4, 'tbl': 3, 'supfig': 2, 'suptbl': 3}
INFO: Tag found: tbl:results
INFO: Tag found: supfig:experiment1
INFO: Tag found: fig:experiment1
INFO: Tag found: suptbl:appendixA
INFO: Placeholder: tbl,fig
INFO: Placeholder: supfig
INFO: Placeholder: suptbl

Rendering PDF
running lualatex - 1
  This is LuaHBTeX, Version 1.24.0 (TeX Live 2026) 
   restricted system commands enabled.
  
updating tlmgr

updating existing packages
finding package for scrartcl.cls
> 1 package to install
> installing koma-script (1 of 1)
WARN: Error encountered when rendering files
ERROR: tlmgr returned a non zero status code
You don't have permission to change the installation in any way,
specifically, the directory /opt/tinytex/tlpkg/ is not writable.
Please run this program as administrator, or contact your local admin.
tlmgr: An error has occurred. See above messages. Exiting.


Stack trace:
    at renderFiles (file:///opt/quarto/bin/quarto.js:136526:49)
    at eventLoopTick (ext:core/01_core.js:179:7)
    at async renderProject (file:///opt/quarto/bin/quarto.js:137069:23)
    at async _Command.actionHandler (file:///opt/quarto/bin/quarto.js:142399:24)
    at async _Command.execute (file:///opt/quarto/bin/quarto.js:102022:7)
    at async _Command.parseCommand (file:///opt/quarto/bin/quarto.js:101899:14)
    at async quarto4 (file:///opt/quarto/bin/quarto.js:187547:5)
    at async file:///opt/quarto/bin/quarto.js:187575:5
    at async file:///opt/quarto/bin/quarto.js:187430:14
    at async mainRunner (file:///opt/quarto/bin/quarto.js:187432:5)
    at async file:///opt/quarto/bin/quarto.js:187568:3
