Cloning into 'repo'...


processing file: template.qmd
1/3           
2/3 [fig-side]
3/3           
output file: template.knit.md

pandoc 
  to: latex
  output-file: template.tex
  standalone: true
  pdf-engine: lualatex
  variables:
    graphics: true
    tables: true
  default-image-extension: pdf
  toc: false
  number-sections: false
  
metadata
  block-headings: true
  title: Quarto Template for PNAS Submissions
  author:
    - name: Author One
      affiliations:
        - name: Harvard University
          id: a
          department: Department of Government
          city: Cambridge
          state: MA
          postal-code: 2138
        - name: Harvard University
          id: c
          department: Department of Statistics
          city: Cambridge
          state: MA
          postal-code: 2138
      attributes:
        equal-contributor: true
    - name: Author Two
      affiliations:
        - name: Yale University
          id: b
          department: Department of Political Science
          city: New Haven
          state: CT
          postal-code: 6511
      email: corresponding@email.com
      attributes:
        equal-contributor: true
        corresponding: true
    - name: Author Three
      affiliations:
        - ref: a
  abstract: |
    Please provide an abstract of no more than 250 words in a single paragraph. Abstracts should explain to the general reader the major contributions of the article. References in the abstract must be cited in full within the abstract itself and cited in the text.
  runningauthor: One, Two, and Three
  significance: |
    Authors must submit a 120-word maximum statement about the significance of their research paper written at a level understandable to an undergraduate educated scientist outside their field of speciality. The primary goal of the significance statement is to explain the relevance of the work in broad context to a broad readership. The significance statement appears in the paper itself and is required for all research papers.
  author_contributions: Please provide details of author contributions here.
  conflict_of_interest: Please declare any competing interests here.
  equal-contributor: A.O.(Author One) contributed equally to this work with A.T. (Author Two) (remove if not applicable).
  keywords:
    - template
    - demo
  acknowledgements: |
    Please include your acknowledgments here, set in a single paragraph. Please do not include any acknowledgments in the Supporting Information, or anywhere else in the manuscript.
  bibliography:
    - bibliography.bib
  fontsize: 9pt
  classoption:
    - twoside
    - twocolumn
  

Rendering PDF
running lualatex - 1
  This is LuaHBTeX, Version 1.24.0 (TeX Live 2026) 
   restricted system commands enabled.
  
updating tlmgr

updating existing packages
finding package for extarticle.cls
> 1 package to install
> installing extsizes (1 of 1)
  This is LuaHBTeX, Version 1.24.0 (TeX Live 2026) 
   restricted system commands enabled.
  
  luaotfload | db : Font names database not found, generating new one.
  luaotfload | db : This can take several minutes; please be patient.
finding package for english.ldf
> 1 package to install
> installing babel-english (1 of 1)
  This is LuaHBTeX, Version 1.24.0 (TeX Live 2026) 
   restricted system commands enabled.
  
finding package for lettrine.sty
> 1 package to install
> installing lettrine (1 of 1)
  This is LuaHBTeX, Version 1.24.0 (TeX Live 2026) 
   restricted system commands enabled.
  
finding package for tikz.sty
> 1 package to install
> installing pgf (1 of 1)
  This is LuaHBTeX, Version 1.24.0 (TeX Live 2026) 
   restricted system commands enabled.
  
finding package for mdframed.sty
> 1 package to install
> installing mdframed (1 of 1)
  This is LuaHBTeX, Version 1.24.0 (TeX Live 2026) 
   restricted system commands enabled.
  
finding package for zref-abspage.sty
> 1 package to install
> installing zref (1 of 1)
  This is LuaHBTeX, Version 1.24.0 (TeX Live 2026) 
   restricted system commands enabled.
  
finding package for needspace.sty
> 1 package to install
> installing needspace (1 of 1)
  This is LuaHBTeX, Version 1.24.0 (TeX Live 2026) 
   restricted system commands enabled.
  
finding package for authblk.sty
> 1 package to install
> installing preprint (1 of 1)
  This is LuaHBTeX, Version 1.24.0 (TeX Live 2026) 
   restricted system commands enabled.
  
finding package for xifthen.sty
> 1 package to install
> installing xifthen (1 of 1)
  This is LuaHBTeX, Version 1.24.0 (TeX Live 2026) 
   restricted system commands enabled.
  
finding package for ifmtarg.sty
> 1 package to install
> installing ifmtarg (1 of 1)
  This is LuaHBTeX, Version 1.24.0 (TeX Live 2026) 
   restricted system commands enabled.
  
finding package for colortbl.sty
> 1 package to install
> installing colortbl (1 of 1)
  This is LuaHBTeX, Version 1.24.0 (TeX Live 2026) 
   restricted system commands enabled.
  
finding package for algorithm.sty
> 1 package to install
> installing algorithms (1 of 1)
  This is LuaHBTeX, Version 1.24.0 (TeX Live 2026) 
   restricted system commands enabled.
  
finding package for algpseudocode.sty
> 1 package to install
> installing algorithmicx (1 of 1)
  This is LuaHBTeX, Version 1.24.0 (TeX Live 2026) 
   restricted system commands enabled.
  
finding package for changepage.sty
> 1 package to install
> installing changepage (1 of 1)
  This is LuaHBTeX, Version 1.24.0 (TeX Live 2026) 
   restricted system commands enabled.
  
finding package for caption.sty
> 1 package to install
> installing caption (1 of 1)
  This is LuaHBTeX, Version 1.24.0 (TeX Live 2026) 
   restricted system commands enabled.
  
finding package for newfloat.sty
> 1 package to install
> installing newfloat (1 of 1)
  This is LuaHBTeX, Version 1.24.0 (TeX Live 2026) 
   restricted system commands enabled.
  
finding package for fancyhdr.sty
> 2 packages to install
> installing fancyhdr (1 of 2)
> installing pdftex (2 of 2)
  This is LuaHBTeX, Version 1.24.0 (TeX Live 2026) 
   restricted system commands enabled.
  
finding package for lastpage.sty
> 1 package to install
> installing lastpage (1 of 1)
  This is LuaHBTeX, Version 1.24.0 (TeX Live 2026) 
   restricted system commands enabled.
  
finding package for titlesec.sty
> 1 package to install
> installing titlesec (1 of 1)
  This is LuaHBTeX, Version 1.24.0 (TeX Live 2026) 
   restricted system commands enabled.
  
finding package for cuted.sty
> 1 package to install
> installing sttools (1 of 1)
  This is LuaHBTeX, Version 1.24.0 (TeX Live 2026) 
   restricted system commands enabled.
  
finding package for footmisc.sty
> 1 package to install
> installing footmisc (1 of 1)
  This is LuaHBTeX, Version 1.24.0 (TeX Live 2026) 
   restricted system commands enabled.
  
finding package for enumitem.sty
> 1 package to install
> installing enumitem (1 of 1)
  This is LuaHBTeX, Version 1.24.0 (TeX Live 2026) 
   restricted system commands enabled.
  
finding package for sidecap.sty
> 1 package to install
> installing sidecap (1 of 1)
  This is LuaHBTeX, Version 1.24.0 (TeX Live 2026) 
   restricted system commands enabled.
  
finding package for marginnote.sty
> 1 package to install
> installing marginnote (1 of 1)
  This is LuaHBTeX, Version 1.24.0 (TeX Live 2026) 
   restricted system commands enabled.
  
finding package for microtype.sty
> 1 package to install
> installing microtype (1 of 1)
  This is LuaHBTeX, Version 1.24.0 (TeX Live 2026) 
   restricted system commands enabled.
  
finding package for draftwatermark.sty
> 1 package to install
> installing draftwatermark (1 of 1)
  This is LuaHBTeX, Version 1.24.0 (TeX Live 2026) 
   restricted system commands enabled.
  
running lualatex - 2
  This is LuaHBTeX, Version 1.24.0 (TeX Live 2026) 
   restricted system commands enabled.
  

Output created: template.pdf

