pandoc 

  to: html
  output-file: template.html
  standalone: true
  section-divs: true
  html-math-method: mathjax
  wrap: none
  default-image-extension: png
  number-sections: true
  toc: true
  variables: {}
  

metadata

  document-css: false
  link-citations: true
  lang: en
  journal:
    blinded: false
  date-format: MMMM D, YYYY
  theme: _extensions/jasa/custom.scss
  csl: _extensions/jasa/american-statistical-association.csl
  engines:
    - path: /opt/quarto/share/extension-subtrees/julia-engine/_extensions/julia-engine/julia-engine.js
  title: Title
  date: last-modified
  author:
    - name: Author 1
      acknowledgements: |
        The authors gratefully acknowledge _please remember to list all relevant funding sources in the non-anonymized (unblinded) version_.
      affiliations:
        - name: University of XXX
          department: Department of YYY
    - name: Author 2
      affiliations:
        - name: University of WWW
          department: Department of ZZZ
  abstract: |
    The text of your abstract. 200 or fewer words.
  keywords:
    - 3 to 6 keywords
    - that do not appear in the title
  bibliography:
    - bibliography.bib
  

Output created: template.html


