Cloning into 'repo'...
/usr/local/bin/tlmgr: open(>/opt/tinytex/tlpkg/texlive.tlpdb.tmp) failed: Permission denied at /opt/tinytex/tlpkg/TeXLive/TLPDB.pm line 611.
CTAN mirror https://ctan.math.utah.edu/ctan/tex-archive/systems/texlive/tlnet failed, trying next...
/usr/local/bin/tlmgr: open(>/opt/tinytex/tlpkg/texlive.tlpdb.tmp) failed: Permission denied at /opt/tinytex/tlpkg/TeXLive/TLPDB.pm line 611.
CTAN mirror https://ctan.math.illinois.edu/systems/texlive/tlnet failed, trying next...
/usr/local/bin/tlmgr: open(>/opt/tinytex/tlpkg/texlive.tlpdb.tmp) failed: Permission denied at /opt/tinytex/tlpkg/TeXLive/TLPDB.pm line 611.
CTAN mirror https://mirrors.rit.edu/CTAN/systems/texlive/tlnet failed, trying next...
/usr/local/bin/tlmgr: open(>/opt/tinytex/tlpkg/texlive.tlpdb.tmp) failed: Permission denied at /opt/tinytex/tlpkg/TeXLive/TLPDB.pm line 611.
CTAN mirror https://mirror.ctan.org/systems/texlive/tlnet failed, trying next...
All CTAN mirrors failed. LaTeX packages may not install.
pandoc 
  to: latex
  output-file: template.tex
  standalone: true
  pdf-engine: lualatex
  variables:
    graphics: true
    tables: true
  default-image-extension: pdf
  number-sections: false
  
metadata
  block-headings: true
  csl: _extensions/bj/biophysical-journal.csl
  papertype: Article
  indent: true
  engines:
    - path: /opt/quarto/share/extension-subtrees/julia-engine/_extensions/julia-engine/julia-engine.js
  title: What a title!
  date: today
  date-format: long
  author:
    - name: Jane Doe
      url: https://example.com
      orcid: 0000-0000-0000-0000
      affiliations:
        - id: some-inst
          name: Institute for Cool Things
          url: https://example.com
        - id: some-uni
          name: University of Awesome Research
          url: https://example.com
      email: corresponding email
    - name: John Doe
      affiliations:
        - ref: some-inst
  github: https://github.com/quarto-journals/
  repo: biophysical-journal
  colorlinks: true
  link-citations: true
  abstract: |
    TODO
    Look at all the cool stuff we found out!
  sigstatement: |
    TODO
    This is very important, because...
    Each manuscript must also have a statement of significance or no more than 120 words.
  license: CC BY
  keywords:
    - Research
    - Cool Stuff
  citation:
    type: article
    citation-key: citationKeyNumber
    status: draft
  bibliography:
    - references.bib
  classoption:
    - twocolumn
  

Rendering PDF
running lualatex - 1
  This is LuaHBTeX, Version 1.24.0 (TeX Live 2026) 
   restricted system commands enabled.
  
  luaotfload | db : Font names database not found, generating new one.
  luaotfload | db : This can take several minutes; please be patient.
updating tlmgr

updating existing packages
finding package for mathtools.sty
> 1 package to install
> installing mathtools (1 of 1)
WARN: Error encountered when rendering files
ERROR: tlmgr returned a non zero status code
You don't have permission to change the installation in any way,
specifically, the directory /opt/tinytex/tlpkg/ is not writable.
Please run this program as administrator, or contact your local admin.
tlmgr: An error has occurred. See above messages. Exiting.


Stack trace:
    at renderFiles (file:///opt/quarto/bin/quarto.js:136533:49)
    at eventLoopTick (ext:core/01_core.js:179:7)
    at async render (file:///opt/quarto/bin/quarto.js:142161:19)
    at async _Command.actionHandler (file:///opt/quarto/bin/quarto.js:142406:24)
    at async _Command.execute (file:///opt/quarto/bin/quarto.js:102029:7)
    at async _Command.parseCommand (file:///opt/quarto/bin/quarto.js:101906:14)
    at async quarto4 (file:///opt/quarto/bin/quarto.js:187554:5)
    at async file:///opt/quarto/bin/quarto.js:187582:5
    at async file:///opt/quarto/bin/quarto.js:187437:14
    at async mainRunner (file:///opt/quarto/bin/quarto.js:187439:5)
    at async file:///opt/quarto/bin/quarto.js:187575:3
Render failed, retrying once...
pandoc 
  to: latex
  output-file: template.tex
  standalone: true
  pdf-engine: lualatex
  variables:
    graphics: true
    tables: true
  default-image-extension: pdf
  number-sections: false
  
metadata
  block-headings: true
  csl: _extensions/bj/biophysical-journal.csl
  papertype: Article
  indent: true
  engines:
    - path: /opt/quarto/share/extension-subtrees/julia-engine/_extensions/julia-engine/julia-engine.js
  title: What a title!
  date: today
  date-format: long
  author:
    - name: Jane Doe
      url: https://example.com
      orcid: 0000-0000-0000-0000
      affiliations:
        - id: some-inst
          name: Institute for Cool Things
          url: https://example.com
        - id: some-uni
          name: University of Awesome Research
          url: https://example.com
      email: corresponding email
    - name: John Doe
      affiliations:
        - ref: some-inst
  github: https://github.com/quarto-journals/
  repo: biophysical-journal
  colorlinks: true
  link-citations: true
  abstract: |
    TODO
    Look at all the cool stuff we found out!
  sigstatement: |
    TODO
    This is very important, because...
    Each manuscript must also have a statement of significance or no more than 120 words.
  license: CC BY
  keywords:
    - Research
    - Cool Stuff
  citation:
    type: article
    citation-key: citationKeyNumber
    status: draft
  bibliography:
    - references.bib
  classoption:
    - twocolumn
  

Rendering PDF
running lualatex - 1
  This is LuaHBTeX, Version 1.24.0 (TeX Live 2026) 
   restricted system commands enabled.
  
updating tlmgr

updating existing packages
finding package for mathtools.sty
> 1 package to install
> installing mathtools (1 of 1)
WARN: Error encountered when rendering files
ERROR: tlmgr returned a non zero status code
You don't have permission to change the installation in any way,
specifically, the directory /opt/tinytex/tlpkg/ is not writable.
Please run this program as administrator, or contact your local admin.
tlmgr: An error has occurred. See above messages. Exiting.


Stack trace:
    at renderFiles (file:///opt/quarto/bin/quarto.js:136533:49)
    at eventLoopTick (ext:core/01_core.js:179:7)
    at async render (file:///opt/quarto/bin/quarto.js:142161:19)
    at async _Command.actionHandler (file:///opt/quarto/bin/quarto.js:142406:24)
    at async _Command.execute (file:///opt/quarto/bin/quarto.js:102029:7)
    at async _Command.parseCommand (file:///opt/quarto/bin/quarto.js:101906:14)
    at async quarto4 (file:///opt/quarto/bin/quarto.js:187554:5)
    at async file:///opt/quarto/bin/quarto.js:187582:5
    at async file:///opt/quarto/bin/quarto.js:187437:14
    at async mainRunner (file:///opt/quarto/bin/quarto.js:187439:5)
    at async file:///opt/quarto/bin/quarto.js:187575:3
