Cloning into 'repo'...
Installing package into '/home/runner/work/quarto-extensions/quarto-extensions/test-24/R/x86_64-pc-linux-gnu-library/4.5'
(as 'lib' is unspecified)
trying URL 'https://packagemanager.posit.co/cran/__linux__/jammy/latest/src/contrib/renv_1.1.8.tar.gz'
Content type 'binary/octet-stream' length 2336300 bytes (2.2 MB)
==================================================
downloaded 2.2 MB

* installing *binary* package 'renv' ...
* DONE (renv)

The downloaded source packages are in
	'/tmp/Rtmpdlhbg1/downloaded_packages'
The R temporary directory appears to be within a folder mounted as 'noexec'.
Installation of R packages from sources may fail.
See the section **Note** within `?INSTALL` for more details.

tempdir(): /tmp/Rtmpdlhbg1
[1/6] example-academic.qmd


processing file: example-academic.qmd
1/23                   
2/23 [unnamed-chunk-1] 
3/23                   
4/23 [unnamed-chunk-2] 
5/23                   
6/23 [unnamed-chunk-3] 
7/23                   
8/23 [unnamed-chunk-4] 
9/23                   
10/23 [unnamed-chunk-5] 
11/23                   
12/23 [unnamed-chunk-6] 
13/23                   
14/23 [unnamed-chunk-7] 
15/23                   
16/23 [unnamed-chunk-8] 
17/23                   
18/23 [unnamed-chunk-9] 
19/23                   
20/23 [unnamed-chunk-10]
21/23                   
22/23 [unnamed-chunk-11]
23/23                   
output file: example-academic.knit.md

[2/6] example-long.qmd


processing file: example-long.qmd
1/9                  
2/9 [simple-plot]    
3/9                  
4/9 [unnamed-chunk-1]
5/9                  
6/9 [unnamed-chunk-2]
7/9                  
8/9 [unnamed-chunk-3]
9/9                  
output file: example-long.knit.md

[3/6] example.qmd


processing file: example.qmd
1/9                  
2/9 [unnamed-chunk-1]
3/9                  
4/9 [unnamed-chunk-2]
5/9                  
6/9 [unnamed-chunk-3]
7/9                  
8/9 [tab-tab1]       
9/9                  
output file: example.knit.md

[4/6] getting-started.qmd
[5/6] index.qmd
[6/6] reference.qmd

Output created: _site/index.html

