Dependency install phase for sebastiansauer/quarto-typst-academic-template: auto-detect
Auto-detecting R dependencies for sebastiansauer/quarto-typst-academic-template (knitr engine, no renv.lock).
** libs
using C compiler: 'gcc (Ubuntu 11.4.0-1ubuntu1~22.04.3) 11.4.0'
gcc -I"/opt/R/4.5.3/lib/R/include" -DNDEBUG   -I/usr/local/include    -fpic  -g -O2  -c renv.c -o renv.o
gcc -shared -L/opt/R/4.5.3/lib/R/lib -L/usr/local/lib -o renv.so renv.o -L/opt/R/4.5.3/lib/R/lib -lR
Installing R packages: easystats, modelsummary, tinytable, ggpubr 
gcc -I"/opt/R/4.5.3/lib/R/include" -DNDEBUG   -I/usr/local/include    -fpic  -g -O2  -c colorspace.c -o colorspace.o
gcc -I"/opt/R/4.5.3/lib/R/include" -DNDEBUG   -I/usr/local/include    -fpic  -g -O2  -c init.c -o init.o
gcc -shared -L/opt/R/4.5.3/lib/R/lib -L/usr/local/lib -o colorspace.so colorspace.o init.o -L/opt/R/4.5.3/lib/R/lib -lR
gcc -I"/opt/R/4.5.3/lib/R/include" -DNDEBUG   -I/usr/local/include    -fpic  -g -O2  -c fdcore.c -o fdcore.o
gcc -I"/opt/R/4.5.3/lib/R/include" -DNDEBUG   -I/usr/local/include    -fpic  -g -O2  -c fdgam.c -o fdgam.o
gcc -I"/opt/R/4.5.3/lib/R/include" -DNDEBUG   -I/usr/local/include    -fpic  -g -O2  -c fdhess.c -o fdhess.o
gcc -I"/opt/R/4.5.3/lib/R/include" -DNDEBUG   -I/usr/local/include    -fpic  -g -O2  -c fdmin.c -o fdmin.o
gcc -I"/opt/R/4.5.3/lib/R/include" -DNDEBUG   -I/usr/local/include    -fpic  -g -O2  -c fdsim.c -o fdsim.o
gcc -I"/opt/R/4.5.3/lib/R/include" -DNDEBUG   -I/usr/local/include    -fpic  -g -O2  -c init.c -o init.o
gcc -I"/opt/R/4.5.3/lib/R/include" -DNDEBUG   -I/usr/local/include    -fpic  -g -O2  -c pmult.c -o pmult.o
gcc -shared -L/opt/R/4.5.3/lib/R/lib -L/usr/local/lib -o fracdiff.so fdcore.o fdgam.o fdhess.o fdmin.o fdsim.o init.o pmult.o -lblas -lgfortran -lm -lquadmath -L/opt/R/4.5.3/lib/R/lib -lR
Creating a generic function for 'sample' from package 'base' in package 'timeDate'
Creating a generic function for 'getDataPart' from package 'methods' in package 'timeDate'
Creating a generic function for 'abline' from package 'graphics' in package 'timeDate'
gfortran  -fpic  -g -O2  -c UnitRootMacKinnon.f -o UnitRootMacKinnon.o
gcc -I"/opt/R/4.5.3/lib/R/include" -DNDEBUG   -I/usr/local/include    -fpic  -g -O2  -c urca_init.c -o urca_init.o
gcc -shared -L/opt/R/4.5.3/lib/R/lib -L/usr/local/lib -o urca.so UnitRootMacKinnon.o urca_init.o -llapack -lblas -lgfortran -lm -lquadmath -lgfortran -lm -lquadmath -L/opt/R/4.5.3/lib/R/lib -lR
gcc -I"/opt/R/4.5.3/lib/R/include" -DNDEBUG -I../inst/include  -I/usr/local/include    -fpic  -g -O2  -c coredata.c -o coredata.o
gcc -I"/opt/R/4.5.3/lib/R/include" -DNDEBUG -I../inst/include  -I/usr/local/include    -fpic  -g -O2  -c init.c -o init.o
gcc -I"/opt/R/4.5.3/lib/R/include" -DNDEBUG -I../inst/include  -I/usr/local/include    -fpic  -g -O2  -c lag.c -o lag.o
gcc -shared -L/opt/R/4.5.3/lib/R/lib -L/usr/local/lib -o zoo.so coredata.o init.o lag.o -L/opt/R/4.5.3/lib/R/lib -lR
checking whether the C++ compiler works... yes
checking for C++ compiler default output file name... a.out
checking for suffix of executables... 
checking whether we are cross compiling... no
checking for suffix of object files... o
checking whether the compiler supports GNU C++... yes
checking whether g++ -std=gnu++17 accepts -g... yes
checking for g++ -std=gnu++17 option to enable C++11 features... none needed
checking how to run the C++ preprocessor... g++ -std=gnu++17 -E
checking whether the compiler supports GNU C++... (cached) yes
checking whether g++ -std=gnu++17 accepts -g... (cached) yes
checking for g++ -std=gnu++17 option to enable C++11 features... (cached) none needed
checking what system we are on... running Linux on x86_64
checking whether we have a suitable tempdir... /tmp
checking whether on Linux... yes
checking whether R CMD SHLIB can already compile OpenMP programs... yes
checking whether on macOS... no
checking for OpenMP... found and suitable
configure: creating ./config.status
config.status: creating inst/include/RcppArmadillo/config/RcppArmadilloConfigGenerated.h
config.status: creating src/Makevars
g++ -std=gnu++17 -I"/opt/R/4.5.3/lib/R/include" -DNDEBUG -I../inst/include -DARMA_USE_CURRENT -I'/opt/R/4.5.3/lib/R/library/Rcpp/include' -I/usr/local/include   -fopenmp -fpic  -g -O2   -c RcppArmadillo.cpp -o RcppArmadillo.o
g++ -std=gnu++17 -I"/opt/R/4.5.3/lib/R/include" -DNDEBUG -I../inst/include -DARMA_USE_CURRENT -I'/opt/R/4.5.3/lib/R/library/Rcpp/include' -I/usr/local/include   -fopenmp -fpic  -g -O2   -c RcppExports.cpp -o RcppExports.o
g++ -std=gnu++17 -I"/opt/R/4.5.3/lib/R/include" -DNDEBUG -I../inst/include -DARMA_USE_CURRENT -I'/opt/R/4.5.3/lib/R/library/Rcpp/include' -I/usr/local/include   -fopenmp -fpic  -g -O2   -c fastLm.cpp -o fastLm.o
g++ -std=gnu++17 -shared -L/opt/R/4.5.3/lib/R/lib -L/usr/local/lib -o RcppArmadillo.so RcppArmadillo.o RcppExports.o fastLm.o -fopenmp -llapack -lblas -lgfortran -lm -lquadmath -L/opt/R/4.5.3/lib/R/lib -lR
checking for gcc... gcc
checking whether the C compiler works... yes
checking for C compiler default output file name... a.out
checking for suffix of executables... 
checking whether we are cross compiling... no
checking for suffix of object files... o
checking whether the compiler supports GNU C... yes
checking whether gcc accepts -g... yes
checking for gcc option to enable C11 features... none needed
checking for stdio.h... yes
checking for stdlib.h... yes
checking for string.h... yes
checking for inttypes.h... yes
checking for stdint.h... yes
checking for strings.h... yes
checking for sys/stat.h... yes
checking for sys/types.h... yes
checking for unistd.h... yes
checking for stdint.h... (cached) yes
checking for stdlib.h... (cached) yes
checking for sys/time.h... yes
checking for uint64_t... yes
checking for error_at_line... yes
checking for mach_absolute_time... no
checking for library containing clock_gettime... none required
checking for best clockid_t to use with clock_gettime... CLOCK_MONOTONIC_RAW
configure: creating ./config.status
config.status: creating src/Makevars
config.status: creating src/config.h
gcc -I"/opt/R/4.5.3/lib/R/include" -DNDEBUG -D_POSIX_C_SOURCE=200112L -DHAVE_CONFIG_H  -I/usr/local/include    -fpic  -g -O2  -c do_nothing.c -o do_nothing.o
gcc -I"/opt/R/4.5.3/lib/R/include" -DNDEBUG -D_POSIX_C_SOURCE=200112L -DHAVE_CONFIG_H  -I/usr/local/include    -fpic  -g -O2  -c init.c -o init.o
gcc -I"/opt/R/4.5.3/lib/R/include" -DNDEBUG -D_POSIX_C_SOURCE=200112L -DHAVE_CONFIG_H  -I/usr/local/include    -fpic  -g -O2  -c nanotimer.c -o nanotimer.o
gcc -shared -L/opt/R/4.5.3/lib/R/lib -L/usr/local/lib -o microbenchmark.so do_nothing.o init.o nanotimer.o -L/opt/R/4.5.3/lib/R/lib -lR
gcc -I"/opt/R/4.5.3/lib/R/include" -DNDEBUG   -I/usr/local/include    -fpic  -g -O2  -c adsout.c -o adsout.o
gcc -I"/opt/R/4.5.3/lib/R/include" -DNDEBUG   -I/usr/local/include    -fpic  -g -O2  -c any2xml.c -o any2xml.o
gcc -I"/opt/R/4.5.3/lib/R/include" -DNDEBUG   -I/usr/local/include    -fpic  -g -O2  -c args.c -o args.o
gcc -I"/opt/R/4.5.3/lib/R/include" -DNDEBUG   -I/usr/local/include    -fpic  -g -O2  -c bib2be.c -o bib2be.o
gcc -I"/opt/R/4.5.3/lib/R/include" -DNDEBUG   -I/usr/local/include    -fpic  -g -O2  -c bibcore.c -o bibcore.o
gcc -I"/opt/R/4.5.3/lib/R/include" -DNDEBUG   -I/usr/local/include    -fpic  -g -O2  -c bibentrydirectout.c -o bibentrydirectout.o
gcc -I"/opt/R/4.5.3/lib/R/include" -DNDEBUG   -I/usr/local/include    -fpic  -g -O2  -c bibentryout.c -o bibentryout.o
gcc -I"/opt/R/4.5.3/lib/R/include" -DNDEBUG   -I/usr/local/include    -fpic  -g -O2  -c bibl.c -o bibl.o
gcc -I"/opt/R/4.5.3/lib/R/include" -DNDEBUG   -I/usr/local/include    -fpic  -g -O2  -c biblatexin.c -o biblatexin.o
gcc -I"/opt/R/4.5.3/lib/R/include" -DNDEBUG   -I/usr/local/include    -fpic  -g -O2  -c biblatexout.c -o biblatexout.o
gcc -I"/opt/R/4.5.3/lib/R/include" -DNDEBUG   -I/usr/local/include    -fpic  -g -O2  -c bibprog.c -o bibprog.o
gcc -I"/opt/R/4.5.3/lib/R/include" -DNDEBUG   -I/usr/local/include    -fpic  -g -O2  -c bibtexdirectin.c -o bibtexdirectin.o
gcc -I"/opt/R/4.5.3/lib/R/include" -DNDEBUG   -I/usr/local/include    -fpic  -g -O2  -c bibtexin.c -o bibtexin.o
gcc -I"/opt/R/4.5.3/lib/R/include" -DNDEBUG   -I/usr/local/include    -fpic  -g -O2  -c bibtexout.c -o bibtexout.o
gcc -I"/opt/R/4.5.3/lib/R/include" -DNDEBUG   -I/usr/local/include    -fpic  -g -O2  -c bibtextypes.c -o bibtextypes.o
gcc -I"/opt/R/4.5.3/lib/R/include" -DNDEBUG   -I/usr/local/include    -fpic  -g -O2  -c bibutils.c -o bibutils.o
gcc -I"/opt/R/4.5.3/lib/R/include" -DNDEBUG   -I/usr/local/include    -fpic  -g -O2  -c bltypes.c -o bltypes.o
gcc -I"/opt/R/4.5.3/lib/R/include" -DNDEBUG   -I/usr/local/include    -fpic  -g -O2  -c bu_auth.c -o bu_auth.o
gcc -I"/opt/R/4.5.3/lib/R/include" -DNDEBUG   -I/usr/local/include    -fpic  -g -O2  -c charsets.c -o charsets.o
gcc -I"/opt/R/4.5.3/lib/R/include" -DNDEBUG   -I/usr/local/include    -fpic  -g -O2  -c common_be_bed.c -o common_be_bed.o
gcc -I"/opt/R/4.5.3/lib/R/include" -DNDEBUG   -I/usr/local/include    -fpic  -g -O2  -c common_bt_blt_btd_out.c -o common_bt_blt_btd_out.o
gcc -I"/opt/R/4.5.3/lib/R/include" -DNDEBUG   -I/usr/local/include    -fpic  -g -O2  -c common_bt_btd.c -o common_bt_btd.o
gcc -I"/opt/R/4.5.3/lib/R/include" -DNDEBUG   -I/usr/local/include    -fpic  -g -O2  -c common_bt_btd_blt.c -o common_bt_btd_blt.o
gcc -I"/opt/R/4.5.3/lib/R/include" -DNDEBUG   -I/usr/local/include    -fpic  -g -O2  -c common_bt_btd_out.c -o common_bt_btd_out.o
gcc -I"/opt/R/4.5.3/lib/R/include" -DNDEBUG   -I/usr/local/include    -fpic  -g -O2  -c common_most.c -o common_most.o
gcc -I"/opt/R/4.5.3/lib/R/include" -DNDEBUG   -I/usr/local/include    -fpic  -g -O2  -c copacin.c -o copacin.o
gcc -I"/opt/R/4.5.3/lib/R/include" -DNDEBUG   -I/usr/local/include    -fpic  -g -O2  -c copactypes.c -o copactypes.o
gcc -I"/opt/R/4.5.3/lib/R/include" -DNDEBUG   -I/usr/local/include    -fpic  -g -O2  -c ebiin.c -o ebiin.o
gcc -I"/opt/R/4.5.3/lib/R/include" -DNDEBUG   -I/usr/local/include    -fpic  -g -O2  -c endin.c -o endin.o
gcc -I"/opt/R/4.5.3/lib/R/include" -DNDEBUG   -I/usr/local/include    -fpic  -g -O2  -c endout.c -o endout.o
gcc -I"/opt/R/4.5.3/lib/R/include" -DNDEBUG   -I/usr/local/include    -fpic  -g -O2  -c endtypes.c -o endtypes.o
gcc -I"/opt/R/4.5.3/lib/R/include" -DNDEBUG   -I/usr/local/include    -fpic  -g -O2  -c endxmlin.c -o endxmlin.o
gcc -I"/opt/R/4.5.3/lib/R/include" -DNDEBUG   -I/usr/local/include    -fpic  -g -O2  -c entities.c -o entities.o
gcc -I"/opt/R/4.5.3/lib/R/include" -DNDEBUG   -I/usr/local/include    -fpic  -g -O2  -c fields.c -o fields.o
gcc -I"/opt/R/4.5.3/lib/R/include" -DNDEBUG   -I/usr/local/include    -fpic  -g -O2  -c gb18030.c -o gb18030.o
gcc -I"/opt/R/4.5.3/lib/R/include" -DNDEBUG   -I/usr/local/include    -fpic  -g -O2  -c generic.c -o generic.o
gcc -I"/opt/R/4.5.3/lib/R/include" -DNDEBUG   -I/usr/local/include    -fpic  -g -O2  -c init.c -o init.o
gcc -I"/opt/R/4.5.3/lib/R/include" -DNDEBUG   -I/usr/local/include    -fpic  -g -O2  -c intlist.c -o intlist.o
gcc -I"/opt/R/4.5.3/lib/R/include" -DNDEBUG   -I/usr/local/include    -fpic  -g -O2  -c is_ws.c -o is_ws.o
gcc -I"/opt/R/4.5.3/lib/R/include" -DNDEBUG   -I/usr/local/include    -fpic  -g -O2  -c isiin.c -o isiin.o
gcc -I"/opt/R/4.5.3/lib/R/include" -DNDEBUG   -I/usr/local/include    -fpic  -g -O2  -c isiout.c -o isiout.o
gcc -I"/opt/R/4.5.3/lib/R/include" -DNDEBUG   -I/usr/local/include    -fpic  -g -O2  -c isitypes.c -o isitypes.o
gcc -I"/opt/R/4.5.3/lib/R/include" -DNDEBUG   -I/usr/local/include    -fpic  -g -O2  -c iso639_1.c -o iso639_1.o
gcc -I"/opt/R/4.5.3/lib/R/include" -DNDEBUG   -I/usr/local/include    -fpic  -g -O2  -c iso639_2.c -o iso639_2.o
gcc -I"/opt/R/4.5.3/lib/R/include" -DNDEBUG   -I/usr/local/include    -fpic  -g -O2  -c iso639_3.c -o iso639_3.o
gcc -I"/opt/R/4.5.3/lib/R/include" -DNDEBUG   -I/usr/local/include    -fpic  -g -O2  -c latex.c -o latex.o
gcc -I"/opt/R/4.5.3/lib/R/include" -DNDEBUG   -I/usr/local/include    -fpic  -g -O2  -c latex_parse.c -o latex_parse.o
gcc -I"/opt/R/4.5.3/lib/R/include" -DNDEBUG   -I/usr/local/include    -fpic  -g -O2  -c marc_auth.c -o marc_auth.o
gcc -I"/opt/R/4.5.3/lib/R/include" -DNDEBUG   -I/usr/local/include    -fpic  -g -O2  -c medin.c -o medin.o
gcc -I"/opt/R/4.5.3/lib/R/include" -DNDEBUG   -I/usr/local/include    -fpic  -g -O2  -c modsin.c -o modsin.o
gcc -I"/opt/R/4.5.3/lib/R/include" -DNDEBUG   -I/usr/local/include    -fpic  -g -O2  -c modsout.c -o modsout.o
gcc -I"/opt/R/4.5.3/lib/R/include" -DNDEBUG   -I/usr/local/include    -fpic  -g -O2  -c modstypes.c -o modstypes.o
gcc -I"/opt/R/4.5.3/lib/R/include" -DNDEBUG   -I/usr/local/include    -fpic  -g -O2  -c name.c -o name.o
gcc -I"/opt/R/4.5.3/lib/R/include" -DNDEBUG   -I/usr/local/include    -fpic  -g -O2  -c nbibin.c -o nbibin.o
gcc -I"/opt/R/4.5.3/lib/R/include" -DNDEBUG   -I/usr/local/include    -fpic  -g -O2  -c nbibout.c -o nbibout.o
gcc -I"/opt/R/4.5.3/lib/R/include" -DNDEBUG   -I/usr/local/include    -fpic  -g -O2  -c nbibtypes.c -o nbibtypes.o
gcc -I"/opt/R/4.5.3/lib/R/include" -DNDEBUG   -I/usr/local/include    -fpic  -g -O2  -c notes.c -o notes.o
gcc -I"/opt/R/4.5.3/lib/R/include" -DNDEBUG   -I/usr/local/include    -fpic  -g -O2  -c pages.c -o pages.o
gcc -I"/opt/R/4.5.3/lib/R/include" -DNDEBUG   -I/usr/local/include    -fpic  -g -O2  -c reftypes.c -o reftypes.o
gcc -I"/opt/R/4.5.3/lib/R/include" -DNDEBUG   -I/usr/local/include    -fpic  -g -O2  -c risin.c -o risin.o
gcc -I"/opt/R/4.5.3/lib/R/include" -DNDEBUG   -I/usr/local/include    -fpic  -g -O2  -c risout.c -o risout.o
gcc -I"/opt/R/4.5.3/lib/R/include" -DNDEBUG   -I/usr/local/include    -fpic  -g -O2  -c ristypes.c -o ristypes.o
gcc -I"/opt/R/4.5.3/lib/R/include" -DNDEBUG   -I/usr/local/include    -fpic  -g -O2  -c serialno.c -o serialno.o
gcc -I"/opt/R/4.5.3/lib/R/include" -DNDEBUG   -I/usr/local/include    -fpic  -g -O2  -c slist.c -o slist.o
gcc -I"/opt/R/4.5.3/lib/R/include" -DNDEBUG   -I/usr/local/include    -fpic  -g -O2  -c str.c -o str.o
gcc -I"/opt/R/4.5.3/lib/R/include" -DNDEBUG   -I/usr/local/include    -fpic  -g -O2  -c str_conv.c -o str_conv.o
gcc -I"/opt/R/4.5.3/lib/R/include" -DNDEBUG   -I/usr/local/include    -fpic  -g -O2  -c strsearch.c -o strsearch.o
gcc -I"/opt/R/4.5.3/lib/R/include" -DNDEBUG   -I/usr/local/include    -fpic  -g -O2  -c title.c -o title.o
gcc -I"/opt/R/4.5.3/lib/R/include" -DNDEBUG   -I/usr/local/include    -fpic  -g -O2  -c tomods.c -o tomods.o
gcc -I"/opt/R/4.5.3/lib/R/include" -DNDEBUG   -I/usr/local/include    -fpic  -g -O2  -c type.c -o type.o
gcc -I"/opt/R/4.5.3/lib/R/include" -DNDEBUG   -I/usr/local/include    -fpic  -g -O2  -c unicode.c -o unicode.o
gcc -I"/opt/R/4.5.3/lib/R/include" -DNDEBUG   -I/usr/local/include    -fpic  -g -O2  -c url.c -o url.o
gcc -I"/opt/R/4.5.3/lib/R/include" -DNDEBUG   -I/usr/local/include    -fpic  -g -O2  -c utf8.c -o utf8.o
gcc -I"/opt/R/4.5.3/lib/R/include" -DNDEBUG   -I/usr/local/include    -fpic  -g -O2  -c vplist.c -o vplist.o
gcc -I"/opt/R/4.5.3/lib/R/include" -DNDEBUG   -I/usr/local/include    -fpic  -g -O2  -c wordin.c -o wordin.o
gcc -I"/opt/R/4.5.3/lib/R/include" -DNDEBUG   -I/usr/local/include    -fpic  -g -O2  -c wordout.c -o wordout.o
gcc -I"/opt/R/4.5.3/lib/R/include" -DNDEBUG   -I/usr/local/include    -fpic  -g -O2  -c xml.c -o xml.o
gcc -I"/opt/R/4.5.3/lib/R/include" -DNDEBUG   -I/usr/local/include    -fpic  -g -O2  -c xml2any.c -o xml2any.o
gcc -I"/opt/R/4.5.3/lib/R/include" -DNDEBUG   -I/usr/local/include    -fpic  -g -O2  -c xml_encoding.c -o xml_encoding.o
gcc -shared -L/opt/R/4.5.3/lib/R/lib -L/usr/local/lib -o rbibutils.so adsout.o any2xml.o args.o bib2be.o bibcore.o bibentrydirectout.o bibentryout.o bibl.o biblatexin.o biblatexout.o bibprog.o bibtexdirectin.o bibtexin.o bibtexout.o bibtextypes.o bibutils.o bltypes.o bu_auth.o charsets.o common_be_bed.o common_bt_blt_btd_out.o common_bt_btd.o common_bt_btd_blt.o common_bt_btd_out.o common_most.o copacin.o copactypes.o ebiin.o endin.o endout.o endtypes.o endxmlin.o entities.o fields.o gb18030.o generic.o init.o intlist.o is_ws.o isiin.o isiout.o isitypes.o iso639_1.o iso639_2.o iso639_3.o latex.o latex_parse.o marc_auth.o medin.o modsin.o modsout.o modstypes.o name.o nbibin.o nbibout.o nbibtypes.o notes.o pages.o reftypes.o risin.o risout.o ristypes.o serialno.o slist.o str.o str_conv.o strsearch.o title.o tomods.o type.o unicode.o url.o utf8.o vplist.o wordin.o wordout.o xml.o xml2any.o xml_encoding.o -L/opt/R/4.5.3/lib/R/lib -lR
gfortran  -fpic  -g -O2  -c bckslv.f -o bckslv.o
gfortran  -fpic  -g -O2  -c chol.f -o chol.o
gfortran  -fpic  -g -O2  -c chol2csr.f -o chol2csr.o
gfortran  -fpic  -g -O2  -c cholesky.f -o cholesky.o
gfortran  -fpic  -g -O2  -c csr.f -o csr.o
gfortran  -fpic  -g -O2  -c extract.f -o extract.o
gcc -I"/opt/R/4.5.3/lib/R/include" -DNDEBUG   -I/usr/local/include    -fpic  -g -O2  -c init.c -o init.o
gfortran  -fpic  -g -O2  -c sparskit.f -o sparskit.o
gfortran  -fpic  -g -O2  -c subscr.f -o subscr.o
gcc -shared -L/opt/R/4.5.3/lib/R/lib -L/usr/local/lib -o SparseM.so bckslv.o chol.o chol2csr.o cholesky.o csr.o extract.o init.o sparskit.o subscr.o -lgfortran -lm -lquadmath -L/opt/R/4.5.3/lib/R/lib -lR
Creating a generic function for 'diag' from package 'base' in package 'SparseM'
Creating a generic function for 'diag<-' from package 'base' in package 'SparseM'
Creating a generic function for 'norm' from package 'base' in package 'SparseM'
Creating a generic function for 'backsolve' from package 'base' in package 'SparseM'
Creating a generic function for 'forwardsolve' from package 'base' in package 'SparseM'
Creating a generic function for 'model.response' from package 'stats' in package 'SparseM'
gfortran  -fpic  -g -O2  -c altmov.f -o altmov.o
gfortran  -fpic  -g -O2  -c bigden.f -o bigden.o
gfortran  -fpic  -g -O2  -c biglag.f -o biglag.o
gfortran  -fpic  -g -O2  -c bobyqa.f -o bobyqa.o
gfortran  -fpic  -g -O2  -c bobyqb.f -o bobyqb.o
gfortran  -fpic  -g -O2  -c lagmax.f -o lagmax.o
g++ -std=gnu++17 -I"/opt/R/4.5.3/lib/R/include" -DNDEBUG  -I'/opt/R/4.5.3/lib/R/library/Rcpp/include' -I/usr/local/include    -fpic  -g -O2   -c minqa.cpp -o minqa.o
gfortran  -fpic  -g -O2  -c newuoa.f -o newuoa.o
gfortran  -fpic  -g -O2  -c newuob.f -o newuob.o
gfortran  -fpic  -g -O2  -c prelim.f -o prelim.o
gfortran  -fpic  -g -O2  -c rescue.f -o rescue.o
gfortran  -fpic  -g -O2  -c trsapp.f -o trsapp.o
gfortran  -fpic  -g -O2  -c trsbox.f -o trsbox.o
gfortran  -fpic  -g -O2  -c trstep.f -o trstep.o
gfortran  -fpic  -g -O2  -c uobyqa.f -o uobyqa.o
gfortran  -fpic  -g -O2  -c uobyqb.f -o uobyqb.o
gfortran  -fpic  -g -O2  -c update.f -o update.o
gfortran  -fpic  -g -O2  -c updatebobyqa.f -o updatebobyqa.o
g++ -std=gnu++17 -shared -L/opt/R/4.5.3/lib/R/lib -L/usr/local/lib -o minqa.so altmov.o bigden.o biglag.o bobyqa.o bobyqb.o lagmax.o minqa.o newuoa.o newuob.o prelim.o rescue.o trsapp.o trsbox.o trstep.o uobyqa.o uobyqb.o update.o updatebobyqa.o -lgfortran -lm -lquadmath -L/opt/R/4.5.3/lib/R/lib -lR
checking whether the C++ compiler works... yes
checking for C++ compiler default output file name... a.out
checking for suffix of executables... 
checking whether we are cross compiling... no
checking for suffix of object files... o
checking whether the compiler supports GNU C++... yes
checking whether g++ -std=gnu++17 accepts -g... yes
checking for g++ -std=gnu++17 option to enable C++11 features... none needed
checking how to run the C++ preprocessor... g++ -std=gnu++17 -E
checking whether the compiler supports GNU C++... (cached) yes
checking whether g++ -std=gnu++17 accepts -g... (cached) yes
checking for g++ -std=gnu++17 option to enable C++11 features... (cached) none needed
checking for pkg-config... /usr/bin/pkg-config
checking if pkg-config knows NLopt... no
checking for cmake... /usr/bin/cmake
using cmake via /usr/bin/cmake
using NLopt via local cmake build on x86_64
set CC=gcc
set CFLAGS=-I/usr/local/include -fpic -g -O2
set CXX=g++
set CXXFLAGS=-std=gnu++11 -I/usr/local/include -fpic -g -O2
set LDFLAGS=-L/usr/local/lib
-- The C compiler identification is GNU 11.4.0
-- The CXX compiler identification is GNU 11.4.0
-- Detecting C compiler ABI info
-- Detecting C compiler ABI info - done
-- Check for working C compiler: /usr/bin/gcc - skipped
-- Detecting C compile features
-- Detecting C compile features - done
-- Detecting CXX compiler ABI info
-- Detecting CXX compiler ABI info - done
-- Check for working CXX compiler: /usr/bin/g++ - skipped
-- Detecting CXX compile features
-- Detecting CXX compile features - done
-- NLopt version 2.10.0
-- Looking for getopt.h
-- Looking for getopt.h - found
-- Looking for unistd.h
-- Looking for unistd.h - found
-- Looking for stdint.h
-- Looking for stdint.h - found
-- Looking for time.h
-- Looking for time.h - found
-- Looking for sys/time.h
-- Looking for sys/time.h - found
-- Looking for getpid
-- Looking for getpid - found
-- Looking for syscall
-- Looking for syscall - found
-- Looking for isinf
-- Looking for isinf - found
-- Looking for isnan
-- Looking for isnan - found
-- Looking for gettimeofday
-- Looking for gettimeofday - found
-- Looking for qsort_r
-- Looking for qsort_r - found
-- Looking for time
-- Looking for time - found
-- Looking for copysign
-- Looking for copysign - found
-- Looking for getopt
-- Looking for getopt - found
-- Looking for sys/types.h
-- Looking for sys/types.h - found
-- Looking for stddef.h
-- Looking for stddef.h - found
-- Check size of uint32_t
-- Check size of uint32_t - done
-- Check size of unsigned int
-- Check size of unsigned int - done
-- Check size of unsigned long
-- Check size of unsigned long - done
-- Looking for sqrt in m
-- Looking for sqrt in m - found
-- Looking for fpclassify
-- Looking for fpclassify - TRUE
-- Performing Test HAVE_THREAD_LOCAL_STORAGE
-- Performing Test HAVE_THREAD_LOCAL_STORAGE - Success
-- Performing Test HAVE_THREAD_LOCAL_STORAGE
-- Performing Test HAVE_THREAD_LOCAL_STORAGE - Failed
-- Looking for __cplusplus
-- Looking for __cplusplus - found
-- Could NOT find JNI (missing: JAVA_AWT_LIBRARY JAVA_JVM_LIBRARY JAVA_INCLUDE_PATH JAVA_INCLUDE_PATH2 JAVA_AWT_INCLUDE_PATH) 
-- Could NOT find Java (missing: Java_JAVA_EXECUTABLE Java_JAR_EXECUTABLE Java_JAVAC_EXECUTABLE Java_JAVAH_EXECUTABLE Java_JAVADOC_EXECUTABLE) (Required is at least version "1.5")
-- Configuring done
-- Generating done
-- Build files have been written to: /tmp/RtmpQe2Dar/R.INSTALLc4a43d0be60/nloptr/src/nlopt-build
[  2%] Generating nlopt.hpp
[  2%] Built target generate-cpp
[  4%] Building C object CMakeFiles/nlopt.dir/src/algs/direct/direct_wrap.c.o
[  6%] Building C object CMakeFiles/nlopt.dir/src/algs/direct/DIRect.c.o
[  8%] Building C object CMakeFiles/nlopt.dir/src/algs/direct/DIRserial.c.o
[ 10%] Building C object CMakeFiles/nlopt.dir/src/algs/direct/DIRsubrout.c.o
[ 12%] Building C object CMakeFiles/nlopt.dir/src/algs/cdirect/cdirect.c.o
[ 14%] Building C object CMakeFiles/nlopt.dir/src/algs/cdirect/hybrid.c.o
[ 16%] Building C object CMakeFiles/nlopt.dir/src/algs/praxis/praxis.c.o
[ 18%] Building C object CMakeFiles/nlopt.dir/src/algs/crs/crs.c.o
[ 20%] Building C object CMakeFiles/nlopt.dir/src/algs/mlsl/mlsl.c.o
[ 22%] Building C object CMakeFiles/nlopt.dir/src/algs/mma/mma.c.o
[ 24%] Building C object CMakeFiles/nlopt.dir/src/algs/mma/ccsa_quadratic.c.o
[ 26%] Building C object CMakeFiles/nlopt.dir/src/algs/cobyla/cobyla.c.o
[ 28%] Building C object CMakeFiles/nlopt.dir/src/algs/newuoa/newuoa.c.o
[ 30%] Building C object CMakeFiles/nlopt.dir/src/algs/neldermead/nldrmd.c.o
[ 32%] Building C object CMakeFiles/nlopt.dir/src/algs/neldermead/sbplx.c.o
[ 34%] Building C object CMakeFiles/nlopt.dir/src/algs/auglag/auglag.c.o
[ 36%] Building C object CMakeFiles/nlopt.dir/src/algs/bobyqa/bobyqa.c.o
[ 38%] Building C object CMakeFiles/nlopt.dir/src/algs/isres/isres.c.o
[ 40%] Building C object CMakeFiles/nlopt.dir/src/algs/slsqp/slsqp.c.o
[ 42%] Building C object CMakeFiles/nlopt.dir/src/algs/esch/esch.c.o
[ 44%] Building C object CMakeFiles/nlopt.dir/src/api/general.c.o
[ 46%] Building C object CMakeFiles/nlopt.dir/src/api/options.c.o
[ 48%] Building C object CMakeFiles/nlopt.dir/src/api/optimize.c.o
[ 51%] Building C object CMakeFiles/nlopt.dir/src/api/deprecated.c.o
[ 53%] Building C object CMakeFiles/nlopt.dir/src/api/f77api.c.o
[ 55%] Building C object CMakeFiles/nlopt.dir/src/util/mt19937ar.c.o
[ 57%] Building C object CMakeFiles/nlopt.dir/src/util/sobolseq.c.o
[ 59%] Building C object CMakeFiles/nlopt.dir/src/util/timer.c.o
[ 61%] Building C object CMakeFiles/nlopt.dir/src/util/stop.c.o
[ 63%] Building C object CMakeFiles/nlopt.dir/src/util/redblack.c.o
[ 65%] Building C object CMakeFiles/nlopt.dir/src/util/qsort_r.c.o
[ 67%] Building C object CMakeFiles/nlopt.dir/src/util/rescale.c.o
[ 69%] Building C object CMakeFiles/nlopt.dir/src/algs/luksan/plis.c.o
[ 71%] Building C object CMakeFiles/nlopt.dir/src/algs/luksan/plip.c.o
[ 73%] Building C object CMakeFiles/nlopt.dir/src/algs/luksan/pnet.c.o
[ 75%] Building C object CMakeFiles/nlopt.dir/src/algs/luksan/mssubs.c.o
[ 77%] Building C object CMakeFiles/nlopt.dir/src/algs/luksan/pssubs.c.o
[ 79%] Building CXX object CMakeFiles/nlopt.dir/src/algs/stogo/global.cc.o
[ 81%] Building CXX object CMakeFiles/nlopt.dir/src/algs/stogo/linalg.cc.o
[ 83%] Building CXX object CMakeFiles/nlopt.dir/src/algs/stogo/local.cc.o
[ 85%] Building CXX object CMakeFiles/nlopt.dir/src/algs/stogo/stogo.cc.o
[ 87%] Building CXX object CMakeFiles/nlopt.dir/src/algs/stogo/tools.cc.o
[ 89%] Building CXX object CMakeFiles/nlopt.dir/src/algs/ags/evolvent.cc.o
[ 91%] Building CXX object CMakeFiles/nlopt.dir/src/algs/ags/solver.cc.o
[ 93%] Building CXX object CMakeFiles/nlopt.dir/src/algs/ags/local_optimizer.cc.o
[ 95%] Building CXX object CMakeFiles/nlopt.dir/src/algs/ags/ags.cc.o
[ 97%] Linking CXX static library libnlopt.a
[100%] Built target nlopt
[  2%] Built target generate-cpp
Consolidate compiler generated dependencies of target nlopt
[100%] Built target nlopt
Install the project...
-- Install configuration: "Release"
-- Installing: /tmp/RtmpQe2Dar/R.INSTALLc4a43d0be60/nloptr/src/nlopt/lib/pkgconfig/nlopt.pc
-- Installing: /tmp/RtmpQe2Dar/R.INSTALLc4a43d0be60/nloptr/src/nlopt/include/nlopt.h
-- Installing: /tmp/RtmpQe2Dar/R.INSTALLc4a43d0be60/nloptr/src/nlopt/include/nlopt.hpp
-- Installing: /tmp/RtmpQe2Dar/R.INSTALLc4a43d0be60/nloptr/src/nlopt/lib/libnlopt.a
-- Installing: /tmp/RtmpQe2Dar/R.INSTALLc4a43d0be60/nloptr/src/nlopt/share/man/man3/nlopt.3
-- Installing: /tmp/RtmpQe2Dar/R.INSTALLc4a43d0be60/nloptr/src/nlopt/share/man/man3/nlopt_minimize.3
-- Installing: /tmp/RtmpQe2Dar/R.INSTALLc4a43d0be60/nloptr/src/nlopt/share/man/man3/nlopt_minimize_constrained.3
-- Installing: /tmp/RtmpQe2Dar/R.INSTALLc4a43d0be60/nloptr/src/nlopt/lib/cmake/nlopt/NLoptLibraryDepends.cmake
-- Installing: /tmp/RtmpQe2Dar/R.INSTALLc4a43d0be60/nloptr/src/nlopt/lib/cmake/nlopt/NLoptLibraryDepends-release.cmake
-- Installing: /tmp/RtmpQe2Dar/R.INSTALLc4a43d0be60/nloptr/src/nlopt/lib/cmake/nlopt/NLoptConfig.cmake
-- Installing: /tmp/RtmpQe2Dar/R.INSTALLc4a43d0be60/nloptr/src/nlopt/lib/cmake/nlopt/NLoptConfigVersion.cmake
Moving nlopt/lib to nlopt/lib
Copying headers found in src/nlopt/include into inst/include
configure: creating ./config.status
config.status: creating src/Makevars
g++ -std=gnu++17 -I"/opt/R/4.5.3/lib/R/include" -DNDEBUG -Inlopt/include  -I/usr/local/include    -fpic  -g -O2   -c dummy.cpp -o dummy.o
gcc -I"/opt/R/4.5.3/lib/R/include" -DNDEBUG -Inlopt/include  -I/usr/local/include    -fpic  -g -O2  -c init_nloptr.c -o init_nloptr.o
gcc -I"/opt/R/4.5.3/lib/R/include" -DNDEBUG -Inlopt/include  -I/usr/local/include    -fpic  -g -O2  -c nloptr.c -o nloptr.o
g++ -std=gnu++17 -shared -L/opt/R/4.5.3/lib/R/lib -L/usr/local/lib -o nloptr.so dummy.o init_nloptr.o nloptr.o -llapack -lblas -lgfortran -lm -lquadmath nlopt/lib/libnlopt.a -L/opt/R/4.5.3/lib/R/lib -lR
g++ -std=gnu++17 -I"/opt/R/4.5.3/lib/R/include" -DNDEBUG  -I'/opt/R/4.5.3/lib/R/library/Rcpp/include' -I/usr/local/include   -I../inst/include -fpic  -g -O2   -c RcppEigen.cpp -o RcppEigen.o
g++ -std=gnu++17 -I"/opt/R/4.5.3/lib/R/include" -DNDEBUG  -I'/opt/R/4.5.3/lib/R/library/Rcpp/include' -I/usr/local/include   -I../inst/include -fpic  -g -O2   -c RcppExports.cpp -o RcppExports.o
g++ -std=gnu++17 -I"/opt/R/4.5.3/lib/R/include" -DNDEBUG  -I'/opt/R/4.5.3/lib/R/library/Rcpp/include' -I/usr/local/include   -I../inst/include -fpic  -g -O2   -c fastLm.cpp -o fastLm.o
g++ -std=gnu++17 -shared -L/opt/R/4.5.3/lib/R/lib -L/usr/local/lib -o RcppEigen.so RcppEigen.o RcppExports.o fastLm.o -llapack -lblas -lgfortran -lm -lquadmath -L/opt/R/4.5.3/lib/R/lib -lR
gcc -I"/opt/R/4.5.3/lib/R/include" -DNDEBUG   -I/usr/local/include    -fpic  -g -O2  -c all_missing.c -o all_missing.o
gcc -I"/opt/R/4.5.3/lib/R/include" -DNDEBUG   -I/usr/local/include    -fpic  -g -O2  -c any_infinite.c -o any_infinite.o
gcc -I"/opt/R/4.5.3/lib/R/include" -DNDEBUG   -I/usr/local/include    -fpic  -g -O2  -c any_missing.c -o any_missing.o
gcc -I"/opt/R/4.5.3/lib/R/include" -DNDEBUG   -I/usr/local/include    -fpic  -g -O2  -c any_nan.c -o any_nan.o
gcc -I"/opt/R/4.5.3/lib/R/include" -DNDEBUG   -I/usr/local/include    -fpic  -g -O2  -c checks.c -o checks.o
gcc -I"/opt/R/4.5.3/lib/R/include" -DNDEBUG   -I/usr/local/include    -fpic  -g -O2  -c find_nchar.c -o find_nchar.o
gcc -I"/opt/R/4.5.3/lib/R/include" -DNDEBUG   -I/usr/local/include    -fpic  -g -O2  -c guess_type.c -o guess_type.o
gcc -I"/opt/R/4.5.3/lib/R/include" -DNDEBUG   -I/usr/local/include    -fpic  -g -O2  -c helper.c -o helper.o
gcc -I"/opt/R/4.5.3/lib/R/include" -DNDEBUG   -I/usr/local/include    -fpic  -g -O2  -c init.c -o init.o
gcc -I"/opt/R/4.5.3/lib/R/include" -DNDEBUG   -I/usr/local/include    -fpic  -g -O2  -c integerish.c -o integerish.o
gcc -I"/opt/R/4.5.3/lib/R/include" -DNDEBUG   -I/usr/local/include    -fpic  -g -O2  -c is_sorted.c -o is_sorted.o
gcc -I"/opt/R/4.5.3/lib/R/include" -DNDEBUG   -I/usr/local/include    -fpic  -g -O2  -c qassert.c -o qassert.o
gcc -I"/opt/R/4.5.3/lib/R/include" -DNDEBUG   -I/usr/local/include    -fpic  -g -O2  -c which_first.c -o which_first.o
gcc -shared -L/opt/R/4.5.3/lib/R/lib -L/usr/local/lib -o checkmate.so all_missing.o any_infinite.o any_missing.o any_nan.o checks.o find_nchar.o guess_type.o helper.o init.o integerish.o is_sorted.o qassert.o which_first.o -L/opt/R/4.5.3/lib/R/lib -lR
g++ -std=gnu++17 -I"/opt/R/4.5.3/lib/R/include" -DNDEBUG  -I'/opt/R/4.5.3/lib/R/library/Rcpp/include' -I/usr/local/include    -fpic  -g -O2   -c RcppExports.cpp -o RcppExports.o
g++ -std=gnu++17 -I"/opt/R/4.5.3/lib/R/include" -DNDEBUG  -I'/opt/R/4.5.3/lib/R/library/Rcpp/include' -I/usr/local/include    -fpic  -g -O2   -c repel_boxes.cpp -o repel_boxes.o
g++ -std=gnu++17 -shared -L/opt/R/4.5.3/lib/R/lib -L/usr/local/lib -o ggrepel.so RcppExports.o repel_boxes.o -L/opt/R/4.5.3/lib/R/lib -lR
Creating a generic function for 'nrow' from package 'base' in package 'tinytable'
Creating a generic function for 'ncol' from package 'base' in package 'tinytable'
Creating a generic function for 'colnames' from package 'base' in package 'tinytable'
Creating a generic function for 'colnames<-' from package 'base' in package 'tinytable'
gcc -I"/opt/R/4.5.3/lib/R/include" -DNDEBUG   -I/usr/local/include    -fpic  -g -O2  -c init.c -o init.o
gfortran  -fpic  -g -O2  -c pan.f -o pan.o
gcc -shared -L/opt/R/4.5.3/lib/R/lib -L/usr/local/lib -o lmtest.so init.o pan.o -lgfortran -lm -lquadmath -L/opt/R/4.5.3/lib/R/lib -lR
gfortran  -fpic  -g -O2  -c akj.f -o akj.o
gfortran  -fpic  -g -O2  -c boot.f -o boot.o
gfortran  -fpic  -g -O2  -c bound.f -o bound.o
gfortran  -fpic  -g -O2  -c boundc.f -o boundc.o
gfortran  -fpic  -g -O2  -c brute.f -o brute.o
gfortran  -fpic  -g -O2  -c chlfct.f -o chlfct.o
gfortran  -fpic  -g -O2  -c cholesky.f -o cholesky.o
gfortran  -fpic  -g -O2  -c combos.f -o combos.o
gfortran  -fpic  -g -O2  -c crqf.f -o crqf.o
gfortran  -fpic  -g -O2  -c crqfnb.f -o crqfnb.o
gfortran  -fpic  -g -O2  -c dsel05.f -o dsel05.o
gfortran  -fpic  -g -O2  -c extract.f -o extract.o
gcc -I"/opt/R/4.5.3/lib/R/include" -DNDEBUG   -I/usr/local/include    -fpic  -g -O2  -c frand.c -o frand.o
gfortran  -fpic  -g -O2  -c grexp.f -o grexp.o
gfortran  -fpic  -g -O2  -c idmin.f -o idmin.o
gfortran  -fpic  -g -O2  -c iswap.f -o iswap.o
gfortran  -fpic  -g -O2  -c kuantile.f -o kuantile.o
gfortran  -fpic  -g -O2  -c kuantiles.f -o kuantiles.o
gfortran  -fpic  -g -O2  -c linpack.f -o linpack.o
gcc -I"/opt/R/4.5.3/lib/R/include" -DNDEBUG   -I/usr/local/include    -fpic  -g -O2  -c mcmb.c -o mcmb.o
gfortran  -fpic  -g -O2  -c penalty.f -o penalty.o
gfortran  -fpic  -g -O2  -c pfnb.f -o pfnb.o
gfortran  -fpic  -g -O2  -c powell.f -o powell.o
gfortran  -fpic  -g -O2  -c profnb.f -o profnb.o
gfortran  -fpic  -g -O2  -c pwxy.f -o pwxy.o
gfortran  -fpic  -g -O2  -c qfnb.f -o qfnb.o
gfortran  -fpic  -g -O2  -c qselect.f -o qselect.o
gcc -I"/opt/R/4.5.3/lib/R/include" -DNDEBUG   -I/usr/local/include    -fpic  -g -O2  -c quantreg_init.c -o quantreg_init.o
gfortran  -fpic  -g -O2  -c rls.f -o rls.o
gfortran  -fpic  -g -O2  -c rq0.f -o rq0.o
gfortran  -fpic  -g -O2  -c rq1.f -o rq1.o
gfortran  -fpic  -g -O2  -c rqbr.f -o rqbr.o
gfortran  -fpic  -g -O2  -c rqfn.f -o rqfn.o
gfortran  -fpic  -g -O2  -c rqfnb.f -o rqfnb.o
gfortran  -fpic  -g -O2  -c rqfnc.f -o rqfnc.o
gfortran  -fpic  -g -O2  -c rqs.f -o rqs.o
gfortran  -fpic  -g -O2  -c sakj.f -o sakj.o
gfortran  -fpic  -g -O2  -c sparskit2.f -o sparskit2.o
gfortran  -fpic  -g -O2  -c srqfn.f -o srqfn.o
gfortran  -fpic  -g -O2  -c srqfnc.f -o srqfnc.o
gfortran  -fpic  -g -O2  -c srtpai.f -o srtpai.o
gcc -shared -L/opt/R/4.5.3/lib/R/lib -L/usr/local/lib -o quantreg.so akj.o boot.o bound.o boundc.o brute.o chlfct.o cholesky.o combos.o crqf.o crqfnb.o dsel05.o extract.o frand.o grexp.o idmin.o iswap.o kuantile.o kuantiles.o linpack.o mcmb.o penalty.o pfnb.o powell.o profnb.o pwxy.o qfnb.o qselect.o quantreg_init.o rls.o rq0.o rq1.o rqbr.o rqfn.o rqfnb.o rqfnc.o rqs.o sakj.o sparskit2.o srqfn.o srqfnc.o srtpai.o -llapack -lblas -lgfortran -lm -lquadmath -lgfortran -lm -lquadmath -L/opt/R/4.5.3/lib/R/lib -lR
g++ -std=gnu++17 -I"/opt/R/4.5.3/lib/R/include" -DNDEBUG  -I'/opt/R/4.5.3/lib/R/library/Rcpp/include' -I'/home/runner/work/quarto-extensions/quarto-extensions/test-18/R/x86_64-pc-linux-gnu-library/4.5/RcppArmadillo/include' -I/usr/local/include   -fopenmp -DR_NO_REMAP -fpic  -g -O2   -c RcppExports.cpp -o RcppExports.o
g++ -std=gnu++17 -I"/opt/R/4.5.3/lib/R/include" -DNDEBUG  -I'/opt/R/4.5.3/lib/R/library/Rcpp/include' -I'/home/runner/work/quarto-extensions/quarto-extensions/test-18/R/x86_64-pc-linux-gnu-library/4.5/RcppArmadillo/include' -I/usr/local/include   -fopenmp -DR_NO_REMAP -fpic  -g -O2   -c calcBATS.cpp -o calcBATS.o
g++ -std=gnu++17 -I"/opt/R/4.5.3/lib/R/include" -DNDEBUG  -I'/opt/R/4.5.3/lib/R/library/Rcpp/include' -I'/home/runner/work/quarto-extensions/quarto-extensions/test-18/R/x86_64-pc-linux-gnu-library/4.5/RcppArmadillo/include' -I/usr/local/include   -fopenmp -DR_NO_REMAP -fpic  -g -O2   -c calcTBATS.cpp -o calcTBATS.o
g++ -std=gnu++17 -I"/opt/R/4.5.3/lib/R/include" -DNDEBUG  -I'/opt/R/4.5.3/lib/R/library/Rcpp/include' -I'/home/runner/work/quarto-extensions/quarto-extensions/test-18/R/x86_64-pc-linux-gnu-library/4.5/RcppArmadillo/include' -I/usr/local/include   -fopenmp -DR_NO_REMAP -fpic  -g -O2   -c etsTargetFunction.cpp -o etsTargetFunction.o
g++ -std=gnu++17 -I"/opt/R/4.5.3/lib/R/include" -DNDEBUG  -I'/opt/R/4.5.3/lib/R/library/Rcpp/include' -I'/home/runner/work/quarto-extensions/quarto-extensions/test-18/R/x86_64-pc-linux-gnu-library/4.5/RcppArmadillo/include' -I/usr/local/include   -fopenmp -DR_NO_REMAP -fpic  -g -O2   -c etsTargetFunctionWrapper.cpp -o etsTargetFunctionWrapper.o
gcc -I"/opt/R/4.5.3/lib/R/include" -DNDEBUG  -I'/opt/R/4.5.3/lib/R/library/Rcpp/include' -I'/home/runner/work/quarto-extensions/quarto-extensions/test-18/R/x86_64-pc-linux-gnu-library/4.5/RcppArmadillo/include' -I/usr/local/include    -fpic  -g -O2  -c etscalc.c -o etscalc.o
gcc -I"/opt/R/4.5.3/lib/R/include" -DNDEBUG  -I'/opt/R/4.5.3/lib/R/library/Rcpp/include' -I'/home/runner/work/quarto-extensions/quarto-extensions/test-18/R/x86_64-pc-linux-gnu-library/4.5/RcppArmadillo/include' -I/usr/local/include    -fpic  -g -O2  -c etspolyroot.c -o etspolyroot.o
g++ -std=gnu++17 -I"/opt/R/4.5.3/lib/R/include" -DNDEBUG  -I'/opt/R/4.5.3/lib/R/library/Rcpp/include' -I'/home/runner/work/quarto-extensions/quarto-extensions/test-18/R/x86_64-pc-linux-gnu-library/4.5/RcppArmadillo/include' -I/usr/local/include   -fopenmp -DR_NO_REMAP -fpic  -g -O2   -c makeBATSMatrices.cpp -o makeBATSMatrices.o
g++ -std=gnu++17 -I"/opt/R/4.5.3/lib/R/include" -DNDEBUG  -I'/opt/R/4.5.3/lib/R/library/Rcpp/include' -I'/home/runner/work/quarto-extensions/quarto-extensions/test-18/R/x86_64-pc-linux-gnu-library/4.5/RcppArmadillo/include' -I/usr/local/include   -fopenmp -DR_NO_REMAP -fpic  -g -O2   -c makeTBATSMatrices.cpp -o makeTBATSMatrices.o
g++ -std=gnu++17 -I"/opt/R/4.5.3/lib/R/include" -DNDEBUG  -I'/opt/R/4.5.3/lib/R/library/Rcpp/include' -I'/home/runner/work/quarto-extensions/quarto-extensions/test-18/R/x86_64-pc-linux-gnu-library/4.5/RcppArmadillo/include' -I/usr/local/include   -fopenmp -DR_NO_REMAP -fpic  -g -O2   -c updateMatrices.cpp -o updateMatrices.o
g++ -std=gnu++17 -I"/opt/R/4.5.3/lib/R/include" -DNDEBUG  -I'/opt/R/4.5.3/lib/R/library/Rcpp/include' -I'/home/runner/work/quarto-extensions/quarto-extensions/test-18/R/x86_64-pc-linux-gnu-library/4.5/RcppArmadillo/include' -I/usr/local/include   -fopenmp -DR_NO_REMAP -fpic  -g -O2   -c updateTBATSMatrices.cpp -o updateTBATSMatrices.o
g++ -std=gnu++17 -shared -L/opt/R/4.5.3/lib/R/lib -L/usr/local/lib -o forecast.so RcppExports.o calcBATS.o calcTBATS.o etsTargetFunction.o etsTargetFunctionWrapper.o etscalc.o etspolyroot.o makeBATSMatrices.o makeTBATSMatrices.o updateMatrices.o updateTBATSMatrices.o -fopenmp -llapack -lblas -lgfortran -lm -lquadmath -L/opt/R/4.5.3/lib/R/lib -lR
Note: ... may be used in an incorrect context 
Note: ... may be used in an incorrect context 
g++ -std=gnu++17 -I"/opt/R/4.5.3/lib/R/include" -DNDEBUG  -I'/opt/R/4.5.3/lib/R/library/Matrix/include' -I'/opt/R/4.5.3/lib/R/library/Rcpp/include' -I'/home/runner/work/quarto-extensions/quarto-extensions/test-18/R/x86_64-pc-linux-gnu-library/4.5/RcppEigen/include' -I/usr/local/include   -DNDEBUG -DEIGEN_DONT_VECTORIZE -fpic  -g -O2   -c external.cpp -o external.o
g++ -std=gnu++17 -I"/opt/R/4.5.3/lib/R/include" -DNDEBUG  -I'/opt/R/4.5.3/lib/R/library/Matrix/include' -I'/opt/R/4.5.3/lib/R/library/Rcpp/include' -I'/home/runner/work/quarto-extensions/quarto-extensions/test-18/R/x86_64-pc-linux-gnu-library/4.5/RcppEigen/include' -I/usr/local/include   -DNDEBUG -DEIGEN_DONT_VECTORIZE -fpic  -g -O2   -c glmFamily.cpp -o glmFamily.o
g++ -std=gnu++17 -I"/opt/R/4.5.3/lib/R/include" -DNDEBUG  -I'/opt/R/4.5.3/lib/R/library/Matrix/include' -I'/opt/R/4.5.3/lib/R/library/Rcpp/include' -I'/home/runner/work/quarto-extensions/quarto-extensions/test-18/R/x86_64-pc-linux-gnu-library/4.5/RcppEigen/include' -I/usr/local/include   -DNDEBUG -DEIGEN_DONT_VECTORIZE -fpic  -g -O2   -c optimizer.cpp -o optimizer.o
g++ -std=gnu++17 -I"/opt/R/4.5.3/lib/R/include" -DNDEBUG  -I'/opt/R/4.5.3/lib/R/library/Matrix/include' -I'/opt/R/4.5.3/lib/R/library/Rcpp/include' -I'/home/runner/work/quarto-extensions/quarto-extensions/test-18/R/x86_64-pc-linux-gnu-library/4.5/RcppEigen/include' -I/usr/local/include   -DNDEBUG -DEIGEN_DONT_VECTORIZE -fpic  -g -O2   -c predModule.cpp -o predModule.o
g++ -std=gnu++17 -I"/opt/R/4.5.3/lib/R/include" -DNDEBUG  -I'/opt/R/4.5.3/lib/R/library/Matrix/include' -I'/opt/R/4.5.3/lib/R/library/Rcpp/include' -I'/home/runner/work/quarto-extensions/quarto-extensions/test-18/R/x86_64-pc-linux-gnu-library/4.5/RcppEigen/include' -I/usr/local/include   -DNDEBUG -DEIGEN_DONT_VECTORIZE -fpic  -g -O2   -c respModule.cpp -o respModule.o
g++ -std=gnu++17 -shared -L/opt/R/4.5.3/lib/R/lib -L/usr/local/lib -o lme4.so external.o glmFamily.o optimizer.o predModule.o respModule.o -L/opt/R/4.5.3/lib/R/lib -lR
tlmgr: package repository https://ctan.math.utah.edu/ctan/tex-archive/systems/texlive/tlnet (verified)
tlmgr: no self-updates for tlmgr available
Using CTAN mirror: https://ctan.math.utah.edu/ctan/tex-archive/systems/texlive/tlnet
