

processing file: template_no_r_packages_needed.qmd

1/5                  

2/5 [unnamed-chunk-1]

3/5                  

4/5 [fig-mtcars1]    

5/5                  

output file: template_no_r_packages_needed.knit.md


pandoc 

  to: docx
  output-file: template_no_r_packages_needed.docx
  default-image-extension: png
  toc: true
  reference-doc: reference.docx
  variables: {}
  

metadata

  engines:
    - path: /opt/quarto/share/extension-subtrees/julia-engine/_extensions/julia-engine/julia-engine.js
  title: Titel des Aufsatzes
  author:
    - name: Vorname Nachname
  date: today
  institution: Musterhochschule
  department: Studiengang XYZ
  course: Einführung in die Raketenwissenschaft (SoSe 2026)
  supervisor: Prof. Dr. Musterfrau
  student-id: '0012345'
  lang: de
  bibliography:
    - referenzen.bib
  csl: apa.csl
  logo: logo.png
  abstract: |
    Hier steht eine kurze Zusammenfassung (Abstract) des Aufsatzes.
    Der Abstract sollte den zentralen Inhalt, die Fragestellung und
    die wichtigsten Ergebnisse des Aufsatzes in komprimierter Form
    darstellen (ca. 150–200 Wörter).
  

WARNING (/opt/quarto/share/filters/main.lua:14920) Unable to resolve crossref @fig-hyp1

Output created: template_no_r_packages_needed.docx


