

processing file: template.qmd

1/11                  

2/11 [unnamed-chunk-1]

3/11                  

4/11 [tbl-deskriptiv] 

5/11                  

6/11 [fig-mtcars1]    

7/11                  

8/11 [tbl-hyp1]       

9/11                  

10/11 [fig-hyp1]       

11/11                  

output file: template.knit.md


pandoc 

  to: typst-citations
  output-file: template.typ
  standalone: true
  default-image-extension: svg
  wrap: none
  number-sections: true
  toc: true
  toc-depth: 3
  variables: {}
  

metadata

  knitr:
    opts_chunk:
      echo: false
  csl: apa.csl
  section-numbering: 1.1.1
  engines:
    - path: /opt/quarto/share/extension-subtrees/julia-engine/_extensions/julia-engine/julia-engine.js
  title: Titel des Aufsatzes
  author:
    - name: Vorname Nachname
  date: today
  institution: Musterhochschule
  department: Studiengang XYZ
  course: Einführung in die Raketenwissenschaft (SoSe 2026)
  supervisor: Prof. Dr. Musterfrau
  student-id: '0012345'
  lang: de
  bibliography:
    - referenzen.bib
  logo: false
  abstract: |
    Hier steht eine kurze Zusammenfassung (Abstract) des Aufsatzes.
    Der Abstract sollte den zentralen Inhalt, die Fragestellung und
    die wichtigsten Ergebnisse des Aufsatzes in komprimierter Form
    darstellen (ca. 150–200 Wörter).
  paper-size: a4
  font: Times New Roman
  

[typst]: Compiling template.typ to template.pdf...
warning: unknown font family: times new roman
    ┌─ template.typ:350:10
    │
350 │     font: font,
    │   
        ^^^^


DONE


Output created: template.pdf


