

processing file: index.qmd

1/11                  

2/11 [unnamed-chunk-1]

3/11                  

4/11 [unnamed-chunk-2]

5/11                  

6/11 [unnamed-chunk-3]

7
/11                  
8/11 [unnamed-chunk-4]

9/11                  

10/11 [unnamed-chunk-5]

11
/11                  

output file: index.knit.md


pandoc 

  to: revealjs
  output-file: index.html
  standalone: true
  wrap: none
  default-image-extension: png
  html-math-method:
    method: mathjax
    url: >-
      https://cdn.jsdelivr.net/npm/mathjax@2.7.9/MathJax.js?config=TeX-AMS_HTML-full
  slide-level: 2
  

metadata

  link-citations: true
  width: 1280
  height: 720
  margin: 0.1
  center: false
  navigationMode: linear
  controlsLayout: edges
  controlsTutorial: false
  hash: true
  history: true
  hashOneBasedIndex: false
  fragmentInURL: false
  transition: none
  backgroundTransition: none
  pdfSeparateFragments: false
  lang: en
  auto-stretch: true
  revealjs-plugins:
    - gl-transitions
  pagetitle: GL Transitions Demo
  

Output created: index.html


