Cloning into 'repo'...
pandoc 
  to: html
  output-file: example.html
  standalone: true
  section-divs: true
  html-math-method: mathjax
  wrap: none
  default-image-extension: png
  
metadata
  document-css: false
  link-citations: true
  date-format: long
  lang: en
  title: Qreacto
  sidebar: false
  navbar: false
  
MyComponent > react-MyComponent-kmdgeatt
MyStyledComponent > react-MyStyledComponent-6o6sHeY3
EmojiComponent > react-EmojiComponent-PvJ6wqaC
RandomWordsComponent > react-RandomWordsComponent-AXm3WGoB
MyNestedComponent > react-MyNestedComponent-pFaYO8kg
EnvironmentReadingComponent > react-EnvironmentReadingComponent-RA5UPATP
Output created: example.html

