Cloning into 'repo'...
/usr/local/bin/tlmgr: open(>/opt/tinytex/tlpkg/texlive.tlpdb.tmp) failed: Permission denied at /opt/tinytex/tlpkg/TeXLive/TLPDB.pm line 611.
CTAN mirror https://ctan.math.utah.edu/ctan/tex-archive/systems/texlive/tlnet failed, trying next...
/usr/local/bin/tlmgr: open(>/opt/tinytex/tlpkg/texlive.tlpdb.tmp) failed: Permission denied at /opt/tinytex/tlpkg/TeXLive/TLPDB.pm line 611.
CTAN mirror https://ctan.math.illinois.edu/systems/texlive/tlnet failed, trying next...
/usr/local/bin/tlmgr: open(>/opt/tinytex/tlpkg/texlive.tlpdb.tmp) failed: Permission denied at /opt/tinytex/tlpkg/TeXLive/TLPDB.pm line 611.
CTAN mirror https://mirrors.rit.edu/CTAN/systems/texlive/tlnet failed, trying next...
/usr/local/bin/tlmgr: open(>/opt/tinytex/tlpkg/texlive.tlpdb.tmp) failed: Permission denied at /opt/tinytex/tlpkg/TeXLive/TLPDB.pm line 611.
CTAN mirror https://mirror.ctan.org/systems/texlive/tlnet failed, trying next...
All CTAN mirrors failed. LaTeX packages may not install.
pandoc 
  to: latex
  output-file: template.tex
  standalone: true
  pdf-engine: pdflatex
  variables:
    graphics: true
    tables: true
  default-image-extension: pdf
  toc: false
  cite-method: natbib
  number-sections: false
  
metadata
  block-headings: false
  crossref:
    fig-prefix: Fig
    eq-prefix: Eq
  callout-appearance: simple
  callout-icon: false
  csl: https://www.zotero.org/styles/plos-one
  documentclass: article
  papersize: letter
  fontsize: 10pt
  has-frontmatter: false
  lof: false
  lot: false
  colorlinks: false
  geometry:
    - top=0.85in
    - left=2.75in
    - footskip=0.75in
  biblio-style: plos2015
  natbiboptions: numbers,square,comma
  code-block-border-left: false
  engines:
    - path: /opt/quarto/share/extension-subtrees/julia-engine/_extensions/julia-engine/julia-engine.js
  title: PLOS template
  author:
    - name: Name1 Surname
      equal-contributor: true
      affiliations:
        - ref: aff1
        - ref: aff2
    - name: Name2 Surname
      equal-contributor: true
      affiliations:
        - ref: aff2
    - name: Name3 Surname
      affiliations:
        - ref: aff2
        - ref: aff3
      current-address: 'Current Address: Dept A, Institution A, City, State, Country'
    - name: Name4 Surname
      affiliations:
        - ref: aff2
    - name: Name5 Surname
      affiliations:
        - ref: aff2
      deceased: true
    - name: Name6 Surname
      affiliations:
        - ref: aff2
      current-address: 'Current Address: Dept B, Institution B, City, State, Country'
    - name: Name7 Surname
      affiliations:
        - ref: aff1
        - ref: aff2
        - ref: aff3
      corresponding: true
      email: correspondingauthor@institute.edu
    - name: with the Lorem Ipsum Consortium
      group: true
  author-notes:
    equal-contributor: These authors contributed equally to this work.
    deceased: Deceased
    group: Membership list can be found in the Acknowledgments sections
  affiliations:
    - id: aff1
      name: Affiliation Dept, Institution Name
      city: City
      state: State
      country: Country
    - id: aff2
      name: Affiliation Center, Institution Name
      city: City
      state: State
      country: Country
    - id: aff3
      name: Affiliation Program, Institution Name
      city: City
      state: State
      country: Country
  abstract: |
    Lorem ipsum dolor sit amet, consectetur adipiscing elit. Curabitur eget porta erat. Morbi consectetur est vel gravida pretium. Suspendisse ut dui eu ante cursus gravida non sed sem. Nullam sapien tellus, commodo id velit id, eleifend volutpat quam. Phasellus mauris velit, dapibus finibus elementum vel, pulvinar non tellus. Nunc pellentesque pretium diam, quis maximus dolor faucibus id. Nunc convallis sodales ante, ut ullamcorper est egestas vitae. Nam sit amet enim ultrices, ultrices elit pulvinar, volutpat risus.
  author-summary: |
    Lorem ipsum dolor sit amet, consectetur adipiscing elit. Curabitur eget porta erat. Morbi consectetur est vel gravida pretium. Suspendisse ut dui eu ante cursus gravida non sed sem. Nullam sapien tellus, commodo id velit id, eleifend volutpat quam. Phasellus mauris velit, dapibus finibus elementum vel, pulvinar non tellus. Nunc pellentesque pretium diam, quis maximus dolor faucibus id. Nunc convallis sodales ante, ut ullamcorper est egestas vitae. Nam sit amet enim ultrices, ultrices elit pulvinar, volutpat risus.
  bibliography:
    - bibliography.bib
  journal:
    id: plosone
  
[33mWARNING (/opt/quarto/share/filters/main.lua:18344) Raw LaTeX table found with non-tbl label: table1
Won't be able to cross-reference this table using Quarto's native crossref system.
[39m
Rendering PDF
running pdflatex - 1
  This is pdfTeX, Version 3.141592653-2.6-1.40.29 (TeX Live 2026) (preloaded format=pdflatex)
   restricted \write18 enabled.
  entering extended mode
  
updating tlmgr

updating existing packages
finding package for changepage.sty
> 1 package to install
> installing changepage (1 of 1)
WARN: Error encountered when rendering files
ERROR: tlmgr returned a non zero status code
You don't have permission to change the installation in any way,
specifically, the directory /opt/tinytex/tlpkg/ is not writable.
Please run this program as administrator, or contact your local admin.
tlmgr: An error has occurred. See above messages. Exiting.


Stack trace:
    at renderFiles (file:///opt/quarto/bin/quarto.js:136533:49)
    at eventLoopTick (ext:core/01_core.js:179:7)
    at async render (file:///opt/quarto/bin/quarto.js:142161:19)
    at async _Command.actionHandler (file:///opt/quarto/bin/quarto.js:142406:24)
    at async _Command.execute (file:///opt/quarto/bin/quarto.js:102029:7)
    at async _Command.parseCommand (file:///opt/quarto/bin/quarto.js:101906:14)
    at async quarto4 (file:///opt/quarto/bin/quarto.js:187554:5)
    at async file:///opt/quarto/bin/quarto.js:187582:5
    at async file:///opt/quarto/bin/quarto.js:187437:14
    at async mainRunner (file:///opt/quarto/bin/quarto.js:187439:5)
    at async file:///opt/quarto/bin/quarto.js:187575:3
Render failed, retrying once...
pandoc 
  to: latex
  output-file: template.tex
  standalone: true
  pdf-engine: pdflatex
  variables:
    graphics: true
    tables: true
  default-image-extension: pdf
  toc: false
  cite-method: natbib
  number-sections: false
  
metadata
  block-headings: false
  crossref:
    fig-prefix: Fig
    eq-prefix: Eq
  callout-appearance: simple
  callout-icon: false
  csl: https://www.zotero.org/styles/plos-one
  documentclass: article
  papersize: letter
  fontsize: 10pt
  has-frontmatter: false
  lof: false
  lot: false
  colorlinks: false
  geometry:
    - top=0.85in
    - left=2.75in
    - footskip=0.75in
  biblio-style: plos2015
  natbiboptions: numbers,square,comma
  code-block-border-left: false
  engines:
    - path: /opt/quarto/share/extension-subtrees/julia-engine/_extensions/julia-engine/julia-engine.js
  title: PLOS template
  author:
    - name: Name1 Surname
      equal-contributor: true
      affiliations:
        - ref: aff1
        - ref: aff2
    - name: Name2 Surname
      equal-contributor: true
      affiliations:
        - ref: aff2
    - name: Name3 Surname
      affiliations:
        - ref: aff2
        - ref: aff3
      current-address: 'Current Address: Dept A, Institution A, City, State, Country'
    - name: Name4 Surname
      affiliations:
        - ref: aff2
    - name: Name5 Surname
      affiliations:
        - ref: aff2
      deceased: true
    - name: Name6 Surname
      affiliations:
        - ref: aff2
      current-address: 'Current Address: Dept B, Institution B, City, State, Country'
    - name: Name7 Surname
      affiliations:
        - ref: aff1
        - ref: aff2
        - ref: aff3
      corresponding: true
      email: correspondingauthor@institute.edu
    - name: with the Lorem Ipsum Consortium
      group: true
  author-notes:
    equal-contributor: These authors contributed equally to this work.
    deceased: Deceased
    group: Membership list can be found in the Acknowledgments sections
  affiliations:
    - id: aff1
      name: Affiliation Dept, Institution Name
      city: City
      state: State
      country: Country
    - id: aff2
      name: Affiliation Center, Institution Name
      city: City
      state: State
      country: Country
    - id: aff3
      name: Affiliation Program, Institution Name
      city: City
      state: State
      country: Country
  abstract: |
    Lorem ipsum dolor sit amet, consectetur adipiscing elit. Curabitur eget porta erat. Morbi consectetur est vel gravida pretium. Suspendisse ut dui eu ante cursus gravida non sed sem. Nullam sapien tellus, commodo id velit id, eleifend volutpat quam. Phasellus mauris velit, dapibus finibus elementum vel, pulvinar non tellus. Nunc pellentesque pretium diam, quis maximus dolor faucibus id. Nunc convallis sodales ante, ut ullamcorper est egestas vitae. Nam sit amet enim ultrices, ultrices elit pulvinar, volutpat risus.
  author-summary: |
    Lorem ipsum dolor sit amet, consectetur adipiscing elit. Curabitur eget porta erat. Morbi consectetur est vel gravida pretium. Suspendisse ut dui eu ante cursus gravida non sed sem. Nullam sapien tellus, commodo id velit id, eleifend volutpat quam. Phasellus mauris velit, dapibus finibus elementum vel, pulvinar non tellus. Nunc pellentesque pretium diam, quis maximus dolor faucibus id. Nunc convallis sodales ante, ut ullamcorper est egestas vitae. Nam sit amet enim ultrices, ultrices elit pulvinar, volutpat risus.
  bibliography:
    - bibliography.bib
  journal:
    id: plosone
  
[33mWARNING (/opt/quarto/share/filters/main.lua:18344) Raw LaTeX table found with non-tbl label: table1
Won't be able to cross-reference this table using Quarto's native crossref system.
[39m
Rendering PDF
running pdflatex - 1
  This is pdfTeX, Version 3.141592653-2.6-1.40.29 (TeX Live 2026) (preloaded format=pdflatex)
   restricted \write18 enabled.
  entering extended mode
  
updating tlmgr

updating existing packages
finding package for changepage.sty
> 1 package to install
> installing changepage (1 of 1)
WARN: Error encountered when rendering files
ERROR: tlmgr returned a non zero status code
You don't have permission to change the installation in any way,
specifically, the directory /opt/tinytex/tlpkg/ is not writable.
Please run this program as administrator, or contact your local admin.
tlmgr: An error has occurred. See above messages. Exiting.


Stack trace:
    at renderFiles (file:///opt/quarto/bin/quarto.js:136533:49)
    at eventLoopTick (ext:core/01_core.js:179:7)
    at async render (file:///opt/quarto/bin/quarto.js:142161:19)
    at async _Command.actionHandler (file:///opt/quarto/bin/quarto.js:142406:24)
    at async _Command.execute (file:///opt/quarto/bin/quarto.js:102029:7)
    at async _Command.parseCommand (file:///opt/quarto/bin/quarto.js:101906:14)
    at async quarto4 (file:///opt/quarto/bin/quarto.js:187554:5)
    at async file:///opt/quarto/bin/quarto.js:187582:5
    at async file:///opt/quarto/bin/quarto.js:187437:14
    at async mainRunner (file:///opt/quarto/bin/quarto.js:187439:5)
    at async file:///opt/quarto/bin/quarto.js:187575:3
