

processing file: index.qmd

1/13                  

2/13 [unnamed-chunk-1]

3/13                  

4/13 [unnamed-chunk-2]

5/13                  

6/13 [unnamed-chunk-3]

7/13                  

8/13 [unnamed-chunk-4]

9/13                  

10/13 [unnamed-chunk-5]

11/13                  

12/13 [unnamed-chunk-6]

13/13                  

output file: index.knit.md


Starting julia control server process. This might take a while...

(ERROR) NotFound: Failed to spawn 'julia': entity not found

Stack trace:
    at spawnChildInner (ext:deno_process/40_process.js:187:17)
    at spawnChild (ext:deno_process/40_process.js:211:10)
    at Command.spawn (ext:deno_process/40_process.js:488:12)
    at ensureQuartoNotebookRunnerEnvironment (file:///opt/quarto/bin/quarto.js:79353:24)
    at startOrReuseJuliaServer (file:///opt/quarto/bin/quarto.js:79243:13)
    at getJuliaServerConnection (file:///opt/quarto/bin/quarto.js:79418:28)
    at executeJulia (file:///opt/quarto/bin/quarto.js:79485:22)
    at Object.execute (file:///opt/quarto/bin/quarto.js:79144:22)
    at renderExecute (file:///opt/quarto/bin/quarto.js:124788:46)
    at renderFileInternal (file:///opt/quarto/bin/quarto.js:125041:41)

