Cloning into 'repo'...
Installing package into '/home/runner/work/quarto-extensions/quarto-extensions/test-11/R/x86_64-pc-linux-gnu-library/4.5'
(as 'lib' is unspecified)
trying URL 'https://packagemanager.posit.co/cran/__linux__/jammy/latest/src/contrib/renv_1.1.8.tar.gz'
Content type 'binary/octet-stream' length 2336300 bytes (2.2 MB)
==================================================
downloaded 2.2 MB

* installing *binary* package 'renv' ...
* DONE (renv)

The downloaded source packages are in
	'/tmp/RtmpLfIsEs/downloaded_packages'
The R temporary directory appears to be within a folder mounted as 'noexec'.
Installation of R packages from sources may fail.
See the section **Note** within `?INSTALL` for more details.

tempdir(): /tmp/RtmpLfIsEs
Installing packages into '/home/runner/work/quarto-extensions/quarto-extensions/test-11/R/x86_64-pc-linux-gnu-library/4.5'
(as 'lib' is unspecified)
also installing the dependencies 'AmesHousing', 'babynames', 'fueleconomy', 'gapminder', 'Lahman', 'nasaweather', 'nycflights13', 'pixarfilms', 'extrafontdb', 'Rttf2pt1'

trying URL 'https://cloud.r-project.org/src/contrib/AmesHousing_0.0.4.tar.gz'
trying URL 'https://cloud.r-project.org/src/contrib/babynames_1.0.1.tar.gz'
trying URL 'https://cloud.r-project.org/src/contrib/fueleconomy_1.0.0.tar.gz'
trying URL 'https://cloud.r-project.org/src/contrib/gapminder_1.0.1.tar.gz'
trying URL 'https://cloud.r-project.org/src/contrib/Lahman_14.0-0.tar.gz'
trying URL 'https://cloud.r-project.org/src/contrib/nasaweather_0.1.1.tar.gz'
trying URL 'https://cloud.r-project.org/src/contrib/nycflights13_1.0.2.tar.gz'
trying URL 'https://cloud.r-project.org/src/contrib/pixarfilms_0.2.1.tar.gz'
trying URL 'https://cloud.r-project.org/src/contrib/extrafontdb_1.1.tar.gz'
trying URL 'https://cloud.r-project.org/src/contrib/Rttf2pt1_1.3.14.tar.gz'
trying URL 'https://cloud.r-project.org/src/contrib/dados_0.1.0.tar.gz'
trying URL 'https://cloud.r-project.org/src/contrib/extrafont_0.20.tar.gz'
* installing *source* package 'AmesHousing' ...
** this is package 'AmesHousing' version '0.0.4'
** package 'AmesHousing' successfully unpacked and MD5 sums checked
** using staged installation
** R
** data
*** moving datasets to lazyload DB
** byte-compile and prepare package for lazy loading
** help
*** installing help indices
** building package indices
** testing if installed package can be loaded from temporary location
** testing if installed package can be loaded from final location
** testing if installed package keeps a record of temporary installation path
* DONE (AmesHousing)
* installing *source* package 'babynames' ...
** this is package 'babynames' version '1.0.1'
** package 'babynames' successfully unpacked and MD5 sums checked
** using staged installation
** R
** data
*** moving datasets to lazyload DB
** byte-compile and prepare package for lazy loading
** help
*** installing help indices
** building package indices
** testing if installed package can be loaded from temporary location
** testing if installed package can be loaded from final location
** testing if installed package keeps a record of temporary installation path
* DONE (babynames)
* installing *source* package 'fueleconomy' ...
** this is package 'fueleconomy' version '1.0.0'
** package 'fueleconomy' successfully unpacked and MD5 sums checked
** using staged installation
** R
** data
*** moving datasets to lazyload DB
** byte-compile and prepare package for lazy loading
** help
*** installing help indices
** building package indices
** testing if installed package can be loaded from temporary location
** testing if installed package can be loaded from final location
** testing if installed package keeps a record of temporary installation path
* DONE (fueleconomy)
* installing *source* package 'gapminder' ...
** this is package 'gapminder' version '1.0.1'
** package 'gapminder' successfully unpacked and MD5 sums checked
** using staged installation
** R
** data
*** moving datasets to lazyload DB
** inst
** byte-compile and prepare package for lazy loading
** help
*** installing help indices
*** copying figures
** building package indices
** installing vignettes
** testing if installed package can be loaded from temporary location
** testing if installed package can be loaded from final location
** testing if installed package keeps a record of temporary installation path
* DONE (gapminder)
* installing *source* package 'Lahman' ...
** this is package 'Lahman' version '14.0-0'
** package 'Lahman' successfully unpacked and MD5 sums checked
** using staged installation
** R
** data
*** moving datasets to lazyload DB
** demo
** inst
** byte-compile and prepare package for lazy loading
** help
*** installing help indices
*** copying figures
** building package indices
** installing vignettes
** testing if installed package can be loaded from temporary location
** testing if installed package can be loaded from final location
** testing if installed package keeps a record of temporary installation path
* DONE (Lahman)
* installing *source* package 'nasaweather' ...
** this is package 'nasaweather' version '0.1.1'
** package 'nasaweather' successfully unpacked and MD5 sums checked
** using staged installation
** R
** data
*** moving datasets to lazyload DB
** byte-compile and prepare package for lazy loading
** help
*** installing help indices
** building package indices
** testing if installed package can be loaded from temporary location
** testing if installed package can be loaded from final location
** testing if installed package keeps a record of temporary installation path
* DONE (nasaweather)
* installing *source* package 'nycflights13' ...
** this is package 'nycflights13' version '1.0.2'
** package 'nycflights13' successfully unpacked and MD5 sums checked
** using staged installation
** R
** data
*** moving datasets to lazyload DB
** byte-compile and prepare package for lazy loading
** help
*** installing help indices
** building package indices
** testing if installed package can be loaded from temporary location
** testing if installed package can be loaded from final location
** testing if installed package keeps a record of temporary installation path
* DONE (nycflights13)
* installing *source* package 'pixarfilms' ...
** this is package 'pixarfilms' version '0.2.1'
** package 'pixarfilms' successfully unpacked and MD5 sums checked
** using staged installation
** R
** data
*** moving datasets to lazyload DB
** inst
** byte-compile and prepare package for lazy loading
** help
*** installing help indices
*** copying figures
** building package indices
** installing vignettes
** testing if installed package can be loaded from temporary location
** testing if installed package can be loaded from final location
** testing if installed package keeps a record of temporary installation path
* DONE (pixarfilms)
* installing *source* package 'extrafontdb' ...
** this is package 'extrafontdb' version '1.1'
** package 'extrafontdb' successfully unpacked and MD5 sums checked
** using staged installation
** R
** inst
** byte-compile and prepare package for lazy loading
** help
*** installing help indices
** building package indices
** testing if installed package can be loaded from temporary location
** testing if installed package can be loaded from final location
** testing if installed package keeps a record of temporary installation path
* DONE (extrafontdb)
* installing *source* package 'Rttf2pt1' ...
** this is package 'Rttf2pt1' version '1.3.14'
** package 'Rttf2pt1' successfully unpacked and MD5 sums checked
** using staged installation
** libs
installing via 'install.libs.R' to /home/runner/work/quarto-extensions/quarto-extensions/test-11/R/x86_64-pc-linux-gnu-library/4.5/00LOCK-Rttf2pt1/00new/Rttf2pt1
Installing ttf2pt1/ttf2pt1 to /home/runner/work/quarto-extensions/quarto-extensions/test-11/R/x86_64-pc-linux-gnu-library/4.5/00LOCK-Rttf2pt1/00new/Rttf2pt1/exec
** R
** inst
** byte-compile and prepare package for lazy loading
** help
*** installing help indices
** building package indices
** testing if installed package can be loaded from temporary location
** testing if installed package can be loaded from final location
** testing if installed package keeps a record of temporary installation path
* DONE (Rttf2pt1)
* installing *source* package 'dados' ...
** this is package 'dados' version '0.1.0'
** package 'dados' successfully unpacked and MD5 sums checked
** using staged installation
** R
** data
*** moving datasets to lazyload DB
** inst
** byte-compile and prepare package for lazy loading
** help
*** installing help indices
*** copying figures
** building package indices
** testing if installed package can be loaded from temporary location
** testing if installed package can be loaded from final location
** testing if installed package keeps a record of temporary installation path
* DONE (dados)
* installing *source* package 'extrafont' ...
** this is package 'extrafont' version '0.20'
** package 'extrafont' successfully unpacked and MD5 sums checked
** using staged installation
** R
** byte-compile and prepare package for lazy loading
** help
*** installing help indices
** building package indices
** testing if installed package can be loaded from temporary location
** testing if installed package can be loaded from final location
** testing if installed package keeps a record of temporary installation path
* DONE (extrafont)

The downloaded source packages are in
	'/tmp/RtmpLfIsEs/downloaded_packages'
Warning message:
package 'coresInsper' is not available for this version of R

A version of this package for your version of R might be available elsewhere,
see the ideas at
https://cran.r-project.org/doc/manuals/r-patched/R-admin.html#Installing-packages 


processing file: index.qmd
1/9                  
2/9 [unnamed-chunk-1]
3/9                  
4/9 [unnamed-chunk-2]
Downloading cpython-3.12.13-linux-x86_64-gnu (download) (32.3MiB)
 Downloaded cpython-3.12.13-linux-x86_64-gnu (download)
Downloading numpy (15.9MiB)
 Downloaded numpy
Installed 1 package in 185ms
5/9                  
6/9 [unnamed-chunk-3]
7/9                  
8/9 [unnamed-chunk-4]
Error in `loadNamespace()`:
! there is no package called 'coresInsper'
Backtrace:
    x
 1. \-base::loadNamespace(x)
 2.   \-base::withRestarts(stop(cond), retry_loadNamespace = function() NULL)
 3.     \-base (local) withOneRestart(expr, restarts[[1L]])
 4.       \-base (local) doWithOneRestart(return(expr), restart)

Quitting from index.qmd:71-104 [unnamed-chunk-4]
Execution halted
WARN: Error encountered when rendering files
Render failed, retrying once...


processing file: index.qmd
1/9                  
2/9 [unnamed-chunk-1]
3/9                  
4/9 [unnamed-chunk-2]
5/9                  
6/9 [unnamed-chunk-3]
7/9                  
8/9 [unnamed-chunk-4]
Error in `loadNamespace()`:
! there is no package called 'coresInsper'
Backtrace:
    x
 1. \-base::loadNamespace(x)
 2.   \-base::withRestarts(stop(cond), retry_loadNamespace = function() NULL)
 3.     \-base (local) withOneRestart(expr, restarts[[1L]])
 4.       \-base (local) doWithOneRestart(return(expr), restart)

Quitting from index.qmd:71-104 [unnamed-chunk-4]
Execution halted
WARN: Error encountered when rendering files
