Cloning into 'repo'...

/usr/local/bin/tlmgr: TLPDB::from_file could not get texlive.tlpdb from: https://ctan.math.illinois.edu/systems/texlive/tlnet/tlpkg/texlive.tlpdb
Maybe the repository setting should be changed.
More info: https://tug.org/texlive/acquire.html
pandoc 
  to: html
  output-file: index.html
  standalone: true
  section-divs: true
  html-math-method: mathjax
  wrap: none
  default-image-extension: png
  toc: true
  variables: {}
  
metadata
  document-css: false
  link-citations: true
  date-format: long
  lang: en
  engines:
    - path: /opt/quarto/share/extension-subtrees/julia-engine/_extensions/julia-engine/julia-engine.js
  title: Animate.css Extension for Quarto
  subtitle: Quarto Extension
  author:
    - name: Mickaël CANOUIL, _Ph.D._
      orcid: 0000-0002-3396-4549
      url: https://mickael.canouil.fr
  extensions:
    animate:
      delay: 5s
      duration: 10s
      repeat: 3
  
Output created: index.html

