pandoc 

  to: revealjs
  output-file: demo.html
  standalone: true
  wrap: none
  default-image-extension: png
  html-math-method:
    method: mathjax
    url: >-
      https://cdn.jsdelivr.net/npm/mathjax@2.7.9/MathJax.js?config=TeX-AMS_HTML-full
  slide-level: 2
  css:
    - demo_files/assets/css/style.css
  section-divs: true
  variables: {}
  

metadata

  link-citations: true
  width: 1050
  height: 700
  margin: 0.1
  center: true
  navigationMode: default
  controlsLayout: bottom-right
  controlsTutorial: false
  hash: true
  history: true
  hashOneBasedIndex: false
  fragmentInURL: false
  transition: slide
  backgroundTransition: fade
  pdfSeparateFragments: false
  lang: en
  auto-stretch: true
  engines:
    - path: /opt/quarto/share/extension-subtrees/julia-engine/_extensions/julia-engine/julia-engine.js
  title: Verticator
  subtitle: For Reveal.js and Quarto
  revealjs-plugins:
    - verticator
  theme: dark
  chalkboard: false
  menu: false
  verticator:
    skipuncounted: true
  

[WARNING] I
gnoring duplicate attribute style="width:50%;".
[WARNING] Ignoring duplicate attribute style="width:50%;".

Output created: demo.html


