pandoc 

  to: latex
  output-file: example.tex
  standalone: true
  pdf-engine: lualatex
  variables:
    graphics: true
    tables: true
  default-image-extension: pdf
  

metadata

  documentclass: scrartcl
  classoption:
    - DIV=11
    - numbers=noendperiod
  papersize: letter
  header-includes:
    - \KOMAoption{captions}{tableheading}
  block-headings: true
  title: Landscape Example
  


Rendering PDF

running lualatex - 1

  This is LuaHBTeX, Version 1.24.0 (TeX Live 2026) 
   restricted system commands enabled.
  

updating tlmgr



updating existing packages

(ERROR) 
compilation failed- error

TeX capacity exceeded, sorry [input stack size=10000].
\LS@makefcolumn #1->\LS@makefcolumn {#1
                                       }\LS@rot 
l.190 \begin{landscape}
                     



see example.log for more information.

(WARN) Error encountered when rendering files

