pandoc 

  to: html
  output-file: example.html
  standalone: true
  section-divs: true
  html-math-method: mathjax
  wrap: none
  default-image-extension: png
  variables: {}
  

metadata

  document-css: false
  link-citations: true
  date-format: long
  lang: en
  engines:
    - path: /opt/quarto/share/extension-subtrees/julia-engine/_extensions/julia-engine/julia-engine.js
  title: Collapse-social-embeds Example
  author: Shafayet Khan Shafee
  date: last-modified
  

Error running filter /opt/quarto
/share/filters/main.lua:
Could not fetch https://publish.twitter.com/oembed?url=https://twitter.com/pandoc_tips/status/1576105972103516160&align=center
HttpExceptionRequest Request {
  host                 = "publish.x.com"
  port                 = 443
  secure               = True
  requestHeaders       = []
  path           
      = "/oembed"
  queryString          = "?url=https://twitter.com/pandoc_tips/status/1576105972103516160&align=center"
  method         
      = "GET"
  proxy                = Nothing
  rawBody              = False
  redirectCount        = 10
  res
ponseTimeout      = ResponseTimeoutDefault
  requestVersion       = HTTP/1.1
  proxySe
cureMode      = ProxySecureWithConnect
}
 (StatusCodeException (Response {responseStatus = Status {statusCode = 404, st
atusMessage = "Not Found"}, responseVersion = HTTP/1.1, responseHeaders = [("Date","Sat, 11 
Jul 2026 14:29:42 GMT"),("Content-Type","text/html;charset=utf-8"),("Transfer-Enco
ding","chunked"),("Connection","keep-alive"),("Server","cloudflare envoy"
),("Cache-Control","max-age=0, no-cache, no-store"),("x-frame-options","SAMEORIGIN"),(
"x-xss-protection","0"),("content-disposition","at
tachment; filename=json.json"),("x-content-type-op
tions","nosniff"),("content-security-policy","def
ault-src 'none'; img-src https://abs.twimg.com; sc
ript-src https://abs.twimg.com about:; style-src ht
tps://abs.twimg.com 'unsafe-inline'; font-src htt
ps://abs.twimg.com https://twitter.com; connect-sr
c 'none'; object-src 'none'; media-src 'none'; frame-s
rc 'none'; report-uri https://twitter.com/i/csp_report?a=ORTGK%3D%3D%3D&ro=false")
,("cf-cache-status","DYNAMIC"),("Set-Cookie","guest_id
_marketing=v1%3A178378018238055105; Max-Age=63072000
; Expires=Mon, 10 Jul 2028 14:29:42 GMT; Path=/; Domain=.x
.com; Secure; SameSite=None"),("Set-Cookie","guest_id_ads=
v1%3A178378018238055105; Max-Age=63072000; Expires=Mon, 10 
Jul 2028 14:29:42 GMT; Path=/; Domain=.x.com; Secure; Same
Site=None"),("Set-Cookie","personalization_id=\"v1_TpX3LuS7
X/jj6d53kgAQsA==\"; Max-Age=63072000; Expires=Mon, 10 Jul 20
28 14:29:42 GMT; Path=/; Domain=.x.com; Secure; SameSit
e=None"),("Set-Cookie","guest_id=v1%3A178378018238055105; 
Max-Age=63072000; Expires=Mon, 10 Jul 2028 14:29:42 GMT; Path=/;
 Domain=.x.com; Secure; SameSite=None"),("set-cookie",
"__cf_bm=vO0WX05ppHwoGxgyimCX.eaUprWTfOA.ls2iw7JCyP0-
1783780182.3515282-1.0.1.1-LNvXW1so1SuoOzgCe24rthoK
X9_nLsnRJ7qrVL2.Wd4InoppQSpE_k6ru0UTGkg6EpPpFdfCQfX
fc3El4ikpRtya1CmP18FxpWux_.BnXSCgEBmjwC6aIe45RIvbi
ko2; HttpOnly; Secure; Path=/; Domain=x.com; Expires=Sat, 
11 Jul 2026 14:59:42 GMT"),("x-response-time","16"),("
origin-cf-ray","a198807bbb99a218-ATL"),("strict-transport-security
","max-age=631138519; includeSubdomains"),("x-served-b
y","t4_a"),("vary","accept-encoding"),("Content-Encodin
g","gzip"),("CF-RAY","a198807bbb99a218-MSP")], responseBody = (), responseC
ookieJar = CJ {expose = [Cookie {cookie_name = "__cf_bm", c
ookie_value = "vO0WX05ppHwoGxgyimCX.eaUprWTfOA.ls2iw7J
CyP0-1783780182.3515282-1.0.1.1-LNvXW1so1SuoOzgCe24
rthoKX9_nLsnRJ7qrVL2.Wd4InoppQSpE_k6ru0UTGkg6EpPpFdfC
QfXfc3El4ikpRtya1CmP18FxpWux_.BnXSCgEBmjwC6aIe45RIvbik
o2", cookie_expiry_time = 3025-11-11 00:00:00 UTC, coo
kie_domain = "x.com", cookie_path = "/", cookie_cr
eation_time = 2026-07-11 14:29:42.409873223 UTC, cookie_las
t_access_time = 2026-07-11 14:29:42.409873
223 UTC, cookie_persistent = False, cookie_host_only 
= False, cookie_secure_only = True, cookie_http_only = True},
Cookie {cookie_name = "guest_id", cookie_value = "v1%3
A178378018238055105", cookie_expiry_time = 2028-07-10 14:29:42.
409873223 UTC, cookie_domain = "x.com", cookie_pat
h = "/", cookie_creation_time = 2026-07-11 14:29:4
2.409873223 UTC, cookie_last_access_time = 2026-07-
11 14:29:42.409873223 UTC, cookie_persistent = True, 
cookie_host_only = False, cookie_secure_only = True, 
cookie_http_only = False},Cookie {cookie_name = "per
sonalization_id", cookie_value = "v1_TpX3LuS7X/jj6
d53kgAQsA==", cookie_expiry_time = 2028-07-10 14:2
9:42.409873223 UTC, cookie_domain = "x.com", cook
ie_path = "/", cookie_creation_time = 2026-07-11 14:2
9:42.409873223 UTC, cookie_last_access_time = 2026-
07-11 14:29:42.409873223 UTC, cookie_persistent
 = True, cookie_host_only = False, cookie_secure_only = Tru
e, cookie_http_only = False},
Cookie {cookie_name = "guest_id_ads",
 cookie_value = "v1%3A178378018238055105", cookie_e
xpiry_time = 2028-07-10 14:29:42.409873223 UTC, co
okie_domain = "x.com", cookie_path = "/", cooki
e_creation_time = 2026-07-11 14:29:42.409873223 U
TC, cookie_last_access_time = 2026-07-11 14:29:42.409873
223 UTC, cookie_persistent = True, cookie_host_only = False
, cookie_secure_only = True, cookie_http_only =
 False},Cookie {cookie_name = "guest_id_marketing", co
okie_value = "v1%3A178378018238055105", cookie_expi
ry_time = 2028-07-10 14:29:42.409873223 UTC, cookie_domai
n = "x.com", cookie_path = "/", cookie_creation
_time = 2026-07-11 14:29:42.409873223 UTC, cookie
_last_access_time = 2026-07-11 14:29:42.4098732
23 UTC, cookie_persistent = True, cookie_host_onl
y = False, cookie_secure_only = True, cookie_ht
tp_only = False},Cookie {cookie_name = "__cf_bm"
, cookie_value = ".1lH4sjmq_v2Q76OWuD16oaV8VfJ1nppRgc.Nqp
W2ZY-1783780182.2225103-1.0.1.1-HX5XPXN.YPk09mDblxwM2VRx0
2V.2HJIEQLBX4yR2_dPqUZG5dEAZwdqT33U0qZg_TRfwS_pryV0h
tTDyd3UVFUlx_lGfgQMFahiJ8SZZvV8pYA12mHPPGpqYFBg5Rc
Y", cookie_expiry_time = 3025-11-11 00:00:00 UTC, 
cookie_domain = "twitter.com", cookie_path = "/",
 cookie_creation_time = 2026-07-11 14:29:42.26473
0965 UTC, cookie_last_access_time = 2026-07-11 14:2
9:42.264730965 UTC, cookie_persistent = False, co
okie_host_only = False, cookie_secure_only = Tr
ue, cookie_http_only = True}]}, responseClose' = 
ResponseClose, responseOriginalRequest = Request {

  host                 = "publish.x.com"
  port    
             = 443
  secure               = True
  request
Headers       = []
  path                 = "/oembe
d"
  queryString          = "?url=https://twitter
.com/pandoc_tips/status/1576105972103516160&al
ign=center"
  method               = "GET"
  pr
oxy                = Nothing
  rawBody          
    = False
  redirectCount        = 10
  respons
eTimeout      = ResponseTimeoutDefault
  requestVersio
n       = HTTP/1.1
  proxySecureMode      = Pro
xySecureWithConnect
}
, responseEarlyHints = []}) "
<!DOCTYPE html>\n<html lang=\"en\" class=\"dog\"
>\n  <head>\n    <meta http-equiv=\"Content-Type\
" content=\"text/html; charset=utf-8\">\n    <
meta name=\"viewport\" content=\"width=device-width, initi
al-scale=1.0\">\n    <title>X / ?</title>\n    <meta
 name=\"version\" content=\"1\">\n    <link href
=\"https://abs.twimg.com/favicons/twitter.3.ico\" rel
=\"shortcut icon\" type=\"image/x-icon\">\n    <link 
rel=\"stylesheet\" href=\"https://abs.twimg.com/err
ors/fullscreen_errors-047ca1475a6efac7c9c89a9ff92b7a20.css\">\n  </head>\n  <body dir=\"auto\">\n    <div class=\"top\">\n      <svg xmlns=\"http://www.w3.org/2000/svg\" viewBox=\"0 0 1519 200\">\n        <defs/>\n        <path d=\"M708 103l9-5 13 1 2-2 5 1h8l1-1 42-5h7l7 3v1l12-2a9368 9368 0 0129-6l2-5 12 1 6-2 3 1 2 1v-2l13-2v1l4 2 7-1h1l17-3 1 2 4-1 18-7 3-1 4-1h9l13-1 1-4 3-2 13 1v2l22-2 10-3h6l10 5 16-5 15-3 2-1 8-4 6-2 12-1 7-2 8 5 7 1 22-9h7l5-1v-1l25-3 1 2 5 2v1h11l2 1 8-4h3l-1 1h11l10-6 6 3 9-1 4-1 1 1 1-2 6-1 1-1 10-2h2l7-5v1h4l3-1c11 0 23 2 34-3 2-2 7 0 10 0l12 1 4 1 9 2 12-1 11-3 11 1h4l10-6 17 1 2 1c9 2 19-3 22-11l1-1 9 1 15-5c3-1 9 4 9-5 5 0 5 3 5 7l2 3 4-1 4-2 9-4 3-3h3l8-4 6-3 26 2 7-4h18l7 1c10 3 13-6 17-12l8 4 3-1 14-3 15-2a38 38 0 01-5-1l-8-4 7-8 8-4-10-136-922 71 16 205z\"/>\n        <path d=\"M-36 193l9-5 13 1 2-2 5 1h8l1-1 42-5h7l7 3v1l12-2a9328 9328 0 0129-6l2-5 12 1 6-2 3 1 2 1v-2l13-2v1l4 2 7-1h1l17-3 1 2 4-1 18-7 3-1 4-1h9l13-1 1-4 3-2 13 1v2l22-2 10-3h6l10 5 16-5 15-3 2-1 8-4 6-2 12-1 7-2 8 5 7 1 22-9h7l5-1v-1l25-3 1 2 5 2v1h11l2 1 8-4h3l-1 1h9a6 6 0 002 0l10-6 6 3 9-1 4-1a6 6 0 001 1l1-2 6-1 1-1 10-2h2l7-5v1h4l3-1c11 0 23 2 34-3 2-2 7 0 10 0l12 1 4 1 9 2 12-1 11-3 11 1h4l10-6 17 1 2 1c9 2 19-3 22-11l1-1 9 1 15-5c3-1 9 4 9-5 5 0 5 3 5 7l2 3 4-1 4-2 9-4 3-3h3l8-4 6-3 26 2 7-4h18l7 1c10 3 13-6 17-12l8 4 3-1 14-3 15-2a37 37 0 01-5-1l-8-4 7-8 8-4-10-136-922 71 16 205z\"/>\n      </svg>\n    </div>\n    <div class=\"container\">\n      <div class=\"content\">\n        <a href=\"https://twitter.com\" title=\"X logo\">\n          <svg viewBox=\"0 0 24 24\" aria-hidden=\"true")
stack traceback:
	...nsions/collapse-social-embeds/collapse-social-embeds.lua:143: in function <...nsions/collapse-social-embeds/collapse-social-embeds.lua:131>
	[C]: in ?
	[C]: in method 'walk'
	...nsions/collapse-social-embeds/collapse-social-embeds.lua:242: in function <...nsions/collapse-social-embeds/collapse-social-embeds.lua:236>
	[C]: in ?
	[C]: in method 'walk'
	/opt/quarto/share/pandoc/datadir/_utils.lua:607: in function '_utils.walk'
	/opt/quarto/share/filters/main.lua:574: in local 'checked_walk'
	/opt/quarto/share/filters/main.lua:629: in function 'run_emulated_filter'
	/opt/quarto/share/filters/main.lua:1317: in local 'callback'
	[string "if pandoc.system.os == "mingw32" then..."]:778: in field 'withScriptFile'
	/opt/quarto/share/filters/main.lua:1333: in upvalue 'run_emulated_filter_chain'
	/opt/quarto/share/filters/main.lua:1371: in function </opt/quarto/share/filters/main.lua:1368>
stack traceback:
	...nsions/collapse-social-embeds/collapse-social-embeds.lua:242: in function <...nsions/collapse-social-embeds/collapse-social-embeds.lua:236>
	[C]: in ?
	[C]: in method 'walk'
	/opt/quarto/share/pandoc/datadir/_utils.lua:607: in function '_utils.walk'
	/opt/quarto/share/filters/main.lua:574: in local 'checked_walk'
	/opt/quarto/share/filters/main.lua:629: in function 'run_emulated_filter'
	/opt/quarto/share/filters/main.lua:1317: in local 'callback'
	[string "if pandoc.system.os == "mingw32" then..."]:778: in field 'withScriptFile'
	/opt/quarto/share/filters/main.lua:1333: in upvalue 'run_emulated_filter_chain'
	/opt/quarto/share/filters/main.lua:1371: in function </opt/quarto/share/filters/main.lua:1368>
stack traceback:
	/opt/quarto/share/pandoc/datadir/_utils.lua:607: in function '_utils.walk'
	/opt/quarto/share/filters/main.lua:574: in local 'checked_walk'
	/opt/quarto/share/filters/main.lua:629: in function 'run_emulated_filter'
	/opt/quarto/share/filters/main.lua:1317: in local 'callback'
	[string "if pandoc.system.os == "mingw32" then..."]:778: in field 'withScriptFile'
	/opt/quarto/share/filters/main.lua:1333: in upvalue 'run_emulated_filter_chain'
	/opt/quarto/share/filters/main.lua:1371: in function </opt/quarto/share/filters/main.lua:1368>

(WARN) Error encountered when rendering files

