Cloning into 'repo'...
pandoc 
  to: html
  output-file: example_all_false.html
  standalone: true
  self-contained: true
  section-divs: true
  html-math-method: mathjax
  wrap: none
  default-image-extension: png
  variables: {}
  
metadata
  document-css: false
  link-citations: true
  lang: en
  title: Collapse-callout Example
  author: Shafayet Khan Shafee
  date: 26 Oct, 2022
  date-modified: last-modified
  date-format: DD MMM, YYYY
  collapse-callout:
    all: false
  callout-appearance: simple
  callout-icon: true
  
Output created: example_all_false.html

pandoc 
  to: html
  output-file: example_all_true.html
  standalone: true
  self-contained: true
  section-divs: true
  html-math-method: mathjax
  wrap: none
  default-image-extension: png
  variables: {}
  
metadata
  document-css: false
  link-citations: true
  lang: en
  title: Collapse-callout Example
  author: Shafayet Khan Shafee
  date: 26 Oct, 2022
  date-modified: last-modified
  date-format: DD MMM, YYYY
  collapse-callout:
    all: true
  callout-appearance: simple
  callout-icon: true
  
Output created: example_all_true.html

pandoc 
  to: html
  output-file: example_specific.html
  standalone: true
  self-contained: true
  section-divs: true
  html-math-method: mathjax
  wrap: none
  default-image-extension: png
  variables: {}
  
metadata
  document-css: false
  link-citations: true
  lang: en
  title: Collapse-callout Example
  author: Shafayet Khan Shafee
  date: 26 Oct, 2022
  date-modified: last-modified
  date-format: DD MMM, YYYY
  collapse-callout:
    tip: true
    note: false
    warning: false
    caution: true
  callout-appearance: minimal
  callout-icon: false
  
Output created: example_specific.html

