pandoc 

  to: html
  output-file: example.html
  standalone: true
  section-divs: true
  html-math-method: mathjax
  wrap: none
  default-image-extension: png
  variables: {}
  

metadata

  document-css: false
  link-citations: true
  date-format: long
  lang: en
  engines:
    - path: /opt/quarto/share/extension-subtrees/julia-engine/_extensions/julia-engine/julia-engine.js
  title: Collapse-social-embeds Example
  author: Shafayet Khan Shafee
  date: last-modified
  

Error running filter /opt/qu
arto/share/filters/main.lua:
Could not fetch https://publish.twitter.com/oembed?url=https://twitter.com/pandoc_tips/status/1576105972103516160&align=center
HttpExceptionRequest Request {
  host                 = "publish.twitter.com"
  port          
       = 443
  secure               = True
  requestHeaders       = []
  path     
            = "/oembed"
  queryString          = "?url=h
ttps://twitter.com/pandoc_tips/status/15761059721035
16160&align=center"
  method               = "GET
"
  proxy                = Nothing
  rawBod
y              = False
  redirectCount  
      = 10
  responseTimeout   
   = ResponseTimeoutDefault
  requestVersion       = H
TTP/1.1
  proxySecureMode      = ProxySecure
WithConnect
}
 (StatusCodeException (Response {res
ponseStatus = Status {statusCode
 = 404, statusMessage = "N
ot Found"}, responseVer
sion = HTTP/1.1, respo
nseHeaders = [("Date",
"Sun, 22 Mar 2026 18:0
8:55 GMT"),("Content-T
ype","text/html;charse
t=utf-8"),("Transfer-E
ncoding","chunked"),(
"Connection","keep-ali
ve"),("perf","74028271
04"),("Server","cloudfl
are envoy"),("Set-Cook
ie","guest_id_marketi
ng=v1%3A17742029349388
8326; Max-Age=6307200
0; Expires=Tue, 21 Ma
r 2028 18:08:55 GMT; P
ath=/; Domain=.twitte
r.com; Secure; SameSite=
None"),("Set-Cookie","gue
st_id_ads=v1%3A17742029
3493888326; Max-Age=63
072000; Expires=Tue, 2
1 Mar 2028 18:08:55 G
MT; Path=/; Domain=.t
witter.com; Secure; Sa
meSite=None"),("Set-C
ookie","personalization_
id=\"v1_IIoPXiIPaIG2IE
FSQe4AWA==\"; Max-Age=6
3072000; Expires=Tue, 2
1 Mar 2028 18:08:55 GMT
; Path=/; Domain=.twit
ter.com; Secure; SameSi
te=None"),("Set-Cookie","guest_id=v1%3A1774
20293493888326; Max-Age=63072000; Expires=Tue, 21 Mar 2028 1
8:08:55 GMT; Path=/; Domain=.twitter.co
m; Secure; SameSite=None"
),("set-cookie","__cf_
bm=sKeNlu0uVb5NYndF8P1ILr0wZQZ4QxGb
L2VMatDHINw-1774202934.9135532-1.0.1.1-
65IZnb3mb6uxvSoPUAR2dnnLX55quCI9viGsGrt54FCJWx
fUAN4CCt73rD5EEpAPpTUZX8h7
R7KfuhhvikVVS55NeLvUwjL
ihA8Uj_pxWfJX28bwNvGyrXrUrxdB
a3QM; HttpOnly; Secure; Path=
/; Domain=twitter.com;
 Expires=Sun, 22 Mar 2
026 18:38:55 GMT"),("C
ache-Control","max-ag
e=0, no-cache, no-stor
e"),("x-frame-options
","SAMEORIGIN"),("x-transaction-id"
,"ccabd3337c2c0eec"),("x-xss-protection","0"),(
"content-disposition","attachment; filename=json.j
son"),("x-content-type-options
","nosniff"),("content
-security-policy","default-src 'none'; img-src 
https://abs.twimg.com; script-src https:
//abs.twimg.com about:; s
tyle-src https://abs.twim
g.com 'unsafe-inli
ne'; font-src https:
//abs.twimg.com https:
//twitter.com; connec
t-src 'none'; object-s
rc 'none'; media-src 
'none'; frame-src 'no
ne'; report-uri https:
//twitter.com/i/csp_rep
ort?a=ORTGK%3D%3D%3D&r
o=false"),("vary","acc
ept-encoding"),("x-res
ponse-time","79"),("or
igin-cf-ray","9e0724f7
3e3ed6c9-IAD"),("strict
-transport-security","m
ax-age=631138519; inc
ludeSubdomains"),("x-se
rved-by","t4_a"),("cf-
cache-status","DYNAMI
C"),("Content-Encoding
","gzip"),("CF-RAY","
9e0724f73e3ed6c9-IAD"
)], responseBody = (),
 responseCookieJar = 
CJ {expose = [Cookie 
{cookie_name = "__cf_bm"
, cookie_value = "sKe
Nlu0uVb5NYndF8P1ILr0w
ZQZ4QxGbL2VMatD
HINw-17
74202934.9135532-1.0.1.1-65IZn
b3mb6uxvSoPUAR2dnnLX55q
uCI9viGsGrt54FCJWxfUA
N4CCt73rD5EEpAPpTUZX8
h7R7KfuhhvikVVS55NeLvU
wjLihA8Uj_pxWfJX28bwN
vGyrXrUrxdBa3QM", co
okie_expiry_time = 30
25-07-23 00:00:00 UTC
, cookie_domain = "twi
tter.com", cookie_pat
h = "/", cookie_creat
ion_time = 2026-03-22
 18:08:55.020589024 U
TC, cookie_last_acces
s_time = 2026-03-22 1
8:08:55.020589024 UTC, cook
ie_persistent = False, co
okie_host_only = False, cookie_secure_only = True, cookie_http_only = True},Cookie {cookie_name = "guest_id", cookie_value = "v1%3A177420293493888326", cookie_expiry_time = 2028-03-21 18:08:55.020589024 UTC, cookie_domain = "twitter.com", cookie_path = "/", cookie_creation_time = 2026-03-22 18:08:55.020589024 UTC, cookie_last_access_time = 2026-03-22 18:08:55.020589024 UTC, cookie_persistent = True, cookie_host_only = False, cookie_secure_only = True, cookie_http_only = False},Cookie {cookie_name = "personalization_id", cookie_value = "v1_IIoPXiIPaIG2IEFSQe4AWA==", cookie_expiry_time = 2028-03-21 18:08:55.020589024 UTC, cookie_domain = "twitter.com", cookie_path = "/", cookie_creation_time = 2026-03-22 18:08:55.020589024 UTC, cookie_last_access_time = 2026-03-22 18:08:55.020589024 UTC, cookie_persistent = True, cookie_host_only = False, cookie_secure_only = True, cookie_http_only = False},Cookie {cookie_name = "guest_id_ads", cookie_value = "v1%3A177420293493888326", cookie_expiry_time = 2028-03-21 18:08:55.020589024 UTC, cookie_domain = "twitter.com", cookie_path = "/", cookie_creation_time = 2026-03-22 18:08:55.020589024 UTC, cookie_last_access_time = 2026-03-22 18:08:55.020589024 UTC, cookie_persistent = True, cookie_host_only = False, cookie_secure_only = True, cookie_http_only = False},Cookie {cookie_name = "guest_id_marketing", cookie_value = "v1%3A177420293493888326", cookie_expiry_time = 2028-03-21 18:08:55.020589024 UTC, cookie_domain = "twitter.com", cookie_path = "/", cookie_creation_time = 2026-03-22 18:08:55.020589024 UTC, cookie_last_access_time = 2026-03-22 18:08:55.020589024 UTC, cookie_persistent = True, cookie_host_only = False, cookie_secure_only = True, cookie_http_only = False}]}, responseClose' = ResponseClose, responseOriginalRequest = Request {
  host                 = "publish.twitter.com"
  port                 = 443
  secure               = True
  requestHeaders       = []
  path                 = "/oembed"
  queryString          = "?url=https://twitter.com/pandoc_tips/status/1576105972103516160&align=center"
  method               = "GET"
  proxy                = Nothing
  rawBody              = False
  redirectCount        = 10
  responseTimeout      = ResponseTimeoutDefault
  requestVersion       = HTTP/1.1
  proxySecureMode      = ProxySecureWithConnect
}
, responseEarlyHints = []}) "<!DOCTYPE html>\n<html lang=\"en\" class=\"dog\">\n  <head>\n    <meta http-equiv=\"Content-Type\" content=\"text/html; charset=utf-8\">\n    <meta name=\"viewport\" content=\"width=device-width, initial-scale=1.0\">\n    <title>X / ?</title>\n    <meta name=\"version\" content=\"1\">\n    <link href=\"https://abs.twimg.com/favicons/twitter.3.ico\" rel=\"shortcut icon\" type=\"image/x-icon\">\n    <link rel=\"stylesheet\" href=\"https://abs.twimg.com/errors/fullscreen_errors-047ca1475a6efac7c9c89a9ff92b7a20.css\">\n  </head>\n  <body dir=\"auto\">\n    <div class=\"top\">\n      <svg xmlns=\"http://www.w3.org/2000/svg\" viewBox=\"0 0 1519 200\">\n        <defs/>\n        <path d=\"M708 103l9-5 13 1 2-2 5 1h8l1-1 42-5h7l7 3v1l12-2a9368 9368 0 0129-6l2-5 12 1 6-2 3 1 2 1v-2l13-2v1l4 2 7-1h1l17-3 1 2 4-1 18-7 3-1 4-1h9l13-1 1-4 3-2 13 1v2l22-2 10-3h6l10 5 16-5 15-3 2-1 8-4 6-2 12-1 7-2 8 5 7 1 22-9h7l5-1v-1l25-3 1 2 5 2v1h11l2 1 8-4h3l-1 1h11l10-6 6 3 9-1 4-1 1 1 1-2 6-1 1-1 10-2h2l7-5v1h4l3-1c11 0 23 2 34-3 2-2 7 0 10 0l12 1 4 1 9 2 12-1 11-3 11 1h4l10-6 17 1 2 1c9 2 19-3 22-11l1-1 9 1 15-5c3-1 9 4 9-5 5 0 5 3 5 7l2 3 4-1 4-2 9-4 3-3h3l8-4 6-3 26 2 7-4h18l7 1c10 3 13-6 17-12l8 4 3-1 14-3 15-2a38 38 0 01-5-1l-8-4 7-8 8-4-10-136-922 71 16 205z\"/>\n        <path d=\"M-36 193l9-5 13 1 2-2 5 1h8l1-1 42-5h7l7 3v1l12-2a9328 9328 0 0129-6l2-5 12 1 6-2 3 1 2 1v-2l13-2v1l4 2 7-1h1l17-3 1 2 4-1 18-7 3-1 4-1h9l13-1 1-4 3-2 13 1v2l22-2 10-3h6l10 5 16-5 15-3 2-1 8-4 6-2 12-1 7-2 8 5 7 1 22-9h7l5-1v-1l25-3 1 2 5 2v1h11l2 1 8-4h3l-1 1h9a6 6 0 002 0l1")
stack traceback:
	...nsions/collapse-social-embeds/collapse-social-embeds.lua:143: in function <...nsions/collapse-social-embeds/collapse-social-embeds.lua:131>
	[C]: in ?
	[C]: in method 'walk'
	...nsions/collapse-social-embeds/collapse-social-embeds.lua:242: in function <...nsions/collapse-social-embeds/collapse-social-embeds.lua:236>
	[C]: in ?
	[C]: in method 'walk'
	/opt/quarto/share/pandoc/datadir/_utils.lua:607: in function '_utils.walk'
	/opt/quarto/share/filters/main.lua:574: in local 'checked_walk'
	/opt/quarto/share/filters/main.lua:629: in function 'run_emulated_filter'
	/opt/quarto/share/filters/main.lua:1317: in local 'callback'
	[string "if pandoc.system.os == "mingw32" then..."]:778: in field 'withScriptFile'
	/opt/quarto/share/filters/main.lua:1333: in upvalue 'run_emulated_filter_chain'
	/opt/quarto/share/filters/main.lua:1371: in function </opt/quarto/share/filters/main.lua:1368>
stack traceback:
	...nsions/collapse-social-embeds/collapse-social-embeds.lua:242: in function <...nsions/collapse-social-embeds/collapse-social-embeds.lua:236>
	[C]: in ?
	[C]: in method 'walk'
	/opt/quarto/share/pandoc/datadir/_utils.lua:607: in function '_utils.walk'
	/opt/quarto/share/filters/main.lua:574: in local 'checked_walk'
	/opt/quarto/share/filters/main.lua:629: in function 'run_emulated_filter'
	/opt/quarto/share/filters/main.lua:1317: in local 'callback'
	[string "if pandoc.system.os == "mingw32" then..."]:778: in field 'withScriptFile'
	/opt/quarto/share/filters/main.lua:1333: in upvalue 'run_emulated_filter_chain'
	/opt/quarto/share/filters/main.lua:1371: in function </opt/quarto/share/filters/main.lua:1368>
stack traceback:
	/opt/quarto/share/pandoc/datadir/_utils.lua:607: in function '_utils.walk'
	/opt/quarto/share/filters/main.lua:574: in local 'checked_walk'
	/opt/quarto/share/filters/main.lua:629: in function 'run_emulated_filter'
	/opt/quarto/share/filters/main.lua:1317: in local 'callback'
	[string "if pandoc.system.os == "mingw32" then..."]:778: in field 'withScriptFile'
	/opt/quarto/share/filters/main.lua:1333: in upvalue 'run_emulated_filter_chain'
	/opt/quarto/share/filters/main.lua:1371: in function </opt/quarto/share/filters/main.lua:1368>

(WARN) Error encountered when rendering files

