Cloning into 'repo'...
/usr/local/bin/tlmgr: open(>/opt/tinytex/tlpkg/texlive.tlpdb.tmp) failed: Permission denied at /opt/tinytex/tlpkg/TeXLive/TLPDB.pm line 611.
CTAN mirror https://ctan.math.utah.edu/ctan/tex-archive/systems/texlive/tlnet failed, trying next...
/usr/local/bin/tlmgr: open(>/opt/tinytex/tlpkg/texlive.tlpdb.tmp) failed: Permission denied at /opt/tinytex/tlpkg/TeXLive/TLPDB.pm line 611.
CTAN mirror https://ctan.math.illinois.edu/systems/texlive/tlnet failed, trying next...
/usr/local/bin/tlmgr: open(>/opt/tinytex/tlpkg/texlive.tlpdb.tmp) failed: Permission denied at /opt/tinytex/tlpkg/TeXLive/TLPDB.pm line 611.
CTAN mirror https://mirrors.rit.edu/CTAN/systems/texlive/tlnet failed, trying next...
/usr/local/bin/tlmgr: open(>/opt/tinytex/tlpkg/texlive.tlpdb.tmp) failed: Permission denied at /opt/tinytex/tlpkg/TeXLive/TLPDB.pm line 611.
CTAN mirror https://mirror.ctan.org/systems/texlive/tlnet failed, trying next...
All CTAN mirrors failed. LaTeX packages may not install.
[1/4] index.qmd

Starting python3 kernel...Done

Executing 'index.quarto_ipynb'

(E) Error running 'shinylive' command. Perhaps you need to install / update the 'shinylive' Python package?
 Error:
 PandocError {}
Error running filter /opt/quarto/share/filters/main.lua:
...t-13/repo/_extensions/quarto-ext/shinylive/shinylive.lua:40: Error running 'shinylive' command. Perhaps you need to install / update the 'shinylive' Python package?

stack traceback:
	...t-13/repo/_extensions/quarto-ext/shinylive/shinylive.lua:40: in global 'throw_quarto_error'
	...t-13/repo/_extensions/quarto-ext/shinylive/shinylive.lua:57: in global 'callPythonShinylive'
	...t-13/repo/_extensions/quarto-ext/shinylive/shinylive.lua:111: in global 'callShinylive'
	...t-13/repo/_extensions/quarto-ext/shinylive/shinylive.lua:253: in global 'ensurePyshinyliveVersion'
	...t-13/repo/_extensions/quarto-ext/shinylive/shinylive.lua:312: in global 'ensureLanguageSetup'
	...t-13/repo/_extensions/quarto-ext/shinylive/shinylive.lua:424: in function <...t-13/repo/_extensions/quarto-ext/shinylive/shinylive.lua:408>
	[C]: in ?
	[C]: in method 'walk'
	/opt/quarto/share/pandoc/datadir/_utils.lua:607: in function '_utils.walk'
	/opt/quarto/share/filters/main.lua:574: in local 'checked_walk'
	/opt/quarto/share/filters/main.lua:629: in function 'run_emulated_filter'
	/opt/quarto/share/filters/main.lua:1317: in local 'callback'
	[string "if pandoc.system.os == "mingw32" then..."]:778: in field 'withScriptFile'
	/opt/quarto/share/filters/main.lua:1333: in upvalue 'run_emulated_filter_chain'
	/opt/quarto/share/filters/main.lua:1371: in function </opt/quarto/share/filters/main.lua:1368>
stack traceback:
	/opt/quarto/share/pandoc/datadir/_utils.lua:607: in function '_utils.walk'
	/opt/quarto/share/filters/main.lua:574: in local 'checked_walk'
	/opt/quarto/share/filters/main.lua:629: in function 'run_emulated_filter'
	/opt/quarto/share/filters/main.lua:1317: in local 'callback'
	[string "if pandoc.system.os == "mingw32" then..."]:778: in field 'withScriptFile'
	/opt/quarto/share/filters/main.lua:1333: in upvalue 'run_emulated_filter_chain'
	/opt/quarto/share/filters/main.lua:1371: in function </opt/quarto/share/filters/main.lua:1368>
WARN: Error encountered when rendering files
Render failed, retrying once...
[1/4] index.qmd

Starting python3 kernel...Done

Executing 'index.quarto_ipynb'

(E) Error running 'shinylive' command. Perhaps you need to install / update the 'shinylive' Python package?
 Error:
 PandocError {}
Error running filter /opt/quarto/share/filters/main.lua:
...t-13/repo/_extensions/quarto-ext/shinylive/shinylive.lua:40: Error running 'shinylive' command. Perhaps you need to install / update the 'shinylive' Python package?

stack traceback:
	...t-13/repo/_extensions/quarto-ext/shinylive/shinylive.lua:40: in global 'throw_quarto_error'
	...t-13/repo/_extensions/quarto-ext/shinylive/shinylive.lua:57: in global 'callPythonShinylive'
	...t-13/repo/_extensions/quarto-ext/shinylive/shinylive.lua:111: in global 'callShinylive'
	...t-13/repo/_extensions/quarto-ext/shinylive/shinylive.lua:253: in global 'ensurePyshinyliveVersion'
	...t-13/repo/_extensions/quarto-ext/shinylive/shinylive.lua:312: in global 'ensureLanguageSetup'
	...t-13/repo/_extensions/quarto-ext/shinylive/shinylive.lua:424: in function <...t-13/repo/_extensions/quarto-ext/shinylive/shinylive.lua:408>
	[C]: in ?
	[C]: in method 'walk'
	/opt/quarto/share/pandoc/datadir/_utils.lua:607: in function '_utils.walk'
	/opt/quarto/share/filters/main.lua:574: in local 'checked_walk'
	/opt/quarto/share/filters/main.lua:629: in function 'run_emulated_filter'
	/opt/quarto/share/filters/main.lua:1317: in local 'callback'
	[string "if pandoc.system.os == "mingw32" then..."]:778: in field 'withScriptFile'
	/opt/quarto/share/filters/main.lua:1333: in upvalue 'run_emulated_filter_chain'
	/opt/quarto/share/filters/main.lua:1371: in function </opt/quarto/share/filters/main.lua:1368>
stack traceback:
	/opt/quarto/share/pandoc/datadir/_utils.lua:607: in function '_utils.walk'
	/opt/quarto/share/filters/main.lua:574: in local 'checked_walk'
	/opt/quarto/share/filters/main.lua:629: in function 'run_emulated_filter'
	/opt/quarto/share/filters/main.lua:1317: in local 'callback'
	[string "if pandoc.system.os == "mingw32" then..."]:778: in field 'withScriptFile'
	/opt/quarto/share/filters/main.lua:1333: in upvalue 'run_emulated_filter_chain'
	/opt/quarto/share/filters/main.lua:1371: in function </opt/quarto/share/filters/main.lua:1368>
WARN: Error encountered when rendering files
