pandoc 

  to: latex
  output-file: template.tex
  template: _extensions/aaai2026/aaai2026-template.latex
  standalone: true
  pdf-engine: pdflatex
  variables:
    graphics: true
    tables: true
    secnumdepth: 2
  default-image-extension: pdf
  number-sections: true
  cite-method: natbib
  

metadata

  block-headings: true
  number-depth: 2
  biblio-style: aaai2026.bst
  fig-cap-location: bottom
  tbl-cap-location: bottom
  engines:
    - path: /opt/quarto/share/extension-subtrees/julia-engine/_extensions/julia-engine/julia-engine.js
  title: Example article for AAAI 2026 using Quarto
  author:
    - name: Max Mustermann
      orcid: 0000-0000-0000-0000
      email: name@example.com
      affiliation:
        - ref: 1
    - name: Author Two
      orcid: 0000-0000-0000-0001
      email: name2@example.com
      affiliation:
        - ref: 1
  affiliations:
    - id: 1
      name: Association for the Advancement of Artificial Intelligence
      department: Data Science and its Applications
      address: 1101 Pennsylvania Ave, NW Suite 300
      city: Washington
      country: USA
      state: DC
      url: https://aaai.org
  abstract: |
    AAAI creates proceedings, working notes, and technical reports directly from electronic source furnished by the authors. To ensure that all papers in the publication have a uniform appearance, authors must adhere to the following instructions.
  links:
    - name: Code
      url: https://aaai.org/example/code
    - name: Datasets
      url: https://aaai.org/example/datasets
  keywords:
    - template
    - demo
  bibliography:
    - bibliography.bib
  header-includes:
    - \usepackage{amsmath,amssymb}
    - \usepackage{booktabs}
  

Error running filter /opt/
quarto/share/filters/main.lua:
Could not fetch https://upload.wikimedia.org/wikipedia/commons/f/ff/AAAI_Conference.png
HttpExceptionRequest Request {
  host                 = "upload.wikimedia.org"
  port                 = 443
  s
ecure               = True
  requestHeaders       = []
  path                 = "/wikipedi
a/commons/f/ff/AAAI_Conference.png"
  queryString          = ""
 
 method               = "GET"
  proxy                = Not
hing
  rawBody              = False
  redirectCoun
t        = 10
  responseTimeout      = ResponseTimeoutDefault
  requestV
ersion       = HTTP/1.1
  proxySecureMode      =
 ProxySecureWithConnect
}
 (StatusCodeException (Response {r
esponseStatus = Status {statusCod
e = 403, statusMessage = "F
orbidden"}, responseVersio
n = HTTP/1.1, response
Headers = [("content-length","126
"),("content-type","text/p
lain"),("x-request-id","08
f58a7c-ab3f-4429-af8e-2add
c4367915"),("server","HA
Proxy"),("x-cache","cp405
0 int"),("x-cache-status",
"int-tls"),("x-analytics"
,"")], responseBody = (),
 responseCookieJar = CJ {
expose = []}, responseClo
se' = ResponseClose, resp
onseOriginalRequest = Req
uest {
  host            
     = "upload.wikimedia
.org"
  port                
 = 443
  secure               =
 True
  requestHeaders   
    = []
  path           
      = "/wikipedia/commo
ns/f/ff/AAAI_Conference.pn
g"
  queryString         
 = ""
  method           
    = "GET"
  proxy       
         = Nothing
  rawBody   
           = False
  redir
ectCount        = 10
  responseTim
eout      = ResponseTimeout
Default
  requestVersion 
      = HTTP/1.1
  proxyS
ecureMode      = ProxySec
ureWithConnect
}
, responseEarlyH
ints = []}) "Please set a 
user-agent and respect ou
r robot policy https://w.wiki/4wJS. See also https://phabricator.wikimedia.org/T400119.\n")
stack traceback:
	.../share/pandoc/datadir/../../filters/modules/mediabag.lua:29: i
n function 'modules/mediabag.fetch_and_s
tore_image'
	.../share/pandoc/datadir/.
./../filters/modules/mediabag
.lua:72: in function 'modules/med
iabag.resolve_image_from_u
rl'
	(...tail calls...)
	/opt/quar
to/share/filters/main.lua:2930: in loca
l 'fn'
	...uarto/share/pand
oc/datadir/../../filters
/modules/jog.lua:34: in 
upvalue 'run_filter_funct
ion'
	...uarto/share/pa
ndoc/datadir/../../filte
rs/modules/jog.lua:223: i
n function <...uarto/shar
e/pandoc/datadir/../../
filters/modules/jog.lua:202>
	
(...tail calls...)
	[C]: in functi
on 'tmap'
	...uarto/share/p
andoc/datadir/../../filters/mo
dules/jog.lua:125: in upv
alue 'recurse'
	...uarto/share/p
andoc/datadir/../../filters/modules
/jog.lua:222: in local 'jogger'

	...uarto/share/pandoc/da
tadir/../../filters/modules/jog.
lua:98: in upvalue 'recurse'
	...
uarto/share/pandoc/datadi
r/../../filters/modules/
jog.lua:222: in function
 <...uarto/share/pandoc/d
atadir/../../filters/mo
dules/jog.lua:202>
	(...t
ail calls...)
	...	(skip
ping 2 levels)
	...uarto
/share/pandoc/datadir/.
./../filters/modules/jog.lua:
111: in upvalue 'recurse'
	.
..uarto/share/pandoc/dat
adir/../../filters/module
s/jog.lua:222: in funct
ion <...uarto/share/pan
doc/datadir/../../filter
s/modules/jog.lua:202>

	(...tail calls...)
	[C]
: in function 'tmap'
	...
uarto/share/pandoc/datad
ir/../../filters/module
s/jog.lua:125: in upvalue
 'recurse'
	...uarto/sha
re/pandoc/datadir/../../
filters/modules/jog.lua:
222: in local 'jogger'
	
...uarto/share/pandoc/data
dir/../../filters/modules/jog
.lua:171: in upvalue 'rec
urse'
	...uarto/share/pa
ndoc/datadir/../../filters/modules/
jog.lua:222: in function 
<...uarto/share/pandoc/d
atadir/../../filters/modu
les/jog.lua:202>
	(...t
ail calls...)
	/opt/quar
to/share/filters/main.lua
:574: in function </opt/
quarto/share/filters/ma
in.lua:552>
	(...tail ca
lls...)
	/opt/quarto/sha
re/filters/main.lua:1317:
 in local 'callback'
	/opt/qua
rto/share/filters/main.lua:1335: in upval
ue 'run_emulated_filter_ch
ain'
	/opt/quarto/share/filters/mai
n.lua:1371: in function </opt/quar
to/share/filters/main.lu
a:1368>

(WARN) Error encountered when rendering files

