pandoc 

  to: latex
  output-file: template.tex
  template: _extensions/aaai2026/aaai2026-template.latex
  standalone: true
  pdf-engine: pdflatex
  variables:
    graphics: true
    tables: true
    secnumdepth: 2
  default-image-extension: pdf
  number-sections: true
  cite-method: natbib
  

metadata

  block-headings: true
  number-depth: 2
  biblio-style: aaai2026.bst
  fig-cap-location: bottom
  tbl-cap-location: bottom
  engines:
    - path: /opt/quarto/share/extension-subtrees/julia-engine/_extensions/julia-engine/julia-engine.js
  title: Example article for AAAI 2026 using Quarto
  author:
    - name: Max Mustermann
      orcid: 0000-0000-0000-0000
      email: name@example.com
      affiliation:
        - ref: 1
    - name: Author Two
      orcid: 0000-0000-0000-0001
      email: name2@example.com
      affiliation:
        - ref: 1
  affiliations:
    - id: 1
      name: Association for the Advancement of Artificial Intelligence
      department: Data Science and its Applications
      address: 1101 Pennsylvania Ave, NW Suite 300
      city: Washington
      country: USA
      state: DC
      url: https://aaai.org
  abstract: |
    AAAI creates proceedings, working notes, and technical reports directly from electronic source furnished by the authors. To ensure that all papers in the publication have a uniform appearance, authors must adhere to the following instructions.
  links:
    - name: Code
      url: https://aaai.org/example/code
    - name: Datasets
      url: https://aaai.org/example/datasets
  keywords:
    - template
    - demo
  bibliography:
    - bibliography.bib
  header-includes:
    - \usepackage{amsmath,amssymb}
    - \usepackage{booktabs}
  

Error running filter /opt/quarto/sh
are/filters/main.lua:
Could not fetch https://upload.wikimedia.org/wikipedia/commons/f/ff/AAAI_Conference.png
HttpExceptionRequest Request {
  host                 = "upload.wikimedia.org"
  port                 = 443
  secure               = True
  requestHeaders       = []
  path                 = "/wikipedia/commons/f/ff/AAAI_Con
ference.png"
  queryString          = ""
  method               = "GET"
  proxy                = Nothing

  rawBody              = False
  redirectCount        
= 10
  responseTimeout      = ResponseTimeoutDefault
  req
uestVersion       = HTTP/1.1
  proxySecureMode  
    = ProxySecureWithConnect
}
 (StatusCodeException (Response {
responseStatus = Status {statusCode = 403, statusMessage = "Forbidd
en"}, responseVersion = HTTP/1.1, responseHeaders = [("content-length","126"),("content-type
","text/plain"),("x-request-id","eb1af4a1-2e1a
-4b1a-9c0e-8661ec969ff5"),("server"
,"HAProxy"),("x-cache","cp4050 i
nt"),("x-cache-status","int-tls")
,("x-analytics","")], responseB
ody = (), responseCookieJar = 
CJ {expose = []}, responseClos
e' = ResponseClose, responseOr
iginalRequest = Request {
  ho
st                 = "upload.w
ikimedia.org"
  port          
       = 443
  secure          
     = True
  requestHeaders     
  = []
  path                 = "
/wikipedia/commons/f/ff/AAAI_Co
nference.png"
  queryString    
      = ""
  method           
    = "GET"
  proxy            
    = Nothing
  rawBody      
        = False
  redirectCount        =
 10
  responseTimeout      = Resp
onseTimeoutDefault
  requestVe
rsion       = HTTP/1.1
  proxyS
ecureMode      = ProxySecureW
ithConnect
}
, responseEarlyH
ints = []}) "Please set a user-
agent and respect our robot p
olicy https://w.wiki/4wJS. See
 also https://phabricator.wik
imedia.org/T400119.\n")
stack trace
back:
	.../share/pandoc/datadir
/../../filters/modules/mediabag.lua:29: in
 function 'modules/mediabag.fetc
h_and_store_image'
	.../share/
pandoc/datadir/../../filters/m
odules/mediabag.lua:72: in func
tion 'modules/mediabag.resolve
_image_from_url'
	(...tail ca
lls...)
	/opt/quarto/share/fil
ters/main.lua:2930: in local 'fn'
	...uar
to/share/pandoc/datadir/../../filters/modules/jog.lua:34: in upvalue 'run_filter_function'
	...uarto/share/pandoc/datadir/../../filters/modules/jog.lua:223: in function <...uarto/share/pandoc/datadir/../.
./filters/modules/jog.lua:202>
	(...tail calls...)
	[C]: in function 'tmap'
	
...uarto/share/pandoc/datadir/../../filters/modules/jog.lua
:125: in upvalue 'recurse'
	...uart
o/share/pandoc/datadir/../../filters/modules/jog.lua:22
2: in local 'jogger'
	...uarto/share/pandoc/datadir/../../f
ilters/modules/jog.lua:98: in upvalue 'recurse'
	...uarto/s
hare/pandoc/datadir/../../filter
s/modules/jog.lua:222: in fun
ction <...uarto/share/pandoc/d
atadir/../../filters/modules/jo
g.lua:202>
	(...tail calls...)
	...	(skipping 2 lev
els)
	...uarto/share/pandoc/dat
adir/../../filters/modules/jo
g.lua:111: in upvalue 'recurse'
	
...uarto/share/pandoc/datadi
r/../../filters/modules/jog.lua:222: in function <..
.uarto/share/pandoc/datadir/../../filters/modules/jog.lua:202
>
	(...tail calls...)
	[C]: in function 'tmap'
	...uarto/share/pandoc/datadi
r/../../filters/modules/jog.lua:125: in upvalue 
'recurse'
	...uarto/share/pandoc/
datadir/../../filters/modules/jog.lua:222: in local 'jog
ger'
	...uarto/share/pandoc/datadir/../../filters/modules/jog.lua:171: i
n upvalue 'recurse'
	...uarto/share/pandoc
/datadir/../../filters/modules/jog.lua:222: in function <...uarto/share/pandoc/d
atadir/../../filters/modules/jog.lua:202>
	(...tail calls...)
	
/opt/quarto/share/filters/main.lua:
574: in function </opt/quarto/s
hare/filters/main.lua:552>
	(...tail c
alls...)
	/opt/quarto/share/fil
ters/main.lua:1317: in local '
callback'
	/opt/quarto/share/fi
lters/main.lua:1335: in upvalu
e 'run_emulated_filter_chain'

	/opt/quarto/share/filters/ma
in.lua:1371: in function </op
t/quarto/share/filters/main.l
ua:1368>

(WARN) Error encountered when rendering files

