pandoc 

  to: html
  output-file: index.html
  standalone: true
  section-divs: true
  html-math-method: mathjax
  wrap: none
  default-image-extension: png
  toc: true
  variables: {}
  

metadata

  document-css: false
  link-citations: true
  date-format: long
  lang: en
  title: Offcanvas
  subtitle: Quarto Extension
  author:
    - name: Mickaël CANOUIL, _Ph.D._
      orcid: 0000-0002-3396-4549
      url: https://mickael.canouil.fr
  date: today
  extensions:
    offcanvas:
      overtake-margins: true
      placement: end
      width: 450px
      trigger-class: btn btn-sm btn-outline-info
  

Output created: index.html


