pandoc 

  to: html
  output-file: example.html
  standalone: true
  section-divs: true
  html-math-method: mathjax
  wrap: none
  default-image-extension: png
  

metadata

  document-css: false
  link-citations: true
  date-format: long
  lang: en
  title: Collapse-social-embeds Example
  author: Shafayet Khan Shafee
  date: last-modified
  

Error running filter
 /opt/quarto/share/filters/main.lua:
Could not fetch https://publish.twitter.com/oembed?url=https://twitter.com/pandoc_tips/status/1576105972103516160&align=center
HttpExceptionRequest Request {
  host                 = "publish.x.com"
  port                 = 44
3
  secure               = True
  requestHeaders       = []
  path                 =
 "/oembed"
  queryString          = "?url=https://twitte
r.com/pandoc_tips/status/1576105972103516
160&align=center"
  method               = "GET"
  proxy             
   = Nothing
  rawBody              = False
  redi
rectCount        = 10
  responseTimeout      = Resp
onseTimeoutDefault
  requestVersion   
    = HTTP/1.1
  proxySecureMode      = ProxySecureWithConnect
}
 (St
atusCodeException (Response 
{responseStatus = Status {statusCode =
 404, statusMessage = "Not Found
"}, responseVersion = HTTP/1.1, 
responseHeaders = [("Date","Sun
, 12 Jul 2026 21:34:35 GMT"),(
"Content-Type","text/html;charset=utf-8"),(
"Transfer-Encoding","chunked"),("Connection","keep-aliv
e"),("Server","cloudflare envoy")
,("Cache-Control","max-age=0,
 no-cache, no-store"),("x-fra
me-options","SAMEORIGIN"),("
x-xss-protection","0"),("con
tent-disposition","attachmen
t; filename=json.json"),("x-
content-type-options","nosni
ff"),("content-security-pol
icy","default-src 'none'; im
g-src https://abs.twimg.com
; script-src https://abs.twi
mg.com about:; style-src h
ttps://abs.twimg.com 'unsafe
-inline'; font-src https://a
bs.twimg.com https://twitte
r.com; connect-src 'none'; o
bject-src 'none'; media-src
 'none'; frame-src 'none'; r
eport-uri https://twitter.com
/i/csp_report?a=ORTGK%3D%3D%3D&ro=false"),("cf-cache
-status","DYNAMIC"),("Set-Cookie
","guest_id_marketing=v1%3A178
389207596783160; Max-Age=63072000; Exp
ires=Tue, 11 Jul 2028 21:34:35
 GMT; Path=/; Domain=.x.com;
 Secure; SameSite=None"),("Set-Coo
kie","guest_id_ads=v1%3A178389207596783160; Max-Age=63072000; Expires=Tue, 11 Jul 2028 21:34:35 GMT; Path=/; Domain=.x.com; Secure; SameSite=None"),("Set-Cookie","personalization_id=\"v1_9oEGNubLGnvaOQzRf0Ei1g==\"; Max-Age=6307
2000; Expires=Tue, 11 Jul 2028 21:34:35 GMT; Path=
/; Domain=.x.com; Secure; SameSite=None"),("
Set-Cookie","guest_id=v1%3A178389207596783
160; Max-Age=63072000; Expires=Tue,
 11 Jul 2028 21:34:3
5 GMT; Path=/; Domain=.x.com; S
ecure; SameSite=None"),("set-c
ookie","__cf_bm=seJPuUK8q55OxL0n
.a5Hvpn8ksZcm.HL97vHq
wFWlb8-1783892075
.944707-1.0.1.1-z6Np6qsIA
oqBbcYBN8R_nUVPec8Jjx3d1vn_c
2KgWOErv.lQYG1N75Lk5wH00J0
J4FNwvOCylI1xwfftGxQy3Lp7nP
tBVliu_3drFiJ4DrxBqjNmnB5Z
srQBW0I.DZP8; HttpOnly; Se
cure; Path=/; Domain=x.com
; Expires=Sun, 12 Jul 2026 
22:04:35 GMT"),("x-response-
time","14"),("origin-cf-ray
","a1a32c42ae9f4cba-ATL"),("stric
t-transport-security","max-ag
e=631138519; inclu
deSubdomains"),("x-serve
d-by","t4_a"),("vary","acc
ept-encoding"),("Content-Enc
oding","gzip"),("CF-RAY","a
1a32c42ae9f4cba-MSP")], res
ponseBody = (), responseCoo
kieJar = CJ {expose = [Coo
kie {cookie_name = "__cf_b
m", cookie_value = "seJPuUK
8q55OxL0n.a5Hvpn8ksZcm.HL9
7vHqwFWlb8-1783892075.9447
07-1.0.1.1-z6Np6qsIAoqBbcY
BN8R_nUVPec8Jjx3d1vn_c2KgW
OErv.lQYG1N75Lk5wH00J0J4FNw
vOCylI1xwfftGxQy3Lp7nPtBV
liu_3drFiJ4DrxBqjNmnB5ZsrQB
W0I.DZP8", cookie_expiry_time = 3025-11-12 00:
00:00 UTC, cookie_domain = "x.com", co
okie_path = "/", cookie_crea
tion_time = 2026-07-12 21:34:35.99820533 UTC, c
ookie_last_access_time = 2026-07-12
 21:34:35.99820533 UTC, cooki
e_persistent = False, cooki
e_host_only = False, cooki
e_secure_only = True, cook
ie_http_only = True},Cooki
e {cookie_name = "guest_id
", cookie_value = "v1%3A1
78389207596783160", cookie
_expiry_time = 2028-07-11 
21:34:35.99820533 UTC, co
okie_domain = "x.com", cook
ie_path = "/", cookie_cre
ation_time = 2026-07-12 21:34:35.
99820533 UTC, cookie_last_ac
cess_time = 2026-07-12 21:3
4:35.99820533 UTC, cookie_pe
rsistent = True, cookie_hos
t_only = False, cookie_secu
re_only = True, cookie_http_
only = False},Cookie {cookie
_name = "personalization_id", cookie_v
alue = "v1_9oEGNubLGnvaOQzRf0Ei1g==", cook
ie_expiry_time = 2028-07-11 21:34:35.99820533 UTC, cookie_domain = "x.com", cookie_path = "/", cookie_creation_time = 2026-07
-12 21:34:35.99820533 UTC, cookie_last_access_
time = 2026-07-12 21:34:35.99820
533 UTC, cookie_persistent = T
rue, cookie_host_only = Fals
e, cookie_secure_only = True
, cookie_http_only = False}
,Cookie {cookie_name = "gues
t_id_ads", cookie_value = "v
1%3A178389207596783160", c
ookie_expiry_time = 2028-07-11 21:
34:35.99820533 UTC, cookie_domain = 
"x.com", cookie_path = 
"/", cookie_creation_time = 
2026-07-12 21:34:35.99820533 UTC, cookie_last_ac
cess_time = 2026-07-12 21:34:35
.99820533 UTC, cookie_p
ersistent = True, cookie_
host_only = False, cookie_s
ecure_only = True, cookie_
http_only = False},Cookie {
cookie_name = "guest_id_mar
keting", cookie_value = "v
1%3A178389207596783160", co
okie_expiry_time = 2028-07
-11 21:34:35.99820533 UTC, 
cookie_domain = "x.com", c
ookie_path = "/", cookie_c
reation_time = 2026-07-12 
21:34:35.99820533 UTC, cookie_last_acc
ess_time = 2026-07-12 21:34:35.998
20533 UTC, cookie_persistent = True, cooki
e_host_only = False,
 cookie_secure_only = True, cook
ie_http_only = False},Cookie
 {cookie_name = "__cf_bm", 
cookie_value = "14Iyh446Cb
Gch3HXapC6n1lSL08Ql1Ny4dKpP
ciZM8I-1783892075.803368-1
.0.1.1-tDcqr6w0OTqNwFkN0S
oON0CRqm7sq2CKnPkriczEG_Zf
WMq8676BVZaZjy_5UwKaBziNYo
MPHgi5NWLp9oPpBnEi2aGLeEy
JLj6MSAmGHrNJwR63J5FQCAFr
eDSkjJF5", cookie_expiry_
time = 3025-11-12 00:00:00
 UTC, cookie_domain = "twi
tter.com", cookie_path = 
"/", cookie_creation_time 
= 2026-07-12 21:34:35.8404
06057 UTC, cookie_last_ac
cess_time = 2026-07-12 21
:34:35.840406057 UTC, cook
ie_persistent = False, coo
kie_host_only = False, coo
kie_secure_only = True, coo
kie_http_only = True}]}, responseClose' = Res
ponseClose, respons
eOriginalRequest =
 Request {
  host 
                =
 "publish.x.com"
  port 
                = 443
  
secure               = Tru
e
  requestHeaders       = 
[]
  path                
 = "/oembed"
  queryString
          = "?url=https://
twitter.com/pandoc_tips/sta
tus/1576105972103516160&ali
gn=center"
  method        
       = "GET"
  proxy     
           = Nothing
  rawBody  
            = False
  redirectCount        = 10
  responseTimeout      
= ResponseTimeoutDefault
  requestVersion       = HTTP/1.1
  proxySecureMod
e      = ProxySecureWithConnect
}
,
 responseEarlyHints = []}) "<!
DOCTYPE html>\n<html lang=\"e
n\" class=\"dog\">\n  <head
>\n    <meta http-equiv=\"
Content-Type\" content=\"te
xt/html; charset=utf-8\">\
n    <meta name=\"viewport
\" content=\"width=device-wi
dth, initial-scale=1.0\">
\n    <title>X / ?</title>
\n    <meta name=\"version\"
 content=\"1\">\n    <link h
ref=\"https://abs.
twimg.com/favicons/twitter.3.ico
\" rel=\"shortcut icon\" 
type=\"image/x-icon\
">\n    <link rel=\"styles
heet\" href=\"https://abs.t
wimg.com/errors/fullscreen_errors-047ca1475a6efac7c9
c89a9ff92b7a20.css\">\n  </he
ad>\n  <body dir=\"auto\">
\n    <div class=\"top\">\
n      <svg xmlns=\"http:/
/www.w3.org/2000/svg\" vie
wBox=\"0 0 1519 200\">\n  
      <defs/>\n        <pat
h d=\"M708 103l9-5 13 1 2-2 5 1h8
l1-1 42-5h7l7 3v1l12-2a9368 
9368 0 0129-6l2-5 12 1 6-2
 3 1 2 1v-2l13-2v1l4 2 7-1h1
l17-3 1 2 4-1 18-7 3-1 4-1h
9l13-1 1-4 3-2 13 1v2l22-2
 10-3h6l10 5 16-5 15-3 2-
1 8-4 6-2 12-1 7-2 8 5 7 
1 22-9h7l5-1v-1l25-3 1 2 5
 2v1h11l2 1 8-4h3l-1 1h11
l10-6 6 3 9-1 4-1 1 1 1-2
 6-1 1-1 10-2h2l7-5v1h4l3-
1c11 0 23 2 34-3 2-2 7 0 
10 0l12 1 4 1 9 2 12-1 11-
3 11 1h4l10-6 17 1 2 1c9 
2 19-3 22-11l1
-1 9 1 15-5c3
-1 9 4 9-5 5 0 5 3 5 7l2 3 4-1 4-2 9-4 3-
3h3l8-4 6-3 26 2 7-4h18l7 1c10
 3 13-6 17-12l8 4 3-1 14-3 
15-2a38 38 0 01-5-1l-8-4 7-8 8-4-
10-136-922 71 16 2
05z\"/>\n        <path d=\"M-36 193l9-5
 13 1 2-2 5 1h8l1-1 42-5h7l7 3v1l12-2a9328 9328 0 01
29-6l2-5 12 1 6-2 3 1 2 1v-2l13-2v1l4 2 7-1
h1l17-3 1 2 4-1 18-7 3-1 4-1h9l13-1 1-4 3-2 13 1v2l22-2 10-3h6l10 5 16
-5 15-3 2-1 8-4 6-2 12-1 7-2 8 5 7 1 22-9h7l5-1v-1
l25-3 1 2 5 2v1h11l2 1 8-4h3l-
1 1h9a6 6 0 002 0l10-6 6 3 9-1 4-1a6 6 0 001 1l1-2 6-1 1-1 10-2h2l7-
5v1h4l3-1c11 0 23 2 34-3 2-2 7 0 10 0l12 1 4 1 9 2 12
-1 11-3 11 1h4l10-6 17 1 2 1c9 2 19-3 22-11l1-1 9 1 15-5c
3-1 9 4 9-5 5 0 5 3 5 7l2 3 4-1 4-2 9-4 3-3h3l8-4 6-3 26
 2 7-4h18l7 1c10 3 13-6 17-12l8 4 3-1 14-3 15-2a37 3
7 0 01-5-1l-8-4 7-8 8-4-10-136-922 71 16 205z\"/>
\n      </svg>\n    </div>\n    <div clas
s=\"container\">\n      <d
iv class=\"content\">\n        
<a href=\"https://twitter.com\" title=\"X
 logo\">\n          <svg viewBox=\"0 0 24
 24\" aria-hidden=\"true")
stack traceback:

	...nsions/collapse-social-embe
ds/collapse-social-embed
s.lua:143: in function <...
nsions/collapse-social-embeds/collapse-social-embeds.lua:131>
	[C]: in ?
	[C]: in method 'walk'

	...nsions/collapse-social-embeds/collapse-s
ocial-embeds.lua:242: in functio
n <...nsions/collapse-socia
l-embeds/collapse-social-e
mbeds.lua:236>
	[C]: in ?

	[C]: in method 'walk'
	/
opt/quarto/share/pandoc/
datadir/_utils.lua:607: in function '_utils.wa
lk'
	/opt/quarto/share/filters/ma
in.lua:574: in local 'chec
ked_walk'
	/opt/quarto/
share/filters
/main.lua:6
29: in functio
n 'run_emulated_filter'
	/opt/quarto/share/fi
lters/main.lua:1317: in local 
'callback'
	[string "if pando
c.system.os == "mingw32" th
en..."]:778: in field 'with
ScriptFile'
	/opt/quarto/s
hare/filters/main.lua:1333: in upv
alue 'run_emulated_filter_chain'
	/op
t/quarto/share/filters/main.lua:1371: in functi
on </opt/quarto/share/filters
/main.lua:1368>
stack trac
eback:
	...nsions/collapse
-social-embeds/collapse-so
cial-embeds.lua:242: in 
function <...nsions/colla
pse-social-embeds/colla
pse-social-embeds.lua:23
6>
	[C]: in ?
	[C]: in me
thod 'walk'
	/opt/quart
o/share/pandoc/datadir/_
utils.lua:607: in funct
ion '_utils.walk'
	/opt/qu
arto/share/filters/main.lua:57
4: in local 'check
ed_walk'
	/opt/quarto/share/filters/m
ain.lua:629: in function 'run_emulat
ed_filter'
	/opt/quarto/share/fil
ters/main.lua:1317: in local 'callback'
	[
string "if pandoc.system.os == "mi
ngw32" then..."]:778: in fi
eld 'withScriptFile'
	/opt
/quarto/share/filters/mai
n.lua:1333: in upvalue 'r
un_emulated_filter_chain
'
	/opt/quarto/share/fi
lters/main.lua:1371: in
 function </opt/quarto/s
hare/filters/main.lua:13
68>
stack traceback:

	/opt/quarto/share/pandoc/datadir/_utils.lua:607: in fun
ction '_utils.walk'
	/opt/quarto/share/filters/main
.lua:574: in local 'checked_walk'
	/opt/quarto/share
/filters/main.lua:629: in function 'run_emulated_filter
'
	/opt/quarto/share/filters/main.lua:1317: in lo
cal 'callback'
	[string "if pandoc.system.os == "mingw32"
 then..."]:778: in field 'withScriptFile'
	/opt/quarto/share/fi
lters/main.lua:1333: in upvalue 'run_emulated_filt
er_chain'
	/opt/quarto/share/filters/main.lua:1371: 
in function </opt/quarto/share/filters/main.lua:1368>


(WARN) Error encountered when rendering files

