Cloning into 'repo'...
pandoc 
  to: html
  output-file: example.html
  standalone: true
  section-divs: true
  html-math-method: mathjax
  wrap: none
  default-image-extension: png
  
metadata
  document-css: false
  link-citations: true
  date-format: long
  lang: en
  title: Collapse-social-embeds Example
  author: Shafayet Khan Shafee
  date: last-modified
  
Error running filter /opt/quarto/share/filters/main.lua:
Could not fetch https://publish.twitter.com/oembed?url=https://twitter.com/pandoc_tips/status/1576105972103516160&align=center
HttpExceptionRequest Request {
  host                 = "publish.x.com"
  port                 = 443
  secure               = True
  requestHeaders       = []
  path                 = "/oembed"
  queryString          = "?url=https://twitter.com/pandoc_tips/status/1576105972103516160&align=center"
  method               = "GET"
  proxy                = Nothing
  rawBody              = False
  redirectCount        = 10
  responseTimeout      = ResponseTimeoutDefault
  requestVersion       = HTTP/1.1
  proxySecureMode      = ProxySecureWithConnect
}
 (StatusCodeException (Response {responseStatus = Status {statusCode = 404, statusMessage = "Not Found"}, responseVersion = HTTP/1.1, responseHeaders = [("Date","Wed, 15 Jul 2026 15:05:21 GMT"),("Content-Type","text/html;charset=utf-8"),("Transfer-Encoding","chunked"),("Connection","keep-alive"),("Server","cloudflare envoy"),("Cache-Control","max-age=0, no-cache, no-store"),("x-frame-options","SAMEORIGIN"),("x-xss-protection","0"),("content-disposition","attachment; filename=json.json"),("x-content-type-options","nosniff"),("content-security-policy","default-src 'none'; img-src https://abs.twimg.com; script-src https://abs.twimg.com about:; style-src https://abs.twimg.com 'unsafe-inline'; font-src https://abs.twimg.com https://twitter.com; connect-src 'none'; object-src 'none'; media-src 'none'; frame-src 'none'; report-uri https://twitter.com/i/csp_report?a=ORTGK%3D%3D%3D&ro=false"),("cf-cache-status","DYNAMIC"),("Set-Cookie","guest_id_marketing=v1%3A178412792151689129; Max-Age=63072000; Expires=Fri, 14 Jul 2028 15:05:21 GMT; Path=/; Domain=.x.com; Secure; SameSite=None"),("Set-Cookie","guest_id_ads=v1%3A178412792151689129; Max-Age=63072000; Expires=Fri, 14 Jul 2028 15:05:21 GMT; Path=/; Domain=.x.com; Secure; SameSite=None"),("Set-Cookie","personalization_id=\"v1_00Xr5vC11ChMv8sMK9RxRw==\"; Max-Age=63072000; Expires=Fri, 14 Jul 2028 15:05:21 GMT; Path=/; Domain=.x.com; Secure; SameSite=None"),("Set-Cookie","guest_id=v1%3A178412792151689129; Max-Age=63072000; Expires=Fri, 14 Jul 2028 15:05:21 GMT; Path=/; Domain=.x.com; Secure; SameSite=None"),("set-cookie","__cf_bm=zDHI.BVudhLfxaBKTwHDx5bphgAXZh51QTComcxJa3E-1784127921.4885225-1.0.1.1-jdgFHYrjVtqwgopPlvxnCxdFwrJGNh4a790m4Xuy0Kl.w6CiN.CWWJsGKZ3e.HfROW66kgZGcfdtBOPxdeQG3DPRXK2dQvdu0dNGoO.nfRv5S3RcjpZWTdc8.MckQINP; HttpOnly; Secure; Path=/; Domain=x.com; Expires=Wed, 15 Jul 2026 15:35:21 GMT"),("x-response-time","14"),("origin-cf-ray","a1b9aa354de4ad23-ATL"),("strict-transport-security","max-age=631138519; includeSubdomains"),("x-served-by","t4_a"),("vary","accept-encoding"),("Content-Encoding","gzip"),("CF-RAY","a1b9aa354de4ad23-MSP")], responseBody = (), responseCookieJar = CJ {expose = [Cookie {cookie_name = "__cf_bm", cookie_value = "zDHI.BVudhLfxaBKTwHDx5bphgAXZh51QTComcxJa3E-1784127921.4885225-1.0.1.1-jdgFHYrjVtqwgopPlvxnCxdFwrJGNh4a790m4Xuy0Kl.w6CiN.CWWJsGKZ3e.HfROW66kgZGcfdtBOPxdeQG3DPRXK2dQvdu0dNGoO.nfRv5S3RcjpZWTdc8.MckQINP", cookie_expiry_time = 3025-11-15 00:00:00 UTC, cookie_domain = "x.com", cookie_path = "/", cookie_creation_time = 2026-07-15 15:05:21.551634237 UTC, cookie_last_access_time = 2026-07-15 15:05:21.551634237 UTC, cookie_persistent = False, cookie_host_only = False, cookie_secure_only = True, cookie_http_only = True},Cookie {cookie_name = "guest_id", cookie_value = "v1%3A178412792151689129", cookie_expiry_time = 2028-07-14 15:05:21.551634237 UTC, cookie_domain = "x.com", cookie_path = "/", cookie_creation_time = 2026-07-15 15:05:21.551634237 UTC, cookie_last_access_time = 2026-07-15 15:05:21.551634237 UTC, cookie_persistent = True, cookie_host_only = False, cookie_secure_only = True, cookie_http_only = False},Cookie {cookie_name = "personalization_id", cookie_value = "v1_00Xr5vC11ChMv8sMK9RxRw==", cookie_expiry_time = 2028-07-14 15:05:21.551634237 UTC, cookie_domain = "x.com", cookie_path = "/", cookie_creation_time = 2026-07-15 15:05:21.551634237 UTC, cookie_last_access_time = 2026-07-15 15:05:21.551634237 UTC, cookie_persistent = True, cookie_host_only = False, cookie_secure_only = True, cookie_http_only = False},Cookie {cookie_name = "guest_id_ads", cookie_value = "v1%3A178412792151689129", cookie_expiry_time = 2028-07-14 15:05:21.551634237 UTC, cookie_domain = "x.com", cookie_path = "/", cookie_creation_time = 2026-07-15 15:05:21.551634237 UTC, cookie_last_access_time = 2026-07-15 15:05:21.551634237 UTC, cookie_persistent = True, cookie_host_only = False, cookie_secure_only = True, cookie_http_only = False},Cookie {cookie_name = "guest_id_marketing", cookie_value = "v1%3A178412792151689129", cookie_expiry_time = 2028-07-14 15:05:21.551634237 UTC, cookie_domain = "x.com", cookie_path = "/", cookie_creation_time = 2026-07-15 15:05:21.551634237 UTC, cookie_last_access_time = 2026-07-15 15:05:21.551634237 UTC, cookie_persistent = True, cookie_host_only = False, cookie_secure_only = True, cookie_http_only = False},Cookie {cookie_name = "__cf_bm", cookie_value = "sUaHq6BH9fEcYq41UxdSNJjREbR14DQdkJD2ApBhykw-1784127921.3325698-1.0.1.1-xsUUnKvHLCmYdgRMS4Ffd3NslSE9xVHz64r4PNSrmJoh0_eJB4KvQU7MS2lzCj_IjVp5jcWrsYDlctnwYd0yJuRjE9pBsn45tY2YmF6PAiniDsw7RfBCL3NyIj7VeeMC", cookie_expiry_time = 3025-11-15 00:00:00 UTC, cookie_domain = "twitter.com", cookie_path = "/", cookie_creation_time = 2026-07-15 15:05:21.377961665 UTC, cookie_last_access_time = 2026-07-15 15:05:21.377961665 UTC, cookie_persistent = False, cookie_host_only = False, cookie_secure_only = True, cookie_http_only = True}]}, responseClose' = ResponseClose, responseOriginalRequest = Request {
  host                 = "publish.x.com"
  port                 = 443
  secure               = True
  requestHeaders       = []
  path                 = "/oembed"
  queryString          = "?url=https://twitter.com/pandoc_tips/status/1576105972103516160&align=center"
  method               = "GET"
  proxy                = Nothing
  rawBody              = False
  redirectCount        = 10
  responseTimeout      = ResponseTimeoutDefault
  requestVersion       = HTTP/1.1
  proxySecureMode      = ProxySecureWithConnect
}
, responseEarlyHints = []}) "<!DOCTYPE html>\n<html lang=\"en\" class=\"dog\">\n  <head>\n    <meta http-equiv=\"Content-Type\" content=\"text/html; charset=utf-8\">\n    <meta name=\"viewport\" content=\"width=device-width, initial-scale=1.0\">\n    <title>X / ?</title>\n    <meta name=\"version\" content=\"1\">\n    <link href=\"https://abs.twimg.com/favicons/twitter.3.ico\" rel=\"shortcut icon\" type=\"image/x-icon\">\n    <link rel=\"stylesheet\" href=\"https://abs.twimg.com/errors/fullscreen_errors-047ca1475a6efac7c9c89a9ff92b7a20.css\">\n  </head>\n  <body dir=\"auto\">\n    <div class=\"top\">\n      <svg xmlns=\"http://www.w3.org/2000/svg\" viewBox=\"0 0 1519 200\">\n        <defs/>\n        <path d=\"M708 103l9-5 13 1 2-2 5 1h8l1-1 42-5h7l7 3v1l12-2a9368 9368 0 0129-6l2-5 12 1 6-2 3 1 2 1v-2l13-2v1l4 2 7-1h1l17-3 1 2 4-1 18-7 3-1 4-1h9l13-1 1-4 3-2 13 1v2l22-2 10-3h6l10 5 16-5 15-3 2-1 8-4 6-2 12-1 7-2 8 5 7 1 22-9h7l5-1v-1l25-3 1 2 5 2v1h11l2 1 8-4h3l-1 1h11l10-6 6 3 9-1 4-1 1 1 1-2 6-1 1-1 10-2h2l7-5v1h4l3-1c11 0 23 2 34-3 2-2 7 0 10 0l12 1 4 1 9 2 12-1 11-3 11 1h4l10-6 17 1 2 1c9 2 19-3 22-11l1-1 9 1 15-5c3-1 9 4 9-5 5 0 5 3 5 7l2 3 4-1 4-2 9-4 3-3h3l8-4 6-3 26 2 7-4h18l7 1c10 3 13-6 17-12l8 4 3-1 14-3 15-2a38 38 0 01-5-1l-8-4 7-8 8-4-10-136-922 71 16 205z\"/>\n        <path d=\"M-36 193l9-5 13 1 2-2 5 1h8l1-1 42-5h7l7 3v1l12-2a9328 9328 0 0129-6l2-5 12 1 6-2 3 1 2 1v-2l13-2v1l4 2 7-1h1l17-3 1 2 4-1 18-7 3-1 4-1h9l13-1 1-4 3-2 13 1v2l22-2 10-3h6l10 5 16-5 15-3 2-1 8-4 6-2 12-1 7-2 8 5 7 1 22-9h7l5-1v-1l25-3 1 2 5 2v1h11l2 1 8-4h3l-1 1h9a6 6 0 002 0l10-6 6 3 9-1 4-1a6 6 0 001 1l1-2 6-1 1-1 10-2h2l7-5v1h4l3-1c11 0 23 2 34-3 2-2 7 0 10 0l12 1 4 1 9 2 12-1 11-3 11 1h4l10-6 17 1 2 1c9 2 19-3 22-11l1-1 9 1 15-5c3-1 9 4 9-5 5 0 5 3 5 7l2 3 4-1 4-2 9-4 3-3h3l8-4 6-3 26 2 7-4h18l7 1c10 3 13-6 17-12l8 4 3-1 14-3 15-2a37 37 0 01-5-1l-8-4 7-8 8-4-10-136-922 71 16 205z\"/>\n      </svg>\n    </div>\n    <div class=\"container\">\n      <div class=\"content\">\n        <a href=\"https://twitter.com\" title=\"X logo\">\n          <svg viewBox=\"0 0 24 24\" aria-hidden=\"true")
stack traceback:
	...nsions/collapse-social-embeds/collapse-social-embeds.lua:143: in function <...nsions/collapse-social-embeds/collapse-social-embeds.lua:131>
	[C]: in ?
	[C]: in method 'walk'
	...nsions/collapse-social-embeds/collapse-social-embeds.lua:242: in function <...nsions/collapse-social-embeds/collapse-social-embeds.lua:236>
	[C]: in ?
	[C]: in method 'walk'
	/opt/quarto/share/pandoc/datadir/_utils.lua:607: in function '_utils.walk'
	/opt/quarto/share/filters/main.lua:574: in local 'checked_walk'
	/opt/quarto/share/filters/main.lua:629: in function 'run_emulated_filter'
	/opt/quarto/share/filters/main.lua:1317: in local 'callback'
	[string "if pandoc.system.os == "mingw32" then..."]:778: in field 'withScriptFile'
	/opt/quarto/share/filters/main.lua:1333: in upvalue 'run_emulated_filter_chain'
	/opt/quarto/share/filters/main.lua:1371: in function </opt/quarto/share/filters/main.lua:1368>
stack traceback:
	...nsions/collapse-social-embeds/collapse-social-embeds.lua:242: in function <...nsions/collapse-social-embeds/collapse-social-embeds.lua:236>
	[C]: in ?
	[C]: in method 'walk'
	/opt/quarto/share/pandoc/datadir/_utils.lua:607: in function '_utils.walk'
	/opt/quarto/share/filters/main.lua:574: in local 'checked_walk'
	/opt/quarto/share/filters/main.lua:629: in function 'run_emulated_filter'
	/opt/quarto/share/filters/main.lua:1317: in local 'callback'
	[string "if pandoc.system.os == "mingw32" then..."]:778: in field 'withScriptFile'
	/opt/quarto/share/filters/main.lua:1333: in upvalue 'run_emulated_filter_chain'
	/opt/quarto/share/filters/main.lua:1371: in function </opt/quarto/share/filters/main.lua:1368>
stack traceback:
	/opt/quarto/share/pandoc/datadir/_utils.lua:607: in function '_utils.walk'
	/opt/quarto/share/filters/main.lua:574: in local 'checked_walk'
	/opt/quarto/share/filters/main.lua:629: in function 'run_emulated_filter'
	/opt/quarto/share/filters/main.lua:1317: in local 'callback'
	[string "if pandoc.system.os == "mingw32" then..."]:778: in field 'withScriptFile'
	/opt/quarto/share/filters/main.lua:1333: in upvalue 'run_emulated_filter_chain'
	/opt/quarto/share/filters/main.lua:1371: in function </opt/quarto/share/filters/main.lua:1368>
WARN: Error encountered when rendering files
Render failed, retrying once...
pandoc 
  to: html
  output-file: example.html
  standalone: true
  section-divs: true
  html-math-method: mathjax
  wrap: none
  default-image-extension: png
  
metadata
  document-css: false
  link-citations: true
  date-format: long
  lang: en
  title: Collapse-social-embeds Example
  author: Shafayet Khan Shafee
  date: last-modified
  
Error running filter /opt/quarto/share/filters/main.lua:
Could not fetch https://publish.twitter.com/oembed?url=https://twitter.com/pandoc_tips/status/1576105972103516160&align=center
HttpExceptionRequest Request {
  host                 = "publish.x.com"
  port                 = 443
  secure               = True
  requestHeaders       = []
  path                 = "/oembed"
  queryString          = "?url=https://twitter.com/pandoc_tips/status/1576105972103516160&align=center"
  method               = "GET"
  proxy                = Nothing
  rawBody              = False
  redirectCount        = 10
  responseTimeout      = ResponseTimeoutDefault
  requestVersion       = HTTP/1.1
  proxySecureMode      = ProxySecureWithConnect
}
 (StatusCodeException (Response {responseStatus = Status {statusCode = 404, statusMessage = "Not Found"}, responseVersion = HTTP/1.1, responseHeaders = [("Date","Wed, 15 Jul 2026 15:05:24 GMT"),("Content-Type","text/html;charset=utf-8"),("Transfer-Encoding","chunked"),("Connection","keep-alive"),("Server","cloudflare envoy"),("Cache-Control","max-age=0, no-cache, no-store"),("x-frame-options","SAMEORIGIN"),("x-xss-protection","0"),("content-disposition","attachment; filename=json.json"),("x-content-type-options","nosniff"),("content-security-policy","default-src 'none'; img-src https://abs.twimg.com; script-src https://abs.twimg.com about:; style-src https://abs.twimg.com 'unsafe-inline'; font-src https://abs.twimg.com https://twitter.com; connect-src 'none'; object-src 'none'; media-src 'none'; frame-src 'none'; report-uri https://twitter.com/i/csp_report?a=ORTGK%3D%3D%3D&ro=false"),("cf-cache-status","DYNAMIC"),("Set-Cookie","guest_id_marketing=v1%3A178412792477278492; Max-Age=63072000; Expires=Fri, 14 Jul 2028 15:05:24 GMT; Path=/; Domain=.x.com; Secure; SameSite=None"),("Set-Cookie","guest_id_ads=v1%3A178412792477278492; Max-Age=63072000; Expires=Fri, 14 Jul 2028 15:05:24 GMT; Path=/; Domain=.x.com; Secure; SameSite=None"),("Set-Cookie","personalization_id=\"v1_egQ4+Md0Aw8X228dpsrW1Q==\"; Max-Age=63072000; Expires=Fri, 14 Jul 2028 15:05:24 GMT; Path=/; Domain=.x.com; Secure; SameSite=None"),("Set-Cookie","guest_id=v1%3A178412792477278492; Max-Age=63072000; Expires=Fri, 14 Jul 2028 15:05:24 GMT; Path=/; Domain=.x.com; Secure; SameSite=None"),("set-cookie","__cf_bm=NaGcmFrjs1YFqiIeON3m9K0MaH1i41RnX0I6sd2Tnik-1784127924.74461-1.0.1.1-rQcBoI6jKT8pAKIAAVAkjpsQgNM8uOH8PlU.b4loEUKzrdKtQvT6_xQbnVUii1owuaohBXiIh7ltONElhQowqKTNIpbE_SmciG943iD6lKjw4Aqyni1V8YD_ZSL1lqgW; HttpOnly; Secure; Path=/; Domain=x.com; Expires=Wed, 15 Jul 2026 15:35:24 GMT"),("x-response-time","12"),("origin-cf-ray","a1b9aa49ad68a1dd-ATL"),("strict-transport-security","max-age=631138519; includeSubdomains"),("x-served-by","t4_a"),("vary","accept-encoding"),("Content-Encoding","gzip"),("CF-RAY","a1b9aa49ad68a1dd-MSP")], responseBody = (), responseCookieJar = CJ {expose = [Cookie {cookie_name = "__cf_bm", cookie_value = "NaGcmFrjs1YFqiIeON3m9K0MaH1i41RnX0I6sd2Tnik-1784127924.74461-1.0.1.1-rQcBoI6jKT8pAKIAAVAkjpsQgNM8uOH8PlU.b4loEUKzrdKtQvT6_xQbnVUii1owuaohBXiIh7ltONElhQowqKTNIpbE_SmciG943iD6lKjw4Aqyni1V8YD_ZSL1lqgW", cookie_expiry_time = 3025-11-15 00:00:00 UTC, cookie_domain = "x.com", cookie_path = "/", cookie_creation_time = 2026-07-15 15:05:24.798793309 UTC, cookie_last_access_time = 2026-07-15 15:05:24.798793309 UTC, cookie_persistent = False, cookie_host_only = False, cookie_secure_only = True, cookie_http_only = True},Cookie {cookie_name = "guest_id", cookie_value = "v1%3A178412792477278492", cookie_expiry_time = 2028-07-14 15:05:24.798793309 UTC, cookie_domain = "x.com", cookie_path = "/", cookie_creation_time = 2026-07-15 15:05:24.798793309 UTC, cookie_last_access_time = 2026-07-15 15:05:24.798793309 UTC, cookie_persistent = True, cookie_host_only = False, cookie_secure_only = True, cookie_http_only = False},Cookie {cookie_name = "personalization_id", cookie_value = "v1_egQ4+Md0Aw8X228dpsrW1Q==", cookie_expiry_time = 2028-07-14 15:05:24.798793309 UTC, cookie_domain = "x.com", cookie_path = "/", cookie_creation_time = 2026-07-15 15:05:24.798793309 UTC, cookie_last_access_time = 2026-07-15 15:05:24.798793309 UTC, cookie_persistent = True, cookie_host_only = False, cookie_secure_only = True, cookie_http_only = False},Cookie {cookie_name = "guest_id_ads", cookie_value = "v1%3A178412792477278492", cookie_expiry_time = 2028-07-14 15:05:24.798793309 UTC, cookie_domain = "x.com", cookie_path = "/", cookie_creation_time = 2026-07-15 15:05:24.798793309 UTC, cookie_last_access_time = 2026-07-15 15:05:24.798793309 UTC, cookie_persistent = True, cookie_host_only = False, cookie_secure_only = True, cookie_http_only = False},Cookie {cookie_name = "guest_id_marketing", cookie_value = "v1%3A178412792477278492", cookie_expiry_time = 2028-07-14 15:05:24.798793309 UTC, cookie_domain = "x.com", cookie_path = "/", cookie_creation_time = 2026-07-15 15:05:24.798793309 UTC, cookie_last_access_time = 2026-07-15 15:05:24.798793309 UTC, cookie_persistent = True, cookie_host_only = False, cookie_secure_only = True, cookie_http_only = False},Cookie {cookie_name = "__cf_bm", cookie_value = "kv0GnSHVrAjpP5_bP4DNL7AWyp_j.odTWZfFYNbb8o0-1784127924.59418-1.0.1.1-JxZCGDdxosWzCtz4NfjH_nMKjiZK_4uz69KNw1IWMdWBc6EpCLl0gQt_mis66ndiNBsOn_j9hW.H2d7iXjbzqhR5zcX1ITvg8Orpr_uWDoH7dvvW6PqV2VZOAHOM0WGK", cookie_expiry_time = 3025-11-15 00:00:00 UTC, cookie_domain = "twitter.com", cookie_path = "/", cookie_creation_time = 2026-07-15 15:05:24.639756534 UTC, cookie_last_access_time = 2026-07-15 15:05:24.639756534 UTC, cookie_persistent = False, cookie_host_only = False, cookie_secure_only = True, cookie_http_only = True}]}, responseClose' = ResponseClose, responseOriginalRequest = Request {
  host                 = "publish.x.com"
  port                 = 443
  secure               = True
  requestHeaders       = []
  path                 = "/oembed"
  queryString          = "?url=https://twitter.com/pandoc_tips/status/1576105972103516160&align=center"
  method               = "GET"
  proxy                = Nothing
  rawBody              = False
  redirectCount        = 10
  responseTimeout      = ResponseTimeoutDefault
  requestVersion       = HTTP/1.1
  proxySecureMode      = ProxySecureWithConnect
}
, responseEarlyHints = []}) "<!DOCTYPE html>\n<html lang=\"en\" class=\"dog\">\n  <head>\n    <meta http-equiv=\"Content-Type\" content=\"text/html; charset=utf-8\">\n    <meta name=\"viewport\" content=\"width=device-width, initial-scale=1.0\">\n    <title>X / ?</title>\n    <meta name=\"version\" content=\"1\">\n    <link href=\"https://abs.twimg.com/favicons/twitter.3.ico\" rel=\"shortcut icon\" type=\"image/x-icon\">\n    <link rel=\"stylesheet\" href=\"https://abs.twimg.com/errors/fullscreen_errors-047ca1475a6efac7c9c89a9ff92b7a20.css\">\n  </head>\n  <body dir=\"auto\">\n    <div class=\"top\">\n      <svg xmlns=\"http://www.w3.org/2000/svg\" viewBox=\"0 0 1519 200\">\n        <defs/>\n        <path d=\"M708 103l9-5 13 1 2-2 5 1h8l1-1 42-5h7l7 3v1l12-2a9368 9368 0 0129-6l2-5 12 1 6-2 3 1 2 1v-2l13-2v1l4 2 7-1h1l17-3 1 2 4-1 18-7 3-1 4-1h9l13-1 1-4 3-2 13 1v2l22-2 10-3h6l10 5 16-5 15-3 2-1 8-4 6-2 12-1 7-2 8 5 7 1 22-9h7l5-1v-1l25-3 1 2 5 2v1h11l2 1 8-4h3l-1 1h11l10-6 6 3 9-1 4-1 1 1 1-2 6-1 1-1 10-2h2l7-5v1h4l3-1c11 0 23 2 34-3 2-2 7 0 10 0l12 1 4 1 9 2 12-1 11-3 11 1h4l10-6 17 1 2 1c9 2 19-3 22-11l1-1 9 1 15-5c3-1 9 4 9-5 5 0 5 3 5 7l2 3 4-1 4-2 9-4 3-3h3l8-4 6-3 26 2 7-4h18l7 1c10 3 13-6 17-12l8 4 3-1 14-3 15-2a38 38 0 01-5-1l-8-4 7-8 8-4-10-136-922 71 16 205z\"/>\n        <path d=\"M-36 193l9-5 13 1 2-2 5 1h8l1-1 42-5h7l7 3v1l12-2a9328 9328 0 0129-6l2-5 12 1 6-2 3 1 2 1v-2l13-2v1l4 2 7-1h1l17-3 1 2 4-1 18-7 3-1 4-1h9l13-1 1-4 3-2 13 1v2l22-2 10-3h6l10 5 16-5 15-3 2-1 8-4 6-2 12-1 7-2 8 5 7 1 22-9h7l5-1v-1l25-3 1 2 5 2v1h11l2 1 8-4h3l-1 1h9a6 6 0 002 0l10-6 6 3 9-1 4-1a6 6 0 001 1l1-2 6-1 1-1 10-2h2l7-5v1h4l3-1c11 0 23 2 34-3 2-2 7 0 10 0l12 1 4 1 9 2 12-1 11-3 11 1h4l10-6 17 1 2 1c9 2 19-3 22-11l1-1 9 1 15-5c3-1 9 4 9-5 5 0 5 3 5 7l2 3 4-1 4-2 9-4 3-3h3l8-4 6-3 26 2 7-4h18l7 1c10 3 13-6 17-12l8 4 3-1 14-3 15-2a37 37 0 01-5-1l-8-4 7-8 8-4-10-136-922 71 16 205z\"/>\n      </svg>\n    </div>\n    <div class=\"container\">\n      <div class=\"content\">\n        <a href=\"https://twitter.com\" title=\"X logo\">\n          <svg viewBox=\"0 0 24 24\" aria-hidden=\"true\" class=\"")
stack traceback:
	...nsions/collapse-social-embeds/collapse-social-embeds.lua:143: in function <...nsions/collapse-social-embeds/collapse-social-embeds.lua:131>
	[C]: in ?
	[C]: in method 'walk'
	...nsions/collapse-social-embeds/collapse-social-embeds.lua:242: in function <...nsions/collapse-social-embeds/collapse-social-embeds.lua:236>
	[C]: in ?
	[C]: in method 'walk'
	/opt/quarto/share/pandoc/datadir/_utils.lua:607: in function '_utils.walk'
	/opt/quarto/share/filters/main.lua:574: in local 'checked_walk'
	/opt/quarto/share/filters/main.lua:629: in function 'run_emulated_filter'
	/opt/quarto/share/filters/main.lua:1317: in local 'callback'
	[string "if pandoc.system.os == "mingw32" then..."]:778: in field 'withScriptFile'
	/opt/quarto/share/filters/main.lua:1333: in upvalue 'run_emulated_filter_chain'
	/opt/quarto/share/filters/main.lua:1371: in function </opt/quarto/share/filters/main.lua:1368>
stack traceback:
	...nsions/collapse-social-embeds/collapse-social-embeds.lua:242: in function <...nsions/collapse-social-embeds/collapse-social-embeds.lua:236>
	[C]: in ?
	[C]: in method 'walk'
	/opt/quarto/share/pandoc/datadir/_utils.lua:607: in function '_utils.walk'
	/opt/quarto/share/filters/main.lua:574: in local 'checked_walk'
	/opt/quarto/share/filters/main.lua:629: in function 'run_emulated_filter'
	/opt/quarto/share/filters/main.lua:1317: in local 'callback'
	[string "if pandoc.system.os == "mingw32" then..."]:778: in field 'withScriptFile'
	/opt/quarto/share/filters/main.lua:1333: in upvalue 'run_emulated_filter_chain'
	/opt/quarto/share/filters/main.lua:1371: in function </opt/quarto/share/filters/main.lua:1368>
stack traceback:
	/opt/quarto/share/pandoc/datadir/_utils.lua:607: in function '_utils.walk'
	/opt/quarto/share/filters/main.lua:574: in local 'checked_walk'
	/opt/quarto/share/filters/main.lua:629: in function 'run_emulated_filter'
	/opt/quarto/share/filters/main.lua:1317: in local 'callback'
	[string "if pandoc.system.os == "mingw32" then..."]:778: in field 'withScriptFile'
	/opt/quarto/share/filters/main.lua:1333: in upvalue 'run_emulated_filter_chain'
	/opt/quarto/share/filters/main.lua:1371: in function </opt/quarto/share/filters/main.lua:1368>
WARN: Error encountered when rendering files
